[0.108s] DEBUG:colcon:Command line arguments: ['/usr/bin/colcon', 'build', '--symlink-install']
[0.108s] DEBUG:colcon:Parsed command line arguments: Namespace(log_base=None, log_level=None, verb_name='build', build_base='build', install_base='install', merge_install=False, symlink_install=True, test_result_base=None, continue_on_error=False, executor='parallel', parallel_workers=16, event_handlers=None, ignore_user_meta=False, metas=['./colcon.meta'], base_paths=['.'], packages_ignore=None, packages_ignore_regex=None, paths=None, packages_up_to=None, packages_up_to_regex=None, packages_above=None, packages_above_and_dependencies=None, packages_above_depth=None, packages_select_by_dep=None, packages_skip_by_dep=None, packages_skip_up_to=None, packages_select_build_failed=False, packages_skip_build_finished=False, packages_select_test_failures=False, packages_skip_test_passed=False, packages_select=None, packages_skip=None, packages_select_regex=None, packages_skip_regex=None, packages_start=None, packages_end=None, cmake_args=None, cmake_target=None, cmake_target_skip_unavailable=False, cmake_clean_cache=False, cmake_clean_first=False, cmake_force_configure=False, ament_cmake_args=None, catkin_cmake_args=None, catkin_skip_building_tests=False, mixin_files=None, mixin=None, verb_parser=<colcon_mixin.mixin.mixin_argument.MixinArgumentDecorator object at 0x7b8274467340>, verb_extension=<colcon_core.verb.build.BuildVerb object at 0x7b82744669b0>, main=<bound method BuildVerb.main of <colcon_core.verb.build.BuildVerb object at 0x7b82744669b0>>, mixin_verb=('build',))
[0.308s] Level 1:colcon.colcon_core.package_discovery:discover_packages(colcon_meta) check parameters
[0.308s] Level 1:colcon.colcon_core.package_discovery:discover_packages(recursive) check parameters
[0.308s] Level 1:colcon.colcon_core.package_discovery:discover_packages(ignore) check parameters
[0.308s] Level 1:colcon.colcon_core.package_discovery:discover_packages(path) check parameters
[0.308s] Level 1:colcon.colcon_core.package_discovery:discover_packages(colcon_meta) discover
[0.309s] Level 1:colcon.colcon_core.package_discovery:discover_packages(recursive) discover
[0.309s] INFO:colcon.colcon_core.package_discovery:Crawling recursively for packages in '/home/masterthesis/kaixi_crospi_ws'
[0.309s] Level 1:colcon.colcon_core.package_identification:_identify(.) by extensions ['ignore', 'ignore_ament_install']
[0.309s] Level 1:colcon.colcon_core.package_identification:_identify(.) by extension 'ignore'
[0.309s] Level 1:colcon.colcon_core.package_identification:_identify(.) by extension 'ignore_ament_install'
[0.309s] Level 1:colcon.colcon_core.package_identification:_identify(.) by extensions ['colcon_pkg']
[0.309s] Level 1:colcon.colcon_core.package_identification:_identify(.) by extension 'colcon_pkg'
[0.309s] Level 1:colcon.colcon_core.package_identification:_identify(.) by extensions ['colcon_meta']
[0.309s] Level 1:colcon.colcon_core.package_identification:_identify(.) by extension 'colcon_meta'
[0.309s] Level 1:colcon.colcon_core.package_identification:_identify(.) by extensions ['ros']
[0.309s] Level 1:colcon.colcon_core.package_identification:_identify(.) by extension 'ros'
[0.341s] Level 1:colcon.colcon_core.package_identification:_identify(.) by extensions ['cmake', 'python']
[0.342s] Level 1:colcon.colcon_core.package_identification:_identify(.) by extension 'cmake'
[0.342s] Level 1:colcon.colcon_core.package_identification:_identify(.) by extension 'python'
[0.342s] Level 1:colcon.colcon_core.package_identification:_identify(.) by extensions ['python_setup_py']
[0.342s] Level 1:colcon.colcon_core.package_identification:_identify(.) by extension 'python_setup_py'
[0.342s] Level 1:colcon.colcon_core.package_identification:_identify(build) by extensions ['ignore', 'ignore_ament_install']
[0.342s] Level 1:colcon.colcon_core.package_identification:_identify(build) by extension 'ignore'
[0.342s] Level 1:colcon.colcon_core.package_identification:_identify(build) ignored
[0.342s] Level 1:colcon.colcon_core.package_identification:_identify(install) by extensions ['ignore', 'ignore_ament_install']
[0.342s] Level 1:colcon.colcon_core.package_identification:_identify(install) by extension 'ignore'
[0.342s] Level 1:colcon.colcon_core.package_identification:_identify(install) ignored
[0.342s] Level 1:colcon.colcon_core.package_identification:_identify(log) by extensions ['ignore', 'ignore_ament_install']
[0.342s] Level 1:colcon.colcon_core.package_identification:_identify(log) by extension 'ignore'
[0.342s] Level 1:colcon.colcon_core.package_identification:_identify(log) ignored
[0.342s] Level 1:colcon.colcon_core.package_identification:_identify(src) by extensions ['ignore', 'ignore_ament_install']
[0.342s] Level 1:colcon.colcon_core.package_identification:_identify(src) by extension 'ignore'
[0.342s] Level 1:colcon.colcon_core.package_identification:_identify(src) by extension 'ignore_ament_install'
[0.342s] Level 1:colcon.colcon_core.package_identification:_identify(src) by extensions ['colcon_pkg']
[0.343s] Level 1:colcon.colcon_core.package_identification:_identify(src) by extension 'colcon_pkg'
[0.343s] Level 1:colcon.colcon_core.package_identification:_identify(src) by extensions ['colcon_meta']
[0.343s] Level 1:colcon.colcon_core.package_identification:_identify(src) by extension 'colcon_meta'
[0.343s] Level 1:colcon.colcon_core.package_identification:_identify(src) by extensions ['ros']
[0.343s] Level 1:colcon.colcon_core.package_identification:_identify(src) by extension 'ros'
[0.343s] Level 1:colcon.colcon_core.package_identification:_identify(src) by extensions ['cmake', 'python']
[0.343s] Level 1:colcon.colcon_core.package_identification:_identify(src) by extension 'cmake'
[0.343s] Level 1:colcon.colcon_core.package_identification:_identify(src) by extension 'python'
[0.343s] Level 1:colcon.colcon_core.package_identification:_identify(src) by extensions ['python_setup_py']
[0.343s] Level 1:colcon.colcon_core.package_identification:_identify(src) by extension 'python_setup_py'
[0.343s] Level 1:colcon.colcon_core.package_identification:_identify(src/crospi_application_template) by extensions ['ignore', 'ignore_ament_install']
[0.343s] Level 1:colcon.colcon_core.package_identification:_identify(src/crospi_application_template) by extension 'ignore'
[0.343s] Level 1:colcon.colcon_core.package_identification:_identify(src/crospi_application_template) by extension 'ignore_ament_install'
[0.343s] Level 1:colcon.colcon_core.package_identification:_identify(src/crospi_application_template) by extensions ['colcon_pkg']
[0.343s] Level 1:colcon.colcon_core.package_identification:_identify(src/crospi_application_template) by extension 'colcon_pkg'
[0.343s] Level 1:colcon.colcon_core.package_identification:_identify(src/crospi_application_template) by extensions ['colcon_meta']
[0.343s] Level 1:colcon.colcon_core.package_identification:_identify(src/crospi_application_template) by extension 'colcon_meta'
[0.343s] Level 1:colcon.colcon_core.package_identification:_identify(src/crospi_application_template) by extensions ['ros']
[0.343s] Level 1:colcon.colcon_core.package_identification:_identify(src/crospi_application_template) by extension 'ros'
[0.345s] DEBUG:colcon.colcon_core.package_identification:Package 'src/crospi_application_template' with type 'ros.ament_cmake' and name 'crospi_application_template'
[0.345s] Level 1:colcon.colcon_core.package_identification:_identify(src/robot_drivers) by extensions ['ignore', 'ignore_ament_install']
[0.345s] Level 1:colcon.colcon_core.package_identification:_identify(src/robot_drivers) by extension 'ignore'
[0.346s] Level 1:colcon.colcon_core.package_identification:_identify(src/robot_drivers) by extension 'ignore_ament_install'
[0.346s] Level 1:colcon.colcon_core.package_identification:_identify(src/robot_drivers) by extensions ['colcon_pkg']
[0.346s] Level 1:colcon.colcon_core.package_identification:_identify(src/robot_drivers) by extension 'colcon_pkg'
[0.346s] Level 1:colcon.colcon_core.package_identification:_identify(src/robot_drivers) by extensions ['colcon_meta']
[0.346s] Level 1:colcon.colcon_core.package_identification:_identify(src/robot_drivers) by extension 'colcon_meta'
[0.346s] Level 1:colcon.colcon_core.package_identification:_identify(src/robot_drivers) by extensions ['ros']
[0.346s] Level 1:colcon.colcon_core.package_identification:_identify(src/robot_drivers) by extension 'ros'
[0.346s] Level 1:colcon.colcon_core.package_identification:_identify(src/robot_drivers) by extensions ['cmake', 'python']
[0.346s] Level 1:colcon.colcon_core.package_identification:_identify(src/robot_drivers) by extension 'cmake'
[0.346s] Level 1:colcon.colcon_core.package_identification:_identify(src/robot_drivers) by extension 'python'
[0.346s] Level 1:colcon.colcon_core.package_identification:_identify(src/robot_drivers) by extensions ['python_setup_py']
[0.346s] Level 1:colcon.colcon_core.package_identification:_identify(src/robot_drivers) by extension 'python_setup_py'
[0.346s] Level 1:colcon.colcon_core.package_identification:_identify(src/robot_drivers/trossen_widowx_driver_crospi) by extensions ['ignore', 'ignore_ament_install']
[0.346s] Level 1:colcon.colcon_core.package_identification:_identify(src/robot_drivers/trossen_widowx_driver_crospi) by extension 'ignore'
[0.346s] Level 1:colcon.colcon_core.package_identification:_identify(src/robot_drivers/trossen_widowx_driver_crospi) by extension 'ignore_ament_install'
[0.346s] Level 1:colcon.colcon_core.package_identification:_identify(src/robot_drivers/trossen_widowx_driver_crospi) by extensions ['colcon_pkg']
[0.346s] Level 1:colcon.colcon_core.package_identification:_identify(src/robot_drivers/trossen_widowx_driver_crospi) by extension 'colcon_pkg'
[0.346s] Level 1:colcon.colcon_core.package_identification:_identify(src/robot_drivers/trossen_widowx_driver_crospi) by extensions ['colcon_meta']
[0.346s] Level 1:colcon.colcon_core.package_identification:_identify(src/robot_drivers/trossen_widowx_driver_crospi) by extension 'colcon_meta'
[0.346s] Level 1:colcon.colcon_core.package_identification:_identify(src/robot_drivers/trossen_widowx_driver_crospi) by extensions ['ros']
[0.346s] Level 1:colcon.colcon_core.package_identification:_identify(src/robot_drivers/trossen_widowx_driver_crospi) by extension 'ros'
[0.347s] DEBUG:colcon.colcon_core.package_identification:Package 'src/robot_drivers/trossen_widowx_driver_crospi' with type 'ros.ament_cmake' and name 'trossen_widowx_driver_crospi'
[0.347s] Level 1:colcon.colcon_core.package_identification:_identify(src/trossen_arm_description) by extensions ['ignore', 'ignore_ament_install']
[0.347s] Level 1:colcon.colcon_core.package_identification:_identify(src/trossen_arm_description) by extension 'ignore'
[0.347s] Level 1:colcon.colcon_core.package_identification:_identify(src/trossen_arm_description) by extension 'ignore_ament_install'
[0.347s] Level 1:colcon.colcon_core.package_identification:_identify(src/trossen_arm_description) by extensions ['colcon_pkg']
[0.347s] Level 1:colcon.colcon_core.package_identification:_identify(src/trossen_arm_description) by extension 'colcon_pkg'
[0.347s] Level 1:colcon.colcon_core.package_identification:_identify(src/trossen_arm_description) by extensions ['colcon_meta']
[0.347s] Level 1:colcon.colcon_core.package_identification:_identify(src/trossen_arm_description) by extension 'colcon_meta'
[0.347s] Level 1:colcon.colcon_core.package_identification:_identify(src/trossen_arm_description) by extensions ['ros']
[0.348s] Level 1:colcon.colcon_core.package_identification:_identify(src/trossen_arm_description) by extension 'ros'
[0.348s] DEBUG:colcon.colcon_core.package_identification:Package 'src/trossen_arm_description' with type 'ros.ament_cmake' and name 'trossen_arm_description'
[0.348s] Level 1:colcon.colcon_core.package_identification:_identify(src/trossen_widowx_interfaces) by extensions ['ignore', 'ignore_ament_install']
[0.348s] Level 1:colcon.colcon_core.package_identification:_identify(src/trossen_widowx_interfaces) by extension 'ignore'
[0.348s] Level 1:colcon.colcon_core.package_identification:_identify(src/trossen_widowx_interfaces) by extension 'ignore_ament_install'
[0.348s] Level 1:colcon.colcon_core.package_identification:_identify(src/trossen_widowx_interfaces) by extensions ['colcon_pkg']
[0.348s] Level 1:colcon.colcon_core.package_identification:_identify(src/trossen_widowx_interfaces) by extension 'colcon_pkg'
[0.348s] Level 1:colcon.colcon_core.package_identification:_identify(src/trossen_widowx_interfaces) by extensions ['colcon_meta']
[0.348s] Level 1:colcon.colcon_core.package_identification:_identify(src/trossen_widowx_interfaces) by extension 'colcon_meta'
[0.349s] Level 1:colcon.colcon_core.package_identification:_identify(src/trossen_widowx_interfaces) by extensions ['ros']
[0.349s] Level 1:colcon.colcon_core.package_identification:_identify(src/trossen_widowx_interfaces) by extension 'ros'
[0.349s] DEBUG:colcon.colcon_core.package_identification:Package 'src/trossen_widowx_interfaces' with type 'ros.ament_cmake' and name 'trossen_widowx_interfaces'
[0.349s] Level 1:colcon.colcon_core.package_identification:_identify(src/widowx_etasl) by extensions ['ignore', 'ignore_ament_install']
[0.349s] Level 1:colcon.colcon_core.package_identification:_identify(src/widowx_etasl) by extension 'ignore'
[0.349s] Level 1:colcon.colcon_core.package_identification:_identify(src/widowx_etasl) by extension 'ignore_ament_install'
[0.349s] Level 1:colcon.colcon_core.package_identification:_identify(src/widowx_etasl) by extensions ['colcon_pkg']
[0.349s] Level 1:colcon.colcon_core.package_identification:_identify(src/widowx_etasl) by extension 'colcon_pkg'
[0.349s] Level 1:colcon.colcon_core.package_identification:_identify(src/widowx_etasl) by extensions ['colcon_meta']
[0.349s] Level 1:colcon.colcon_core.package_identification:_identify(src/widowx_etasl) by extension 'colcon_meta'
[0.350s] Level 1:colcon.colcon_core.package_identification:_identify(src/widowx_etasl) by extensions ['ros']
[0.350s] Level 1:colcon.colcon_core.package_identification:_identify(src/widowx_etasl) by extension 'ros'
[0.350s] DEBUG:colcon.colcon_core.package_identification:Package 'src/widowx_etasl' with type 'ros.ament_cmake' and name 'widowx_etasl'
[0.350s] Level 1:colcon.colcon_core.package_discovery:discover_packages(recursive) using defaults
[0.350s] Level 1:colcon.colcon_core.package_discovery:discover_packages(ignore) discover
[0.350s] Level 1:colcon.colcon_core.package_discovery:discover_packages(ignore) using defaults
[0.350s] Level 1:colcon.colcon_core.package_discovery:discover_packages(path) discover
[0.350s] Level 1:colcon.colcon_core.package_discovery:discover_packages(path) using defaults
[0.369s] Level 5:colcon.colcon_core.verb:set package 'crospi_application_template' build argument 'cmake_args' from command line to 'None'
[0.370s] Level 5:colcon.colcon_core.verb:set package 'crospi_application_template' build argument 'cmake_target' from command line to 'None'
[0.370s] Level 5:colcon.colcon_core.verb:set package 'crospi_application_template' build argument 'cmake_target_skip_unavailable' from command line to 'False'
[0.370s] Level 5:colcon.colcon_core.verb:set package 'crospi_application_template' build argument 'cmake_clean_cache' from command line to 'False'
[0.370s] Level 5:colcon.colcon_core.verb:set package 'crospi_application_template' build argument 'cmake_clean_first' from command line to 'False'
[0.370s] Level 5:colcon.colcon_core.verb:set package 'crospi_application_template' build argument 'cmake_force_configure' from command line to 'False'
[0.370s] Level 5:colcon.colcon_core.verb:set package 'crospi_application_template' build argument 'ament_cmake_args' from command line to 'None'
[0.370s] Level 5:colcon.colcon_core.verb:set package 'crospi_application_template' build argument 'catkin_cmake_args' from command line to 'None'
[0.370s] Level 5:colcon.colcon_core.verb:set package 'crospi_application_template' build argument 'catkin_skip_building_tests' from command line to 'False'
[0.370s] DEBUG:colcon.colcon_core.verb:Building package 'crospi_application_template' with the following arguments: {'ament_cmake_args': None, 'build_base': '/home/masterthesis/kaixi_crospi_ws/build/crospi_application_template', 'catkin_cmake_args': None, 'catkin_skip_building_tests': False, 'cmake_args': None, 'cmake_clean_cache': False, 'cmake_clean_first': False, 'cmake_force_configure': False, 'cmake_target': None, 'cmake_target_skip_unavailable': False, 'install_base': '/home/masterthesis/kaixi_crospi_ws/install/crospi_application_template', 'merge_install': False, 'path': '/home/masterthesis/kaixi_crospi_ws/src/crospi_application_template', 'symlink_install': True, 'test_result_base': None}
[0.370s] Level 5:colcon.colcon_core.verb:set package 'trossen_arm_description' build argument 'cmake_args' from command line to 'None'
[0.370s] Level 5:colcon.colcon_core.verb:set package 'trossen_arm_description' build argument 'cmake_target' from command line to 'None'
[0.370s] Level 5:colcon.colcon_core.verb:set package 'trossen_arm_description' build argument 'cmake_target_skip_unavailable' from command line to 'False'
[0.370s] Level 5:colcon.colcon_core.verb:set package 'trossen_arm_description' build argument 'cmake_clean_cache' from command line to 'False'
[0.370s] Level 5:colcon.colcon_core.verb:set package 'trossen_arm_description' build argument 'cmake_clean_first' from command line to 'False'
[0.370s] Level 5:colcon.colcon_core.verb:set package 'trossen_arm_description' build argument 'cmake_force_configure' from command line to 'False'
[0.370s] Level 5:colcon.colcon_core.verb:set package 'trossen_arm_description' build argument 'ament_cmake_args' from command line to 'None'
[0.370s] Level 5:colcon.colcon_core.verb:set package 'trossen_arm_description' build argument 'catkin_cmake_args' from command line to 'None'
[0.370s] Level 5:colcon.colcon_core.verb:set package 'trossen_arm_description' build argument 'catkin_skip_building_tests' from command line to 'False'
[0.370s] DEBUG:colcon.colcon_core.verb:Building package 'trossen_arm_description' with the following arguments: {'ament_cmake_args': None, 'build_base': '/home/masterthesis/kaixi_crospi_ws/build/trossen_arm_description', 'catkin_cmake_args': None, 'catkin_skip_building_tests': False, 'cmake_args': None, 'cmake_clean_cache': False, 'cmake_clean_first': False, 'cmake_force_configure': False, 'cmake_target': None, 'cmake_target_skip_unavailable': False, 'install_base': '/home/masterthesis/kaixi_crospi_ws/install/trossen_arm_description', 'merge_install': False, 'path': '/home/masterthesis/kaixi_crospi_ws/src/trossen_arm_description', 'symlink_install': True, 'test_result_base': None}
[0.371s] Level 5:colcon.colcon_core.verb:set package 'trossen_widowx_interfaces' build argument 'cmake_args' from command line to 'None'
[0.371s] Level 5:colcon.colcon_core.verb:set package 'trossen_widowx_interfaces' build argument 'cmake_target' from command line to 'None'
[0.371s] Level 5:colcon.colcon_core.verb:set package 'trossen_widowx_interfaces' build argument 'cmake_target_skip_unavailable' from command line to 'False'
[0.371s] Level 5:colcon.colcon_core.verb:set package 'trossen_widowx_interfaces' build argument 'cmake_clean_cache' from command line to 'False'
[0.371s] Level 5:colcon.colcon_core.verb:set package 'trossen_widowx_interfaces' build argument 'cmake_clean_first' from command line to 'False'
[0.371s] Level 5:colcon.colcon_core.verb:set package 'trossen_widowx_interfaces' build argument 'cmake_force_configure' from command line to 'False'
[0.371s] Level 5:colcon.colcon_core.verb:set package 'trossen_widowx_interfaces' build argument 'ament_cmake_args' from command line to 'None'
[0.371s] Level 5:colcon.colcon_core.verb:set package 'trossen_widowx_interfaces' build argument 'catkin_cmake_args' from command line to 'None'
[0.371s] Level 5:colcon.colcon_core.verb:set package 'trossen_widowx_interfaces' build argument 'catkin_skip_building_tests' from command line to 'False'
[0.371s] DEBUG:colcon.colcon_core.verb:Building package 'trossen_widowx_interfaces' with the following arguments: {'ament_cmake_args': None, 'build_base': '/home/masterthesis/kaixi_crospi_ws/build/trossen_widowx_interfaces', 'catkin_cmake_args': None, 'catkin_skip_building_tests': False, 'cmake_args': None, 'cmake_clean_cache': False, 'cmake_clean_first': False, 'cmake_force_configure': False, 'cmake_target': None, 'cmake_target_skip_unavailable': False, 'install_base': '/home/masterthesis/kaixi_crospi_ws/install/trossen_widowx_interfaces', 'merge_install': False, 'path': '/home/masterthesis/kaixi_crospi_ws/src/trossen_widowx_interfaces', 'symlink_install': True, 'test_result_base': None}
[0.371s] Level 5:colcon.colcon_core.verb:set package 'widowx_etasl' build argument 'cmake_args' from command line to 'None'
[0.371s] Level 5:colcon.colcon_core.verb:set package 'widowx_etasl' build argument 'cmake_target' from command line to 'None'
[0.371s] Level 5:colcon.colcon_core.verb:set package 'widowx_etasl' build argument 'cmake_target_skip_unavailable' from command line to 'False'
[0.371s] Level 5:colcon.colcon_core.verb:set package 'widowx_etasl' build argument 'cmake_clean_cache' from command line to 'False'
[0.371s] Level 5:colcon.colcon_core.verb:set package 'widowx_etasl' build argument 'cmake_clean_first' from command line to 'False'
[0.371s] Level 5:colcon.colcon_core.verb:set package 'widowx_etasl' build argument 'cmake_force_configure' from command line to 'False'
[0.371s] Level 5:colcon.colcon_core.verb:set package 'widowx_etasl' build argument 'ament_cmake_args' from command line to 'None'
[0.371s] Level 5:colcon.colcon_core.verb:set package 'widowx_etasl' build argument 'catkin_cmake_args' from command line to 'None'
[0.371s] Level 5:colcon.colcon_core.verb:set package 'widowx_etasl' build argument 'catkin_skip_building_tests' from command line to 'False'
[0.371s] DEBUG:colcon.colcon_core.verb:Building package 'widowx_etasl' with the following arguments: {'ament_cmake_args': None, 'build_base': '/home/masterthesis/kaixi_crospi_ws/build/widowx_etasl', 'catkin_cmake_args': None, 'catkin_skip_building_tests': False, 'cmake_args': None, 'cmake_clean_cache': False, 'cmake_clean_first': False, 'cmake_force_configure': False, 'cmake_target': None, 'cmake_target_skip_unavailable': False, 'install_base': '/home/masterthesis/kaixi_crospi_ws/install/widowx_etasl', 'merge_install': False, 'path': '/home/masterthesis/kaixi_crospi_ws/src/widowx_etasl', 'symlink_install': True, 'test_result_base': None}
[0.372s] Level 5:colcon.colcon_core.verb:set package 'trossen_widowx_driver_crospi' build argument 'cmake_args' from command line to 'None'
[0.372s] Level 5:colcon.colcon_core.verb:set package 'trossen_widowx_driver_crospi' build argument 'cmake_target' from command line to 'None'
[0.372s] Level 5:colcon.colcon_core.verb:set package 'trossen_widowx_driver_crospi' build argument 'cmake_target_skip_unavailable' from command line to 'False'
[0.372s] Level 5:colcon.colcon_core.verb:set package 'trossen_widowx_driver_crospi' build argument 'cmake_clean_cache' from command line to 'False'
[0.372s] Level 5:colcon.colcon_core.verb:set package 'trossen_widowx_driver_crospi' build argument 'cmake_clean_first' from command line to 'False'
[0.372s] Level 5:colcon.colcon_core.verb:set package 'trossen_widowx_driver_crospi' build argument 'cmake_force_configure' from command line to 'False'
[0.372s] Level 5:colcon.colcon_core.verb:set package 'trossen_widowx_driver_crospi' build argument 'ament_cmake_args' from command line to 'None'
[0.372s] Level 5:colcon.colcon_core.verb:set package 'trossen_widowx_driver_crospi' build argument 'catkin_cmake_args' from command line to 'None'
[0.372s] Level 5:colcon.colcon_core.verb:set package 'trossen_widowx_driver_crospi' build argument 'catkin_skip_building_tests' from command line to 'False'
[0.372s] DEBUG:colcon.colcon_core.verb:Building package 'trossen_widowx_driver_crospi' with the following arguments: {'ament_cmake_args': None, 'build_base': '/home/masterthesis/kaixi_crospi_ws/build/trossen_widowx_driver_crospi', 'catkin_cmake_args': None, 'catkin_skip_building_tests': False, 'cmake_args': None, 'cmake_clean_cache': False, 'cmake_clean_first': False, 'cmake_force_configure': False, 'cmake_target': None, 'cmake_target_skip_unavailable': False, 'install_base': '/home/masterthesis/kaixi_crospi_ws/install/trossen_widowx_driver_crospi', 'merge_install': False, 'path': '/home/masterthesis/kaixi_crospi_ws/src/robot_drivers/trossen_widowx_driver_crospi', 'symlink_install': True, 'test_result_base': None}
[0.372s] INFO:colcon.colcon_core.executor:Executing jobs using 'parallel' executor
[0.373s] DEBUG:colcon.colcon_parallel_executor.executor.parallel:run_until_complete
[0.373s] INFO:colcon.colcon_ros.task.ament_cmake.build:Building ROS package in '/home/masterthesis/kaixi_crospi_ws/src/trossen_widowx_interfaces' with build type 'ament_cmake'
[0.373s] INFO:colcon.colcon_cmake.task.cmake.build:Building CMake package in '/home/masterthesis/kaixi_crospi_ws/src/trossen_widowx_interfaces'
[0.376s] INFO:colcon.colcon_core.plugin_system:Skipping extension 'colcon_core.shell.bat': Not used on non-Windows systems
[0.376s] INFO:colcon.colcon_core.shell:Skip shell extension 'powershell' for command environment: Not usable outside of PowerShell
[0.376s] DEBUG:colcon.colcon_core.shell:Skip shell extension 'dsv' for command environment
[0.382s] INFO:colcon.colcon_ros.task.ament_cmake.build:Building ROS package in '/home/masterthesis/kaixi_crospi_ws/src/crospi_application_template' with build type 'ament_cmake'
[0.382s] INFO:colcon.colcon_cmake.task.cmake.build:Building CMake package in '/home/masterthesis/kaixi_crospi_ws/src/crospi_application_template'
[0.382s] INFO:colcon.colcon_core.shell:Skip shell extension 'powershell' for command environment: Not usable outside of PowerShell
[0.382s] DEBUG:colcon.colcon_core.shell:Skip shell extension 'dsv' for command environment
[0.386s] INFO:colcon.colcon_ros.task.ament_cmake.build:Building ROS package in '/home/masterthesis/kaixi_crospi_ws/src/trossen_arm_description' with build type 'ament_cmake'
[0.386s] INFO:colcon.colcon_cmake.task.cmake.build:Building CMake package in '/home/masterthesis/kaixi_crospi_ws/src/trossen_arm_description'
[0.386s] INFO:colcon.colcon_core.shell:Skip shell extension 'powershell' for command environment: Not usable outside of PowerShell
[0.386s] DEBUG:colcon.colcon_core.shell:Skip shell extension 'dsv' for command environment
[0.390s] INFO:colcon.colcon_ros.task.ament_cmake.build:Building ROS package in '/home/masterthesis/kaixi_crospi_ws/src/widowx_etasl' with build type 'ament_cmake'
[0.390s] INFO:colcon.colcon_cmake.task.cmake.build:Building CMake package in '/home/masterthesis/kaixi_crospi_ws/src/widowx_etasl'
[0.390s] INFO:colcon.colcon_core.shell:Skip shell extension 'powershell' for command environment: Not usable outside of PowerShell
[0.390s] DEBUG:colcon.colcon_core.shell:Skip shell extension 'dsv' for command environment
[0.397s] DEBUG:colcon.colcon_core.event_handler.log_command:Invoking command in '/home/masterthesis/kaixi_crospi_ws/build/trossen_widowx_interfaces': CMAKE_PREFIX_PATH=${CMAKE_PREFIX_PATH}:/opt/ros2_crospi_ws/install/betfsm_demos:/opt/ros2_crospi_ws/install/betfsm:/opt/ros/humble /usr/bin/cmake --build /home/masterthesis/kaixi_crospi_ws/build/trossen_widowx_interfaces -- -j16 -l16
[0.400s] DEBUG:colcon.colcon_core.event_handler.log_command:Invoking command in '/home/masterthesis/kaixi_crospi_ws/build/crospi_application_template': CMAKE_PREFIX_PATH=${CMAKE_PREFIX_PATH}:/opt/ros2_crospi_ws/install/betfsm_demos:/opt/ros2_crospi_ws/install/betfsm:/opt/ros/humble /usr/bin/cmake --build /home/masterthesis/kaixi_crospi_ws/build/crospi_application_template -- -j16 -l16
[0.403s] DEBUG:colcon.colcon_core.event_handler.log_command:Invoking command in '/home/masterthesis/kaixi_crospi_ws/build/trossen_arm_description': CMAKE_PREFIX_PATH=${CMAKE_PREFIX_PATH}:/opt/ros2_crospi_ws/install/betfsm_demos:/opt/ros2_crospi_ws/install/betfsm:/opt/ros/humble /usr/bin/cmake --build /home/masterthesis/kaixi_crospi_ws/build/trossen_arm_description -- -j16 -l16
[0.406s] DEBUG:colcon.colcon_core.event_handler.log_command:Invoking command in '/home/masterthesis/kaixi_crospi_ws/build/widowx_etasl': CMAKE_PREFIX_PATH=${CMAKE_PREFIX_PATH}:/opt/ros2_crospi_ws/install/betfsm_demos:/opt/ros2_crospi_ws/install/betfsm:/opt/ros/humble /usr/bin/cmake --build /home/masterthesis/kaixi_crospi_ws/build/widowx_etasl -- -j16 -l16
[0.446s] DEBUG:colcon.colcon_core.event_handler.log_command:Invoked command in '/home/masterthesis/kaixi_crospi_ws/build/trossen_arm_description' returned '0': CMAKE_PREFIX_PATH=${CMAKE_PREFIX_PATH}:/opt/ros2_crospi_ws/install/betfsm_demos:/opt/ros2_crospi_ws/install/betfsm:/opt/ros/humble /usr/bin/cmake --build /home/masterthesis/kaixi_crospi_ws/build/trossen_arm_description -- -j16 -l16
[0.454s] DEBUG:colcon.colcon_core.event_handler.log_command:Invoking command in '/home/masterthesis/kaixi_crospi_ws/build/trossen_arm_description': CMAKE_PREFIX_PATH=${CMAKE_PREFIX_PATH}:/opt/ros2_crospi_ws/install/betfsm_demos:/opt/ros2_crospi_ws/install/betfsm:/opt/ros/humble /usr/bin/cmake --install /home/masterthesis/kaixi_crospi_ws/build/trossen_arm_description
[0.456s] DEBUG:colcon.colcon_core.event_handler.log_command:Invoked command in '/home/masterthesis/kaixi_crospi_ws/build/widowx_etasl' returned '0': CMAKE_PREFIX_PATH=${CMAKE_PREFIX_PATH}:/opt/ros2_crospi_ws/install/betfsm_demos:/opt/ros2_crospi_ws/install/betfsm:/opt/ros/humble /usr/bin/cmake --build /home/masterthesis/kaixi_crospi_ws/build/widowx_etasl -- -j16 -l16
[0.458s] DEBUG:colcon.colcon_core.event_handler.log_command:Invoking command in '/home/masterthesis/kaixi_crospi_ws/build/widowx_etasl': CMAKE_PREFIX_PATH=${CMAKE_PREFIX_PATH}:/opt/ros2_crospi_ws/install/betfsm_demos:/opt/ros2_crospi_ws/install/betfsm:/opt/ros/humble /usr/bin/cmake --install /home/masterthesis/kaixi_crospi_ws/build/widowx_etasl
[0.478s] Level 1:colcon.colcon_core.environment:create_environment_scripts_only(widowx_etasl)
[0.479s] DEBUG:colcon.colcon_core.event_handler.log_command:Invoked command in '/home/masterthesis/kaixi_crospi_ws/build/widowx_etasl' returned '0': CMAKE_PREFIX_PATH=${CMAKE_PREFIX_PATH}:/opt/ros2_crospi_ws/install/betfsm_demos:/opt/ros2_crospi_ws/install/betfsm:/opt/ros/humble /usr/bin/cmake --install /home/masterthesis/kaixi_crospi_ws/build/widowx_etasl
[0.484s] Level 1:colcon.colcon_core.environment:checking '/home/masterthesis/kaixi_crospi_ws/install/widowx_etasl' for CMake module files
[0.485s] Level 1:colcon.colcon_core.environment:checking '/home/masterthesis/kaixi_crospi_ws/install/widowx_etasl' for CMake config files
[0.485s] Level 1:colcon.colcon_core.shell:create_environment_hook('widowx_etasl', 'cmake_prefix_path')
[0.485s] INFO:colcon.colcon_core.shell:Creating environment hook '/home/masterthesis/kaixi_crospi_ws/install/widowx_etasl/share/widowx_etasl/hook/cmake_prefix_path.ps1'
[0.486s] INFO:colcon.colcon_core.shell:Creating environment descriptor '/home/masterthesis/kaixi_crospi_ws/install/widowx_etasl/share/widowx_etasl/hook/cmake_prefix_path.dsv'
[0.487s] INFO:colcon.colcon_core.shell:Creating environment hook '/home/masterthesis/kaixi_crospi_ws/install/widowx_etasl/share/widowx_etasl/hook/cmake_prefix_path.sh'
[0.488s] Level 1:colcon.colcon_core.environment:checking '/home/masterthesis/kaixi_crospi_ws/install/widowx_etasl/lib'
[0.488s] Level 1:colcon.colcon_core.environment:checking '/home/masterthesis/kaixi_crospi_ws/install/widowx_etasl/bin'
[0.488s] Level 1:colcon.colcon_core.environment:checking '/home/masterthesis/kaixi_crospi_ws/install/widowx_etasl/lib/pkgconfig/widowx_etasl.pc'
[0.490s] Level 1:colcon.colcon_core.environment:checking '/home/masterthesis/kaixi_crospi_ws/install/widowx_etasl/lib/python3.10/site-packages'
[0.491s] Level 1:colcon.colcon_core.environment:checking '/home/masterthesis/kaixi_crospi_ws/install/widowx_etasl/bin'
[0.491s] INFO:colcon.colcon_core.shell:Creating package script '/home/masterthesis/kaixi_crospi_ws/install/widowx_etasl/share/widowx_etasl/package.ps1'
[0.493s] INFO:colcon.colcon_core.shell:Creating package descriptor '/home/masterthesis/kaixi_crospi_ws/install/widowx_etasl/share/widowx_etasl/package.dsv'
[0.494s] INFO:colcon.colcon_core.shell:Creating package script '/home/masterthesis/kaixi_crospi_ws/install/widowx_etasl/share/widowx_etasl/package.sh'
[0.494s] INFO:colcon.colcon_core.shell:Creating package script '/home/masterthesis/kaixi_crospi_ws/install/widowx_etasl/share/widowx_etasl/package.bash'
[0.495s] INFO:colcon.colcon_core.shell:Creating package script '/home/masterthesis/kaixi_crospi_ws/install/widowx_etasl/share/widowx_etasl/package.zsh'
[0.496s] Level 1:colcon.colcon_core.environment:create_file_with_runtime_dependencies(/home/masterthesis/kaixi_crospi_ws/install/widowx_etasl/share/colcon-core/packages/widowx_etasl)
[0.496s] Level 1:colcon.colcon_core.environment:create_environment_scripts_only(widowx_etasl)
[0.497s] Level 1:colcon.colcon_core.environment:checking '/home/masterthesis/kaixi_crospi_ws/install/widowx_etasl' for CMake module files
[0.497s] Level 1:colcon.colcon_core.environment:checking '/home/masterthesis/kaixi_crospi_ws/install/widowx_etasl' for CMake config files
[0.497s] Level 1:colcon.colcon_core.shell:create_environment_hook('widowx_etasl', 'cmake_prefix_path')
[0.498s] INFO:colcon.colcon_core.shell:Creating environment hook '/home/masterthesis/kaixi_crospi_ws/install/widowx_etasl/share/widowx_etasl/hook/cmake_prefix_path.ps1'
[0.498s] INFO:colcon.colcon_core.shell:Creating environment descriptor '/home/masterthesis/kaixi_crospi_ws/install/widowx_etasl/share/widowx_etasl/hook/cmake_prefix_path.dsv'
[0.498s] INFO:colcon.colcon_core.shell:Creating environment hook '/home/masterthesis/kaixi_crospi_ws/install/widowx_etasl/share/widowx_etasl/hook/cmake_prefix_path.sh'
[0.499s] Level 1:colcon.colcon_core.environment:checking '/home/masterthesis/kaixi_crospi_ws/install/widowx_etasl/lib'
[0.499s] Level 1:colcon.colcon_core.environment:checking '/home/masterthesis/kaixi_crospi_ws/install/widowx_etasl/bin'
[0.499s] Level 1:colcon.colcon_core.environment:checking '/home/masterthesis/kaixi_crospi_ws/install/widowx_etasl/lib/pkgconfig/widowx_etasl.pc'
[0.499s] Level 1:colcon.colcon_core.environment:checking '/home/masterthesis/kaixi_crospi_ws/install/widowx_etasl/lib/python3.10/site-packages'
[0.500s] Level 1:colcon.colcon_core.environment:checking '/home/masterthesis/kaixi_crospi_ws/install/widowx_etasl/bin'
[0.500s] INFO:colcon.colcon_core.shell:Creating package script '/home/masterthesis/kaixi_crospi_ws/install/widowx_etasl/share/widowx_etasl/package.ps1'
[0.501s] INFO:colcon.colcon_core.shell:Creating package descriptor '/home/masterthesis/kaixi_crospi_ws/install/widowx_etasl/share/widowx_etasl/package.dsv'
[0.501s] INFO:colcon.colcon_core.shell:Creating package script '/home/masterthesis/kaixi_crospi_ws/install/widowx_etasl/share/widowx_etasl/package.sh'
[0.501s] INFO:colcon.colcon_core.shell:Creating package script '/home/masterthesis/kaixi_crospi_ws/install/widowx_etasl/share/widowx_etasl/package.bash'
[0.502s] INFO:colcon.colcon_core.shell:Creating package script '/home/masterthesis/kaixi_crospi_ws/install/widowx_etasl/share/widowx_etasl/package.zsh'
[0.502s] Level 1:colcon.colcon_core.environment:create_file_with_runtime_dependencies(/home/masterthesis/kaixi_crospi_ws/install/widowx_etasl/share/colcon-core/packages/widowx_etasl)
[0.504s] Level 1:colcon.colcon_core.environment:create_environment_scripts_only(trossen_arm_description)
[0.504s] Level 1:colcon.colcon_core.environment:checking '/home/masterthesis/kaixi_crospi_ws/install/trossen_arm_description' for CMake module files
[0.505s] Level 1:colcon.colcon_core.environment:checking '/home/masterthesis/kaixi_crospi_ws/install/trossen_arm_description' for CMake config files
[0.506s] Level 1:colcon.colcon_core.shell:create_environment_hook('trossen_arm_description', 'cmake_prefix_path')
[0.506s] INFO:colcon.colcon_core.shell:Creating environment hook '/home/masterthesis/kaixi_crospi_ws/install/trossen_arm_description/share/trossen_arm_description/hook/cmake_prefix_path.ps1'
[0.507s] INFO:colcon.colcon_core.shell:Creating environment descriptor '/home/masterthesis/kaixi_crospi_ws/install/trossen_arm_description/share/trossen_arm_description/hook/cmake_prefix_path.dsv'
[0.507s] INFO:colcon.colcon_core.shell:Creating environment hook '/home/masterthesis/kaixi_crospi_ws/install/trossen_arm_description/share/trossen_arm_description/hook/cmake_prefix_path.sh'
[0.508s] DEBUG:colcon.colcon_core.event_handler.log_command:Invoked command in '/home/masterthesis/kaixi_crospi_ws/build/trossen_arm_description' returned '0': CMAKE_PREFIX_PATH=${CMAKE_PREFIX_PATH}:/opt/ros2_crospi_ws/install/betfsm_demos:/opt/ros2_crospi_ws/install/betfsm:/opt/ros/humble /usr/bin/cmake --install /home/masterthesis/kaixi_crospi_ws/build/trossen_arm_description
[0.508s] Level 1:colcon.colcon_core.environment:checking '/home/masterthesis/kaixi_crospi_ws/install/trossen_arm_description/bin'
[0.508s] Level 1:colcon.colcon_core.environment:checking '/home/masterthesis/kaixi_crospi_ws/install/trossen_arm_description/lib/pkgconfig/trossen_arm_description.pc'
[0.508s] Level 1:colcon.colcon_core.environment:checking '/home/masterthesis/kaixi_crospi_ws/install/trossen_arm_description/lib/python3.10/site-packages'
[0.509s] Level 1:colcon.colcon_core.environment:checking '/home/masterthesis/kaixi_crospi_ws/install/trossen_arm_description/bin'
[0.509s] INFO:colcon.colcon_core.shell:Creating package script '/home/masterthesis/kaixi_crospi_ws/install/trossen_arm_description/share/trossen_arm_description/package.ps1'
[0.509s] INFO:colcon.colcon_core.shell:Creating package descriptor '/home/masterthesis/kaixi_crospi_ws/install/trossen_arm_description/share/trossen_arm_description/package.dsv'
[0.510s] INFO:colcon.colcon_core.shell:Creating package script '/home/masterthesis/kaixi_crospi_ws/install/trossen_arm_description/share/trossen_arm_description/package.sh'
[0.510s] INFO:colcon.colcon_core.shell:Creating package script '/home/masterthesis/kaixi_crospi_ws/install/trossen_arm_description/share/trossen_arm_description/package.bash'
[0.510s] INFO:colcon.colcon_core.shell:Creating package script '/home/masterthesis/kaixi_crospi_ws/install/trossen_arm_description/share/trossen_arm_description/package.zsh'
[0.510s] Level 1:colcon.colcon_core.environment:create_file_with_runtime_dependencies(/home/masterthesis/kaixi_crospi_ws/install/trossen_arm_description/share/colcon-core/packages/trossen_arm_description)
[0.511s] Level 1:colcon.colcon_core.environment:create_environment_scripts_only(trossen_arm_description)
[0.511s] Level 1:colcon.colcon_core.environment:checking '/home/masterthesis/kaixi_crospi_ws/install/trossen_arm_description' for CMake module files
[0.511s] Level 1:colcon.colcon_core.environment:checking '/home/masterthesis/kaixi_crospi_ws/install/trossen_arm_description' for CMake config files
[0.512s] Level 1:colcon.colcon_core.shell:create_environment_hook('trossen_arm_description', 'cmake_prefix_path')
[0.512s] INFO:colcon.colcon_core.shell:Creating environment hook '/home/masterthesis/kaixi_crospi_ws/install/trossen_arm_description/share/trossen_arm_description/hook/cmake_prefix_path.ps1'
[0.512s] INFO:colcon.colcon_core.shell:Creating environment descriptor '/home/masterthesis/kaixi_crospi_ws/install/trossen_arm_description/share/trossen_arm_description/hook/cmake_prefix_path.dsv'
[0.512s] INFO:colcon.colcon_core.shell:Creating environment hook '/home/masterthesis/kaixi_crospi_ws/install/trossen_arm_description/share/trossen_arm_description/hook/cmake_prefix_path.sh'
[0.513s] Level 1:colcon.colcon_core.environment:checking '/home/masterthesis/kaixi_crospi_ws/install/trossen_arm_description/bin'
[0.513s] Level 1:colcon.colcon_core.environment:checking '/home/masterthesis/kaixi_crospi_ws/install/trossen_arm_description/lib/pkgconfig/trossen_arm_description.pc'
[0.513s] Level 1:colcon.colcon_core.environment:checking '/home/masterthesis/kaixi_crospi_ws/install/trossen_arm_description/lib/python3.10/site-packages'
[0.513s] Level 1:colcon.colcon_core.environment:checking '/home/masterthesis/kaixi_crospi_ws/install/trossen_arm_description/bin'
[0.513s] INFO:colcon.colcon_core.shell:Creating package script '/home/masterthesis/kaixi_crospi_ws/install/trossen_arm_description/share/trossen_arm_description/package.ps1'
[0.514s] INFO:colcon.colcon_core.shell:Creating package descriptor '/home/masterthesis/kaixi_crospi_ws/install/trossen_arm_description/share/trossen_arm_description/package.dsv'
[0.514s] INFO:colcon.colcon_core.shell:Creating package script '/home/masterthesis/kaixi_crospi_ws/install/trossen_arm_description/share/trossen_arm_description/package.sh'
[0.515s] INFO:colcon.colcon_core.shell:Creating package script '/home/masterthesis/kaixi_crospi_ws/install/trossen_arm_description/share/trossen_arm_description/package.bash'
[0.515s] INFO:colcon.colcon_core.shell:Creating package script '/home/masterthesis/kaixi_crospi_ws/install/trossen_arm_description/share/trossen_arm_description/package.zsh'
[0.515s] Level 1:colcon.colcon_core.environment:create_file_with_runtime_dependencies(/home/masterthesis/kaixi_crospi_ws/install/trossen_arm_description/share/colcon-core/packages/trossen_arm_description)
[0.738s] DEBUG:colcon.colcon_core.event_handler.log_command:Invoked command in '/home/masterthesis/kaixi_crospi_ws/build/trossen_widowx_interfaces' returned '0': CMAKE_PREFIX_PATH=${CMAKE_PREFIX_PATH}:/opt/ros2_crospi_ws/install/betfsm_demos:/opt/ros2_crospi_ws/install/betfsm:/opt/ros/humble /usr/bin/cmake --build /home/masterthesis/kaixi_crospi_ws/build/trossen_widowx_interfaces -- -j16 -l16
[0.739s] DEBUG:colcon.colcon_core.event_handler.log_command:Invoking command in '/home/masterthesis/kaixi_crospi_ws/build/trossen_widowx_interfaces': CMAKE_PREFIX_PATH=${CMAKE_PREFIX_PATH}:/opt/ros2_crospi_ws/install/betfsm_demos:/opt/ros2_crospi_ws/install/betfsm:/opt/ros/humble /usr/bin/cmake --install /home/masterthesis/kaixi_crospi_ws/build/trossen_widowx_interfaces
[0.806s] Level 1:colcon.colcon_core.environment:create_environment_scripts_only(trossen_widowx_interfaces)
[0.806s] Level 1:colcon.colcon_core.environment:checking '/home/masterthesis/kaixi_crospi_ws/install/trossen_widowx_interfaces' for CMake module files
[0.807s] DEBUG:colcon.colcon_core.event_handler.log_command:Invoked command in '/home/masterthesis/kaixi_crospi_ws/build/trossen_widowx_interfaces' returned '0': CMAKE_PREFIX_PATH=${CMAKE_PREFIX_PATH}:/opt/ros2_crospi_ws/install/betfsm_demos:/opt/ros2_crospi_ws/install/betfsm:/opt/ros/humble /usr/bin/cmake --install /home/masterthesis/kaixi_crospi_ws/build/trossen_widowx_interfaces
[0.807s] Level 1:colcon.colcon_core.environment:checking '/home/masterthesis/kaixi_crospi_ws/install/trossen_widowx_interfaces' for CMake config files
[0.808s] Level 1:colcon.colcon_core.shell:create_environment_hook('trossen_widowx_interfaces', 'cmake_prefix_path')
[0.808s] INFO:colcon.colcon_core.shell:Creating environment hook '/home/masterthesis/kaixi_crospi_ws/install/trossen_widowx_interfaces/share/trossen_widowx_interfaces/hook/cmake_prefix_path.ps1'
[0.808s] INFO:colcon.colcon_core.shell:Creating environment descriptor '/home/masterthesis/kaixi_crospi_ws/install/trossen_widowx_interfaces/share/trossen_widowx_interfaces/hook/cmake_prefix_path.dsv'
[0.809s] INFO:colcon.colcon_core.shell:Creating environment hook '/home/masterthesis/kaixi_crospi_ws/install/trossen_widowx_interfaces/share/trossen_widowx_interfaces/hook/cmake_prefix_path.sh'
[0.809s] Level 1:colcon.colcon_core.environment:checking '/home/masterthesis/kaixi_crospi_ws/install/trossen_widowx_interfaces/lib'
[0.809s] Level 1:colcon.colcon_core.shell:create_environment_hook('trossen_widowx_interfaces', 'ld_library_path_lib')
[0.809s] INFO:colcon.colcon_core.shell:Creating environment hook '/home/masterthesis/kaixi_crospi_ws/install/trossen_widowx_interfaces/share/trossen_widowx_interfaces/hook/ld_library_path_lib.ps1'
[0.810s] INFO:colcon.colcon_core.shell:Creating environment descriptor '/home/masterthesis/kaixi_crospi_ws/install/trossen_widowx_interfaces/share/trossen_widowx_interfaces/hook/ld_library_path_lib.dsv'
[0.810s] INFO:colcon.colcon_core.shell:Creating environment hook '/home/masterthesis/kaixi_crospi_ws/install/trossen_widowx_interfaces/share/trossen_widowx_interfaces/hook/ld_library_path_lib.sh'
[0.810s] Level 1:colcon.colcon_core.environment:checking '/home/masterthesis/kaixi_crospi_ws/install/trossen_widowx_interfaces/bin'
[0.810s] Level 1:colcon.colcon_core.environment:checking '/home/masterthesis/kaixi_crospi_ws/install/trossen_widowx_interfaces/lib/pkgconfig/trossen_widowx_interfaces.pc'
[0.811s] Level 1:colcon.colcon_core.environment:checking '/home/masterthesis/kaixi_crospi_ws/install/trossen_widowx_interfaces/lib/python3.10/site-packages'
[0.811s] Level 1:colcon.colcon_core.environment:checking '/home/masterthesis/kaixi_crospi_ws/install/trossen_widowx_interfaces/bin'
[0.811s] INFO:colcon.colcon_core.shell:Creating package script '/home/masterthesis/kaixi_crospi_ws/install/trossen_widowx_interfaces/share/trossen_widowx_interfaces/package.ps1'
[0.812s] INFO:colcon.colcon_core.shell:Creating package descriptor '/home/masterthesis/kaixi_crospi_ws/install/trossen_widowx_interfaces/share/trossen_widowx_interfaces/package.dsv'
[0.812s] INFO:colcon.colcon_core.shell:Creating package script '/home/masterthesis/kaixi_crospi_ws/install/trossen_widowx_interfaces/share/trossen_widowx_interfaces/package.sh'
[0.812s] INFO:colcon.colcon_core.shell:Creating package script '/home/masterthesis/kaixi_crospi_ws/install/trossen_widowx_interfaces/share/trossen_widowx_interfaces/package.bash'
[0.813s] INFO:colcon.colcon_core.shell:Creating package script '/home/masterthesis/kaixi_crospi_ws/install/trossen_widowx_interfaces/share/trossen_widowx_interfaces/package.zsh'
[0.813s] Level 1:colcon.colcon_core.environment:create_file_with_runtime_dependencies(/home/masterthesis/kaixi_crospi_ws/install/trossen_widowx_interfaces/share/colcon-core/packages/trossen_widowx_interfaces)
[0.813s] Level 1:colcon.colcon_core.environment:create_environment_scripts_only(trossen_widowx_interfaces)
[0.813s] Level 1:colcon.colcon_core.environment:checking '/home/masterthesis/kaixi_crospi_ws/install/trossen_widowx_interfaces' for CMake module files
[0.814s] Level 1:colcon.colcon_core.environment:checking '/home/masterthesis/kaixi_crospi_ws/install/trossen_widowx_interfaces' for CMake config files
[0.815s] Level 1:colcon.colcon_core.shell:create_environment_hook('trossen_widowx_interfaces', 'cmake_prefix_path')
[0.815s] INFO:colcon.colcon_core.shell:Creating environment hook '/home/masterthesis/kaixi_crospi_ws/install/trossen_widowx_interfaces/share/trossen_widowx_interfaces/hook/cmake_prefix_path.ps1'
[0.815s] INFO:colcon.colcon_core.shell:Creating environment descriptor '/home/masterthesis/kaixi_crospi_ws/install/trossen_widowx_interfaces/share/trossen_widowx_interfaces/hook/cmake_prefix_path.dsv'
[0.815s] INFO:colcon.colcon_core.shell:Creating environment hook '/home/masterthesis/kaixi_crospi_ws/install/trossen_widowx_interfaces/share/trossen_widowx_interfaces/hook/cmake_prefix_path.sh'
[0.816s] Level 1:colcon.colcon_core.environment:checking '/home/masterthesis/kaixi_crospi_ws/install/trossen_widowx_interfaces/lib'
[0.816s] Level 1:colcon.colcon_core.shell:create_environment_hook('trossen_widowx_interfaces', 'ld_library_path_lib')
[0.816s] INFO:colcon.colcon_core.shell:Creating environment hook '/home/masterthesis/kaixi_crospi_ws/install/trossen_widowx_interfaces/share/trossen_widowx_interfaces/hook/ld_library_path_lib.ps1'
[0.816s] INFO:colcon.colcon_core.shell:Creating environment descriptor '/home/masterthesis/kaixi_crospi_ws/install/trossen_widowx_interfaces/share/trossen_widowx_interfaces/hook/ld_library_path_lib.dsv'
[0.817s] INFO:colcon.colcon_core.shell:Creating environment hook '/home/masterthesis/kaixi_crospi_ws/install/trossen_widowx_interfaces/share/trossen_widowx_interfaces/hook/ld_library_path_lib.sh'
[0.817s] Level 1:colcon.colcon_core.environment:checking '/home/masterthesis/kaixi_crospi_ws/install/trossen_widowx_interfaces/bin'
[0.817s] Level 1:colcon.colcon_core.environment:checking '/home/masterthesis/kaixi_crospi_ws/install/trossen_widowx_interfaces/lib/pkgconfig/trossen_widowx_interfaces.pc'
[0.817s] Level 1:colcon.colcon_core.environment:checking '/home/masterthesis/kaixi_crospi_ws/install/trossen_widowx_interfaces/lib/python3.10/site-packages'
[0.817s] Level 1:colcon.colcon_core.environment:checking '/home/masterthesis/kaixi_crospi_ws/install/trossen_widowx_interfaces/bin'
[0.818s] INFO:colcon.colcon_core.shell:Creating package script '/home/masterthesis/kaixi_crospi_ws/install/trossen_widowx_interfaces/share/trossen_widowx_interfaces/package.ps1'
[0.818s] INFO:colcon.colcon_core.shell:Creating package descriptor '/home/masterthesis/kaixi_crospi_ws/install/trossen_widowx_interfaces/share/trossen_widowx_interfaces/package.dsv'
[0.819s] INFO:colcon.colcon_core.shell:Creating package script '/home/masterthesis/kaixi_crospi_ws/install/trossen_widowx_interfaces/share/trossen_widowx_interfaces/package.sh'
[0.819s] INFO:colcon.colcon_core.shell:Creating package script '/home/masterthesis/kaixi_crospi_ws/install/trossen_widowx_interfaces/share/trossen_widowx_interfaces/package.bash'
[0.820s] INFO:colcon.colcon_core.shell:Creating package script '/home/masterthesis/kaixi_crospi_ws/install/trossen_widowx_interfaces/share/trossen_widowx_interfaces/package.zsh'
[0.820s] Level 1:colcon.colcon_core.environment:create_file_with_runtime_dependencies(/home/masterthesis/kaixi_crospi_ws/install/trossen_widowx_interfaces/share/colcon-core/packages/trossen_widowx_interfaces)
[0.820s] INFO:colcon.colcon_ros.task.ament_cmake.build:Building ROS package in '/home/masterthesis/kaixi_crospi_ws/src/robot_drivers/trossen_widowx_driver_crospi' with build type 'ament_cmake'
[0.820s] INFO:colcon.colcon_cmake.task.cmake.build:Building CMake package in '/home/masterthesis/kaixi_crospi_ws/src/robot_drivers/trossen_widowx_driver_crospi'
[0.820s] INFO:colcon.colcon_core.shell:Skip shell extension 'powershell' for command environment: Not usable outside of PowerShell
[0.820s] DEBUG:colcon.colcon_core.shell:Skip shell extension 'dsv' for command environment
[0.831s] DEBUG:colcon.colcon_core.event_handler.log_command:Invoking command in '/home/masterthesis/kaixi_crospi_ws/build/trossen_widowx_driver_crospi': CMAKE_PREFIX_PATH=/home/masterthesis/kaixi_crospi_ws/install/trossen_widowx_interfaces:/home/masterthesis/kaixi_crospi_ws/install/widowx_etasl:/home/masterthesis/kaixi_crospi_ws/install/trossen_widowx_driver_crospi:/home/masterthesis/kaixi_crospi_ws/install/trossen_arm_description:/home/masterthesis/kaixi_crospi_ws/install/crospi_application_template:/opt/ros2_crospi_ws/install/template_driver_crospi:/opt/ros2_crospi_ws/install/crospi_default_plugins:/opt/ros2_crospi_ws/install/crospi_core:/opt/ros2_crospi_ws/install/etasl_wrapper:/opt/ros2_crospi_ws/install/crospi_interfaces:/opt/ros2_crospi_ws/install/betfsm_interfaces:/opt/ros2_crospi_ws/install/betfsm_demos:/opt/ros2_crospi_ws/install/betfsm:/opt/ros/humble LD_LIBRARY_PATH=/home/masterthesis/kaixi_crospi_ws/install/trossen_widowx_interfaces/lib:/home/masterthesis/kaixi_crospi_ws/install/trossen_widowx_driver_crospi/lib:/opt/ros2_crospi_ws/install/template_driver_crospi/lib:/opt/ros2_crospi_ws/install/crospi_default_plugins/lib:/opt/ros2_crospi_ws/install/crospi_core/lib:/opt/ros2_crospi_ws/install/etasl_wrapper/lib:/opt/ros2_crospi_ws/install/crospi_interfaces/lib:/opt/ros2_crospi_ws/install/betfsm_interfaces/lib:/opt/ros/humble/opt/rviz_ogre_vendor/lib:/opt/ros/humble/lib/x86_64-linux-gnu:/opt/ros/humble/lib:/opt/boost_1.89.0/lib /usr/bin/cmake --build /home/masterthesis/kaixi_crospi_ws/build/trossen_widowx_driver_crospi -- -j16 -l16
[0.957s] DEBUG:colcon.colcon_core.event_handler.log_command:Invoked command in '/home/masterthesis/kaixi_crospi_ws/build/trossen_widowx_driver_crospi' returned '0': CMAKE_PREFIX_PATH=/home/masterthesis/kaixi_crospi_ws/install/trossen_widowx_interfaces:/home/masterthesis/kaixi_crospi_ws/install/widowx_etasl:/home/masterthesis/kaixi_crospi_ws/install/trossen_widowx_driver_crospi:/home/masterthesis/kaixi_crospi_ws/install/trossen_arm_description:/home/masterthesis/kaixi_crospi_ws/install/crospi_application_template:/opt/ros2_crospi_ws/install/template_driver_crospi:/opt/ros2_crospi_ws/install/crospi_default_plugins:/opt/ros2_crospi_ws/install/crospi_core:/opt/ros2_crospi_ws/install/etasl_wrapper:/opt/ros2_crospi_ws/install/crospi_interfaces:/opt/ros2_crospi_ws/install/betfsm_interfaces:/opt/ros2_crospi_ws/install/betfsm_demos:/opt/ros2_crospi_ws/install/betfsm:/opt/ros/humble LD_LIBRARY_PATH=/home/masterthesis/kaixi_crospi_ws/install/trossen_widowx_interfaces/lib:/home/masterthesis/kaixi_crospi_ws/install/trossen_widowx_driver_crospi/lib:/opt/ros2_crospi_ws/install/template_driver_crospi/lib:/opt/ros2_crospi_ws/install/crospi_default_plugins/lib:/opt/ros2_crospi_ws/install/crospi_core/lib:/opt/ros2_crospi_ws/install/etasl_wrapper/lib:/opt/ros2_crospi_ws/install/crospi_interfaces/lib:/opt/ros2_crospi_ws/install/betfsm_interfaces/lib:/opt/ros/humble/opt/rviz_ogre_vendor/lib:/opt/ros/humble/lib/x86_64-linux-gnu:/opt/ros/humble/lib:/opt/boost_1.89.0/lib /usr/bin/cmake --build /home/masterthesis/kaixi_crospi_ws/build/trossen_widowx_driver_crospi -- -j16 -l16
[0.959s] DEBUG:colcon.colcon_core.event_handler.log_command:Invoking command in '/home/masterthesis/kaixi_crospi_ws/build/trossen_widowx_driver_crospi': CMAKE_PREFIX_PATH=/home/masterthesis/kaixi_crospi_ws/install/trossen_widowx_interfaces:/home/masterthesis/kaixi_crospi_ws/install/widowx_etasl:/home/masterthesis/kaixi_crospi_ws/install/trossen_widowx_driver_crospi:/home/masterthesis/kaixi_crospi_ws/install/trossen_arm_description:/home/masterthesis/kaixi_crospi_ws/install/crospi_application_template:/opt/ros2_crospi_ws/install/template_driver_crospi:/opt/ros2_crospi_ws/install/crospi_default_plugins:/opt/ros2_crospi_ws/install/crospi_core:/opt/ros2_crospi_ws/install/etasl_wrapper:/opt/ros2_crospi_ws/install/crospi_interfaces:/opt/ros2_crospi_ws/install/betfsm_interfaces:/opt/ros2_crospi_ws/install/betfsm_demos:/opt/ros2_crospi_ws/install/betfsm:/opt/ros/humble LD_LIBRARY_PATH=/home/masterthesis/kaixi_crospi_ws/install/trossen_widowx_interfaces/lib:/home/masterthesis/kaixi_crospi_ws/install/trossen_widowx_driver_crospi/lib:/opt/ros2_crospi_ws/install/template_driver_crospi/lib:/opt/ros2_crospi_ws/install/crospi_default_plugins/lib:/opt/ros2_crospi_ws/install/crospi_core/lib:/opt/ros2_crospi_ws/install/etasl_wrapper/lib:/opt/ros2_crospi_ws/install/crospi_interfaces/lib:/opt/ros2_crospi_ws/install/betfsm_interfaces/lib:/opt/ros/humble/opt/rviz_ogre_vendor/lib:/opt/ros/humble/lib/x86_64-linux-gnu:/opt/ros/humble/lib:/opt/boost_1.89.0/lib /usr/bin/cmake --install /home/masterthesis/kaixi_crospi_ws/build/trossen_widowx_driver_crospi
[0.974s] Level 1:colcon.colcon_core.environment:create_environment_scripts_only(trossen_widowx_driver_crospi)
[0.974s] Level 1:colcon.colcon_core.environment:checking '/home/masterthesis/kaixi_crospi_ws/install/trossen_widowx_driver_crospi' for CMake module files
[0.975s] DEBUG:colcon.colcon_core.event_handler.log_command:Invoked command in '/home/masterthesis/kaixi_crospi_ws/build/trossen_widowx_driver_crospi' returned '0': CMAKE_PREFIX_PATH=/home/masterthesis/kaixi_crospi_ws/install/trossen_widowx_interfaces:/home/masterthesis/kaixi_crospi_ws/install/widowx_etasl:/home/masterthesis/kaixi_crospi_ws/install/trossen_widowx_driver_crospi:/home/masterthesis/kaixi_crospi_ws/install/trossen_arm_description:/home/masterthesis/kaixi_crospi_ws/install/crospi_application_template:/opt/ros2_crospi_ws/install/template_driver_crospi:/opt/ros2_crospi_ws/install/crospi_default_plugins:/opt/ros2_crospi_ws/install/crospi_core:/opt/ros2_crospi_ws/install/etasl_wrapper:/opt/ros2_crospi_ws/install/crospi_interfaces:/opt/ros2_crospi_ws/install/betfsm_interfaces:/opt/ros2_crospi_ws/install/betfsm_demos:/opt/ros2_crospi_ws/install/betfsm:/opt/ros/humble LD_LIBRARY_PATH=/home/masterthesis/kaixi_crospi_ws/install/trossen_widowx_interfaces/lib:/home/masterthesis/kaixi_crospi_ws/install/trossen_widowx_driver_crospi/lib:/opt/ros2_crospi_ws/install/template_driver_crospi/lib:/opt/ros2_crospi_ws/install/crospi_default_plugins/lib:/opt/ros2_crospi_ws/install/crospi_core/lib:/opt/ros2_crospi_ws/install/etasl_wrapper/lib:/opt/ros2_crospi_ws/install/crospi_interfaces/lib:/opt/ros2_crospi_ws/install/betfsm_interfaces/lib:/opt/ros/humble/opt/rviz_ogre_vendor/lib:/opt/ros/humble/lib/x86_64-linux-gnu:/opt/ros/humble/lib:/opt/boost_1.89.0/lib /usr/bin/cmake --install /home/masterthesis/kaixi_crospi_ws/build/trossen_widowx_driver_crospi
[0.975s] Level 1:colcon.colcon_core.environment:checking '/home/masterthesis/kaixi_crospi_ws/install/trossen_widowx_driver_crospi' for CMake config files
[0.975s] Level 1:colcon.colcon_core.shell:create_environment_hook('trossen_widowx_driver_crospi', 'cmake_prefix_path')
[0.976s] INFO:colcon.colcon_core.shell:Creating environment hook '/home/masterthesis/kaixi_crospi_ws/install/trossen_widowx_driver_crospi/share/trossen_widowx_driver_crospi/hook/cmake_prefix_path.ps1'
[0.976s] INFO:colcon.colcon_core.shell:Creating environment descriptor '/home/masterthesis/kaixi_crospi_ws/install/trossen_widowx_driver_crospi/share/trossen_widowx_driver_crospi/hook/cmake_prefix_path.dsv'
[0.976s] INFO:colcon.colcon_core.shell:Creating environment hook '/home/masterthesis/kaixi_crospi_ws/install/trossen_widowx_driver_crospi/share/trossen_widowx_driver_crospi/hook/cmake_prefix_path.sh'
[0.977s] Level 1:colcon.colcon_core.environment:checking '/home/masterthesis/kaixi_crospi_ws/install/trossen_widowx_driver_crospi/lib'
[0.977s] Level 1:colcon.colcon_core.shell:create_environment_hook('trossen_widowx_driver_crospi', 'ld_library_path_lib')
[0.977s] INFO:colcon.colcon_core.shell:Creating environment hook '/home/masterthesis/kaixi_crospi_ws/install/trossen_widowx_driver_crospi/share/trossen_widowx_driver_crospi/hook/ld_library_path_lib.ps1'
[0.977s] INFO:colcon.colcon_core.shell:Creating environment descriptor '/home/masterthesis/kaixi_crospi_ws/install/trossen_widowx_driver_crospi/share/trossen_widowx_driver_crospi/hook/ld_library_path_lib.dsv'
[0.977s] INFO:colcon.colcon_core.shell:Creating environment hook '/home/masterthesis/kaixi_crospi_ws/install/trossen_widowx_driver_crospi/share/trossen_widowx_driver_crospi/hook/ld_library_path_lib.sh'
[0.978s] Level 1:colcon.colcon_core.environment:checking '/home/masterthesis/kaixi_crospi_ws/install/trossen_widowx_driver_crospi/bin'
[0.978s] Level 1:colcon.colcon_core.environment:checking '/home/masterthesis/kaixi_crospi_ws/install/trossen_widowx_driver_crospi/lib/pkgconfig/trossen_widowx_driver_crospi.pc'
[0.978s] Level 1:colcon.colcon_core.environment:checking '/home/masterthesis/kaixi_crospi_ws/install/trossen_widowx_driver_crospi/lib/python3.10/site-packages'
[0.978s] Level 1:colcon.colcon_core.environment:checking '/home/masterthesis/kaixi_crospi_ws/install/trossen_widowx_driver_crospi/bin'
[0.979s] INFO:colcon.colcon_core.shell:Creating package script '/home/masterthesis/kaixi_crospi_ws/install/trossen_widowx_driver_crospi/share/trossen_widowx_driver_crospi/package.ps1'
[0.979s] INFO:colcon.colcon_core.shell:Creating package descriptor '/home/masterthesis/kaixi_crospi_ws/install/trossen_widowx_driver_crospi/share/trossen_widowx_driver_crospi/package.dsv'
[0.979s] INFO:colcon.colcon_core.shell:Creating package script '/home/masterthesis/kaixi_crospi_ws/install/trossen_widowx_driver_crospi/share/trossen_widowx_driver_crospi/package.sh'
[0.980s] INFO:colcon.colcon_core.shell:Creating package script '/home/masterthesis/kaixi_crospi_ws/install/trossen_widowx_driver_crospi/share/trossen_widowx_driver_crospi/package.bash'
[0.980s] INFO:colcon.colcon_core.shell:Creating package script '/home/masterthesis/kaixi_crospi_ws/install/trossen_widowx_driver_crospi/share/trossen_widowx_driver_crospi/package.zsh'
[0.980s] Level 1:colcon.colcon_core.environment:create_file_with_runtime_dependencies(/home/masterthesis/kaixi_crospi_ws/install/trossen_widowx_driver_crospi/share/colcon-core/packages/trossen_widowx_driver_crospi)
[0.981s] Level 1:colcon.colcon_core.environment:create_environment_scripts_only(trossen_widowx_driver_crospi)
[0.981s] Level 1:colcon.colcon_core.environment:checking '/home/masterthesis/kaixi_crospi_ws/install/trossen_widowx_driver_crospi' for CMake module files
[0.981s] Level 1:colcon.colcon_core.environment:checking '/home/masterthesis/kaixi_crospi_ws/install/trossen_widowx_driver_crospi' for CMake config files
[0.981s] Level 1:colcon.colcon_core.shell:create_environment_hook('trossen_widowx_driver_crospi', 'cmake_prefix_path')
[0.982s] INFO:colcon.colcon_core.shell:Creating environment hook '/home/masterthesis/kaixi_crospi_ws/install/trossen_widowx_driver_crospi/share/trossen_widowx_driver_crospi/hook/cmake_prefix_path.ps1'
[0.982s] INFO:colcon.colcon_core.shell:Creating environment descriptor '/home/masterthesis/kaixi_crospi_ws/install/trossen_widowx_driver_crospi/share/trossen_widowx_driver_crospi/hook/cmake_prefix_path.dsv'
[0.982s] INFO:colcon.colcon_core.shell:Creating environment hook '/home/masterthesis/kaixi_crospi_ws/install/trossen_widowx_driver_crospi/share/trossen_widowx_driver_crospi/hook/cmake_prefix_path.sh'
[0.983s] Level 1:colcon.colcon_core.environment:checking '/home/masterthesis/kaixi_crospi_ws/install/trossen_widowx_driver_crospi/lib'
[0.983s] Level 1:colcon.colcon_core.shell:create_environment_hook('trossen_widowx_driver_crospi', 'ld_library_path_lib')
[0.983s] INFO:colcon.colcon_core.shell:Creating environment hook '/home/masterthesis/kaixi_crospi_ws/install/trossen_widowx_driver_crospi/share/trossen_widowx_driver_crospi/hook/ld_library_path_lib.ps1'
[0.983s] INFO:colcon.colcon_core.shell:Creating environment descriptor '/home/masterthesis/kaixi_crospi_ws/install/trossen_widowx_driver_crospi/share/trossen_widowx_driver_crospi/hook/ld_library_path_lib.dsv'
[0.983s] INFO:colcon.colcon_core.shell:Creating environment hook '/home/masterthesis/kaixi_crospi_ws/install/trossen_widowx_driver_crospi/share/trossen_widowx_driver_crospi/hook/ld_library_path_lib.sh'
[0.984s] Level 1:colcon.colcon_core.environment:checking '/home/masterthesis/kaixi_crospi_ws/install/trossen_widowx_driver_crospi/bin'
[0.984s] Level 1:colcon.colcon_core.environment:checking '/home/masterthesis/kaixi_crospi_ws/install/trossen_widowx_driver_crospi/lib/pkgconfig/trossen_widowx_driver_crospi.pc'
[0.984s] Level 1:colcon.colcon_core.environment:checking '/home/masterthesis/kaixi_crospi_ws/install/trossen_widowx_driver_crospi/lib/python3.10/site-packages'
[0.984s] Level 1:colcon.colcon_core.environment:checking '/home/masterthesis/kaixi_crospi_ws/install/trossen_widowx_driver_crospi/bin'
[0.984s] INFO:colcon.colcon_core.shell:Creating package script '/home/masterthesis/kaixi_crospi_ws/install/trossen_widowx_driver_crospi/share/trossen_widowx_driver_crospi/package.ps1'
[0.985s] INFO:colcon.colcon_core.shell:Creating package descriptor '/home/masterthesis/kaixi_crospi_ws/install/trossen_widowx_driver_crospi/share/trossen_widowx_driver_crospi/package.dsv'
[0.985s] INFO:colcon.colcon_core.shell:Creating package script '/home/masterthesis/kaixi_crospi_ws/install/trossen_widowx_driver_crospi/share/trossen_widowx_driver_crospi/package.sh'
[0.986s] INFO:colcon.colcon_core.shell:Creating package script '/home/masterthesis/kaixi_crospi_ws/install/trossen_widowx_driver_crospi/share/trossen_widowx_driver_crospi/package.bash'
[0.986s] INFO:colcon.colcon_core.shell:Creating package script '/home/masterthesis/kaixi_crospi_ws/install/trossen_widowx_driver_crospi/share/trossen_widowx_driver_crospi/package.zsh'
[0.986s] Level 1:colcon.colcon_core.environment:create_file_with_runtime_dependencies(/home/masterthesis/kaixi_crospi_ws/install/trossen_widowx_driver_crospi/share/colcon-core/packages/trossen_widowx_driver_crospi)
[2.462s] DEBUG:colcon.colcon_core.event_handler.log_command:Invoked command in '/home/masterthesis/kaixi_crospi_ws/build/crospi_application_template' returned '0': CMAKE_PREFIX_PATH=${CMAKE_PREFIX_PATH}:/opt/ros2_crospi_ws/install/betfsm_demos:/opt/ros2_crospi_ws/install/betfsm:/opt/ros/humble /usr/bin/cmake --build /home/masterthesis/kaixi_crospi_ws/build/crospi_application_template -- -j16 -l16
[2.464s] DEBUG:colcon.colcon_core.event_handler.log_command:Invoking command in '/home/masterthesis/kaixi_crospi_ws/build/crospi_application_template': CMAKE_PREFIX_PATH=${CMAKE_PREFIX_PATH}:/opt/ros2_crospi_ws/install/betfsm_demos:/opt/ros2_crospi_ws/install/betfsm:/opt/ros/humble /usr/bin/cmake --install /home/masterthesis/kaixi_crospi_ws/build/crospi_application_template
[2.524s] Level 1:colcon.colcon_core.environment:create_environment_scripts_only(crospi_application_template)
[2.524s] Level 1:colcon.colcon_core.environment:checking '/home/masterthesis/kaixi_crospi_ws/install/crospi_application_template' for CMake module files
[2.524s] DEBUG:colcon.colcon_core.event_handler.log_command:Invoked command in '/home/masterthesis/kaixi_crospi_ws/build/crospi_application_template' returned '0': CMAKE_PREFIX_PATH=${CMAKE_PREFIX_PATH}:/opt/ros2_crospi_ws/install/betfsm_demos:/opt/ros2_crospi_ws/install/betfsm:/opt/ros/humble /usr/bin/cmake --install /home/masterthesis/kaixi_crospi_ws/build/crospi_application_template
[2.524s] Level 1:colcon.colcon_core.environment:checking '/home/masterthesis/kaixi_crospi_ws/install/crospi_application_template' for CMake config files
[2.525s] Level 1:colcon.colcon_core.shell:create_environment_hook('crospi_application_template', 'cmake_prefix_path')
[2.525s] INFO:colcon.colcon_core.shell:Creating environment hook '/home/masterthesis/kaixi_crospi_ws/install/crospi_application_template/share/crospi_application_template/hook/cmake_prefix_path.ps1'
[2.526s] INFO:colcon.colcon_core.shell:Creating environment descriptor '/home/masterthesis/kaixi_crospi_ws/install/crospi_application_template/share/crospi_application_template/hook/cmake_prefix_path.dsv'
[2.526s] INFO:colcon.colcon_core.shell:Creating environment hook '/home/masterthesis/kaixi_crospi_ws/install/crospi_application_template/share/crospi_application_template/hook/cmake_prefix_path.sh'
[2.526s] Level 1:colcon.colcon_core.environment:checking '/home/masterthesis/kaixi_crospi_ws/install/crospi_application_template/lib'
[2.526s] Level 1:colcon.colcon_core.environment:checking '/home/masterthesis/kaixi_crospi_ws/install/crospi_application_template/bin'
[2.526s] Level 1:colcon.colcon_core.environment:checking '/home/masterthesis/kaixi_crospi_ws/install/crospi_application_template/lib/pkgconfig/crospi_application_template.pc'
[2.527s] Level 1:colcon.colcon_core.environment:checking '/home/masterthesis/kaixi_crospi_ws/install/crospi_application_template/lib/python3.10/site-packages'
[2.527s] Level 1:colcon.colcon_core.environment:checking '/home/masterthesis/kaixi_crospi_ws/install/crospi_application_template/bin'
[2.527s] INFO:colcon.colcon_core.shell:Creating package script '/home/masterthesis/kaixi_crospi_ws/install/crospi_application_template/share/crospi_application_template/package.ps1'
[2.527s] INFO:colcon.colcon_core.shell:Creating package descriptor '/home/masterthesis/kaixi_crospi_ws/install/crospi_application_template/share/crospi_application_template/package.dsv'
[2.528s] INFO:colcon.colcon_core.shell:Creating package script '/home/masterthesis/kaixi_crospi_ws/install/crospi_application_template/share/crospi_application_template/package.sh'
[2.528s] INFO:colcon.colcon_core.shell:Creating package script '/home/masterthesis/kaixi_crospi_ws/install/crospi_application_template/share/crospi_application_template/package.bash'
[2.528s] INFO:colcon.colcon_core.shell:Creating package script '/home/masterthesis/kaixi_crospi_ws/install/crospi_application_template/share/crospi_application_template/package.zsh'
[2.529s] Level 1:colcon.colcon_core.environment:create_file_with_runtime_dependencies(/home/masterthesis/kaixi_crospi_ws/install/crospi_application_template/share/colcon-core/packages/crospi_application_template)
[2.529s] Level 1:colcon.colcon_core.environment:create_environment_scripts_only(crospi_application_template)
[2.529s] Level 1:colcon.colcon_core.environment:checking '/home/masterthesis/kaixi_crospi_ws/install/crospi_application_template' for CMake module files
[2.530s] Level 1:colcon.colcon_core.environment:checking '/home/masterthesis/kaixi_crospi_ws/install/crospi_application_template' for CMake config files
[2.530s] Level 1:colcon.colcon_core.shell:create_environment_hook('crospi_application_template', 'cmake_prefix_path')
[2.530s] INFO:colcon.colcon_core.shell:Creating environment hook '/home/masterthesis/kaixi_crospi_ws/install/crospi_application_template/share/crospi_application_template/hook/cmake_prefix_path.ps1'
[2.530s] INFO:colcon.colcon_core.shell:Creating environment descriptor '/home/masterthesis/kaixi_crospi_ws/install/crospi_application_template/share/crospi_application_template/hook/cmake_prefix_path.dsv'
[2.531s] INFO:colcon.colcon_core.shell:Creating environment hook '/home/masterthesis/kaixi_crospi_ws/install/crospi_application_template/share/crospi_application_template/hook/cmake_prefix_path.sh'
[2.531s] Level 1:colcon.colcon_core.environment:checking '/home/masterthesis/kaixi_crospi_ws/install/crospi_application_template/lib'
[2.531s] Level 1:colcon.colcon_core.environment:checking '/home/masterthesis/kaixi_crospi_ws/install/crospi_application_template/bin'
[2.531s] Level 1:colcon.colcon_core.environment:checking '/home/masterthesis/kaixi_crospi_ws/install/crospi_application_template/lib/pkgconfig/crospi_application_template.pc'
[2.531s] Level 1:colcon.colcon_core.environment:checking '/home/masterthesis/kaixi_crospi_ws/install/crospi_application_template/lib/python3.10/site-packages'
[2.532s] Level 1:colcon.colcon_core.environment:checking '/home/masterthesis/kaixi_crospi_ws/install/crospi_application_template/bin'
[2.532s] INFO:colcon.colcon_core.shell:Creating package script '/home/masterthesis/kaixi_crospi_ws/install/crospi_application_template/share/crospi_application_template/package.ps1'
[2.532s] INFO:colcon.colcon_core.shell:Creating package descriptor '/home/masterthesis/kaixi_crospi_ws/install/crospi_application_template/share/crospi_application_template/package.dsv'
[2.533s] INFO:colcon.colcon_core.shell:Creating package script '/home/masterthesis/kaixi_crospi_ws/install/crospi_application_template/share/crospi_application_template/package.sh'
[2.533s] INFO:colcon.colcon_core.shell:Creating package script '/home/masterthesis/kaixi_crospi_ws/install/crospi_application_template/share/crospi_application_template/package.bash'
[2.533s] INFO:colcon.colcon_core.shell:Creating package script '/home/masterthesis/kaixi_crospi_ws/install/crospi_application_template/share/crospi_application_template/package.zsh'
[2.534s] Level 1:colcon.colcon_core.environment:create_file_with_runtime_dependencies(/home/masterthesis/kaixi_crospi_ws/install/crospi_application_template/share/colcon-core/packages/crospi_application_template)
[2.534s] DEBUG:colcon.colcon_parallel_executor.executor.parallel:closing loop
[2.534s] DEBUG:colcon.colcon_parallel_executor.executor.parallel:loop closed
[2.534s] DEBUG:colcon.colcon_parallel_executor.executor.parallel:run_until_complete finished with '0'
[2.534s] DEBUG:colcon.colcon_core.event_reactor:joining thread
[2.540s] INFO:colcon.colcon_core.plugin_system:Skipping extension 'colcon_notification.desktop_notification.notify_send': Could not find 'notify-send'
[2.540s] INFO:colcon.colcon_core.plugin_system:Skipping extension 'colcon_notification.desktop_notification.terminal_notifier': Not used on non-Darwin systems
[2.540s] INFO:colcon.colcon_core.plugin_system:Skipping extension 'colcon_notification.desktop_notification.win32': Not used on non-Windows systems
[2.541s] INFO:colcon.colcon_notification.desktop_notification:Sending desktop notification using 'notify2'
[2.569s] DEBUG:colcon.colcon_core.event_reactor:joined thread
[2.569s] INFO:colcon.colcon_core.shell:Creating prefix script '/home/masterthesis/kaixi_crospi_ws/install/local_setup.ps1'
[2.570s] INFO:colcon.colcon_core.shell:Creating prefix util module '/home/masterthesis/kaixi_crospi_ws/install/_local_setup_util_ps1.py'
[2.571s] INFO:colcon.colcon_core.shell:Creating prefix chain script '/home/masterthesis/kaixi_crospi_ws/install/setup.ps1'
[2.573s] INFO:colcon.colcon_core.shell:Creating prefix script '/home/masterthesis/kaixi_crospi_ws/install/local_setup.sh'
[2.573s] INFO:colcon.colcon_core.shell:Creating prefix util module '/home/masterthesis/kaixi_crospi_ws/install/_local_setup_util_sh.py'
[2.574s] INFO:colcon.colcon_core.shell:Creating prefix chain script '/home/masterthesis/kaixi_crospi_ws/install/setup.sh'
[2.575s] INFO:colcon.colcon_core.shell:Creating prefix script '/home/masterthesis/kaixi_crospi_ws/install/local_setup.bash'
[2.575s] INFO:colcon.colcon_core.shell:Creating prefix chain script '/home/masterthesis/kaixi_crospi_ws/install/setup.bash'
[2.577s] INFO:colcon.colcon_core.shell:Creating prefix script '/home/masterthesis/kaixi_crospi_ws/install/local_setup.zsh'
[2.577s] INFO:colcon.colcon_core.shell:Creating prefix chain script '/home/masterthesis/kaixi_crospi_ws/install/setup.zsh'
