running develop
running egg_info
creating betfsm.egg-info
writing betfsm.egg-info/PKG-INFO
writing dependency_links to betfsm.egg-info/dependency_links.txt
writing entry points to betfsm.egg-info/entry_points.txt
writing requirements to betfsm.egg-info/requires.txt
writing top-level names to betfsm.egg-info/top_level.txt
writing manifest file 'betfsm.egg-info/SOURCES.txt'
reading manifest file 'betfsm.egg-info/SOURCES.txt'
writing manifest file 'betfsm.egg-info/SOURCES.txt'
running build_ext
Creating /home/masterthesis/kaixi_crospi_ws/install/betfsm/lib/python3.10/site-packages/betfsm.egg-link (link to .)
Installing web_server script to /home/masterthesis/kaixi_crospi_ws/install/betfsm/lib/betfsm

Installed /home/masterthesis/kaixi_crospi_ws/build/betfsm
running symlink_data
creating /home/masterthesis/kaixi_crospi_ws/install/betfsm/share/ament_index
creating /home/masterthesis/kaixi_crospi_ws/install/betfsm/share/ament_index/resource_index
creating /home/masterthesis/kaixi_crospi_ws/install/betfsm/share/ament_index/resource_index/packages
symbolically linking /home/masterthesis/kaixi_crospi_ws/build/betfsm/resource/betfsm -> /home/masterthesis/kaixi_crospi_ws/install/betfsm/share/ament_index/resource_index/packages
symbolically linking /home/masterthesis/kaixi_crospi_ws/build/betfsm/package.xml -> /home/masterthesis/kaixi_crospi_ws/install/betfsm/share/betfsm
