[1.148s] Invoking command in '/home/masterthesis/kaixi_crospi_ws/build/betfsm': AMENT_PREFIX_PATH=/home/masterthesis/kaixi_crospi_ws/install/betfsm_interfaces:${AMENT_PREFIX_PATH} CMAKE_PREFIX_PATH=/home/masterthesis/kaixi_crospi_ws/install/betfsm_interfaces:${CMAKE_PREFIX_PATH} LD_LIBRARY_PATH=/home/masterthesis/kaixi_crospi_ws/install/betfsm_interfaces/lib:/home/masterthesis/workspaces_ros2/kaixi_ws/install/trossen_arm_controllers/lib:/home/masterthesis/workspaces_ros2/kaixi_ws/install/trossen_arm_hardware/lib:/opt/ros2_crospi_ws/install/template_driver_crospi/lib:/opt/ros2_crospi_ws/install/crospi_default_plugins/lib:/opt/ros2_crospi_ws/install/crospi_core/lib:/opt/ros2_crospi_ws/install/etasl_wrapper/lib:/opt/ros2_crospi_ws/install/crospi_interfaces/lib:/opt/ros2_crospi_ws/install/betfsm_interfaces/lib:/opt/ros/humble/opt/rviz_ogre_vendor/lib:/opt/ros/humble/lib/x86_64-linux-gnu:/opt/ros/humble/lib:/opt/boost_1.89.0/lib PYTHONPATH=/home/masterthesis/kaixi_crospi_ws/build/betfsm/prefix_override:/usr/lib/python3/dist-packages/colcon_core/task/python/colcon_distutils_commands:/home/masterthesis/kaixi_crospi_ws/install/betfsm/lib/python3.10/site-packages:/home/masterthesis/kaixi_crospi_ws/install/betfsm_interfaces/local/lib/python3.10/dist-packages:${PYTHONPATH} /usr/bin/python3 -W ignore:setup.py install is deprecated -W ignore:easy_install command is deprecated setup.py develop --editable --build-directory /home/masterthesis/kaixi_crospi_ws/build/betfsm/build --no-deps symlink_data
[1.606s] running develop
[1.949s] running egg_info
[1.950s] creating betfsm.egg-info
[1.950s] writing betfsm.egg-info/PKG-INFO
[1.951s] writing dependency_links to betfsm.egg-info/dependency_links.txt
[1.951s] writing entry points to betfsm.egg-info/entry_points.txt
[1.951s] writing requirements to betfsm.egg-info/requires.txt
[1.951s] writing top-level names to betfsm.egg-info/top_level.txt
[1.952s] writing manifest file 'betfsm.egg-info/SOURCES.txt'
[1.955s] reading manifest file 'betfsm.egg-info/SOURCES.txt'
[1.955s] writing manifest file 'betfsm.egg-info/SOURCES.txt'
[1.958s] running build_ext
[1.958s] Creating /home/masterthesis/kaixi_crospi_ws/install/betfsm/lib/python3.10/site-packages/betfsm.egg-link (link to .)
[1.960s] Installing web_server script to /home/masterthesis/kaixi_crospi_ws/install/betfsm/lib/betfsm
[1.960s] 
[1.960s] Installed /home/masterthesis/kaixi_crospi_ws/build/betfsm
[1.960s] running symlink_data
[1.961s] creating /home/masterthesis/kaixi_crospi_ws/install/betfsm/share/ament_index
[1.961s] creating /home/masterthesis/kaixi_crospi_ws/install/betfsm/share/ament_index/resource_index
[1.961s] creating /home/masterthesis/kaixi_crospi_ws/install/betfsm/share/ament_index/resource_index/packages
[1.962s] symbolically linking /home/masterthesis/kaixi_crospi_ws/build/betfsm/resource/betfsm -> /home/masterthesis/kaixi_crospi_ws/install/betfsm/share/ament_index/resource_index/packages
[1.964s] symbolically linking /home/masterthesis/kaixi_crospi_ws/build/betfsm/package.xml -> /home/masterthesis/kaixi_crospi_ws/install/betfsm/share/betfsm
[2.016s] Invoked command in '/home/masterthesis/kaixi_crospi_ws/build/betfsm' returned '0': AMENT_PREFIX_PATH=/home/masterthesis/kaixi_crospi_ws/install/betfsm_interfaces:${AMENT_PREFIX_PATH} CMAKE_PREFIX_PATH=/home/masterthesis/kaixi_crospi_ws/install/betfsm_interfaces:${CMAKE_PREFIX_PATH} LD_LIBRARY_PATH=/home/masterthesis/kaixi_crospi_ws/install/betfsm_interfaces/lib:/home/masterthesis/workspaces_ros2/kaixi_ws/install/trossen_arm_controllers/lib:/home/masterthesis/workspaces_ros2/kaixi_ws/install/trossen_arm_hardware/lib:/opt/ros2_crospi_ws/install/template_driver_crospi/lib:/opt/ros2_crospi_ws/install/crospi_default_plugins/lib:/opt/ros2_crospi_ws/install/crospi_core/lib:/opt/ros2_crospi_ws/install/etasl_wrapper/lib:/opt/ros2_crospi_ws/install/crospi_interfaces/lib:/opt/ros2_crospi_ws/install/betfsm_interfaces/lib:/opt/ros/humble/opt/rviz_ogre_vendor/lib:/opt/ros/humble/lib/x86_64-linux-gnu:/opt/ros/humble/lib:/opt/boost_1.89.0/lib PYTHONPATH=/home/masterthesis/kaixi_crospi_ws/build/betfsm/prefix_override:/usr/lib/python3/dist-packages/colcon_core/task/python/colcon_distutils_commands:/home/masterthesis/kaixi_crospi_ws/install/betfsm/lib/python3.10/site-packages:/home/masterthesis/kaixi_crospi_ws/install/betfsm_interfaces/local/lib/python3.10/dist-packages:${PYTHONPATH} /usr/bin/python3 -W ignore:setup.py install is deprecated -W ignore:easy_install command is deprecated setup.py develop --editable --build-directory /home/masterthesis/kaixi_crospi_ws/build/betfsm/build --no-deps symlink_data
