[0.020s] Invoking command in '/home/masterthesis/kaixi_crospi_ws/build/crospi_application_template': AMENT_PREFIX_PATH=/home/masterthesis/kaixi_crospi_ws/install/crospi_core:/home/masterthesis/kaixi_crospi_ws/install/etasl_wrapper:/home/masterthesis/kaixi_crospi_ws/install/crospi_interfaces:${AMENT_PREFIX_PATH} CMAKE_PREFIX_PATH=/home/masterthesis/kaixi_crospi_ws/install/crospi_core:/home/masterthesis/kaixi_crospi_ws/install/etasl_wrapper:/home/masterthesis/kaixi_crospi_ws/install/crospi_interfaces:/home/masterthesis/workspaces_ros2/kaixi_ws/install/ur_description:/home/masterthesis/workspaces_ros2/kaixi_ws/install/trossen_arm_ros:/home/masterthesis/workspaces_ros2/kaixi_ws/install/trossen_arm_moveit:/home/masterthesis/workspaces_ros2/kaixi_ws/install/trossen_arm_controllers:/home/masterthesis/workspaces_ros2/kaixi_ws/install/trossen_arm_bringup:/home/masterthesis/workspaces_ros2/kaixi_ws/install/trossen_arm_hardware:/home/masterthesis/workspaces_ros2/kaixi_ws/install/trossen_arm_description:/opt/ros2_crospi_ws/install/betfsm_demos:/opt/ros2_crospi_ws/install/betfsm:/opt/ros/humble:/home/masterthesis/workspaces_ros2/kaixi_ws/install/libtrossen_arm:/home/masterthesis/workspaces_ros2/kaixi_ws/install/crospi_application_template:/opt/ros2_crospi_ws/install/template_driver_crospi:/opt/ros2_crospi_ws/install/crospi_default_plugins:/opt/ros2_crospi_ws/install/crospi_core:/opt/ros2_crospi_ws/install/etasl_wrapper:/opt/ros2_crospi_ws/install/crospi_interfaces:/opt/ros2_crospi_ws/install/betfsm_interfaces LD_LIBRARY_PATH=/home/masterthesis/kaixi_crospi_ws/install/crospi_core/lib:/home/masterthesis/kaixi_crospi_ws/install/etasl_wrapper/lib:/home/masterthesis/kaixi_crospi_ws/install/crospi_interfaces/lib:/home/masterthesis/workspaces_ros2/kaixi_ws/install/trossen_arm_controllers/lib:/home/masterthesis/workspaces_ros2/kaixi_ws/install/trossen_arm_hardware/lib:/opt/ros2_crospi_ws/install/template_driver_crospi/lib:/opt/ros2_crospi_ws/install/crospi_default_plugins/lib:/opt/ros2_crospi_ws/install/crospi_core/lib:/opt/ros2_crospi_ws/install/etasl_wrapper/lib:/opt/ros2_crospi_ws/install/crospi_interfaces/lib:/opt/ros2_crospi_ws/install/betfsm_interfaces/lib:/opt/ros/humble/opt/rviz_ogre_vendor/lib:/opt/ros/humble/lib/x86_64-linux-gnu:/opt/ros/humble/lib:/opt/boost_1.89.0/lib LUA_CPATH=${LUA_CPATH};/home/masterthesis/kaixi_crospi_ws/install/etasl_wrapper/lib/?.so;/home/masterthesis/kaixi_crospi_ws/install/crospi_core/lib/?.so LUA_PATH=?.lua;?.lua;?.lua;?.lua;;/opt/ros2_crospi_ws/install/etasl_wrapper/lib/etasl1.5/?.lua;/opt/ros2_crospi_ws/install/etasl_wrapper/lib/etasl1.5/xml2lua/?.lua;/opt/ros2_crospi_ws/src/crospi/crospi_core/scripts/lib/?.lua;/opt/ros2_crospi_ws/src/crospi/crospi_core/?.lua;/usr/local/share/lua/5.1/?.lua;/opt/ros2_crospi_ws/install/etasl_wrapper/lib/etasl1.5/?.lua;/opt/ros2_crospi_ws/install/etasl_wrapper/lib/etasl1.5/xml2lua/?.lua;/opt/ros2_crospi_ws/src/crospi/crospi_core/scripts/lib/?.lua;/opt/ros2_crospi_ws/src/crospi/crospi_core/?.lua;/usr/local/share/lua/5.1/?.lua;/opt/ros2_crospi_ws/install/etasl_wrapper/lib/etasl1.5/?.lua;/opt/ros2_crospi_ws/install/etasl_wrapper/lib/etasl1.5/xml2lua/?.lua;/opt/ros2_crospi_ws/src/crospi/crospi_core/scripts/lib/?.lua;/opt/ros2_crospi_ws/src/crospi/crospi_core/?.lua;/usr/local/share/lua/5.1/?.lua;/home/masterthesis/kaixi_crospi_ws/install/etasl_wrapper/lib/etasl1.5/?.lua;/home/masterthesis/kaixi_crospi_ws/install/etasl_wrapper/lib/etasl1.5/xml2lua/?.lua;/home/masterthesis/kaixi_crospi_ws/src/crospi/crospi_core/scripts/lib/?.lua;/home/masterthesis/kaixi_crospi_ws/src/crospi/crospi_core/?.lua;/usr/local/share/lua/5.1/?.lua PATH=/home/masterthesis/kaixi_crospi_ws/install/etasl_wrapper/bin:${PATH} PYTHONPATH=/home/masterthesis/kaixi_crospi_ws/install/crospi_core/local/lib/python3.10/dist-packages:/home/masterthesis/kaixi_crospi_ws/install/crospi_interfaces/local/lib/python3.10/dist-packages:${PYTHONPATH} /usr/bin/cmake --build /home/masterthesis/kaixi_crospi_ws/build/crospi_application_template -- -j16 -l16
[0.055s] [100%] [34m[1mconstructing tasks-schema.json file[0m
[0.055s] [100%] [34m[1mconstructing json schema bundled file from /home/masterthesis/kaixi_crospi_ws/src/crospi/crospi_application_template/schemas/blackboard-schema.json to /home/masterthesis/kaixi_crospi_ws/src/crospi/crospi_application_template/schemas/generated/blackboard-schema-bundled.json[0m
[0.055s] [100%] [34m[1mconstructing json schema files for the setup configuration[0m
[0.060s] -------------------
[0.060s] Generating JSON-SCHEMA file for task specification: /home/masterthesis/kaixi_crospi_ws/src/crospi/crospi_application_template/task_specifications/libraries/core_task_lib/task_specifications/follow_spline.etasl.lua...
[0.062s] [100%] Built target ament_cmake_python_symlink_skill_specifications
[0.083s] Code was exited after generating the JSON Schema file, since this should not be done during execution but only in the generation phase.
[0.083s] -------------------
[0.083s] Generating JSON-SCHEMA file for task specification: /home/masterthesis/kaixi_crospi_ws/src/crospi/crospi_application_template/task_specifications/libraries/core_task_lib/task_specifications/idle.etasl.lua...
[0.087s] Generating JSON schema for robotdriver.json with 1 the following detected installed plugins:
[0.087s] --template_driver_crospi.schema.json: a json schema with the exact name (case-sensitive) was found!
[0.087s] JSON schema successfully generated and saved to schemas/generated/robotdriver.json
[0.087s]  
[0.087s] Generating JSON schema for inputhandler.json with 6 the following detected installed plugins:
[0.087s] --TwistInputHandler.schema.json: a json schema with the exact name (case-sensitive) was found!
[0.087s] --WrenchInputHandler.schema.json: a json schema with the exact name (case-sensitive) was found!
[0.087s] --TopicInputHandler.schema.json: a json schema with the exact name (case-sensitive) was found!
[0.087s] --PoseInputHandler.schema.json: a json schema with the exact name (case-sensitive) was found!
[0.087s] --VectorInputHandler.schema.json: a json schema with the exact name (case-sensitive) was found!
[0.087s] --TFInputHandler.schema.json: a json schema with the exact name (case-sensitive) was found!
[0.088s] JSON schema successfully generated and saved to schemas/generated/inputhandler.json
[0.088s]  
[0.088s] Generating JSON schema for outputhandler.json with 3 the following detected installed plugins:
[0.088s] --JointStateOutputHandler.schema.json: a json schema with the exact name (case-sensitive) was found!
[0.088s] --TopicOutputHandler.schema.json: a json schema with the exact name (case-sensitive) was found!
[0.088s] --TopicOutputDerivativesHandler.schema.json: a json schema with the exact name (case-sensitive) was found!
[0.088s] JSON schema successfully generated and saved to schemas/generated/outputhandler.json
[0.088s]  
[0.088s] Generating JSON schema for robotsimulator.json with 1 the following detected installed plugins:
[0.088s] --simple_kinematic_simulation.schema.json: a json schema with the exact name (case-sensitive) was found!
[0.088s] JSON schema successfully generated and saved to schemas/generated/robotsimulator.json
[0.088s]  
[0.097s] [100%] Built target PLUGIN_SCHEMA_JSON
[0.104s] Code was exited after generating the JSON Schema file, since this should not be done during execution but only in the generation phase.
[0.104s] -------------------
[0.104s] Generating JSON-SCHEMA file for task specification: /home/masterthesis/kaixi_crospi_ws/src/crospi/crospi_application_template/task_specifications/libraries/core_task_lib/task_specifications/keep_relative_initial_pose.etasl.lua...
[0.124s] Code was exited after generating the JSON Schema file, since this should not be done during execution but only in the generation phase.
[0.125s] -------------------
[0.125s] Generating JSON-SCHEMA file for task specification: /home/masterthesis/kaixi_crospi_ws/src/crospi/crospi_application_template/task_specifications/libraries/core_task_lib/task_specifications/move_admittance.etasl.lua...
[0.145s] Code was exited after generating the JSON Schema file, since this should not be done during execution but only in the generation phase.
[0.146s] -------------------
[0.146s] Generating JSON-SCHEMA file for task specification: /home/masterthesis/kaixi_crospi_ws/src/crospi/crospi_application_template/task_specifications/libraries/core_task_lib/task_specifications/move_cartesianspace_absolute_pose.etasl.lua...
[0.166s] Code was exited after generating the JSON Schema file, since this should not be done during execution but only in the generation phase.
[0.167s] -------------------
[0.167s] Generating JSON-SCHEMA file for task specification: /home/masterthesis/kaixi_crospi_ws/src/crospi/crospi_application_template/task_specifications/libraries/core_task_lib/task_specifications/move_cartesianspace_relative.etasl.lua...
[0.186s] Code was exited after generating the JSON Schema file, since this should not be done during execution but only in the generation phase.
[0.187s] -------------------
[0.187s] Generating JSON-SCHEMA file for task specification: /home/masterthesis/kaixi_crospi_ws/src/crospi/crospi_application_template/task_specifications/libraries/core_task_lib/task_specifications/move_jointspace_trap.etasl.lua...
[0.206s] Code was exited after generating the JSON Schema file, since this should not be done during execution but only in the generation phase.
[0.206s] -------------------
[0.207s] Generating JSON-SCHEMA file for task specification: /home/masterthesis/kaixi_crospi_ws/src/crospi/crospi_application_template/task_specifications/libraries/core_task_lib/task_specifications/move_jointspace_trap_subset.etasl.lua...
[0.226s] Code was exited after generating the JSON Schema file, since this should not be done during execution but only in the generation phase.
[0.227s] -------------------
[0.227s] Generating JSON-SCHEMA file for task specification: /home/masterthesis/kaixi_crospi_ws/src/crospi/crospi_application_template/task_specifications/libraries/core_task_lib/task_specifications/move_joystick.etasl.lua...
[0.247s] Code was exited after generating the JSON Schema file, since this should not be done during execution but only in the generation phase.
[0.248s] -------------------
[0.248s] Generating JSON-SCHEMA file for task specification: /home/masterthesis/kaixi_crospi_ws/src/crospi/crospi_application_template/task_specifications/libraries/debug_lib/task_specifications/move_joystick_reading_sensor_vals_driver.etasl.lua...
[0.268s] Code was exited after generating the JSON Schema file, since this should not be done during execution but only in the generation phase.
[0.268s] -------------------
[0.268s] Generating JSON-SCHEMA file for task specification: /home/masterthesis/kaixi_crospi_ws/src/crospi/crospi_application_template/task_specifications/libraries/debug_lib/task_specifications/move_sine_waves_jointspace.etasl.lua...
[0.283s] running egg_info
[0.283s] writing skill_specifications.egg-info/PKG-INFO
[0.283s] writing dependency_links to skill_specifications.egg-info/dependency_links.txt
[0.283s] writing top-level names to skill_specifications.egg-info/top_level.txt
[0.285s] reading manifest file 'skill_specifications.egg-info/SOURCES.txt'
[0.285s] writing manifest file 'skill_specifications.egg-info/SOURCES.txt'
[0.288s] Code was exited after generating the JSON Schema file, since this should not be done during execution but only in the generation phase.
[0.290s] -------------------
[0.290s] Generating JSON-SCHEMA file for task specification: /home/masterthesis/kaixi_crospi_ws/src/crospi/crospi_application_template/task_specifications/libraries/dummy_lib/task_specifications/follow_external_frame.etasl.lua...
[0.304s] [100%] Built target ament_cmake_python_build_skill_specifications_egg
[0.309s] Code was exited after generating the JSON Schema file, since this should not be done during execution but only in the generation phase.
[0.310s] -------------------
[0.310s] Generating JSON-SCHEMA file for task specification: /home/masterthesis/kaixi_crospi_ws/src/crospi/crospi_application_template/task_specifications/libraries/dummy_lib/task_specifications/follow_external_vector.etasl.lua...
[0.329s] Code was exited after generating the JSON Schema file, since this should not be done during execution but only in the generation phase.
[0.330s] -------------------
[0.330s] Generating JSON-SCHEMA file for task specification: /home/masterthesis/kaixi_crospi_ws/src/crospi/crospi_application_template/robot_models/robot_specifications/kuka_iiwa.etasl.lua...
[0.331s] -------------------
[0.332s] Generating JSON-SCHEMA file for task specification: /home/masterthesis/kaixi_crospi_ws/src/crospi/crospi_application_template/robot_models/robot_specifications/ur10.etasl.lua...
[0.333s] -------------------
[0.333s] Generating JSON-SCHEMA file for task specification: /home/masterthesis/kaixi_crospi_ws/src/crospi/crospi_application_template/robot_models/robot_specifications/ur10e.etasl.lua...
[0.334s] Generating JSON-SCHEMA general file for defining instances of task specifications
[0.334s] -------------------
[0.337s] -------------------
[0.339s] -------------------
[0.341s] -------------------
[0.343s] -------------------
[0.345s] -------------------
[0.347s] -------------------
[0.350s] -------------------
[0.351s] -------------------
[0.353s] -------------------
[0.355s] -------------------
[0.358s] -------------------
[0.360s] -------------------
[0.363s] JSON schema generated at ../tasks-schema.json
[0.369s] [100%] Built target TASKS_SCHEMA_JSON
[2.226s] Compiled schema saved to: /home/masterthesis/kaixi_crospi_ws/src/crospi/crospi_application_template/schemas/generated/blackboard-schema-bundled.json
[2.263s] [100%] Built target BUNDLE_SCHEMA_JSON
[2.275s] Invoked command in '/home/masterthesis/kaixi_crospi_ws/build/crospi_application_template' returned '0': AMENT_PREFIX_PATH=/home/masterthesis/kaixi_crospi_ws/install/crospi_core:/home/masterthesis/kaixi_crospi_ws/install/etasl_wrapper:/home/masterthesis/kaixi_crospi_ws/install/crospi_interfaces:${AMENT_PREFIX_PATH} CMAKE_PREFIX_PATH=/home/masterthesis/kaixi_crospi_ws/install/crospi_core:/home/masterthesis/kaixi_crospi_ws/install/etasl_wrapper:/home/masterthesis/kaixi_crospi_ws/install/crospi_interfaces:/home/masterthesis/workspaces_ros2/kaixi_ws/install/ur_description:/home/masterthesis/workspaces_ros2/kaixi_ws/install/trossen_arm_ros:/home/masterthesis/workspaces_ros2/kaixi_ws/install/trossen_arm_moveit:/home/masterthesis/workspaces_ros2/kaixi_ws/install/trossen_arm_controllers:/home/masterthesis/workspaces_ros2/kaixi_ws/install/trossen_arm_bringup:/home/masterthesis/workspaces_ros2/kaixi_ws/install/trossen_arm_hardware:/home/masterthesis/workspaces_ros2/kaixi_ws/install/trossen_arm_description:/opt/ros2_crospi_ws/install/betfsm_demos:/opt/ros2_crospi_ws/install/betfsm:/opt/ros/humble:/home/masterthesis/workspaces_ros2/kaixi_ws/install/libtrossen_arm:/home/masterthesis/workspaces_ros2/kaixi_ws/install/crospi_application_template:/opt/ros2_crospi_ws/install/template_driver_crospi:/opt/ros2_crospi_ws/install/crospi_default_plugins:/opt/ros2_crospi_ws/install/crospi_core:/opt/ros2_crospi_ws/install/etasl_wrapper:/opt/ros2_crospi_ws/install/crospi_interfaces:/opt/ros2_crospi_ws/install/betfsm_interfaces LD_LIBRARY_PATH=/home/masterthesis/kaixi_crospi_ws/install/crospi_core/lib:/home/masterthesis/kaixi_crospi_ws/install/etasl_wrapper/lib:/home/masterthesis/kaixi_crospi_ws/install/crospi_interfaces/lib:/home/masterthesis/workspaces_ros2/kaixi_ws/install/trossen_arm_controllers/lib:/home/masterthesis/workspaces_ros2/kaixi_ws/install/trossen_arm_hardware/lib:/opt/ros2_crospi_ws/install/template_driver_crospi/lib:/opt/ros2_crospi_ws/install/crospi_default_plugins/lib:/opt/ros2_crospi_ws/install/crospi_core/lib:/opt/ros2_crospi_ws/install/etasl_wrapper/lib:/opt/ros2_crospi_ws/install/crospi_interfaces/lib:/opt/ros2_crospi_ws/install/betfsm_interfaces/lib:/opt/ros/humble/opt/rviz_ogre_vendor/lib:/opt/ros/humble/lib/x86_64-linux-gnu:/opt/ros/humble/lib:/opt/boost_1.89.0/lib LUA_CPATH=${LUA_CPATH};/home/masterthesis/kaixi_crospi_ws/install/etasl_wrapper/lib/?.so;/home/masterthesis/kaixi_crospi_ws/install/crospi_core/lib/?.so LUA_PATH=?.lua;?.lua;?.lua;?.lua;;/opt/ros2_crospi_ws/install/etasl_wrapper/lib/etasl1.5/?.lua;/opt/ros2_crospi_ws/install/etasl_wrapper/lib/etasl1.5/xml2lua/?.lua;/opt/ros2_crospi_ws/src/crospi/crospi_core/scripts/lib/?.lua;/opt/ros2_crospi_ws/src/crospi/crospi_core/?.lua;/usr/local/share/lua/5.1/?.lua;/opt/ros2_crospi_ws/install/etasl_wrapper/lib/etasl1.5/?.lua;/opt/ros2_crospi_ws/install/etasl_wrapper/lib/etasl1.5/xml2lua/?.lua;/opt/ros2_crospi_ws/src/crospi/crospi_core/scripts/lib/?.lua;/opt/ros2_crospi_ws/src/crospi/crospi_core/?.lua;/usr/local/share/lua/5.1/?.lua;/opt/ros2_crospi_ws/install/etasl_wrapper/lib/etasl1.5/?.lua;/opt/ros2_crospi_ws/install/etasl_wrapper/lib/etasl1.5/xml2lua/?.lua;/opt/ros2_crospi_ws/src/crospi/crospi_core/scripts/lib/?.lua;/opt/ros2_crospi_ws/src/crospi/crospi_core/?.lua;/usr/local/share/lua/5.1/?.lua;/home/masterthesis/kaixi_crospi_ws/install/etasl_wrapper/lib/etasl1.5/?.lua;/home/masterthesis/kaixi_crospi_ws/install/etasl_wrapper/lib/etasl1.5/xml2lua/?.lua;/home/masterthesis/kaixi_crospi_ws/src/crospi/crospi_core/scripts/lib/?.lua;/home/masterthesis/kaixi_crospi_ws/src/crospi/crospi_core/?.lua;/usr/local/share/lua/5.1/?.lua PATH=/home/masterthesis/kaixi_crospi_ws/install/etasl_wrapper/bin:${PATH} PYTHONPATH=/home/masterthesis/kaixi_crospi_ws/install/crospi_core/local/lib/python3.10/dist-packages:/home/masterthesis/kaixi_crospi_ws/install/crospi_interfaces/local/lib/python3.10/dist-packages:${PYTHONPATH} /usr/bin/cmake --build /home/masterthesis/kaixi_crospi_ws/build/crospi_application_template -- -j16 -l16
[2.277s] Invoking command in '/home/masterthesis/kaixi_crospi_ws/build/crospi_application_template': AMENT_PREFIX_PATH=/home/masterthesis/kaixi_crospi_ws/install/crospi_core:/home/masterthesis/kaixi_crospi_ws/install/etasl_wrapper:/home/masterthesis/kaixi_crospi_ws/install/crospi_interfaces:${AMENT_PREFIX_PATH} CMAKE_PREFIX_PATH=/home/masterthesis/kaixi_crospi_ws/install/crospi_core:/home/masterthesis/kaixi_crospi_ws/install/etasl_wrapper:/home/masterthesis/kaixi_crospi_ws/install/crospi_interfaces:/home/masterthesis/workspaces_ros2/kaixi_ws/install/ur_description:/home/masterthesis/workspaces_ros2/kaixi_ws/install/trossen_arm_ros:/home/masterthesis/workspaces_ros2/kaixi_ws/install/trossen_arm_moveit:/home/masterthesis/workspaces_ros2/kaixi_ws/install/trossen_arm_controllers:/home/masterthesis/workspaces_ros2/kaixi_ws/install/trossen_arm_bringup:/home/masterthesis/workspaces_ros2/kaixi_ws/install/trossen_arm_hardware:/home/masterthesis/workspaces_ros2/kaixi_ws/install/trossen_arm_description:/opt/ros2_crospi_ws/install/betfsm_demos:/opt/ros2_crospi_ws/install/betfsm:/opt/ros/humble:/home/masterthesis/workspaces_ros2/kaixi_ws/install/libtrossen_arm:/home/masterthesis/workspaces_ros2/kaixi_ws/install/crospi_application_template:/opt/ros2_crospi_ws/install/template_driver_crospi:/opt/ros2_crospi_ws/install/crospi_default_plugins:/opt/ros2_crospi_ws/install/crospi_core:/opt/ros2_crospi_ws/install/etasl_wrapper:/opt/ros2_crospi_ws/install/crospi_interfaces:/opt/ros2_crospi_ws/install/betfsm_interfaces LD_LIBRARY_PATH=/home/masterthesis/kaixi_crospi_ws/install/crospi_core/lib:/home/masterthesis/kaixi_crospi_ws/install/etasl_wrapper/lib:/home/masterthesis/kaixi_crospi_ws/install/crospi_interfaces/lib:/home/masterthesis/workspaces_ros2/kaixi_ws/install/trossen_arm_controllers/lib:/home/masterthesis/workspaces_ros2/kaixi_ws/install/trossen_arm_hardware/lib:/opt/ros2_crospi_ws/install/template_driver_crospi/lib:/opt/ros2_crospi_ws/install/crospi_default_plugins/lib:/opt/ros2_crospi_ws/install/crospi_core/lib:/opt/ros2_crospi_ws/install/etasl_wrapper/lib:/opt/ros2_crospi_ws/install/crospi_interfaces/lib:/opt/ros2_crospi_ws/install/betfsm_interfaces/lib:/opt/ros/humble/opt/rviz_ogre_vendor/lib:/opt/ros/humble/lib/x86_64-linux-gnu:/opt/ros/humble/lib:/opt/boost_1.89.0/lib LUA_CPATH=${LUA_CPATH};/home/masterthesis/kaixi_crospi_ws/install/etasl_wrapper/lib/?.so;/home/masterthesis/kaixi_crospi_ws/install/crospi_core/lib/?.so LUA_PATH=?.lua;?.lua;?.lua;?.lua;;/opt/ros2_crospi_ws/install/etasl_wrapper/lib/etasl1.5/?.lua;/opt/ros2_crospi_ws/install/etasl_wrapper/lib/etasl1.5/xml2lua/?.lua;/opt/ros2_crospi_ws/src/crospi/crospi_core/scripts/lib/?.lua;/opt/ros2_crospi_ws/src/crospi/crospi_core/?.lua;/usr/local/share/lua/5.1/?.lua;/opt/ros2_crospi_ws/install/etasl_wrapper/lib/etasl1.5/?.lua;/opt/ros2_crospi_ws/install/etasl_wrapper/lib/etasl1.5/xml2lua/?.lua;/opt/ros2_crospi_ws/src/crospi/crospi_core/scripts/lib/?.lua;/opt/ros2_crospi_ws/src/crospi/crospi_core/?.lua;/usr/local/share/lua/5.1/?.lua;/opt/ros2_crospi_ws/install/etasl_wrapper/lib/etasl1.5/?.lua;/opt/ros2_crospi_ws/install/etasl_wrapper/lib/etasl1.5/xml2lua/?.lua;/opt/ros2_crospi_ws/src/crospi/crospi_core/scripts/lib/?.lua;/opt/ros2_crospi_ws/src/crospi/crospi_core/?.lua;/usr/local/share/lua/5.1/?.lua;/home/masterthesis/kaixi_crospi_ws/install/etasl_wrapper/lib/etasl1.5/?.lua;/home/masterthesis/kaixi_crospi_ws/install/etasl_wrapper/lib/etasl1.5/xml2lua/?.lua;/home/masterthesis/kaixi_crospi_ws/src/crospi/crospi_core/scripts/lib/?.lua;/home/masterthesis/kaixi_crospi_ws/src/crospi/crospi_core/?.lua;/usr/local/share/lua/5.1/?.lua PATH=/home/masterthesis/kaixi_crospi_ws/install/etasl_wrapper/bin:${PATH} PYTHONPATH=/home/masterthesis/kaixi_crospi_ws/install/crospi_core/local/lib/python3.10/dist-packages:/home/masterthesis/kaixi_crospi_ws/install/crospi_interfaces/local/lib/python3.10/dist-packages:${PYTHONPATH} /usr/bin/cmake --install /home/masterthesis/kaixi_crospi_ws/build/crospi_application_template
[2.285s] -- Install configuration: ""
[2.286s] -- Execute custom install script
[2.286s] -- Up-to-date symlink: /home/masterthesis/kaixi_crospi_ws/install/crospi_application_template/share/crospi_application_template/applications/application_example_tutorials/application_example_tutorials.launch.py
[2.286s] -- Up-to-date symlink: /home/masterthesis/kaixi_crospi_ws/install/crospi_application_template/share/crospi_application_template/applications/application_example_tutorials/application_example_tutorials.setup.json
[2.286s] -- Up-to-date symlink: /home/masterthesis/kaixi_crospi_ws/install/crospi_application_template/share/crospi_application_template/applications/application_example_ur10/application_example_ur10.launch.py
[2.287s] -- Up-to-date symlink: /home/masterthesis/kaixi_crospi_ws/install/crospi_application_template/share/crospi_application_template/applications/application_example_ur10/application_example_ur10.setup.json
[2.287s] -- Up-to-date symlink: /home/masterthesis/kaixi_crospi_ws/install/crospi_application_template/share/crospi_application_template/applications/application_example_ur10/application_example_ur10.skills.json
[2.287s] -- Up-to-date symlink: /home/masterthesis/kaixi_crospi_ws/install/crospi_application_template/share/crospi_application_template/applications/application_example_ur10e/application_example_ur10e.launch.py
[2.287s] -- Up-to-date symlink: /home/masterthesis/kaixi_crospi_ws/install/crospi_application_template/share/crospi_application_template/applications/application_example_ur10e/application_example_ur10e.setup.json
[2.287s] -- Up-to-date symlink: /home/masterthesis/kaixi_crospi_ws/install/crospi_application_template/share/crospi_application_template/applications/application_example_ur10e/application_example_ur10e.skills.json
[2.288s] -- Up-to-date symlink: /home/masterthesis/kaixi_crospi_ws/install/crospi_application_template/share/crospi_application_template/task_specifications/libraries/core_task_lib/.git
[2.288s] -- Up-to-date symlink: /home/masterthesis/kaixi_crospi_ws/install/crospi_application_template/share/crospi_application_template/task_specifications/libraries/core_task_lib/.github/workflows/gitlab-mirror.yml
[2.288s] -- Up-to-date symlink: /home/masterthesis/kaixi_crospi_ws/install/crospi_application_template/share/crospi_application_template/task_specifications/libraries/core_task_lib/LICENSE
[2.289s] -- Up-to-date symlink: /home/masterthesis/kaixi_crospi_ws/install/crospi_application_template/share/crospi_application_template/task_specifications/libraries/core_task_lib/README.md
[2.289s] -- Up-to-date symlink: /home/masterthesis/kaixi_crospi_ws/install/crospi_application_template/share/crospi_application_template/task_specifications/libraries/core_task_lib/task_json_schemas/follow_spline.etasl.json
[2.289s] -- Up-to-date symlink: /home/masterthesis/kaixi_crospi_ws/install/crospi_application_template/share/crospi_application_template/task_specifications/libraries/core_task_lib/task_json_schemas/idle.etasl.json
[2.289s] -- Up-to-date symlink: /home/masterthesis/kaixi_crospi_ws/install/crospi_application_template/share/crospi_application_template/task_specifications/libraries/core_task_lib/task_json_schemas/keep_relative_initial_pose.etasl.json
[2.289s] -- Up-to-date symlink: /home/masterthesis/kaixi_crospi_ws/install/crospi_application_template/share/crospi_application_template/task_specifications/libraries/core_task_lib/task_json_schemas/move_admittance.etasl.json
[2.289s] -- Up-to-date symlink: /home/masterthesis/kaixi_crospi_ws/install/crospi_application_template/share/crospi_application_template/task_specifications/libraries/core_task_lib/task_json_schemas/move_cartesianspace_absolute_pose.etasl.json
[2.289s] -- Up-to-date symlink: /home/masterthesis/kaixi_crospi_ws/install/crospi_application_template/share/crospi_application_template/task_specifications/libraries/core_task_lib/task_json_schemas/move_cartesianspace_relative.etasl.json
[2.290s] -- Up-to-date symlink: /home/masterthesis/kaixi_crospi_ws/install/crospi_application_template/share/crospi_application_template/task_specifications/libraries/core_task_lib/task_json_schemas/move_jointspace_trap.etasl.json
[2.290s] -- Up-to-date symlink: /home/masterthesis/kaixi_crospi_ws/install/crospi_application_template/share/crospi_application_template/task_specifications/libraries/core_task_lib/task_json_schemas/move_jointspace_trap_subset.etasl.json
[2.290s] -- Up-to-date symlink: /home/masterthesis/kaixi_crospi_ws/install/crospi_application_template/share/crospi_application_template/task_specifications/libraries/core_task_lib/task_json_schemas/move_joystick.etasl.json
[2.290s] -- Up-to-date symlink: /home/masterthesis/kaixi_crospi_ws/install/crospi_application_template/share/crospi_application_template/task_specifications/libraries/core_task_lib/task_json_schemas/readme.md
[2.290s] -- Up-to-date symlink: /home/masterthesis/kaixi_crospi_ws/install/crospi_application_template/share/crospi_application_template/task_specifications/libraries/core_task_lib/task_library.json
[2.290s] -- Up-to-date symlink: /home/masterthesis/kaixi_crospi_ws/install/crospi_application_template/share/crospi_application_template/task_specifications/libraries/core_task_lib/task_specifications/follow_spline.etasl.lua
[2.290s] -- Up-to-date symlink: /home/masterthesis/kaixi_crospi_ws/install/crospi_application_template/share/crospi_application_template/task_specifications/libraries/core_task_lib/task_specifications/idle.etasl.lua
[2.291s] -- Up-to-date symlink: /home/masterthesis/kaixi_crospi_ws/install/crospi_application_template/share/crospi_application_template/task_specifications/libraries/core_task_lib/task_specifications/keep_relative_initial_pose.etasl.lua
[2.291s] -- Up-to-date symlink: /home/masterthesis/kaixi_crospi_ws/install/crospi_application_template/share/crospi_application_template/task_specifications/libraries/core_task_lib/task_specifications/misc/example_spline.csv
[2.291s] -- Up-to-date symlink: /home/masterthesis/kaixi_crospi_ws/install/crospi_application_template/share/crospi_application_template/task_specifications/libraries/core_task_lib/task_specifications/move_admittance.etasl.lua
[2.291s] -- Up-to-date symlink: /home/masterthesis/kaixi_crospi_ws/install/crospi_application_template/share/crospi_application_template/task_specifications/libraries/core_task_lib/task_specifications/move_cartesianspace_absolute_pose.etasl.lua
[2.291s] -- Up-to-date symlink: /home/masterthesis/kaixi_crospi_ws/install/crospi_application_template/share/crospi_application_template/task_specifications/libraries/core_task_lib/task_specifications/move_cartesianspace_relative.etasl.lua
[2.291s] -- Up-to-date symlink: /home/masterthesis/kaixi_crospi_ws/install/crospi_application_template/share/crospi_application_template/task_specifications/libraries/core_task_lib/task_specifications/move_jointspace_trap.etasl.lua
[2.291s] -- Up-to-date symlink: /home/masterthesis/kaixi_crospi_ws/install/crospi_application_template/share/crospi_application_template/task_specifications/libraries/core_task_lib/task_specifications/move_jointspace_trap_subset.etasl.lua
[2.292s] -- Up-to-date symlink: /home/masterthesis/kaixi_crospi_ws/install/crospi_application_template/share/crospi_application_template/task_specifications/libraries/core_task_lib/task_specifications/move_joystick.etasl.lua
[2.292s] -- Up-to-date symlink: /home/masterthesis/kaixi_crospi_ws/install/crospi_application_template/share/crospi_application_template/task_specifications/libraries/core_task_lib/task_specifications/utilities/utils_ts.lua
[2.292s] -- Up-to-date symlink: /home/masterthesis/kaixi_crospi_ws/install/crospi_application_template/share/crospi_application_template/task_specifications/libraries/debug_lib/.git
[2.292s] -- Up-to-date symlink: /home/masterthesis/kaixi_crospi_ws/install/crospi_application_template/share/crospi_application_template/task_specifications/libraries/debug_lib/.github/workflows/gitlab-mirror.yml
[2.292s] -- Up-to-date symlink: /home/masterthesis/kaixi_crospi_ws/install/crospi_application_template/share/crospi_application_template/task_specifications/libraries/debug_lib/LICENSE
[2.292s] -- Up-to-date symlink: /home/masterthesis/kaixi_crospi_ws/install/crospi_application_template/share/crospi_application_template/task_specifications/libraries/debug_lib/README.md
[2.293s] -- Up-to-date symlink: /home/masterthesis/kaixi_crospi_ws/install/crospi_application_template/share/crospi_application_template/task_specifications/libraries/debug_lib/task_json_schemas/move_joystick_reading_sensor_vals_driver.etasl.json
[2.293s] -- Up-to-date symlink: /home/masterthesis/kaixi_crospi_ws/install/crospi_application_template/share/crospi_application_template/task_specifications/libraries/debug_lib/task_json_schemas/move_sine_waves_jointspace.etasl.json
[2.293s] -- Up-to-date symlink: /home/masterthesis/kaixi_crospi_ws/install/crospi_application_template/share/crospi_application_template/task_specifications/libraries/debug_lib/task_json_schemas/readme.md
[2.293s] -- Up-to-date symlink: /home/masterthesis/kaixi_crospi_ws/install/crospi_application_template/share/crospi_application_template/task_specifications/libraries/debug_lib/task_library.json
[2.293s] -- Up-to-date symlink: /home/masterthesis/kaixi_crospi_ws/install/crospi_application_template/share/crospi_application_template/task_specifications/libraries/debug_lib/task_specifications/move_joystick_reading_sensor_vals_driver.etasl.lua
[2.293s] -- Up-to-date symlink: /home/masterthesis/kaixi_crospi_ws/install/crospi_application_template/share/crospi_application_template/task_specifications/libraries/debug_lib/task_specifications/move_sine_waves_jointspace.etasl.lua
[2.293s] -- Up-to-date symlink: /home/masterthesis/kaixi_crospi_ws/install/crospi_application_template/share/crospi_application_template/task_specifications/libraries/debug_lib/task_specifications/utilities/utils_ts.lua
[2.294s] -- Up-to-date symlink: /home/masterthesis/kaixi_crospi_ws/install/crospi_application_template/share/crospi_application_template/task_specifications/libraries/dummy_lib/.git
[2.294s] -- Up-to-date symlink: /home/masterthesis/kaixi_crospi_ws/install/crospi_application_template/share/crospi_application_template/task_specifications/libraries/dummy_lib/.github/workflows/gitlab-mirror.yml
[2.294s] -- Up-to-date symlink: /home/masterthesis/kaixi_crospi_ws/install/crospi_application_template/share/crospi_application_template/task_specifications/libraries/dummy_lib/LICENSE
[2.294s] -- Up-to-date symlink: /home/masterthesis/kaixi_crospi_ws/install/crospi_application_template/share/crospi_application_template/task_specifications/libraries/dummy_lib/README.md
[2.294s] -- Up-to-date symlink: /home/masterthesis/kaixi_crospi_ws/install/crospi_application_template/share/crospi_application_template/task_specifications/libraries/dummy_lib/task_json_schemas/follow_external_frame.etasl.json
[2.294s] -- Up-to-date symlink: /home/masterthesis/kaixi_crospi_ws/install/crospi_application_template/share/crospi_application_template/task_specifications/libraries/dummy_lib/task_json_schemas/follow_external_vector.etasl.json
[2.294s] -- Up-to-date symlink: /home/masterthesis/kaixi_crospi_ws/install/crospi_application_template/share/crospi_application_template/task_specifications/libraries/dummy_lib/task_json_schemas/readme.md
[2.295s] -- Up-to-date symlink: /home/masterthesis/kaixi_crospi_ws/install/crospi_application_template/share/crospi_application_template/task_specifications/libraries/dummy_lib/task_library.json
[2.295s] -- Up-to-date symlink: /home/masterthesis/kaixi_crospi_ws/install/crospi_application_template/share/crospi_application_template/task_specifications/libraries/dummy_lib/task_specifications/follow_external_frame.etasl.lua
[2.295s] -- Up-to-date symlink: /home/masterthesis/kaixi_crospi_ws/install/crospi_application_template/share/crospi_application_template/task_specifications/libraries/dummy_lib/task_specifications/follow_external_vector.etasl.lua
[2.295s] -- Up-to-date symlink: /home/masterthesis/kaixi_crospi_ws/install/crospi_application_template/share/crospi_application_template/task_specifications/libraries/task_library.schema.json
[2.295s] -- Up-to-date symlink: /home/masterthesis/kaixi_crospi_ws/install/crospi_application_template/share/crospi_application_template/task_specifications/tasks-schema.json
[2.296s] -- Up-to-date symlink: /home/masterthesis/kaixi_crospi_ws/install/crospi_application_template/share/crospi_application_template/skill_specifications/__init__.py
[2.296s] -- Up-to-date symlink: /home/masterthesis/kaixi_crospi_ws/install/crospi_application_template/share/crospi_application_template/skill_specifications/libraries/CMakeLists.txt
[2.296s] -- Up-to-date symlink: /home/masterthesis/kaixi_crospi_ws/install/crospi_application_template/share/crospi_application_template/skill_specifications/libraries/__init__.py
[2.296s] -- Up-to-date symlink: /home/masterthesis/kaixi_crospi_ws/install/crospi_application_template/share/crospi_application_template/skill_specifications/libraries/skill_lib_example/.git
[2.296s] -- Up-to-date symlink: /home/masterthesis/kaixi_crospi_ws/install/crospi_application_template/share/crospi_application_template/skill_specifications/libraries/skill_lib_example/.github/workflows/gitlab-mirror.yml
[2.296s] -- Up-to-date symlink: /home/masterthesis/kaixi_crospi_ws/install/crospi_application_template/share/crospi_application_template/skill_specifications/libraries/skill_lib_example/README.md
[2.297s] -- Up-to-date symlink: /home/masterthesis/kaixi_crospi_ws/install/crospi_application_template/share/crospi_application_template/skill_specifications/libraries/skill_lib_example/skill_library.json
[2.297s] -- Up-to-date symlink: /home/masterthesis/kaixi_crospi_ws/install/crospi_application_template/share/crospi_application_template/skill_specifications/libraries/skill_lib_example/skill_specifications/skill_example.py
[2.297s] -- Up-to-date symlink: /home/masterthesis/kaixi_crospi_ws/install/crospi_application_template/share/crospi_application_template/skill_specifications/libraries/skill_lib_example/tasks/skill_example.json
[2.297s] -- Up-to-date symlink: /home/masterthesis/kaixi_crospi_ws/install/crospi_application_template/share/crospi_application_template/skill_specifications/libraries/skill_library.schema.json
[2.298s] -- Up-to-date symlink: /home/masterthesis/kaixi_crospi_ws/install/crospi_application_template/share/crospi_application_template/robot_models/robot_specifications/kuka_iiwa.etasl.lua
[2.298s] -- Up-to-date symlink: /home/masterthesis/kaixi_crospi_ws/install/crospi_application_template/share/crospi_application_template/robot_models/robot_specifications/ur10.etasl.lua
[2.298s] -- Up-to-date symlink: /home/masterthesis/kaixi_crospi_ws/install/crospi_application_template/share/crospi_application_template/robot_models/robot_specifications/ur10e.etasl.lua
[2.298s] -- Up-to-date symlink: /home/masterthesis/kaixi_crospi_ws/install/crospi_application_template/share/crospi_application_template/robot_models/urdf_models/meshes/adaptor.stl
[2.298s] -- Up-to-date symlink: /home/masterthesis/kaixi_crospi_ws/install/crospi_application_template/share/crospi_application_template/robot_models/urdf_models/meshes/load_cell_67.stl
[2.298s] -- Up-to-date symlink: /home/masterthesis/kaixi_crospi_ws/install/crospi_application_template/share/crospi_application_template/robot_models/urdf_models/robot_setups/kuka_iiwa/rviz_config.rviz
[2.298s] -- Up-to-date symlink: /home/masterthesis/kaixi_crospi_ws/install/crospi_application_template/share/crospi_application_template/robot_models/urdf_models/robot_setups/kuka_iiwa/use_case_setup_iiwa.urdf
[2.299s] -- Up-to-date symlink: /home/masterthesis/kaixi_crospi_ws/install/crospi_application_template/share/crospi_application_template/robot_models/urdf_models/robot_setups/kuka_iiwa/use_case_setup_iiwa.urdf.xacro
[2.299s] -- Up-to-date symlink: /home/masterthesis/kaixi_crospi_ws/install/crospi_application_template/share/crospi_application_template/robot_models/urdf_models/robot_setups/ur10/environment.urdf.xacro
[2.299s] -- Up-to-date symlink: /home/masterthesis/kaixi_crospi_ws/install/crospi_application_template/share/crospi_application_template/robot_models/urdf_models/robot_setups/ur10/robot_tools.urdf.xacro
[2.299s] -- Up-to-date symlink: /home/masterthesis/kaixi_crospi_ws/install/crospi_application_template/share/crospi_application_template/robot_models/urdf_models/robot_setups/ur10/rviz_config.rviz
[2.299s] -- Up-to-date symlink: /home/masterthesis/kaixi_crospi_ws/install/crospi_application_template/share/crospi_application_template/robot_models/urdf_models/robot_setups/ur10/use_case_setup_ur10.urdf
[2.299s] -- Up-to-date symlink: /home/masterthesis/kaixi_crospi_ws/install/crospi_application_template/share/crospi_application_template/robot_models/urdf_models/robot_setups/ur10/use_case_setup_ur10.urdf.xacro
[2.299s] -- Up-to-date symlink: /home/masterthesis/kaixi_crospi_ws/install/crospi_application_template/share/crospi_application_template/robot_models/urdf_models/robot_setups/ur10e/environment.urdf.xacro
[2.300s] -- Up-to-date symlink: /home/masterthesis/kaixi_crospi_ws/install/crospi_application_template/share/crospi_application_template/robot_models/urdf_models/robot_setups/ur10e/robot_tools.urdf.xacro
[2.300s] -- Up-to-date symlink: /home/masterthesis/kaixi_crospi_ws/install/crospi_application_template/share/crospi_application_template/robot_models/urdf_models/robot_setups/ur10e/rviz_config.rviz
[2.300s] -- Up-to-date symlink: /home/masterthesis/kaixi_crospi_ws/install/crospi_application_template/share/crospi_application_template/robot_models/urdf_models/robot_setups/ur10e/use_case_setup_ur10e.urdf
[2.300s] -- Up-to-date symlink: /home/masterthesis/kaixi_crospi_ws/install/crospi_application_template/share/crospi_application_template/robot_models/urdf_models/robot_setups/ur10e/use_case_setup_ur10e.urdf.xacro
[2.300s] -- Up-to-date symlink: /home/masterthesis/kaixi_crospi_ws/install/crospi_application_template/share/crospi_application_template/schemas/blackboard-schema.json
[2.300s] -- Up-to-date symlink: /home/masterthesis/kaixi_crospi_ws/install/crospi_application_template/share/crospi_application_template/schemas/etasl.json
[2.301s] -- Up-to-date symlink: /home/masterthesis/kaixi_crospi_ws/install/crospi_application_template/share/crospi_application_template/schemas/generated/blackboard-schema-bundled.json
[2.301s] -- Up-to-date symlink: /home/masterthesis/kaixi_crospi_ws/install/crospi_application_template/share/crospi_application_template/schemas/generated/inputhandler.json
[2.301s] -- Up-to-date symlink: /home/masterthesis/kaixi_crospi_ws/install/crospi_application_template/share/crospi_application_template/schemas/generated/outputhandler.json
[2.301s] -- Up-to-date symlink: /home/masterthesis/kaixi_crospi_ws/install/crospi_application_template/share/crospi_application_template/schemas/generated/robotdriver.json
[2.301s] -- Up-to-date symlink: /home/masterthesis/kaixi_crospi_ws/install/crospi_application_template/share/crospi_application_template/schemas/generated/robotsimulator.json
[2.301s] -- Up-to-date symlink: /home/masterthesis/kaixi_crospi_ws/install/crospi_application_template/share/crospi_application_template/schemas/iohandlers.json
[2.301s] -- Up-to-date symlink: /home/masterthesis/kaixi_crospi_ws/install/crospi_application_template/share/crospi_application_template/schemas/robot.json
[2.302s] -- Up-to-date symlink: /home/masterthesis/kaixi_crospi_ws/install/crospi_application_template/lib/crospi_application_template/pose_msg_to_tf.py
[2.302s] -- Up-to-date symlink: /home/masterthesis/kaixi_crospi_ws/install/crospi_application_template/lib/crospi_application_template/sine_wave_tf.py
[2.302s] -- Up-to-date symlink: /home/masterthesis/kaixi_crospi_ws/install/crospi_application_template/share/crospi_application_template/environment/pythonpath.sh
[2.302s] -- Up-to-date symlink: /home/masterthesis/kaixi_crospi_ws/install/crospi_application_template/share/crospi_application_template/environment/pythonpath.dsv
[2.302s] -- Up-to-date symlink: /home/masterthesis/kaixi_crospi_ws/install/crospi_application_template/local/lib/python3.10/dist-packages/skill_specifications-0.0.0-py3.10.egg-info/PKG-INFO
[2.303s] -- Up-to-date symlink: /home/masterthesis/kaixi_crospi_ws/install/crospi_application_template/local/lib/python3.10/dist-packages/skill_specifications-0.0.0-py3.10.egg-info/SOURCES.txt
[2.303s] -- Up-to-date symlink: /home/masterthesis/kaixi_crospi_ws/install/crospi_application_template/local/lib/python3.10/dist-packages/skill_specifications-0.0.0-py3.10.egg-info/dependency_links.txt
[2.303s] -- Up-to-date symlink: /home/masterthesis/kaixi_crospi_ws/install/crospi_application_template/local/lib/python3.10/dist-packages/skill_specifications-0.0.0-py3.10.egg-info/top_level.txt
[2.304s] -- Up-to-date symlink: /home/masterthesis/kaixi_crospi_ws/install/crospi_application_template/local/lib/python3.10/dist-packages/skill_specifications/__init__.py
[2.304s] -- Up-to-date symlink: /home/masterthesis/kaixi_crospi_ws/install/crospi_application_template/local/lib/python3.10/dist-packages/skill_specifications/libraries/CMakeLists.txt
[2.304s] -- Up-to-date symlink: /home/masterthesis/kaixi_crospi_ws/install/crospi_application_template/local/lib/python3.10/dist-packages/skill_specifications/libraries/__init__.py
[2.304s] -- Up-to-date symlink: /home/masterthesis/kaixi_crospi_ws/install/crospi_application_template/local/lib/python3.10/dist-packages/skill_specifications/libraries/skill_lib_example/.git
[2.304s] -- Up-to-date symlink: /home/masterthesis/kaixi_crospi_ws/install/crospi_application_template/local/lib/python3.10/dist-packages/skill_specifications/libraries/skill_lib_example/.github/workflows/gitlab-mirror.yml
[2.304s] -- Up-to-date symlink: /home/masterthesis/kaixi_crospi_ws/install/crospi_application_template/local/lib/python3.10/dist-packages/skill_specifications/libraries/skill_lib_example/README.md
[2.304s] -- Up-to-date symlink: /home/masterthesis/kaixi_crospi_ws/install/crospi_application_template/local/lib/python3.10/dist-packages/skill_specifications/libraries/skill_lib_example/skill_library.json
[2.305s] -- Up-to-date symlink: /home/masterthesis/kaixi_crospi_ws/install/crospi_application_template/local/lib/python3.10/dist-packages/skill_specifications/libraries/skill_lib_example/skill_specifications/skill_example.py
[2.305s] -- Up-to-date symlink: /home/masterthesis/kaixi_crospi_ws/install/crospi_application_template/local/lib/python3.10/dist-packages/skill_specifications/libraries/skill_lib_example/tasks/skill_example.json
[2.305s] -- Up-to-date symlink: /home/masterthesis/kaixi_crospi_ws/install/crospi_application_template/local/lib/python3.10/dist-packages/skill_specifications/libraries/skill_library.schema.json
[2.305s] -- Up-to-date symlink: /home/masterthesis/kaixi_crospi_ws/install/crospi_application_template/share/ament_index/resource_index/package_run_dependencies/crospi_application_template
[2.305s] -- Up-to-date symlink: /home/masterthesis/kaixi_crospi_ws/install/crospi_application_template/share/ament_index/resource_index/parent_prefix_path/crospi_application_template
[2.306s] -- Up-to-date symlink: /home/masterthesis/kaixi_crospi_ws/install/crospi_application_template/share/crospi_application_template/environment/ament_prefix_path.sh
[2.306s] -- Up-to-date symlink: /home/masterthesis/kaixi_crospi_ws/install/crospi_application_template/share/crospi_application_template/environment/ament_prefix_path.dsv
[2.306s] -- Up-to-date symlink: /home/masterthesis/kaixi_crospi_ws/install/crospi_application_template/share/crospi_application_template/environment/path.sh
[2.306s] -- Up-to-date symlink: /home/masterthesis/kaixi_crospi_ws/install/crospi_application_template/share/crospi_application_template/environment/path.dsv
[2.306s] -- Up-to-date symlink: /home/masterthesis/kaixi_crospi_ws/install/crospi_application_template/share/crospi_application_template/local_setup.bash
[2.306s] -- Up-to-date symlink: /home/masterthesis/kaixi_crospi_ws/install/crospi_application_template/share/crospi_application_template/local_setup.sh
[2.307s] -- Up-to-date symlink: /home/masterthesis/kaixi_crospi_ws/install/crospi_application_template/share/crospi_application_template/local_setup.zsh
[2.307s] -- Up-to-date symlink: /home/masterthesis/kaixi_crospi_ws/install/crospi_application_template/share/crospi_application_template/local_setup.dsv
[2.307s] -- Symlinking: /home/masterthesis/kaixi_crospi_ws/install/crospi_application_template/share/crospi_application_template/package.dsv
[2.317s] -- Up-to-date symlink: /home/masterthesis/kaixi_crospi_ws/install/crospi_application_template/share/ament_index/resource_index/packages/crospi_application_template
[2.318s] -- Up-to-date symlink: /home/masterthesis/kaixi_crospi_ws/install/crospi_application_template/share/crospi_application_template/cmake/crospi_application_templateConfig.cmake
[2.318s] -- Up-to-date symlink: /home/masterthesis/kaixi_crospi_ws/install/crospi_application_template/share/crospi_application_template/cmake/crospi_application_templateConfig-version.cmake
[2.318s] -- Up-to-date symlink: /home/masterthesis/kaixi_crospi_ws/install/crospi_application_template/share/crospi_application_template/package.xml
[2.366s] Listing '/home/masterthesis/kaixi_crospi_ws/install/crospi_application_template/local/lib/python3.10/dist-packages/skill_specifications'...
[2.366s] Listing '/home/masterthesis/kaixi_crospi_ws/install/crospi_application_template/local/lib/python3.10/dist-packages/skill_specifications/libraries'...
[2.366s] Listing '/home/masterthesis/kaixi_crospi_ws/install/crospi_application_template/local/lib/python3.10/dist-packages/skill_specifications/libraries/skill_lib_example'...
[2.367s] Listing '/home/masterthesis/kaixi_crospi_ws/install/crospi_application_template/local/lib/python3.10/dist-packages/skill_specifications/libraries/skill_lib_example/.github'...
[2.367s] Listing '/home/masterthesis/kaixi_crospi_ws/install/crospi_application_template/local/lib/python3.10/dist-packages/skill_specifications/libraries/skill_lib_example/.github/workflows'...
[2.367s] Listing '/home/masterthesis/kaixi_crospi_ws/install/crospi_application_template/local/lib/python3.10/dist-packages/skill_specifications/libraries/skill_lib_example/skill_specifications'...
[2.367s] Listing '/home/masterthesis/kaixi_crospi_ws/install/crospi_application_template/local/lib/python3.10/dist-packages/skill_specifications/libraries/skill_lib_example/tasks'...
[2.374s] Invoked command in '/home/masterthesis/kaixi_crospi_ws/build/crospi_application_template' returned '0': AMENT_PREFIX_PATH=/home/masterthesis/kaixi_crospi_ws/install/crospi_core:/home/masterthesis/kaixi_crospi_ws/install/etasl_wrapper:/home/masterthesis/kaixi_crospi_ws/install/crospi_interfaces:${AMENT_PREFIX_PATH} CMAKE_PREFIX_PATH=/home/masterthesis/kaixi_crospi_ws/install/crospi_core:/home/masterthesis/kaixi_crospi_ws/install/etasl_wrapper:/home/masterthesis/kaixi_crospi_ws/install/crospi_interfaces:/home/masterthesis/workspaces_ros2/kaixi_ws/install/ur_description:/home/masterthesis/workspaces_ros2/kaixi_ws/install/trossen_arm_ros:/home/masterthesis/workspaces_ros2/kaixi_ws/install/trossen_arm_moveit:/home/masterthesis/workspaces_ros2/kaixi_ws/install/trossen_arm_controllers:/home/masterthesis/workspaces_ros2/kaixi_ws/install/trossen_arm_bringup:/home/masterthesis/workspaces_ros2/kaixi_ws/install/trossen_arm_hardware:/home/masterthesis/workspaces_ros2/kaixi_ws/install/trossen_arm_description:/opt/ros2_crospi_ws/install/betfsm_demos:/opt/ros2_crospi_ws/install/betfsm:/opt/ros/humble:/home/masterthesis/workspaces_ros2/kaixi_ws/install/libtrossen_arm:/home/masterthesis/workspaces_ros2/kaixi_ws/install/crospi_application_template:/opt/ros2_crospi_ws/install/template_driver_crospi:/opt/ros2_crospi_ws/install/crospi_default_plugins:/opt/ros2_crospi_ws/install/crospi_core:/opt/ros2_crospi_ws/install/etasl_wrapper:/opt/ros2_crospi_ws/install/crospi_interfaces:/opt/ros2_crospi_ws/install/betfsm_interfaces LD_LIBRARY_PATH=/home/masterthesis/kaixi_crospi_ws/install/crospi_core/lib:/home/masterthesis/kaixi_crospi_ws/install/etasl_wrapper/lib:/home/masterthesis/kaixi_crospi_ws/install/crospi_interfaces/lib:/home/masterthesis/workspaces_ros2/kaixi_ws/install/trossen_arm_controllers/lib:/home/masterthesis/workspaces_ros2/kaixi_ws/install/trossen_arm_hardware/lib:/opt/ros2_crospi_ws/install/template_driver_crospi/lib:/opt/ros2_crospi_ws/install/crospi_default_plugins/lib:/opt/ros2_crospi_ws/install/crospi_core/lib:/opt/ros2_crospi_ws/install/etasl_wrapper/lib:/opt/ros2_crospi_ws/install/crospi_interfaces/lib:/opt/ros2_crospi_ws/install/betfsm_interfaces/lib:/opt/ros/humble/opt/rviz_ogre_vendor/lib:/opt/ros/humble/lib/x86_64-linux-gnu:/opt/ros/humble/lib:/opt/boost_1.89.0/lib LUA_CPATH=${LUA_CPATH};/home/masterthesis/kaixi_crospi_ws/install/etasl_wrapper/lib/?.so;/home/masterthesis/kaixi_crospi_ws/install/crospi_core/lib/?.so LUA_PATH=?.lua;?.lua;?.lua;?.lua;;/opt/ros2_crospi_ws/install/etasl_wrapper/lib/etasl1.5/?.lua;/opt/ros2_crospi_ws/install/etasl_wrapper/lib/etasl1.5/xml2lua/?.lua;/opt/ros2_crospi_ws/src/crospi/crospi_core/scripts/lib/?.lua;/opt/ros2_crospi_ws/src/crospi/crospi_core/?.lua;/usr/local/share/lua/5.1/?.lua;/opt/ros2_crospi_ws/install/etasl_wrapper/lib/etasl1.5/?.lua;/opt/ros2_crospi_ws/install/etasl_wrapper/lib/etasl1.5/xml2lua/?.lua;/opt/ros2_crospi_ws/src/crospi/crospi_core/scripts/lib/?.lua;/opt/ros2_crospi_ws/src/crospi/crospi_core/?.lua;/usr/local/share/lua/5.1/?.lua;/opt/ros2_crospi_ws/install/etasl_wrapper/lib/etasl1.5/?.lua;/opt/ros2_crospi_ws/install/etasl_wrapper/lib/etasl1.5/xml2lua/?.lua;/opt/ros2_crospi_ws/src/crospi/crospi_core/scripts/lib/?.lua;/opt/ros2_crospi_ws/src/crospi/crospi_core/?.lua;/usr/local/share/lua/5.1/?.lua;/home/masterthesis/kaixi_crospi_ws/install/etasl_wrapper/lib/etasl1.5/?.lua;/home/masterthesis/kaixi_crospi_ws/install/etasl_wrapper/lib/etasl1.5/xml2lua/?.lua;/home/masterthesis/kaixi_crospi_ws/src/crospi/crospi_core/scripts/lib/?.lua;/home/masterthesis/kaixi_crospi_ws/src/crospi/crospi_core/?.lua;/usr/local/share/lua/5.1/?.lua PATH=/home/masterthesis/kaixi_crospi_ws/install/etasl_wrapper/bin:${PATH} PYTHONPATH=/home/masterthesis/kaixi_crospi_ws/install/crospi_core/local/lib/python3.10/dist-packages:/home/masterthesis/kaixi_crospi_ws/install/crospi_interfaces/local/lib/python3.10/dist-packages:${PYTHONPATH} /usr/bin/cmake --install /home/masterthesis/kaixi_crospi_ws/build/crospi_application_template
