[0.014s] Invoking command in '/home/masterthesis/kaixi_crospi_ws/build/widowx_etasl': CMAKE_PREFIX_PATH=${CMAKE_PREFIX_PATH}:/opt/ros2_crospi_ws/install/betfsm_demos:/opt/ros2_crospi_ws/install/betfsm:/opt/ros/humble /usr/bin/cmake --build /home/masterthesis/kaixi_crospi_ws/build/widowx_etasl -- -j16 -l16
[0.047s] Invoked command in '/home/masterthesis/kaixi_crospi_ws/build/widowx_etasl' returned '0': CMAKE_PREFIX_PATH=${CMAKE_PREFIX_PATH}:/opt/ros2_crospi_ws/install/betfsm_demos:/opt/ros2_crospi_ws/install/betfsm:/opt/ros/humble /usr/bin/cmake --build /home/masterthesis/kaixi_crospi_ws/build/widowx_etasl -- -j16 -l16
[0.049s] Invoking command in '/home/masterthesis/kaixi_crospi_ws/build/widowx_etasl': CMAKE_PREFIX_PATH=${CMAKE_PREFIX_PATH}:/opt/ros2_crospi_ws/install/betfsm_demos:/opt/ros2_crospi_ws/install/betfsm:/opt/ros/humble /usr/bin/cmake --install /home/masterthesis/kaixi_crospi_ws/build/widowx_etasl
[0.055s] -- Install configuration: ""
[0.055s] -- Execute custom install script
[0.056s] -- Up-to-date symlink: /home/masterthesis/kaixi_crospi_ws/install/widowx_etasl/share/widowx_etasl/tasks/move_to_target.lua
[0.056s] -- Up-to-date symlink: /home/masterthesis/kaixi_crospi_ws/install/widowx_etasl/share/widowx_etasl/tasks/pick_ball.lua
[0.056s] -- Up-to-date symlink: /home/masterthesis/kaixi_crospi_ws/install/widowx_etasl/share/widowx_etasl/config/widowx_sim.setup.json
[0.057s] -- Up-to-date symlink: /home/masterthesis/kaixi_crospi_ws/install/widowx_etasl/share/widowx_etasl/launch/pick_ball_sim.launch.py
[0.057s] -- Up-to-date symlink: /home/masterthesis/kaixi_crospi_ws/install/widowx_etasl/share/ament_index/resource_index/package_run_dependencies/widowx_etasl
[0.057s] -- Up-to-date symlink: /home/masterthesis/kaixi_crospi_ws/install/widowx_etasl/share/ament_index/resource_index/parent_prefix_path/widowx_etasl
[0.058s] -- Up-to-date symlink: /home/masterthesis/kaixi_crospi_ws/install/widowx_etasl/share/widowx_etasl/environment/ament_prefix_path.sh
[0.058s] -- Up-to-date symlink: /home/masterthesis/kaixi_crospi_ws/install/widowx_etasl/share/widowx_etasl/environment/ament_prefix_path.dsv
[0.059s] -- Up-to-date symlink: /home/masterthesis/kaixi_crospi_ws/install/widowx_etasl/share/widowx_etasl/environment/path.sh
[0.059s] -- Up-to-date symlink: /home/masterthesis/kaixi_crospi_ws/install/widowx_etasl/share/widowx_etasl/environment/path.dsv
[0.059s] -- Up-to-date symlink: /home/masterthesis/kaixi_crospi_ws/install/widowx_etasl/share/widowx_etasl/local_setup.bash
[0.059s] -- Up-to-date symlink: /home/masterthesis/kaixi_crospi_ws/install/widowx_etasl/share/widowx_etasl/local_setup.sh
[0.060s] -- Up-to-date symlink: /home/masterthesis/kaixi_crospi_ws/install/widowx_etasl/share/widowx_etasl/local_setup.zsh
[0.060s] -- Up-to-date symlink: /home/masterthesis/kaixi_crospi_ws/install/widowx_etasl/share/widowx_etasl/local_setup.dsv
[0.060s] -- Symlinking: /home/masterthesis/kaixi_crospi_ws/install/widowx_etasl/share/widowx_etasl/package.dsv
[0.066s] -- Up-to-date symlink: /home/masterthesis/kaixi_crospi_ws/install/widowx_etasl/share/ament_index/resource_index/packages/widowx_etasl
[0.066s] -- Up-to-date symlink: /home/masterthesis/kaixi_crospi_ws/install/widowx_etasl/share/widowx_etasl/cmake/widowx_etaslConfig.cmake
[0.066s] -- Up-to-date symlink: /home/masterthesis/kaixi_crospi_ws/install/widowx_etasl/share/widowx_etasl/cmake/widowx_etaslConfig-version.cmake
[0.066s] -- Up-to-date symlink: /home/masterthesis/kaixi_crospi_ws/install/widowx_etasl/share/widowx_etasl/package.xml
[0.067s] -- Up-to-date: /home/masterthesis/kaixi_crospi_ws/install/widowx_etasl/lib/widowx_etasl/crospi_bridge
[0.067s] -- Up-to-date: /home/masterthesis/kaixi_crospi_ws/install/widowx_etasl/lib/widowx_etasl/crospi_starter
[0.069s] Invoked command in '/home/masterthesis/kaixi_crospi_ws/build/widowx_etasl' returned '0': CMAKE_PREFIX_PATH=${CMAKE_PREFIX_PATH}:/opt/ros2_crospi_ws/install/betfsm_demos:/opt/ros2_crospi_ws/install/betfsm:/opt/ros/humble /usr/bin/cmake --install /home/masterthesis/kaixi_crospi_ws/build/widowx_etasl
