[0.024s] Invoking command in '/home/masterthesis/kaixi_crospi_ws/build/crospi_application_template': CMAKE_PREFIX_PATH=${CMAKE_PREFIX_PATH}:/opt/ros2_crospi_ws/install/betfsm_demos:/opt/ros2_crospi_ws/install/betfsm:/opt/ros/humble /usr/bin/cmake --build /home/masterthesis/kaixi_crospi_ws/build/crospi_application_template -- -j16 -l16
[0.045s] -- Found ament_cmake: 1.3.14 (/opt/ros/humble/share/ament_cmake/cmake)
[0.149s] -- Override CMake install command with custom implementation using symlinks instead of copying resources
[0.235s] -- Found ament_lint_auto: 0.12.15 (/opt/ros/humble/share/ament_lint_auto/cmake)
[0.320s] -- Added test 'flake8' to check Python code syntax and style conventions
[0.321s] -- Added test 'lint_cmake' to check CMake code style
[0.322s] -- Added test 'pep257' to check Python code against some of the docstring style conventions in PEP 257
[0.328s] -- Added test 'xmllint' to check XML markup files
[0.328s] -- Configuring done
[0.332s] -- Generating done
[0.334s] -- Build files have been written to: /home/masterthesis/kaixi_crospi_ws/build/crospi_application_template
[0.357s] [100%] [34m[1mconstructing json schema files for the setup configuration[0m
[0.357s] [100%] [34m[1mconstructing tasks-schema.json file[0m
[0.357s] [100%] [34m[1mconstructing json schema bundled file from /home/masterthesis/kaixi_crospi_ws/src/crospi_application_template/schemas/blackboard-schema.json to /home/masterthesis/kaixi_crospi_ws/src/crospi_application_template/schemas/generated/blackboard-schema-bundled.json[0m
[0.360s] -------------------
[0.360s] Generating JSON-SCHEMA file for task specification: /home/masterthesis/kaixi_crospi_ws/src/crospi_application_template/task_specifications/libraries/core_task_lib/task_specifications/follow_spline.etasl.lua...
[0.363s] [100%] Built target ament_cmake_python_symlink_skill_specifications
[0.382s] Code was exited after generating the JSON Schema file, since this should not be done during execution but only in the generation phase.
[0.382s] -------------------
[0.382s] Generating JSON-SCHEMA file for task specification: /home/masterthesis/kaixi_crospi_ws/src/crospi_application_template/task_specifications/libraries/core_task_lib/task_specifications/idle.etasl.lua...
[0.389s] Generating JSON schema for robotdriver.json with 1 the following detected installed plugins:
[0.389s] --template_driver_crospi.schema.json: a json schema with the exact name (case-sensitive) was found!
[0.389s] JSON schema successfully generated and saved to schemas/generated/robotdriver.json
[0.389s]  
[0.389s] Generating JSON schema for inputhandler.json with 6 the following detected installed plugins:
[0.389s] --TwistInputHandler.schema.json: a json schema with the exact name (case-sensitive) was found!
[0.389s] --WrenchInputHandler.schema.json: a json schema with the exact name (case-sensitive) was found!
[0.389s] --TopicInputHandler.schema.json: a json schema with the exact name (case-sensitive) was found!
[0.389s] --PoseInputHandler.schema.json: a json schema with the exact name (case-sensitive) was found!
[0.390s] --VectorInputHandler.schema.json: a json schema with the exact name (case-sensitive) was found!
[0.390s] --TFInputHandler.schema.json: a json schema with the exact name (case-sensitive) was found!
[0.390s] JSON schema successfully generated and saved to schemas/generated/inputhandler.json
[0.390s]  
[0.390s] Generating JSON schema for outputhandler.json with 3 the following detected installed plugins:
[0.390s] --JointStateOutputHandler.schema.json: a json schema with the exact name (case-sensitive) was found!
[0.390s] --TopicOutputHandler.schema.json: a json schema with the exact name (case-sensitive) was found!
[0.390s] --TopicOutputDerivativesHandler.schema.json: a json schema with the exact name (case-sensitive) was found!
[0.390s] JSON schema successfully generated and saved to schemas/generated/outputhandler.json
[0.390s]  
[0.390s] Generating JSON schema for robotsimulator.json with 1 the following detected installed plugins:
[0.391s] --simple_kinematic_simulation.schema.json: a json schema with the exact name (case-sensitive) was found!
[0.391s] JSON schema successfully generated and saved to schemas/generated/robotsimulator.json
[0.391s]  
[0.399s] [100%] Built target PLUGIN_SCHEMA_JSON
[0.401s] Code was exited after generating the JSON Schema file, since this should not be done during execution but only in the generation phase.
[0.402s] -------------------
[0.402s] Generating JSON-SCHEMA file for task specification: /home/masterthesis/kaixi_crospi_ws/src/crospi_application_template/task_specifications/libraries/core_task_lib/task_specifications/keep_relative_initial_pose.etasl.lua...
[0.422s] Code was exited after generating the JSON Schema file, since this should not be done during execution but only in the generation phase.
[0.422s] -------------------
[0.422s] Generating JSON-SCHEMA file for task specification: /home/masterthesis/kaixi_crospi_ws/src/crospi_application_template/task_specifications/libraries/core_task_lib/task_specifications/move_admittance.etasl.lua...
[0.443s] Code was exited after generating the JSON Schema file, since this should not be done during execution but only in the generation phase.
[0.443s] -------------------
[0.443s] Generating JSON-SCHEMA file for task specification: /home/masterthesis/kaixi_crospi_ws/src/crospi_application_template/task_specifications/libraries/core_task_lib/task_specifications/move_cartesianspace_absolute_pose.etasl.lua...
[0.464s] Code was exited after generating the JSON Schema file, since this should not be done during execution but only in the generation phase.
[0.464s] -------------------
[0.464s] Generating JSON-SCHEMA file for task specification: /home/masterthesis/kaixi_crospi_ws/src/crospi_application_template/task_specifications/libraries/core_task_lib/task_specifications/move_cartesianspace_relative.etasl.lua...
[0.485s] Code was exited after generating the JSON Schema file, since this should not be done during execution but only in the generation phase.
[0.485s] -------------------
[0.485s] Generating JSON-SCHEMA file for task specification: /home/masterthesis/kaixi_crospi_ws/src/crospi_application_template/task_specifications/libraries/core_task_lib/task_specifications/move_jointspace_trap.etasl.lua...
[0.505s] Code was exited after generating the JSON Schema file, since this should not be done during execution but only in the generation phase.
[0.505s] -------------------
[0.505s] Generating JSON-SCHEMA file for task specification: /home/masterthesis/kaixi_crospi_ws/src/crospi_application_template/task_specifications/libraries/core_task_lib/task_specifications/move_jointspace_trap_subset.etasl.lua...
[0.524s] Code was exited after generating the JSON Schema file, since this should not be done during execution but only in the generation phase.
[0.525s] -------------------
[0.525s] Generating JSON-SCHEMA file for task specification: /home/masterthesis/kaixi_crospi_ws/src/crospi_application_template/task_specifications/libraries/core_task_lib/task_specifications/move_joystick.etasl.lua...
[0.545s] Code was exited after generating the JSON Schema file, since this should not be done during execution but only in the generation phase.
[0.546s] -------------------
[0.546s] Generating JSON-SCHEMA file for task specification: /home/masterthesis/kaixi_crospi_ws/src/crospi_application_template/task_specifications/libraries/debug_lib/task_specifications/move_joystick_reading_sensor_vals_driver.etasl.lua...
[0.565s] Code was exited after generating the JSON Schema file, since this should not be done during execution but only in the generation phase.
[0.566s] -------------------
[0.566s] Generating JSON-SCHEMA file for task specification: /home/masterthesis/kaixi_crospi_ws/src/crospi_application_template/task_specifications/libraries/debug_lib/task_specifications/move_sine_waves_jointspace.etasl.lua...
[0.581s] running egg_info
[0.581s] writing skill_specifications.egg-info/PKG-INFO
[0.581s] writing dependency_links to skill_specifications.egg-info/dependency_links.txt
[0.581s] writing top-level names to skill_specifications.egg-info/top_level.txt
[0.583s] reading manifest file 'skill_specifications.egg-info/SOURCES.txt'
[0.583s] writing manifest file 'skill_specifications.egg-info/SOURCES.txt'
[0.584s] Code was exited after generating the JSON Schema file, since this should not be done during execution but only in the generation phase.
[0.586s] -------------------
[0.586s] Generating JSON-SCHEMA file for task specification: /home/masterthesis/kaixi_crospi_ws/src/crospi_application_template/task_specifications/libraries/dummy_lib/task_specifications/follow_external_frame.etasl.lua...
[0.602s] [100%] Built target ament_cmake_python_build_skill_specifications_egg
[0.604s] Code was exited after generating the JSON Schema file, since this should not be done during execution but only in the generation phase.
[0.605s] -------------------
[0.605s] Generating JSON-SCHEMA file for task specification: /home/masterthesis/kaixi_crospi_ws/src/crospi_application_template/task_specifications/libraries/dummy_lib/task_specifications/follow_external_vector.etasl.lua...
[0.623s] Code was exited after generating the JSON Schema file, since this should not be done during execution but only in the generation phase.
[0.624s] -------------------
[0.624s] Generating JSON-SCHEMA file for task specification: /home/masterthesis/kaixi_crospi_ws/src/crospi_application_template/task_specifications/libraries/dummy_lib/task_specifications/vla_spacemouse_blend.etasl.lua...
[0.642s] Code was exited after generating the JSON Schema file, since this should not be done during execution but only in the generation phase.
[0.643s] -------------------
[0.643s] Generating JSON-SCHEMA file for task specification: /home/masterthesis/kaixi_crospi_ws/src/crospi_application_template/robot_models/robot_specifications/kuka_iiwa.etasl.lua...
[0.644s] -------------------
[0.644s] Generating JSON-SCHEMA file for task specification: /home/masterthesis/kaixi_crospi_ws/src/crospi_application_template/robot_models/robot_specifications/ur10.etasl.lua...
[0.645s] -------------------
[0.645s] Generating JSON-SCHEMA file for task specification: /home/masterthesis/kaixi_crospi_ws/src/crospi_application_template/robot_models/robot_specifications/ur10e.etasl.lua...
[0.646s] Generating JSON-SCHEMA general file for defining instances of task specifications
[0.646s] -------------------
[0.648s] -------------------
[0.650s] -------------------
[0.652s] -------------------
[0.654s] -------------------
[0.656s] -------------------
[0.657s] -------------------
[0.659s] -------------------
[0.661s] -------------------
[0.663s] -------------------
[0.665s] -------------------
[0.667s] -------------------
[0.669s] -------------------
[0.671s] -------------------
[0.673s] JSON schema generated at ../tasks-schema.json
[0.680s] [100%] Built target TASKS_SCHEMA_JSON
[2.734s] Compiled schema saved to: /home/masterthesis/kaixi_crospi_ws/src/crospi_application_template/schemas/generated/blackboard-schema-bundled.json
[2.753s] [100%] Built target BUNDLE_SCHEMA_JSON
[2.760s] Invoked command in '/home/masterthesis/kaixi_crospi_ws/build/crospi_application_template' returned '0': CMAKE_PREFIX_PATH=${CMAKE_PREFIX_PATH}:/opt/ros2_crospi_ws/install/betfsm_demos:/opt/ros2_crospi_ws/install/betfsm:/opt/ros/humble /usr/bin/cmake --build /home/masterthesis/kaixi_crospi_ws/build/crospi_application_template -- -j16 -l16
[2.762s] Invoking command in '/home/masterthesis/kaixi_crospi_ws/build/crospi_application_template': CMAKE_PREFIX_PATH=${CMAKE_PREFIX_PATH}:/opt/ros2_crospi_ws/install/betfsm_demos:/opt/ros2_crospi_ws/install/betfsm:/opt/ros/humble /usr/bin/cmake --install /home/masterthesis/kaixi_crospi_ws/build/crospi_application_template
[2.767s] -- Install configuration: ""
[2.767s] -- Execute custom install script
[2.767s] -- Up-to-date symlink: /home/masterthesis/kaixi_crospi_ws/install/crospi_application_template/share/crospi_application_template/applications/application_example_tutorials/application_example_tutorials.launch.py
[2.768s] -- Up-to-date symlink: /home/masterthesis/kaixi_crospi_ws/install/crospi_application_template/share/crospi_application_template/applications/application_example_tutorials/application_example_tutorials.setup.json
[2.768s] -- Up-to-date symlink: /home/masterthesis/kaixi_crospi_ws/install/crospi_application_template/share/crospi_application_template/applications/application_example_ur10/application_example_ur10.launch.py
[2.768s] -- Up-to-date symlink: /home/masterthesis/kaixi_crospi_ws/install/crospi_application_template/share/crospi_application_template/applications/application_example_ur10/application_example_ur10.setup.json
[2.768s] -- Up-to-date symlink: /home/masterthesis/kaixi_crospi_ws/install/crospi_application_template/share/crospi_application_template/applications/application_example_ur10/application_example_ur10.skills.json
[2.768s] -- Up-to-date symlink: /home/masterthesis/kaixi_crospi_ws/install/crospi_application_template/share/crospi_application_template/applications/application_example_ur10e/application_example_ur10e.launch.py
[2.768s] -- Up-to-date symlink: /home/masterthesis/kaixi_crospi_ws/install/crospi_application_template/share/crospi_application_template/applications/application_example_ur10e/application_example_ur10e.setup.json
[2.768s] -- Up-to-date symlink: /home/masterthesis/kaixi_crospi_ws/install/crospi_application_template/share/crospi_application_template/applications/application_example_ur10e/application_example_ur10e.skills.json
[2.768s] -- Symlinking: /home/masterthesis/kaixi_crospi_ws/install/crospi_application_template/share/crospi_application_template/applications/trossen_applications/trajectory_viz.rviz
[2.774s] -- Up-to-date symlink: /home/masterthesis/kaixi_crospi_ws/install/crospi_application_template/share/crospi_application_template/applications/trossen_applications/trossen_follower_visualization.launch.py
[2.774s] -- Symlinking: /home/masterthesis/kaixi_crospi_ws/install/crospi_application_template/share/crospi_application_template/applications/trossen_applications/trossen_vla_shared_control.setup.json
[2.781s] -- Up-to-date symlink: /home/masterthesis/kaixi_crospi_ws/install/crospi_application_template/share/crospi_application_template/task_specifications/libraries/core_task_lib/.github/workflows/gitlab-mirror.yml
[2.781s] -- Up-to-date symlink: /home/masterthesis/kaixi_crospi_ws/install/crospi_application_template/share/crospi_application_template/task_specifications/libraries/core_task_lib/LICENSE
[2.781s] -- Up-to-date symlink: /home/masterthesis/kaixi_crospi_ws/install/crospi_application_template/share/crospi_application_template/task_specifications/libraries/core_task_lib/README.md
[2.781s] -- Up-to-date symlink: /home/masterthesis/kaixi_crospi_ws/install/crospi_application_template/share/crospi_application_template/task_specifications/libraries/core_task_lib/task_json_schemas/follow_spline.etasl.json
[2.781s] -- Up-to-date symlink: /home/masterthesis/kaixi_crospi_ws/install/crospi_application_template/share/crospi_application_template/task_specifications/libraries/core_task_lib/task_json_schemas/idle.etasl.json
[2.781s] -- Up-to-date symlink: /home/masterthesis/kaixi_crospi_ws/install/crospi_application_template/share/crospi_application_template/task_specifications/libraries/core_task_lib/task_json_schemas/keep_relative_initial_pose.etasl.json
[2.781s] -- Up-to-date symlink: /home/masterthesis/kaixi_crospi_ws/install/crospi_application_template/share/crospi_application_template/task_specifications/libraries/core_task_lib/task_json_schemas/move_admittance.etasl.json
[2.781s] -- Up-to-date symlink: /home/masterthesis/kaixi_crospi_ws/install/crospi_application_template/share/crospi_application_template/task_specifications/libraries/core_task_lib/task_json_schemas/move_cartesianspace_absolute_pose.etasl.json
[2.781s] -- Up-to-date symlink: /home/masterthesis/kaixi_crospi_ws/install/crospi_application_template/share/crospi_application_template/task_specifications/libraries/core_task_lib/task_json_schemas/move_cartesianspace_relative.etasl.json
[2.782s] -- Up-to-date symlink: /home/masterthesis/kaixi_crospi_ws/install/crospi_application_template/share/crospi_application_template/task_specifications/libraries/core_task_lib/task_json_schemas/move_jointspace_trap.etasl.json
[2.782s] -- Up-to-date symlink: /home/masterthesis/kaixi_crospi_ws/install/crospi_application_template/share/crospi_application_template/task_specifications/libraries/core_task_lib/task_json_schemas/move_jointspace_trap_subset.etasl.json
[2.782s] -- Up-to-date symlink: /home/masterthesis/kaixi_crospi_ws/install/crospi_application_template/share/crospi_application_template/task_specifications/libraries/core_task_lib/task_json_schemas/move_joystick.etasl.json
[2.782s] -- Up-to-date symlink: /home/masterthesis/kaixi_crospi_ws/install/crospi_application_template/share/crospi_application_template/task_specifications/libraries/core_task_lib/task_json_schemas/readme.md
[2.782s] -- Up-to-date symlink: /home/masterthesis/kaixi_crospi_ws/install/crospi_application_template/share/crospi_application_template/task_specifications/libraries/core_task_lib/task_library.json
[2.782s] -- Up-to-date symlink: /home/masterthesis/kaixi_crospi_ws/install/crospi_application_template/share/crospi_application_template/task_specifications/libraries/core_task_lib/task_specifications/follow_spline.etasl.lua
[2.782s] -- Up-to-date symlink: /home/masterthesis/kaixi_crospi_ws/install/crospi_application_template/share/crospi_application_template/task_specifications/libraries/core_task_lib/task_specifications/idle.etasl.lua
[2.782s] -- Up-to-date symlink: /home/masterthesis/kaixi_crospi_ws/install/crospi_application_template/share/crospi_application_template/task_specifications/libraries/core_task_lib/task_specifications/keep_relative_initial_pose.etasl.lua
[2.782s] -- Up-to-date symlink: /home/masterthesis/kaixi_crospi_ws/install/crospi_application_template/share/crospi_application_template/task_specifications/libraries/core_task_lib/task_specifications/misc/example_spline.csv
[2.782s] -- Up-to-date symlink: /home/masterthesis/kaixi_crospi_ws/install/crospi_application_template/share/crospi_application_template/task_specifications/libraries/core_task_lib/task_specifications/move_admittance.etasl.lua
[2.783s] -- Up-to-date symlink: /home/masterthesis/kaixi_crospi_ws/install/crospi_application_template/share/crospi_application_template/task_specifications/libraries/core_task_lib/task_specifications/move_cartesianspace_absolute_pose.etasl.lua
[2.783s] -- Up-to-date symlink: /home/masterthesis/kaixi_crospi_ws/install/crospi_application_template/share/crospi_application_template/task_specifications/libraries/core_task_lib/task_specifications/move_cartesianspace_relative.etasl.lua
[2.783s] -- Up-to-date symlink: /home/masterthesis/kaixi_crospi_ws/install/crospi_application_template/share/crospi_application_template/task_specifications/libraries/core_task_lib/task_specifications/move_jointspace_trap.etasl.lua
[2.783s] -- Up-to-date symlink: /home/masterthesis/kaixi_crospi_ws/install/crospi_application_template/share/crospi_application_template/task_specifications/libraries/core_task_lib/task_specifications/move_jointspace_trap_subset.etasl.lua
[2.783s] -- Up-to-date symlink: /home/masterthesis/kaixi_crospi_ws/install/crospi_application_template/share/crospi_application_template/task_specifications/libraries/core_task_lib/task_specifications/move_joystick.etasl.lua
[2.783s] -- Up-to-date symlink: /home/masterthesis/kaixi_crospi_ws/install/crospi_application_template/share/crospi_application_template/task_specifications/libraries/core_task_lib/task_specifications/utilities/utils_ts.lua
[2.783s] -- Up-to-date symlink: /home/masterthesis/kaixi_crospi_ws/install/crospi_application_template/share/crospi_application_template/task_specifications/libraries/debug_lib/.github/workflows/gitlab-mirror.yml
[2.783s] -- Up-to-date symlink: /home/masterthesis/kaixi_crospi_ws/install/crospi_application_template/share/crospi_application_template/task_specifications/libraries/debug_lib/LICENSE
[2.783s] -- Up-to-date symlink: /home/masterthesis/kaixi_crospi_ws/install/crospi_application_template/share/crospi_application_template/task_specifications/libraries/debug_lib/README.md
[2.783s] -- Up-to-date symlink: /home/masterthesis/kaixi_crospi_ws/install/crospi_application_template/share/crospi_application_template/task_specifications/libraries/debug_lib/task_json_schemas/move_joystick_reading_sensor_vals_driver.etasl.json
[2.784s] -- Up-to-date symlink: /home/masterthesis/kaixi_crospi_ws/install/crospi_application_template/share/crospi_application_template/task_specifications/libraries/debug_lib/task_json_schemas/move_sine_waves_jointspace.etasl.json
[2.784s] -- Up-to-date symlink: /home/masterthesis/kaixi_crospi_ws/install/crospi_application_template/share/crospi_application_template/task_specifications/libraries/debug_lib/task_json_schemas/readme.md
[2.784s] -- Up-to-date symlink: /home/masterthesis/kaixi_crospi_ws/install/crospi_application_template/share/crospi_application_template/task_specifications/libraries/debug_lib/task_library.json
[2.784s] -- Up-to-date symlink: /home/masterthesis/kaixi_crospi_ws/install/crospi_application_template/share/crospi_application_template/task_specifications/libraries/debug_lib/task_specifications/move_joystick_reading_sensor_vals_driver.etasl.lua
[2.784s] -- Up-to-date symlink: /home/masterthesis/kaixi_crospi_ws/install/crospi_application_template/share/crospi_application_template/task_specifications/libraries/debug_lib/task_specifications/move_sine_waves_jointspace.etasl.lua
[2.784s] -- Up-to-date symlink: /home/masterthesis/kaixi_crospi_ws/install/crospi_application_template/share/crospi_application_template/task_specifications/libraries/debug_lib/task_specifications/utilities/utils_ts.lua
[2.784s] -- Up-to-date symlink: /home/masterthesis/kaixi_crospi_ws/install/crospi_application_template/share/crospi_application_template/task_specifications/libraries/dummy_lib/.github/workflows/gitlab-mirror.yml
[2.784s] -- Up-to-date symlink: /home/masterthesis/kaixi_crospi_ws/install/crospi_application_template/share/crospi_application_template/task_specifications/libraries/dummy_lib/LICENSE
[2.784s] -- Up-to-date symlink: /home/masterthesis/kaixi_crospi_ws/install/crospi_application_template/share/crospi_application_template/task_specifications/libraries/dummy_lib/README.md
[2.784s] -- Up-to-date symlink: /home/masterthesis/kaixi_crospi_ws/install/crospi_application_template/share/crospi_application_template/task_specifications/libraries/dummy_lib/task_json_schemas/follow_external_frame.etasl.json
[2.785s] -- Up-to-date symlink: /home/masterthesis/kaixi_crospi_ws/install/crospi_application_template/share/crospi_application_template/task_specifications/libraries/dummy_lib/task_json_schemas/follow_external_vector.etasl.json
[2.785s] -- Up-to-date symlink: /home/masterthesis/kaixi_crospi_ws/install/crospi_application_template/share/crospi_application_template/task_specifications/libraries/dummy_lib/task_json_schemas/readme.md
[2.785s] -- Symlinking: /home/masterthesis/kaixi_crospi_ws/install/crospi_application_template/share/crospi_application_template/task_specifications/libraries/dummy_lib/task_json_schemas/vla_spacemouse_blend.etasl.json
[2.791s] -- Up-to-date symlink: /home/masterthesis/kaixi_crospi_ws/install/crospi_application_template/share/crospi_application_template/task_specifications/libraries/dummy_lib/task_library.json
[2.791s] -- Up-to-date symlink: /home/masterthesis/kaixi_crospi_ws/install/crospi_application_template/share/crospi_application_template/task_specifications/libraries/dummy_lib/task_specifications/follow_external_frame.etasl.lua
[2.791s] -- Up-to-date symlink: /home/masterthesis/kaixi_crospi_ws/install/crospi_application_template/share/crospi_application_template/task_specifications/libraries/dummy_lib/task_specifications/follow_external_vector.etasl.lua
[2.791s] -- Symlinking: /home/masterthesis/kaixi_crospi_ws/install/crospi_application_template/share/crospi_application_template/task_specifications/libraries/dummy_lib/task_specifications/vla_spacemouse_blend.etasl.lua
[2.797s] -- Up-to-date symlink: /home/masterthesis/kaixi_crospi_ws/install/crospi_application_template/share/crospi_application_template/task_specifications/libraries/task_library.schema.json
[2.797s] -- Up-to-date symlink: /home/masterthesis/kaixi_crospi_ws/install/crospi_application_template/share/crospi_application_template/task_specifications/tasks-schema.json
[2.797s] -- Up-to-date symlink: /home/masterthesis/kaixi_crospi_ws/install/crospi_application_template/share/crospi_application_template/skill_specifications/__init__.py
[2.797s] -- Up-to-date symlink: /home/masterthesis/kaixi_crospi_ws/install/crospi_application_template/share/crospi_application_template/skill_specifications/libraries/CMakeLists.txt
[2.797s] -- Up-to-date symlink: /home/masterthesis/kaixi_crospi_ws/install/crospi_application_template/share/crospi_application_template/skill_specifications/libraries/__init__.py
[2.797s] -- Up-to-date symlink: /home/masterthesis/kaixi_crospi_ws/install/crospi_application_template/share/crospi_application_template/skill_specifications/libraries/skill_lib_example/.github/workflows/gitlab-mirror.yml
[2.798s] -- Up-to-date symlink: /home/masterthesis/kaixi_crospi_ws/install/crospi_application_template/share/crospi_application_template/skill_specifications/libraries/skill_lib_example/README.md
[2.798s] -- Up-to-date symlink: /home/masterthesis/kaixi_crospi_ws/install/crospi_application_template/share/crospi_application_template/skill_specifications/libraries/skill_lib_example/skill_library.json
[2.798s] -- Up-to-date symlink: /home/masterthesis/kaixi_crospi_ws/install/crospi_application_template/share/crospi_application_template/skill_specifications/libraries/skill_lib_example/skill_specifications/skill_example.py
[2.798s] -- Up-to-date symlink: /home/masterthesis/kaixi_crospi_ws/install/crospi_application_template/share/crospi_application_template/skill_specifications/libraries/skill_lib_example/tasks/skill_example.json
[2.798s] -- Up-to-date symlink: /home/masterthesis/kaixi_crospi_ws/install/crospi_application_template/share/crospi_application_template/skill_specifications/libraries/skill_library.schema.json
[2.798s] -- Up-to-date symlink: /home/masterthesis/kaixi_crospi_ws/install/crospi_application_template/share/crospi_application_template/skill_specifications/libraries/test_trossen/README.md
[2.798s] -- Up-to-date symlink: /home/masterthesis/kaixi_crospi_ws/install/crospi_application_template/share/crospi_application_template/skill_specifications/libraries/test_trossen/skill_library.json
[2.798s] -- Symlinking: /home/masterthesis/kaixi_crospi_ws/install/crospi_application_template/share/crospi_application_template/skill_specifications/libraries/test_trossen/skill_specifications/trossen_vla_shared_control_runner.py
[2.804s] -- Symlinking: /home/masterthesis/kaixi_crospi_ws/install/crospi_application_template/share/crospi_application_template/skill_specifications/libraries/test_trossen/tasks/trossen_vla_shared_control.json
[2.810s] -- Up-to-date symlink: /home/masterthesis/kaixi_crospi_ws/install/crospi_application_template/share/crospi_application_template/robot_models/robot_specifications/kuka_iiwa.etasl.lua
[2.810s] -- Up-to-date symlink: /home/masterthesis/kaixi_crospi_ws/install/crospi_application_template/share/crospi_application_template/robot_models/robot_specifications/ur10.etasl.lua
[2.810s] -- Up-to-date symlink: /home/masterthesis/kaixi_crospi_ws/install/crospi_application_template/share/crospi_application_template/robot_models/robot_specifications/ur10e.etasl.lua
[2.810s] -- Up-to-date symlink: /home/masterthesis/kaixi_crospi_ws/install/crospi_application_template/share/crospi_application_template/robot_models/urdf_models/meshes/adaptor.stl
[2.810s] -- Up-to-date symlink: /home/masterthesis/kaixi_crospi_ws/install/crospi_application_template/share/crospi_application_template/robot_models/urdf_models/meshes/load_cell_67.stl
[2.811s] -- Up-to-date symlink: /home/masterthesis/kaixi_crospi_ws/install/crospi_application_template/share/crospi_application_template/robot_models/urdf_models/robot_setups/kuka_iiwa/rviz_config.rviz
[2.811s] -- Up-to-date symlink: /home/masterthesis/kaixi_crospi_ws/install/crospi_application_template/share/crospi_application_template/robot_models/urdf_models/robot_setups/kuka_iiwa/use_case_setup_iiwa.urdf
[2.811s] -- Up-to-date symlink: /home/masterthesis/kaixi_crospi_ws/install/crospi_application_template/share/crospi_application_template/robot_models/urdf_models/robot_setups/kuka_iiwa/use_case_setup_iiwa.urdf.xacro
[2.811s] -- Up-to-date symlink: /home/masterthesis/kaixi_crospi_ws/install/crospi_application_template/share/crospi_application_template/robot_models/urdf_models/robot_setups/trossen/rviz_config.rviz
[2.811s] -- Up-to-date symlink: /home/masterthesis/kaixi_crospi_ws/install/crospi_application_template/share/crospi_application_template/robot_models/urdf_models/robot_setups/ur10/environment.urdf.xacro
[2.811s] -- Up-to-date symlink: /home/masterthesis/kaixi_crospi_ws/install/crospi_application_template/share/crospi_application_template/robot_models/urdf_models/robot_setups/ur10/robot_tools.urdf.xacro
[2.811s] -- Up-to-date symlink: /home/masterthesis/kaixi_crospi_ws/install/crospi_application_template/share/crospi_application_template/robot_models/urdf_models/robot_setups/ur10/rviz_config.rviz
[2.811s] -- Up-to-date symlink: /home/masterthesis/kaixi_crospi_ws/install/crospi_application_template/share/crospi_application_template/robot_models/urdf_models/robot_setups/ur10/use_case_setup_ur10.urdf
[2.811s] -- Up-to-date symlink: /home/masterthesis/kaixi_crospi_ws/install/crospi_application_template/share/crospi_application_template/robot_models/urdf_models/robot_setups/ur10/use_case_setup_ur10.urdf.xacro
[2.811s] -- Up-to-date symlink: /home/masterthesis/kaixi_crospi_ws/install/crospi_application_template/share/crospi_application_template/robot_models/urdf_models/robot_setups/ur10e/environment.urdf.xacro
[2.811s] -- Up-to-date symlink: /home/masterthesis/kaixi_crospi_ws/install/crospi_application_template/share/crospi_application_template/robot_models/urdf_models/robot_setups/ur10e/robot_tools.urdf.xacro
[2.811s] -- Up-to-date symlink: /home/masterthesis/kaixi_crospi_ws/install/crospi_application_template/share/crospi_application_template/robot_models/urdf_models/robot_setups/ur10e/rviz_config.rviz
[2.812s] -- Up-to-date symlink: /home/masterthesis/kaixi_crospi_ws/install/crospi_application_template/share/crospi_application_template/robot_models/urdf_models/robot_setups/ur10e/use_case_setup_ur10e.urdf
[2.812s] -- Up-to-date symlink: /home/masterthesis/kaixi_crospi_ws/install/crospi_application_template/share/crospi_application_template/robot_models/urdf_models/robot_setups/ur10e/use_case_setup_ur10e.urdf.xacro
[2.812s] -- Up-to-date symlink: /home/masterthesis/kaixi_crospi_ws/install/crospi_application_template/share/crospi_application_template/schemas/blackboard-schema.json
[2.812s] -- Up-to-date symlink: /home/masterthesis/kaixi_crospi_ws/install/crospi_application_template/share/crospi_application_template/schemas/etasl.json
[2.812s] -- Up-to-date symlink: /home/masterthesis/kaixi_crospi_ws/install/crospi_application_template/share/crospi_application_template/schemas/generated/blackboard-schema-bundled.json
[2.812s] -- Up-to-date symlink: /home/masterthesis/kaixi_crospi_ws/install/crospi_application_template/share/crospi_application_template/schemas/generated/inputhandler.json
[2.812s] -- Up-to-date symlink: /home/masterthesis/kaixi_crospi_ws/install/crospi_application_template/share/crospi_application_template/schemas/generated/outputhandler.json
[2.812s] -- Up-to-date symlink: /home/masterthesis/kaixi_crospi_ws/install/crospi_application_template/share/crospi_application_template/schemas/generated/robotdriver.json
[2.812s] -- Up-to-date symlink: /home/masterthesis/kaixi_crospi_ws/install/crospi_application_template/share/crospi_application_template/schemas/generated/robotsimulator.json
[2.813s] -- Up-to-date symlink: /home/masterthesis/kaixi_crospi_ws/install/crospi_application_template/share/crospi_application_template/schemas/iohandlers.json
[2.813s] -- Up-to-date symlink: /home/masterthesis/kaixi_crospi_ws/install/crospi_application_template/share/crospi_application_template/schemas/robot.json
[2.813s] -- Up-to-date symlink: /home/masterthesis/kaixi_crospi_ws/install/crospi_application_template/lib/crospi_application_template/pose_msg_to_tf.py
[2.813s] -- Up-to-date symlink: /home/masterthesis/kaixi_crospi_ws/install/crospi_application_template/lib/crospi_application_template/sine_wave_tf.py
[2.813s] -- Up-to-date symlink: /home/masterthesis/kaixi_crospi_ws/install/crospi_application_template/share/crospi_application_template/environment/pythonpath.sh
[2.813s] -- Up-to-date symlink: /home/masterthesis/kaixi_crospi_ws/install/crospi_application_template/share/crospi_application_template/environment/pythonpath.dsv
[2.813s] -- Up-to-date symlink: /home/masterthesis/kaixi_crospi_ws/install/crospi_application_template/local/lib/python3.10/dist-packages/skill_specifications-0.0.0-py3.10.egg-info/PKG-INFO
[2.814s] -- Up-to-date symlink: /home/masterthesis/kaixi_crospi_ws/install/crospi_application_template/local/lib/python3.10/dist-packages/skill_specifications-0.0.0-py3.10.egg-info/SOURCES.txt
[2.814s] -- Up-to-date symlink: /home/masterthesis/kaixi_crospi_ws/install/crospi_application_template/local/lib/python3.10/dist-packages/skill_specifications-0.0.0-py3.10.egg-info/dependency_links.txt
[2.814s] -- Up-to-date symlink: /home/masterthesis/kaixi_crospi_ws/install/crospi_application_template/local/lib/python3.10/dist-packages/skill_specifications-0.0.0-py3.10.egg-info/top_level.txt
[2.814s] -- Up-to-date symlink: /home/masterthesis/kaixi_crospi_ws/install/crospi_application_template/local/lib/python3.10/dist-packages/skill_specifications/__init__.py
[2.814s] -- Up-to-date symlink: /home/masterthesis/kaixi_crospi_ws/install/crospi_application_template/local/lib/python3.10/dist-packages/skill_specifications/libraries/CMakeLists.txt
[2.815s] -- Up-to-date symlink: /home/masterthesis/kaixi_crospi_ws/install/crospi_application_template/local/lib/python3.10/dist-packages/skill_specifications/libraries/__init__.py
[2.815s] -- Up-to-date symlink: /home/masterthesis/kaixi_crospi_ws/install/crospi_application_template/local/lib/python3.10/dist-packages/skill_specifications/libraries/skill_lib_example/.github/workflows/gitlab-mirror.yml
[2.815s] -- Up-to-date symlink: /home/masterthesis/kaixi_crospi_ws/install/crospi_application_template/local/lib/python3.10/dist-packages/skill_specifications/libraries/skill_lib_example/README.md
[2.815s] -- Up-to-date symlink: /home/masterthesis/kaixi_crospi_ws/install/crospi_application_template/local/lib/python3.10/dist-packages/skill_specifications/libraries/skill_lib_example/skill_library.json
[2.815s] -- Up-to-date symlink: /home/masterthesis/kaixi_crospi_ws/install/crospi_application_template/local/lib/python3.10/dist-packages/skill_specifications/libraries/skill_lib_example/skill_specifications/skill_example.py
[2.815s] -- Up-to-date symlink: /home/masterthesis/kaixi_crospi_ws/install/crospi_application_template/local/lib/python3.10/dist-packages/skill_specifications/libraries/skill_lib_example/tasks/skill_example.json
[2.815s] -- Up-to-date symlink: /home/masterthesis/kaixi_crospi_ws/install/crospi_application_template/local/lib/python3.10/dist-packages/skill_specifications/libraries/skill_library.schema.json
[2.815s] -- Up-to-date symlink: /home/masterthesis/kaixi_crospi_ws/install/crospi_application_template/local/lib/python3.10/dist-packages/skill_specifications/libraries/test_trossen/README.md
[2.815s] -- Up-to-date symlink: /home/masterthesis/kaixi_crospi_ws/install/crospi_application_template/local/lib/python3.10/dist-packages/skill_specifications/libraries/test_trossen/skill_library.json
[2.815s] -- Symlinking: /home/masterthesis/kaixi_crospi_ws/install/crospi_application_template/local/lib/python3.10/dist-packages/skill_specifications/libraries/test_trossen/skill_specifications/trossen_vla_shared_control_runner.py
[2.822s] -- Symlinking: /home/masterthesis/kaixi_crospi_ws/install/crospi_application_template/local/lib/python3.10/dist-packages/skill_specifications/libraries/test_trossen/tasks/trossen_vla_shared_control.json
[2.828s] -- Up-to-date symlink: /home/masterthesis/kaixi_crospi_ws/install/crospi_application_template/share/ament_index/resource_index/package_run_dependencies/crospi_application_template
[2.828s] -- Up-to-date symlink: /home/masterthesis/kaixi_crospi_ws/install/crospi_application_template/share/ament_index/resource_index/parent_prefix_path/crospi_application_template
[2.828s] -- Up-to-date symlink: /home/masterthesis/kaixi_crospi_ws/install/crospi_application_template/share/crospi_application_template/environment/ament_prefix_path.sh
[2.828s] -- Up-to-date symlink: /home/masterthesis/kaixi_crospi_ws/install/crospi_application_template/share/crospi_application_template/environment/ament_prefix_path.dsv
[2.828s] -- Up-to-date symlink: /home/masterthesis/kaixi_crospi_ws/install/crospi_application_template/share/crospi_application_template/environment/path.sh
[2.829s] -- Up-to-date symlink: /home/masterthesis/kaixi_crospi_ws/install/crospi_application_template/share/crospi_application_template/environment/path.dsv
[2.829s] -- Up-to-date symlink: /home/masterthesis/kaixi_crospi_ws/install/crospi_application_template/share/crospi_application_template/local_setup.bash
[2.829s] -- Up-to-date symlink: /home/masterthesis/kaixi_crospi_ws/install/crospi_application_template/share/crospi_application_template/local_setup.sh
[2.829s] -- Up-to-date symlink: /home/masterthesis/kaixi_crospi_ws/install/crospi_application_template/share/crospi_application_template/local_setup.zsh
[2.829s] -- Up-to-date symlink: /home/masterthesis/kaixi_crospi_ws/install/crospi_application_template/share/crospi_application_template/local_setup.dsv
[2.829s] -- Symlinking: /home/masterthesis/kaixi_crospi_ws/install/crospi_application_template/share/crospi_application_template/package.dsv
[2.835s] -- Up-to-date symlink: /home/masterthesis/kaixi_crospi_ws/install/crospi_application_template/share/ament_index/resource_index/packages/crospi_application_template
[2.835s] -- Up-to-date symlink: /home/masterthesis/kaixi_crospi_ws/install/crospi_application_template/share/crospi_application_template/cmake/crospi_application_templateConfig.cmake
[2.835s] -- Up-to-date symlink: /home/masterthesis/kaixi_crospi_ws/install/crospi_application_template/share/crospi_application_template/cmake/crospi_application_templateConfig-version.cmake
[2.835s] -- Up-to-date symlink: /home/masterthesis/kaixi_crospi_ws/install/crospi_application_template/share/crospi_application_template/package.xml
[2.864s] Listing '/home/masterthesis/kaixi_crospi_ws/install/crospi_application_template/local/lib/python3.10/dist-packages/skill_specifications'...
[2.864s] Compiling '/home/masterthesis/kaixi_crospi_ws/install/crospi_application_template/local/lib/python3.10/dist-packages/skill_specifications/__init__.py'...
[2.864s] Listing '/home/masterthesis/kaixi_crospi_ws/install/crospi_application_template/local/lib/python3.10/dist-packages/skill_specifications/libraries'...
[2.864s] Compiling '/home/masterthesis/kaixi_crospi_ws/install/crospi_application_template/local/lib/python3.10/dist-packages/skill_specifications/libraries/__init__.py'...
[2.864s] Listing '/home/masterthesis/kaixi_crospi_ws/install/crospi_application_template/local/lib/python3.10/dist-packages/skill_specifications/libraries/skill_lib_example'...
[2.864s] Listing '/home/masterthesis/kaixi_crospi_ws/install/crospi_application_template/local/lib/python3.10/dist-packages/skill_specifications/libraries/skill_lib_example/.github'...
[2.864s] Listing '/home/masterthesis/kaixi_crospi_ws/install/crospi_application_template/local/lib/python3.10/dist-packages/skill_specifications/libraries/skill_lib_example/.github/workflows'...
[2.864s] Listing '/home/masterthesis/kaixi_crospi_ws/install/crospi_application_template/local/lib/python3.10/dist-packages/skill_specifications/libraries/skill_lib_example/skill_specifications'...
[2.864s] Compiling '/home/masterthesis/kaixi_crospi_ws/install/crospi_application_template/local/lib/python3.10/dist-packages/skill_specifications/libraries/skill_lib_example/skill_specifications/skill_example.py'...
[2.864s] Listing '/home/masterthesis/kaixi_crospi_ws/install/crospi_application_template/local/lib/python3.10/dist-packages/skill_specifications/libraries/skill_lib_example/tasks'...
[2.864s] Listing '/home/masterthesis/kaixi_crospi_ws/install/crospi_application_template/local/lib/python3.10/dist-packages/skill_specifications/libraries/test_trossen'...
[2.864s] Listing '/home/masterthesis/kaixi_crospi_ws/install/crospi_application_template/local/lib/python3.10/dist-packages/skill_specifications/libraries/test_trossen/skill_specifications'...
[2.864s] Compiling '/home/masterthesis/kaixi_crospi_ws/install/crospi_application_template/local/lib/python3.10/dist-packages/skill_specifications/libraries/test_trossen/skill_specifications/trossen_vla_shared_control_runner.py'...
[2.864s] Listing '/home/masterthesis/kaixi_crospi_ws/install/crospi_application_template/local/lib/python3.10/dist-packages/skill_specifications/libraries/test_trossen/tasks'...
[2.868s] Invoked command in '/home/masterthesis/kaixi_crospi_ws/build/crospi_application_template' returned '0': CMAKE_PREFIX_PATH=${CMAKE_PREFIX_PATH}:/opt/ros2_crospi_ws/install/betfsm_demos:/opt/ros2_crospi_ws/install/betfsm:/opt/ros/humble /usr/bin/cmake --install /home/masterthesis/kaixi_crospi_ws/build/crospi_application_template
