-- The C compiler identification is GNU 11.4.0
-- The CXX compiler identification is GNU 11.4.0
-- Detecting C compiler ABI info
-- Detecting C compiler ABI info - done
-- Check for working C compiler: /usr/bin/cc - skipped
-- Detecting C compile features
-- Detecting C compile features - done
-- Detecting CXX compiler ABI info
-- Detecting CXX compiler ABI info - done
-- Check for working CXX compiler: /usr/bin/c++ - skipped
-- Detecting CXX compile features
-- Detecting CXX compile features - done
-- Found ament_cmake: 1.3.14 (/opt/ros/humble/share/ament_cmake/cmake)
-- Found Python3: /usr/bin/python3 (found version "3.10.12") found components: Interpreter 
-- Override CMake install command with custom implementation using symlinks instead of copying resources
-- Found builtin_interfaces: 1.2.2 (/opt/ros/humble/share/builtin_interfaces/cmake)
-- Found rosidl_generator_c: 3.1.8 (/opt/ros/humble/share/rosidl_generator_c/cmake)
-- Found rosidl_adapter: 3.1.8 (/opt/ros/humble/share/rosidl_adapter/cmake)
-- Found rosidl_generator_cpp: 3.1.8 (/opt/ros/humble/share/rosidl_generator_cpp/cmake)
-- Using all available rosidl_typesupport_c: rosidl_typesupport_fastrtps_c;rosidl_typesupport_introspection_c
-- Using all available rosidl_typesupport_cpp: rosidl_typesupport_fastrtps_cpp;rosidl_typesupport_introspection_cpp
-- Found rcl_interfaces: 1.2.2 (/opt/ros/humble/share/rcl_interfaces/cmake)
-- Found rosidl_default_generators: 1.2.1 (/opt/ros/humble/share/rosidl_default_generators/cmake)
-- Found ament_cmake_ros: 0.10.0 (/opt/ros/humble/share/ament_cmake_ros/cmake)
-- Using all available rosidl_typesupport_c: rosidl_typesupport_fastrtps_c;rosidl_typesupport_introspection_c
-- Using all available rosidl_typesupport_cpp: rosidl_typesupport_fastrtps_cpp;rosidl_typesupport_introspection_cpp
-- Found PythonInterp: /usr/bin/python3 (found suitable version "3.10.12", minimum required is "3.6") 
-- Found python_cmake_module: 0.10.0 (/opt/ros/humble/share/python_cmake_module/cmake)
-- Found PythonLibs: /usr/lib/x86_64-linux-gnu/libpython3.10.so (found suitable version "3.10.12", minimum required is "3.5") 
-- Using PYTHON_EXECUTABLE: /usr/bin/python3
-- Using PYTHON_INCLUDE_DIRS: /usr/include/python3.10
-- Using PYTHON_LIBRARIES: /usr/lib/x86_64-linux-gnu/libpython3.10.so
-- Found PythonExtra: .so  
-- Found ament_lint_auto: 0.12.15 (/opt/ros/humble/share/ament_lint_auto/cmake)
-- Added test 'lint_cmake' to check CMake code style
-- Added test 'xmllint' to check XML markup files
-- Configuring done
-- Generating done
-- Build files have been written to: /home/masterthesis/kaixi_crospi_ws/build/trossen_widowx_interfaces
[  2%] [34m[1mGenerating C code for ROS interfaces[0m
[  6%] [34m[1mGenerating C++ code for ROS interfaces[0m
[  6%] [34m[1mGenerating Rust code for ROS interfaces[0m
[  6%] Built target ament_cmake_python_symlink_trossen_widowx_interfaces
[  6%] Built target trossen_widowx_interfaces__rs
running egg_info
creating trossen_widowx_interfaces.egg-info
writing trossen_widowx_interfaces.egg-info/PKG-INFO
writing dependency_links to trossen_widowx_interfaces.egg-info/dependency_links.txt
writing top-level names to trossen_widowx_interfaces.egg-info/top_level.txt
writing manifest file 'trossen_widowx_interfaces.egg-info/SOURCES.txt'
reading manifest file 'trossen_widowx_interfaces.egg-info/SOURCES.txt'
writing manifest file 'trossen_widowx_interfaces.egg-info/SOURCES.txt'
[  6%] Built target ament_cmake_python_build_trossen_widowx_interfaces_egg
[ 12%] [32mBuilding C object CMakeFiles/trossen_widowx_interfaces__rosidl_generator_c.dir/rosidl_generator_c/trossen_widowx_interfaces/srv/detail/arm_mode__functions.c.o[0m
[ 12%] [32mBuilding C object CMakeFiles/trossen_widowx_interfaces__rosidl_generator_c.dir/rosidl_generator_c/trossen_widowx_interfaces/srv/detail/joint_modes__functions.c.o[0m
[ 12%] [32mBuilding C object CMakeFiles/trossen_widowx_interfaces__rosidl_generator_c.dir/rosidl_generator_c/trossen_widowx_interfaces/srv/detail/control_gripper__functions.c.o[0m
[ 12%] Built target trossen_widowx_interfaces__cpp
[ 18%] [34m[1mGenerating C++ introspection for ROS interfaces[0m
[ 18%] [34m[1mGenerating C++ type support dispatch for ROS interfaces[0m
[ 18%] [34m[1mGenerating C++ type support for eProsima Fast-RTPS[0m
[ 20%] [32m[1mLinking C shared library libtrossen_widowx_interfaces__rosidl_generator_c.so[0m
[ 20%] Built target trossen_widowx_interfaces__rosidl_generator_c
[ 27%] [34m[1mGenerating C introspection for ROS interfaces[0m
[ 27%] [34m[1mGenerating C type support dispatch for ROS interfaces[0m
[ 27%] [34m[1mGenerating C type support for eProsima Fast-RTPS[0m
[ 29%] [32mBuilding CXX object CMakeFiles/trossen_widowx_interfaces__rosidl_typesupport_cpp.dir/rosidl_typesupport_cpp/trossen_widowx_interfaces/srv/arm_mode__type_support.cpp.o[0m
[ 31%] [32mBuilding CXX object CMakeFiles/trossen_widowx_interfaces__rosidl_typesupport_cpp.dir/rosidl_typesupport_cpp/trossen_widowx_interfaces/srv/joint_modes__type_support.cpp.o[0m
[ 33%] [32mBuilding CXX object CMakeFiles/trossen_widowx_interfaces__rosidl_typesupport_cpp.dir/rosidl_typesupport_cpp/trossen_widowx_interfaces/srv/control_gripper__type_support.cpp.o[0m
[ 35%] [32mBuilding CXX object CMakeFiles/trossen_widowx_interfaces__rosidl_typesupport_introspection_cpp.dir/rosidl_typesupport_introspection_cpp/trossen_widowx_interfaces/srv/detail/control_gripper__type_support.cpp.o[0m
[ 37%] [32mBuilding CXX object CMakeFiles/trossen_widowx_interfaces__rosidl_typesupport_introspection_cpp.dir/rosidl_typesupport_introspection_cpp/trossen_widowx_interfaces/srv/detail/arm_mode__type_support.cpp.o[0m
[ 39%] [32mBuilding CXX object CMakeFiles/trossen_widowx_interfaces__rosidl_typesupport_introspection_cpp.dir/rosidl_typesupport_introspection_cpp/trossen_widowx_interfaces/srv/detail/joint_modes__type_support.cpp.o[0m
[ 45%] [32mBuilding CXX object CMakeFiles/trossen_widowx_interfaces__rosidl_typesupport_fastrtps_cpp.dir/rosidl_typesupport_fastrtps_cpp/trossen_widowx_interfaces/srv/detail/dds_fastrtps/control_gripper__type_support.cpp.o[0m
[ 45%] [32mBuilding CXX object CMakeFiles/trossen_widowx_interfaces__rosidl_typesupport_fastrtps_cpp.dir/rosidl_typesupport_fastrtps_cpp/trossen_widowx_interfaces/srv/detail/dds_fastrtps/joint_modes__type_support.cpp.o[0m
[ 45%] [32mBuilding CXX object CMakeFiles/trossen_widowx_interfaces__rosidl_typesupport_fastrtps_cpp.dir/rosidl_typesupport_fastrtps_cpp/trossen_widowx_interfaces/srv/detail/dds_fastrtps/arm_mode__type_support.cpp.o[0m
[ 52%] [32mBuilding CXX object CMakeFiles/trossen_widowx_interfaces__rosidl_typesupport_c.dir/rosidl_typesupport_c/trossen_widowx_interfaces/srv/joint_modes__type_support.cpp.o[0m
[ 52%] [32mBuilding CXX object CMakeFiles/trossen_widowx_interfaces__rosidl_typesupport_c.dir/rosidl_typesupport_c/trossen_widowx_interfaces/srv/control_gripper__type_support.cpp.o[0m
[ 52%] [32mBuilding CXX object CMakeFiles/trossen_widowx_interfaces__rosidl_typesupport_c.dir/rosidl_typesupport_c/trossen_widowx_interfaces/srv/arm_mode__type_support.cpp.o[0m
[ 54%] [32mBuilding C object CMakeFiles/trossen_widowx_interfaces__rosidl_typesupport_introspection_c.dir/rosidl_typesupport_introspection_c/trossen_widowx_interfaces/srv/detail/arm_mode__type_support.c.o[0m
[ 56%] [32mBuilding C object CMakeFiles/trossen_widowx_interfaces__rosidl_typesupport_introspection_c.dir/rosidl_typesupport_introspection_c/trossen_widowx_interfaces/srv/detail/joint_modes__type_support.c.o[0m
[ 58%] [32mBuilding C object CMakeFiles/trossen_widowx_interfaces__rosidl_typesupport_introspection_c.dir/rosidl_typesupport_introspection_c/trossen_widowx_interfaces/srv/detail/control_gripper__type_support.c.o[0m
[ 60%] [32m[1mLinking CXX shared library libtrossen_widowx_interfaces__rosidl_typesupport_c.so[0m
[ 66%] [32mBuilding CXX object CMakeFiles/trossen_widowx_interfaces__rosidl_typesupport_fastrtps_c.dir/rosidl_typesupport_fastrtps_c/trossen_widowx_interfaces/srv/detail/control_gripper__type_support_c.cpp.o[0m
[ 66%] [32mBuilding CXX object CMakeFiles/trossen_widowx_interfaces__rosidl_typesupport_fastrtps_c.dir/rosidl_typesupport_fastrtps_c/trossen_widowx_interfaces/srv/detail/arm_mode__type_support_c.cpp.o[0m
[ 66%] [32mBuilding CXX object CMakeFiles/trossen_widowx_interfaces__rosidl_typesupport_fastrtps_c.dir/rosidl_typesupport_fastrtps_c/trossen_widowx_interfaces/srv/detail/joint_modes__type_support_c.cpp.o[0m
[ 68%] [32m[1mLinking C shared library libtrossen_widowx_interfaces__rosidl_typesupport_introspection_c.so[0m
[ 68%] Built target trossen_widowx_interfaces__rosidl_typesupport_c
[ 68%] Built target trossen_widowx_interfaces__rosidl_typesupport_introspection_c
[ 70%] [32m[1mLinking CXX shared library libtrossen_widowx_interfaces__rosidl_typesupport_cpp.so[0m
[ 70%] Built target trossen_widowx_interfaces__rosidl_typesupport_cpp
[ 72%] [32m[1mLinking CXX shared library libtrossen_widowx_interfaces__rosidl_typesupport_introspection_cpp.so[0m
[ 75%] [32m[1mLinking CXX shared library libtrossen_widowx_interfaces__rosidl_typesupport_fastrtps_cpp.so[0m
[ 75%] Built target trossen_widowx_interfaces__rosidl_typesupport_introspection_cpp
[ 77%] [32m[1mLinking CXX shared library libtrossen_widowx_interfaces__rosidl_typesupport_fastrtps_c.so[0m
[ 77%] Built target trossen_widowx_interfaces__rosidl_typesupport_fastrtps_cpp
[ 77%] Built target trossen_widowx_interfaces__rosidl_typesupport_fastrtps_c
[ 77%] Built target trossen_widowx_interfaces
[ 79%] [34m[1mGenerating Python code for ROS interfaces[0m
[ 79%] Built target trossen_widowx_interfaces__py
[ 85%] [32mBuilding C object CMakeFiles/trossen_widowx_interfaces__rosidl_generator_py.dir/rosidl_generator_py/trossen_widowx_interfaces/srv/_control_gripper_s.c.o[0m
[ 85%] [32mBuilding C object CMakeFiles/trossen_widowx_interfaces__rosidl_generator_py.dir/rosidl_generator_py/trossen_widowx_interfaces/srv/_arm_mode_s.c.o[0m
[ 85%] [32mBuilding C object CMakeFiles/trossen_widowx_interfaces__rosidl_generator_py.dir/rosidl_generator_py/trossen_widowx_interfaces/srv/_joint_modes_s.c.o[0m
[ 87%] [32m[1mLinking C shared library rosidl_generator_py/trossen_widowx_interfaces/libtrossen_widowx_interfaces__rosidl_generator_py.so[0m
[ 87%] Built target trossen_widowx_interfaces__rosidl_generator_py
[ 93%] [32mBuilding C object CMakeFiles/trossen_widowx_interfaces__rosidl_typesupport_c__pyext.dir/rosidl_generator_py/trossen_widowx_interfaces/_trossen_widowx_interfaces_s.ep.rosidl_typesupport_c.c.o[0m
[ 93%] [32mBuilding C object CMakeFiles/trossen_widowx_interfaces__rosidl_typesupport_introspection_c__pyext.dir/rosidl_generator_py/trossen_widowx_interfaces/_trossen_widowx_interfaces_s.ep.rosidl_typesupport_introspection_c.c.o[0m
[ 93%] [32mBuilding C object CMakeFiles/trossen_widowx_interfaces__rosidl_typesupport_fastrtps_c__pyext.dir/rosidl_generator_py/trossen_widowx_interfaces/_trossen_widowx_interfaces_s.ep.rosidl_typesupport_fastrtps_c.c.o[0m
[ 95%] [32m[1mLinking C shared library rosidl_generator_py/trossen_widowx_interfaces/trossen_widowx_interfaces_s__rosidl_typesupport_c.cpython-310-x86_64-linux-gnu.so[0m
[ 97%] [32m[1mLinking C shared library rosidl_generator_py/trossen_widowx_interfaces/trossen_widowx_interfaces_s__rosidl_typesupport_introspection_c.cpython-310-x86_64-linux-gnu.so[0m
[100%] [32m[1mLinking C shared library rosidl_generator_py/trossen_widowx_interfaces/trossen_widowx_interfaces_s__rosidl_typesupport_fastrtps_c.cpython-310-x86_64-linux-gnu.so[0m
[100%] Built target trossen_widowx_interfaces__rosidl_typesupport_introspection_c__pyext
[100%] Built target trossen_widowx_interfaces__rosidl_typesupport_c__pyext
[100%] Built target trossen_widowx_interfaces__rosidl_typesupport_fastrtps_c__pyext
-- Install configuration: ""
-- Execute custom install script
-- Symlinking: /home/masterthesis/kaixi_crospi_ws/install/trossen_widowx_interfaces/share/ament_index/resource_index/rosidl_interfaces/trossen_widowx_interfaces
-- Symlinking: /home/masterthesis/kaixi_crospi_ws/install/trossen_widowx_interfaces/include/trossen_widowx_interfaces/trossen_widowx_interfaces/msg/rosidl_generator_c__visibility_control.h
-- Symlinking: /home/masterthesis/kaixi_crospi_ws/install/trossen_widowx_interfaces/include/trossen_widowx_interfaces/trossen_widowx_interfaces/srv/arm_mode.h
-- Symlinking: /home/masterthesis/kaixi_crospi_ws/install/trossen_widowx_interfaces/include/trossen_widowx_interfaces/trossen_widowx_interfaces/srv/control_gripper.h
-- Symlinking: /home/masterthesis/kaixi_crospi_ws/install/trossen_widowx_interfaces/include/trossen_widowx_interfaces/trossen_widowx_interfaces/srv/detail/arm_mode__functions.h
-- Symlinking: /home/masterthesis/kaixi_crospi_ws/install/trossen_widowx_interfaces/include/trossen_widowx_interfaces/trossen_widowx_interfaces/srv/detail/arm_mode__struct.h
-- Symlinking: /home/masterthesis/kaixi_crospi_ws/install/trossen_widowx_interfaces/include/trossen_widowx_interfaces/trossen_widowx_interfaces/srv/detail/arm_mode__type_support.h
-- Symlinking: /home/masterthesis/kaixi_crospi_ws/install/trossen_widowx_interfaces/include/trossen_widowx_interfaces/trossen_widowx_interfaces/srv/detail/control_gripper__functions.h
-- Symlinking: /home/masterthesis/kaixi_crospi_ws/install/trossen_widowx_interfaces/include/trossen_widowx_interfaces/trossen_widowx_interfaces/srv/detail/control_gripper__struct.h
-- Symlinking: /home/masterthesis/kaixi_crospi_ws/install/trossen_widowx_interfaces/include/trossen_widowx_interfaces/trossen_widowx_interfaces/srv/detail/control_gripper__type_support.h
-- Symlinking: /home/masterthesis/kaixi_crospi_ws/install/trossen_widowx_interfaces/include/trossen_widowx_interfaces/trossen_widowx_interfaces/srv/detail/joint_modes__functions.h
-- Symlinking: /home/masterthesis/kaixi_crospi_ws/install/trossen_widowx_interfaces/include/trossen_widowx_interfaces/trossen_widowx_interfaces/srv/detail/joint_modes__struct.h
-- Symlinking: /home/masterthesis/kaixi_crospi_ws/install/trossen_widowx_interfaces/include/trossen_widowx_interfaces/trossen_widowx_interfaces/srv/detail/joint_modes__type_support.h
-- Symlinking: /home/masterthesis/kaixi_crospi_ws/install/trossen_widowx_interfaces/include/trossen_widowx_interfaces/trossen_widowx_interfaces/srv/joint_modes.h
-- Symlinking: /home/masterthesis/kaixi_crospi_ws/install/trossen_widowx_interfaces/share/trossen_widowx_interfaces/environment/library_path.sh
-- Symlinking: /home/masterthesis/kaixi_crospi_ws/install/trossen_widowx_interfaces/share/trossen_widowx_interfaces/environment/library_path.dsv
-- Symlinking: /home/masterthesis/kaixi_crospi_ws/install/trossen_widowx_interfaces/include/trossen_widowx_interfaces/trossen_widowx_interfaces/msg/rosidl_typesupport_fastrtps_c__visibility_control.h
-- Symlinking: /home/masterthesis/kaixi_crospi_ws/install/trossen_widowx_interfaces/include/trossen_widowx_interfaces/trossen_widowx_interfaces/srv/detail/arm_mode__rosidl_typesupport_fastrtps_c.h
-- Symlinking: /home/masterthesis/kaixi_crospi_ws/install/trossen_widowx_interfaces/include/trossen_widowx_interfaces/trossen_widowx_interfaces/srv/detail/control_gripper__rosidl_typesupport_fastrtps_c.h
-- Symlinking: /home/masterthesis/kaixi_crospi_ws/install/trossen_widowx_interfaces/include/trossen_widowx_interfaces/trossen_widowx_interfaces/srv/detail/joint_modes__rosidl_typesupport_fastrtps_c.h
-- Symlinking: /home/masterthesis/kaixi_crospi_ws/install/trossen_widowx_interfaces/include/trossen_widowx_interfaces/trossen_widowx_interfaces/msg/rosidl_generator_cpp__visibility_control.hpp
-- Symlinking: /home/masterthesis/kaixi_crospi_ws/install/trossen_widowx_interfaces/include/trossen_widowx_interfaces/trossen_widowx_interfaces/srv/arm_mode.hpp
-- Symlinking: /home/masterthesis/kaixi_crospi_ws/install/trossen_widowx_interfaces/include/trossen_widowx_interfaces/trossen_widowx_interfaces/srv/control_gripper.hpp
-- Symlinking: /home/masterthesis/kaixi_crospi_ws/install/trossen_widowx_interfaces/include/trossen_widowx_interfaces/trossen_widowx_interfaces/srv/detail/arm_mode__builder.hpp
-- Symlinking: /home/masterthesis/kaixi_crospi_ws/install/trossen_widowx_interfaces/include/trossen_widowx_interfaces/trossen_widowx_interfaces/srv/detail/arm_mode__struct.hpp
-- Symlinking: /home/masterthesis/kaixi_crospi_ws/install/trossen_widowx_interfaces/include/trossen_widowx_interfaces/trossen_widowx_interfaces/srv/detail/arm_mode__traits.hpp
-- Symlinking: /home/masterthesis/kaixi_crospi_ws/install/trossen_widowx_interfaces/include/trossen_widowx_interfaces/trossen_widowx_interfaces/srv/detail/arm_mode__type_support.hpp
-- Symlinking: /home/masterthesis/kaixi_crospi_ws/install/trossen_widowx_interfaces/include/trossen_widowx_interfaces/trossen_widowx_interfaces/srv/detail/control_gripper__builder.hpp
-- Symlinking: /home/masterthesis/kaixi_crospi_ws/install/trossen_widowx_interfaces/include/trossen_widowx_interfaces/trossen_widowx_interfaces/srv/detail/control_gripper__struct.hpp
-- Symlinking: /home/masterthesis/kaixi_crospi_ws/install/trossen_widowx_interfaces/include/trossen_widowx_interfaces/trossen_widowx_interfaces/srv/detail/control_gripper__traits.hpp
-- Symlinking: /home/masterthesis/kaixi_crospi_ws/install/trossen_widowx_interfaces/include/trossen_widowx_interfaces/trossen_widowx_interfaces/srv/detail/control_gripper__type_support.hpp
-- Symlinking: /home/masterthesis/kaixi_crospi_ws/install/trossen_widowx_interfaces/include/trossen_widowx_interfaces/trossen_widowx_interfaces/srv/detail/joint_modes__builder.hpp
-- Symlinking: /home/masterthesis/kaixi_crospi_ws/install/trossen_widowx_interfaces/include/trossen_widowx_interfaces/trossen_widowx_interfaces/srv/detail/joint_modes__struct.hpp
-- Symlinking: /home/masterthesis/kaixi_crospi_ws/install/trossen_widowx_interfaces/include/trossen_widowx_interfaces/trossen_widowx_interfaces/srv/detail/joint_modes__traits.hpp
-- Symlinking: /home/masterthesis/kaixi_crospi_ws/install/trossen_widowx_interfaces/include/trossen_widowx_interfaces/trossen_widowx_interfaces/srv/detail/joint_modes__type_support.hpp
-- Symlinking: /home/masterthesis/kaixi_crospi_ws/install/trossen_widowx_interfaces/include/trossen_widowx_interfaces/trossen_widowx_interfaces/srv/joint_modes.hpp
-- Symlinking: /home/masterthesis/kaixi_crospi_ws/install/trossen_widowx_interfaces/include/trossen_widowx_interfaces/trossen_widowx_interfaces/msg/rosidl_typesupport_fastrtps_cpp__visibility_control.h
-- Symlinking: /home/masterthesis/kaixi_crospi_ws/install/trossen_widowx_interfaces/include/trossen_widowx_interfaces/trossen_widowx_interfaces/srv/detail/arm_mode__rosidl_typesupport_fastrtps_cpp.hpp
-- Symlinking: /home/masterthesis/kaixi_crospi_ws/install/trossen_widowx_interfaces/include/trossen_widowx_interfaces/trossen_widowx_interfaces/srv/detail/control_gripper__rosidl_typesupport_fastrtps_cpp.hpp
-- Symlinking: /home/masterthesis/kaixi_crospi_ws/install/trossen_widowx_interfaces/include/trossen_widowx_interfaces/trossen_widowx_interfaces/srv/detail/joint_modes__rosidl_typesupport_fastrtps_cpp.hpp
-- Symlinking: /home/masterthesis/kaixi_crospi_ws/install/trossen_widowx_interfaces/include/trossen_widowx_interfaces/trossen_widowx_interfaces/msg/rosidl_typesupport_introspection_c__visibility_control.h
-- Symlinking: /home/masterthesis/kaixi_crospi_ws/install/trossen_widowx_interfaces/include/trossen_widowx_interfaces/trossen_widowx_interfaces/srv/detail/arm_mode__rosidl_typesupport_introspection_c.h
-- Symlinking: /home/masterthesis/kaixi_crospi_ws/install/trossen_widowx_interfaces/include/trossen_widowx_interfaces/trossen_widowx_interfaces/srv/detail/control_gripper__rosidl_typesupport_introspection_c.h
-- Symlinking: /home/masterthesis/kaixi_crospi_ws/install/trossen_widowx_interfaces/include/trossen_widowx_interfaces/trossen_widowx_interfaces/srv/detail/joint_modes__rosidl_typesupport_introspection_c.h
-- Symlinking: /home/masterthesis/kaixi_crospi_ws/install/trossen_widowx_interfaces/include/trossen_widowx_interfaces/trossen_widowx_interfaces/srv/detail/arm_mode__rosidl_typesupport_introspection_cpp.hpp
-- Symlinking: /home/masterthesis/kaixi_crospi_ws/install/trossen_widowx_interfaces/include/trossen_widowx_interfaces/trossen_widowx_interfaces/srv/detail/control_gripper__rosidl_typesupport_introspection_cpp.hpp
-- Symlinking: /home/masterthesis/kaixi_crospi_ws/install/trossen_widowx_interfaces/include/trossen_widowx_interfaces/trossen_widowx_interfaces/srv/detail/joint_modes__rosidl_typesupport_introspection_cpp.hpp
-- Symlinking: /home/masterthesis/kaixi_crospi_ws/install/trossen_widowx_interfaces/share/trossen_widowx_interfaces/environment/pythonpath.sh
-- Symlinking: /home/masterthesis/kaixi_crospi_ws/install/trossen_widowx_interfaces/share/trossen_widowx_interfaces/environment/pythonpath.dsv
-- Symlinking: /home/masterthesis/kaixi_crospi_ws/install/trossen_widowx_interfaces/local/lib/python3.10/dist-packages/trossen_widowx_interfaces-0.0.0-py3.10.egg-info/PKG-INFO
-- Symlinking: /home/masterthesis/kaixi_crospi_ws/install/trossen_widowx_interfaces/local/lib/python3.10/dist-packages/trossen_widowx_interfaces-0.0.0-py3.10.egg-info/SOURCES.txt
-- Symlinking: /home/masterthesis/kaixi_crospi_ws/install/trossen_widowx_interfaces/local/lib/python3.10/dist-packages/trossen_widowx_interfaces-0.0.0-py3.10.egg-info/dependency_links.txt
-- Symlinking: /home/masterthesis/kaixi_crospi_ws/install/trossen_widowx_interfaces/local/lib/python3.10/dist-packages/trossen_widowx_interfaces-0.0.0-py3.10.egg-info/top_level.txt
-- Symlinking: /home/masterthesis/kaixi_crospi_ws/install/trossen_widowx_interfaces/local/lib/python3.10/dist-packages/trossen_widowx_interfaces/__init__.py
-- Symlinking: /home/masterthesis/kaixi_crospi_ws/install/trossen_widowx_interfaces/local/lib/python3.10/dist-packages/trossen_widowx_interfaces/_trossen_widowx_interfaces_s.ep.rosidl_typesupport_c.c
-- Symlinking: /home/masterthesis/kaixi_crospi_ws/install/trossen_widowx_interfaces/local/lib/python3.10/dist-packages/trossen_widowx_interfaces/_trossen_widowx_interfaces_s.ep.rosidl_typesupport_fastrtps_c.c
-- Symlinking: /home/masterthesis/kaixi_crospi_ws/install/trossen_widowx_interfaces/local/lib/python3.10/dist-packages/trossen_widowx_interfaces/_trossen_widowx_interfaces_s.ep.rosidl_typesupport_introspection_c.c
-- Symlinking: /home/masterthesis/kaixi_crospi_ws/install/trossen_widowx_interfaces/local/lib/python3.10/dist-packages/trossen_widowx_interfaces/libtrossen_widowx_interfaces__rosidl_generator_py.so
-- Symlinking: /home/masterthesis/kaixi_crospi_ws/install/trossen_widowx_interfaces/local/lib/python3.10/dist-packages/trossen_widowx_interfaces/srv/__init__.py
-- Symlinking: /home/masterthesis/kaixi_crospi_ws/install/trossen_widowx_interfaces/local/lib/python3.10/dist-packages/trossen_widowx_interfaces/srv/_arm_mode.py
-- Symlinking: /home/masterthesis/kaixi_crospi_ws/install/trossen_widowx_interfaces/local/lib/python3.10/dist-packages/trossen_widowx_interfaces/srv/_arm_mode_s.c
-- Symlinking: /home/masterthesis/kaixi_crospi_ws/install/trossen_widowx_interfaces/local/lib/python3.10/dist-packages/trossen_widowx_interfaces/srv/_control_gripper.py
-- Symlinking: /home/masterthesis/kaixi_crospi_ws/install/trossen_widowx_interfaces/local/lib/python3.10/dist-packages/trossen_widowx_interfaces/srv/_control_gripper_s.c
-- Symlinking: /home/masterthesis/kaixi_crospi_ws/install/trossen_widowx_interfaces/local/lib/python3.10/dist-packages/trossen_widowx_interfaces/srv/_joint_modes.py
-- Symlinking: /home/masterthesis/kaixi_crospi_ws/install/trossen_widowx_interfaces/local/lib/python3.10/dist-packages/trossen_widowx_interfaces/srv/_joint_modes_s.c
-- Symlinking: /home/masterthesis/kaixi_crospi_ws/install/trossen_widowx_interfaces/local/lib/python3.10/dist-packages/trossen_widowx_interfaces/trossen_widowx_interfaces_s__rosidl_typesupport_c.cpython-310-x86_64-linux-gnu.so
-- Symlinking: /home/masterthesis/kaixi_crospi_ws/install/trossen_widowx_interfaces/local/lib/python3.10/dist-packages/trossen_widowx_interfaces/trossen_widowx_interfaces_s__rosidl_typesupport_fastrtps_c.cpython-310-x86_64-linux-gnu.so
-- Symlinking: /home/masterthesis/kaixi_crospi_ws/install/trossen_widowx_interfaces/local/lib/python3.10/dist-packages/trossen_widowx_interfaces/trossen_widowx_interfaces_s__rosidl_typesupport_introspection_c.cpython-310-x86_64-linux-gnu.so
-- Up-to-date symlink: /home/masterthesis/kaixi_crospi_ws/install/trossen_widowx_interfaces/local/lib/python3.10/dist-packages/trossen_widowx_interfaces/trossen_widowx_interfaces_s__rosidl_typesupport_fastrtps_c.cpython-310-x86_64-linux-gnu.so
-- Up-to-date symlink: /home/masterthesis/kaixi_crospi_ws/install/trossen_widowx_interfaces/local/lib/python3.10/dist-packages/trossen_widowx_interfaces/trossen_widowx_interfaces_s__rosidl_typesupport_introspection_c.cpython-310-x86_64-linux-gnu.so
-- Up-to-date symlink: /home/masterthesis/kaixi_crospi_ws/install/trossen_widowx_interfaces/local/lib/python3.10/dist-packages/trossen_widowx_interfaces/trossen_widowx_interfaces_s__rosidl_typesupport_c.cpython-310-x86_64-linux-gnu.so
-- Symlinking: /home/masterthesis/kaixi_crospi_ws/install/trossen_widowx_interfaces/share/ament_index/resource_index/rust_packages/trossen_widowx_interfaces
-- Symlinking: /home/masterthesis/kaixi_crospi_ws/install/trossen_widowx_interfaces/share/trossen_widowx_interfaces/rust/Cargo.toml
-- Symlinking: /home/masterthesis/kaixi_crospi_ws/install/trossen_widowx_interfaces/share/trossen_widowx_interfaces/rust/build.rs
-- Symlinking: /home/masterthesis/kaixi_crospi_ws/install/trossen_widowx_interfaces/share/trossen_widowx_interfaces/rust/src/lib.rs
-- Symlinking: /home/masterthesis/kaixi_crospi_ws/install/trossen_widowx_interfaces/share/trossen_widowx_interfaces/rust/src/srv.rs
-- Symlinking: /home/masterthesis/kaixi_crospi_ws/install/trossen_widowx_interfaces/share/trossen_widowx_interfaces/rust/src/srv/rmw.rs
-- Symlinking: /home/masterthesis/kaixi_crospi_ws/install/trossen_widowx_interfaces/share/trossen_widowx_interfaces/srv/ArmMode.idl
-- Symlinking: /home/masterthesis/kaixi_crospi_ws/install/trossen_widowx_interfaces/share/trossen_widowx_interfaces/srv/JointModes.idl
-- Symlinking: /home/masterthesis/kaixi_crospi_ws/install/trossen_widowx_interfaces/share/trossen_widowx_interfaces/srv/ControlGripper.idl
-- Symlinking: /home/masterthesis/kaixi_crospi_ws/install/trossen_widowx_interfaces/share/trossen_widowx_interfaces/srv/ArmMode.srv
-- Symlinking: /home/masterthesis/kaixi_crospi_ws/install/trossen_widowx_interfaces/share/trossen_widowx_interfaces/srv/ArmMode_Request.msg
-- Symlinking: /home/masterthesis/kaixi_crospi_ws/install/trossen_widowx_interfaces/share/trossen_widowx_interfaces/srv/ArmMode_Response.msg
-- Symlinking: /home/masterthesis/kaixi_crospi_ws/install/trossen_widowx_interfaces/share/trossen_widowx_interfaces/srv/JointModes.srv
-- Symlinking: /home/masterthesis/kaixi_crospi_ws/install/trossen_widowx_interfaces/share/trossen_widowx_interfaces/srv/JointModes_Request.msg
-- Symlinking: /home/masterthesis/kaixi_crospi_ws/install/trossen_widowx_interfaces/share/trossen_widowx_interfaces/srv/JointModes_Response.msg
-- Symlinking: /home/masterthesis/kaixi_crospi_ws/install/trossen_widowx_interfaces/share/trossen_widowx_interfaces/srv/ControlGripper.srv
-- Symlinking: /home/masterthesis/kaixi_crospi_ws/install/trossen_widowx_interfaces/share/trossen_widowx_interfaces/srv/ControlGripper_Request.msg
-- Symlinking: /home/masterthesis/kaixi_crospi_ws/install/trossen_widowx_interfaces/share/trossen_widowx_interfaces/srv/ControlGripper_Response.msg
-- Symlinking: /home/masterthesis/kaixi_crospi_ws/install/trossen_widowx_interfaces/share/ament_index/resource_index/package_run_dependencies/trossen_widowx_interfaces
-- Symlinking: /home/masterthesis/kaixi_crospi_ws/install/trossen_widowx_interfaces/share/ament_index/resource_index/parent_prefix_path/trossen_widowx_interfaces
-- Symlinking: /home/masterthesis/kaixi_crospi_ws/install/trossen_widowx_interfaces/share/trossen_widowx_interfaces/environment/ament_prefix_path.sh
-- Symlinking: /home/masterthesis/kaixi_crospi_ws/install/trossen_widowx_interfaces/share/trossen_widowx_interfaces/environment/ament_prefix_path.dsv
-- Symlinking: /home/masterthesis/kaixi_crospi_ws/install/trossen_widowx_interfaces/share/trossen_widowx_interfaces/environment/path.sh
-- Symlinking: /home/masterthesis/kaixi_crospi_ws/install/trossen_widowx_interfaces/share/trossen_widowx_interfaces/environment/path.dsv
-- Symlinking: /home/masterthesis/kaixi_crospi_ws/install/trossen_widowx_interfaces/share/trossen_widowx_interfaces/local_setup.bash
-- Symlinking: /home/masterthesis/kaixi_crospi_ws/install/trossen_widowx_interfaces/share/trossen_widowx_interfaces/local_setup.sh
-- Symlinking: /home/masterthesis/kaixi_crospi_ws/install/trossen_widowx_interfaces/share/trossen_widowx_interfaces/local_setup.zsh
-- Symlinking: /home/masterthesis/kaixi_crospi_ws/install/trossen_widowx_interfaces/share/trossen_widowx_interfaces/local_setup.dsv
-- Symlinking: /home/masterthesis/kaixi_crospi_ws/install/trossen_widowx_interfaces/share/trossen_widowx_interfaces/package.dsv
-- Symlinking: /home/masterthesis/kaixi_crospi_ws/install/trossen_widowx_interfaces/share/ament_index/resource_index/packages/trossen_widowx_interfaces
-- Symlinking: /home/masterthesis/kaixi_crospi_ws/install/trossen_widowx_interfaces/share/trossen_widowx_interfaces/cmake/rosidl_cmake-extras.cmake
-- Symlinking: /home/masterthesis/kaixi_crospi_ws/install/trossen_widowx_interfaces/share/trossen_widowx_interfaces/cmake/ament_cmake_export_include_directories-extras.cmake
-- Symlinking: /home/masterthesis/kaixi_crospi_ws/install/trossen_widowx_interfaces/share/trossen_widowx_interfaces/cmake/ament_cmake_export_libraries-extras.cmake
-- Symlinking: /home/masterthesis/kaixi_crospi_ws/install/trossen_widowx_interfaces/share/trossen_widowx_interfaces/cmake/ament_cmake_export_targets-extras.cmake
-- Symlinking: /home/masterthesis/kaixi_crospi_ws/install/trossen_widowx_interfaces/share/trossen_widowx_interfaces/cmake/rosidl_cmake_export_typesupport_targets-extras.cmake
-- Symlinking: /home/masterthesis/kaixi_crospi_ws/install/trossen_widowx_interfaces/share/trossen_widowx_interfaces/cmake/ament_cmake_export_dependencies-extras.cmake
-- Symlinking: /home/masterthesis/kaixi_crospi_ws/install/trossen_widowx_interfaces/share/trossen_widowx_interfaces/cmake/rosidl_cmake_export_typesupport_libraries-extras.cmake
-- Symlinking: /home/masterthesis/kaixi_crospi_ws/install/trossen_widowx_interfaces/share/trossen_widowx_interfaces/cmake/trossen_widowx_interfacesConfig.cmake
-- Symlinking: /home/masterthesis/kaixi_crospi_ws/install/trossen_widowx_interfaces/share/trossen_widowx_interfaces/cmake/trossen_widowx_interfacesConfig-version.cmake
-- Symlinking: /home/masterthesis/kaixi_crospi_ws/install/trossen_widowx_interfaces/share/trossen_widowx_interfaces/package.xml
-- Installing: /home/masterthesis/kaixi_crospi_ws/install/trossen_widowx_interfaces/lib/libtrossen_widowx_interfaces__rosidl_generator_c.so
-- Set runtime path of "/home/masterthesis/kaixi_crospi_ws/install/trossen_widowx_interfaces/lib/libtrossen_widowx_interfaces__rosidl_generator_c.so" to ""
-- Installing: /home/masterthesis/kaixi_crospi_ws/install/trossen_widowx_interfaces/lib/libtrossen_widowx_interfaces__rosidl_typesupport_fastrtps_c.so
-- Set runtime path of "/home/masterthesis/kaixi_crospi_ws/install/trossen_widowx_interfaces/lib/libtrossen_widowx_interfaces__rosidl_typesupport_fastrtps_c.so" to ""
-- Installing: /home/masterthesis/kaixi_crospi_ws/install/trossen_widowx_interfaces/lib/libtrossen_widowx_interfaces__rosidl_typesupport_fastrtps_cpp.so
-- Set runtime path of "/home/masterthesis/kaixi_crospi_ws/install/trossen_widowx_interfaces/lib/libtrossen_widowx_interfaces__rosidl_typesupport_fastrtps_cpp.so" to ""
-- Installing: /home/masterthesis/kaixi_crospi_ws/install/trossen_widowx_interfaces/lib/libtrossen_widowx_interfaces__rosidl_typesupport_introspection_c.so
-- Set runtime path of "/home/masterthesis/kaixi_crospi_ws/install/trossen_widowx_interfaces/lib/libtrossen_widowx_interfaces__rosidl_typesupport_introspection_c.so" to ""
-- Installing: /home/masterthesis/kaixi_crospi_ws/install/trossen_widowx_interfaces/lib/libtrossen_widowx_interfaces__rosidl_typesupport_c.so
-- Set runtime path of "/home/masterthesis/kaixi_crospi_ws/install/trossen_widowx_interfaces/lib/libtrossen_widowx_interfaces__rosidl_typesupport_c.so" to ""
-- Installing: /home/masterthesis/kaixi_crospi_ws/install/trossen_widowx_interfaces/lib/libtrossen_widowx_interfaces__rosidl_typesupport_introspection_cpp.so
-- Set runtime path of "/home/masterthesis/kaixi_crospi_ws/install/trossen_widowx_interfaces/lib/libtrossen_widowx_interfaces__rosidl_typesupport_introspection_cpp.so" to ""
-- Installing: /home/masterthesis/kaixi_crospi_ws/install/trossen_widowx_interfaces/lib/libtrossen_widowx_interfaces__rosidl_typesupport_cpp.so
-- Set runtime path of "/home/masterthesis/kaixi_crospi_ws/install/trossen_widowx_interfaces/lib/libtrossen_widowx_interfaces__rosidl_typesupport_cpp.so" to ""
Listing '/home/masterthesis/kaixi_crospi_ws/install/trossen_widowx_interfaces/local/lib/python3.10/dist-packages/trossen_widowx_interfaces'...
Compiling '/home/masterthesis/kaixi_crospi_ws/install/trossen_widowx_interfaces/local/lib/python3.10/dist-packages/trossen_widowx_interfaces/__init__.py'...
Listing '/home/masterthesis/kaixi_crospi_ws/install/trossen_widowx_interfaces/local/lib/python3.10/dist-packages/trossen_widowx_interfaces/srv'...
Compiling '/home/masterthesis/kaixi_crospi_ws/install/trossen_widowx_interfaces/local/lib/python3.10/dist-packages/trossen_widowx_interfaces/srv/__init__.py'...
Compiling '/home/masterthesis/kaixi_crospi_ws/install/trossen_widowx_interfaces/local/lib/python3.10/dist-packages/trossen_widowx_interfaces/srv/_arm_mode.py'...
Compiling '/home/masterthesis/kaixi_crospi_ws/install/trossen_widowx_interfaces/local/lib/python3.10/dist-packages/trossen_widowx_interfaces/srv/_control_gripper.py'...
Compiling '/home/masterthesis/kaixi_crospi_ws/install/trossen_widowx_interfaces/local/lib/python3.10/dist-packages/trossen_widowx_interfaces/srv/_joint_modes.py'...
-- Installing: /home/masterthesis/kaixi_crospi_ws/install/trossen_widowx_interfaces/lib/libtrossen_widowx_interfaces__rosidl_generator_py.so
-- Set runtime path of "/home/masterthesis/kaixi_crospi_ws/install/trossen_widowx_interfaces/lib/libtrossen_widowx_interfaces__rosidl_generator_py.so" to ""
-- Installing: /home/masterthesis/kaixi_crospi_ws/install/trossen_widowx_interfaces/share/trossen_widowx_interfaces/cmake/export_trossen_widowx_interfaces__rosidl_generator_cExport.cmake
-- Installing: /home/masterthesis/kaixi_crospi_ws/install/trossen_widowx_interfaces/share/trossen_widowx_interfaces/cmake/export_trossen_widowx_interfaces__rosidl_generator_cExport-noconfig.cmake
-- Installing: /home/masterthesis/kaixi_crospi_ws/install/trossen_widowx_interfaces/share/trossen_widowx_interfaces/cmake/export_trossen_widowx_interfaces__rosidl_typesupport_fastrtps_cExport.cmake
-- Installing: /home/masterthesis/kaixi_crospi_ws/install/trossen_widowx_interfaces/share/trossen_widowx_interfaces/cmake/export_trossen_widowx_interfaces__rosidl_typesupport_fastrtps_cExport-noconfig.cmake
-- Installing: /home/masterthesis/kaixi_crospi_ws/install/trossen_widowx_interfaces/share/trossen_widowx_interfaces/cmake/export_trossen_widowx_interfaces__rosidl_generator_cppExport.cmake
-- Installing: /home/masterthesis/kaixi_crospi_ws/install/trossen_widowx_interfaces/share/trossen_widowx_interfaces/cmake/export_trossen_widowx_interfaces__rosidl_typesupport_fastrtps_cppExport.cmake
-- Installing: /home/masterthesis/kaixi_crospi_ws/install/trossen_widowx_interfaces/share/trossen_widowx_interfaces/cmake/export_trossen_widowx_interfaces__rosidl_typesupport_fastrtps_cppExport-noconfig.cmake
-- Installing: /home/masterthesis/kaixi_crospi_ws/install/trossen_widowx_interfaces/share/trossen_widowx_interfaces/cmake/trossen_widowx_interfaces__rosidl_typesupport_introspection_cExport.cmake
-- Installing: /home/masterthesis/kaixi_crospi_ws/install/trossen_widowx_interfaces/share/trossen_widowx_interfaces/cmake/trossen_widowx_interfaces__rosidl_typesupport_introspection_cExport-noconfig.cmake
-- Installing: /home/masterthesis/kaixi_crospi_ws/install/trossen_widowx_interfaces/share/trossen_widowx_interfaces/cmake/trossen_widowx_interfaces__rosidl_typesupport_cExport.cmake
-- Installing: /home/masterthesis/kaixi_crospi_ws/install/trossen_widowx_interfaces/share/trossen_widowx_interfaces/cmake/trossen_widowx_interfaces__rosidl_typesupport_cExport-noconfig.cmake
-- Installing: /home/masterthesis/kaixi_crospi_ws/install/trossen_widowx_interfaces/share/trossen_widowx_interfaces/cmake/trossen_widowx_interfaces__rosidl_typesupport_introspection_cppExport.cmake
-- Installing: /home/masterthesis/kaixi_crospi_ws/install/trossen_widowx_interfaces/share/trossen_widowx_interfaces/cmake/trossen_widowx_interfaces__rosidl_typesupport_introspection_cppExport-noconfig.cmake
-- Installing: /home/masterthesis/kaixi_crospi_ws/install/trossen_widowx_interfaces/share/trossen_widowx_interfaces/cmake/trossen_widowx_interfaces__rosidl_typesupport_cppExport.cmake
-- Installing: /home/masterthesis/kaixi_crospi_ws/install/trossen_widowx_interfaces/share/trossen_widowx_interfaces/cmake/trossen_widowx_interfaces__rosidl_typesupport_cppExport-noconfig.cmake
-- Installing: /home/masterthesis/kaixi_crospi_ws/install/trossen_widowx_interfaces/share/trossen_widowx_interfaces/cmake/export_trossen_widowx_interfaces__rosidl_generator_pyExport.cmake
-- Installing: /home/masterthesis/kaixi_crospi_ws/install/trossen_widowx_interfaces/share/trossen_widowx_interfaces/cmake/export_trossen_widowx_interfaces__rosidl_generator_pyExport-noconfig.cmake
