-- The C compiler identification is GNU 11.4.0
-- The CXX compiler identification is GNU 11.4.0
-- Detecting C compiler ABI info
-- Detecting C compiler ABI info - done
-- Check for working C compiler: /usr/bin/cc - skipped
-- Detecting C compile features
-- Detecting C compile features - done
-- Detecting CXX compiler ABI info
-- Detecting CXX compiler ABI info - done
-- Check for working CXX compiler: /usr/bin/c++ - skipped
-- Detecting CXX compile features
-- Detecting CXX compile features - done
-- Found ament_cmake: 1.3.14 (/opt/ros/humble/share/ament_cmake/cmake)
-- Found Python3: /usr/bin/python3 (found version "3.10.12") found components: Interpreter 
-- Configuring done
-- Generating done
CMake Warning:
  Manually-specified variables were not used by the project:

    CATKIN_INSTALL_INTO_PREFIX_ROOT
    CATKIN_SYMLINK_INSTALL


-- Build files have been written to: /home/masterthesis/kaixi_crospi_ws/build/widowx_etasl
-- Install configuration: ""
-- Installing: /home/masterthesis/kaixi_crospi_ws/install/widowx_etasl/share/widowx_etasl/tasks
-- Installing: /home/masterthesis/kaixi_crospi_ws/install/widowx_etasl/share/widowx_etasl/tasks/pick_ball.lua
-- Installing: /home/masterthesis/kaixi_crospi_ws/install/widowx_etasl/share/widowx_etasl/tasks/move_to_target.lua
-- Installing: /home/masterthesis/kaixi_crospi_ws/install/widowx_etasl/share/widowx_etasl/config
-- Installing: /home/masterthesis/kaixi_crospi_ws/install/widowx_etasl/share/widowx_etasl/config/widowx_sim.setup.json
-- Installing: /home/masterthesis/kaixi_crospi_ws/install/widowx_etasl/share/widowx_etasl/launch
-- Installing: /home/masterthesis/kaixi_crospi_ws/install/widowx_etasl/share/widowx_etasl/launch/pick_ball_sim.launch.py
-- Installing: /home/masterthesis/kaixi_crospi_ws/install/widowx_etasl/lib/widowx_etasl/crospi_bridge
-- Installing: /home/masterthesis/kaixi_crospi_ws/install/widowx_etasl/share/ament_index/resource_index/package_run_dependencies/widowx_etasl
-- Installing: /home/masterthesis/kaixi_crospi_ws/install/widowx_etasl/share/ament_index/resource_index/parent_prefix_path/widowx_etasl
-- Installing: /home/masterthesis/kaixi_crospi_ws/install/widowx_etasl/share/widowx_etasl/environment/ament_prefix_path.sh
-- Installing: /home/masterthesis/kaixi_crospi_ws/install/widowx_etasl/share/widowx_etasl/environment/ament_prefix_path.dsv
-- Installing: /home/masterthesis/kaixi_crospi_ws/install/widowx_etasl/share/widowx_etasl/environment/path.sh
-- Installing: /home/masterthesis/kaixi_crospi_ws/install/widowx_etasl/share/widowx_etasl/environment/path.dsv
-- Installing: /home/masterthesis/kaixi_crospi_ws/install/widowx_etasl/share/widowx_etasl/local_setup.bash
-- Installing: /home/masterthesis/kaixi_crospi_ws/install/widowx_etasl/share/widowx_etasl/local_setup.sh
-- Installing: /home/masterthesis/kaixi_crospi_ws/install/widowx_etasl/share/widowx_etasl/local_setup.zsh
-- Installing: /home/masterthesis/kaixi_crospi_ws/install/widowx_etasl/share/widowx_etasl/local_setup.dsv
-- Installing: /home/masterthesis/kaixi_crospi_ws/install/widowx_etasl/share/widowx_etasl/package.dsv
-- Installing: /home/masterthesis/kaixi_crospi_ws/install/widowx_etasl/share/ament_index/resource_index/packages/widowx_etasl
-- Installing: /home/masterthesis/kaixi_crospi_ws/install/widowx_etasl/share/widowx_etasl/cmake/widowx_etaslConfig.cmake
-- Installing: /home/masterthesis/kaixi_crospi_ws/install/widowx_etasl/share/widowx_etasl/cmake/widowx_etaslConfig-version.cmake
-- Installing: /home/masterthesis/kaixi_crospi_ws/install/widowx_etasl/share/widowx_etasl/package.xml
