-- Found ament_cmake: 1.3.14 (/opt/ros/humble/share/ament_cmake/cmake)
-- Configuring done
-- Generating done
[33mCMake Warning:
  Manually-specified variables were not used by the project:

    CATKIN_INSTALL_INTO_PREFIX_ROOT
    CATKIN_SYMLINK_INSTALL

[0m
-- Build files have been written to: /home/masterthesis/kaixi_crospi_ws/build/widowx_etasl
-- Install configuration: ""
-- Installing: /home/masterthesis/kaixi_crospi_ws/install/widowx_etasl/share/widowx_etasl/tasks
-- Installing: /home/masterthesis/kaixi_crospi_ws/install/widowx_etasl/share/widowx_etasl/tasks/pick_ball.lua
-- Installing: /home/masterthesis/kaixi_crospi_ws/install/widowx_etasl/share/widowx_etasl/tasks/move_to_target.lua
-- Installing: /home/masterthesis/kaixi_crospi_ws/install/widowx_etasl/share/widowx_etasl/config
-- Installing: /home/masterthesis/kaixi_crospi_ws/install/widowx_etasl/share/widowx_etasl/config/widowx_sim.setup.json
-- Installing: /home/masterthesis/kaixi_crospi_ws/install/widowx_etasl/share/widowx_etasl/launch
-- Installing: /home/masterthesis/kaixi_crospi_ws/install/widowx_etasl/share/widowx_etasl/launch/pick_ball_sim.launch.py
-- Installing: /home/masterthesis/kaixi_crospi_ws/install/widowx_etasl/lib/widowx_etasl/crospi_bridge
-- Installing: /home/masterthesis/kaixi_crospi_ws/install/widowx_etasl/share/ament_index/resource_index/package_run_dependencies/widowx_etasl
-- Installing: /home/masterthesis/kaixi_crospi_ws/install/widowx_etasl/share/ament_index/resource_index/parent_prefix_path/widowx_etasl
-- Installing: /home/masterthesis/kaixi_crospi_ws/install/widowx_etasl/share/widowx_etasl/environment/ament_prefix_path.sh
-- Installing: /home/masterthesis/kaixi_crospi_ws/install/widowx_etasl/share/widowx_etasl/environment/ament_prefix_path.dsv
-- Installing: /home/masterthesis/kaixi_crospi_ws/install/widowx_etasl/share/widowx_etasl/environment/path.sh
-- Installing: /home/masterthesis/kaixi_crospi_ws/install/widowx_etasl/share/widowx_etasl/environment/path.dsv
-- Installing: /home/masterthesis/kaixi_crospi_ws/install/widowx_etasl/share/widowx_etasl/local_setup.bash
-- Installing: /home/masterthesis/kaixi_crospi_ws/install/widowx_etasl/share/widowx_etasl/local_setup.sh
-- Installing: /home/masterthesis/kaixi_crospi_ws/install/widowx_etasl/share/widowx_etasl/local_setup.zsh
-- Installing: /home/masterthesis/kaixi_crospi_ws/install/widowx_etasl/share/widowx_etasl/local_setup.dsv
-- Installing: /home/masterthesis/kaixi_crospi_ws/install/widowx_etasl/share/widowx_etasl/package.dsv
-- Installing: /home/masterthesis/kaixi_crospi_ws/install/widowx_etasl/share/ament_index/resource_index/packages/widowx_etasl
-- Installing: /home/masterthesis/kaixi_crospi_ws/install/widowx_etasl/share/widowx_etasl/cmake/widowx_etaslConfig.cmake
-- Installing: /home/masterthesis/kaixi_crospi_ws/install/widowx_etasl/share/widowx_etasl/cmake/widowx_etaslConfig-version.cmake
-- Installing: /home/masterthesis/kaixi_crospi_ws/install/widowx_etasl/share/widowx_etasl/package.xml
