running develop
running egg_info
creating betfsm_demos.egg-info
writing betfsm_demos.egg-info/PKG-INFO
writing dependency_links to betfsm_demos.egg-info/dependency_links.txt
writing entry points to betfsm_demos.egg-info/entry_points.txt
writing requirements to betfsm_demos.egg-info/requires.txt
writing top-level names to betfsm_demos.egg-info/top_level.txt
writing manifest file 'betfsm_demos.egg-info/SOURCES.txt'
reading manifest file 'betfsm_demos.egg-info/SOURCES.txt'
writing manifest file 'betfsm_demos.egg-info/SOURCES.txt'
running build_ext
Creating /home/masterthesis/kaixi_crospi_ws/install/betfsm_demos/lib/python3.10/site-packages/betfsm-demos.egg-link (link to .)
Installing example_action_server script to /home/masterthesis/kaixi_crospi_ws/install/betfsm_demos/lib/betfsm_demos
Installing example_action_server2 script to /home/masterthesis/kaixi_crospi_ws/install/betfsm_demos/lib/betfsm_demos
Installing example_graphviz script to /home/masterthesis/kaixi_crospi_ws/install/betfsm_demos/lib/betfsm_demos
Installing test_ea script to /home/masterthesis/kaixi_crospi_ws/install/betfsm_demos/lib/betfsm_demos

Installed /home/masterthesis/kaixi_crospi_ws/build/betfsm_demos
running symlink_data
creating /home/masterthesis/kaixi_crospi_ws/install/betfsm_demos/share/ament_index
creating /home/masterthesis/kaixi_crospi_ws/install/betfsm_demos/share/ament_index/resource_index
creating /home/masterthesis/kaixi_crospi_ws/install/betfsm_demos/share/ament_index/resource_index/packages
symbolically linking /home/masterthesis/kaixi_crospi_ws/build/betfsm_demos/resource/betfsm_demos -> /home/masterthesis/kaixi_crospi_ws/install/betfsm_demos/share/ament_index/resource_index/packages
symbolically linking /home/masterthesis/kaixi_crospi_ws/build/betfsm_demos/package.xml -> /home/masterthesis/kaixi_crospi_ws/install/betfsm_demos/share/betfsm_demos
creating /home/masterthesis/kaixi_crospi_ws/install/betfsm_demos/share/betfsm_demos/tasks
symbolically linking /home/masterthesis/kaixi_crospi_ws/build/betfsm_demos/tasks/my_tasks.json -> /home/masterthesis/kaixi_crospi_ws/install/betfsm_demos/share/betfsm_demos/tasks
creating /home/masterthesis/kaixi_crospi_ws/install/betfsm_demos/share/betfsm_demos/scripts
symbolically linking /home/masterthesis/kaixi_crospi_ws/build/betfsm_demos/scripts/send_up_and_down.sh -> /home/masterthesis/kaixi_crospi_ws/install/betfsm_demos/share/betfsm_demos/scripts
