[1.172s] Invoking command in '/home/masterthesis/kaixi_crospi_ws/build/betfsm_demos': AMENT_PREFIX_PATH=/home/masterthesis/kaixi_crospi_ws/install/betfsm:/home/masterthesis/kaixi_crospi_ws/install/betfsm_interfaces:${AMENT_PREFIX_PATH} CMAKE_PREFIX_PATH=/home/masterthesis/kaixi_crospi_ws/install/betfsm_interfaces:${CMAKE_PREFIX_PATH} LD_LIBRARY_PATH=/home/masterthesis/kaixi_crospi_ws/install/betfsm_interfaces/lib:/home/masterthesis/workspaces_ros2/kaixi_ws/install/trossen_arm_controllers/lib:/home/masterthesis/workspaces_ros2/kaixi_ws/install/trossen_arm_hardware/lib:/opt/ros2_crospi_ws/install/template_driver_crospi/lib:/opt/ros2_crospi_ws/install/crospi_default_plugins/lib:/opt/ros2_crospi_ws/install/crospi_core/lib:/opt/ros2_crospi_ws/install/etasl_wrapper/lib:/opt/ros2_crospi_ws/install/crospi_interfaces/lib:/opt/ros2_crospi_ws/install/betfsm_interfaces/lib:/opt/ros/humble/opt/rviz_ogre_vendor/lib:/opt/ros/humble/lib/x86_64-linux-gnu:/opt/ros/humble/lib:/opt/boost_1.89.0/lib PYTHONPATH=/home/masterthesis/kaixi_crospi_ws/build/betfsm_demos/prefix_override:/usr/lib/python3/dist-packages/colcon_core/task/python/colcon_distutils_commands:/home/masterthesis/kaixi_crospi_ws/install/betfsm_demos/lib/python3.10/site-packages:/home/masterthesis/kaixi_crospi_ws/build/betfsm:/home/masterthesis/kaixi_crospi_ws/install/betfsm/lib/python3.10/site-packages:/home/masterthesis/kaixi_crospi_ws/install/betfsm_interfaces/local/lib/python3.10/dist-packages:${PYTHONPATH} /usr/bin/python3 -W ignore:setup.py install is deprecated -W ignore:easy_install command is deprecated setup.py develop --editable --build-directory /home/masterthesis/kaixi_crospi_ws/build/betfsm_demos/build --no-deps symlink_data
[1.628s] running develop
[1.877s] running egg_info
[1.877s] creating betfsm_demos.egg-info
[1.878s] writing betfsm_demos.egg-info/PKG-INFO
[1.878s] writing dependency_links to betfsm_demos.egg-info/dependency_links.txt
[1.878s] writing entry points to betfsm_demos.egg-info/entry_points.txt
[1.880s] writing requirements to betfsm_demos.egg-info/requires.txt
[1.880s] writing top-level names to betfsm_demos.egg-info/top_level.txt
[1.880s] writing manifest file 'betfsm_demos.egg-info/SOURCES.txt'
[1.881s] reading manifest file 'betfsm_demos.egg-info/SOURCES.txt'
[1.882s] writing manifest file 'betfsm_demos.egg-info/SOURCES.txt'
[1.885s] running build_ext
[1.885s] Creating /home/masterthesis/kaixi_crospi_ws/install/betfsm_demos/lib/python3.10/site-packages/betfsm-demos.egg-link (link to .)
[1.886s] Installing example_action_server script to /home/masterthesis/kaixi_crospi_ws/install/betfsm_demos/lib/betfsm_demos
[1.888s] Installing example_action_server2 script to /home/masterthesis/kaixi_crospi_ws/install/betfsm_demos/lib/betfsm_demos
[1.888s] Installing example_graphviz script to /home/masterthesis/kaixi_crospi_ws/install/betfsm_demos/lib/betfsm_demos
[1.888s] Installing test_ea script to /home/masterthesis/kaixi_crospi_ws/install/betfsm_demos/lib/betfsm_demos
[1.888s] 
[1.888s] Installed /home/masterthesis/kaixi_crospi_ws/build/betfsm_demos
[1.888s] running symlink_data
[1.888s] creating /home/masterthesis/kaixi_crospi_ws/install/betfsm_demos/share/ament_index
[1.888s] creating /home/masterthesis/kaixi_crospi_ws/install/betfsm_demos/share/ament_index/resource_index
[1.888s] creating /home/masterthesis/kaixi_crospi_ws/install/betfsm_demos/share/ament_index/resource_index/packages
[1.889s] symbolically linking /home/masterthesis/kaixi_crospi_ws/build/betfsm_demos/resource/betfsm_demos -> /home/masterthesis/kaixi_crospi_ws/install/betfsm_demos/share/ament_index/resource_index/packages
[1.889s] symbolically linking /home/masterthesis/kaixi_crospi_ws/build/betfsm_demos/package.xml -> /home/masterthesis/kaixi_crospi_ws/install/betfsm_demos/share/betfsm_demos
[1.889s] creating /home/masterthesis/kaixi_crospi_ws/install/betfsm_demos/share/betfsm_demos/tasks
[1.889s] symbolically linking /home/masterthesis/kaixi_crospi_ws/build/betfsm_demos/tasks/my_tasks.json -> /home/masterthesis/kaixi_crospi_ws/install/betfsm_demos/share/betfsm_demos/tasks
[1.889s] creating /home/masterthesis/kaixi_crospi_ws/install/betfsm_demos/share/betfsm_demos/scripts
[1.889s] symbolically linking /home/masterthesis/kaixi_crospi_ws/build/betfsm_demos/scripts/send_up_and_down.sh -> /home/masterthesis/kaixi_crospi_ws/install/betfsm_demos/share/betfsm_demos/scripts
[1.943s] Invoked command in '/home/masterthesis/kaixi_crospi_ws/build/betfsm_demos' returned '0': AMENT_PREFIX_PATH=/home/masterthesis/kaixi_crospi_ws/install/betfsm:/home/masterthesis/kaixi_crospi_ws/install/betfsm_interfaces:${AMENT_PREFIX_PATH} CMAKE_PREFIX_PATH=/home/masterthesis/kaixi_crospi_ws/install/betfsm_interfaces:${CMAKE_PREFIX_PATH} LD_LIBRARY_PATH=/home/masterthesis/kaixi_crospi_ws/install/betfsm_interfaces/lib:/home/masterthesis/workspaces_ros2/kaixi_ws/install/trossen_arm_controllers/lib:/home/masterthesis/workspaces_ros2/kaixi_ws/install/trossen_arm_hardware/lib:/opt/ros2_crospi_ws/install/template_driver_crospi/lib:/opt/ros2_crospi_ws/install/crospi_default_plugins/lib:/opt/ros2_crospi_ws/install/crospi_core/lib:/opt/ros2_crospi_ws/install/etasl_wrapper/lib:/opt/ros2_crospi_ws/install/crospi_interfaces/lib:/opt/ros2_crospi_ws/install/betfsm_interfaces/lib:/opt/ros/humble/opt/rviz_ogre_vendor/lib:/opt/ros/humble/lib/x86_64-linux-gnu:/opt/ros/humble/lib:/opt/boost_1.89.0/lib PYTHONPATH=/home/masterthesis/kaixi_crospi_ws/build/betfsm_demos/prefix_override:/usr/lib/python3/dist-packages/colcon_core/task/python/colcon_distutils_commands:/home/masterthesis/kaixi_crospi_ws/install/betfsm_demos/lib/python3.10/site-packages:/home/masterthesis/kaixi_crospi_ws/build/betfsm:/home/masterthesis/kaixi_crospi_ws/install/betfsm/lib/python3.10/site-packages:/home/masterthesis/kaixi_crospi_ws/install/betfsm_interfaces/local/lib/python3.10/dist-packages:${PYTHONPATH} /usr/bin/python3 -W ignore:setup.py install is deprecated -W ignore:easy_install command is deprecated setup.py develop --editable --build-directory /home/masterthesis/kaixi_crospi_ws/build/betfsm_demos/build --no-deps symlink_data
