-- The C compiler identification is GNU 11.4.0
-- The CXX compiler identification is GNU 11.4.0
-- Detecting C compiler ABI info
-- Detecting C compiler ABI info - done
-- Check for working C compiler: /usr/bin/cc - skipped
-- Detecting C compile features
-- Detecting C compile features - done
-- Detecting CXX compiler ABI info
-- Detecting CXX compiler ABI info - done
-- Check for working CXX compiler: /usr/bin/c++ - skipped
-- Detecting CXX compile features
-- Detecting CXX compile features - done
[0m-------------- crospi_default_plugins compiling ----------------[0m
-- Found ament_cmake: 1.3.14 (/opt/ros/humble/share/ament_cmake/cmake)
-- Found Python3: /usr/bin/python3 (found version "3.10.12") found components: Interpreter 
-- Override CMake install command with custom implementation using symlinks instead of copying resources
-- Found pluginlib: 5.1.3 (/opt/ros/humble/share/pluginlib/cmake)
-- Found crospi_core: 0.0.0 (/home/masterthesis/kaixi_crospi_ws/install/crospi_core/share/crospi_core/cmake)
-- Found crospi_interfaces: 0.0.0 (/home/masterthesis/kaixi_crospi_ws/install/crospi_interfaces/share/crospi_interfaces/cmake)
-- Found rosidl_generator_c: 3.1.8 (/opt/ros/humble/share/rosidl_generator_c/cmake)
-- Found rosidl_adapter: 3.1.8 (/opt/ros/humble/share/rosidl_adapter/cmake)
-- Found rosidl_generator_cpp: 3.1.8 (/opt/ros/humble/share/rosidl_generator_cpp/cmake)
-- Using all available rosidl_typesupport_c: rosidl_typesupport_fastrtps_c;rosidl_typesupport_introspection_c
-- Using all available rosidl_typesupport_cpp: rosidl_typesupport_fastrtps_cpp;rosidl_typesupport_introspection_cpp
-- Found rclcpp: 16.0.18 (/opt/ros/humble/share/rclcpp/cmake)
-- Found rmw_implementation_cmake: 6.1.2 (/opt/ros/humble/share/rmw_implementation_cmake/cmake)
-- Found rmw_fastrtps_cpp: 6.2.10 (/opt/ros/humble/share/rmw_fastrtps_cpp/cmake)
-- Found TinyXML2 via Config file: TinyXML2_DIR-NOTFOUND
-- Found OpenSSL: /usr/lib/x86_64-linux-gnu/libcrypto.so (found version "3.0.2")  
-- Found TinyXML2 via Config file: TinyXML2_DIR-NOTFOUND
-- Found FastRTPS: /opt/ros/humble/include  
-- Found TinyXML2 via Config file: TinyXML2_DIR-NOTFOUND
-- Found TinyXML2 via Config file: TinyXML2_DIR-NOTFOUND
-- Using RMW implementation 'rmw_fastrtps_cpp' as default
-- Looking for pthread.h
-- Looking for pthread.h - found
-- Performing Test CMAKE_HAVE_LIBC_PTHREAD
-- Performing Test CMAKE_HAVE_LIBC_PTHREAD - Success
-- Found Threads: TRUE  
-- Found rclcpp_lifecycle: 16.0.18 (/opt/ros/humble/share/rclcpp_lifecycle/cmake)
-- Found Boost: /usr/lib/x86_64-linux-gnu/cmake/Boost-1.74.0/BoostConfig.cmake (found version "1.74.0") found components: random 
-- Found Boost: /usr/lib/x86_64-linux-gnu/cmake/Boost-1.74.0/BoostConfig.cmake (found version "1.74.0") found components: chrono 
-- Found sensor_msgs: 4.9.1 (/opt/ros/humble/share/sensor_msgs/cmake)
-- Found tf2: 0.25.19 (/opt/ros/humble/share/tf2/cmake)
-- Found tf2_geometry_msgs: 0.25.19 (/opt/ros/humble/share/tf2_geometry_msgs/cmake)
-- Found eigen3_cmake_module: 0.1.1 (/opt/ros/humble/share/eigen3_cmake_module/cmake)
-- Found Eigen3: TRUE (found version "3.4.0") 
-- Ensuring Eigen3 include directory is part of orocos-kdl CMake target
-- Using Boost 1.89 from BOOST_189_ROOT=/opt/boost_1.89.0
-- CMAKE_PREFIX_PATH before: 
-- CMAKE_PREFIX_PATH after: /opt/boost_1.89.0
-- Using Boost version 1.74.0
-- Found Boost: /opt/boost_1.89.0/lib/cmake/Boost-1.89.0/BoostConfig.cmake (found suitable version "1.89.0", minimum required is "1.89")  
-- Using Boost version 1.89.0
-- Boost include dirs: /usr/include
-- Found ament_lint_auto: 0.12.15 (/opt/ros/humble/share/ament_lint_auto/cmake)
-- Added test 'cppcheck' to perform static code analysis on C / C++ code
-- Configured cppcheck include dirs: /home/masterthesis/kaixi_crospi_ws/src/crospi/crospi_default_plugins/include;$<BUILD_INTERFACE:/home/masterthesis/kaixi_crospi_ws/src/crospi/crospi_default_plugins/include>
-- Configured cppcheck exclude dirs and/or files: 
-- Added test 'lint_cmake' to check CMake code style
-- Added test 'uncrustify' to check C / C++ code style
-- Configured uncrustify additional arguments: 
-- Added test 'xmllint' to check XML markup files
-- Configuring done
-- Generating done
-- Build files have been written to: /home/masterthesis/kaixi_crospi_ws/build/crospi_default_plugins
[ 27%] [32mBuilding CXX object CMakeFiles/crospi_default_plugins.dir/src/inputhandlers/tfinputhandler.cpp.o[0m
[ 27%] [32mBuilding CXX object CMakeFiles/crospi_default_plugins.dir/src/simulators/simple_kinematic_simulation.cpp.o[0m
[ 27%] [32mBuilding CXX object CMakeFiles/crospi_default_plugins.dir/src/inputhandlers/twistinputhandler.cpp.o[0m
[ 36%] [32mBuilding CXX object CMakeFiles/crospi_default_plugins.dir/src/inputhandlers/wrenchinputhandler.cpp.o[0m
[ 45%] [32mBuilding CXX object CMakeFiles/crospi_default_plugins.dir/src/inputhandlers/vectorinputhandler.cpp.o[0m
[ 54%] [32mBuilding CXX object CMakeFiles/crospi_default_plugins.dir/src/inputhandlers/topicinputhandler.cpp.o[0m
[ 63%] [32mBuilding CXX object CMakeFiles/crospi_default_plugins.dir/src/inputhandlers/poseinputhandler.cpp.o[0m
[ 72%] [32mBuilding CXX object CMakeFiles/crospi_default_plugins.dir/src/outputhandlers/topicoutputhandler.cpp.o[0m
[ 81%] [32mBuilding CXX object CMakeFiles/crospi_default_plugins.dir/src/outputhandlers/jointstateoutputhandler.cpp.o[0m
[ 90%] [32mBuilding CXX object CMakeFiles/crospi_default_plugins.dir/src/outputhandlers/topicoutputderivativeshandler.cpp.o[0m
In file included from [01m[K/home/masterthesis/kaixi_crospi_ws/install/crospi_core/include/robot_interfacing_utils/robotsimulator.hpp:21[m[K,
                 from [01m[K/home/masterthesis/kaixi_crospi_ws/src/crospi/crospi_default_plugins/include/simulators/simple_kinematic_simulation.hpp:24[m[K,
                 from [01m[K/home/masterthesis/kaixi_crospi_ws/src/crospi/crospi_default_plugins/src/simulators/simple_kinematic_simulation.cpp:19[m[K:
[01m[K/home/masterthesis/kaixi_crospi_ws/install/crospi_core/include/robot_interfacing_utils/robotdriver.hpp:34:10:[m[K [01;31m[Kfatal error: [m[Kboost/lockfree/spsc_value.hpp: 没有那个文件或目录
   34 | #include [01;31m[K<boost/lockfree/spsc_value.hpp>[m[K
      |          [01;31m[K^~~~~~~~~~~~~~~~~~~~~~~~~~~~~~~[m[K
compilation terminated.
gmake[2]: *** [CMakeFiles/crospi_default_plugins.dir/build.make:76：CMakeFiles/crospi_default_plugins.dir/src/simulators/simple_kinematic_simulation.cpp.o] 错误 1
gmake[2]: *** 正在等待未完成的任务....
gmake[1]: *** [CMakeFiles/Makefile2:137：CMakeFiles/crospi_default_plugins.dir/all] 错误 2
gmake: *** [Makefile:146：all] 错误 2
