[0.021s] Invoking command in '/home/masterthesis/kaixi_crospi_ws/build/crospi_default_plugins': AMENT_PREFIX_PATH=/home/masterthesis/kaixi_crospi_ws/install/crospi_core:/home/masterthesis/kaixi_crospi_ws/install/etasl_wrapper:/home/masterthesis/kaixi_crospi_ws/install/crospi_interfaces:${AMENT_PREFIX_PATH} CMAKE_PREFIX_PATH=/home/masterthesis/kaixi_crospi_ws/install/crospi_core:/home/masterthesis/kaixi_crospi_ws/install/etasl_wrapper:/home/masterthesis/kaixi_crospi_ws/install/crospi_interfaces:/home/masterthesis/workspaces_ros2/kaixi_ws/install/ur_description:/home/masterthesis/workspaces_ros2/kaixi_ws/install/trossen_arm_ros:/home/masterthesis/workspaces_ros2/kaixi_ws/install/trossen_arm_moveit:/home/masterthesis/workspaces_ros2/kaixi_ws/install/trossen_arm_controllers:/home/masterthesis/workspaces_ros2/kaixi_ws/install/trossen_arm_bringup:/home/masterthesis/workspaces_ros2/kaixi_ws/install/trossen_arm_hardware:/home/masterthesis/workspaces_ros2/kaixi_ws/install/trossen_arm_description:/opt/ros2_crospi_ws/install/betfsm_demos:/opt/ros2_crospi_ws/install/betfsm:/opt/ros/humble:/home/masterthesis/workspaces_ros2/kaixi_ws/install/libtrossen_arm:/home/masterthesis/workspaces_ros2/kaixi_ws/install/crospi_application_template:/opt/ros2_crospi_ws/install/template_driver_crospi:/opt/ros2_crospi_ws/install/crospi_default_plugins:/opt/ros2_crospi_ws/install/crospi_core:/opt/ros2_crospi_ws/install/etasl_wrapper:/opt/ros2_crospi_ws/install/crospi_interfaces:/opt/ros2_crospi_ws/install/betfsm_interfaces LD_LIBRARY_PATH=/home/masterthesis/kaixi_crospi_ws/install/crospi_core/lib:/home/masterthesis/kaixi_crospi_ws/install/etasl_wrapper/lib:/home/masterthesis/kaixi_crospi_ws/install/crospi_interfaces/lib:/home/masterthesis/workspaces_ros2/kaixi_ws/install/trossen_arm_controllers/lib:/home/masterthesis/workspaces_ros2/kaixi_ws/install/trossen_arm_hardware/lib:/opt/ros2_crospi_ws/install/template_driver_crospi/lib:/opt/ros2_crospi_ws/install/crospi_default_plugins/lib:/opt/ros2_crospi_ws/install/crospi_core/lib:/opt/ros2_crospi_ws/install/etasl_wrapper/lib:/opt/ros2_crospi_ws/install/crospi_interfaces/lib:/opt/ros2_crospi_ws/install/betfsm_interfaces/lib:/opt/ros/humble/opt/rviz_ogre_vendor/lib:/opt/ros/humble/lib/x86_64-linux-gnu:/opt/ros/humble/lib:/opt/boost_1.89.0/lib LUA_CPATH=${LUA_CPATH};/home/masterthesis/kaixi_crospi_ws/install/etasl_wrapper/lib/?.so;/home/masterthesis/kaixi_crospi_ws/install/crospi_core/lib/?.so LUA_PATH=?.lua;?.lua;?.lua;?.lua;;/opt/ros2_crospi_ws/install/etasl_wrapper/lib/etasl1.5/?.lua;/opt/ros2_crospi_ws/install/etasl_wrapper/lib/etasl1.5/xml2lua/?.lua;/opt/ros2_crospi_ws/src/crospi/crospi_core/scripts/lib/?.lua;/opt/ros2_crospi_ws/src/crospi/crospi_core/?.lua;/usr/local/share/lua/5.1/?.lua;/opt/ros2_crospi_ws/install/etasl_wrapper/lib/etasl1.5/?.lua;/opt/ros2_crospi_ws/install/etasl_wrapper/lib/etasl1.5/xml2lua/?.lua;/opt/ros2_crospi_ws/src/crospi/crospi_core/scripts/lib/?.lua;/opt/ros2_crospi_ws/src/crospi/crospi_core/?.lua;/usr/local/share/lua/5.1/?.lua;/opt/ros2_crospi_ws/install/etasl_wrapper/lib/etasl1.5/?.lua;/opt/ros2_crospi_ws/install/etasl_wrapper/lib/etasl1.5/xml2lua/?.lua;/opt/ros2_crospi_ws/src/crospi/crospi_core/scripts/lib/?.lua;/opt/ros2_crospi_ws/src/crospi/crospi_core/?.lua;/usr/local/share/lua/5.1/?.lua;/home/masterthesis/kaixi_crospi_ws/install/etasl_wrapper/lib/etasl1.5/?.lua;/home/masterthesis/kaixi_crospi_ws/install/etasl_wrapper/lib/etasl1.5/xml2lua/?.lua;/home/masterthesis/kaixi_crospi_ws/src/crospi/crospi_core/scripts/lib/?.lua;/home/masterthesis/kaixi_crospi_ws/src/crospi/crospi_core/?.lua;/usr/local/share/lua/5.1/?.lua PATH=/home/masterthesis/kaixi_crospi_ws/install/etasl_wrapper/bin:${PATH} PYTHONPATH=/home/masterthesis/kaixi_crospi_ws/install/crospi_core/local/lib/python3.10/dist-packages:/home/masterthesis/kaixi_crospi_ws/install/crospi_interfaces/local/lib/python3.10/dist-packages:${PYTHONPATH} /usr/bin/cmake /home/masterthesis/kaixi_crospi_ws/src/crospi/crospi_default_plugins -DAMENT_CMAKE_SYMLINK_INSTALL=1 -DCMAKE_INSTALL_PREFIX=/home/masterthesis/kaixi_crospi_ws/install/crospi_default_plugins
[0.059s] -- The C compiler identification is GNU 11.4.0
[0.108s] -- The CXX compiler identification is GNU 11.4.0
[0.113s] -- Detecting C compiler ABI info
[0.159s] -- Detecting C compiler ABI info - done
[0.165s] -- Check for working C compiler: /usr/bin/cc - skipped
[0.166s] -- Detecting C compile features
[0.166s] -- Detecting C compile features - done
[0.168s] -- Detecting CXX compiler ABI info
[0.222s] -- Detecting CXX compiler ABI info - done
[0.228s] -- Check for working CXX compiler: /usr/bin/c++ - skipped
[0.228s] -- Detecting CXX compile features
[0.228s] -- Detecting CXX compile features - done
[0.229s] [0m-------------- crospi_default_plugins compiling ----------------[0m
[0.233s] -- Found ament_cmake: 1.3.14 (/opt/ros/humble/share/ament_cmake/cmake)
[0.363s] -- Found Python3: /usr/bin/python3 (found version "3.10.12") found components: Interpreter 
[0.416s] -- Override CMake install command with custom implementation using symlinks instead of copying resources
[0.471s] -- Found pluginlib: 5.1.3 (/opt/ros/humble/share/pluginlib/cmake)
[0.535s] -- Found crospi_core: 0.0.0 (/home/masterthesis/kaixi_crospi_ws/install/crospi_core/share/crospi_core/cmake)
[0.537s] -- Found crospi_interfaces: 0.0.0 (/home/masterthesis/kaixi_crospi_ws/install/crospi_interfaces/share/crospi_interfaces/cmake)
[0.578s] -- Found rosidl_generator_c: 3.1.8 (/opt/ros/humble/share/rosidl_generator_c/cmake)
[0.587s] -- Found rosidl_adapter: 3.1.8 (/opt/ros/humble/share/rosidl_adapter/cmake)
[0.599s] -- Found rosidl_generator_cpp: 3.1.8 (/opt/ros/humble/share/rosidl_generator_cpp/cmake)
[0.614s] -- Using all available rosidl_typesupport_c: rosidl_typesupport_fastrtps_c;rosidl_typesupport_introspection_c
[0.630s] -- Using all available rosidl_typesupport_cpp: rosidl_typesupport_fastrtps_cpp;rosidl_typesupport_introspection_cpp
[0.726s] -- Found rclcpp: 16.0.18 (/opt/ros/humble/share/rclcpp/cmake)
[0.763s] -- Found rmw_implementation_cmake: 6.1.2 (/opt/ros/humble/share/rmw_implementation_cmake/cmake)
[0.768s] -- Found rmw_fastrtps_cpp: 6.2.10 (/opt/ros/humble/share/rmw_fastrtps_cpp/cmake)
[0.802s] -- Found TinyXML2 via Config file: TinyXML2_DIR-NOTFOUND
[0.840s] -- Found OpenSSL: /usr/lib/x86_64-linux-gnu/libcrypto.so (found version "3.0.2")  
[0.842s] -- Found TinyXML2 via Config file: TinyXML2_DIR-NOTFOUND
[0.855s] -- Found FastRTPS: /opt/ros/humble/include  
[0.858s] -- Found TinyXML2 via Config file: TinyXML2_DIR-NOTFOUND
[0.864s] -- Found TinyXML2 via Config file: TinyXML2_DIR-NOTFOUND
[0.872s] -- Using RMW implementation 'rmw_fastrtps_cpp' as default
[0.888s] -- Looking for pthread.h
[0.940s] -- Looking for pthread.h - found
[0.940s] -- Performing Test CMAKE_HAVE_LIBC_PTHREAD
[0.994s] -- Performing Test CMAKE_HAVE_LIBC_PTHREAD - Success
[0.995s] -- Found Threads: TRUE  
[1.038s] -- Found rclcpp_lifecycle: 16.0.18 (/opt/ros/humble/share/rclcpp_lifecycle/cmake)
[1.101s] -- Found Boost: /usr/lib/x86_64-linux-gnu/cmake/Boost-1.74.0/BoostConfig.cmake (found version "1.74.0") found components: random 
[1.110s] -- Found Boost: /usr/lib/x86_64-linux-gnu/cmake/Boost-1.74.0/BoostConfig.cmake (found version "1.74.0") found components: chrono 
[1.114s] -- Found sensor_msgs: 4.9.1 (/opt/ros/humble/share/sensor_msgs/cmake)
[1.137s] -- Found tf2: 0.25.19 (/opt/ros/humble/share/tf2/cmake)
[1.143s] -- Found tf2_geometry_msgs: 0.25.19 (/opt/ros/humble/share/tf2_geometry_msgs/cmake)
[1.153s] -- Found eigen3_cmake_module: 0.1.1 (/opt/ros/humble/share/eigen3_cmake_module/cmake)
[1.154s] -- Found Eigen3: TRUE (found version "3.4.0") 
[1.154s] -- Ensuring Eigen3 include directory is part of orocos-kdl CMake target
[1.223s] -- Using Boost 1.89 from BOOST_189_ROOT=/opt/boost_1.89.0
[1.223s] -- CMAKE_PREFIX_PATH before: 
[1.223s] -- CMAKE_PREFIX_PATH after: /opt/boost_1.89.0
[1.223s] -- Using Boost version 1.74.0
[1.226s] -- Found Boost: /opt/boost_1.89.0/lib/cmake/Boost-1.89.0/BoostConfig.cmake (found suitable version "1.89.0", minimum required is "1.89")  
[1.226s] -- Using Boost version 1.89.0
[1.226s] -- Boost include dirs: /usr/include
[1.235s] -- Found ament_lint_auto: 0.12.15 (/opt/ros/humble/share/ament_lint_auto/cmake)
[1.343s] -- Added test 'cppcheck' to perform static code analysis on C / C++ code
[1.343s] -- Configured cppcheck include dirs: /home/masterthesis/kaixi_crospi_ws/src/crospi/crospi_default_plugins/include;$<BUILD_INTERFACE:/home/masterthesis/kaixi_crospi_ws/src/crospi/crospi_default_plugins/include>
[1.343s] -- Configured cppcheck exclude dirs and/or files: 
[1.344s] -- Added test 'lint_cmake' to check CMake code style
[1.346s] -- Added test 'uncrustify' to check C / C++ code style
[1.346s] -- Configured uncrustify additional arguments: 
[1.347s] -- Added test 'xmllint' to check XML markup files
[1.349s] -- Configuring done
[1.360s] -- Generating done
[1.364s] -- Build files have been written to: /home/masterthesis/kaixi_crospi_ws/build/crospi_default_plugins
[1.371s] Invoked command in '/home/masterthesis/kaixi_crospi_ws/build/crospi_default_plugins' returned '0': AMENT_PREFIX_PATH=/home/masterthesis/kaixi_crospi_ws/install/crospi_core:/home/masterthesis/kaixi_crospi_ws/install/etasl_wrapper:/home/masterthesis/kaixi_crospi_ws/install/crospi_interfaces:${AMENT_PREFIX_PATH} CMAKE_PREFIX_PATH=/home/masterthesis/kaixi_crospi_ws/install/crospi_core:/home/masterthesis/kaixi_crospi_ws/install/etasl_wrapper:/home/masterthesis/kaixi_crospi_ws/install/crospi_interfaces:/home/masterthesis/workspaces_ros2/kaixi_ws/install/ur_description:/home/masterthesis/workspaces_ros2/kaixi_ws/install/trossen_arm_ros:/home/masterthesis/workspaces_ros2/kaixi_ws/install/trossen_arm_moveit:/home/masterthesis/workspaces_ros2/kaixi_ws/install/trossen_arm_controllers:/home/masterthesis/workspaces_ros2/kaixi_ws/install/trossen_arm_bringup:/home/masterthesis/workspaces_ros2/kaixi_ws/install/trossen_arm_hardware:/home/masterthesis/workspaces_ros2/kaixi_ws/install/trossen_arm_description:/opt/ros2_crospi_ws/install/betfsm_demos:/opt/ros2_crospi_ws/install/betfsm:/opt/ros/humble:/home/masterthesis/workspaces_ros2/kaixi_ws/install/libtrossen_arm:/home/masterthesis/workspaces_ros2/kaixi_ws/install/crospi_application_template:/opt/ros2_crospi_ws/install/template_driver_crospi:/opt/ros2_crospi_ws/install/crospi_default_plugins:/opt/ros2_crospi_ws/install/crospi_core:/opt/ros2_crospi_ws/install/etasl_wrapper:/opt/ros2_crospi_ws/install/crospi_interfaces:/opt/ros2_crospi_ws/install/betfsm_interfaces LD_LIBRARY_PATH=/home/masterthesis/kaixi_crospi_ws/install/crospi_core/lib:/home/masterthesis/kaixi_crospi_ws/install/etasl_wrapper/lib:/home/masterthesis/kaixi_crospi_ws/install/crospi_interfaces/lib:/home/masterthesis/workspaces_ros2/kaixi_ws/install/trossen_arm_controllers/lib:/home/masterthesis/workspaces_ros2/kaixi_ws/install/trossen_arm_hardware/lib:/opt/ros2_crospi_ws/install/template_driver_crospi/lib:/opt/ros2_crospi_ws/install/crospi_default_plugins/lib:/opt/ros2_crospi_ws/install/crospi_core/lib:/opt/ros2_crospi_ws/install/etasl_wrapper/lib:/opt/ros2_crospi_ws/install/crospi_interfaces/lib:/opt/ros2_crospi_ws/install/betfsm_interfaces/lib:/opt/ros/humble/opt/rviz_ogre_vendor/lib:/opt/ros/humble/lib/x86_64-linux-gnu:/opt/ros/humble/lib:/opt/boost_1.89.0/lib LUA_CPATH=${LUA_CPATH};/home/masterthesis/kaixi_crospi_ws/install/etasl_wrapper/lib/?.so;/home/masterthesis/kaixi_crospi_ws/install/crospi_core/lib/?.so LUA_PATH=?.lua;?.lua;?.lua;?.lua;;/opt/ros2_crospi_ws/install/etasl_wrapper/lib/etasl1.5/?.lua;/opt/ros2_crospi_ws/install/etasl_wrapper/lib/etasl1.5/xml2lua/?.lua;/opt/ros2_crospi_ws/src/crospi/crospi_core/scripts/lib/?.lua;/opt/ros2_crospi_ws/src/crospi/crospi_core/?.lua;/usr/local/share/lua/5.1/?.lua;/opt/ros2_crospi_ws/install/etasl_wrapper/lib/etasl1.5/?.lua;/opt/ros2_crospi_ws/install/etasl_wrapper/lib/etasl1.5/xml2lua/?.lua;/opt/ros2_crospi_ws/src/crospi/crospi_core/scripts/lib/?.lua;/opt/ros2_crospi_ws/src/crospi/crospi_core/?.lua;/usr/local/share/lua/5.1/?.lua;/opt/ros2_crospi_ws/install/etasl_wrapper/lib/etasl1.5/?.lua;/opt/ros2_crospi_ws/install/etasl_wrapper/lib/etasl1.5/xml2lua/?.lua;/opt/ros2_crospi_ws/src/crospi/crospi_core/scripts/lib/?.lua;/opt/ros2_crospi_ws/src/crospi/crospi_core/?.lua;/usr/local/share/lua/5.1/?.lua;/home/masterthesis/kaixi_crospi_ws/install/etasl_wrapper/lib/etasl1.5/?.lua;/home/masterthesis/kaixi_crospi_ws/install/etasl_wrapper/lib/etasl1.5/xml2lua/?.lua;/home/masterthesis/kaixi_crospi_ws/src/crospi/crospi_core/scripts/lib/?.lua;/home/masterthesis/kaixi_crospi_ws/src/crospi/crospi_core/?.lua;/usr/local/share/lua/5.1/?.lua PATH=/home/masterthesis/kaixi_crospi_ws/install/etasl_wrapper/bin:${PATH} PYTHONPATH=/home/masterthesis/kaixi_crospi_ws/install/crospi_core/local/lib/python3.10/dist-packages:/home/masterthesis/kaixi_crospi_ws/install/crospi_interfaces/local/lib/python3.10/dist-packages:${PYTHONPATH} /usr/bin/cmake /home/masterthesis/kaixi_crospi_ws/src/crospi/crospi_default_plugins -DAMENT_CMAKE_SYMLINK_INSTALL=1 -DCMAKE_INSTALL_PREFIX=/home/masterthesis/kaixi_crospi_ws/install/crospi_default_plugins
[1.372s] Invoking command in '/home/masterthesis/kaixi_crospi_ws/build/crospi_default_plugins': AMENT_PREFIX_PATH=/home/masterthesis/kaixi_crospi_ws/install/crospi_core:/home/masterthesis/kaixi_crospi_ws/install/etasl_wrapper:/home/masterthesis/kaixi_crospi_ws/install/crospi_interfaces:${AMENT_PREFIX_PATH} CMAKE_PREFIX_PATH=/home/masterthesis/kaixi_crospi_ws/install/crospi_core:/home/masterthesis/kaixi_crospi_ws/install/etasl_wrapper:/home/masterthesis/kaixi_crospi_ws/install/crospi_interfaces:/home/masterthesis/workspaces_ros2/kaixi_ws/install/ur_description:/home/masterthesis/workspaces_ros2/kaixi_ws/install/trossen_arm_ros:/home/masterthesis/workspaces_ros2/kaixi_ws/install/trossen_arm_moveit:/home/masterthesis/workspaces_ros2/kaixi_ws/install/trossen_arm_controllers:/home/masterthesis/workspaces_ros2/kaixi_ws/install/trossen_arm_bringup:/home/masterthesis/workspaces_ros2/kaixi_ws/install/trossen_arm_hardware:/home/masterthesis/workspaces_ros2/kaixi_ws/install/trossen_arm_description:/opt/ros2_crospi_ws/install/betfsm_demos:/opt/ros2_crospi_ws/install/betfsm:/opt/ros/humble:/home/masterthesis/workspaces_ros2/kaixi_ws/install/libtrossen_arm:/home/masterthesis/workspaces_ros2/kaixi_ws/install/crospi_application_template:/opt/ros2_crospi_ws/install/template_driver_crospi:/opt/ros2_crospi_ws/install/crospi_default_plugins:/opt/ros2_crospi_ws/install/crospi_core:/opt/ros2_crospi_ws/install/etasl_wrapper:/opt/ros2_crospi_ws/install/crospi_interfaces:/opt/ros2_crospi_ws/install/betfsm_interfaces LD_LIBRARY_PATH=/home/masterthesis/kaixi_crospi_ws/install/crospi_core/lib:/home/masterthesis/kaixi_crospi_ws/install/etasl_wrapper/lib:/home/masterthesis/kaixi_crospi_ws/install/crospi_interfaces/lib:/home/masterthesis/workspaces_ros2/kaixi_ws/install/trossen_arm_controllers/lib:/home/masterthesis/workspaces_ros2/kaixi_ws/install/trossen_arm_hardware/lib:/opt/ros2_crospi_ws/install/template_driver_crospi/lib:/opt/ros2_crospi_ws/install/crospi_default_plugins/lib:/opt/ros2_crospi_ws/install/crospi_core/lib:/opt/ros2_crospi_ws/install/etasl_wrapper/lib:/opt/ros2_crospi_ws/install/crospi_interfaces/lib:/opt/ros2_crospi_ws/install/betfsm_interfaces/lib:/opt/ros/humble/opt/rviz_ogre_vendor/lib:/opt/ros/humble/lib/x86_64-linux-gnu:/opt/ros/humble/lib:/opt/boost_1.89.0/lib LUA_CPATH=${LUA_CPATH};/home/masterthesis/kaixi_crospi_ws/install/etasl_wrapper/lib/?.so;/home/masterthesis/kaixi_crospi_ws/install/crospi_core/lib/?.so LUA_PATH=?.lua;?.lua;?.lua;?.lua;;/opt/ros2_crospi_ws/install/etasl_wrapper/lib/etasl1.5/?.lua;/opt/ros2_crospi_ws/install/etasl_wrapper/lib/etasl1.5/xml2lua/?.lua;/opt/ros2_crospi_ws/src/crospi/crospi_core/scripts/lib/?.lua;/opt/ros2_crospi_ws/src/crospi/crospi_core/?.lua;/usr/local/share/lua/5.1/?.lua;/opt/ros2_crospi_ws/install/etasl_wrapper/lib/etasl1.5/?.lua;/opt/ros2_crospi_ws/install/etasl_wrapper/lib/etasl1.5/xml2lua/?.lua;/opt/ros2_crospi_ws/src/crospi/crospi_core/scripts/lib/?.lua;/opt/ros2_crospi_ws/src/crospi/crospi_core/?.lua;/usr/local/share/lua/5.1/?.lua;/opt/ros2_crospi_ws/install/etasl_wrapper/lib/etasl1.5/?.lua;/opt/ros2_crospi_ws/install/etasl_wrapper/lib/etasl1.5/xml2lua/?.lua;/opt/ros2_crospi_ws/src/crospi/crospi_core/scripts/lib/?.lua;/opt/ros2_crospi_ws/src/crospi/crospi_core/?.lua;/usr/local/share/lua/5.1/?.lua;/home/masterthesis/kaixi_crospi_ws/install/etasl_wrapper/lib/etasl1.5/?.lua;/home/masterthesis/kaixi_crospi_ws/install/etasl_wrapper/lib/etasl1.5/xml2lua/?.lua;/home/masterthesis/kaixi_crospi_ws/src/crospi/crospi_core/scripts/lib/?.lua;/home/masterthesis/kaixi_crospi_ws/src/crospi/crospi_core/?.lua;/usr/local/share/lua/5.1/?.lua PATH=/home/masterthesis/kaixi_crospi_ws/install/etasl_wrapper/bin:${PATH} PYTHONPATH=/home/masterthesis/kaixi_crospi_ws/install/crospi_core/local/lib/python3.10/dist-packages:/home/masterthesis/kaixi_crospi_ws/install/crospi_interfaces/local/lib/python3.10/dist-packages:${PYTHONPATH} /usr/bin/cmake --build /home/masterthesis/kaixi_crospi_ws/build/crospi_default_plugins -- -j16 -l16
[1.413s] [ 27%] [32mBuilding CXX object CMakeFiles/crospi_default_plugins.dir/src/inputhandlers/tfinputhandler.cpp.o[0m
[1.413s] [ 27%] [32mBuilding CXX object CMakeFiles/crospi_default_plugins.dir/src/simulators/simple_kinematic_simulation.cpp.o[0m
[1.413s] [ 27%] [32mBuilding CXX object CMakeFiles/crospi_default_plugins.dir/src/inputhandlers/twistinputhandler.cpp.o[0m
[1.413s] [ 36%] [32mBuilding CXX object CMakeFiles/crospi_default_plugins.dir/src/inputhandlers/wrenchinputhandler.cpp.o[0m
[1.413s] [ 45%] [32mBuilding CXX object CMakeFiles/crospi_default_plugins.dir/src/inputhandlers/vectorinputhandler.cpp.o[0m
[1.414s] [ 54%] [32mBuilding CXX object CMakeFiles/crospi_default_plugins.dir/src/inputhandlers/topicinputhandler.cpp.o[0m
[1.415s] [ 63%] [32mBuilding CXX object CMakeFiles/crospi_default_plugins.dir/src/inputhandlers/poseinputhandler.cpp.o[0m
[1.416s] [ 72%] [32mBuilding CXX object CMakeFiles/crospi_default_plugins.dir/src/outputhandlers/topicoutputhandler.cpp.o[0m
[1.416s] [ 81%] [32mBuilding CXX object CMakeFiles/crospi_default_plugins.dir/src/outputhandlers/jointstateoutputhandler.cpp.o[0m
[1.417s] [ 90%] [32mBuilding CXX object CMakeFiles/crospi_default_plugins.dir/src/outputhandlers/topicoutputderivativeshandler.cpp.o[0m
[1.632s] In file included from [01m[K/home/masterthesis/kaixi_crospi_ws/install/crospi_core/include/robot_interfacing_utils/robotsimulator.hpp:21[m[K,
[1.632s]                  from [01m[K/home/masterthesis/kaixi_crospi_ws/src/crospi/crospi_default_plugins/include/simulators/simple_kinematic_simulation.hpp:24[m[K,
[1.632s]                  from [01m[K/home/masterthesis/kaixi_crospi_ws/src/crospi/crospi_default_plugins/src/simulators/simple_kinematic_simulation.cpp:19[m[K:
[1.632s] [01m[K/home/masterthesis/kaixi_crospi_ws/install/crospi_core/include/robot_interfacing_utils/robotdriver.hpp:34:10:[m[K [01;31m[Kfatal error: [m[Kboost/lockfree/spsc_value.hpp: 没有那个文件或目录
[1.632s]    34 | #include [01;31m[K<boost/lockfree/spsc_value.hpp>[m[K
[1.632s]       |          [01;31m[K^~~~~~~~~~~~~~~~~~~~~~~~~~~~~~~[m[K
[1.632s] compilation terminated.
[1.633s] gmake[2]: *** [CMakeFiles/crospi_default_plugins.dir/build.make:76：CMakeFiles/crospi_default_plugins.dir/src/simulators/simple_kinematic_simulation.cpp.o] 错误 1
[1.633s] gmake[2]: *** 正在等待未完成的任务....
[14.362s] gmake[1]: *** [CMakeFiles/Makefile2:137：CMakeFiles/crospi_default_plugins.dir/all] 错误 2
[14.362s] gmake: *** [Makefile:146：all] 错误 2
[14.363s] Invoked command in '/home/masterthesis/kaixi_crospi_ws/build/crospi_default_plugins' returned '2': AMENT_PREFIX_PATH=/home/masterthesis/kaixi_crospi_ws/install/crospi_core:/home/masterthesis/kaixi_crospi_ws/install/etasl_wrapper:/home/masterthesis/kaixi_crospi_ws/install/crospi_interfaces:${AMENT_PREFIX_PATH} CMAKE_PREFIX_PATH=/home/masterthesis/kaixi_crospi_ws/install/crospi_core:/home/masterthesis/kaixi_crospi_ws/install/etasl_wrapper:/home/masterthesis/kaixi_crospi_ws/install/crospi_interfaces:/home/masterthesis/workspaces_ros2/kaixi_ws/install/ur_description:/home/masterthesis/workspaces_ros2/kaixi_ws/install/trossen_arm_ros:/home/masterthesis/workspaces_ros2/kaixi_ws/install/trossen_arm_moveit:/home/masterthesis/workspaces_ros2/kaixi_ws/install/trossen_arm_controllers:/home/masterthesis/workspaces_ros2/kaixi_ws/install/trossen_arm_bringup:/home/masterthesis/workspaces_ros2/kaixi_ws/install/trossen_arm_hardware:/home/masterthesis/workspaces_ros2/kaixi_ws/install/trossen_arm_description:/opt/ros2_crospi_ws/install/betfsm_demos:/opt/ros2_crospi_ws/install/betfsm:/opt/ros/humble:/home/masterthesis/workspaces_ros2/kaixi_ws/install/libtrossen_arm:/home/masterthesis/workspaces_ros2/kaixi_ws/install/crospi_application_template:/opt/ros2_crospi_ws/install/template_driver_crospi:/opt/ros2_crospi_ws/install/crospi_default_plugins:/opt/ros2_crospi_ws/install/crospi_core:/opt/ros2_crospi_ws/install/etasl_wrapper:/opt/ros2_crospi_ws/install/crospi_interfaces:/opt/ros2_crospi_ws/install/betfsm_interfaces LD_LIBRARY_PATH=/home/masterthesis/kaixi_crospi_ws/install/crospi_core/lib:/home/masterthesis/kaixi_crospi_ws/install/etasl_wrapper/lib:/home/masterthesis/kaixi_crospi_ws/install/crospi_interfaces/lib:/home/masterthesis/workspaces_ros2/kaixi_ws/install/trossen_arm_controllers/lib:/home/masterthesis/workspaces_ros2/kaixi_ws/install/trossen_arm_hardware/lib:/opt/ros2_crospi_ws/install/template_driver_crospi/lib:/opt/ros2_crospi_ws/install/crospi_default_plugins/lib:/opt/ros2_crospi_ws/install/crospi_core/lib:/opt/ros2_crospi_ws/install/etasl_wrapper/lib:/opt/ros2_crospi_ws/install/crospi_interfaces/lib:/opt/ros2_crospi_ws/install/betfsm_interfaces/lib:/opt/ros/humble/opt/rviz_ogre_vendor/lib:/opt/ros/humble/lib/x86_64-linux-gnu:/opt/ros/humble/lib:/opt/boost_1.89.0/lib LUA_CPATH=${LUA_CPATH};/home/masterthesis/kaixi_crospi_ws/install/etasl_wrapper/lib/?.so;/home/masterthesis/kaixi_crospi_ws/install/crospi_core/lib/?.so LUA_PATH=?.lua;?.lua;?.lua;?.lua;;/opt/ros2_crospi_ws/install/etasl_wrapper/lib/etasl1.5/?.lua;/opt/ros2_crospi_ws/install/etasl_wrapper/lib/etasl1.5/xml2lua/?.lua;/opt/ros2_crospi_ws/src/crospi/crospi_core/scripts/lib/?.lua;/opt/ros2_crospi_ws/src/crospi/crospi_core/?.lua;/usr/local/share/lua/5.1/?.lua;/opt/ros2_crospi_ws/install/etasl_wrapper/lib/etasl1.5/?.lua;/opt/ros2_crospi_ws/install/etasl_wrapper/lib/etasl1.5/xml2lua/?.lua;/opt/ros2_crospi_ws/src/crospi/crospi_core/scripts/lib/?.lua;/opt/ros2_crospi_ws/src/crospi/crospi_core/?.lua;/usr/local/share/lua/5.1/?.lua;/opt/ros2_crospi_ws/install/etasl_wrapper/lib/etasl1.5/?.lua;/opt/ros2_crospi_ws/install/etasl_wrapper/lib/etasl1.5/xml2lua/?.lua;/opt/ros2_crospi_ws/src/crospi/crospi_core/scripts/lib/?.lua;/opt/ros2_crospi_ws/src/crospi/crospi_core/?.lua;/usr/local/share/lua/5.1/?.lua;/home/masterthesis/kaixi_crospi_ws/install/etasl_wrapper/lib/etasl1.5/?.lua;/home/masterthesis/kaixi_crospi_ws/install/etasl_wrapper/lib/etasl1.5/xml2lua/?.lua;/home/masterthesis/kaixi_crospi_ws/src/crospi/crospi_core/scripts/lib/?.lua;/home/masterthesis/kaixi_crospi_ws/src/crospi/crospi_core/?.lua;/usr/local/share/lua/5.1/?.lua PATH=/home/masterthesis/kaixi_crospi_ws/install/etasl_wrapper/bin:${PATH} PYTHONPATH=/home/masterthesis/kaixi_crospi_ws/install/crospi_core/local/lib/python3.10/dist-packages:/home/masterthesis/kaixi_crospi_ws/install/crospi_interfaces/local/lib/python3.10/dist-packages:${PYTHONPATH} /usr/bin/cmake --build /home/masterthesis/kaixi_crospi_ws/build/crospi_default_plugins -- -j16 -l16
