[35m[1mConsolidate compiler generated dependencies of target betfsm_interfaces__rosidl_generator_c[0m
[  2%] Built target betfsm_interfaces__cpp
[  5%] Built target betfsm_interfaces__rs
[ 15%] Built target betfsm_interfaces__rosidl_generator_c
[ 15%] Built target ament_cmake_python_symlink_betfsm_interfaces
[35m[1mConsolidate compiler generated dependencies of target betfsm_interfaces__rosidl_typesupport_fastrtps_cpp[0m
[35m[1mConsolidate compiler generated dependencies of target betfsm_interfaces__rosidl_typesupport_cpp[0m
[35m[1mConsolidate compiler generated dependencies of target betfsm_interfaces__rosidl_typesupport_introspection_cpp[0m
[35m[1mConsolidate compiler generated dependencies of target betfsm_interfaces__rosidl_typesupport_introspection_c[0m
[35m[1mConsolidate compiler generated dependencies of target betfsm_interfaces__rosidl_typesupport_c[0m
[35m[1mConsolidate compiler generated dependencies of target betfsm_interfaces__rosidl_typesupport_fastrtps_c[0m
[ 25%] Built target betfsm_interfaces__rosidl_typesupport_cpp
[ 35%] Built target betfsm_interfaces__rosidl_typesupport_fastrtps_cpp
[ 45%] Built target betfsm_interfaces__rosidl_typesupport_introspection_cpp
[ 55%] Built target betfsm_interfaces__rosidl_typesupport_c
[ 65%] Built target betfsm_interfaces__rosidl_typesupport_introspection_c
[ 75%] Built target betfsm_interfaces__rosidl_typesupport_fastrtps_c
[ 75%] Built target betfsm_interfaces
[ 77%] Built target betfsm_interfaces__py
[35m[1mConsolidate compiler generated dependencies of target betfsm_interfaces__rosidl_generator_py[0m
[ 85%] Built target betfsm_interfaces__rosidl_generator_py
[35m[1mConsolidate compiler generated dependencies of target betfsm_interfaces__rosidl_typesupport_c__pyext[0m
[35m[1mConsolidate compiler generated dependencies of target betfsm_interfaces__rosidl_typesupport_fastrtps_c__pyext[0m
[35m[1mConsolidate compiler generated dependencies of target betfsm_interfaces__rosidl_typesupport_introspection_c__pyext[0m
[ 90%] Built target betfsm_interfaces__rosidl_typesupport_c__pyext
[100%] Built target betfsm_interfaces__rosidl_typesupport_introspection_c__pyext
[100%] Built target betfsm_interfaces__rosidl_typesupport_fastrtps_c__pyext
running egg_info
writing betfsm_interfaces.egg-info/PKG-INFO
writing dependency_links to betfsm_interfaces.egg-info/dependency_links.txt
writing top-level names to betfsm_interfaces.egg-info/top_level.txt
reading manifest file 'betfsm_interfaces.egg-info/SOURCES.txt'
writing manifest file 'betfsm_interfaces.egg-info/SOURCES.txt'
[100%] Built target ament_cmake_python_build_betfsm_interfaces_egg
-- Install configuration: ""
-- Execute custom install script
-- Up-to-date symlink: /home/masterthesis/kaixi_crospi_ws/install/betfsm_interfaces/share/ament_index/resource_index/rosidl_interfaces/betfsm_interfaces
-- Up-to-date symlink: /home/masterthesis/kaixi_crospi_ws/install/betfsm_interfaces/include/betfsm_interfaces/betfsm_interfaces/action/detail/task__functions.h
-- Up-to-date symlink: /home/masterthesis/kaixi_crospi_ws/install/betfsm_interfaces/include/betfsm_interfaces/betfsm_interfaces/action/detail/task__struct.h
-- Up-to-date symlink: /home/masterthesis/kaixi_crospi_ws/install/betfsm_interfaces/include/betfsm_interfaces/betfsm_interfaces/action/detail/task__type_support.h
-- Up-to-date symlink: /home/masterthesis/kaixi_crospi_ws/install/betfsm_interfaces/include/betfsm_interfaces/betfsm_interfaces/action/task.h
-- Up-to-date symlink: /home/masterthesis/kaixi_crospi_ws/install/betfsm_interfaces/include/betfsm_interfaces/betfsm_interfaces/msg/detail/trace__functions.h
-- Up-to-date symlink: /home/masterthesis/kaixi_crospi_ws/install/betfsm_interfaces/include/betfsm_interfaces/betfsm_interfaces/msg/detail/trace__struct.h
-- Up-to-date symlink: /home/masterthesis/kaixi_crospi_ws/install/betfsm_interfaces/include/betfsm_interfaces/betfsm_interfaces/msg/detail/trace__type_support.h
-- Up-to-date symlink: /home/masterthesis/kaixi_crospi_ws/install/betfsm_interfaces/include/betfsm_interfaces/betfsm_interfaces/msg/rosidl_generator_c__visibility_control.h
-- Up-to-date symlink: /home/masterthesis/kaixi_crospi_ws/install/betfsm_interfaces/include/betfsm_interfaces/betfsm_interfaces/msg/trace.h
-- Up-to-date symlink: /home/masterthesis/kaixi_crospi_ws/install/betfsm_interfaces/share/betfsm_interfaces/environment/library_path.sh
-- Up-to-date symlink: /home/masterthesis/kaixi_crospi_ws/install/betfsm_interfaces/share/betfsm_interfaces/environment/library_path.dsv
-- Up-to-date symlink: /home/masterthesis/kaixi_crospi_ws/install/betfsm_interfaces/include/betfsm_interfaces/betfsm_interfaces/action/detail/task__rosidl_typesupport_fastrtps_c.h
-- Up-to-date symlink: /home/masterthesis/kaixi_crospi_ws/install/betfsm_interfaces/include/betfsm_interfaces/betfsm_interfaces/msg/detail/trace__rosidl_typesupport_fastrtps_c.h
-- Up-to-date symlink: /home/masterthesis/kaixi_crospi_ws/install/betfsm_interfaces/include/betfsm_interfaces/betfsm_interfaces/msg/rosidl_typesupport_fastrtps_c__visibility_control.h
-- Up-to-date symlink: /home/masterthesis/kaixi_crospi_ws/install/betfsm_interfaces/include/betfsm_interfaces/betfsm_interfaces/action/detail/task__rosidl_typesupport_introspection_c.h
-- Up-to-date symlink: /home/masterthesis/kaixi_crospi_ws/install/betfsm_interfaces/include/betfsm_interfaces/betfsm_interfaces/msg/detail/trace__rosidl_typesupport_introspection_c.h
-- Up-to-date symlink: /home/masterthesis/kaixi_crospi_ws/install/betfsm_interfaces/include/betfsm_interfaces/betfsm_interfaces/msg/rosidl_typesupport_introspection_c__visibility_control.h
-- Up-to-date symlink: /home/masterthesis/kaixi_crospi_ws/install/betfsm_interfaces/include/betfsm_interfaces/betfsm_interfaces/action/detail/task__builder.hpp
-- Up-to-date symlink: /home/masterthesis/kaixi_crospi_ws/install/betfsm_interfaces/include/betfsm_interfaces/betfsm_interfaces/action/detail/task__struct.hpp
-- Up-to-date symlink: /home/masterthesis/kaixi_crospi_ws/install/betfsm_interfaces/include/betfsm_interfaces/betfsm_interfaces/action/detail/task__traits.hpp
-- Up-to-date symlink: /home/masterthesis/kaixi_crospi_ws/install/betfsm_interfaces/include/betfsm_interfaces/betfsm_interfaces/action/detail/task__type_support.hpp
-- Up-to-date symlink: /home/masterthesis/kaixi_crospi_ws/install/betfsm_interfaces/include/betfsm_interfaces/betfsm_interfaces/action/task.hpp
-- Up-to-date symlink: /home/masterthesis/kaixi_crospi_ws/install/betfsm_interfaces/include/betfsm_interfaces/betfsm_interfaces/msg/detail/trace__builder.hpp
-- Up-to-date symlink: /home/masterthesis/kaixi_crospi_ws/install/betfsm_interfaces/include/betfsm_interfaces/betfsm_interfaces/msg/detail/trace__struct.hpp
-- Up-to-date symlink: /home/masterthesis/kaixi_crospi_ws/install/betfsm_interfaces/include/betfsm_interfaces/betfsm_interfaces/msg/detail/trace__traits.hpp
-- Up-to-date symlink: /home/masterthesis/kaixi_crospi_ws/install/betfsm_interfaces/include/betfsm_interfaces/betfsm_interfaces/msg/detail/trace__type_support.hpp
-- Up-to-date symlink: /home/masterthesis/kaixi_crospi_ws/install/betfsm_interfaces/include/betfsm_interfaces/betfsm_interfaces/msg/rosidl_generator_cpp__visibility_control.hpp
-- Up-to-date symlink: /home/masterthesis/kaixi_crospi_ws/install/betfsm_interfaces/include/betfsm_interfaces/betfsm_interfaces/msg/trace.hpp
-- Up-to-date symlink: /home/masterthesis/kaixi_crospi_ws/install/betfsm_interfaces/include/betfsm_interfaces/betfsm_interfaces/action/detail/task__rosidl_typesupport_fastrtps_cpp.hpp
-- Up-to-date symlink: /home/masterthesis/kaixi_crospi_ws/install/betfsm_interfaces/include/betfsm_interfaces/betfsm_interfaces/msg/detail/trace__rosidl_typesupport_fastrtps_cpp.hpp
-- Up-to-date symlink: /home/masterthesis/kaixi_crospi_ws/install/betfsm_interfaces/include/betfsm_interfaces/betfsm_interfaces/msg/rosidl_typesupport_fastrtps_cpp__visibility_control.h
-- Up-to-date symlink: /home/masterthesis/kaixi_crospi_ws/install/betfsm_interfaces/include/betfsm_interfaces/betfsm_interfaces/action/detail/task__rosidl_typesupport_introspection_cpp.hpp
-- Up-to-date symlink: /home/masterthesis/kaixi_crospi_ws/install/betfsm_interfaces/include/betfsm_interfaces/betfsm_interfaces/msg/detail/trace__rosidl_typesupport_introspection_cpp.hpp
-- Up-to-date symlink: /home/masterthesis/kaixi_crospi_ws/install/betfsm_interfaces/share/betfsm_interfaces/environment/pythonpath.sh
-- Up-to-date symlink: /home/masterthesis/kaixi_crospi_ws/install/betfsm_interfaces/share/betfsm_interfaces/environment/pythonpath.dsv
-- Up-to-date symlink: /home/masterthesis/kaixi_crospi_ws/install/betfsm_interfaces/local/lib/python3.10/dist-packages/betfsm_interfaces-0.0.0-py3.10.egg-info/PKG-INFO
-- Up-to-date symlink: /home/masterthesis/kaixi_crospi_ws/install/betfsm_interfaces/local/lib/python3.10/dist-packages/betfsm_interfaces-0.0.0-py3.10.egg-info/SOURCES.txt
-- Up-to-date symlink: /home/masterthesis/kaixi_crospi_ws/install/betfsm_interfaces/local/lib/python3.10/dist-packages/betfsm_interfaces-0.0.0-py3.10.egg-info/dependency_links.txt
-- Up-to-date symlink: /home/masterthesis/kaixi_crospi_ws/install/betfsm_interfaces/local/lib/python3.10/dist-packages/betfsm_interfaces-0.0.0-py3.10.egg-info/top_level.txt
-- Up-to-date symlink: /home/masterthesis/kaixi_crospi_ws/install/betfsm_interfaces/local/lib/python3.10/dist-packages/betfsm_interfaces/__init__.py
-- Up-to-date symlink: /home/masterthesis/kaixi_crospi_ws/install/betfsm_interfaces/local/lib/python3.10/dist-packages/betfsm_interfaces/_betfsm_interfaces_s.ep.rosidl_typesupport_c.c
-- Up-to-date symlink: /home/masterthesis/kaixi_crospi_ws/install/betfsm_interfaces/local/lib/python3.10/dist-packages/betfsm_interfaces/_betfsm_interfaces_s.ep.rosidl_typesupport_fastrtps_c.c
-- Up-to-date symlink: /home/masterthesis/kaixi_crospi_ws/install/betfsm_interfaces/local/lib/python3.10/dist-packages/betfsm_interfaces/_betfsm_interfaces_s.ep.rosidl_typesupport_introspection_c.c
-- Up-to-date symlink: /home/masterthesis/kaixi_crospi_ws/install/betfsm_interfaces/local/lib/python3.10/dist-packages/betfsm_interfaces/action/__init__.py
-- Up-to-date symlink: /home/masterthesis/kaixi_crospi_ws/install/betfsm_interfaces/local/lib/python3.10/dist-packages/betfsm_interfaces/action/_task.py
-- Up-to-date symlink: /home/masterthesis/kaixi_crospi_ws/install/betfsm_interfaces/local/lib/python3.10/dist-packages/betfsm_interfaces/action/_task_s.c
-- Up-to-date symlink: /home/masterthesis/kaixi_crospi_ws/install/betfsm_interfaces/local/lib/python3.10/dist-packages/betfsm_interfaces/betfsm_interfaces_s__rosidl_typesupport_c.cpython-310-x86_64-linux-gnu.so
-- Up-to-date symlink: /home/masterthesis/kaixi_crospi_ws/install/betfsm_interfaces/local/lib/python3.10/dist-packages/betfsm_interfaces/betfsm_interfaces_s__rosidl_typesupport_fastrtps_c.cpython-310-x86_64-linux-gnu.so
-- Up-to-date symlink: /home/masterthesis/kaixi_crospi_ws/install/betfsm_interfaces/local/lib/python3.10/dist-packages/betfsm_interfaces/betfsm_interfaces_s__rosidl_typesupport_introspection_c.cpython-310-x86_64-linux-gnu.so
-- Up-to-date symlink: /home/masterthesis/kaixi_crospi_ws/install/betfsm_interfaces/local/lib/python3.10/dist-packages/betfsm_interfaces/libbetfsm_interfaces__rosidl_generator_py.so
-- Up-to-date symlink: /home/masterthesis/kaixi_crospi_ws/install/betfsm_interfaces/local/lib/python3.10/dist-packages/betfsm_interfaces/msg/__init__.py
-- Up-to-date symlink: /home/masterthesis/kaixi_crospi_ws/install/betfsm_interfaces/local/lib/python3.10/dist-packages/betfsm_interfaces/msg/_trace.py
-- Up-to-date symlink: /home/masterthesis/kaixi_crospi_ws/install/betfsm_interfaces/local/lib/python3.10/dist-packages/betfsm_interfaces/msg/_trace_s.c
-- Up-to-date symlink: /home/masterthesis/kaixi_crospi_ws/install/betfsm_interfaces/local/lib/python3.10/dist-packages/betfsm_interfaces/betfsm_interfaces_s__rosidl_typesupport_fastrtps_c.cpython-310-x86_64-linux-gnu.so
-- Up-to-date symlink: /home/masterthesis/kaixi_crospi_ws/install/betfsm_interfaces/local/lib/python3.10/dist-packages/betfsm_interfaces/betfsm_interfaces_s__rosidl_typesupport_introspection_c.cpython-310-x86_64-linux-gnu.so
-- Up-to-date symlink: /home/masterthesis/kaixi_crospi_ws/install/betfsm_interfaces/local/lib/python3.10/dist-packages/betfsm_interfaces/betfsm_interfaces_s__rosidl_typesupport_c.cpython-310-x86_64-linux-gnu.so
-- Up-to-date symlink: /home/masterthesis/kaixi_crospi_ws/install/betfsm_interfaces/share/ament_index/resource_index/rust_packages/betfsm_interfaces
-- Up-to-date symlink: /home/masterthesis/kaixi_crospi_ws/install/betfsm_interfaces/share/betfsm_interfaces/rust/Cargo.toml
-- Up-to-date symlink: /home/masterthesis/kaixi_crospi_ws/install/betfsm_interfaces/share/betfsm_interfaces/rust/build.rs
-- Up-to-date symlink: /home/masterthesis/kaixi_crospi_ws/install/betfsm_interfaces/share/betfsm_interfaces/rust/src/action.rs
-- Up-to-date symlink: /home/masterthesis/kaixi_crospi_ws/install/betfsm_interfaces/share/betfsm_interfaces/rust/src/action/rmw.rs
-- Up-to-date symlink: /home/masterthesis/kaixi_crospi_ws/install/betfsm_interfaces/share/betfsm_interfaces/rust/src/lib.rs
-- Up-to-date symlink: /home/masterthesis/kaixi_crospi_ws/install/betfsm_interfaces/share/betfsm_interfaces/rust/src/msg.rs
-- Up-to-date symlink: /home/masterthesis/kaixi_crospi_ws/install/betfsm_interfaces/share/betfsm_interfaces/rust/src/msg/rmw.rs
-- Up-to-date symlink: /home/masterthesis/kaixi_crospi_ws/install/betfsm_interfaces/share/betfsm_interfaces/action/Task.idl
-- Up-to-date symlink: /home/masterthesis/kaixi_crospi_ws/install/betfsm_interfaces/share/betfsm_interfaces/msg/Trace.idl
-- Up-to-date symlink: /home/masterthesis/kaixi_crospi_ws/install/betfsm_interfaces/share/betfsm_interfaces/action/Task.action
-- Up-to-date symlink: /home/masterthesis/kaixi_crospi_ws/install/betfsm_interfaces/share/betfsm_interfaces/msg/Trace.msg
-- Up-to-date symlink: /home/masterthesis/kaixi_crospi_ws/install/betfsm_interfaces/share/ament_index/resource_index/package_run_dependencies/betfsm_interfaces
-- Up-to-date symlink: /home/masterthesis/kaixi_crospi_ws/install/betfsm_interfaces/share/ament_index/resource_index/parent_prefix_path/betfsm_interfaces
-- Up-to-date symlink: /home/masterthesis/kaixi_crospi_ws/install/betfsm_interfaces/share/betfsm_interfaces/environment/ament_prefix_path.sh
-- Up-to-date symlink: /home/masterthesis/kaixi_crospi_ws/install/betfsm_interfaces/share/betfsm_interfaces/environment/ament_prefix_path.dsv
-- Up-to-date symlink: /home/masterthesis/kaixi_crospi_ws/install/betfsm_interfaces/share/betfsm_interfaces/environment/path.sh
-- Up-to-date symlink: /home/masterthesis/kaixi_crospi_ws/install/betfsm_interfaces/share/betfsm_interfaces/environment/path.dsv
-- Up-to-date symlink: /home/masterthesis/kaixi_crospi_ws/install/betfsm_interfaces/share/betfsm_interfaces/local_setup.bash
-- Up-to-date symlink: /home/masterthesis/kaixi_crospi_ws/install/betfsm_interfaces/share/betfsm_interfaces/local_setup.sh
-- Up-to-date symlink: /home/masterthesis/kaixi_crospi_ws/install/betfsm_interfaces/share/betfsm_interfaces/local_setup.zsh
-- Up-to-date symlink: /home/masterthesis/kaixi_crospi_ws/install/betfsm_interfaces/share/betfsm_interfaces/local_setup.dsv
-- Symlinking: /home/masterthesis/kaixi_crospi_ws/install/betfsm_interfaces/share/betfsm_interfaces/package.dsv
-- Up-to-date symlink: /home/masterthesis/kaixi_crospi_ws/install/betfsm_interfaces/share/ament_index/resource_index/packages/betfsm_interfaces
-- Up-to-date symlink: /home/masterthesis/kaixi_crospi_ws/install/betfsm_interfaces/share/betfsm_interfaces/cmake/rosidl_cmake-extras.cmake
-- Up-to-date symlink: /home/masterthesis/kaixi_crospi_ws/install/betfsm_interfaces/share/betfsm_interfaces/cmake/ament_cmake_export_dependencies-extras.cmake
-- Up-to-date symlink: /home/masterthesis/kaixi_crospi_ws/install/betfsm_interfaces/share/betfsm_interfaces/cmake/ament_cmake_export_include_directories-extras.cmake
-- Up-to-date symlink: /home/masterthesis/kaixi_crospi_ws/install/betfsm_interfaces/share/betfsm_interfaces/cmake/ament_cmake_export_libraries-extras.cmake
-- Up-to-date symlink: /home/masterthesis/kaixi_crospi_ws/install/betfsm_interfaces/share/betfsm_interfaces/cmake/ament_cmake_export_targets-extras.cmake
-- Up-to-date symlink: /home/masterthesis/kaixi_crospi_ws/install/betfsm_interfaces/share/betfsm_interfaces/cmake/rosidl_cmake_export_typesupport_targets-extras.cmake
-- Up-to-date symlink: /home/masterthesis/kaixi_crospi_ws/install/betfsm_interfaces/share/betfsm_interfaces/cmake/rosidl_cmake_export_typesupport_libraries-extras.cmake
-- Up-to-date symlink: /home/masterthesis/kaixi_crospi_ws/install/betfsm_interfaces/share/betfsm_interfaces/cmake/betfsm_interfacesConfig.cmake
-- Up-to-date symlink: /home/masterthesis/kaixi_crospi_ws/install/betfsm_interfaces/share/betfsm_interfaces/cmake/betfsm_interfacesConfig-version.cmake
-- Up-to-date symlink: /home/masterthesis/kaixi_crospi_ws/install/betfsm_interfaces/share/betfsm_interfaces/package.xml
-- Up-to-date: /home/masterthesis/kaixi_crospi_ws/install/betfsm_interfaces/lib/libbetfsm_interfaces__rosidl_generator_c.so
-- Up-to-date: /home/masterthesis/kaixi_crospi_ws/install/betfsm_interfaces/lib/libbetfsm_interfaces__rosidl_typesupport_fastrtps_c.so
-- Up-to-date: /home/masterthesis/kaixi_crospi_ws/install/betfsm_interfaces/lib/libbetfsm_interfaces__rosidl_typesupport_introspection_c.so
-- Up-to-date: /home/masterthesis/kaixi_crospi_ws/install/betfsm_interfaces/lib/libbetfsm_interfaces__rosidl_typesupport_c.so
-- Up-to-date: /home/masterthesis/kaixi_crospi_ws/install/betfsm_interfaces/lib/libbetfsm_interfaces__rosidl_typesupport_fastrtps_cpp.so
-- Up-to-date: /home/masterthesis/kaixi_crospi_ws/install/betfsm_interfaces/lib/libbetfsm_interfaces__rosidl_typesupport_introspection_cpp.so
-- Up-to-date: /home/masterthesis/kaixi_crospi_ws/install/betfsm_interfaces/lib/libbetfsm_interfaces__rosidl_typesupport_cpp.so
Listing '/home/masterthesis/kaixi_crospi_ws/install/betfsm_interfaces/local/lib/python3.10/dist-packages/betfsm_interfaces'...
Listing '/home/masterthesis/kaixi_crospi_ws/install/betfsm_interfaces/local/lib/python3.10/dist-packages/betfsm_interfaces/action'...
Listing '/home/masterthesis/kaixi_crospi_ws/install/betfsm_interfaces/local/lib/python3.10/dist-packages/betfsm_interfaces/msg'...
-- Up-to-date: /home/masterthesis/kaixi_crospi_ws/install/betfsm_interfaces/lib/libbetfsm_interfaces__rosidl_generator_py.so
-- Up-to-date: /home/masterthesis/kaixi_crospi_ws/install/betfsm_interfaces/share/betfsm_interfaces/cmake/export_betfsm_interfaces__rosidl_generator_cExport.cmake
-- Up-to-date: /home/masterthesis/kaixi_crospi_ws/install/betfsm_interfaces/share/betfsm_interfaces/cmake/export_betfsm_interfaces__rosidl_generator_cExport-noconfig.cmake
-- Up-to-date: /home/masterthesis/kaixi_crospi_ws/install/betfsm_interfaces/share/betfsm_interfaces/cmake/export_betfsm_interfaces__rosidl_typesupport_fastrtps_cExport.cmake
-- Up-to-date: /home/masterthesis/kaixi_crospi_ws/install/betfsm_interfaces/share/betfsm_interfaces/cmake/export_betfsm_interfaces__rosidl_typesupport_fastrtps_cExport-noconfig.cmake
-- Up-to-date: /home/masterthesis/kaixi_crospi_ws/install/betfsm_interfaces/share/betfsm_interfaces/cmake/betfsm_interfaces__rosidl_typesupport_introspection_cExport.cmake
-- Up-to-date: /home/masterthesis/kaixi_crospi_ws/install/betfsm_interfaces/share/betfsm_interfaces/cmake/betfsm_interfaces__rosidl_typesupport_introspection_cExport-noconfig.cmake
-- Up-to-date: /home/masterthesis/kaixi_crospi_ws/install/betfsm_interfaces/share/betfsm_interfaces/cmake/betfsm_interfaces__rosidl_typesupport_cExport.cmake
-- Up-to-date: /home/masterthesis/kaixi_crospi_ws/install/betfsm_interfaces/share/betfsm_interfaces/cmake/betfsm_interfaces__rosidl_typesupport_cExport-noconfig.cmake
-- Up-to-date: /home/masterthesis/kaixi_crospi_ws/install/betfsm_interfaces/share/betfsm_interfaces/cmake/export_betfsm_interfaces__rosidl_generator_cppExport.cmake
-- Up-to-date: /home/masterthesis/kaixi_crospi_ws/install/betfsm_interfaces/share/betfsm_interfaces/cmake/export_betfsm_interfaces__rosidl_typesupport_fastrtps_cppExport.cmake
-- Up-to-date: /home/masterthesis/kaixi_crospi_ws/install/betfsm_interfaces/share/betfsm_interfaces/cmake/export_betfsm_interfaces__rosidl_typesupport_fastrtps_cppExport-noconfig.cmake
-- Up-to-date: /home/masterthesis/kaixi_crospi_ws/install/betfsm_interfaces/share/betfsm_interfaces/cmake/betfsm_interfaces__rosidl_typesupport_introspection_cppExport.cmake
-- Up-to-date: /home/masterthesis/kaixi_crospi_ws/install/betfsm_interfaces/share/betfsm_interfaces/cmake/betfsm_interfaces__rosidl_typesupport_introspection_cppExport-noconfig.cmake
-- Up-to-date: /home/masterthesis/kaixi_crospi_ws/install/betfsm_interfaces/share/betfsm_interfaces/cmake/betfsm_interfaces__rosidl_typesupport_cppExport.cmake
-- Up-to-date: /home/masterthesis/kaixi_crospi_ws/install/betfsm_interfaces/share/betfsm_interfaces/cmake/betfsm_interfaces__rosidl_typesupport_cppExport-noconfig.cmake
-- Up-to-date: /home/masterthesis/kaixi_crospi_ws/install/betfsm_interfaces/share/betfsm_interfaces/cmake/export_betfsm_interfaces__rosidl_generator_pyExport.cmake
-- Up-to-date: /home/masterthesis/kaixi_crospi_ws/install/betfsm_interfaces/share/betfsm_interfaces/cmake/export_betfsm_interfaces__rosidl_generator_pyExport-noconfig.cmake
