[0.015s] Invoking command in '/home/masterthesis/kaixi_crospi_ws/build/betfsm_interfaces': CMAKE_PREFIX_PATH=/home/masterthesis/workspaces_ros2/kaixi_ws/install/ur_description:/home/masterthesis/workspaces_ros2/kaixi_ws/install/trossen_arm_ros:/home/masterthesis/workspaces_ros2/kaixi_ws/install/trossen_arm_moveit:/home/masterthesis/workspaces_ros2/kaixi_ws/install/trossen_arm_controllers:/home/masterthesis/workspaces_ros2/kaixi_ws/install/trossen_arm_bringup:/home/masterthesis/workspaces_ros2/kaixi_ws/install/trossen_arm_hardware:/home/masterthesis/workspaces_ros2/kaixi_ws/install/trossen_arm_description:/opt/ros2_crospi_ws/install/betfsm_demos:/opt/ros2_crospi_ws/install/betfsm:/opt/ros/humble:/home/masterthesis/workspaces_ros2/kaixi_ws/install/libtrossen_arm:/home/masterthesis/workspaces_ros2/kaixi_ws/install/crospi_application_template:/opt/ros2_crospi_ws/install/template_driver_crospi:/opt/ros2_crospi_ws/install/crospi_default_plugins:/opt/ros2_crospi_ws/install/crospi_core:/opt/ros2_crospi_ws/install/etasl_wrapper:/opt/ros2_crospi_ws/install/crospi_interfaces:/opt/ros2_crospi_ws/install/betfsm_interfaces /usr/bin/cmake --build /home/masterthesis/kaixi_crospi_ws/build/betfsm_interfaces -- -j16 -l16
[0.047s] [35m[1mConsolidate compiler generated dependencies of target betfsm_interfaces__rosidl_generator_c[0m
[0.053s] [  2%] Built target betfsm_interfaces__cpp
[0.055s] [  5%] Built target betfsm_interfaces__rs
[0.060s] [ 15%] Built target betfsm_interfaces__rosidl_generator_c
[0.066s] [ 15%] Built target ament_cmake_python_symlink_betfsm_interfaces
[0.066s] [35m[1mConsolidate compiler generated dependencies of target betfsm_interfaces__rosidl_typesupport_fastrtps_cpp[0m
[0.066s] [35m[1mConsolidate compiler generated dependencies of target betfsm_interfaces__rosidl_typesupport_cpp[0m
[0.066s] [35m[1mConsolidate compiler generated dependencies of target betfsm_interfaces__rosidl_typesupport_introspection_cpp[0m
[0.072s] [35m[1mConsolidate compiler generated dependencies of target betfsm_interfaces__rosidl_typesupport_introspection_c[0m
[0.074s] [35m[1mConsolidate compiler generated dependencies of target betfsm_interfaces__rosidl_typesupport_c[0m
[0.074s] [35m[1mConsolidate compiler generated dependencies of target betfsm_interfaces__rosidl_typesupport_fastrtps_c[0m
[0.084s] [ 25%] Built target betfsm_interfaces__rosidl_typesupport_cpp
[0.084s] [ 35%] Built target betfsm_interfaces__rosidl_typesupport_fastrtps_cpp
[0.085s] [ 45%] Built target betfsm_interfaces__rosidl_typesupport_introspection_cpp
[0.088s] [ 55%] Built target betfsm_interfaces__rosidl_typesupport_c
[0.090s] [ 65%] Built target betfsm_interfaces__rosidl_typesupport_introspection_c
[0.093s] [ 75%] Built target betfsm_interfaces__rosidl_typesupport_fastrtps_c
[0.109s] [ 75%] Built target betfsm_interfaces
[0.134s] [ 77%] Built target betfsm_interfaces__py
[0.149s] [35m[1mConsolidate compiler generated dependencies of target betfsm_interfaces__rosidl_generator_py[0m
[0.163s] [ 85%] Built target betfsm_interfaces__rosidl_generator_py
[0.179s] [35m[1mConsolidate compiler generated dependencies of target betfsm_interfaces__rosidl_typesupport_c__pyext[0m
[0.183s] [35m[1mConsolidate compiler generated dependencies of target betfsm_interfaces__rosidl_typesupport_fastrtps_c__pyext[0m
[0.186s] [35m[1mConsolidate compiler generated dependencies of target betfsm_interfaces__rosidl_typesupport_introspection_c__pyext[0m
[0.199s] [ 90%] Built target betfsm_interfaces__rosidl_typesupport_c__pyext
[0.203s] [100%] Built target betfsm_interfaces__rosidl_typesupport_introspection_c__pyext
[0.203s] [100%] Built target betfsm_interfaces__rosidl_typesupport_fastrtps_c__pyext
[0.408s] running egg_info
[0.409s] writing betfsm_interfaces.egg-info/PKG-INFO
[0.409s] writing dependency_links to betfsm_interfaces.egg-info/dependency_links.txt
[0.409s] writing top-level names to betfsm_interfaces.egg-info/top_level.txt
[0.411s] reading manifest file 'betfsm_interfaces.egg-info/SOURCES.txt'
[0.411s] writing manifest file 'betfsm_interfaces.egg-info/SOURCES.txt'
[0.434s] [100%] Built target ament_cmake_python_build_betfsm_interfaces_egg
[0.442s] Invoked command in '/home/masterthesis/kaixi_crospi_ws/build/betfsm_interfaces' returned '0': CMAKE_PREFIX_PATH=/home/masterthesis/workspaces_ros2/kaixi_ws/install/ur_description:/home/masterthesis/workspaces_ros2/kaixi_ws/install/trossen_arm_ros:/home/masterthesis/workspaces_ros2/kaixi_ws/install/trossen_arm_moveit:/home/masterthesis/workspaces_ros2/kaixi_ws/install/trossen_arm_controllers:/home/masterthesis/workspaces_ros2/kaixi_ws/install/trossen_arm_bringup:/home/masterthesis/workspaces_ros2/kaixi_ws/install/trossen_arm_hardware:/home/masterthesis/workspaces_ros2/kaixi_ws/install/trossen_arm_description:/opt/ros2_crospi_ws/install/betfsm_demos:/opt/ros2_crospi_ws/install/betfsm:/opt/ros/humble:/home/masterthesis/workspaces_ros2/kaixi_ws/install/libtrossen_arm:/home/masterthesis/workspaces_ros2/kaixi_ws/install/crospi_application_template:/opt/ros2_crospi_ws/install/template_driver_crospi:/opt/ros2_crospi_ws/install/crospi_default_plugins:/opt/ros2_crospi_ws/install/crospi_core:/opt/ros2_crospi_ws/install/etasl_wrapper:/opt/ros2_crospi_ws/install/crospi_interfaces:/opt/ros2_crospi_ws/install/betfsm_interfaces /usr/bin/cmake --build /home/masterthesis/kaixi_crospi_ws/build/betfsm_interfaces -- -j16 -l16
[0.444s] Invoking command in '/home/masterthesis/kaixi_crospi_ws/build/betfsm_interfaces': CMAKE_PREFIX_PATH=/home/masterthesis/workspaces_ros2/kaixi_ws/install/ur_description:/home/masterthesis/workspaces_ros2/kaixi_ws/install/trossen_arm_ros:/home/masterthesis/workspaces_ros2/kaixi_ws/install/trossen_arm_moveit:/home/masterthesis/workspaces_ros2/kaixi_ws/install/trossen_arm_controllers:/home/masterthesis/workspaces_ros2/kaixi_ws/install/trossen_arm_bringup:/home/masterthesis/workspaces_ros2/kaixi_ws/install/trossen_arm_hardware:/home/masterthesis/workspaces_ros2/kaixi_ws/install/trossen_arm_description:/opt/ros2_crospi_ws/install/betfsm_demos:/opt/ros2_crospi_ws/install/betfsm:/opt/ros/humble:/home/masterthesis/workspaces_ros2/kaixi_ws/install/libtrossen_arm:/home/masterthesis/workspaces_ros2/kaixi_ws/install/crospi_application_template:/opt/ros2_crospi_ws/install/template_driver_crospi:/opt/ros2_crospi_ws/install/crospi_default_plugins:/opt/ros2_crospi_ws/install/crospi_core:/opt/ros2_crospi_ws/install/etasl_wrapper:/opt/ros2_crospi_ws/install/crospi_interfaces:/opt/ros2_crospi_ws/install/betfsm_interfaces /usr/bin/cmake --install /home/masterthesis/kaixi_crospi_ws/build/betfsm_interfaces
[0.448s] -- Install configuration: ""
[0.449s] -- Execute custom install script
[0.450s] -- Up-to-date symlink: /home/masterthesis/kaixi_crospi_ws/install/betfsm_interfaces/share/ament_index/resource_index/rosidl_interfaces/betfsm_interfaces
[0.450s] -- Up-to-date symlink: /home/masterthesis/kaixi_crospi_ws/install/betfsm_interfaces/include/betfsm_interfaces/betfsm_interfaces/action/detail/task__functions.h
[0.450s] -- Up-to-date symlink: /home/masterthesis/kaixi_crospi_ws/install/betfsm_interfaces/include/betfsm_interfaces/betfsm_interfaces/action/detail/task__struct.h
[0.450s] -- Up-to-date symlink: /home/masterthesis/kaixi_crospi_ws/install/betfsm_interfaces/include/betfsm_interfaces/betfsm_interfaces/action/detail/task__type_support.h
[0.450s] -- Up-to-date symlink: /home/masterthesis/kaixi_crospi_ws/install/betfsm_interfaces/include/betfsm_interfaces/betfsm_interfaces/action/task.h
[0.450s] -- Up-to-date symlink: /home/masterthesis/kaixi_crospi_ws/install/betfsm_interfaces/include/betfsm_interfaces/betfsm_interfaces/msg/detail/trace__functions.h
[0.450s] -- Up-to-date symlink: /home/masterthesis/kaixi_crospi_ws/install/betfsm_interfaces/include/betfsm_interfaces/betfsm_interfaces/msg/detail/trace__struct.h
[0.450s] -- Up-to-date symlink: /home/masterthesis/kaixi_crospi_ws/install/betfsm_interfaces/include/betfsm_interfaces/betfsm_interfaces/msg/detail/trace__type_support.h
[0.450s] -- Up-to-date symlink: /home/masterthesis/kaixi_crospi_ws/install/betfsm_interfaces/include/betfsm_interfaces/betfsm_interfaces/msg/rosidl_generator_c__visibility_control.h
[0.450s] -- Up-to-date symlink: /home/masterthesis/kaixi_crospi_ws/install/betfsm_interfaces/include/betfsm_interfaces/betfsm_interfaces/msg/trace.h
[0.451s] -- Up-to-date symlink: /home/masterthesis/kaixi_crospi_ws/install/betfsm_interfaces/share/betfsm_interfaces/environment/library_path.sh
[0.451s] -- Up-to-date symlink: /home/masterthesis/kaixi_crospi_ws/install/betfsm_interfaces/share/betfsm_interfaces/environment/library_path.dsv
[0.452s] -- Up-to-date symlink: /home/masterthesis/kaixi_crospi_ws/install/betfsm_interfaces/include/betfsm_interfaces/betfsm_interfaces/action/detail/task__rosidl_typesupport_fastrtps_c.h
[0.452s] -- Up-to-date symlink: /home/masterthesis/kaixi_crospi_ws/install/betfsm_interfaces/include/betfsm_interfaces/betfsm_interfaces/msg/detail/trace__rosidl_typesupport_fastrtps_c.h
[0.452s] -- Up-to-date symlink: /home/masterthesis/kaixi_crospi_ws/install/betfsm_interfaces/include/betfsm_interfaces/betfsm_interfaces/msg/rosidl_typesupport_fastrtps_c__visibility_control.h
[0.452s] -- Up-to-date symlink: /home/masterthesis/kaixi_crospi_ws/install/betfsm_interfaces/include/betfsm_interfaces/betfsm_interfaces/action/detail/task__rosidl_typesupport_introspection_c.h
[0.452s] -- Up-to-date symlink: /home/masterthesis/kaixi_crospi_ws/install/betfsm_interfaces/include/betfsm_interfaces/betfsm_interfaces/msg/detail/trace__rosidl_typesupport_introspection_c.h
[0.452s] -- Up-to-date symlink: /home/masterthesis/kaixi_crospi_ws/install/betfsm_interfaces/include/betfsm_interfaces/betfsm_interfaces/msg/rosidl_typesupport_introspection_c__visibility_control.h
[0.452s] -- Up-to-date symlink: /home/masterthesis/kaixi_crospi_ws/install/betfsm_interfaces/include/betfsm_interfaces/betfsm_interfaces/action/detail/task__builder.hpp
[0.452s] -- Up-to-date symlink: /home/masterthesis/kaixi_crospi_ws/install/betfsm_interfaces/include/betfsm_interfaces/betfsm_interfaces/action/detail/task__struct.hpp
[0.452s] -- Up-to-date symlink: /home/masterthesis/kaixi_crospi_ws/install/betfsm_interfaces/include/betfsm_interfaces/betfsm_interfaces/action/detail/task__traits.hpp
[0.453s] -- Up-to-date symlink: /home/masterthesis/kaixi_crospi_ws/install/betfsm_interfaces/include/betfsm_interfaces/betfsm_interfaces/action/detail/task__type_support.hpp
[0.453s] -- Up-to-date symlink: /home/masterthesis/kaixi_crospi_ws/install/betfsm_interfaces/include/betfsm_interfaces/betfsm_interfaces/action/task.hpp
[0.453s] -- Up-to-date symlink: /home/masterthesis/kaixi_crospi_ws/install/betfsm_interfaces/include/betfsm_interfaces/betfsm_interfaces/msg/detail/trace__builder.hpp
[0.453s] -- Up-to-date symlink: /home/masterthesis/kaixi_crospi_ws/install/betfsm_interfaces/include/betfsm_interfaces/betfsm_interfaces/msg/detail/trace__struct.hpp
[0.453s] -- Up-to-date symlink: /home/masterthesis/kaixi_crospi_ws/install/betfsm_interfaces/include/betfsm_interfaces/betfsm_interfaces/msg/detail/trace__traits.hpp
[0.453s] -- Up-to-date symlink: /home/masterthesis/kaixi_crospi_ws/install/betfsm_interfaces/include/betfsm_interfaces/betfsm_interfaces/msg/detail/trace__type_support.hpp
[0.453s] -- Up-to-date symlink: /home/masterthesis/kaixi_crospi_ws/install/betfsm_interfaces/include/betfsm_interfaces/betfsm_interfaces/msg/rosidl_generator_cpp__visibility_control.hpp
[0.454s] -- Up-to-date symlink: /home/masterthesis/kaixi_crospi_ws/install/betfsm_interfaces/include/betfsm_interfaces/betfsm_interfaces/msg/trace.hpp
[0.454s] -- Up-to-date symlink: /home/masterthesis/kaixi_crospi_ws/install/betfsm_interfaces/include/betfsm_interfaces/betfsm_interfaces/action/detail/task__rosidl_typesupport_fastrtps_cpp.hpp
[0.454s] -- Up-to-date symlink: /home/masterthesis/kaixi_crospi_ws/install/betfsm_interfaces/include/betfsm_interfaces/betfsm_interfaces/msg/detail/trace__rosidl_typesupport_fastrtps_cpp.hpp
[0.454s] -- Up-to-date symlink: /home/masterthesis/kaixi_crospi_ws/install/betfsm_interfaces/include/betfsm_interfaces/betfsm_interfaces/msg/rosidl_typesupport_fastrtps_cpp__visibility_control.h
[0.454s] -- Up-to-date symlink: /home/masterthesis/kaixi_crospi_ws/install/betfsm_interfaces/include/betfsm_interfaces/betfsm_interfaces/action/detail/task__rosidl_typesupport_introspection_cpp.hpp
[0.454s] -- Up-to-date symlink: /home/masterthesis/kaixi_crospi_ws/install/betfsm_interfaces/include/betfsm_interfaces/betfsm_interfaces/msg/detail/trace__rosidl_typesupport_introspection_cpp.hpp
[0.455s] -- Up-to-date symlink: /home/masterthesis/kaixi_crospi_ws/install/betfsm_interfaces/share/betfsm_interfaces/environment/pythonpath.sh
[0.455s] -- Up-to-date symlink: /home/masterthesis/kaixi_crospi_ws/install/betfsm_interfaces/share/betfsm_interfaces/environment/pythonpath.dsv
[0.455s] -- Up-to-date symlink: /home/masterthesis/kaixi_crospi_ws/install/betfsm_interfaces/local/lib/python3.10/dist-packages/betfsm_interfaces-0.0.0-py3.10.egg-info/PKG-INFO
[0.455s] -- Up-to-date symlink: /home/masterthesis/kaixi_crospi_ws/install/betfsm_interfaces/local/lib/python3.10/dist-packages/betfsm_interfaces-0.0.0-py3.10.egg-info/SOURCES.txt
[0.455s] -- Up-to-date symlink: /home/masterthesis/kaixi_crospi_ws/install/betfsm_interfaces/local/lib/python3.10/dist-packages/betfsm_interfaces-0.0.0-py3.10.egg-info/dependency_links.txt
[0.455s] -- Up-to-date symlink: /home/masterthesis/kaixi_crospi_ws/install/betfsm_interfaces/local/lib/python3.10/dist-packages/betfsm_interfaces-0.0.0-py3.10.egg-info/top_level.txt
[0.456s] -- Up-to-date symlink: /home/masterthesis/kaixi_crospi_ws/install/betfsm_interfaces/local/lib/python3.10/dist-packages/betfsm_interfaces/__init__.py
[0.456s] -- Up-to-date symlink: /home/masterthesis/kaixi_crospi_ws/install/betfsm_interfaces/local/lib/python3.10/dist-packages/betfsm_interfaces/_betfsm_interfaces_s.ep.rosidl_typesupport_c.c
[0.456s] -- Up-to-date symlink: /home/masterthesis/kaixi_crospi_ws/install/betfsm_interfaces/local/lib/python3.10/dist-packages/betfsm_interfaces/_betfsm_interfaces_s.ep.rosidl_typesupport_fastrtps_c.c
[0.456s] -- Up-to-date symlink: /home/masterthesis/kaixi_crospi_ws/install/betfsm_interfaces/local/lib/python3.10/dist-packages/betfsm_interfaces/_betfsm_interfaces_s.ep.rosidl_typesupport_introspection_c.c
[0.456s] -- Up-to-date symlink: /home/masterthesis/kaixi_crospi_ws/install/betfsm_interfaces/local/lib/python3.10/dist-packages/betfsm_interfaces/action/__init__.py
[0.456s] -- Up-to-date symlink: /home/masterthesis/kaixi_crospi_ws/install/betfsm_interfaces/local/lib/python3.10/dist-packages/betfsm_interfaces/action/_task.py
[0.456s] -- Up-to-date symlink: /home/masterthesis/kaixi_crospi_ws/install/betfsm_interfaces/local/lib/python3.10/dist-packages/betfsm_interfaces/action/_task_s.c
[0.457s] -- Up-to-date symlink: /home/masterthesis/kaixi_crospi_ws/install/betfsm_interfaces/local/lib/python3.10/dist-packages/betfsm_interfaces/betfsm_interfaces_s__rosidl_typesupport_c.cpython-310-x86_64-linux-gnu.so
[0.457s] -- Up-to-date symlink: /home/masterthesis/kaixi_crospi_ws/install/betfsm_interfaces/local/lib/python3.10/dist-packages/betfsm_interfaces/betfsm_interfaces_s__rosidl_typesupport_fastrtps_c.cpython-310-x86_64-linux-gnu.so
[0.457s] -- Up-to-date symlink: /home/masterthesis/kaixi_crospi_ws/install/betfsm_interfaces/local/lib/python3.10/dist-packages/betfsm_interfaces/betfsm_interfaces_s__rosidl_typesupport_introspection_c.cpython-310-x86_64-linux-gnu.so
[0.457s] -- Up-to-date symlink: /home/masterthesis/kaixi_crospi_ws/install/betfsm_interfaces/local/lib/python3.10/dist-packages/betfsm_interfaces/libbetfsm_interfaces__rosidl_generator_py.so
[0.457s] -- Up-to-date symlink: /home/masterthesis/kaixi_crospi_ws/install/betfsm_interfaces/local/lib/python3.10/dist-packages/betfsm_interfaces/msg/__init__.py
[0.457s] -- Up-to-date symlink: /home/masterthesis/kaixi_crospi_ws/install/betfsm_interfaces/local/lib/python3.10/dist-packages/betfsm_interfaces/msg/_trace.py
[0.457s] -- Up-to-date symlink: /home/masterthesis/kaixi_crospi_ws/install/betfsm_interfaces/local/lib/python3.10/dist-packages/betfsm_interfaces/msg/_trace_s.c
[0.457s] -- Up-to-date symlink: /home/masterthesis/kaixi_crospi_ws/install/betfsm_interfaces/local/lib/python3.10/dist-packages/betfsm_interfaces/betfsm_interfaces_s__rosidl_typesupport_fastrtps_c.cpython-310-x86_64-linux-gnu.so
[0.457s] -- Up-to-date symlink: /home/masterthesis/kaixi_crospi_ws/install/betfsm_interfaces/local/lib/python3.10/dist-packages/betfsm_interfaces/betfsm_interfaces_s__rosidl_typesupport_introspection_c.cpython-310-x86_64-linux-gnu.so
[0.457s] -- Up-to-date symlink: /home/masterthesis/kaixi_crospi_ws/install/betfsm_interfaces/local/lib/python3.10/dist-packages/betfsm_interfaces/betfsm_interfaces_s__rosidl_typesupport_c.cpython-310-x86_64-linux-gnu.so
[0.458s] -- Up-to-date symlink: /home/masterthesis/kaixi_crospi_ws/install/betfsm_interfaces/share/ament_index/resource_index/rust_packages/betfsm_interfaces
[0.458s] -- Up-to-date symlink: /home/masterthesis/kaixi_crospi_ws/install/betfsm_interfaces/share/betfsm_interfaces/rust/Cargo.toml
[0.458s] -- Up-to-date symlink: /home/masterthesis/kaixi_crospi_ws/install/betfsm_interfaces/share/betfsm_interfaces/rust/build.rs
[0.458s] -- Up-to-date symlink: /home/masterthesis/kaixi_crospi_ws/install/betfsm_interfaces/share/betfsm_interfaces/rust/src/action.rs
[0.458s] -- Up-to-date symlink: /home/masterthesis/kaixi_crospi_ws/install/betfsm_interfaces/share/betfsm_interfaces/rust/src/action/rmw.rs
[0.458s] -- Up-to-date symlink: /home/masterthesis/kaixi_crospi_ws/install/betfsm_interfaces/share/betfsm_interfaces/rust/src/lib.rs
[0.459s] -- Up-to-date symlink: /home/masterthesis/kaixi_crospi_ws/install/betfsm_interfaces/share/betfsm_interfaces/rust/src/msg.rs
[0.459s] -- Up-to-date symlink: /home/masterthesis/kaixi_crospi_ws/install/betfsm_interfaces/share/betfsm_interfaces/rust/src/msg/rmw.rs
[0.459s] -- Up-to-date symlink: /home/masterthesis/kaixi_crospi_ws/install/betfsm_interfaces/share/betfsm_interfaces/action/Task.idl
[0.459s] -- Up-to-date symlink: /home/masterthesis/kaixi_crospi_ws/install/betfsm_interfaces/share/betfsm_interfaces/msg/Trace.idl
[0.459s] -- Up-to-date symlink: /home/masterthesis/kaixi_crospi_ws/install/betfsm_interfaces/share/betfsm_interfaces/action/Task.action
[0.460s] -- Up-to-date symlink: /home/masterthesis/kaixi_crospi_ws/install/betfsm_interfaces/share/betfsm_interfaces/msg/Trace.msg
[0.460s] -- Up-to-date symlink: /home/masterthesis/kaixi_crospi_ws/install/betfsm_interfaces/share/ament_index/resource_index/package_run_dependencies/betfsm_interfaces
[0.460s] -- Up-to-date symlink: /home/masterthesis/kaixi_crospi_ws/install/betfsm_interfaces/share/ament_index/resource_index/parent_prefix_path/betfsm_interfaces
[0.460s] -- Up-to-date symlink: /home/masterthesis/kaixi_crospi_ws/install/betfsm_interfaces/share/betfsm_interfaces/environment/ament_prefix_path.sh
[0.460s] -- Up-to-date symlink: /home/masterthesis/kaixi_crospi_ws/install/betfsm_interfaces/share/betfsm_interfaces/environment/ament_prefix_path.dsv
[0.460s] -- Up-to-date symlink: /home/masterthesis/kaixi_crospi_ws/install/betfsm_interfaces/share/betfsm_interfaces/environment/path.sh
[0.460s] -- Up-to-date symlink: /home/masterthesis/kaixi_crospi_ws/install/betfsm_interfaces/share/betfsm_interfaces/environment/path.dsv
[0.460s] -- Up-to-date symlink: /home/masterthesis/kaixi_crospi_ws/install/betfsm_interfaces/share/betfsm_interfaces/local_setup.bash
[0.460s] -- Up-to-date symlink: /home/masterthesis/kaixi_crospi_ws/install/betfsm_interfaces/share/betfsm_interfaces/local_setup.sh
[0.461s] -- Up-to-date symlink: /home/masterthesis/kaixi_crospi_ws/install/betfsm_interfaces/share/betfsm_interfaces/local_setup.zsh
[0.461s] -- Up-to-date symlink: /home/masterthesis/kaixi_crospi_ws/install/betfsm_interfaces/share/betfsm_interfaces/local_setup.dsv
[0.461s] -- Symlinking: /home/masterthesis/kaixi_crospi_ws/install/betfsm_interfaces/share/betfsm_interfaces/package.dsv
[0.467s] -- Up-to-date symlink: /home/masterthesis/kaixi_crospi_ws/install/betfsm_interfaces/share/ament_index/resource_index/packages/betfsm_interfaces
[0.467s] -- Up-to-date symlink: /home/masterthesis/kaixi_crospi_ws/install/betfsm_interfaces/share/betfsm_interfaces/cmake/rosidl_cmake-extras.cmake
[0.467s] -- Up-to-date symlink: /home/masterthesis/kaixi_crospi_ws/install/betfsm_interfaces/share/betfsm_interfaces/cmake/ament_cmake_export_dependencies-extras.cmake
[0.467s] -- Up-to-date symlink: /home/masterthesis/kaixi_crospi_ws/install/betfsm_interfaces/share/betfsm_interfaces/cmake/ament_cmake_export_include_directories-extras.cmake
[0.467s] -- Up-to-date symlink: /home/masterthesis/kaixi_crospi_ws/install/betfsm_interfaces/share/betfsm_interfaces/cmake/ament_cmake_export_libraries-extras.cmake
[0.467s] -- Up-to-date symlink: /home/masterthesis/kaixi_crospi_ws/install/betfsm_interfaces/share/betfsm_interfaces/cmake/ament_cmake_export_targets-extras.cmake
[0.468s] -- Up-to-date symlink: /home/masterthesis/kaixi_crospi_ws/install/betfsm_interfaces/share/betfsm_interfaces/cmake/rosidl_cmake_export_typesupport_targets-extras.cmake
[0.468s] -- Up-to-date symlink: /home/masterthesis/kaixi_crospi_ws/install/betfsm_interfaces/share/betfsm_interfaces/cmake/rosidl_cmake_export_typesupport_libraries-extras.cmake
[0.468s] -- Up-to-date symlink: /home/masterthesis/kaixi_crospi_ws/install/betfsm_interfaces/share/betfsm_interfaces/cmake/betfsm_interfacesConfig.cmake
[0.468s] -- Up-to-date symlink: /home/masterthesis/kaixi_crospi_ws/install/betfsm_interfaces/share/betfsm_interfaces/cmake/betfsm_interfacesConfig-version.cmake
[0.468s] -- Up-to-date symlink: /home/masterthesis/kaixi_crospi_ws/install/betfsm_interfaces/share/betfsm_interfaces/package.xml
[0.468s] -- Up-to-date: /home/masterthesis/kaixi_crospi_ws/install/betfsm_interfaces/lib/libbetfsm_interfaces__rosidl_generator_c.so
[0.469s] -- Up-to-date: /home/masterthesis/kaixi_crospi_ws/install/betfsm_interfaces/lib/libbetfsm_interfaces__rosidl_typesupport_fastrtps_c.so
[0.469s] -- Up-to-date: /home/masterthesis/kaixi_crospi_ws/install/betfsm_interfaces/lib/libbetfsm_interfaces__rosidl_typesupport_introspection_c.so
[0.469s] -- Up-to-date: /home/masterthesis/kaixi_crospi_ws/install/betfsm_interfaces/lib/libbetfsm_interfaces__rosidl_typesupport_c.so
[0.469s] -- Up-to-date: /home/masterthesis/kaixi_crospi_ws/install/betfsm_interfaces/lib/libbetfsm_interfaces__rosidl_typesupport_fastrtps_cpp.so
[0.470s] -- Up-to-date: /home/masterthesis/kaixi_crospi_ws/install/betfsm_interfaces/lib/libbetfsm_interfaces__rosidl_typesupport_introspection_cpp.so
[0.470s] -- Up-to-date: /home/masterthesis/kaixi_crospi_ws/install/betfsm_interfaces/lib/libbetfsm_interfaces__rosidl_typesupport_cpp.so
[0.497s] Listing '/home/masterthesis/kaixi_crospi_ws/install/betfsm_interfaces/local/lib/python3.10/dist-packages/betfsm_interfaces'...
[0.497s] Listing '/home/masterthesis/kaixi_crospi_ws/install/betfsm_interfaces/local/lib/python3.10/dist-packages/betfsm_interfaces/action'...
[0.497s] Listing '/home/masterthesis/kaixi_crospi_ws/install/betfsm_interfaces/local/lib/python3.10/dist-packages/betfsm_interfaces/msg'...
[0.502s] -- Up-to-date: /home/masterthesis/kaixi_crospi_ws/install/betfsm_interfaces/lib/libbetfsm_interfaces__rosidl_generator_py.so
[0.503s] -- Up-to-date: /home/masterthesis/kaixi_crospi_ws/install/betfsm_interfaces/share/betfsm_interfaces/cmake/export_betfsm_interfaces__rosidl_generator_cExport.cmake
[0.503s] -- Up-to-date: /home/masterthesis/kaixi_crospi_ws/install/betfsm_interfaces/share/betfsm_interfaces/cmake/export_betfsm_interfaces__rosidl_generator_cExport-noconfig.cmake
[0.503s] -- Up-to-date: /home/masterthesis/kaixi_crospi_ws/install/betfsm_interfaces/share/betfsm_interfaces/cmake/export_betfsm_interfaces__rosidl_typesupport_fastrtps_cExport.cmake
[0.503s] -- Up-to-date: /home/masterthesis/kaixi_crospi_ws/install/betfsm_interfaces/share/betfsm_interfaces/cmake/export_betfsm_interfaces__rosidl_typesupport_fastrtps_cExport-noconfig.cmake
[0.503s] -- Up-to-date: /home/masterthesis/kaixi_crospi_ws/install/betfsm_interfaces/share/betfsm_interfaces/cmake/betfsm_interfaces__rosidl_typesupport_introspection_cExport.cmake
[0.503s] -- Up-to-date: /home/masterthesis/kaixi_crospi_ws/install/betfsm_interfaces/share/betfsm_interfaces/cmake/betfsm_interfaces__rosidl_typesupport_introspection_cExport-noconfig.cmake
[0.503s] -- Up-to-date: /home/masterthesis/kaixi_crospi_ws/install/betfsm_interfaces/share/betfsm_interfaces/cmake/betfsm_interfaces__rosidl_typesupport_cExport.cmake
[0.503s] -- Up-to-date: /home/masterthesis/kaixi_crospi_ws/install/betfsm_interfaces/share/betfsm_interfaces/cmake/betfsm_interfaces__rosidl_typesupport_cExport-noconfig.cmake
[0.503s] -- Up-to-date: /home/masterthesis/kaixi_crospi_ws/install/betfsm_interfaces/share/betfsm_interfaces/cmake/export_betfsm_interfaces__rosidl_generator_cppExport.cmake
[0.503s] -- Up-to-date: /home/masterthesis/kaixi_crospi_ws/install/betfsm_interfaces/share/betfsm_interfaces/cmake/export_betfsm_interfaces__rosidl_typesupport_fastrtps_cppExport.cmake
[0.503s] -- Up-to-date: /home/masterthesis/kaixi_crospi_ws/install/betfsm_interfaces/share/betfsm_interfaces/cmake/export_betfsm_interfaces__rosidl_typesupport_fastrtps_cppExport-noconfig.cmake
[0.503s] -- Up-to-date: /home/masterthesis/kaixi_crospi_ws/install/betfsm_interfaces/share/betfsm_interfaces/cmake/betfsm_interfaces__rosidl_typesupport_introspection_cppExport.cmake
[0.503s] -- Up-to-date: /home/masterthesis/kaixi_crospi_ws/install/betfsm_interfaces/share/betfsm_interfaces/cmake/betfsm_interfaces__rosidl_typesupport_introspection_cppExport-noconfig.cmake
[0.503s] -- Up-to-date: /home/masterthesis/kaixi_crospi_ws/install/betfsm_interfaces/share/betfsm_interfaces/cmake/betfsm_interfaces__rosidl_typesupport_cppExport.cmake
[0.503s] -- Up-to-date: /home/masterthesis/kaixi_crospi_ws/install/betfsm_interfaces/share/betfsm_interfaces/cmake/betfsm_interfaces__rosidl_typesupport_cppExport-noconfig.cmake
[0.503s] -- Up-to-date: /home/masterthesis/kaixi_crospi_ws/install/betfsm_interfaces/share/betfsm_interfaces/cmake/export_betfsm_interfaces__rosidl_generator_pyExport.cmake
[0.503s] -- Up-to-date: /home/masterthesis/kaixi_crospi_ws/install/betfsm_interfaces/share/betfsm_interfaces/cmake/export_betfsm_interfaces__rosidl_generator_pyExport-noconfig.cmake
[0.504s] Invoked command in '/home/masterthesis/kaixi_crospi_ws/build/betfsm_interfaces' returned '0': CMAKE_PREFIX_PATH=/home/masterthesis/workspaces_ros2/kaixi_ws/install/ur_description:/home/masterthesis/workspaces_ros2/kaixi_ws/install/trossen_arm_ros:/home/masterthesis/workspaces_ros2/kaixi_ws/install/trossen_arm_moveit:/home/masterthesis/workspaces_ros2/kaixi_ws/install/trossen_arm_controllers:/home/masterthesis/workspaces_ros2/kaixi_ws/install/trossen_arm_bringup:/home/masterthesis/workspaces_ros2/kaixi_ws/install/trossen_arm_hardware:/home/masterthesis/workspaces_ros2/kaixi_ws/install/trossen_arm_description:/opt/ros2_crospi_ws/install/betfsm_demos:/opt/ros2_crospi_ws/install/betfsm:/opt/ros/humble:/home/masterthesis/workspaces_ros2/kaixi_ws/install/libtrossen_arm:/home/masterthesis/workspaces_ros2/kaixi_ws/install/crospi_application_template:/opt/ros2_crospi_ws/install/template_driver_crospi:/opt/ros2_crospi_ws/install/crospi_default_plugins:/opt/ros2_crospi_ws/install/crospi_core:/opt/ros2_crospi_ws/install/etasl_wrapper:/opt/ros2_crospi_ws/install/crospi_interfaces:/opt/ros2_crospi_ws/install/betfsm_interfaces /usr/bin/cmake --install /home/masterthesis/kaixi_crospi_ws/build/betfsm_interfaces
