[0.013s] Invoking command in '/home/masterthesis/kaixi_crospi_ws/build/trossen_arm_description': CMAKE_PREFIX_PATH=${CMAKE_PREFIX_PATH}:/opt/ros2_crospi_ws/install/betfsm_demos:/opt/ros2_crospi_ws/install/betfsm:/opt/ros/humble /usr/bin/cmake /home/masterthesis/kaixi_crospi_ws/src/trossen_arm_description -DAMENT_CMAKE_SYMLINK_INSTALL=1 -DCMAKE_INSTALL_PREFIX=/home/masterthesis/kaixi_crospi_ws/install/trossen_arm_description
[0.054s] -- The C compiler identification is GNU 11.4.0
[0.096s] -- The CXX compiler identification is GNU 11.4.0
[0.101s] -- Detecting C compiler ABI info
[0.152s] -- Detecting C compiler ABI info - done
[0.161s] -- Check for working C compiler: /usr/bin/cc - skipped
[0.162s] -- Detecting C compile features
[0.162s] -- Detecting C compile features - done
[0.165s] -- Detecting CXX compiler ABI info
[0.227s] -- Detecting CXX compiler ABI info - done
[0.233s] -- Check for working CXX compiler: /usr/bin/c++ - skipped
[0.233s] -- Detecting CXX compile features
[0.234s] -- Detecting CXX compile features - done
[0.239s] -- Found ament_cmake: 1.3.14 (/opt/ros/humble/share/ament_cmake/cmake)
[0.380s] -- Found Python3: /usr/bin/python3 (found version "3.10.12") found components: Interpreter 
[0.435s] -- Override CMake install command with custom implementation using symlinks instead of copying resources
[0.506s] -- Found ament_lint_auto: 0.12.15 (/opt/ros/humble/share/ament_lint_auto/cmake)
[0.625s] -- Added test 'copyright' to check source files copyright and LICENSE
[0.631s] -- Added test 'flake8' to check Python code syntax and style conventions
[0.632s] -- Added test 'lint_cmake' to check CMake code style
[0.633s] -- Added test 'pep257' to check Python code against some of the docstring style conventions in PEP 257
[0.636s] -- Added test 'xmllint' to check XML markup files
[0.638s] -- Configuring done
[0.640s] -- Generating done
[0.641s] -- Build files have been written to: /home/masterthesis/kaixi_crospi_ws/build/trossen_arm_description
[0.645s] Invoked command in '/home/masterthesis/kaixi_crospi_ws/build/trossen_arm_description' returned '0': CMAKE_PREFIX_PATH=${CMAKE_PREFIX_PATH}:/opt/ros2_crospi_ws/install/betfsm_demos:/opt/ros2_crospi_ws/install/betfsm:/opt/ros/humble /usr/bin/cmake /home/masterthesis/kaixi_crospi_ws/src/trossen_arm_description -DAMENT_CMAKE_SYMLINK_INSTALL=1 -DCMAKE_INSTALL_PREFIX=/home/masterthesis/kaixi_crospi_ws/install/trossen_arm_description
[0.646s] Invoking command in '/home/masterthesis/kaixi_crospi_ws/build/trossen_arm_description': CMAKE_PREFIX_PATH=${CMAKE_PREFIX_PATH}:/opt/ros2_crospi_ws/install/betfsm_demos:/opt/ros2_crospi_ws/install/betfsm:/opt/ros/humble /usr/bin/cmake --build /home/masterthesis/kaixi_crospi_ws/build/trossen_arm_description -- -j16 -l16
[0.677s] Invoked command in '/home/masterthesis/kaixi_crospi_ws/build/trossen_arm_description' returned '0': CMAKE_PREFIX_PATH=${CMAKE_PREFIX_PATH}:/opt/ros2_crospi_ws/install/betfsm_demos:/opt/ros2_crospi_ws/install/betfsm:/opt/ros/humble /usr/bin/cmake --build /home/masterthesis/kaixi_crospi_ws/build/trossen_arm_description -- -j16 -l16
[0.678s] Invoking command in '/home/masterthesis/kaixi_crospi_ws/build/trossen_arm_description': CMAKE_PREFIX_PATH=${CMAKE_PREFIX_PATH}:/opt/ros2_crospi_ws/install/betfsm_demos:/opt/ros2_crospi_ws/install/betfsm:/opt/ros/humble /usr/bin/cmake --install /home/masterthesis/kaixi_crospi_ws/build/trossen_arm_description
[0.683s] -- Install configuration: ""
[0.683s] -- Execute custom install script
[0.683s] -- Symlinking: /home/masterthesis/kaixi_crospi_ws/install/trossen_arm_description/share/trossen_arm_description//launch/display.launch.py
[0.690s] -- Symlinking: /home/masterthesis/kaixi_crospi_ws/install/trossen_arm_description/share/trossen_arm_description//meshes/maple_tabletop.png
[0.697s] -- Symlinking: /home/masterthesis/kaixi_crospi_ws/install/trossen_arm_description/share/trossen_arm_description//meshes/mobile_ai/base_link.dae
[0.703s] -- Symlinking: /home/masterthesis/kaixi_crospi_ws/install/trossen_arm_description/share/trossen_arm_description//meshes/mobile_ai/caster_swivel.stl
[0.710s] -- Symlinking: /home/masterthesis/kaixi_crospi_ws/install/trossen_arm_description/share/trossen_arm_description//meshes/mobile_ai/caster_wheel.stl
[0.716s] -- Symlinking: /home/masterthesis/kaixi_crospi_ws/install/trossen_arm_description/share/trossen_arm_description//meshes/mobile_ai/wheel.stl
[0.723s] -- Symlinking: /home/masterthesis/kaixi_crospi_ws/install/trossen_arm_description/share/trossen_arm_description//meshes/peripherals/d405.stl
[0.729s] -- Symlinking: /home/masterthesis/kaixi_crospi_ws/install/trossen_arm_description/share/trossen_arm_description//meshes/stationary_ai/cam_high_mount_link.stl
[0.736s] -- Symlinking: /home/masterthesis/kaixi_crospi_ws/install/trossen_arm_description/share/trossen_arm_description//meshes/stationary_ai/cam_low_mount_link.stl
[0.743s] -- Symlinking: /home/masterthesis/kaixi_crospi_ws/install/trossen_arm_description/share/trossen_arm_description//meshes/stationary_ai/frame_link.stl
[0.750s] -- Symlinking: /home/masterthesis/kaixi_crospi_ws/install/trossen_arm_description/share/trossen_arm_description//meshes/stationary_ai/tabletop_link.stl
[0.756s] -- Symlinking: /home/masterthesis/kaixi_crospi_ws/install/trossen_arm_description/share/trossen_arm_description//meshes/trossen_black.png
[0.762s] -- Symlinking: /home/masterthesis/kaixi_crospi_ws/install/trossen_arm_description/share/trossen_arm_description//meshes/wxai/base_link.stl
[0.769s] -- Symlinking: /home/masterthesis/kaixi_crospi_ws/install/trossen_arm_description/share/trossen_arm_description//meshes/wxai/camera_mount_d405.stl
[0.775s] -- Symlinking: /home/masterthesis/kaixi_crospi_ws/install/trossen_arm_description/share/trossen_arm_description//meshes/wxai/carriage_left.stl
[0.781s] -- Symlinking: /home/masterthesis/kaixi_crospi_ws/install/trossen_arm_description/share/trossen_arm_description//meshes/wxai/carriage_right.stl
[0.787s] -- Symlinking: /home/masterthesis/kaixi_crospi_ws/install/trossen_arm_description/share/trossen_arm_description//meshes/wxai/gripper_left.stl
[0.794s] -- Symlinking: /home/masterthesis/kaixi_crospi_ws/install/trossen_arm_description/share/trossen_arm_description//meshes/wxai/gripper_right.stl
[0.801s] -- Symlinking: /home/masterthesis/kaixi_crospi_ws/install/trossen_arm_description/share/trossen_arm_description//meshes/wxai/handle_left.stl
[0.808s] -- Symlinking: /home/masterthesis/kaixi_crospi_ws/install/trossen_arm_description/share/trossen_arm_description//meshes/wxai/handle_right.stl
[0.815s] -- Symlinking: /home/masterthesis/kaixi_crospi_ws/install/trossen_arm_description/share/trossen_arm_description//meshes/wxai/leader_finger_left_index.stl
[0.822s] -- Symlinking: /home/masterthesis/kaixi_crospi_ws/install/trossen_arm_description/share/trossen_arm_description//meshes/wxai/leader_finger_left_thumb.stl
[0.830s] -- Symlinking: /home/masterthesis/kaixi_crospi_ws/install/trossen_arm_description/share/trossen_arm_description//meshes/wxai/leader_finger_right_index.stl
[0.837s] -- Symlinking: /home/masterthesis/kaixi_crospi_ws/install/trossen_arm_description/share/trossen_arm_description//meshes/wxai/leader_finger_right_thumb.stl
[0.844s] -- Symlinking: /home/masterthesis/kaixi_crospi_ws/install/trossen_arm_description/share/trossen_arm_description//meshes/wxai/link_1.stl
[0.850s] -- Symlinking: /home/masterthesis/kaixi_crospi_ws/install/trossen_arm_description/share/trossen_arm_description//meshes/wxai/link_2.stl
[0.857s] -- Symlinking: /home/masterthesis/kaixi_crospi_ws/install/trossen_arm_description/share/trossen_arm_description//meshes/wxai/link_3.stl
[0.864s] -- Symlinking: /home/masterthesis/kaixi_crospi_ws/install/trossen_arm_description/share/trossen_arm_description//meshes/wxai/link_4.stl
[0.871s] -- Symlinking: /home/masterthesis/kaixi_crospi_ws/install/trossen_arm_description/share/trossen_arm_description//meshes/wxai/link_5.stl
[0.877s] -- Symlinking: /home/masterthesis/kaixi_crospi_ws/install/trossen_arm_description/share/trossen_arm_description//meshes/wxai/link_6.stl
[0.884s] -- Symlinking: /home/masterthesis/kaixi_crospi_ws/install/trossen_arm_description/share/trossen_arm_description//rviz/trossen_arm_description.rviz
[0.891s] -- Symlinking: /home/masterthesis/kaixi_crospi_ws/install/trossen_arm_description/share/trossen_arm_description//urdf/generated/mobile_ai.urdf
[0.898s] -- Symlinking: /home/masterthesis/kaixi_crospi_ws/install/trossen_arm_description/share/trossen_arm_description//urdf/generated/stationary_ai.urdf
[0.906s] -- Symlinking: /home/masterthesis/kaixi_crospi_ws/install/trossen_arm_description/share/trossen_arm_description//urdf/generated/wxai/wxai_base.urdf
[0.912s] -- Symlinking: /home/masterthesis/kaixi_crospi_ws/install/trossen_arm_description/share/trossen_arm_description//urdf/generated/wxai/wxai_follower.urdf
[0.919s] -- Symlinking: /home/masterthesis/kaixi_crospi_ws/install/trossen_arm_description/share/trossen_arm_description//urdf/generated/wxai/wxai_leader_left.urdf
[0.926s] -- Symlinking: /home/masterthesis/kaixi_crospi_ws/install/trossen_arm_description/share/trossen_arm_description//urdf/generated/wxai/wxai_leader_right.urdf
[0.932s] -- Symlinking: /home/masterthesis/kaixi_crospi_ws/install/trossen_arm_description/share/trossen_arm_description//urdf/macros/_common.urdf.xacro
[0.939s] -- Symlinking: /home/masterthesis/kaixi_crospi_ws/install/trossen_arm_description/share/trossen_arm_description//urdf/macros/_wxai.ros2_control.xacro
[0.946s] -- Symlinking: /home/masterthesis/kaixi_crospi_ws/install/trossen_arm_description/share/trossen_arm_description//urdf/macros/_wxai.urdf.xacro
[0.952s] -- Symlinking: /home/masterthesis/kaixi_crospi_ws/install/trossen_arm_description/share/trossen_arm_description//urdf/mobile_ai.urdf.xacro
[0.958s] -- Symlinking: /home/masterthesis/kaixi_crospi_ws/install/trossen_arm_description/share/trossen_arm_description//urdf/peripherals/rs_d405.urdf.xacro
[0.965s] -- Symlinking: /home/masterthesis/kaixi_crospi_ws/install/trossen_arm_description/share/trossen_arm_description//urdf/stationary_ai.urdf.xacro
[0.971s] -- Symlinking: /home/masterthesis/kaixi_crospi_ws/install/trossen_arm_description/share/trossen_arm_description//urdf/wxai.urdf.xacro
[0.978s] -- Symlinking: /home/masterthesis/kaixi_crospi_ws/install/trossen_arm_description/share/ament_index/resource_index/package_run_dependencies/trossen_arm_description
[0.985s] -- Symlinking: /home/masterthesis/kaixi_crospi_ws/install/trossen_arm_description/share/ament_index/resource_index/parent_prefix_path/trossen_arm_description
[0.992s] -- Symlinking: /home/masterthesis/kaixi_crospi_ws/install/trossen_arm_description/share/trossen_arm_description/environment/ament_prefix_path.sh
[0.999s] -- Symlinking: /home/masterthesis/kaixi_crospi_ws/install/trossen_arm_description/share/trossen_arm_description/environment/ament_prefix_path.dsv
[1.006s] -- Symlinking: /home/masterthesis/kaixi_crospi_ws/install/trossen_arm_description/share/trossen_arm_description/environment/path.sh
[1.013s] -- Symlinking: /home/masterthesis/kaixi_crospi_ws/install/trossen_arm_description/share/trossen_arm_description/environment/path.dsv
[1.019s] -- Symlinking: /home/masterthesis/kaixi_crospi_ws/install/trossen_arm_description/share/trossen_arm_description/local_setup.bash
[1.027s] -- Symlinking: /home/masterthesis/kaixi_crospi_ws/install/trossen_arm_description/share/trossen_arm_description/local_setup.sh
[1.034s] -- Symlinking: /home/masterthesis/kaixi_crospi_ws/install/trossen_arm_description/share/trossen_arm_description/local_setup.zsh
[1.040s] -- Symlinking: /home/masterthesis/kaixi_crospi_ws/install/trossen_arm_description/share/trossen_arm_description/local_setup.dsv
[1.047s] -- Symlinking: /home/masterthesis/kaixi_crospi_ws/install/trossen_arm_description/share/trossen_arm_description/package.dsv
[1.053s] -- Symlinking: /home/masterthesis/kaixi_crospi_ws/install/trossen_arm_description/share/ament_index/resource_index/packages/trossen_arm_description
[1.060s] -- Symlinking: /home/masterthesis/kaixi_crospi_ws/install/trossen_arm_description/share/trossen_arm_description/cmake/trossen_arm_descriptionConfig.cmake
[1.066s] -- Symlinking: /home/masterthesis/kaixi_crospi_ws/install/trossen_arm_description/share/trossen_arm_description/cmake/trossen_arm_descriptionConfig-version.cmake
[1.073s] -- Symlinking: /home/masterthesis/kaixi_crospi_ws/install/trossen_arm_description/share/trossen_arm_description/package.xml
[1.081s] Invoked command in '/home/masterthesis/kaixi_crospi_ws/build/trossen_arm_description' returned '0': CMAKE_PREFIX_PATH=${CMAKE_PREFIX_PATH}:/opt/ros2_crospi_ws/install/betfsm_demos:/opt/ros2_crospi_ws/install/betfsm:/opt/ros/humble /usr/bin/cmake --install /home/masterthesis/kaixi_crospi_ws/build/trossen_arm_description
