[0.546s] Invoking command in '/home/masterthesis/kaixi_crospi_ws/build/betfsm_demos': AMENT_PREFIX_PATH=/home/masterthesis/kaixi_crospi_ws/install/betfsm:/home/masterthesis/kaixi_crospi_ws/install/betfsm_interfaces:${AMENT_PREFIX_PATH} CMAKE_PREFIX_PATH=/home/masterthesis/kaixi_crospi_ws/install/betfsm_interfaces:${CMAKE_PREFIX_PATH} LD_LIBRARY_PATH=/home/masterthesis/kaixi_crospi_ws/install/betfsm_interfaces/lib:/home/masterthesis/workspaces_ros2/kaixi_ws/install/trossen_arm_controllers/lib:/home/masterthesis/workspaces_ros2/kaixi_ws/install/trossen_arm_hardware/lib:/opt/ros2_crospi_ws/install/template_driver_crospi/lib:/opt/ros2_crospi_ws/install/crospi_default_plugins/lib:/opt/ros2_crospi_ws/install/crospi_core/lib:/opt/ros2_crospi_ws/install/etasl_wrapper/lib:/opt/ros2_crospi_ws/install/crospi_interfaces/lib:/opt/ros2_crospi_ws/install/betfsm_interfaces/lib:/opt/ros/humble/opt/rviz_ogre_vendor/lib:/opt/ros/humble/lib/x86_64-linux-gnu:/opt/ros/humble/lib:/opt/boost_1.89.0/lib PYTHONPATH=/home/masterthesis/kaixi_crospi_ws/build/betfsm_demos/prefix_override:/usr/lib/python3/dist-packages/colcon_core/task/python/colcon_distutils_commands:/home/masterthesis/kaixi_crospi_ws/install/betfsm_demos/lib/python3.10/site-packages:/home/masterthesis/kaixi_crospi_ws/build/betfsm:/home/masterthesis/kaixi_crospi_ws/install/betfsm/lib/python3.10/site-packages:/home/masterthesis/kaixi_crospi_ws/install/betfsm_interfaces/local/lib/python3.10/dist-packages:${PYTHONPATH} /usr/bin/python3 -W ignore:setup.py install is deprecated -W ignore:easy_install command is deprecated setup.py develop --editable --build-directory /home/masterthesis/kaixi_crospi_ws/build/betfsm_demos/build --no-deps symlink_data
[0.790s] running develop
[0.941s] running egg_info
[0.942s] writing betfsm_demos.egg-info/PKG-INFO
[0.942s] writing dependency_links to betfsm_demos.egg-info/dependency_links.txt
[0.942s] writing entry points to betfsm_demos.egg-info/entry_points.txt
[0.942s] writing requirements to betfsm_demos.egg-info/requires.txt
[0.942s] writing top-level names to betfsm_demos.egg-info/top_level.txt
[0.944s] reading manifest file 'betfsm_demos.egg-info/SOURCES.txt'
[0.944s] writing manifest file 'betfsm_demos.egg-info/SOURCES.txt'
[0.946s] running build_ext
[0.946s] Creating /home/masterthesis/kaixi_crospi_ws/install/betfsm_demos/lib/python3.10/site-packages/betfsm-demos.egg-link (link to .)
[0.946s] Installing example_action_server script to /home/masterthesis/kaixi_crospi_ws/install/betfsm_demos/lib/betfsm_demos
[0.947s] Installing example_action_server2 script to /home/masterthesis/kaixi_crospi_ws/install/betfsm_demos/lib/betfsm_demos
[0.947s] Installing example_graphviz script to /home/masterthesis/kaixi_crospi_ws/install/betfsm_demos/lib/betfsm_demos
[0.947s] Installing test_ea script to /home/masterthesis/kaixi_crospi_ws/install/betfsm_demos/lib/betfsm_demos
[0.947s] 
[0.947s] Installed /home/masterthesis/kaixi_crospi_ws/build/betfsm_demos
[0.947s] running symlink_data
[0.991s] Invoked command in '/home/masterthesis/kaixi_crospi_ws/build/betfsm_demos' returned '0': AMENT_PREFIX_PATH=/home/masterthesis/kaixi_crospi_ws/install/betfsm:/home/masterthesis/kaixi_crospi_ws/install/betfsm_interfaces:${AMENT_PREFIX_PATH} CMAKE_PREFIX_PATH=/home/masterthesis/kaixi_crospi_ws/install/betfsm_interfaces:${CMAKE_PREFIX_PATH} LD_LIBRARY_PATH=/home/masterthesis/kaixi_crospi_ws/install/betfsm_interfaces/lib:/home/masterthesis/workspaces_ros2/kaixi_ws/install/trossen_arm_controllers/lib:/home/masterthesis/workspaces_ros2/kaixi_ws/install/trossen_arm_hardware/lib:/opt/ros2_crospi_ws/install/template_driver_crospi/lib:/opt/ros2_crospi_ws/install/crospi_default_plugins/lib:/opt/ros2_crospi_ws/install/crospi_core/lib:/opt/ros2_crospi_ws/install/etasl_wrapper/lib:/opt/ros2_crospi_ws/install/crospi_interfaces/lib:/opt/ros2_crospi_ws/install/betfsm_interfaces/lib:/opt/ros/humble/opt/rviz_ogre_vendor/lib:/opt/ros/humble/lib/x86_64-linux-gnu:/opt/ros/humble/lib:/opt/boost_1.89.0/lib PYTHONPATH=/home/masterthesis/kaixi_crospi_ws/build/betfsm_demos/prefix_override:/usr/lib/python3/dist-packages/colcon_core/task/python/colcon_distutils_commands:/home/masterthesis/kaixi_crospi_ws/install/betfsm_demos/lib/python3.10/site-packages:/home/masterthesis/kaixi_crospi_ws/build/betfsm:/home/masterthesis/kaixi_crospi_ws/install/betfsm/lib/python3.10/site-packages:/home/masterthesis/kaixi_crospi_ws/install/betfsm_interfaces/local/lib/python3.10/dist-packages:${PYTHONPATH} /usr/bin/python3 -W ignore:setup.py install is deprecated -W ignore:easy_install command is deprecated setup.py develop --editable --build-directory /home/masterthesis/kaixi_crospi_ws/build/betfsm_demos/build --no-deps symlink_data
