[35m[1mConsolidate compiler generated dependencies of target crospi_interfaces__rosidl_generator_c[0m
[  1%] Built target crospi_interfaces__rs
[  1%] Built target crospi_interfaces__cpp
[  1%] Built target ament_cmake_python_symlink_crospi_interfaces
[ 13%] Built target crospi_interfaces__rosidl_generator_c
[35m[1mConsolidate compiler generated dependencies of target crospi_interfaces__rosidl_typesupport_cpp[0m
[35m[1mConsolidate compiler generated dependencies of target crospi_interfaces__rosidl_typesupport_introspection_cpp[0m
[35m[1mConsolidate compiler generated dependencies of target crospi_interfaces__rosidl_typesupport_fastrtps_cpp[0m
[35m[1mConsolidate compiler generated dependencies of target crospi_interfaces__rosidl_typesupport_introspection_c[0m
[35m[1mConsolidate compiler generated dependencies of target crospi_interfaces__rosidl_typesupport_fastrtps_c[0m
[35m[1mConsolidate compiler generated dependencies of target crospi_interfaces__rosidl_typesupport_c[0m
[ 25%] Built target crospi_interfaces__rosidl_typesupport_cpp
[ 37%] Built target crospi_interfaces__rosidl_typesupport_introspection_cpp
[ 49%] Built target crospi_interfaces__rosidl_typesupport_fastrtps_cpp
[ 60%] Built target crospi_interfaces__rosidl_typesupport_introspection_c
[ 71%] Built target crospi_interfaces__rosidl_typesupport_c
[ 82%] Built target crospi_interfaces__rosidl_typesupport_fastrtps_c
[ 82%] Built target crospi_interfaces
[ 83%] Built target crospi_interfaces__py
[35m[1mConsolidate compiler generated dependencies of target crospi_interfaces__rosidl_generator_py[0m
[ 94%] Built target crospi_interfaces__rosidl_generator_py
[35m[1mConsolidate compiler generated dependencies of target crospi_interfaces__rosidl_typesupport_introspection_c__pyext[0m
[35m[1mConsolidate compiler generated dependencies of target crospi_interfaces__rosidl_typesupport_fastrtps_c__pyext[0m
[35m[1mConsolidate compiler generated dependencies of target crospi_interfaces__rosidl_typesupport_c__pyext[0m
[ 96%] Built target crospi_interfaces__rosidl_typesupport_introspection_c__pyext
[ 98%] Built target crospi_interfaces__rosidl_typesupport_fastrtps_c__pyext
[100%] Built target crospi_interfaces__rosidl_typesupport_c__pyext
running egg_info
writing crospi_interfaces.egg-info/PKG-INFO
writing dependency_links to crospi_interfaces.egg-info/dependency_links.txt
writing top-level names to crospi_interfaces.egg-info/top_level.txt
reading manifest file 'crospi_interfaces.egg-info/SOURCES.txt'
writing manifest file 'crospi_interfaces.egg-info/SOURCES.txt'
[100%] Built target ament_cmake_python_build_crospi_interfaces_egg
-- Install configuration: ""
-- Execute custom install script
-- Up-to-date symlink: /home/masterthesis/kaixi_crospi_ws/install/crospi_interfaces/share/ament_index/resource_index/rosidl_interfaces/crospi_interfaces
-- Up-to-date symlink: /home/masterthesis/kaixi_crospi_ws/install/crospi_interfaces/include/crospi_interfaces/crospi_interfaces/action/detail/run_task__functions.h
-- Up-to-date symlink: /home/masterthesis/kaixi_crospi_ws/install/crospi_interfaces/include/crospi_interfaces/crospi_interfaces/action/detail/run_task__struct.h
-- Up-to-date symlink: /home/masterthesis/kaixi_crospi_ws/install/crospi_interfaces/include/crospi_interfaces/crospi_interfaces/action/detail/run_task__type_support.h
-- Up-to-date symlink: /home/masterthesis/kaixi_crospi_ws/install/crospi_interfaces/include/crospi_interfaces/crospi_interfaces/action/run_task.h
-- Up-to-date symlink: /home/masterthesis/kaixi_crospi_ws/install/crospi_interfaces/include/crospi_interfaces/crospi_interfaces/msg/detail/input__functions.h
-- Up-to-date symlink: /home/masterthesis/kaixi_crospi_ws/install/crospi_interfaces/include/crospi_interfaces/crospi_interfaces/msg/detail/input__struct.h
-- Up-to-date symlink: /home/masterthesis/kaixi_crospi_ws/install/crospi_interfaces/include/crospi_interfaces/crospi_interfaces/msg/detail/input__type_support.h
-- Up-to-date symlink: /home/masterthesis/kaixi_crospi_ws/install/crospi_interfaces/include/crospi_interfaces/crospi_interfaces/msg/detail/number_parameters__functions.h
-- Up-to-date symlink: /home/masterthesis/kaixi_crospi_ws/install/crospi_interfaces/include/crospi_interfaces/crospi_interfaces/msg/detail/number_parameters__struct.h
-- Up-to-date symlink: /home/masterthesis/kaixi_crospi_ws/install/crospi_interfaces/include/crospi_interfaces/crospi_interfaces/msg/detail/number_parameters__type_support.h
-- Up-to-date symlink: /home/masterthesis/kaixi_crospi_ws/install/crospi_interfaces/include/crospi_interfaces/crospi_interfaces/msg/detail/output__functions.h
-- Up-to-date symlink: /home/masterthesis/kaixi_crospi_ws/install/crospi_interfaces/include/crospi_interfaces/crospi_interfaces/msg/detail/output__struct.h
-- Up-to-date symlink: /home/masterthesis/kaixi_crospi_ws/install/crospi_interfaces/include/crospi_interfaces/crospi_interfaces/msg/detail/output__type_support.h
-- Up-to-date symlink: /home/masterthesis/kaixi_crospi_ws/install/crospi_interfaces/include/crospi_interfaces/crospi_interfaces/msg/detail/output_derivatives__functions.h
-- Up-to-date symlink: /home/masterthesis/kaixi_crospi_ws/install/crospi_interfaces/include/crospi_interfaces/crospi_interfaces/msg/detail/output_derivatives__struct.h
-- Up-to-date symlink: /home/masterthesis/kaixi_crospi_ws/install/crospi_interfaces/include/crospi_interfaces/crospi_interfaces/msg/detail/output_derivatives__type_support.h
-- Up-to-date symlink: /home/masterthesis/kaixi_crospi_ws/install/crospi_interfaces/include/crospi_interfaces/crospi_interfaces/msg/detail/pose_parameters__functions.h
-- Up-to-date symlink: /home/masterthesis/kaixi_crospi_ws/install/crospi_interfaces/include/crospi_interfaces/crospi_interfaces/msg/detail/pose_parameters__struct.h
-- Up-to-date symlink: /home/masterthesis/kaixi_crospi_ws/install/crospi_interfaces/include/crospi_interfaces/crospi_interfaces/msg/detail/pose_parameters__type_support.h
-- Up-to-date symlink: /home/masterthesis/kaixi_crospi_ws/install/crospi_interfaces/include/crospi_interfaces/crospi_interfaces/msg/detail/return_value__functions.h
-- Up-to-date symlink: /home/masterthesis/kaixi_crospi_ws/install/crospi_interfaces/include/crospi_interfaces/crospi_interfaces/msg/detail/return_value__struct.h
-- Up-to-date symlink: /home/masterthesis/kaixi_crospi_ws/install/crospi_interfaces/include/crospi_interfaces/crospi_interfaces/msg/detail/return_value__type_support.h
-- Up-to-date symlink: /home/masterthesis/kaixi_crospi_ws/install/crospi_interfaces/include/crospi_interfaces/crospi_interfaces/msg/detail/task_parameters__functions.h
-- Up-to-date symlink: /home/masterthesis/kaixi_crospi_ws/install/crospi_interfaces/include/crospi_interfaces/crospi_interfaces/msg/detail/task_parameters__struct.h
-- Up-to-date symlink: /home/masterthesis/kaixi_crospi_ws/install/crospi_interfaces/include/crospi_interfaces/crospi_interfaces/msg/detail/task_parameters__type_support.h
-- Up-to-date symlink: /home/masterthesis/kaixi_crospi_ws/install/crospi_interfaces/include/crospi_interfaces/crospi_interfaces/msg/detail/test__functions.h
-- Up-to-date symlink: /home/masterthesis/kaixi_crospi_ws/install/crospi_interfaces/include/crospi_interfaces/crospi_interfaces/msg/detail/test__struct.h
-- Up-to-date symlink: /home/masterthesis/kaixi_crospi_ws/install/crospi_interfaces/include/crospi_interfaces/crospi_interfaces/msg/detail/test__type_support.h
-- Up-to-date symlink: /home/masterthesis/kaixi_crospi_ws/install/crospi_interfaces/include/crospi_interfaces/crospi_interfaces/msg/detail/vector3_parameters__functions.h
-- Up-to-date symlink: /home/masterthesis/kaixi_crospi_ws/install/crospi_interfaces/include/crospi_interfaces/crospi_interfaces/msg/detail/vector3_parameters__struct.h
-- Up-to-date symlink: /home/masterthesis/kaixi_crospi_ws/install/crospi_interfaces/include/crospi_interfaces/crospi_interfaces/msg/detail/vector3_parameters__type_support.h
-- Up-to-date symlink: /home/masterthesis/kaixi_crospi_ws/install/crospi_interfaces/include/crospi_interfaces/crospi_interfaces/msg/input.h
-- Up-to-date symlink: /home/masterthesis/kaixi_crospi_ws/install/crospi_interfaces/include/crospi_interfaces/crospi_interfaces/msg/number_parameters.h
-- Up-to-date symlink: /home/masterthesis/kaixi_crospi_ws/install/crospi_interfaces/include/crospi_interfaces/crospi_interfaces/msg/output.h
-- Up-to-date symlink: /home/masterthesis/kaixi_crospi_ws/install/crospi_interfaces/include/crospi_interfaces/crospi_interfaces/msg/output_derivatives.h
-- Up-to-date symlink: /home/masterthesis/kaixi_crospi_ws/install/crospi_interfaces/include/crospi_interfaces/crospi_interfaces/msg/pose_parameters.h
-- Up-to-date symlink: /home/masterthesis/kaixi_crospi_ws/install/crospi_interfaces/include/crospi_interfaces/crospi_interfaces/msg/return_value.h
-- Up-to-date symlink: /home/masterthesis/kaixi_crospi_ws/install/crospi_interfaces/include/crospi_interfaces/crospi_interfaces/msg/rosidl_generator_c__visibility_control.h
-- Up-to-date symlink: /home/masterthesis/kaixi_crospi_ws/install/crospi_interfaces/include/crospi_interfaces/crospi_interfaces/msg/task_parameters.h
-- Up-to-date symlink: /home/masterthesis/kaixi_crospi_ws/install/crospi_interfaces/include/crospi_interfaces/crospi_interfaces/msg/test.h
-- Up-to-date symlink: /home/masterthesis/kaixi_crospi_ws/install/crospi_interfaces/include/crospi_interfaces/crospi_interfaces/msg/vector3_parameters.h
-- Up-to-date symlink: /home/masterthesis/kaixi_crospi_ws/install/crospi_interfaces/include/crospi_interfaces/crospi_interfaces/srv/detail/lua_cmd__functions.h
-- Up-to-date symlink: /home/masterthesis/kaixi_crospi_ws/install/crospi_interfaces/include/crospi_interfaces/crospi_interfaces/srv/detail/lua_cmd__struct.h
-- Up-to-date symlink: /home/masterthesis/kaixi_crospi_ws/install/crospi_interfaces/include/crospi_interfaces/crospi_interfaces/srv/detail/lua_cmd__type_support.h
-- Up-to-date symlink: /home/masterthesis/kaixi_crospi_ws/install/crospi_interfaces/include/crospi_interfaces/crospi_interfaces/srv/detail/task_specification_file__functions.h
-- Up-to-date symlink: /home/masterthesis/kaixi_crospi_ws/install/crospi_interfaces/include/crospi_interfaces/crospi_interfaces/srv/detail/task_specification_file__struct.h
-- Up-to-date symlink: /home/masterthesis/kaixi_crospi_ws/install/crospi_interfaces/include/crospi_interfaces/crospi_interfaces/srv/detail/task_specification_file__type_support.h
-- Up-to-date symlink: /home/masterthesis/kaixi_crospi_ws/install/crospi_interfaces/include/crospi_interfaces/crospi_interfaces/srv/detail/task_specification_string__functions.h
-- Up-to-date symlink: /home/masterthesis/kaixi_crospi_ws/install/crospi_interfaces/include/crospi_interfaces/crospi_interfaces/srv/detail/task_specification_string__struct.h
-- Up-to-date symlink: /home/masterthesis/kaixi_crospi_ws/install/crospi_interfaces/include/crospi_interfaces/crospi_interfaces/srv/detail/task_specification_string__type_support.h
-- Up-to-date symlink: /home/masterthesis/kaixi_crospi_ws/install/crospi_interfaces/include/crospi_interfaces/crospi_interfaces/srv/lua_cmd.h
-- Up-to-date symlink: /home/masterthesis/kaixi_crospi_ws/install/crospi_interfaces/include/crospi_interfaces/crospi_interfaces/srv/task_specification_file.h
-- Up-to-date symlink: /home/masterthesis/kaixi_crospi_ws/install/crospi_interfaces/include/crospi_interfaces/crospi_interfaces/srv/task_specification_string.h
-- Up-to-date symlink: /home/masterthesis/kaixi_crospi_ws/install/crospi_interfaces/share/crospi_interfaces/environment/library_path.sh
-- Up-to-date symlink: /home/masterthesis/kaixi_crospi_ws/install/crospi_interfaces/share/crospi_interfaces/environment/library_path.dsv
-- Up-to-date symlink: /home/masterthesis/kaixi_crospi_ws/install/crospi_interfaces/include/crospi_interfaces/crospi_interfaces/action/detail/run_task__rosidl_typesupport_fastrtps_c.h
-- Up-to-date symlink: /home/masterthesis/kaixi_crospi_ws/install/crospi_interfaces/include/crospi_interfaces/crospi_interfaces/msg/detail/input__rosidl_typesupport_fastrtps_c.h
-- Up-to-date symlink: /home/masterthesis/kaixi_crospi_ws/install/crospi_interfaces/include/crospi_interfaces/crospi_interfaces/msg/detail/number_parameters__rosidl_typesupport_fastrtps_c.h
-- Up-to-date symlink: /home/masterthesis/kaixi_crospi_ws/install/crospi_interfaces/include/crospi_interfaces/crospi_interfaces/msg/detail/output__rosidl_typesupport_fastrtps_c.h
-- Up-to-date symlink: /home/masterthesis/kaixi_crospi_ws/install/crospi_interfaces/include/crospi_interfaces/crospi_interfaces/msg/detail/output_derivatives__rosidl_typesupport_fastrtps_c.h
-- Up-to-date symlink: /home/masterthesis/kaixi_crospi_ws/install/crospi_interfaces/include/crospi_interfaces/crospi_interfaces/msg/detail/pose_parameters__rosidl_typesupport_fastrtps_c.h
-- Up-to-date symlink: /home/masterthesis/kaixi_crospi_ws/install/crospi_interfaces/include/crospi_interfaces/crospi_interfaces/msg/detail/return_value__rosidl_typesupport_fastrtps_c.h
-- Up-to-date symlink: /home/masterthesis/kaixi_crospi_ws/install/crospi_interfaces/include/crospi_interfaces/crospi_interfaces/msg/detail/task_parameters__rosidl_typesupport_fastrtps_c.h
-- Up-to-date symlink: /home/masterthesis/kaixi_crospi_ws/install/crospi_interfaces/include/crospi_interfaces/crospi_interfaces/msg/detail/test__rosidl_typesupport_fastrtps_c.h
-- Up-to-date symlink: /home/masterthesis/kaixi_crospi_ws/install/crospi_interfaces/include/crospi_interfaces/crospi_interfaces/msg/detail/vector3_parameters__rosidl_typesupport_fastrtps_c.h
-- Up-to-date symlink: /home/masterthesis/kaixi_crospi_ws/install/crospi_interfaces/include/crospi_interfaces/crospi_interfaces/msg/rosidl_typesupport_fastrtps_c__visibility_control.h
-- Up-to-date symlink: /home/masterthesis/kaixi_crospi_ws/install/crospi_interfaces/include/crospi_interfaces/crospi_interfaces/srv/detail/lua_cmd__rosidl_typesupport_fastrtps_c.h
-- Up-to-date symlink: /home/masterthesis/kaixi_crospi_ws/install/crospi_interfaces/include/crospi_interfaces/crospi_interfaces/srv/detail/task_specification_file__rosidl_typesupport_fastrtps_c.h
-- Up-to-date symlink: /home/masterthesis/kaixi_crospi_ws/install/crospi_interfaces/include/crospi_interfaces/crospi_interfaces/srv/detail/task_specification_string__rosidl_typesupport_fastrtps_c.h
-- Up-to-date symlink: /home/masterthesis/kaixi_crospi_ws/install/crospi_interfaces/include/crospi_interfaces/crospi_interfaces/action/detail/run_task__builder.hpp
-- Up-to-date symlink: /home/masterthesis/kaixi_crospi_ws/install/crospi_interfaces/include/crospi_interfaces/crospi_interfaces/action/detail/run_task__struct.hpp
-- Up-to-date symlink: /home/masterthesis/kaixi_crospi_ws/install/crospi_interfaces/include/crospi_interfaces/crospi_interfaces/action/detail/run_task__traits.hpp
-- Up-to-date symlink: /home/masterthesis/kaixi_crospi_ws/install/crospi_interfaces/include/crospi_interfaces/crospi_interfaces/action/detail/run_task__type_support.hpp
-- Up-to-date symlink: /home/masterthesis/kaixi_crospi_ws/install/crospi_interfaces/include/crospi_interfaces/crospi_interfaces/action/run_task.hpp
-- Up-to-date symlink: /home/masterthesis/kaixi_crospi_ws/install/crospi_interfaces/include/crospi_interfaces/crospi_interfaces/msg/detail/input__builder.hpp
-- Up-to-date symlink: /home/masterthesis/kaixi_crospi_ws/install/crospi_interfaces/include/crospi_interfaces/crospi_interfaces/msg/detail/input__struct.hpp
-- Up-to-date symlink: /home/masterthesis/kaixi_crospi_ws/install/crospi_interfaces/include/crospi_interfaces/crospi_interfaces/msg/detail/input__traits.hpp
-- Up-to-date symlink: /home/masterthesis/kaixi_crospi_ws/install/crospi_interfaces/include/crospi_interfaces/crospi_interfaces/msg/detail/input__type_support.hpp
-- Up-to-date symlink: /home/masterthesis/kaixi_crospi_ws/install/crospi_interfaces/include/crospi_interfaces/crospi_interfaces/msg/detail/number_parameters__builder.hpp
-- Up-to-date symlink: /home/masterthesis/kaixi_crospi_ws/install/crospi_interfaces/include/crospi_interfaces/crospi_interfaces/msg/detail/number_parameters__struct.hpp
-- Up-to-date symlink: /home/masterthesis/kaixi_crospi_ws/install/crospi_interfaces/include/crospi_interfaces/crospi_interfaces/msg/detail/number_parameters__traits.hpp
-- Up-to-date symlink: /home/masterthesis/kaixi_crospi_ws/install/crospi_interfaces/include/crospi_interfaces/crospi_interfaces/msg/detail/number_parameters__type_support.hpp
-- Up-to-date symlink: /home/masterthesis/kaixi_crospi_ws/install/crospi_interfaces/include/crospi_interfaces/crospi_interfaces/msg/detail/output__builder.hpp
-- Up-to-date symlink: /home/masterthesis/kaixi_crospi_ws/install/crospi_interfaces/include/crospi_interfaces/crospi_interfaces/msg/detail/output__struct.hpp
-- Up-to-date symlink: /home/masterthesis/kaixi_crospi_ws/install/crospi_interfaces/include/crospi_interfaces/crospi_interfaces/msg/detail/output__traits.hpp
-- Up-to-date symlink: /home/masterthesis/kaixi_crospi_ws/install/crospi_interfaces/include/crospi_interfaces/crospi_interfaces/msg/detail/output__type_support.hpp
-- Up-to-date symlink: /home/masterthesis/kaixi_crospi_ws/install/crospi_interfaces/include/crospi_interfaces/crospi_interfaces/msg/detail/output_derivatives__builder.hpp
-- Up-to-date symlink: /home/masterthesis/kaixi_crospi_ws/install/crospi_interfaces/include/crospi_interfaces/crospi_interfaces/msg/detail/output_derivatives__struct.hpp
-- Up-to-date symlink: /home/masterthesis/kaixi_crospi_ws/install/crospi_interfaces/include/crospi_interfaces/crospi_interfaces/msg/detail/output_derivatives__traits.hpp
-- Up-to-date symlink: /home/masterthesis/kaixi_crospi_ws/install/crospi_interfaces/include/crospi_interfaces/crospi_interfaces/msg/detail/output_derivatives__type_support.hpp
-- Up-to-date symlink: /home/masterthesis/kaixi_crospi_ws/install/crospi_interfaces/include/crospi_interfaces/crospi_interfaces/msg/detail/pose_parameters__builder.hpp
-- Up-to-date symlink: /home/masterthesis/kaixi_crospi_ws/install/crospi_interfaces/include/crospi_interfaces/crospi_interfaces/msg/detail/pose_parameters__struct.hpp
-- Up-to-date symlink: /home/masterthesis/kaixi_crospi_ws/install/crospi_interfaces/include/crospi_interfaces/crospi_interfaces/msg/detail/pose_parameters__traits.hpp
-- Up-to-date symlink: /home/masterthesis/kaixi_crospi_ws/install/crospi_interfaces/include/crospi_interfaces/crospi_interfaces/msg/detail/pose_parameters__type_support.hpp
-- Up-to-date symlink: /home/masterthesis/kaixi_crospi_ws/install/crospi_interfaces/include/crospi_interfaces/crospi_interfaces/msg/detail/return_value__builder.hpp
-- Up-to-date symlink: /home/masterthesis/kaixi_crospi_ws/install/crospi_interfaces/include/crospi_interfaces/crospi_interfaces/msg/detail/return_value__struct.hpp
-- Up-to-date symlink: /home/masterthesis/kaixi_crospi_ws/install/crospi_interfaces/include/crospi_interfaces/crospi_interfaces/msg/detail/return_value__traits.hpp
-- Up-to-date symlink: /home/masterthesis/kaixi_crospi_ws/install/crospi_interfaces/include/crospi_interfaces/crospi_interfaces/msg/detail/return_value__type_support.hpp
-- Up-to-date symlink: /home/masterthesis/kaixi_crospi_ws/install/crospi_interfaces/include/crospi_interfaces/crospi_interfaces/msg/detail/task_parameters__builder.hpp
-- Up-to-date symlink: /home/masterthesis/kaixi_crospi_ws/install/crospi_interfaces/include/crospi_interfaces/crospi_interfaces/msg/detail/task_parameters__struct.hpp
-- Up-to-date symlink: /home/masterthesis/kaixi_crospi_ws/install/crospi_interfaces/include/crospi_interfaces/crospi_interfaces/msg/detail/task_parameters__traits.hpp
-- Up-to-date symlink: /home/masterthesis/kaixi_crospi_ws/install/crospi_interfaces/include/crospi_interfaces/crospi_interfaces/msg/detail/task_parameters__type_support.hpp
-- Up-to-date symlink: /home/masterthesis/kaixi_crospi_ws/install/crospi_interfaces/include/crospi_interfaces/crospi_interfaces/msg/detail/test__builder.hpp
-- Up-to-date symlink: /home/masterthesis/kaixi_crospi_ws/install/crospi_interfaces/include/crospi_interfaces/crospi_interfaces/msg/detail/test__struct.hpp
-- Up-to-date symlink: /home/masterthesis/kaixi_crospi_ws/install/crospi_interfaces/include/crospi_interfaces/crospi_interfaces/msg/detail/test__traits.hpp
-- Up-to-date symlink: /home/masterthesis/kaixi_crospi_ws/install/crospi_interfaces/include/crospi_interfaces/crospi_interfaces/msg/detail/test__type_support.hpp
-- Up-to-date symlink: /home/masterthesis/kaixi_crospi_ws/install/crospi_interfaces/include/crospi_interfaces/crospi_interfaces/msg/detail/vector3_parameters__builder.hpp
-- Up-to-date symlink: /home/masterthesis/kaixi_crospi_ws/install/crospi_interfaces/include/crospi_interfaces/crospi_interfaces/msg/detail/vector3_parameters__struct.hpp
-- Up-to-date symlink: /home/masterthesis/kaixi_crospi_ws/install/crospi_interfaces/include/crospi_interfaces/crospi_interfaces/msg/detail/vector3_parameters__traits.hpp
-- Up-to-date symlink: /home/masterthesis/kaixi_crospi_ws/install/crospi_interfaces/include/crospi_interfaces/crospi_interfaces/msg/detail/vector3_parameters__type_support.hpp
-- Up-to-date symlink: /home/masterthesis/kaixi_crospi_ws/install/crospi_interfaces/include/crospi_interfaces/crospi_interfaces/msg/input.hpp
-- Up-to-date symlink: /home/masterthesis/kaixi_crospi_ws/install/crospi_interfaces/include/crospi_interfaces/crospi_interfaces/msg/number_parameters.hpp
-- Up-to-date symlink: /home/masterthesis/kaixi_crospi_ws/install/crospi_interfaces/include/crospi_interfaces/crospi_interfaces/msg/output.hpp
-- Up-to-date symlink: /home/masterthesis/kaixi_crospi_ws/install/crospi_interfaces/include/crospi_interfaces/crospi_interfaces/msg/output_derivatives.hpp
-- Up-to-date symlink: /home/masterthesis/kaixi_crospi_ws/install/crospi_interfaces/include/crospi_interfaces/crospi_interfaces/msg/pose_parameters.hpp
-- Up-to-date symlink: /home/masterthesis/kaixi_crospi_ws/install/crospi_interfaces/include/crospi_interfaces/crospi_interfaces/msg/return_value.hpp
-- Up-to-date symlink: /home/masterthesis/kaixi_crospi_ws/install/crospi_interfaces/include/crospi_interfaces/crospi_interfaces/msg/rosidl_generator_cpp__visibility_control.hpp
-- Up-to-date symlink: /home/masterthesis/kaixi_crospi_ws/install/crospi_interfaces/include/crospi_interfaces/crospi_interfaces/msg/task_parameters.hpp
-- Up-to-date symlink: /home/masterthesis/kaixi_crospi_ws/install/crospi_interfaces/include/crospi_interfaces/crospi_interfaces/msg/test.hpp
-- Up-to-date symlink: /home/masterthesis/kaixi_crospi_ws/install/crospi_interfaces/include/crospi_interfaces/crospi_interfaces/msg/vector3_parameters.hpp
-- Up-to-date symlink: /home/masterthesis/kaixi_crospi_ws/install/crospi_interfaces/include/crospi_interfaces/crospi_interfaces/srv/detail/lua_cmd__builder.hpp
-- Up-to-date symlink: /home/masterthesis/kaixi_crospi_ws/install/crospi_interfaces/include/crospi_interfaces/crospi_interfaces/srv/detail/lua_cmd__struct.hpp
-- Up-to-date symlink: /home/masterthesis/kaixi_crospi_ws/install/crospi_interfaces/include/crospi_interfaces/crospi_interfaces/srv/detail/lua_cmd__traits.hpp
-- Up-to-date symlink: /home/masterthesis/kaixi_crospi_ws/install/crospi_interfaces/include/crospi_interfaces/crospi_interfaces/srv/detail/lua_cmd__type_support.hpp
-- Up-to-date symlink: /home/masterthesis/kaixi_crospi_ws/install/crospi_interfaces/include/crospi_interfaces/crospi_interfaces/srv/detail/task_specification_file__builder.hpp
-- Up-to-date symlink: /home/masterthesis/kaixi_crospi_ws/install/crospi_interfaces/include/crospi_interfaces/crospi_interfaces/srv/detail/task_specification_file__struct.hpp
-- Up-to-date symlink: /home/masterthesis/kaixi_crospi_ws/install/crospi_interfaces/include/crospi_interfaces/crospi_interfaces/srv/detail/task_specification_file__traits.hpp
-- Up-to-date symlink: /home/masterthesis/kaixi_crospi_ws/install/crospi_interfaces/include/crospi_interfaces/crospi_interfaces/srv/detail/task_specification_file__type_support.hpp
-- Up-to-date symlink: /home/masterthesis/kaixi_crospi_ws/install/crospi_interfaces/include/crospi_interfaces/crospi_interfaces/srv/detail/task_specification_string__builder.hpp
-- Up-to-date symlink: /home/masterthesis/kaixi_crospi_ws/install/crospi_interfaces/include/crospi_interfaces/crospi_interfaces/srv/detail/task_specification_string__struct.hpp
-- Up-to-date symlink: /home/masterthesis/kaixi_crospi_ws/install/crospi_interfaces/include/crospi_interfaces/crospi_interfaces/srv/detail/task_specification_string__traits.hpp
-- Up-to-date symlink: /home/masterthesis/kaixi_crospi_ws/install/crospi_interfaces/include/crospi_interfaces/crospi_interfaces/srv/detail/task_specification_string__type_support.hpp
-- Up-to-date symlink: /home/masterthesis/kaixi_crospi_ws/install/crospi_interfaces/include/crospi_interfaces/crospi_interfaces/srv/lua_cmd.hpp
-- Up-to-date symlink: /home/masterthesis/kaixi_crospi_ws/install/crospi_interfaces/include/crospi_interfaces/crospi_interfaces/srv/task_specification_file.hpp
-- Up-to-date symlink: /home/masterthesis/kaixi_crospi_ws/install/crospi_interfaces/include/crospi_interfaces/crospi_interfaces/srv/task_specification_string.hpp
-- Up-to-date symlink: /home/masterthesis/kaixi_crospi_ws/install/crospi_interfaces/include/crospi_interfaces/crospi_interfaces/action/detail/run_task__rosidl_typesupport_fastrtps_cpp.hpp
-- Up-to-date symlink: /home/masterthesis/kaixi_crospi_ws/install/crospi_interfaces/include/crospi_interfaces/crospi_interfaces/msg/detail/input__rosidl_typesupport_fastrtps_cpp.hpp
-- Up-to-date symlink: /home/masterthesis/kaixi_crospi_ws/install/crospi_interfaces/include/crospi_interfaces/crospi_interfaces/msg/detail/number_parameters__rosidl_typesupport_fastrtps_cpp.hpp
-- Up-to-date symlink: /home/masterthesis/kaixi_crospi_ws/install/crospi_interfaces/include/crospi_interfaces/crospi_interfaces/msg/detail/output__rosidl_typesupport_fastrtps_cpp.hpp
-- Up-to-date symlink: /home/masterthesis/kaixi_crospi_ws/install/crospi_interfaces/include/crospi_interfaces/crospi_interfaces/msg/detail/output_derivatives__rosidl_typesupport_fastrtps_cpp.hpp
-- Up-to-date symlink: /home/masterthesis/kaixi_crospi_ws/install/crospi_interfaces/include/crospi_interfaces/crospi_interfaces/msg/detail/pose_parameters__rosidl_typesupport_fastrtps_cpp.hpp
-- Up-to-date symlink: /home/masterthesis/kaixi_crospi_ws/install/crospi_interfaces/include/crospi_interfaces/crospi_interfaces/msg/detail/return_value__rosidl_typesupport_fastrtps_cpp.hpp
-- Up-to-date symlink: /home/masterthesis/kaixi_crospi_ws/install/crospi_interfaces/include/crospi_interfaces/crospi_interfaces/msg/detail/task_parameters__rosidl_typesupport_fastrtps_cpp.hpp
-- Up-to-date symlink: /home/masterthesis/kaixi_crospi_ws/install/crospi_interfaces/include/crospi_interfaces/crospi_interfaces/msg/detail/test__rosidl_typesupport_fastrtps_cpp.hpp
-- Up-to-date symlink: /home/masterthesis/kaixi_crospi_ws/install/crospi_interfaces/include/crospi_interfaces/crospi_interfaces/msg/detail/vector3_parameters__rosidl_typesupport_fastrtps_cpp.hpp
-- Up-to-date symlink: /home/masterthesis/kaixi_crospi_ws/install/crospi_interfaces/include/crospi_interfaces/crospi_interfaces/msg/rosidl_typesupport_fastrtps_cpp__visibility_control.h
-- Up-to-date symlink: /home/masterthesis/kaixi_crospi_ws/install/crospi_interfaces/include/crospi_interfaces/crospi_interfaces/srv/detail/lua_cmd__rosidl_typesupport_fastrtps_cpp.hpp
-- Up-to-date symlink: /home/masterthesis/kaixi_crospi_ws/install/crospi_interfaces/include/crospi_interfaces/crospi_interfaces/srv/detail/task_specification_file__rosidl_typesupport_fastrtps_cpp.hpp
-- Up-to-date symlink: /home/masterthesis/kaixi_crospi_ws/install/crospi_interfaces/include/crospi_interfaces/crospi_interfaces/srv/detail/task_specification_string__rosidl_typesupport_fastrtps_cpp.hpp
-- Up-to-date symlink: /home/masterthesis/kaixi_crospi_ws/install/crospi_interfaces/include/crospi_interfaces/crospi_interfaces/action/detail/run_task__rosidl_typesupport_introspection_c.h
-- Up-to-date symlink: /home/masterthesis/kaixi_crospi_ws/install/crospi_interfaces/include/crospi_interfaces/crospi_interfaces/msg/detail/input__rosidl_typesupport_introspection_c.h
-- Up-to-date symlink: /home/masterthesis/kaixi_crospi_ws/install/crospi_interfaces/include/crospi_interfaces/crospi_interfaces/msg/detail/number_parameters__rosidl_typesupport_introspection_c.h
-- Up-to-date symlink: /home/masterthesis/kaixi_crospi_ws/install/crospi_interfaces/include/crospi_interfaces/crospi_interfaces/msg/detail/output__rosidl_typesupport_introspection_c.h
-- Up-to-date symlink: /home/masterthesis/kaixi_crospi_ws/install/crospi_interfaces/include/crospi_interfaces/crospi_interfaces/msg/detail/output_derivatives__rosidl_typesupport_introspection_c.h
-- Up-to-date symlink: /home/masterthesis/kaixi_crospi_ws/install/crospi_interfaces/include/crospi_interfaces/crospi_interfaces/msg/detail/pose_parameters__rosidl_typesupport_introspection_c.h
-- Up-to-date symlink: /home/masterthesis/kaixi_crospi_ws/install/crospi_interfaces/include/crospi_interfaces/crospi_interfaces/msg/detail/return_value__rosidl_typesupport_introspection_c.h
-- Up-to-date symlink: /home/masterthesis/kaixi_crospi_ws/install/crospi_interfaces/include/crospi_interfaces/crospi_interfaces/msg/detail/task_parameters__rosidl_typesupport_introspection_c.h
-- Up-to-date symlink: /home/masterthesis/kaixi_crospi_ws/install/crospi_interfaces/include/crospi_interfaces/crospi_interfaces/msg/detail/test__rosidl_typesupport_introspection_c.h
-- Up-to-date symlink: /home/masterthesis/kaixi_crospi_ws/install/crospi_interfaces/include/crospi_interfaces/crospi_interfaces/msg/detail/vector3_parameters__rosidl_typesupport_introspection_c.h
-- Up-to-date symlink: /home/masterthesis/kaixi_crospi_ws/install/crospi_interfaces/include/crospi_interfaces/crospi_interfaces/msg/rosidl_typesupport_introspection_c__visibility_control.h
-- Up-to-date symlink: /home/masterthesis/kaixi_crospi_ws/install/crospi_interfaces/include/crospi_interfaces/crospi_interfaces/srv/detail/lua_cmd__rosidl_typesupport_introspection_c.h
-- Up-to-date symlink: /home/masterthesis/kaixi_crospi_ws/install/crospi_interfaces/include/crospi_interfaces/crospi_interfaces/srv/detail/task_specification_file__rosidl_typesupport_introspection_c.h
-- Up-to-date symlink: /home/masterthesis/kaixi_crospi_ws/install/crospi_interfaces/include/crospi_interfaces/crospi_interfaces/srv/detail/task_specification_string__rosidl_typesupport_introspection_c.h
-- Up-to-date symlink: /home/masterthesis/kaixi_crospi_ws/install/crospi_interfaces/include/crospi_interfaces/crospi_interfaces/action/detail/run_task__rosidl_typesupport_introspection_cpp.hpp
-- Up-to-date symlink: /home/masterthesis/kaixi_crospi_ws/install/crospi_interfaces/include/crospi_interfaces/crospi_interfaces/msg/detail/input__rosidl_typesupport_introspection_cpp.hpp
-- Up-to-date symlink: /home/masterthesis/kaixi_crospi_ws/install/crospi_interfaces/include/crospi_interfaces/crospi_interfaces/msg/detail/number_parameters__rosidl_typesupport_introspection_cpp.hpp
-- Up-to-date symlink: /home/masterthesis/kaixi_crospi_ws/install/crospi_interfaces/include/crospi_interfaces/crospi_interfaces/msg/detail/output__rosidl_typesupport_introspection_cpp.hpp
-- Up-to-date symlink: /home/masterthesis/kaixi_crospi_ws/install/crospi_interfaces/include/crospi_interfaces/crospi_interfaces/msg/detail/output_derivatives__rosidl_typesupport_introspection_cpp.hpp
-- Up-to-date symlink: /home/masterthesis/kaixi_crospi_ws/install/crospi_interfaces/include/crospi_interfaces/crospi_interfaces/msg/detail/pose_parameters__rosidl_typesupport_introspection_cpp.hpp
-- Up-to-date symlink: /home/masterthesis/kaixi_crospi_ws/install/crospi_interfaces/include/crospi_interfaces/crospi_interfaces/msg/detail/return_value__rosidl_typesupport_introspection_cpp.hpp
-- Up-to-date symlink: /home/masterthesis/kaixi_crospi_ws/install/crospi_interfaces/include/crospi_interfaces/crospi_interfaces/msg/detail/task_parameters__rosidl_typesupport_introspection_cpp.hpp
-- Up-to-date symlink: /home/masterthesis/kaixi_crospi_ws/install/crospi_interfaces/include/crospi_interfaces/crospi_interfaces/msg/detail/test__rosidl_typesupport_introspection_cpp.hpp
-- Up-to-date symlink: /home/masterthesis/kaixi_crospi_ws/install/crospi_interfaces/include/crospi_interfaces/crospi_interfaces/msg/detail/vector3_parameters__rosidl_typesupport_introspection_cpp.hpp
-- Up-to-date symlink: /home/masterthesis/kaixi_crospi_ws/install/crospi_interfaces/include/crospi_interfaces/crospi_interfaces/srv/detail/lua_cmd__rosidl_typesupport_introspection_cpp.hpp
-- Up-to-date symlink: /home/masterthesis/kaixi_crospi_ws/install/crospi_interfaces/include/crospi_interfaces/crospi_interfaces/srv/detail/task_specification_file__rosidl_typesupport_introspection_cpp.hpp
-- Up-to-date symlink: /home/masterthesis/kaixi_crospi_ws/install/crospi_interfaces/include/crospi_interfaces/crospi_interfaces/srv/detail/task_specification_string__rosidl_typesupport_introspection_cpp.hpp
-- Up-to-date symlink: /home/masterthesis/kaixi_crospi_ws/install/crospi_interfaces/share/crospi_interfaces/environment/pythonpath.sh
-- Up-to-date symlink: /home/masterthesis/kaixi_crospi_ws/install/crospi_interfaces/share/crospi_interfaces/environment/pythonpath.dsv
-- Up-to-date symlink: /home/masterthesis/kaixi_crospi_ws/install/crospi_interfaces/local/lib/python3.10/dist-packages/crospi_interfaces-0.0.0-py3.10.egg-info/PKG-INFO
-- Up-to-date symlink: /home/masterthesis/kaixi_crospi_ws/install/crospi_interfaces/local/lib/python3.10/dist-packages/crospi_interfaces-0.0.0-py3.10.egg-info/SOURCES.txt
-- Up-to-date symlink: /home/masterthesis/kaixi_crospi_ws/install/crospi_interfaces/local/lib/python3.10/dist-packages/crospi_interfaces-0.0.0-py3.10.egg-info/dependency_links.txt
-- Up-to-date symlink: /home/masterthesis/kaixi_crospi_ws/install/crospi_interfaces/local/lib/python3.10/dist-packages/crospi_interfaces-0.0.0-py3.10.egg-info/top_level.txt
-- Up-to-date symlink: /home/masterthesis/kaixi_crospi_ws/install/crospi_interfaces/local/lib/python3.10/dist-packages/crospi_interfaces/__init__.py
-- Up-to-date symlink: /home/masterthesis/kaixi_crospi_ws/install/crospi_interfaces/local/lib/python3.10/dist-packages/crospi_interfaces/_crospi_interfaces_s.ep.rosidl_typesupport_c.c
-- Up-to-date symlink: /home/masterthesis/kaixi_crospi_ws/install/crospi_interfaces/local/lib/python3.10/dist-packages/crospi_interfaces/_crospi_interfaces_s.ep.rosidl_typesupport_fastrtps_c.c
-- Up-to-date symlink: /home/masterthesis/kaixi_crospi_ws/install/crospi_interfaces/local/lib/python3.10/dist-packages/crospi_interfaces/_crospi_interfaces_s.ep.rosidl_typesupport_introspection_c.c
-- Up-to-date symlink: /home/masterthesis/kaixi_crospi_ws/install/crospi_interfaces/local/lib/python3.10/dist-packages/crospi_interfaces/action/__init__.py
-- Up-to-date symlink: /home/masterthesis/kaixi_crospi_ws/install/crospi_interfaces/local/lib/python3.10/dist-packages/crospi_interfaces/action/_run_task.py
-- Up-to-date symlink: /home/masterthesis/kaixi_crospi_ws/install/crospi_interfaces/local/lib/python3.10/dist-packages/crospi_interfaces/action/_run_task_s.c
-- Up-to-date symlink: /home/masterthesis/kaixi_crospi_ws/install/crospi_interfaces/local/lib/python3.10/dist-packages/crospi_interfaces/crospi_interfaces_s__rosidl_typesupport_c.cpython-310-x86_64-linux-gnu.so
-- Up-to-date symlink: /home/masterthesis/kaixi_crospi_ws/install/crospi_interfaces/local/lib/python3.10/dist-packages/crospi_interfaces/crospi_interfaces_s__rosidl_typesupport_fastrtps_c.cpython-310-x86_64-linux-gnu.so
-- Up-to-date symlink: /home/masterthesis/kaixi_crospi_ws/install/crospi_interfaces/local/lib/python3.10/dist-packages/crospi_interfaces/crospi_interfaces_s__rosidl_typesupport_introspection_c.cpython-310-x86_64-linux-gnu.so
-- Up-to-date symlink: /home/masterthesis/kaixi_crospi_ws/install/crospi_interfaces/local/lib/python3.10/dist-packages/crospi_interfaces/libcrospi_interfaces__rosidl_generator_py.so
-- Up-to-date symlink: /home/masterthesis/kaixi_crospi_ws/install/crospi_interfaces/local/lib/python3.10/dist-packages/crospi_interfaces/msg/__init__.py
-- Up-to-date symlink: /home/masterthesis/kaixi_crospi_ws/install/crospi_interfaces/local/lib/python3.10/dist-packages/crospi_interfaces/msg/_input.py
-- Up-to-date symlink: /home/masterthesis/kaixi_crospi_ws/install/crospi_interfaces/local/lib/python3.10/dist-packages/crospi_interfaces/msg/_input_s.c
-- Up-to-date symlink: /home/masterthesis/kaixi_crospi_ws/install/crospi_interfaces/local/lib/python3.10/dist-packages/crospi_interfaces/msg/_number_parameters.py
-- Up-to-date symlink: /home/masterthesis/kaixi_crospi_ws/install/crospi_interfaces/local/lib/python3.10/dist-packages/crospi_interfaces/msg/_number_parameters_s.c
-- Up-to-date symlink: /home/masterthesis/kaixi_crospi_ws/install/crospi_interfaces/local/lib/python3.10/dist-packages/crospi_interfaces/msg/_output.py
-- Up-to-date symlink: /home/masterthesis/kaixi_crospi_ws/install/crospi_interfaces/local/lib/python3.10/dist-packages/crospi_interfaces/msg/_output_derivatives.py
-- Up-to-date symlink: /home/masterthesis/kaixi_crospi_ws/install/crospi_interfaces/local/lib/python3.10/dist-packages/crospi_interfaces/msg/_output_derivatives_s.c
-- Up-to-date symlink: /home/masterthesis/kaixi_crospi_ws/install/crospi_interfaces/local/lib/python3.10/dist-packages/crospi_interfaces/msg/_output_s.c
-- Up-to-date symlink: /home/masterthesis/kaixi_crospi_ws/install/crospi_interfaces/local/lib/python3.10/dist-packages/crospi_interfaces/msg/_pose_parameters.py
-- Up-to-date symlink: /home/masterthesis/kaixi_crospi_ws/install/crospi_interfaces/local/lib/python3.10/dist-packages/crospi_interfaces/msg/_pose_parameters_s.c
-- Up-to-date symlink: /home/masterthesis/kaixi_crospi_ws/install/crospi_interfaces/local/lib/python3.10/dist-packages/crospi_interfaces/msg/_return_value.py
-- Up-to-date symlink: /home/masterthesis/kaixi_crospi_ws/install/crospi_interfaces/local/lib/python3.10/dist-packages/crospi_interfaces/msg/_return_value_s.c
-- Up-to-date symlink: /home/masterthesis/kaixi_crospi_ws/install/crospi_interfaces/local/lib/python3.10/dist-packages/crospi_interfaces/msg/_task_parameters.py
-- Up-to-date symlink: /home/masterthesis/kaixi_crospi_ws/install/crospi_interfaces/local/lib/python3.10/dist-packages/crospi_interfaces/msg/_task_parameters_s.c
-- Up-to-date symlink: /home/masterthesis/kaixi_crospi_ws/install/crospi_interfaces/local/lib/python3.10/dist-packages/crospi_interfaces/msg/_test.py
-- Up-to-date symlink: /home/masterthesis/kaixi_crospi_ws/install/crospi_interfaces/local/lib/python3.10/dist-packages/crospi_interfaces/msg/_test_s.c
-- Up-to-date symlink: /home/masterthesis/kaixi_crospi_ws/install/crospi_interfaces/local/lib/python3.10/dist-packages/crospi_interfaces/msg/_vector3_parameters.py
-- Up-to-date symlink: /home/masterthesis/kaixi_crospi_ws/install/crospi_interfaces/local/lib/python3.10/dist-packages/crospi_interfaces/msg/_vector3_parameters_s.c
-- Up-to-date symlink: /home/masterthesis/kaixi_crospi_ws/install/crospi_interfaces/local/lib/python3.10/dist-packages/crospi_interfaces/srv/__init__.py
-- Up-to-date symlink: /home/masterthesis/kaixi_crospi_ws/install/crospi_interfaces/local/lib/python3.10/dist-packages/crospi_interfaces/srv/_lua_cmd.py
-- Up-to-date symlink: /home/masterthesis/kaixi_crospi_ws/install/crospi_interfaces/local/lib/python3.10/dist-packages/crospi_interfaces/srv/_lua_cmd_s.c
-- Up-to-date symlink: /home/masterthesis/kaixi_crospi_ws/install/crospi_interfaces/local/lib/python3.10/dist-packages/crospi_interfaces/srv/_task_specification_file.py
-- Up-to-date symlink: /home/masterthesis/kaixi_crospi_ws/install/crospi_interfaces/local/lib/python3.10/dist-packages/crospi_interfaces/srv/_task_specification_file_s.c
-- Up-to-date symlink: /home/masterthesis/kaixi_crospi_ws/install/crospi_interfaces/local/lib/python3.10/dist-packages/crospi_interfaces/srv/_task_specification_string.py
-- Up-to-date symlink: /home/masterthesis/kaixi_crospi_ws/install/crospi_interfaces/local/lib/python3.10/dist-packages/crospi_interfaces/srv/_task_specification_string_s.c
-- Up-to-date symlink: /home/masterthesis/kaixi_crospi_ws/install/crospi_interfaces/local/lib/python3.10/dist-packages/crospi_interfaces/crospi_interfaces_s__rosidl_typesupport_fastrtps_c.cpython-310-x86_64-linux-gnu.so
-- Up-to-date symlink: /home/masterthesis/kaixi_crospi_ws/install/crospi_interfaces/local/lib/python3.10/dist-packages/crospi_interfaces/crospi_interfaces_s__rosidl_typesupport_introspection_c.cpython-310-x86_64-linux-gnu.so
-- Up-to-date symlink: /home/masterthesis/kaixi_crospi_ws/install/crospi_interfaces/local/lib/python3.10/dist-packages/crospi_interfaces/crospi_interfaces_s__rosidl_typesupport_c.cpython-310-x86_64-linux-gnu.so
-- Up-to-date symlink: /home/masterthesis/kaixi_crospi_ws/install/crospi_interfaces/share/ament_index/resource_index/rust_packages/crospi_interfaces
-- Up-to-date symlink: /home/masterthesis/kaixi_crospi_ws/install/crospi_interfaces/share/crospi_interfaces/rust/Cargo.toml
-- Up-to-date symlink: /home/masterthesis/kaixi_crospi_ws/install/crospi_interfaces/share/crospi_interfaces/rust/build.rs
-- Up-to-date symlink: /home/masterthesis/kaixi_crospi_ws/install/crospi_interfaces/share/crospi_interfaces/rust/src/action.rs
-- Up-to-date symlink: /home/masterthesis/kaixi_crospi_ws/install/crospi_interfaces/share/crospi_interfaces/rust/src/action/rmw.rs
-- Up-to-date symlink: /home/masterthesis/kaixi_crospi_ws/install/crospi_interfaces/share/crospi_interfaces/rust/src/lib.rs
-- Up-to-date symlink: /home/masterthesis/kaixi_crospi_ws/install/crospi_interfaces/share/crospi_interfaces/rust/src/msg.rs
-- Up-to-date symlink: /home/masterthesis/kaixi_crospi_ws/install/crospi_interfaces/share/crospi_interfaces/rust/src/msg/rmw.rs
-- Up-to-date symlink: /home/masterthesis/kaixi_crospi_ws/install/crospi_interfaces/share/crospi_interfaces/rust/src/srv.rs
-- Up-to-date symlink: /home/masterthesis/kaixi_crospi_ws/install/crospi_interfaces/share/crospi_interfaces/rust/src/srv/rmw.rs
-- Up-to-date symlink: /home/masterthesis/kaixi_crospi_ws/install/crospi_interfaces/share/crospi_interfaces/msg/Output.idl
-- Up-to-date symlink: /home/masterthesis/kaixi_crospi_ws/install/crospi_interfaces/share/crospi_interfaces/msg/OutputDerivatives.idl
-- Up-to-date symlink: /home/masterthesis/kaixi_crospi_ws/install/crospi_interfaces/share/crospi_interfaces/srv/LuaCmd.idl
-- Up-to-date symlink: /home/masterthesis/kaixi_crospi_ws/install/crospi_interfaces/share/crospi_interfaces/action/RunTask.idl
-- Up-to-date symlink: /home/masterthesis/kaixi_crospi_ws/install/crospi_interfaces/share/crospi_interfaces/msg/TaskParameters.idl
-- Up-to-date symlink: /home/masterthesis/kaixi_crospi_ws/install/crospi_interfaces/share/crospi_interfaces/msg/PoseParameters.idl
-- Up-to-date symlink: /home/masterthesis/kaixi_crospi_ws/install/crospi_interfaces/share/crospi_interfaces/msg/Vector3Parameters.idl
-- Up-to-date symlink: /home/masterthesis/kaixi_crospi_ws/install/crospi_interfaces/share/crospi_interfaces/msg/NumberParameters.idl
-- Up-to-date symlink: /home/masterthesis/kaixi_crospi_ws/install/crospi_interfaces/share/crospi_interfaces/msg/ReturnValue.idl
-- Up-to-date symlink: /home/masterthesis/kaixi_crospi_ws/install/crospi_interfaces/share/crospi_interfaces/msg/Input.idl
-- Up-to-date symlink: /home/masterthesis/kaixi_crospi_ws/install/crospi_interfaces/share/crospi_interfaces/msg/Test.idl
-- Up-to-date symlink: /home/masterthesis/kaixi_crospi_ws/install/crospi_interfaces/share/crospi_interfaces/srv/TaskSpecificationString.idl
-- Up-to-date symlink: /home/masterthesis/kaixi_crospi_ws/install/crospi_interfaces/share/crospi_interfaces/srv/TaskSpecificationFile.idl
-- Up-to-date symlink: /home/masterthesis/kaixi_crospi_ws/install/crospi_interfaces/share/crospi_interfaces/msg/Output.msg
-- Up-to-date symlink: /home/masterthesis/kaixi_crospi_ws/install/crospi_interfaces/share/crospi_interfaces/msg/OutputDerivatives.msg
-- Up-to-date symlink: /home/masterthesis/kaixi_crospi_ws/install/crospi_interfaces/share/crospi_interfaces/srv/LuaCmd.srv
-- Up-to-date symlink: /home/masterthesis/kaixi_crospi_ws/install/crospi_interfaces/share/crospi_interfaces/srv/LuaCmd_Request.msg
-- Up-to-date symlink: /home/masterthesis/kaixi_crospi_ws/install/crospi_interfaces/share/crospi_interfaces/srv/LuaCmd_Response.msg
-- Up-to-date symlink: /home/masterthesis/kaixi_crospi_ws/install/crospi_interfaces/share/crospi_interfaces/action/RunTask.action
-- Up-to-date symlink: /home/masterthesis/kaixi_crospi_ws/install/crospi_interfaces/share/crospi_interfaces/msg/TaskParameters.msg
-- Up-to-date symlink: /home/masterthesis/kaixi_crospi_ws/install/crospi_interfaces/share/crospi_interfaces/msg/PoseParameters.msg
-- Up-to-date symlink: /home/masterthesis/kaixi_crospi_ws/install/crospi_interfaces/share/crospi_interfaces/msg/Vector3Parameters.msg
-- Up-to-date symlink: /home/masterthesis/kaixi_crospi_ws/install/crospi_interfaces/share/crospi_interfaces/msg/NumberParameters.msg
-- Up-to-date symlink: /home/masterthesis/kaixi_crospi_ws/install/crospi_interfaces/share/crospi_interfaces/msg/ReturnValue.msg
-- Up-to-date symlink: /home/masterthesis/kaixi_crospi_ws/install/crospi_interfaces/share/crospi_interfaces/msg/Input.msg
-- Up-to-date symlink: /home/masterthesis/kaixi_crospi_ws/install/crospi_interfaces/share/crospi_interfaces/msg/Test.msg
-- Up-to-date symlink: /home/masterthesis/kaixi_crospi_ws/install/crospi_interfaces/share/crospi_interfaces/srv/TaskSpecificationString.srv
-- Up-to-date symlink: /home/masterthesis/kaixi_crospi_ws/install/crospi_interfaces/share/crospi_interfaces/srv/TaskSpecificationString_Request.msg
-- Up-to-date symlink: /home/masterthesis/kaixi_crospi_ws/install/crospi_interfaces/share/crospi_interfaces/srv/TaskSpecificationString_Response.msg
-- Up-to-date symlink: /home/masterthesis/kaixi_crospi_ws/install/crospi_interfaces/share/crospi_interfaces/srv/TaskSpecificationFile.srv
-- Up-to-date symlink: /home/masterthesis/kaixi_crospi_ws/install/crospi_interfaces/share/crospi_interfaces/srv/TaskSpecificationFile_Request.msg
-- Up-to-date symlink: /home/masterthesis/kaixi_crospi_ws/install/crospi_interfaces/share/crospi_interfaces/srv/TaskSpecificationFile_Response.msg
-- Up-to-date symlink: /home/masterthesis/kaixi_crospi_ws/install/crospi_interfaces/share/ament_index/resource_index/package_run_dependencies/crospi_interfaces
-- Up-to-date symlink: /home/masterthesis/kaixi_crospi_ws/install/crospi_interfaces/share/ament_index/resource_index/parent_prefix_path/crospi_interfaces
-- Up-to-date symlink: /home/masterthesis/kaixi_crospi_ws/install/crospi_interfaces/share/crospi_interfaces/environment/ament_prefix_path.sh
-- Up-to-date symlink: /home/masterthesis/kaixi_crospi_ws/install/crospi_interfaces/share/crospi_interfaces/environment/ament_prefix_path.dsv
-- Up-to-date symlink: /home/masterthesis/kaixi_crospi_ws/install/crospi_interfaces/share/crospi_interfaces/environment/path.sh
-- Up-to-date symlink: /home/masterthesis/kaixi_crospi_ws/install/crospi_interfaces/share/crospi_interfaces/environment/path.dsv
-- Up-to-date symlink: /home/masterthesis/kaixi_crospi_ws/install/crospi_interfaces/share/crospi_interfaces/local_setup.bash
-- Up-to-date symlink: /home/masterthesis/kaixi_crospi_ws/install/crospi_interfaces/share/crospi_interfaces/local_setup.sh
-- Up-to-date symlink: /home/masterthesis/kaixi_crospi_ws/install/crospi_interfaces/share/crospi_interfaces/local_setup.zsh
-- Up-to-date symlink: /home/masterthesis/kaixi_crospi_ws/install/crospi_interfaces/share/crospi_interfaces/local_setup.dsv
-- Symlinking: /home/masterthesis/kaixi_crospi_ws/install/crospi_interfaces/share/crospi_interfaces/package.dsv
-- Up-to-date symlink: /home/masterthesis/kaixi_crospi_ws/install/crospi_interfaces/share/ament_index/resource_index/packages/crospi_interfaces
-- Up-to-date symlink: /home/masterthesis/kaixi_crospi_ws/install/crospi_interfaces/share/crospi_interfaces/cmake/rosidl_cmake-extras.cmake
-- Up-to-date symlink: /home/masterthesis/kaixi_crospi_ws/install/crospi_interfaces/share/crospi_interfaces/cmake/ament_cmake_export_dependencies-extras.cmake
-- Up-to-date symlink: /home/masterthesis/kaixi_crospi_ws/install/crospi_interfaces/share/crospi_interfaces/cmake/ament_cmake_export_include_directories-extras.cmake
-- Up-to-date symlink: /home/masterthesis/kaixi_crospi_ws/install/crospi_interfaces/share/crospi_interfaces/cmake/ament_cmake_export_libraries-extras.cmake
-- Up-to-date symlink: /home/masterthesis/kaixi_crospi_ws/install/crospi_interfaces/share/crospi_interfaces/cmake/ament_cmake_export_targets-extras.cmake
-- Up-to-date symlink: /home/masterthesis/kaixi_crospi_ws/install/crospi_interfaces/share/crospi_interfaces/cmake/rosidl_cmake_export_typesupport_targets-extras.cmake
-- Up-to-date symlink: /home/masterthesis/kaixi_crospi_ws/install/crospi_interfaces/share/crospi_interfaces/cmake/rosidl_cmake_export_typesupport_libraries-extras.cmake
-- Up-to-date symlink: /home/masterthesis/kaixi_crospi_ws/install/crospi_interfaces/share/crospi_interfaces/cmake/crospi_interfacesConfig.cmake
-- Up-to-date symlink: /home/masterthesis/kaixi_crospi_ws/install/crospi_interfaces/share/crospi_interfaces/cmake/crospi_interfacesConfig-version.cmake
-- Up-to-date symlink: /home/masterthesis/kaixi_crospi_ws/install/crospi_interfaces/share/crospi_interfaces/package.xml
-- Up-to-date: /home/masterthesis/kaixi_crospi_ws/install/crospi_interfaces/lib/libcrospi_interfaces__rosidl_generator_c.so
-- Up-to-date: /home/masterthesis/kaixi_crospi_ws/install/crospi_interfaces/lib/libcrospi_interfaces__rosidl_typesupport_fastrtps_c.so
-- Up-to-date: /home/masterthesis/kaixi_crospi_ws/install/crospi_interfaces/lib/libcrospi_interfaces__rosidl_typesupport_fastrtps_cpp.so
-- Up-to-date: /home/masterthesis/kaixi_crospi_ws/install/crospi_interfaces/lib/libcrospi_interfaces__rosidl_typesupport_introspection_c.so
-- Up-to-date: /home/masterthesis/kaixi_crospi_ws/install/crospi_interfaces/lib/libcrospi_interfaces__rosidl_typesupport_c.so
-- Up-to-date: /home/masterthesis/kaixi_crospi_ws/install/crospi_interfaces/lib/libcrospi_interfaces__rosidl_typesupport_introspection_cpp.so
-- Up-to-date: /home/masterthesis/kaixi_crospi_ws/install/crospi_interfaces/lib/libcrospi_interfaces__rosidl_typesupport_cpp.so
Listing '/home/masterthesis/kaixi_crospi_ws/install/crospi_interfaces/local/lib/python3.10/dist-packages/crospi_interfaces'...
Listing '/home/masterthesis/kaixi_crospi_ws/install/crospi_interfaces/local/lib/python3.10/dist-packages/crospi_interfaces/action'...
Listing '/home/masterthesis/kaixi_crospi_ws/install/crospi_interfaces/local/lib/python3.10/dist-packages/crospi_interfaces/msg'...
Listing '/home/masterthesis/kaixi_crospi_ws/install/crospi_interfaces/local/lib/python3.10/dist-packages/crospi_interfaces/srv'...
-- Up-to-date: /home/masterthesis/kaixi_crospi_ws/install/crospi_interfaces/lib/libcrospi_interfaces__rosidl_generator_py.so
-- Up-to-date: /home/masterthesis/kaixi_crospi_ws/install/crospi_interfaces/share/crospi_interfaces/cmake/export_crospi_interfaces__rosidl_generator_cExport.cmake
-- Up-to-date: /home/masterthesis/kaixi_crospi_ws/install/crospi_interfaces/share/crospi_interfaces/cmake/export_crospi_interfaces__rosidl_generator_cExport-noconfig.cmake
-- Up-to-date: /home/masterthesis/kaixi_crospi_ws/install/crospi_interfaces/share/crospi_interfaces/cmake/export_crospi_interfaces__rosidl_typesupport_fastrtps_cExport.cmake
-- Up-to-date: /home/masterthesis/kaixi_crospi_ws/install/crospi_interfaces/share/crospi_interfaces/cmake/export_crospi_interfaces__rosidl_typesupport_fastrtps_cExport-noconfig.cmake
-- Up-to-date: /home/masterthesis/kaixi_crospi_ws/install/crospi_interfaces/share/crospi_interfaces/cmake/export_crospi_interfaces__rosidl_generator_cppExport.cmake
-- Up-to-date: /home/masterthesis/kaixi_crospi_ws/install/crospi_interfaces/share/crospi_interfaces/cmake/export_crospi_interfaces__rosidl_typesupport_fastrtps_cppExport.cmake
-- Up-to-date: /home/masterthesis/kaixi_crospi_ws/install/crospi_interfaces/share/crospi_interfaces/cmake/export_crospi_interfaces__rosidl_typesupport_fastrtps_cppExport-noconfig.cmake
-- Up-to-date: /home/masterthesis/kaixi_crospi_ws/install/crospi_interfaces/share/crospi_interfaces/cmake/crospi_interfaces__rosidl_typesupport_introspection_cExport.cmake
-- Up-to-date: /home/masterthesis/kaixi_crospi_ws/install/crospi_interfaces/share/crospi_interfaces/cmake/crospi_interfaces__rosidl_typesupport_introspection_cExport-noconfig.cmake
-- Up-to-date: /home/masterthesis/kaixi_crospi_ws/install/crospi_interfaces/share/crospi_interfaces/cmake/crospi_interfaces__rosidl_typesupport_cExport.cmake
-- Up-to-date: /home/masterthesis/kaixi_crospi_ws/install/crospi_interfaces/share/crospi_interfaces/cmake/crospi_interfaces__rosidl_typesupport_cExport-noconfig.cmake
-- Up-to-date: /home/masterthesis/kaixi_crospi_ws/install/crospi_interfaces/share/crospi_interfaces/cmake/crospi_interfaces__rosidl_typesupport_introspection_cppExport.cmake
-- Up-to-date: /home/masterthesis/kaixi_crospi_ws/install/crospi_interfaces/share/crospi_interfaces/cmake/crospi_interfaces__rosidl_typesupport_introspection_cppExport-noconfig.cmake
-- Up-to-date: /home/masterthesis/kaixi_crospi_ws/install/crospi_interfaces/share/crospi_interfaces/cmake/crospi_interfaces__rosidl_typesupport_cppExport.cmake
-- Up-to-date: /home/masterthesis/kaixi_crospi_ws/install/crospi_interfaces/share/crospi_interfaces/cmake/crospi_interfaces__rosidl_typesupport_cppExport-noconfig.cmake
-- Up-to-date: /home/masterthesis/kaixi_crospi_ws/install/crospi_interfaces/share/crospi_interfaces/cmake/export_crospi_interfaces__rosidl_generator_pyExport.cmake
-- Up-to-date: /home/masterthesis/kaixi_crospi_ws/install/crospi_interfaces/share/crospi_interfaces/cmake/export_crospi_interfaces__rosidl_generator_pyExport-noconfig.cmake
