[0.020s] Invoking command in '/home/masterthesis/kaixi_crospi_ws/build/crospi_interfaces': CMAKE_PREFIX_PATH=/home/masterthesis/workspaces_ros2/kaixi_ws/install/ur_description:/home/masterthesis/workspaces_ros2/kaixi_ws/install/trossen_arm_ros:/home/masterthesis/workspaces_ros2/kaixi_ws/install/trossen_arm_moveit:/home/masterthesis/workspaces_ros2/kaixi_ws/install/trossen_arm_controllers:/home/masterthesis/workspaces_ros2/kaixi_ws/install/trossen_arm_bringup:/home/masterthesis/workspaces_ros2/kaixi_ws/install/trossen_arm_hardware:/home/masterthesis/workspaces_ros2/kaixi_ws/install/trossen_arm_description:/opt/ros2_crospi_ws/install/betfsm_demos:/opt/ros2_crospi_ws/install/betfsm:/opt/ros/humble:/home/masterthesis/workspaces_ros2/kaixi_ws/install/libtrossen_arm:/home/masterthesis/workspaces_ros2/kaixi_ws/install/crospi_application_template:/opt/ros2_crospi_ws/install/template_driver_crospi:/opt/ros2_crospi_ws/install/crospi_default_plugins:/opt/ros2_crospi_ws/install/crospi_core:/opt/ros2_crospi_ws/install/etasl_wrapper:/opt/ros2_crospi_ws/install/crospi_interfaces:/opt/ros2_crospi_ws/install/betfsm_interfaces /usr/bin/cmake --build /home/masterthesis/kaixi_crospi_ws/build/crospi_interfaces -- -j16 -l16
[0.060s] [35m[1mConsolidate compiler generated dependencies of target crospi_interfaces__rosidl_generator_c[0m
[0.063s] [  1%] Built target crospi_interfaces__rs
[0.065s] [  1%] Built target crospi_interfaces__cpp
[0.072s] [  1%] Built target ament_cmake_python_symlink_crospi_interfaces
[0.077s] [ 13%] Built target crospi_interfaces__rosidl_generator_c
[0.081s] [35m[1mConsolidate compiler generated dependencies of target crospi_interfaces__rosidl_typesupport_cpp[0m
[0.082s] [35m[1mConsolidate compiler generated dependencies of target crospi_interfaces__rosidl_typesupport_introspection_cpp[0m
[0.085s] [35m[1mConsolidate compiler generated dependencies of target crospi_interfaces__rosidl_typesupport_fastrtps_cpp[0m
[0.096s] [35m[1mConsolidate compiler generated dependencies of target crospi_interfaces__rosidl_typesupport_introspection_c[0m
[0.097s] [35m[1mConsolidate compiler generated dependencies of target crospi_interfaces__rosidl_typesupport_fastrtps_c[0m
[0.099s] [35m[1mConsolidate compiler generated dependencies of target crospi_interfaces__rosidl_typesupport_c[0m
[0.102s] [ 25%] Built target crospi_interfaces__rosidl_typesupport_cpp
[0.103s] [ 37%] Built target crospi_interfaces__rosidl_typesupport_introspection_cpp
[0.104s] [ 49%] Built target crospi_interfaces__rosidl_typesupport_fastrtps_cpp
[0.110s] [ 60%] Built target crospi_interfaces__rosidl_typesupport_introspection_c
[0.114s] [ 71%] Built target crospi_interfaces__rosidl_typesupport_c
[0.115s] [ 82%] Built target crospi_interfaces__rosidl_typesupport_fastrtps_c
[0.132s] [ 82%] Built target crospi_interfaces
[0.170s] [ 83%] Built target crospi_interfaces__py
[0.190s] [35m[1mConsolidate compiler generated dependencies of target crospi_interfaces__rosidl_generator_py[0m
[0.219s] [ 94%] Built target crospi_interfaces__rosidl_generator_py
[0.235s] [35m[1mConsolidate compiler generated dependencies of target crospi_interfaces__rosidl_typesupport_introspection_c__pyext[0m
[0.235s] [35m[1mConsolidate compiler generated dependencies of target crospi_interfaces__rosidl_typesupport_fastrtps_c__pyext[0m
[0.241s] [35m[1mConsolidate compiler generated dependencies of target crospi_interfaces__rosidl_typesupport_c__pyext[0m
[0.249s] [ 96%] Built target crospi_interfaces__rosidl_typesupport_introspection_c__pyext
[0.254s] [ 98%] Built target crospi_interfaces__rosidl_typesupport_fastrtps_c__pyext
[0.258s] [100%] Built target crospi_interfaces__rosidl_typesupport_c__pyext
[0.401s] running egg_info
[0.401s] writing crospi_interfaces.egg-info/PKG-INFO
[0.401s] writing dependency_links to crospi_interfaces.egg-info/dependency_links.txt
[0.401s] writing top-level names to crospi_interfaces.egg-info/top_level.txt
[0.403s] reading manifest file 'crospi_interfaces.egg-info/SOURCES.txt'
[0.404s] writing manifest file 'crospi_interfaces.egg-info/SOURCES.txt'
[0.427s] [100%] Built target ament_cmake_python_build_crospi_interfaces_egg
[0.437s] Invoked command in '/home/masterthesis/kaixi_crospi_ws/build/crospi_interfaces' returned '0': CMAKE_PREFIX_PATH=/home/masterthesis/workspaces_ros2/kaixi_ws/install/ur_description:/home/masterthesis/workspaces_ros2/kaixi_ws/install/trossen_arm_ros:/home/masterthesis/workspaces_ros2/kaixi_ws/install/trossen_arm_moveit:/home/masterthesis/workspaces_ros2/kaixi_ws/install/trossen_arm_controllers:/home/masterthesis/workspaces_ros2/kaixi_ws/install/trossen_arm_bringup:/home/masterthesis/workspaces_ros2/kaixi_ws/install/trossen_arm_hardware:/home/masterthesis/workspaces_ros2/kaixi_ws/install/trossen_arm_description:/opt/ros2_crospi_ws/install/betfsm_demos:/opt/ros2_crospi_ws/install/betfsm:/opt/ros/humble:/home/masterthesis/workspaces_ros2/kaixi_ws/install/libtrossen_arm:/home/masterthesis/workspaces_ros2/kaixi_ws/install/crospi_application_template:/opt/ros2_crospi_ws/install/template_driver_crospi:/opt/ros2_crospi_ws/install/crospi_default_plugins:/opt/ros2_crospi_ws/install/crospi_core:/opt/ros2_crospi_ws/install/etasl_wrapper:/opt/ros2_crospi_ws/install/crospi_interfaces:/opt/ros2_crospi_ws/install/betfsm_interfaces /usr/bin/cmake --build /home/masterthesis/kaixi_crospi_ws/build/crospi_interfaces -- -j16 -l16
[0.445s] Invoking command in '/home/masterthesis/kaixi_crospi_ws/build/crospi_interfaces': CMAKE_PREFIX_PATH=/home/masterthesis/workspaces_ros2/kaixi_ws/install/ur_description:/home/masterthesis/workspaces_ros2/kaixi_ws/install/trossen_arm_ros:/home/masterthesis/workspaces_ros2/kaixi_ws/install/trossen_arm_moveit:/home/masterthesis/workspaces_ros2/kaixi_ws/install/trossen_arm_controllers:/home/masterthesis/workspaces_ros2/kaixi_ws/install/trossen_arm_bringup:/home/masterthesis/workspaces_ros2/kaixi_ws/install/trossen_arm_hardware:/home/masterthesis/workspaces_ros2/kaixi_ws/install/trossen_arm_description:/opt/ros2_crospi_ws/install/betfsm_demos:/opt/ros2_crospi_ws/install/betfsm:/opt/ros/humble:/home/masterthesis/workspaces_ros2/kaixi_ws/install/libtrossen_arm:/home/masterthesis/workspaces_ros2/kaixi_ws/install/crospi_application_template:/opt/ros2_crospi_ws/install/template_driver_crospi:/opt/ros2_crospi_ws/install/crospi_default_plugins:/opt/ros2_crospi_ws/install/crospi_core:/opt/ros2_crospi_ws/install/etasl_wrapper:/opt/ros2_crospi_ws/install/crospi_interfaces:/opt/ros2_crospi_ws/install/betfsm_interfaces /usr/bin/cmake --install /home/masterthesis/kaixi_crospi_ws/build/crospi_interfaces
[0.450s] -- Install configuration: ""
[0.451s] -- Execute custom install script
[0.451s] -- Up-to-date symlink: /home/masterthesis/kaixi_crospi_ws/install/crospi_interfaces/share/ament_index/resource_index/rosidl_interfaces/crospi_interfaces
[0.452s] -- Up-to-date symlink: /home/masterthesis/kaixi_crospi_ws/install/crospi_interfaces/include/crospi_interfaces/crospi_interfaces/action/detail/run_task__functions.h
[0.452s] -- Up-to-date symlink: /home/masterthesis/kaixi_crospi_ws/install/crospi_interfaces/include/crospi_interfaces/crospi_interfaces/action/detail/run_task__struct.h
[0.452s] -- Up-to-date symlink: /home/masterthesis/kaixi_crospi_ws/install/crospi_interfaces/include/crospi_interfaces/crospi_interfaces/action/detail/run_task__type_support.h
[0.452s] -- Up-to-date symlink: /home/masterthesis/kaixi_crospi_ws/install/crospi_interfaces/include/crospi_interfaces/crospi_interfaces/action/run_task.h
[0.452s] -- Up-to-date symlink: /home/masterthesis/kaixi_crospi_ws/install/crospi_interfaces/include/crospi_interfaces/crospi_interfaces/msg/detail/input__functions.h
[0.452s] -- Up-to-date symlink: /home/masterthesis/kaixi_crospi_ws/install/crospi_interfaces/include/crospi_interfaces/crospi_interfaces/msg/detail/input__struct.h
[0.453s] -- Up-to-date symlink: /home/masterthesis/kaixi_crospi_ws/install/crospi_interfaces/include/crospi_interfaces/crospi_interfaces/msg/detail/input__type_support.h
[0.453s] -- Up-to-date symlink: /home/masterthesis/kaixi_crospi_ws/install/crospi_interfaces/include/crospi_interfaces/crospi_interfaces/msg/detail/number_parameters__functions.h
[0.453s] -- Up-to-date symlink: /home/masterthesis/kaixi_crospi_ws/install/crospi_interfaces/include/crospi_interfaces/crospi_interfaces/msg/detail/number_parameters__struct.h
[0.453s] -- Up-to-date symlink: /home/masterthesis/kaixi_crospi_ws/install/crospi_interfaces/include/crospi_interfaces/crospi_interfaces/msg/detail/number_parameters__type_support.h
[0.453s] -- Up-to-date symlink: /home/masterthesis/kaixi_crospi_ws/install/crospi_interfaces/include/crospi_interfaces/crospi_interfaces/msg/detail/output__functions.h
[0.453s] -- Up-to-date symlink: /home/masterthesis/kaixi_crospi_ws/install/crospi_interfaces/include/crospi_interfaces/crospi_interfaces/msg/detail/output__struct.h
[0.453s] -- Up-to-date symlink: /home/masterthesis/kaixi_crospi_ws/install/crospi_interfaces/include/crospi_interfaces/crospi_interfaces/msg/detail/output__type_support.h
[0.453s] -- Up-to-date symlink: /home/masterthesis/kaixi_crospi_ws/install/crospi_interfaces/include/crospi_interfaces/crospi_interfaces/msg/detail/output_derivatives__functions.h
[0.454s] -- Up-to-date symlink: /home/masterthesis/kaixi_crospi_ws/install/crospi_interfaces/include/crospi_interfaces/crospi_interfaces/msg/detail/output_derivatives__struct.h
[0.455s] -- Up-to-date symlink: /home/masterthesis/kaixi_crospi_ws/install/crospi_interfaces/include/crospi_interfaces/crospi_interfaces/msg/detail/output_derivatives__type_support.h
[0.455s] -- Up-to-date symlink: /home/masterthesis/kaixi_crospi_ws/install/crospi_interfaces/include/crospi_interfaces/crospi_interfaces/msg/detail/pose_parameters__functions.h
[0.455s] -- Up-to-date symlink: /home/masterthesis/kaixi_crospi_ws/install/crospi_interfaces/include/crospi_interfaces/crospi_interfaces/msg/detail/pose_parameters__struct.h
[0.455s] -- Up-to-date symlink: /home/masterthesis/kaixi_crospi_ws/install/crospi_interfaces/include/crospi_interfaces/crospi_interfaces/msg/detail/pose_parameters__type_support.h
[0.455s] -- Up-to-date symlink: /home/masterthesis/kaixi_crospi_ws/install/crospi_interfaces/include/crospi_interfaces/crospi_interfaces/msg/detail/return_value__functions.h
[0.455s] -- Up-to-date symlink: /home/masterthesis/kaixi_crospi_ws/install/crospi_interfaces/include/crospi_interfaces/crospi_interfaces/msg/detail/return_value__struct.h
[0.455s] -- Up-to-date symlink: /home/masterthesis/kaixi_crospi_ws/install/crospi_interfaces/include/crospi_interfaces/crospi_interfaces/msg/detail/return_value__type_support.h
[0.455s] -- Up-to-date symlink: /home/masterthesis/kaixi_crospi_ws/install/crospi_interfaces/include/crospi_interfaces/crospi_interfaces/msg/detail/task_parameters__functions.h
[0.455s] -- Up-to-date symlink: /home/masterthesis/kaixi_crospi_ws/install/crospi_interfaces/include/crospi_interfaces/crospi_interfaces/msg/detail/task_parameters__struct.h
[0.455s] -- Up-to-date symlink: /home/masterthesis/kaixi_crospi_ws/install/crospi_interfaces/include/crospi_interfaces/crospi_interfaces/msg/detail/task_parameters__type_support.h
[0.455s] -- Up-to-date symlink: /home/masterthesis/kaixi_crospi_ws/install/crospi_interfaces/include/crospi_interfaces/crospi_interfaces/msg/detail/test__functions.h
[0.456s] -- Up-to-date symlink: /home/masterthesis/kaixi_crospi_ws/install/crospi_interfaces/include/crospi_interfaces/crospi_interfaces/msg/detail/test__struct.h
[0.456s] -- Up-to-date symlink: /home/masterthesis/kaixi_crospi_ws/install/crospi_interfaces/include/crospi_interfaces/crospi_interfaces/msg/detail/test__type_support.h
[0.456s] -- Up-to-date symlink: /home/masterthesis/kaixi_crospi_ws/install/crospi_interfaces/include/crospi_interfaces/crospi_interfaces/msg/detail/vector3_parameters__functions.h
[0.456s] -- Up-to-date symlink: /home/masterthesis/kaixi_crospi_ws/install/crospi_interfaces/include/crospi_interfaces/crospi_interfaces/msg/detail/vector3_parameters__struct.h
[0.456s] -- Up-to-date symlink: /home/masterthesis/kaixi_crospi_ws/install/crospi_interfaces/include/crospi_interfaces/crospi_interfaces/msg/detail/vector3_parameters__type_support.h
[0.456s] -- Up-to-date symlink: /home/masterthesis/kaixi_crospi_ws/install/crospi_interfaces/include/crospi_interfaces/crospi_interfaces/msg/input.h
[0.456s] -- Up-to-date symlink: /home/masterthesis/kaixi_crospi_ws/install/crospi_interfaces/include/crospi_interfaces/crospi_interfaces/msg/number_parameters.h
[0.456s] -- Up-to-date symlink: /home/masterthesis/kaixi_crospi_ws/install/crospi_interfaces/include/crospi_interfaces/crospi_interfaces/msg/output.h
[0.456s] -- Up-to-date symlink: /home/masterthesis/kaixi_crospi_ws/install/crospi_interfaces/include/crospi_interfaces/crospi_interfaces/msg/output_derivatives.h
[0.456s] -- Up-to-date symlink: /home/masterthesis/kaixi_crospi_ws/install/crospi_interfaces/include/crospi_interfaces/crospi_interfaces/msg/pose_parameters.h
[0.456s] -- Up-to-date symlink: /home/masterthesis/kaixi_crospi_ws/install/crospi_interfaces/include/crospi_interfaces/crospi_interfaces/msg/return_value.h
[0.456s] -- Up-to-date symlink: /home/masterthesis/kaixi_crospi_ws/install/crospi_interfaces/include/crospi_interfaces/crospi_interfaces/msg/rosidl_generator_c__visibility_control.h
[0.456s] -- Up-to-date symlink: /home/masterthesis/kaixi_crospi_ws/install/crospi_interfaces/include/crospi_interfaces/crospi_interfaces/msg/task_parameters.h
[0.456s] -- Up-to-date symlink: /home/masterthesis/kaixi_crospi_ws/install/crospi_interfaces/include/crospi_interfaces/crospi_interfaces/msg/test.h
[0.457s] -- Up-to-date symlink: /home/masterthesis/kaixi_crospi_ws/install/crospi_interfaces/include/crospi_interfaces/crospi_interfaces/msg/vector3_parameters.h
[0.457s] -- Up-to-date symlink: /home/masterthesis/kaixi_crospi_ws/install/crospi_interfaces/include/crospi_interfaces/crospi_interfaces/srv/detail/lua_cmd__functions.h
[0.457s] -- Up-to-date symlink: /home/masterthesis/kaixi_crospi_ws/install/crospi_interfaces/include/crospi_interfaces/crospi_interfaces/srv/detail/lua_cmd__struct.h
[0.457s] -- Up-to-date symlink: /home/masterthesis/kaixi_crospi_ws/install/crospi_interfaces/include/crospi_interfaces/crospi_interfaces/srv/detail/lua_cmd__type_support.h
[0.457s] -- Up-to-date symlink: /home/masterthesis/kaixi_crospi_ws/install/crospi_interfaces/include/crospi_interfaces/crospi_interfaces/srv/detail/task_specification_file__functions.h
[0.457s] -- Up-to-date symlink: /home/masterthesis/kaixi_crospi_ws/install/crospi_interfaces/include/crospi_interfaces/crospi_interfaces/srv/detail/task_specification_file__struct.h
[0.457s] -- Up-to-date symlink: /home/masterthesis/kaixi_crospi_ws/install/crospi_interfaces/include/crospi_interfaces/crospi_interfaces/srv/detail/task_specification_file__type_support.h
[0.457s] -- Up-to-date symlink: /home/masterthesis/kaixi_crospi_ws/install/crospi_interfaces/include/crospi_interfaces/crospi_interfaces/srv/detail/task_specification_string__functions.h
[0.457s] -- Up-to-date symlink: /home/masterthesis/kaixi_crospi_ws/install/crospi_interfaces/include/crospi_interfaces/crospi_interfaces/srv/detail/task_specification_string__struct.h
[0.457s] -- Up-to-date symlink: /home/masterthesis/kaixi_crospi_ws/install/crospi_interfaces/include/crospi_interfaces/crospi_interfaces/srv/detail/task_specification_string__type_support.h
[0.457s] -- Up-to-date symlink: /home/masterthesis/kaixi_crospi_ws/install/crospi_interfaces/include/crospi_interfaces/crospi_interfaces/srv/lua_cmd.h
[0.457s] -- Up-to-date symlink: /home/masterthesis/kaixi_crospi_ws/install/crospi_interfaces/include/crospi_interfaces/crospi_interfaces/srv/task_specification_file.h
[0.457s] -- Up-to-date symlink: /home/masterthesis/kaixi_crospi_ws/install/crospi_interfaces/include/crospi_interfaces/crospi_interfaces/srv/task_specification_string.h
[0.457s] -- Up-to-date symlink: /home/masterthesis/kaixi_crospi_ws/install/crospi_interfaces/share/crospi_interfaces/environment/library_path.sh
[0.457s] -- Up-to-date symlink: /home/masterthesis/kaixi_crospi_ws/install/crospi_interfaces/share/crospi_interfaces/environment/library_path.dsv
[0.457s] -- Up-to-date symlink: /home/masterthesis/kaixi_crospi_ws/install/crospi_interfaces/include/crospi_interfaces/crospi_interfaces/action/detail/run_task__rosidl_typesupport_fastrtps_c.h
[0.457s] -- Up-to-date symlink: /home/masterthesis/kaixi_crospi_ws/install/crospi_interfaces/include/crospi_interfaces/crospi_interfaces/msg/detail/input__rosidl_typesupport_fastrtps_c.h
[0.458s] -- Up-to-date symlink: /home/masterthesis/kaixi_crospi_ws/install/crospi_interfaces/include/crospi_interfaces/crospi_interfaces/msg/detail/number_parameters__rosidl_typesupport_fastrtps_c.h
[0.458s] -- Up-to-date symlink: /home/masterthesis/kaixi_crospi_ws/install/crospi_interfaces/include/crospi_interfaces/crospi_interfaces/msg/detail/output__rosidl_typesupport_fastrtps_c.h
[0.458s] -- Up-to-date symlink: /home/masterthesis/kaixi_crospi_ws/install/crospi_interfaces/include/crospi_interfaces/crospi_interfaces/msg/detail/output_derivatives__rosidl_typesupport_fastrtps_c.h
[0.458s] -- Up-to-date symlink: /home/masterthesis/kaixi_crospi_ws/install/crospi_interfaces/include/crospi_interfaces/crospi_interfaces/msg/detail/pose_parameters__rosidl_typesupport_fastrtps_c.h
[0.458s] -- Up-to-date symlink: /home/masterthesis/kaixi_crospi_ws/install/crospi_interfaces/include/crospi_interfaces/crospi_interfaces/msg/detail/return_value__rosidl_typesupport_fastrtps_c.h
[0.458s] -- Up-to-date symlink: /home/masterthesis/kaixi_crospi_ws/install/crospi_interfaces/include/crospi_interfaces/crospi_interfaces/msg/detail/task_parameters__rosidl_typesupport_fastrtps_c.h
[0.458s] -- Up-to-date symlink: /home/masterthesis/kaixi_crospi_ws/install/crospi_interfaces/include/crospi_interfaces/crospi_interfaces/msg/detail/test__rosidl_typesupport_fastrtps_c.h
[0.458s] -- Up-to-date symlink: /home/masterthesis/kaixi_crospi_ws/install/crospi_interfaces/include/crospi_interfaces/crospi_interfaces/msg/detail/vector3_parameters__rosidl_typesupport_fastrtps_c.h
[0.458s] -- Up-to-date symlink: /home/masterthesis/kaixi_crospi_ws/install/crospi_interfaces/include/crospi_interfaces/crospi_interfaces/msg/rosidl_typesupport_fastrtps_c__visibility_control.h
[0.458s] -- Up-to-date symlink: /home/masterthesis/kaixi_crospi_ws/install/crospi_interfaces/include/crospi_interfaces/crospi_interfaces/srv/detail/lua_cmd__rosidl_typesupport_fastrtps_c.h
[0.458s] -- Up-to-date symlink: /home/masterthesis/kaixi_crospi_ws/install/crospi_interfaces/include/crospi_interfaces/crospi_interfaces/srv/detail/task_specification_file__rosidl_typesupport_fastrtps_c.h
[0.458s] -- Up-to-date symlink: /home/masterthesis/kaixi_crospi_ws/install/crospi_interfaces/include/crospi_interfaces/crospi_interfaces/srv/detail/task_specification_string__rosidl_typesupport_fastrtps_c.h
[0.458s] -- Up-to-date symlink: /home/masterthesis/kaixi_crospi_ws/install/crospi_interfaces/include/crospi_interfaces/crospi_interfaces/action/detail/run_task__builder.hpp
[0.458s] -- Up-to-date symlink: /home/masterthesis/kaixi_crospi_ws/install/crospi_interfaces/include/crospi_interfaces/crospi_interfaces/action/detail/run_task__struct.hpp
[0.458s] -- Up-to-date symlink: /home/masterthesis/kaixi_crospi_ws/install/crospi_interfaces/include/crospi_interfaces/crospi_interfaces/action/detail/run_task__traits.hpp
[0.458s] -- Up-to-date symlink: /home/masterthesis/kaixi_crospi_ws/install/crospi_interfaces/include/crospi_interfaces/crospi_interfaces/action/detail/run_task__type_support.hpp
[0.458s] -- Up-to-date symlink: /home/masterthesis/kaixi_crospi_ws/install/crospi_interfaces/include/crospi_interfaces/crospi_interfaces/action/run_task.hpp
[0.459s] -- Up-to-date symlink: /home/masterthesis/kaixi_crospi_ws/install/crospi_interfaces/include/crospi_interfaces/crospi_interfaces/msg/detail/input__builder.hpp
[0.459s] -- Up-to-date symlink: /home/masterthesis/kaixi_crospi_ws/install/crospi_interfaces/include/crospi_interfaces/crospi_interfaces/msg/detail/input__struct.hpp
[0.459s] -- Up-to-date symlink: /home/masterthesis/kaixi_crospi_ws/install/crospi_interfaces/include/crospi_interfaces/crospi_interfaces/msg/detail/input__traits.hpp
[0.459s] -- Up-to-date symlink: /home/masterthesis/kaixi_crospi_ws/install/crospi_interfaces/include/crospi_interfaces/crospi_interfaces/msg/detail/input__type_support.hpp
[0.459s] -- Up-to-date symlink: /home/masterthesis/kaixi_crospi_ws/install/crospi_interfaces/include/crospi_interfaces/crospi_interfaces/msg/detail/number_parameters__builder.hpp
[0.459s] -- Up-to-date symlink: /home/masterthesis/kaixi_crospi_ws/install/crospi_interfaces/include/crospi_interfaces/crospi_interfaces/msg/detail/number_parameters__struct.hpp
[0.459s] -- Up-to-date symlink: /home/masterthesis/kaixi_crospi_ws/install/crospi_interfaces/include/crospi_interfaces/crospi_interfaces/msg/detail/number_parameters__traits.hpp
[0.459s] -- Up-to-date symlink: /home/masterthesis/kaixi_crospi_ws/install/crospi_interfaces/include/crospi_interfaces/crospi_interfaces/msg/detail/number_parameters__type_support.hpp
[0.459s] -- Up-to-date symlink: /home/masterthesis/kaixi_crospi_ws/install/crospi_interfaces/include/crospi_interfaces/crospi_interfaces/msg/detail/output__builder.hpp
[0.459s] -- Up-to-date symlink: /home/masterthesis/kaixi_crospi_ws/install/crospi_interfaces/include/crospi_interfaces/crospi_interfaces/msg/detail/output__struct.hpp
[0.459s] -- Up-to-date symlink: /home/masterthesis/kaixi_crospi_ws/install/crospi_interfaces/include/crospi_interfaces/crospi_interfaces/msg/detail/output__traits.hpp
[0.459s] -- Up-to-date symlink: /home/masterthesis/kaixi_crospi_ws/install/crospi_interfaces/include/crospi_interfaces/crospi_interfaces/msg/detail/output__type_support.hpp
[0.459s] -- Up-to-date symlink: /home/masterthesis/kaixi_crospi_ws/install/crospi_interfaces/include/crospi_interfaces/crospi_interfaces/msg/detail/output_derivatives__builder.hpp
[0.460s] -- Up-to-date symlink: /home/masterthesis/kaixi_crospi_ws/install/crospi_interfaces/include/crospi_interfaces/crospi_interfaces/msg/detail/output_derivatives__struct.hpp
[0.460s] -- Up-to-date symlink: /home/masterthesis/kaixi_crospi_ws/install/crospi_interfaces/include/crospi_interfaces/crospi_interfaces/msg/detail/output_derivatives__traits.hpp
[0.460s] -- Up-to-date symlink: /home/masterthesis/kaixi_crospi_ws/install/crospi_interfaces/include/crospi_interfaces/crospi_interfaces/msg/detail/output_derivatives__type_support.hpp
[0.460s] -- Up-to-date symlink: /home/masterthesis/kaixi_crospi_ws/install/crospi_interfaces/include/crospi_interfaces/crospi_interfaces/msg/detail/pose_parameters__builder.hpp
[0.460s] -- Up-to-date symlink: /home/masterthesis/kaixi_crospi_ws/install/crospi_interfaces/include/crospi_interfaces/crospi_interfaces/msg/detail/pose_parameters__struct.hpp
[0.460s] -- Up-to-date symlink: /home/masterthesis/kaixi_crospi_ws/install/crospi_interfaces/include/crospi_interfaces/crospi_interfaces/msg/detail/pose_parameters__traits.hpp
[0.460s] -- Up-to-date symlink: /home/masterthesis/kaixi_crospi_ws/install/crospi_interfaces/include/crospi_interfaces/crospi_interfaces/msg/detail/pose_parameters__type_support.hpp
[0.460s] -- Up-to-date symlink: /home/masterthesis/kaixi_crospi_ws/install/crospi_interfaces/include/crospi_interfaces/crospi_interfaces/msg/detail/return_value__builder.hpp
[0.460s] -- Up-to-date symlink: /home/masterthesis/kaixi_crospi_ws/install/crospi_interfaces/include/crospi_interfaces/crospi_interfaces/msg/detail/return_value__struct.hpp
[0.460s] -- Up-to-date symlink: /home/masterthesis/kaixi_crospi_ws/install/crospi_interfaces/include/crospi_interfaces/crospi_interfaces/msg/detail/return_value__traits.hpp
[0.460s] -- Up-to-date symlink: /home/masterthesis/kaixi_crospi_ws/install/crospi_interfaces/include/crospi_interfaces/crospi_interfaces/msg/detail/return_value__type_support.hpp
[0.460s] -- Up-to-date symlink: /home/masterthesis/kaixi_crospi_ws/install/crospi_interfaces/include/crospi_interfaces/crospi_interfaces/msg/detail/task_parameters__builder.hpp
[0.461s] -- Up-to-date symlink: /home/masterthesis/kaixi_crospi_ws/install/crospi_interfaces/include/crospi_interfaces/crospi_interfaces/msg/detail/task_parameters__struct.hpp
[0.461s] -- Up-to-date symlink: /home/masterthesis/kaixi_crospi_ws/install/crospi_interfaces/include/crospi_interfaces/crospi_interfaces/msg/detail/task_parameters__traits.hpp
[0.461s] -- Up-to-date symlink: /home/masterthesis/kaixi_crospi_ws/install/crospi_interfaces/include/crospi_interfaces/crospi_interfaces/msg/detail/task_parameters__type_support.hpp
[0.461s] -- Up-to-date symlink: /home/masterthesis/kaixi_crospi_ws/install/crospi_interfaces/include/crospi_interfaces/crospi_interfaces/msg/detail/test__builder.hpp
[0.461s] -- Up-to-date symlink: /home/masterthesis/kaixi_crospi_ws/install/crospi_interfaces/include/crospi_interfaces/crospi_interfaces/msg/detail/test__struct.hpp
[0.461s] -- Up-to-date symlink: /home/masterthesis/kaixi_crospi_ws/install/crospi_interfaces/include/crospi_interfaces/crospi_interfaces/msg/detail/test__traits.hpp
[0.461s] -- Up-to-date symlink: /home/masterthesis/kaixi_crospi_ws/install/crospi_interfaces/include/crospi_interfaces/crospi_interfaces/msg/detail/test__type_support.hpp
[0.461s] -- Up-to-date symlink: /home/masterthesis/kaixi_crospi_ws/install/crospi_interfaces/include/crospi_interfaces/crospi_interfaces/msg/detail/vector3_parameters__builder.hpp
[0.461s] -- Up-to-date symlink: /home/masterthesis/kaixi_crospi_ws/install/crospi_interfaces/include/crospi_interfaces/crospi_interfaces/msg/detail/vector3_parameters__struct.hpp
[0.461s] -- Up-to-date symlink: /home/masterthesis/kaixi_crospi_ws/install/crospi_interfaces/include/crospi_interfaces/crospi_interfaces/msg/detail/vector3_parameters__traits.hpp
[0.461s] -- Up-to-date symlink: /home/masterthesis/kaixi_crospi_ws/install/crospi_interfaces/include/crospi_interfaces/crospi_interfaces/msg/detail/vector3_parameters__type_support.hpp
[0.461s] -- Up-to-date symlink: /home/masterthesis/kaixi_crospi_ws/install/crospi_interfaces/include/crospi_interfaces/crospi_interfaces/msg/input.hpp
[0.461s] -- Up-to-date symlink: /home/masterthesis/kaixi_crospi_ws/install/crospi_interfaces/include/crospi_interfaces/crospi_interfaces/msg/number_parameters.hpp
[0.462s] -- Up-to-date symlink: /home/masterthesis/kaixi_crospi_ws/install/crospi_interfaces/include/crospi_interfaces/crospi_interfaces/msg/output.hpp
[0.462s] -- Up-to-date symlink: /home/masterthesis/kaixi_crospi_ws/install/crospi_interfaces/include/crospi_interfaces/crospi_interfaces/msg/output_derivatives.hpp
[0.462s] -- Up-to-date symlink: /home/masterthesis/kaixi_crospi_ws/install/crospi_interfaces/include/crospi_interfaces/crospi_interfaces/msg/pose_parameters.hpp
[0.462s] -- Up-to-date symlink: /home/masterthesis/kaixi_crospi_ws/install/crospi_interfaces/include/crospi_interfaces/crospi_interfaces/msg/return_value.hpp
[0.462s] -- Up-to-date symlink: /home/masterthesis/kaixi_crospi_ws/install/crospi_interfaces/include/crospi_interfaces/crospi_interfaces/msg/rosidl_generator_cpp__visibility_control.hpp
[0.462s] -- Up-to-date symlink: /home/masterthesis/kaixi_crospi_ws/install/crospi_interfaces/include/crospi_interfaces/crospi_interfaces/msg/task_parameters.hpp
[0.463s] -- Up-to-date symlink: /home/masterthesis/kaixi_crospi_ws/install/crospi_interfaces/include/crospi_interfaces/crospi_interfaces/msg/test.hpp
[0.463s] -- Up-to-date symlink: /home/masterthesis/kaixi_crospi_ws/install/crospi_interfaces/include/crospi_interfaces/crospi_interfaces/msg/vector3_parameters.hpp
[0.463s] -- Up-to-date symlink: /home/masterthesis/kaixi_crospi_ws/install/crospi_interfaces/include/crospi_interfaces/crospi_interfaces/srv/detail/lua_cmd__builder.hpp
[0.463s] -- Up-to-date symlink: /home/masterthesis/kaixi_crospi_ws/install/crospi_interfaces/include/crospi_interfaces/crospi_interfaces/srv/detail/lua_cmd__struct.hpp
[0.463s] -- Up-to-date symlink: /home/masterthesis/kaixi_crospi_ws/install/crospi_interfaces/include/crospi_interfaces/crospi_interfaces/srv/detail/lua_cmd__traits.hpp
[0.463s] -- Up-to-date symlink: /home/masterthesis/kaixi_crospi_ws/install/crospi_interfaces/include/crospi_interfaces/crospi_interfaces/srv/detail/lua_cmd__type_support.hpp
[0.463s] -- Up-to-date symlink: /home/masterthesis/kaixi_crospi_ws/install/crospi_interfaces/include/crospi_interfaces/crospi_interfaces/srv/detail/task_specification_file__builder.hpp
[0.463s] -- Up-to-date symlink: /home/masterthesis/kaixi_crospi_ws/install/crospi_interfaces/include/crospi_interfaces/crospi_interfaces/srv/detail/task_specification_file__struct.hpp
[0.463s] -- Up-to-date symlink: /home/masterthesis/kaixi_crospi_ws/install/crospi_interfaces/include/crospi_interfaces/crospi_interfaces/srv/detail/task_specification_file__traits.hpp
[0.463s] -- Up-to-date symlink: /home/masterthesis/kaixi_crospi_ws/install/crospi_interfaces/include/crospi_interfaces/crospi_interfaces/srv/detail/task_specification_file__type_support.hpp
[0.463s] -- Up-to-date symlink: /home/masterthesis/kaixi_crospi_ws/install/crospi_interfaces/include/crospi_interfaces/crospi_interfaces/srv/detail/task_specification_string__builder.hpp
[0.463s] -- Up-to-date symlink: /home/masterthesis/kaixi_crospi_ws/install/crospi_interfaces/include/crospi_interfaces/crospi_interfaces/srv/detail/task_specification_string__struct.hpp
[0.463s] -- Up-to-date symlink: /home/masterthesis/kaixi_crospi_ws/install/crospi_interfaces/include/crospi_interfaces/crospi_interfaces/srv/detail/task_specification_string__traits.hpp
[0.463s] -- Up-to-date symlink: /home/masterthesis/kaixi_crospi_ws/install/crospi_interfaces/include/crospi_interfaces/crospi_interfaces/srv/detail/task_specification_string__type_support.hpp
[0.463s] -- Up-to-date symlink: /home/masterthesis/kaixi_crospi_ws/install/crospi_interfaces/include/crospi_interfaces/crospi_interfaces/srv/lua_cmd.hpp
[0.463s] -- Up-to-date symlink: /home/masterthesis/kaixi_crospi_ws/install/crospi_interfaces/include/crospi_interfaces/crospi_interfaces/srv/task_specification_file.hpp
[0.464s] -- Up-to-date symlink: /home/masterthesis/kaixi_crospi_ws/install/crospi_interfaces/include/crospi_interfaces/crospi_interfaces/srv/task_specification_string.hpp
[0.464s] -- Up-to-date symlink: /home/masterthesis/kaixi_crospi_ws/install/crospi_interfaces/include/crospi_interfaces/crospi_interfaces/action/detail/run_task__rosidl_typesupport_fastrtps_cpp.hpp
[0.464s] -- Up-to-date symlink: /home/masterthesis/kaixi_crospi_ws/install/crospi_interfaces/include/crospi_interfaces/crospi_interfaces/msg/detail/input__rosidl_typesupport_fastrtps_cpp.hpp
[0.464s] -- Up-to-date symlink: /home/masterthesis/kaixi_crospi_ws/install/crospi_interfaces/include/crospi_interfaces/crospi_interfaces/msg/detail/number_parameters__rosidl_typesupport_fastrtps_cpp.hpp
[0.464s] -- Up-to-date symlink: /home/masterthesis/kaixi_crospi_ws/install/crospi_interfaces/include/crospi_interfaces/crospi_interfaces/msg/detail/output__rosidl_typesupport_fastrtps_cpp.hpp
[0.465s] -- Up-to-date symlink: /home/masterthesis/kaixi_crospi_ws/install/crospi_interfaces/include/crospi_interfaces/crospi_interfaces/msg/detail/output_derivatives__rosidl_typesupport_fastrtps_cpp.hpp
[0.465s] -- Up-to-date symlink: /home/masterthesis/kaixi_crospi_ws/install/crospi_interfaces/include/crospi_interfaces/crospi_interfaces/msg/detail/pose_parameters__rosidl_typesupport_fastrtps_cpp.hpp
[0.465s] -- Up-to-date symlink: /home/masterthesis/kaixi_crospi_ws/install/crospi_interfaces/include/crospi_interfaces/crospi_interfaces/msg/detail/return_value__rosidl_typesupport_fastrtps_cpp.hpp
[0.465s] -- Up-to-date symlink: /home/masterthesis/kaixi_crospi_ws/install/crospi_interfaces/include/crospi_interfaces/crospi_interfaces/msg/detail/task_parameters__rosidl_typesupport_fastrtps_cpp.hpp
[0.465s] -- Up-to-date symlink: /home/masterthesis/kaixi_crospi_ws/install/crospi_interfaces/include/crospi_interfaces/crospi_interfaces/msg/detail/test__rosidl_typesupport_fastrtps_cpp.hpp
[0.465s] -- Up-to-date symlink: /home/masterthesis/kaixi_crospi_ws/install/crospi_interfaces/include/crospi_interfaces/crospi_interfaces/msg/detail/vector3_parameters__rosidl_typesupport_fastrtps_cpp.hpp
[0.465s] -- Up-to-date symlink: /home/masterthesis/kaixi_crospi_ws/install/crospi_interfaces/include/crospi_interfaces/crospi_interfaces/msg/rosidl_typesupport_fastrtps_cpp__visibility_control.h
[0.465s] -- Up-to-date symlink: /home/masterthesis/kaixi_crospi_ws/install/crospi_interfaces/include/crospi_interfaces/crospi_interfaces/srv/detail/lua_cmd__rosidl_typesupport_fastrtps_cpp.hpp
[0.465s] -- Up-to-date symlink: /home/masterthesis/kaixi_crospi_ws/install/crospi_interfaces/include/crospi_interfaces/crospi_interfaces/srv/detail/task_specification_file__rosidl_typesupport_fastrtps_cpp.hpp
[0.465s] -- Up-to-date symlink: /home/masterthesis/kaixi_crospi_ws/install/crospi_interfaces/include/crospi_interfaces/crospi_interfaces/srv/detail/task_specification_string__rosidl_typesupport_fastrtps_cpp.hpp
[0.466s] -- Up-to-date symlink: /home/masterthesis/kaixi_crospi_ws/install/crospi_interfaces/include/crospi_interfaces/crospi_interfaces/action/detail/run_task__rosidl_typesupport_introspection_c.h
[0.466s] -- Up-to-date symlink: /home/masterthesis/kaixi_crospi_ws/install/crospi_interfaces/include/crospi_interfaces/crospi_interfaces/msg/detail/input__rosidl_typesupport_introspection_c.h
[0.466s] -- Up-to-date symlink: /home/masterthesis/kaixi_crospi_ws/install/crospi_interfaces/include/crospi_interfaces/crospi_interfaces/msg/detail/number_parameters__rosidl_typesupport_introspection_c.h
[0.466s] -- Up-to-date symlink: /home/masterthesis/kaixi_crospi_ws/install/crospi_interfaces/include/crospi_interfaces/crospi_interfaces/msg/detail/output__rosidl_typesupport_introspection_c.h
[0.466s] -- Up-to-date symlink: /home/masterthesis/kaixi_crospi_ws/install/crospi_interfaces/include/crospi_interfaces/crospi_interfaces/msg/detail/output_derivatives__rosidl_typesupport_introspection_c.h
[0.466s] -- Up-to-date symlink: /home/masterthesis/kaixi_crospi_ws/install/crospi_interfaces/include/crospi_interfaces/crospi_interfaces/msg/detail/pose_parameters__rosidl_typesupport_introspection_c.h
[0.466s] -- Up-to-date symlink: /home/masterthesis/kaixi_crospi_ws/install/crospi_interfaces/include/crospi_interfaces/crospi_interfaces/msg/detail/return_value__rosidl_typesupport_introspection_c.h
[0.466s] -- Up-to-date symlink: /home/masterthesis/kaixi_crospi_ws/install/crospi_interfaces/include/crospi_interfaces/crospi_interfaces/msg/detail/task_parameters__rosidl_typesupport_introspection_c.h
[0.466s] -- Up-to-date symlink: /home/masterthesis/kaixi_crospi_ws/install/crospi_interfaces/include/crospi_interfaces/crospi_interfaces/msg/detail/test__rosidl_typesupport_introspection_c.h
[0.466s] -- Up-to-date symlink: /home/masterthesis/kaixi_crospi_ws/install/crospi_interfaces/include/crospi_interfaces/crospi_interfaces/msg/detail/vector3_parameters__rosidl_typesupport_introspection_c.h
[0.467s] -- Up-to-date symlink: /home/masterthesis/kaixi_crospi_ws/install/crospi_interfaces/include/crospi_interfaces/crospi_interfaces/msg/rosidl_typesupport_introspection_c__visibility_control.h
[0.467s] -- Up-to-date symlink: /home/masterthesis/kaixi_crospi_ws/install/crospi_interfaces/include/crospi_interfaces/crospi_interfaces/srv/detail/lua_cmd__rosidl_typesupport_introspection_c.h
[0.467s] -- Up-to-date symlink: /home/masterthesis/kaixi_crospi_ws/install/crospi_interfaces/include/crospi_interfaces/crospi_interfaces/srv/detail/task_specification_file__rosidl_typesupport_introspection_c.h
[0.467s] -- Up-to-date symlink: /home/masterthesis/kaixi_crospi_ws/install/crospi_interfaces/include/crospi_interfaces/crospi_interfaces/srv/detail/task_specification_string__rosidl_typesupport_introspection_c.h
[0.467s] -- Up-to-date symlink: /home/masterthesis/kaixi_crospi_ws/install/crospi_interfaces/include/crospi_interfaces/crospi_interfaces/action/detail/run_task__rosidl_typesupport_introspection_cpp.hpp
[0.467s] -- Up-to-date symlink: /home/masterthesis/kaixi_crospi_ws/install/crospi_interfaces/include/crospi_interfaces/crospi_interfaces/msg/detail/input__rosidl_typesupport_introspection_cpp.hpp
[0.467s] -- Up-to-date symlink: /home/masterthesis/kaixi_crospi_ws/install/crospi_interfaces/include/crospi_interfaces/crospi_interfaces/msg/detail/number_parameters__rosidl_typesupport_introspection_cpp.hpp
[0.467s] -- Up-to-date symlink: /home/masterthesis/kaixi_crospi_ws/install/crospi_interfaces/include/crospi_interfaces/crospi_interfaces/msg/detail/output__rosidl_typesupport_introspection_cpp.hpp
[0.467s] -- Up-to-date symlink: /home/masterthesis/kaixi_crospi_ws/install/crospi_interfaces/include/crospi_interfaces/crospi_interfaces/msg/detail/output_derivatives__rosidl_typesupport_introspection_cpp.hpp
[0.467s] -- Up-to-date symlink: /home/masterthesis/kaixi_crospi_ws/install/crospi_interfaces/include/crospi_interfaces/crospi_interfaces/msg/detail/pose_parameters__rosidl_typesupport_introspection_cpp.hpp
[0.467s] -- Up-to-date symlink: /home/masterthesis/kaixi_crospi_ws/install/crospi_interfaces/include/crospi_interfaces/crospi_interfaces/msg/detail/return_value__rosidl_typesupport_introspection_cpp.hpp
[0.467s] -- Up-to-date symlink: /home/masterthesis/kaixi_crospi_ws/install/crospi_interfaces/include/crospi_interfaces/crospi_interfaces/msg/detail/task_parameters__rosidl_typesupport_introspection_cpp.hpp
[0.468s] -- Up-to-date symlink: /home/masterthesis/kaixi_crospi_ws/install/crospi_interfaces/include/crospi_interfaces/crospi_interfaces/msg/detail/test__rosidl_typesupport_introspection_cpp.hpp
[0.468s] -- Up-to-date symlink: /home/masterthesis/kaixi_crospi_ws/install/crospi_interfaces/include/crospi_interfaces/crospi_interfaces/msg/detail/vector3_parameters__rosidl_typesupport_introspection_cpp.hpp
[0.468s] -- Up-to-date symlink: /home/masterthesis/kaixi_crospi_ws/install/crospi_interfaces/include/crospi_interfaces/crospi_interfaces/srv/detail/lua_cmd__rosidl_typesupport_introspection_cpp.hpp
[0.468s] -- Up-to-date symlink: /home/masterthesis/kaixi_crospi_ws/install/crospi_interfaces/include/crospi_interfaces/crospi_interfaces/srv/detail/task_specification_file__rosidl_typesupport_introspection_cpp.hpp
[0.468s] -- Up-to-date symlink: /home/masterthesis/kaixi_crospi_ws/install/crospi_interfaces/include/crospi_interfaces/crospi_interfaces/srv/detail/task_specification_string__rosidl_typesupport_introspection_cpp.hpp
[0.468s] -- Up-to-date symlink: /home/masterthesis/kaixi_crospi_ws/install/crospi_interfaces/share/crospi_interfaces/environment/pythonpath.sh
[0.468s] -- Up-to-date symlink: /home/masterthesis/kaixi_crospi_ws/install/crospi_interfaces/share/crospi_interfaces/environment/pythonpath.dsv
[0.468s] -- Up-to-date symlink: /home/masterthesis/kaixi_crospi_ws/install/crospi_interfaces/local/lib/python3.10/dist-packages/crospi_interfaces-0.0.0-py3.10.egg-info/PKG-INFO
[0.468s] -- Up-to-date symlink: /home/masterthesis/kaixi_crospi_ws/install/crospi_interfaces/local/lib/python3.10/dist-packages/crospi_interfaces-0.0.0-py3.10.egg-info/SOURCES.txt
[0.469s] -- Up-to-date symlink: /home/masterthesis/kaixi_crospi_ws/install/crospi_interfaces/local/lib/python3.10/dist-packages/crospi_interfaces-0.0.0-py3.10.egg-info/dependency_links.txt
[0.469s] -- Up-to-date symlink: /home/masterthesis/kaixi_crospi_ws/install/crospi_interfaces/local/lib/python3.10/dist-packages/crospi_interfaces-0.0.0-py3.10.egg-info/top_level.txt
[0.469s] -- Up-to-date symlink: /home/masterthesis/kaixi_crospi_ws/install/crospi_interfaces/local/lib/python3.10/dist-packages/crospi_interfaces/__init__.py
[0.469s] -- Up-to-date symlink: /home/masterthesis/kaixi_crospi_ws/install/crospi_interfaces/local/lib/python3.10/dist-packages/crospi_interfaces/_crospi_interfaces_s.ep.rosidl_typesupport_c.c
[0.469s] -- Up-to-date symlink: /home/masterthesis/kaixi_crospi_ws/install/crospi_interfaces/local/lib/python3.10/dist-packages/crospi_interfaces/_crospi_interfaces_s.ep.rosidl_typesupport_fastrtps_c.c
[0.469s] -- Up-to-date symlink: /home/masterthesis/kaixi_crospi_ws/install/crospi_interfaces/local/lib/python3.10/dist-packages/crospi_interfaces/_crospi_interfaces_s.ep.rosidl_typesupport_introspection_c.c
[0.469s] -- Up-to-date symlink: /home/masterthesis/kaixi_crospi_ws/install/crospi_interfaces/local/lib/python3.10/dist-packages/crospi_interfaces/action/__init__.py
[0.469s] -- Up-to-date symlink: /home/masterthesis/kaixi_crospi_ws/install/crospi_interfaces/local/lib/python3.10/dist-packages/crospi_interfaces/action/_run_task.py
[0.470s] -- Up-to-date symlink: /home/masterthesis/kaixi_crospi_ws/install/crospi_interfaces/local/lib/python3.10/dist-packages/crospi_interfaces/action/_run_task_s.c
[0.470s] -- Up-to-date symlink: /home/masterthesis/kaixi_crospi_ws/install/crospi_interfaces/local/lib/python3.10/dist-packages/crospi_interfaces/crospi_interfaces_s__rosidl_typesupport_c.cpython-310-x86_64-linux-gnu.so
[0.470s] -- Up-to-date symlink: /home/masterthesis/kaixi_crospi_ws/install/crospi_interfaces/local/lib/python3.10/dist-packages/crospi_interfaces/crospi_interfaces_s__rosidl_typesupport_fastrtps_c.cpython-310-x86_64-linux-gnu.so
[0.470s] -- Up-to-date symlink: /home/masterthesis/kaixi_crospi_ws/install/crospi_interfaces/local/lib/python3.10/dist-packages/crospi_interfaces/crospi_interfaces_s__rosidl_typesupport_introspection_c.cpython-310-x86_64-linux-gnu.so
[0.470s] -- Up-to-date symlink: /home/masterthesis/kaixi_crospi_ws/install/crospi_interfaces/local/lib/python3.10/dist-packages/crospi_interfaces/libcrospi_interfaces__rosidl_generator_py.so
[0.470s] -- Up-to-date symlink: /home/masterthesis/kaixi_crospi_ws/install/crospi_interfaces/local/lib/python3.10/dist-packages/crospi_interfaces/msg/__init__.py
[0.470s] -- Up-to-date symlink: /home/masterthesis/kaixi_crospi_ws/install/crospi_interfaces/local/lib/python3.10/dist-packages/crospi_interfaces/msg/_input.py
[0.470s] -- Up-to-date symlink: /home/masterthesis/kaixi_crospi_ws/install/crospi_interfaces/local/lib/python3.10/dist-packages/crospi_interfaces/msg/_input_s.c
[0.470s] -- Up-to-date symlink: /home/masterthesis/kaixi_crospi_ws/install/crospi_interfaces/local/lib/python3.10/dist-packages/crospi_interfaces/msg/_number_parameters.py
[0.470s] -- Up-to-date symlink: /home/masterthesis/kaixi_crospi_ws/install/crospi_interfaces/local/lib/python3.10/dist-packages/crospi_interfaces/msg/_number_parameters_s.c
[0.471s] -- Up-to-date symlink: /home/masterthesis/kaixi_crospi_ws/install/crospi_interfaces/local/lib/python3.10/dist-packages/crospi_interfaces/msg/_output.py
[0.471s] -- Up-to-date symlink: /home/masterthesis/kaixi_crospi_ws/install/crospi_interfaces/local/lib/python3.10/dist-packages/crospi_interfaces/msg/_output_derivatives.py
[0.471s] -- Up-to-date symlink: /home/masterthesis/kaixi_crospi_ws/install/crospi_interfaces/local/lib/python3.10/dist-packages/crospi_interfaces/msg/_output_derivatives_s.c
[0.471s] -- Up-to-date symlink: /home/masterthesis/kaixi_crospi_ws/install/crospi_interfaces/local/lib/python3.10/dist-packages/crospi_interfaces/msg/_output_s.c
[0.471s] -- Up-to-date symlink: /home/masterthesis/kaixi_crospi_ws/install/crospi_interfaces/local/lib/python3.10/dist-packages/crospi_interfaces/msg/_pose_parameters.py
[0.471s] -- Up-to-date symlink: /home/masterthesis/kaixi_crospi_ws/install/crospi_interfaces/local/lib/python3.10/dist-packages/crospi_interfaces/msg/_pose_parameters_s.c
[0.471s] -- Up-to-date symlink: /home/masterthesis/kaixi_crospi_ws/install/crospi_interfaces/local/lib/python3.10/dist-packages/crospi_interfaces/msg/_return_value.py
[0.471s] -- Up-to-date symlink: /home/masterthesis/kaixi_crospi_ws/install/crospi_interfaces/local/lib/python3.10/dist-packages/crospi_interfaces/msg/_return_value_s.c
[0.471s] -- Up-to-date symlink: /home/masterthesis/kaixi_crospi_ws/install/crospi_interfaces/local/lib/python3.10/dist-packages/crospi_interfaces/msg/_task_parameters.py
[0.471s] -- Up-to-date symlink: /home/masterthesis/kaixi_crospi_ws/install/crospi_interfaces/local/lib/python3.10/dist-packages/crospi_interfaces/msg/_task_parameters_s.c
[0.471s] -- Up-to-date symlink: /home/masterthesis/kaixi_crospi_ws/install/crospi_interfaces/local/lib/python3.10/dist-packages/crospi_interfaces/msg/_test.py
[0.471s] -- Up-to-date symlink: /home/masterthesis/kaixi_crospi_ws/install/crospi_interfaces/local/lib/python3.10/dist-packages/crospi_interfaces/msg/_test_s.c
[0.471s] -- Up-to-date symlink: /home/masterthesis/kaixi_crospi_ws/install/crospi_interfaces/local/lib/python3.10/dist-packages/crospi_interfaces/msg/_vector3_parameters.py
[0.472s] -- Up-to-date symlink: /home/masterthesis/kaixi_crospi_ws/install/crospi_interfaces/local/lib/python3.10/dist-packages/crospi_interfaces/msg/_vector3_parameters_s.c
[0.472s] -- Up-to-date symlink: /home/masterthesis/kaixi_crospi_ws/install/crospi_interfaces/local/lib/python3.10/dist-packages/crospi_interfaces/srv/__init__.py
[0.472s] -- Up-to-date symlink: /home/masterthesis/kaixi_crospi_ws/install/crospi_interfaces/local/lib/python3.10/dist-packages/crospi_interfaces/srv/_lua_cmd.py
[0.472s] -- Up-to-date symlink: /home/masterthesis/kaixi_crospi_ws/install/crospi_interfaces/local/lib/python3.10/dist-packages/crospi_interfaces/srv/_lua_cmd_s.c
[0.472s] -- Up-to-date symlink: /home/masterthesis/kaixi_crospi_ws/install/crospi_interfaces/local/lib/python3.10/dist-packages/crospi_interfaces/srv/_task_specification_file.py
[0.472s] -- Up-to-date symlink: /home/masterthesis/kaixi_crospi_ws/install/crospi_interfaces/local/lib/python3.10/dist-packages/crospi_interfaces/srv/_task_specification_file_s.c
[0.472s] -- Up-to-date symlink: /home/masterthesis/kaixi_crospi_ws/install/crospi_interfaces/local/lib/python3.10/dist-packages/crospi_interfaces/srv/_task_specification_string.py
[0.472s] -- Up-to-date symlink: /home/masterthesis/kaixi_crospi_ws/install/crospi_interfaces/local/lib/python3.10/dist-packages/crospi_interfaces/srv/_task_specification_string_s.c
[0.472s] -- Up-to-date symlink: /home/masterthesis/kaixi_crospi_ws/install/crospi_interfaces/local/lib/python3.10/dist-packages/crospi_interfaces/crospi_interfaces_s__rosidl_typesupport_fastrtps_c.cpython-310-x86_64-linux-gnu.so
[0.473s] -- Up-to-date symlink: /home/masterthesis/kaixi_crospi_ws/install/crospi_interfaces/local/lib/python3.10/dist-packages/crospi_interfaces/crospi_interfaces_s__rosidl_typesupport_introspection_c.cpython-310-x86_64-linux-gnu.so
[0.473s] -- Up-to-date symlink: /home/masterthesis/kaixi_crospi_ws/install/crospi_interfaces/local/lib/python3.10/dist-packages/crospi_interfaces/crospi_interfaces_s__rosidl_typesupport_c.cpython-310-x86_64-linux-gnu.so
[0.473s] -- Up-to-date symlink: /home/masterthesis/kaixi_crospi_ws/install/crospi_interfaces/share/ament_index/resource_index/rust_packages/crospi_interfaces
[0.473s] -- Up-to-date symlink: /home/masterthesis/kaixi_crospi_ws/install/crospi_interfaces/share/crospi_interfaces/rust/Cargo.toml
[0.473s] -- Up-to-date symlink: /home/masterthesis/kaixi_crospi_ws/install/crospi_interfaces/share/crospi_interfaces/rust/build.rs
[0.473s] -- Up-to-date symlink: /home/masterthesis/kaixi_crospi_ws/install/crospi_interfaces/share/crospi_interfaces/rust/src/action.rs
[0.473s] -- Up-to-date symlink: /home/masterthesis/kaixi_crospi_ws/install/crospi_interfaces/share/crospi_interfaces/rust/src/action/rmw.rs
[0.473s] -- Up-to-date symlink: /home/masterthesis/kaixi_crospi_ws/install/crospi_interfaces/share/crospi_interfaces/rust/src/lib.rs
[0.473s] -- Up-to-date symlink: /home/masterthesis/kaixi_crospi_ws/install/crospi_interfaces/share/crospi_interfaces/rust/src/msg.rs
[0.473s] -- Up-to-date symlink: /home/masterthesis/kaixi_crospi_ws/install/crospi_interfaces/share/crospi_interfaces/rust/src/msg/rmw.rs
[0.474s] -- Up-to-date symlink: /home/masterthesis/kaixi_crospi_ws/install/crospi_interfaces/share/crospi_interfaces/rust/src/srv.rs
[0.474s] -- Up-to-date symlink: /home/masterthesis/kaixi_crospi_ws/install/crospi_interfaces/share/crospi_interfaces/rust/src/srv/rmw.rs
[0.474s] -- Up-to-date symlink: /home/masterthesis/kaixi_crospi_ws/install/crospi_interfaces/share/crospi_interfaces/msg/Output.idl
[0.474s] -- Up-to-date symlink: /home/masterthesis/kaixi_crospi_ws/install/crospi_interfaces/share/crospi_interfaces/msg/OutputDerivatives.idl
[0.474s] -- Up-to-date symlink: /home/masterthesis/kaixi_crospi_ws/install/crospi_interfaces/share/crospi_interfaces/srv/LuaCmd.idl
[0.474s] -- Up-to-date symlink: /home/masterthesis/kaixi_crospi_ws/install/crospi_interfaces/share/crospi_interfaces/action/RunTask.idl
[0.474s] -- Up-to-date symlink: /home/masterthesis/kaixi_crospi_ws/install/crospi_interfaces/share/crospi_interfaces/msg/TaskParameters.idl
[0.474s] -- Up-to-date symlink: /home/masterthesis/kaixi_crospi_ws/install/crospi_interfaces/share/crospi_interfaces/msg/PoseParameters.idl
[0.474s] -- Up-to-date symlink: /home/masterthesis/kaixi_crospi_ws/install/crospi_interfaces/share/crospi_interfaces/msg/Vector3Parameters.idl
[0.475s] -- Up-to-date symlink: /home/masterthesis/kaixi_crospi_ws/install/crospi_interfaces/share/crospi_interfaces/msg/NumberParameters.idl
[0.475s] -- Up-to-date symlink: /home/masterthesis/kaixi_crospi_ws/install/crospi_interfaces/share/crospi_interfaces/msg/ReturnValue.idl
[0.475s] -- Up-to-date symlink: /home/masterthesis/kaixi_crospi_ws/install/crospi_interfaces/share/crospi_interfaces/msg/Input.idl
[0.475s] -- Up-to-date symlink: /home/masterthesis/kaixi_crospi_ws/install/crospi_interfaces/share/crospi_interfaces/msg/Test.idl
[0.475s] -- Up-to-date symlink: /home/masterthesis/kaixi_crospi_ws/install/crospi_interfaces/share/crospi_interfaces/srv/TaskSpecificationString.idl
[0.475s] -- Up-to-date symlink: /home/masterthesis/kaixi_crospi_ws/install/crospi_interfaces/share/crospi_interfaces/srv/TaskSpecificationFile.idl
[0.475s] -- Up-to-date symlink: /home/masterthesis/kaixi_crospi_ws/install/crospi_interfaces/share/crospi_interfaces/msg/Output.msg
[0.475s] -- Up-to-date symlink: /home/masterthesis/kaixi_crospi_ws/install/crospi_interfaces/share/crospi_interfaces/msg/OutputDerivatives.msg
[0.476s] -- Up-to-date symlink: /home/masterthesis/kaixi_crospi_ws/install/crospi_interfaces/share/crospi_interfaces/srv/LuaCmd.srv
[0.476s] -- Up-to-date symlink: /home/masterthesis/kaixi_crospi_ws/install/crospi_interfaces/share/crospi_interfaces/srv/LuaCmd_Request.msg
[0.476s] -- Up-to-date symlink: /home/masterthesis/kaixi_crospi_ws/install/crospi_interfaces/share/crospi_interfaces/srv/LuaCmd_Response.msg
[0.476s] -- Up-to-date symlink: /home/masterthesis/kaixi_crospi_ws/install/crospi_interfaces/share/crospi_interfaces/action/RunTask.action
[0.476s] -- Up-to-date symlink: /home/masterthesis/kaixi_crospi_ws/install/crospi_interfaces/share/crospi_interfaces/msg/TaskParameters.msg
[0.476s] -- Up-to-date symlink: /home/masterthesis/kaixi_crospi_ws/install/crospi_interfaces/share/crospi_interfaces/msg/PoseParameters.msg
[0.476s] -- Up-to-date symlink: /home/masterthesis/kaixi_crospi_ws/install/crospi_interfaces/share/crospi_interfaces/msg/Vector3Parameters.msg
[0.476s] -- Up-to-date symlink: /home/masterthesis/kaixi_crospi_ws/install/crospi_interfaces/share/crospi_interfaces/msg/NumberParameters.msg
[0.476s] -- Up-to-date symlink: /home/masterthesis/kaixi_crospi_ws/install/crospi_interfaces/share/crospi_interfaces/msg/ReturnValue.msg
[0.477s] -- Up-to-date symlink: /home/masterthesis/kaixi_crospi_ws/install/crospi_interfaces/share/crospi_interfaces/msg/Input.msg
[0.477s] -- Up-to-date symlink: /home/masterthesis/kaixi_crospi_ws/install/crospi_interfaces/share/crospi_interfaces/msg/Test.msg
[0.477s] -- Up-to-date symlink: /home/masterthesis/kaixi_crospi_ws/install/crospi_interfaces/share/crospi_interfaces/srv/TaskSpecificationString.srv
[0.477s] -- Up-to-date symlink: /home/masterthesis/kaixi_crospi_ws/install/crospi_interfaces/share/crospi_interfaces/srv/TaskSpecificationString_Request.msg
[0.477s] -- Up-to-date symlink: /home/masterthesis/kaixi_crospi_ws/install/crospi_interfaces/share/crospi_interfaces/srv/TaskSpecificationString_Response.msg
[0.477s] -- Up-to-date symlink: /home/masterthesis/kaixi_crospi_ws/install/crospi_interfaces/share/crospi_interfaces/srv/TaskSpecificationFile.srv
[0.477s] -- Up-to-date symlink: /home/masterthesis/kaixi_crospi_ws/install/crospi_interfaces/share/crospi_interfaces/srv/TaskSpecificationFile_Request.msg
[0.477s] -- Up-to-date symlink: /home/masterthesis/kaixi_crospi_ws/install/crospi_interfaces/share/crospi_interfaces/srv/TaskSpecificationFile_Response.msg
[0.477s] -- Up-to-date symlink: /home/masterthesis/kaixi_crospi_ws/install/crospi_interfaces/share/ament_index/resource_index/package_run_dependencies/crospi_interfaces
[0.478s] -- Up-to-date symlink: /home/masterthesis/kaixi_crospi_ws/install/crospi_interfaces/share/ament_index/resource_index/parent_prefix_path/crospi_interfaces
[0.478s] -- Up-to-date symlink: /home/masterthesis/kaixi_crospi_ws/install/crospi_interfaces/share/crospi_interfaces/environment/ament_prefix_path.sh
[0.478s] -- Up-to-date symlink: /home/masterthesis/kaixi_crospi_ws/install/crospi_interfaces/share/crospi_interfaces/environment/ament_prefix_path.dsv
[0.478s] -- Up-to-date symlink: /home/masterthesis/kaixi_crospi_ws/install/crospi_interfaces/share/crospi_interfaces/environment/path.sh
[0.478s] -- Up-to-date symlink: /home/masterthesis/kaixi_crospi_ws/install/crospi_interfaces/share/crospi_interfaces/environment/path.dsv
[0.478s] -- Up-to-date symlink: /home/masterthesis/kaixi_crospi_ws/install/crospi_interfaces/share/crospi_interfaces/local_setup.bash
[0.478s] -- Up-to-date symlink: /home/masterthesis/kaixi_crospi_ws/install/crospi_interfaces/share/crospi_interfaces/local_setup.sh
[0.478s] -- Up-to-date symlink: /home/masterthesis/kaixi_crospi_ws/install/crospi_interfaces/share/crospi_interfaces/local_setup.zsh
[0.478s] -- Up-to-date symlink: /home/masterthesis/kaixi_crospi_ws/install/crospi_interfaces/share/crospi_interfaces/local_setup.dsv
[0.478s] -- Symlinking: /home/masterthesis/kaixi_crospi_ws/install/crospi_interfaces/share/crospi_interfaces/package.dsv
[0.486s] -- Up-to-date symlink: /home/masterthesis/kaixi_crospi_ws/install/crospi_interfaces/share/ament_index/resource_index/packages/crospi_interfaces
[0.486s] -- Up-to-date symlink: /home/masterthesis/kaixi_crospi_ws/install/crospi_interfaces/share/crospi_interfaces/cmake/rosidl_cmake-extras.cmake
[0.486s] -- Up-to-date symlink: /home/masterthesis/kaixi_crospi_ws/install/crospi_interfaces/share/crospi_interfaces/cmake/ament_cmake_export_dependencies-extras.cmake
[0.486s] -- Up-to-date symlink: /home/masterthesis/kaixi_crospi_ws/install/crospi_interfaces/share/crospi_interfaces/cmake/ament_cmake_export_include_directories-extras.cmake
[0.486s] -- Up-to-date symlink: /home/masterthesis/kaixi_crospi_ws/install/crospi_interfaces/share/crospi_interfaces/cmake/ament_cmake_export_libraries-extras.cmake
[0.487s] -- Up-to-date symlink: /home/masterthesis/kaixi_crospi_ws/install/crospi_interfaces/share/crospi_interfaces/cmake/ament_cmake_export_targets-extras.cmake
[0.487s] -- Up-to-date symlink: /home/masterthesis/kaixi_crospi_ws/install/crospi_interfaces/share/crospi_interfaces/cmake/rosidl_cmake_export_typesupport_targets-extras.cmake
[0.487s] -- Up-to-date symlink: /home/masterthesis/kaixi_crospi_ws/install/crospi_interfaces/share/crospi_interfaces/cmake/rosidl_cmake_export_typesupport_libraries-extras.cmake
[0.487s] -- Up-to-date symlink: /home/masterthesis/kaixi_crospi_ws/install/crospi_interfaces/share/crospi_interfaces/cmake/crospi_interfacesConfig.cmake
[0.487s] -- Up-to-date symlink: /home/masterthesis/kaixi_crospi_ws/install/crospi_interfaces/share/crospi_interfaces/cmake/crospi_interfacesConfig-version.cmake
[0.487s] -- Up-to-date symlink: /home/masterthesis/kaixi_crospi_ws/install/crospi_interfaces/share/crospi_interfaces/package.xml
[0.488s] -- Up-to-date: /home/masterthesis/kaixi_crospi_ws/install/crospi_interfaces/lib/libcrospi_interfaces__rosidl_generator_c.so
[0.488s] -- Up-to-date: /home/masterthesis/kaixi_crospi_ws/install/crospi_interfaces/lib/libcrospi_interfaces__rosidl_typesupport_fastrtps_c.so
[0.488s] -- Up-to-date: /home/masterthesis/kaixi_crospi_ws/install/crospi_interfaces/lib/libcrospi_interfaces__rosidl_typesupport_fastrtps_cpp.so
[0.488s] -- Up-to-date: /home/masterthesis/kaixi_crospi_ws/install/crospi_interfaces/lib/libcrospi_interfaces__rosidl_typesupport_introspection_c.so
[0.489s] -- Up-to-date: /home/masterthesis/kaixi_crospi_ws/install/crospi_interfaces/lib/libcrospi_interfaces__rosidl_typesupport_c.so
[0.489s] -- Up-to-date: /home/masterthesis/kaixi_crospi_ws/install/crospi_interfaces/lib/libcrospi_interfaces__rosidl_typesupport_introspection_cpp.so
[0.489s] -- Up-to-date: /home/masterthesis/kaixi_crospi_ws/install/crospi_interfaces/lib/libcrospi_interfaces__rosidl_typesupport_cpp.so
[0.517s] Listing '/home/masterthesis/kaixi_crospi_ws/install/crospi_interfaces/local/lib/python3.10/dist-packages/crospi_interfaces'...
[0.517s] Listing '/home/masterthesis/kaixi_crospi_ws/install/crospi_interfaces/local/lib/python3.10/dist-packages/crospi_interfaces/action'...
[0.517s] Listing '/home/masterthesis/kaixi_crospi_ws/install/crospi_interfaces/local/lib/python3.10/dist-packages/crospi_interfaces/msg'...
[0.517s] Listing '/home/masterthesis/kaixi_crospi_ws/install/crospi_interfaces/local/lib/python3.10/dist-packages/crospi_interfaces/srv'...
[0.521s] -- Up-to-date: /home/masterthesis/kaixi_crospi_ws/install/crospi_interfaces/lib/libcrospi_interfaces__rosidl_generator_py.so
[0.522s] -- Up-to-date: /home/masterthesis/kaixi_crospi_ws/install/crospi_interfaces/share/crospi_interfaces/cmake/export_crospi_interfaces__rosidl_generator_cExport.cmake
[0.523s] -- Up-to-date: /home/masterthesis/kaixi_crospi_ws/install/crospi_interfaces/share/crospi_interfaces/cmake/export_crospi_interfaces__rosidl_generator_cExport-noconfig.cmake
[0.523s] -- Up-to-date: /home/masterthesis/kaixi_crospi_ws/install/crospi_interfaces/share/crospi_interfaces/cmake/export_crospi_interfaces__rosidl_typesupport_fastrtps_cExport.cmake
[0.523s] -- Up-to-date: /home/masterthesis/kaixi_crospi_ws/install/crospi_interfaces/share/crospi_interfaces/cmake/export_crospi_interfaces__rosidl_typesupport_fastrtps_cExport-noconfig.cmake
[0.523s] -- Up-to-date: /home/masterthesis/kaixi_crospi_ws/install/crospi_interfaces/share/crospi_interfaces/cmake/export_crospi_interfaces__rosidl_generator_cppExport.cmake
[0.524s] -- Up-to-date: /home/masterthesis/kaixi_crospi_ws/install/crospi_interfaces/share/crospi_interfaces/cmake/export_crospi_interfaces__rosidl_typesupport_fastrtps_cppExport.cmake
[0.524s] -- Up-to-date: /home/masterthesis/kaixi_crospi_ws/install/crospi_interfaces/share/crospi_interfaces/cmake/export_crospi_interfaces__rosidl_typesupport_fastrtps_cppExport-noconfig.cmake
[0.524s] -- Up-to-date: /home/masterthesis/kaixi_crospi_ws/install/crospi_interfaces/share/crospi_interfaces/cmake/crospi_interfaces__rosidl_typesupport_introspection_cExport.cmake
[0.524s] -- Up-to-date: /home/masterthesis/kaixi_crospi_ws/install/crospi_interfaces/share/crospi_interfaces/cmake/crospi_interfaces__rosidl_typesupport_introspection_cExport-noconfig.cmake
[0.524s] -- Up-to-date: /home/masterthesis/kaixi_crospi_ws/install/crospi_interfaces/share/crospi_interfaces/cmake/crospi_interfaces__rosidl_typesupport_cExport.cmake
[0.524s] -- Up-to-date: /home/masterthesis/kaixi_crospi_ws/install/crospi_interfaces/share/crospi_interfaces/cmake/crospi_interfaces__rosidl_typesupport_cExport-noconfig.cmake
[0.525s] -- Up-to-date: /home/masterthesis/kaixi_crospi_ws/install/crospi_interfaces/share/crospi_interfaces/cmake/crospi_interfaces__rosidl_typesupport_introspection_cppExport.cmake
[0.525s] -- Up-to-date: /home/masterthesis/kaixi_crospi_ws/install/crospi_interfaces/share/crospi_interfaces/cmake/crospi_interfaces__rosidl_typesupport_introspection_cppExport-noconfig.cmake
[0.525s] -- Up-to-date: /home/masterthesis/kaixi_crospi_ws/install/crospi_interfaces/share/crospi_interfaces/cmake/crospi_interfaces__rosidl_typesupport_cppExport.cmake
[0.525s] -- Up-to-date: /home/masterthesis/kaixi_crospi_ws/install/crospi_interfaces/share/crospi_interfaces/cmake/crospi_interfaces__rosidl_typesupport_cppExport-noconfig.cmake
[0.526s] -- Up-to-date: /home/masterthesis/kaixi_crospi_ws/install/crospi_interfaces/share/crospi_interfaces/cmake/export_crospi_interfaces__rosidl_generator_pyExport.cmake
[0.526s] -- Up-to-date: /home/masterthesis/kaixi_crospi_ws/install/crospi_interfaces/share/crospi_interfaces/cmake/export_crospi_interfaces__rosidl_generator_pyExport-noconfig.cmake
[0.566s] Invoked command in '/home/masterthesis/kaixi_crospi_ws/build/crospi_interfaces' returned '0': CMAKE_PREFIX_PATH=/home/masterthesis/workspaces_ros2/kaixi_ws/install/ur_description:/home/masterthesis/workspaces_ros2/kaixi_ws/install/trossen_arm_ros:/home/masterthesis/workspaces_ros2/kaixi_ws/install/trossen_arm_moveit:/home/masterthesis/workspaces_ros2/kaixi_ws/install/trossen_arm_controllers:/home/masterthesis/workspaces_ros2/kaixi_ws/install/trossen_arm_bringup:/home/masterthesis/workspaces_ros2/kaixi_ws/install/trossen_arm_hardware:/home/masterthesis/workspaces_ros2/kaixi_ws/install/trossen_arm_description:/opt/ros2_crospi_ws/install/betfsm_demos:/opt/ros2_crospi_ws/install/betfsm:/opt/ros/humble:/home/masterthesis/workspaces_ros2/kaixi_ws/install/libtrossen_arm:/home/masterthesis/workspaces_ros2/kaixi_ws/install/crospi_application_template:/opt/ros2_crospi_ws/install/template_driver_crospi:/opt/ros2_crospi_ws/install/crospi_default_plugins:/opt/ros2_crospi_ws/install/crospi_core:/opt/ros2_crospi_ws/install/etasl_wrapper:/opt/ros2_crospi_ws/install/crospi_interfaces:/opt/ros2_crospi_ws/install/betfsm_interfaces /usr/bin/cmake --install /home/masterthesis/kaixi_crospi_ws/build/crospi_interfaces
