[0.021s] Invoking command in '/home/masterthesis/kaixi_crospi_ws/build/crospi_application_template': AMENT_PREFIX_PATH=/home/masterthesis/kaixi_crospi_ws/install/crospi_core:/home/masterthesis/kaixi_crospi_ws/install/etasl_wrapper:/home/masterthesis/kaixi_crospi_ws/install/crospi_interfaces:${AMENT_PREFIX_PATH} CMAKE_PREFIX_PATH=/home/masterthesis/kaixi_crospi_ws/install/crospi_core:/home/masterthesis/kaixi_crospi_ws/install/etasl_wrapper:/home/masterthesis/kaixi_crospi_ws/install/crospi_interfaces:/home/masterthesis/workspaces_ros2/kaixi_ws/install/ur_description:/home/masterthesis/workspaces_ros2/kaixi_ws/install/trossen_arm_ros:/home/masterthesis/workspaces_ros2/kaixi_ws/install/trossen_arm_moveit:/home/masterthesis/workspaces_ros2/kaixi_ws/install/trossen_arm_controllers:/home/masterthesis/workspaces_ros2/kaixi_ws/install/trossen_arm_bringup:/home/masterthesis/workspaces_ros2/kaixi_ws/install/trossen_arm_hardware:/home/masterthesis/workspaces_ros2/kaixi_ws/install/trossen_arm_description:/opt/ros2_crospi_ws/install/betfsm_demos:/opt/ros2_crospi_ws/install/betfsm:/opt/ros/humble:/home/masterthesis/workspaces_ros2/kaixi_ws/install/libtrossen_arm:/home/masterthesis/workspaces_ros2/kaixi_ws/install/crospi_application_template:/opt/ros2_crospi_ws/install/template_driver_crospi:/opt/ros2_crospi_ws/install/crospi_default_plugins:/opt/ros2_crospi_ws/install/crospi_core:/opt/ros2_crospi_ws/install/etasl_wrapper:/opt/ros2_crospi_ws/install/crospi_interfaces:/opt/ros2_crospi_ws/install/betfsm_interfaces LD_LIBRARY_PATH=/home/masterthesis/kaixi_crospi_ws/install/crospi_core/lib:/home/masterthesis/kaixi_crospi_ws/install/etasl_wrapper/lib:/home/masterthesis/kaixi_crospi_ws/install/crospi_interfaces/lib:/home/masterthesis/workspaces_ros2/kaixi_ws/install/trossen_arm_controllers/lib:/home/masterthesis/workspaces_ros2/kaixi_ws/install/trossen_arm_hardware/lib:/opt/ros2_crospi_ws/install/template_driver_crospi/lib:/opt/ros2_crospi_ws/install/crospi_default_plugins/lib:/opt/ros2_crospi_ws/install/crospi_core/lib:/opt/ros2_crospi_ws/install/etasl_wrapper/lib:/opt/ros2_crospi_ws/install/crospi_interfaces/lib:/opt/ros2_crospi_ws/install/betfsm_interfaces/lib:/opt/ros/humble/opt/rviz_ogre_vendor/lib:/opt/ros/humble/lib/x86_64-linux-gnu:/opt/ros/humble/lib:/opt/boost_1.89.0/lib LUA_CPATH=${LUA_CPATH};/home/masterthesis/kaixi_crospi_ws/install/etasl_wrapper/lib/?.so;/home/masterthesis/kaixi_crospi_ws/install/crospi_core/lib/?.so LUA_PATH=?.lua;?.lua;?.lua;?.lua;;/opt/ros2_crospi_ws/install/etasl_wrapper/lib/etasl1.5/?.lua;/opt/ros2_crospi_ws/install/etasl_wrapper/lib/etasl1.5/xml2lua/?.lua;/opt/ros2_crospi_ws/src/crospi/crospi_core/scripts/lib/?.lua;/opt/ros2_crospi_ws/src/crospi/crospi_core/?.lua;/usr/local/share/lua/5.1/?.lua;/opt/ros2_crospi_ws/install/etasl_wrapper/lib/etasl1.5/?.lua;/opt/ros2_crospi_ws/install/etasl_wrapper/lib/etasl1.5/xml2lua/?.lua;/opt/ros2_crospi_ws/src/crospi/crospi_core/scripts/lib/?.lua;/opt/ros2_crospi_ws/src/crospi/crospi_core/?.lua;/usr/local/share/lua/5.1/?.lua;/opt/ros2_crospi_ws/install/etasl_wrapper/lib/etasl1.5/?.lua;/opt/ros2_crospi_ws/install/etasl_wrapper/lib/etasl1.5/xml2lua/?.lua;/opt/ros2_crospi_ws/src/crospi/crospi_core/scripts/lib/?.lua;/opt/ros2_crospi_ws/src/crospi/crospi_core/?.lua;/usr/local/share/lua/5.1/?.lua;/home/masterthesis/kaixi_crospi_ws/install/etasl_wrapper/lib/etasl1.5/?.lua;/home/masterthesis/kaixi_crospi_ws/install/etasl_wrapper/lib/etasl1.5/xml2lua/?.lua;/home/masterthesis/kaixi_crospi_ws/src/crospi/crospi_core/scripts/lib/?.lua;/home/masterthesis/kaixi_crospi_ws/src/crospi/crospi_core/?.lua;/usr/local/share/lua/5.1/?.lua PATH=/home/masterthesis/kaixi_crospi_ws/install/etasl_wrapper/bin:${PATH} PYTHONPATH=/home/masterthesis/kaixi_crospi_ws/install/crospi_core/local/lib/python3.10/dist-packages:/home/masterthesis/kaixi_crospi_ws/install/crospi_interfaces/local/lib/python3.10/dist-packages:${PYTHONPATH} /usr/bin/cmake /home/masterthesis/kaixi_crospi_ws/src/crospi/crospi_application_template -DAMENT_CMAKE_SYMLINK_INSTALL=1 -DCMAKE_INSTALL_PREFIX=/home/masterthesis/kaixi_crospi_ws/install/crospi_application_template
[0.059s] -- The C compiler identification is GNU 11.4.0
[0.105s] -- The CXX compiler identification is GNU 11.4.0
[0.111s] -- Detecting C compiler ABI info
[0.158s] -- Detecting C compiler ABI info - done
[0.166s] -- Check for working C compiler: /usr/bin/cc - skipped
[0.166s] -- Detecting C compile features
[0.167s] -- Detecting C compile features - done
[0.169s] -- Detecting CXX compiler ABI info
[0.224s] -- Detecting CXX compiler ABI info - done
[0.234s] -- Check for working CXX compiler: /usr/bin/c++ - skipped
[0.234s] -- Detecting CXX compile features
[0.234s] -- Detecting CXX compile features - done
[0.240s] -- Found ament_cmake: 1.3.14 (/opt/ros/humble/share/ament_cmake/cmake)
[0.374s] -- Found Python3: /usr/bin/python3 (found version "3.10.12") found components: Interpreter 
[0.425s] -- Override CMake install command with custom implementation using symlinks instead of copying resources
[0.581s] -- Found ament_lint_auto: 0.12.15 (/opt/ros/humble/share/ament_lint_auto/cmake)
[0.701s] -- Added test 'flake8' to check Python code syntax and style conventions
[0.703s] -- Added test 'lint_cmake' to check CMake code style
[0.704s] -- Added test 'pep257' to check Python code against some of the docstring style conventions in PEP 257
[0.709s] -- Added test 'xmllint' to check XML markup files
[0.710s] -- Configuring done
[0.714s] -- Generating done
[0.716s] -- Build files have been written to: /home/masterthesis/kaixi_crospi_ws/build/crospi_application_template
[0.719s] Invoked command in '/home/masterthesis/kaixi_crospi_ws/build/crospi_application_template' returned '0': AMENT_PREFIX_PATH=/home/masterthesis/kaixi_crospi_ws/install/crospi_core:/home/masterthesis/kaixi_crospi_ws/install/etasl_wrapper:/home/masterthesis/kaixi_crospi_ws/install/crospi_interfaces:${AMENT_PREFIX_PATH} CMAKE_PREFIX_PATH=/home/masterthesis/kaixi_crospi_ws/install/crospi_core:/home/masterthesis/kaixi_crospi_ws/install/etasl_wrapper:/home/masterthesis/kaixi_crospi_ws/install/crospi_interfaces:/home/masterthesis/workspaces_ros2/kaixi_ws/install/ur_description:/home/masterthesis/workspaces_ros2/kaixi_ws/install/trossen_arm_ros:/home/masterthesis/workspaces_ros2/kaixi_ws/install/trossen_arm_moveit:/home/masterthesis/workspaces_ros2/kaixi_ws/install/trossen_arm_controllers:/home/masterthesis/workspaces_ros2/kaixi_ws/install/trossen_arm_bringup:/home/masterthesis/workspaces_ros2/kaixi_ws/install/trossen_arm_hardware:/home/masterthesis/workspaces_ros2/kaixi_ws/install/trossen_arm_description:/opt/ros2_crospi_ws/install/betfsm_demos:/opt/ros2_crospi_ws/install/betfsm:/opt/ros/humble:/home/masterthesis/workspaces_ros2/kaixi_ws/install/libtrossen_arm:/home/masterthesis/workspaces_ros2/kaixi_ws/install/crospi_application_template:/opt/ros2_crospi_ws/install/template_driver_crospi:/opt/ros2_crospi_ws/install/crospi_default_plugins:/opt/ros2_crospi_ws/install/crospi_core:/opt/ros2_crospi_ws/install/etasl_wrapper:/opt/ros2_crospi_ws/install/crospi_interfaces:/opt/ros2_crospi_ws/install/betfsm_interfaces LD_LIBRARY_PATH=/home/masterthesis/kaixi_crospi_ws/install/crospi_core/lib:/home/masterthesis/kaixi_crospi_ws/install/etasl_wrapper/lib:/home/masterthesis/kaixi_crospi_ws/install/crospi_interfaces/lib:/home/masterthesis/workspaces_ros2/kaixi_ws/install/trossen_arm_controllers/lib:/home/masterthesis/workspaces_ros2/kaixi_ws/install/trossen_arm_hardware/lib:/opt/ros2_crospi_ws/install/template_driver_crospi/lib:/opt/ros2_crospi_ws/install/crospi_default_plugins/lib:/opt/ros2_crospi_ws/install/crospi_core/lib:/opt/ros2_crospi_ws/install/etasl_wrapper/lib:/opt/ros2_crospi_ws/install/crospi_interfaces/lib:/opt/ros2_crospi_ws/install/betfsm_interfaces/lib:/opt/ros/humble/opt/rviz_ogre_vendor/lib:/opt/ros/humble/lib/x86_64-linux-gnu:/opt/ros/humble/lib:/opt/boost_1.89.0/lib LUA_CPATH=${LUA_CPATH};/home/masterthesis/kaixi_crospi_ws/install/etasl_wrapper/lib/?.so;/home/masterthesis/kaixi_crospi_ws/install/crospi_core/lib/?.so LUA_PATH=?.lua;?.lua;?.lua;?.lua;;/opt/ros2_crospi_ws/install/etasl_wrapper/lib/etasl1.5/?.lua;/opt/ros2_crospi_ws/install/etasl_wrapper/lib/etasl1.5/xml2lua/?.lua;/opt/ros2_crospi_ws/src/crospi/crospi_core/scripts/lib/?.lua;/opt/ros2_crospi_ws/src/crospi/crospi_core/?.lua;/usr/local/share/lua/5.1/?.lua;/opt/ros2_crospi_ws/install/etasl_wrapper/lib/etasl1.5/?.lua;/opt/ros2_crospi_ws/install/etasl_wrapper/lib/etasl1.5/xml2lua/?.lua;/opt/ros2_crospi_ws/src/crospi/crospi_core/scripts/lib/?.lua;/opt/ros2_crospi_ws/src/crospi/crospi_core/?.lua;/usr/local/share/lua/5.1/?.lua;/opt/ros2_crospi_ws/install/etasl_wrapper/lib/etasl1.5/?.lua;/opt/ros2_crospi_ws/install/etasl_wrapper/lib/etasl1.5/xml2lua/?.lua;/opt/ros2_crospi_ws/src/crospi/crospi_core/scripts/lib/?.lua;/opt/ros2_crospi_ws/src/crospi/crospi_core/?.lua;/usr/local/share/lua/5.1/?.lua;/home/masterthesis/kaixi_crospi_ws/install/etasl_wrapper/lib/etasl1.5/?.lua;/home/masterthesis/kaixi_crospi_ws/install/etasl_wrapper/lib/etasl1.5/xml2lua/?.lua;/home/masterthesis/kaixi_crospi_ws/src/crospi/crospi_core/scripts/lib/?.lua;/home/masterthesis/kaixi_crospi_ws/src/crospi/crospi_core/?.lua;/usr/local/share/lua/5.1/?.lua PATH=/home/masterthesis/kaixi_crospi_ws/install/etasl_wrapper/bin:${PATH} PYTHONPATH=/home/masterthesis/kaixi_crospi_ws/install/crospi_core/local/lib/python3.10/dist-packages:/home/masterthesis/kaixi_crospi_ws/install/crospi_interfaces/local/lib/python3.10/dist-packages:${PYTHONPATH} /usr/bin/cmake /home/masterthesis/kaixi_crospi_ws/src/crospi/crospi_application_template -DAMENT_CMAKE_SYMLINK_INSTALL=1 -DCMAKE_INSTALL_PREFIX=/home/masterthesis/kaixi_crospi_ws/install/crospi_application_template
[0.720s] Invoking command in '/home/masterthesis/kaixi_crospi_ws/build/crospi_application_template': AMENT_PREFIX_PATH=/home/masterthesis/kaixi_crospi_ws/install/crospi_core:/home/masterthesis/kaixi_crospi_ws/install/etasl_wrapper:/home/masterthesis/kaixi_crospi_ws/install/crospi_interfaces:${AMENT_PREFIX_PATH} CMAKE_PREFIX_PATH=/home/masterthesis/kaixi_crospi_ws/install/crospi_core:/home/masterthesis/kaixi_crospi_ws/install/etasl_wrapper:/home/masterthesis/kaixi_crospi_ws/install/crospi_interfaces:/home/masterthesis/workspaces_ros2/kaixi_ws/install/ur_description:/home/masterthesis/workspaces_ros2/kaixi_ws/install/trossen_arm_ros:/home/masterthesis/workspaces_ros2/kaixi_ws/install/trossen_arm_moveit:/home/masterthesis/workspaces_ros2/kaixi_ws/install/trossen_arm_controllers:/home/masterthesis/workspaces_ros2/kaixi_ws/install/trossen_arm_bringup:/home/masterthesis/workspaces_ros2/kaixi_ws/install/trossen_arm_hardware:/home/masterthesis/workspaces_ros2/kaixi_ws/install/trossen_arm_description:/opt/ros2_crospi_ws/install/betfsm_demos:/opt/ros2_crospi_ws/install/betfsm:/opt/ros/humble:/home/masterthesis/workspaces_ros2/kaixi_ws/install/libtrossen_arm:/home/masterthesis/workspaces_ros2/kaixi_ws/install/crospi_application_template:/opt/ros2_crospi_ws/install/template_driver_crospi:/opt/ros2_crospi_ws/install/crospi_default_plugins:/opt/ros2_crospi_ws/install/crospi_core:/opt/ros2_crospi_ws/install/etasl_wrapper:/opt/ros2_crospi_ws/install/crospi_interfaces:/opt/ros2_crospi_ws/install/betfsm_interfaces LD_LIBRARY_PATH=/home/masterthesis/kaixi_crospi_ws/install/crospi_core/lib:/home/masterthesis/kaixi_crospi_ws/install/etasl_wrapper/lib:/home/masterthesis/kaixi_crospi_ws/install/crospi_interfaces/lib:/home/masterthesis/workspaces_ros2/kaixi_ws/install/trossen_arm_controllers/lib:/home/masterthesis/workspaces_ros2/kaixi_ws/install/trossen_arm_hardware/lib:/opt/ros2_crospi_ws/install/template_driver_crospi/lib:/opt/ros2_crospi_ws/install/crospi_default_plugins/lib:/opt/ros2_crospi_ws/install/crospi_core/lib:/opt/ros2_crospi_ws/install/etasl_wrapper/lib:/opt/ros2_crospi_ws/install/crospi_interfaces/lib:/opt/ros2_crospi_ws/install/betfsm_interfaces/lib:/opt/ros/humble/opt/rviz_ogre_vendor/lib:/opt/ros/humble/lib/x86_64-linux-gnu:/opt/ros/humble/lib:/opt/boost_1.89.0/lib LUA_CPATH=${LUA_CPATH};/home/masterthesis/kaixi_crospi_ws/install/etasl_wrapper/lib/?.so;/home/masterthesis/kaixi_crospi_ws/install/crospi_core/lib/?.so LUA_PATH=?.lua;?.lua;?.lua;?.lua;;/opt/ros2_crospi_ws/install/etasl_wrapper/lib/etasl1.5/?.lua;/opt/ros2_crospi_ws/install/etasl_wrapper/lib/etasl1.5/xml2lua/?.lua;/opt/ros2_crospi_ws/src/crospi/crospi_core/scripts/lib/?.lua;/opt/ros2_crospi_ws/src/crospi/crospi_core/?.lua;/usr/local/share/lua/5.1/?.lua;/opt/ros2_crospi_ws/install/etasl_wrapper/lib/etasl1.5/?.lua;/opt/ros2_crospi_ws/install/etasl_wrapper/lib/etasl1.5/xml2lua/?.lua;/opt/ros2_crospi_ws/src/crospi/crospi_core/scripts/lib/?.lua;/opt/ros2_crospi_ws/src/crospi/crospi_core/?.lua;/usr/local/share/lua/5.1/?.lua;/opt/ros2_crospi_ws/install/etasl_wrapper/lib/etasl1.5/?.lua;/opt/ros2_crospi_ws/install/etasl_wrapper/lib/etasl1.5/xml2lua/?.lua;/opt/ros2_crospi_ws/src/crospi/crospi_core/scripts/lib/?.lua;/opt/ros2_crospi_ws/src/crospi/crospi_core/?.lua;/usr/local/share/lua/5.1/?.lua;/home/masterthesis/kaixi_crospi_ws/install/etasl_wrapper/lib/etasl1.5/?.lua;/home/masterthesis/kaixi_crospi_ws/install/etasl_wrapper/lib/etasl1.5/xml2lua/?.lua;/home/masterthesis/kaixi_crospi_ws/src/crospi/crospi_core/scripts/lib/?.lua;/home/masterthesis/kaixi_crospi_ws/src/crospi/crospi_core/?.lua;/usr/local/share/lua/5.1/?.lua PATH=/home/masterthesis/kaixi_crospi_ws/install/etasl_wrapper/bin:${PATH} PYTHONPATH=/home/masterthesis/kaixi_crospi_ws/install/crospi_core/local/lib/python3.10/dist-packages:/home/masterthesis/kaixi_crospi_ws/install/crospi_interfaces/local/lib/python3.10/dist-packages:${PYTHONPATH} /usr/bin/cmake --build /home/masterthesis/kaixi_crospi_ws/build/crospi_application_template -- -j16 -l16
[0.753s] [100%] [34m[1mconstructing tasks-schema.json file[0m
[0.753s] [100%] [34m[1mconstructing json schema files for the setup configuration[0m
[0.753s] [100%] [34m[1mconstructing json schema bundled file from /home/masterthesis/kaixi_crospi_ws/src/crospi/crospi_application_template/schemas/blackboard-schema.json to /home/masterthesis/kaixi_crospi_ws/src/crospi/crospi_application_template/schemas/generated/blackboard-schema-bundled.json[0m
[0.757s] -------------------
[0.757s] Generating JSON-SCHEMA file for task specification: /home/masterthesis/kaixi_crospi_ws/src/crospi/crospi_application_template/task_specifications/libraries/core_task_lib/task_specifications/follow_spline.etasl.lua...
[0.759s] [100%] Built target ament_cmake_python_symlink_skill_specifications
[0.788s] Generating JSON schema for robotdriver.json with 1 the following detected installed plugins:
[0.788s] --template_driver_crospi.schema.json: a json schema with the exact name (case-sensitive) was found!
[0.788s] JSON schema successfully generated and saved to schemas/generated/robotdriver.json
[0.788s]  
[0.788s] Generating JSON schema for inputhandler.json with 6 the following detected installed plugins:
[0.788s] --TwistInputHandler.schema.json: a json schema with the exact name (case-sensitive) was found!
[0.788s] --WrenchInputHandler.schema.json: a json schema with the exact name (case-sensitive) was found!
[0.788s] --TopicInputHandler.schema.json: a json schema with the exact name (case-sensitive) was found!
[0.788s] --PoseInputHandler.schema.json: a json schema with the exact name (case-sensitive) was found!
[0.788s] --VectorInputHandler.schema.json: a json schema with the exact name (case-sensitive) was found!
[0.788s] --TFInputHandler.schema.json: a json schema with the exact name (case-sensitive) was found!
[0.788s] JSON schema successfully generated and saved to schemas/generated/inputhandler.json
[0.788s]  
[0.788s] Generating JSON schema for outputhandler.json with 3 the following detected installed plugins:
[0.789s] --JointStateOutputHandler.schema.json: a json schema with the exact name (case-sensitive) was found!
[0.789s] --TopicOutputHandler.schema.json: a json schema with the exact name (case-sensitive) was found!
[0.789s] --TopicOutputDerivativesHandler.schema.json: a json schema with the exact name (case-sensitive) was found!
[0.789s] JSON schema successfully generated and saved to schemas/generated/outputhandler.json
[0.789s]  
[0.789s] Generating JSON schema for robotsimulator.json with 1 the following detected installed plugins:
[0.789s] --simple_kinematic_simulation.schema.json: a json schema with the exact name (case-sensitive) was found!
[0.789s] JSON schema successfully generated and saved to schemas/generated/robotsimulator.json
[0.789s]  
[0.789s] Code was exited after generating the JSON Schema file, since this should not be done during execution but only in the generation phase.
[0.789s] -------------------
[0.789s] Generating JSON-SCHEMA file for task specification: /home/masterthesis/kaixi_crospi_ws/src/crospi/crospi_application_template/task_specifications/libraries/core_task_lib/task_specifications/idle.etasl.lua...
[0.798s] [100%] Built target PLUGIN_SCHEMA_JSON
[0.808s] Code was exited after generating the JSON Schema file, since this should not be done during execution but only in the generation phase.
[0.809s] -------------------
[0.809s] Generating JSON-SCHEMA file for task specification: /home/masterthesis/kaixi_crospi_ws/src/crospi/crospi_application_template/task_specifications/libraries/core_task_lib/task_specifications/keep_relative_initial_pose.etasl.lua...
[0.829s] Code was exited after generating the JSON Schema file, since this should not be done during execution but only in the generation phase.
[0.829s] -------------------
[0.829s] Generating JSON-SCHEMA file for task specification: /home/masterthesis/kaixi_crospi_ws/src/crospi/crospi_application_template/task_specifications/libraries/core_task_lib/task_specifications/move_admittance.etasl.lua...
[0.849s] Code was exited after generating the JSON Schema file, since this should not be done during execution but only in the generation phase.
[0.850s] -------------------
[0.850s] Generating JSON-SCHEMA file for task specification: /home/masterthesis/kaixi_crospi_ws/src/crospi/crospi_application_template/task_specifications/libraries/core_task_lib/task_specifications/move_cartesianspace_absolute_pose.etasl.lua...
[0.870s] Code was exited after generating the JSON Schema file, since this should not be done during execution but only in the generation phase.
[0.871s] -------------------
[0.871s] Generating JSON-SCHEMA file for task specification: /home/masterthesis/kaixi_crospi_ws/src/crospi/crospi_application_template/task_specifications/libraries/core_task_lib/task_specifications/move_cartesianspace_relative.etasl.lua...
[0.891s] Code was exited after generating the JSON Schema file, since this should not be done during execution but only in the generation phase.
[0.891s] -------------------
[0.892s] Generating JSON-SCHEMA file for task specification: /home/masterthesis/kaixi_crospi_ws/src/crospi/crospi_application_template/task_specifications/libraries/core_task_lib/task_specifications/move_jointspace_trap.etasl.lua...
[0.911s] Code was exited after generating the JSON Schema file, since this should not be done during execution but only in the generation phase.
[0.912s] -------------------
[0.912s] Generating JSON-SCHEMA file for task specification: /home/masterthesis/kaixi_crospi_ws/src/crospi/crospi_application_template/task_specifications/libraries/core_task_lib/task_specifications/move_jointspace_trap_subset.etasl.lua...
[0.932s] Code was exited after generating the JSON Schema file, since this should not be done during execution but only in the generation phase.
[0.932s] -------------------
[0.932s] Generating JSON-SCHEMA file for task specification: /home/masterthesis/kaixi_crospi_ws/src/crospi/crospi_application_template/task_specifications/libraries/core_task_lib/task_specifications/move_joystick.etasl.lua...
[0.952s] Code was exited after generating the JSON Schema file, since this should not be done during execution but only in the generation phase.
[0.954s] -------------------
[0.954s] Generating JSON-SCHEMA file for task specification: /home/masterthesis/kaixi_crospi_ws/src/crospi/crospi_application_template/task_specifications/libraries/debug_lib/task_specifications/move_joystick_reading_sensor_vals_driver.etasl.lua...
[0.973s] running egg_info
[0.973s] creating skill_specifications.egg-info
[0.973s] writing skill_specifications.egg-info/PKG-INFO
[0.973s] writing dependency_links to skill_specifications.egg-info/dependency_links.txt
[0.973s] writing top-level names to skill_specifications.egg-info/top_level.txt
[0.974s] writing manifest file 'skill_specifications.egg-info/SOURCES.txt'
[0.975s] reading manifest file 'skill_specifications.egg-info/SOURCES.txt'
[0.975s] writing manifest file 'skill_specifications.egg-info/SOURCES.txt'
[0.976s] Code was exited after generating the JSON Schema file, since this should not be done during execution but only in the generation phase.
[0.977s] -------------------
[0.977s] Generating JSON-SCHEMA file for task specification: /home/masterthesis/kaixi_crospi_ws/src/crospi/crospi_application_template/task_specifications/libraries/debug_lib/task_specifications/move_sine_waves_jointspace.etasl.lua...
[0.995s] [100%] Built target ament_cmake_python_build_skill_specifications_egg
[0.996s] Code was exited after generating the JSON Schema file, since this should not be done during execution but only in the generation phase.
[0.998s] -------------------
[0.998s] Generating JSON-SCHEMA file for task specification: /home/masterthesis/kaixi_crospi_ws/src/crospi/crospi_application_template/task_specifications/libraries/dummy_lib/task_specifications/follow_external_frame.etasl.lua...
[1.018s] Code was exited after generating the JSON Schema file, since this should not be done during execution but only in the generation phase.
[1.019s] -------------------
[1.019s] Generating JSON-SCHEMA file for task specification: /home/masterthesis/kaixi_crospi_ws/src/crospi/crospi_application_template/task_specifications/libraries/dummy_lib/task_specifications/follow_external_vector.etasl.lua...
[1.039s] Code was exited after generating the JSON Schema file, since this should not be done during execution but only in the generation phase.
[1.039s] -------------------
[1.039s] Generating JSON-SCHEMA file for task specification: /home/masterthesis/kaixi_crospi_ws/src/crospi/crospi_application_template/robot_models/robot_specifications/kuka_iiwa.etasl.lua...
[1.040s] -------------------
[1.040s] Generating JSON-SCHEMA file for task specification: /home/masterthesis/kaixi_crospi_ws/src/crospi/crospi_application_template/robot_models/robot_specifications/ur10.etasl.lua...
[1.041s] -------------------
[1.041s] Generating JSON-SCHEMA file for task specification: /home/masterthesis/kaixi_crospi_ws/src/crospi/crospi_application_template/robot_models/robot_specifications/ur10e.etasl.lua...
[1.043s] Generating JSON-SCHEMA general file for defining instances of task specifications
[1.043s] -------------------
[1.045s] -------------------
[1.047s] -------------------
[1.049s] -------------------
[1.051s] -------------------
[1.053s] -------------------
[1.054s] -------------------
[1.056s] -------------------
[1.058s] -------------------
[1.061s] -------------------
[1.062s] -------------------
[1.064s] -------------------
[1.067s] -------------------
[1.070s] JSON schema generated at ../tasks-schema.json
[1.077s] [100%] Built target TASKS_SCHEMA_JSON
[4.339s] Compiled schema saved to: /home/masterthesis/kaixi_crospi_ws/src/crospi/crospi_application_template/schemas/generated/blackboard-schema-bundled.json
[4.376s] [100%] Built target BUNDLE_SCHEMA_JSON
[4.389s] Invoked command in '/home/masterthesis/kaixi_crospi_ws/build/crospi_application_template' returned '0': AMENT_PREFIX_PATH=/home/masterthesis/kaixi_crospi_ws/install/crospi_core:/home/masterthesis/kaixi_crospi_ws/install/etasl_wrapper:/home/masterthesis/kaixi_crospi_ws/install/crospi_interfaces:${AMENT_PREFIX_PATH} CMAKE_PREFIX_PATH=/home/masterthesis/kaixi_crospi_ws/install/crospi_core:/home/masterthesis/kaixi_crospi_ws/install/etasl_wrapper:/home/masterthesis/kaixi_crospi_ws/install/crospi_interfaces:/home/masterthesis/workspaces_ros2/kaixi_ws/install/ur_description:/home/masterthesis/workspaces_ros2/kaixi_ws/install/trossen_arm_ros:/home/masterthesis/workspaces_ros2/kaixi_ws/install/trossen_arm_moveit:/home/masterthesis/workspaces_ros2/kaixi_ws/install/trossen_arm_controllers:/home/masterthesis/workspaces_ros2/kaixi_ws/install/trossen_arm_bringup:/home/masterthesis/workspaces_ros2/kaixi_ws/install/trossen_arm_hardware:/home/masterthesis/workspaces_ros2/kaixi_ws/install/trossen_arm_description:/opt/ros2_crospi_ws/install/betfsm_demos:/opt/ros2_crospi_ws/install/betfsm:/opt/ros/humble:/home/masterthesis/workspaces_ros2/kaixi_ws/install/libtrossen_arm:/home/masterthesis/workspaces_ros2/kaixi_ws/install/crospi_application_template:/opt/ros2_crospi_ws/install/template_driver_crospi:/opt/ros2_crospi_ws/install/crospi_default_plugins:/opt/ros2_crospi_ws/install/crospi_core:/opt/ros2_crospi_ws/install/etasl_wrapper:/opt/ros2_crospi_ws/install/crospi_interfaces:/opt/ros2_crospi_ws/install/betfsm_interfaces LD_LIBRARY_PATH=/home/masterthesis/kaixi_crospi_ws/install/crospi_core/lib:/home/masterthesis/kaixi_crospi_ws/install/etasl_wrapper/lib:/home/masterthesis/kaixi_crospi_ws/install/crospi_interfaces/lib:/home/masterthesis/workspaces_ros2/kaixi_ws/install/trossen_arm_controllers/lib:/home/masterthesis/workspaces_ros2/kaixi_ws/install/trossen_arm_hardware/lib:/opt/ros2_crospi_ws/install/template_driver_crospi/lib:/opt/ros2_crospi_ws/install/crospi_default_plugins/lib:/opt/ros2_crospi_ws/install/crospi_core/lib:/opt/ros2_crospi_ws/install/etasl_wrapper/lib:/opt/ros2_crospi_ws/install/crospi_interfaces/lib:/opt/ros2_crospi_ws/install/betfsm_interfaces/lib:/opt/ros/humble/opt/rviz_ogre_vendor/lib:/opt/ros/humble/lib/x86_64-linux-gnu:/opt/ros/humble/lib:/opt/boost_1.89.0/lib LUA_CPATH=${LUA_CPATH};/home/masterthesis/kaixi_crospi_ws/install/etasl_wrapper/lib/?.so;/home/masterthesis/kaixi_crospi_ws/install/crospi_core/lib/?.so LUA_PATH=?.lua;?.lua;?.lua;?.lua;;/opt/ros2_crospi_ws/install/etasl_wrapper/lib/etasl1.5/?.lua;/opt/ros2_crospi_ws/install/etasl_wrapper/lib/etasl1.5/xml2lua/?.lua;/opt/ros2_crospi_ws/src/crospi/crospi_core/scripts/lib/?.lua;/opt/ros2_crospi_ws/src/crospi/crospi_core/?.lua;/usr/local/share/lua/5.1/?.lua;/opt/ros2_crospi_ws/install/etasl_wrapper/lib/etasl1.5/?.lua;/opt/ros2_crospi_ws/install/etasl_wrapper/lib/etasl1.5/xml2lua/?.lua;/opt/ros2_crospi_ws/src/crospi/crospi_core/scripts/lib/?.lua;/opt/ros2_crospi_ws/src/crospi/crospi_core/?.lua;/usr/local/share/lua/5.1/?.lua;/opt/ros2_crospi_ws/install/etasl_wrapper/lib/etasl1.5/?.lua;/opt/ros2_crospi_ws/install/etasl_wrapper/lib/etasl1.5/xml2lua/?.lua;/opt/ros2_crospi_ws/src/crospi/crospi_core/scripts/lib/?.lua;/opt/ros2_crospi_ws/src/crospi/crospi_core/?.lua;/usr/local/share/lua/5.1/?.lua;/home/masterthesis/kaixi_crospi_ws/install/etasl_wrapper/lib/etasl1.5/?.lua;/home/masterthesis/kaixi_crospi_ws/install/etasl_wrapper/lib/etasl1.5/xml2lua/?.lua;/home/masterthesis/kaixi_crospi_ws/src/crospi/crospi_core/scripts/lib/?.lua;/home/masterthesis/kaixi_crospi_ws/src/crospi/crospi_core/?.lua;/usr/local/share/lua/5.1/?.lua PATH=/home/masterthesis/kaixi_crospi_ws/install/etasl_wrapper/bin:${PATH} PYTHONPATH=/home/masterthesis/kaixi_crospi_ws/install/crospi_core/local/lib/python3.10/dist-packages:/home/masterthesis/kaixi_crospi_ws/install/crospi_interfaces/local/lib/python3.10/dist-packages:${PYTHONPATH} /usr/bin/cmake --build /home/masterthesis/kaixi_crospi_ws/build/crospi_application_template -- -j16 -l16
[4.391s] Invoking command in '/home/masterthesis/kaixi_crospi_ws/build/crospi_application_template': AMENT_PREFIX_PATH=/home/masterthesis/kaixi_crospi_ws/install/crospi_core:/home/masterthesis/kaixi_crospi_ws/install/etasl_wrapper:/home/masterthesis/kaixi_crospi_ws/install/crospi_interfaces:${AMENT_PREFIX_PATH} CMAKE_PREFIX_PATH=/home/masterthesis/kaixi_crospi_ws/install/crospi_core:/home/masterthesis/kaixi_crospi_ws/install/etasl_wrapper:/home/masterthesis/kaixi_crospi_ws/install/crospi_interfaces:/home/masterthesis/workspaces_ros2/kaixi_ws/install/ur_description:/home/masterthesis/workspaces_ros2/kaixi_ws/install/trossen_arm_ros:/home/masterthesis/workspaces_ros2/kaixi_ws/install/trossen_arm_moveit:/home/masterthesis/workspaces_ros2/kaixi_ws/install/trossen_arm_controllers:/home/masterthesis/workspaces_ros2/kaixi_ws/install/trossen_arm_bringup:/home/masterthesis/workspaces_ros2/kaixi_ws/install/trossen_arm_hardware:/home/masterthesis/workspaces_ros2/kaixi_ws/install/trossen_arm_description:/opt/ros2_crospi_ws/install/betfsm_demos:/opt/ros2_crospi_ws/install/betfsm:/opt/ros/humble:/home/masterthesis/workspaces_ros2/kaixi_ws/install/libtrossen_arm:/home/masterthesis/workspaces_ros2/kaixi_ws/install/crospi_application_template:/opt/ros2_crospi_ws/install/template_driver_crospi:/opt/ros2_crospi_ws/install/crospi_default_plugins:/opt/ros2_crospi_ws/install/crospi_core:/opt/ros2_crospi_ws/install/etasl_wrapper:/opt/ros2_crospi_ws/install/crospi_interfaces:/opt/ros2_crospi_ws/install/betfsm_interfaces LD_LIBRARY_PATH=/home/masterthesis/kaixi_crospi_ws/install/crospi_core/lib:/home/masterthesis/kaixi_crospi_ws/install/etasl_wrapper/lib:/home/masterthesis/kaixi_crospi_ws/install/crospi_interfaces/lib:/home/masterthesis/workspaces_ros2/kaixi_ws/install/trossen_arm_controllers/lib:/home/masterthesis/workspaces_ros2/kaixi_ws/install/trossen_arm_hardware/lib:/opt/ros2_crospi_ws/install/template_driver_crospi/lib:/opt/ros2_crospi_ws/install/crospi_default_plugins/lib:/opt/ros2_crospi_ws/install/crospi_core/lib:/opt/ros2_crospi_ws/install/etasl_wrapper/lib:/opt/ros2_crospi_ws/install/crospi_interfaces/lib:/opt/ros2_crospi_ws/install/betfsm_interfaces/lib:/opt/ros/humble/opt/rviz_ogre_vendor/lib:/opt/ros/humble/lib/x86_64-linux-gnu:/opt/ros/humble/lib:/opt/boost_1.89.0/lib LUA_CPATH=${LUA_CPATH};/home/masterthesis/kaixi_crospi_ws/install/etasl_wrapper/lib/?.so;/home/masterthesis/kaixi_crospi_ws/install/crospi_core/lib/?.so LUA_PATH=?.lua;?.lua;?.lua;?.lua;;/opt/ros2_crospi_ws/install/etasl_wrapper/lib/etasl1.5/?.lua;/opt/ros2_crospi_ws/install/etasl_wrapper/lib/etasl1.5/xml2lua/?.lua;/opt/ros2_crospi_ws/src/crospi/crospi_core/scripts/lib/?.lua;/opt/ros2_crospi_ws/src/crospi/crospi_core/?.lua;/usr/local/share/lua/5.1/?.lua;/opt/ros2_crospi_ws/install/etasl_wrapper/lib/etasl1.5/?.lua;/opt/ros2_crospi_ws/install/etasl_wrapper/lib/etasl1.5/xml2lua/?.lua;/opt/ros2_crospi_ws/src/crospi/crospi_core/scripts/lib/?.lua;/opt/ros2_crospi_ws/src/crospi/crospi_core/?.lua;/usr/local/share/lua/5.1/?.lua;/opt/ros2_crospi_ws/install/etasl_wrapper/lib/etasl1.5/?.lua;/opt/ros2_crospi_ws/install/etasl_wrapper/lib/etasl1.5/xml2lua/?.lua;/opt/ros2_crospi_ws/src/crospi/crospi_core/scripts/lib/?.lua;/opt/ros2_crospi_ws/src/crospi/crospi_core/?.lua;/usr/local/share/lua/5.1/?.lua;/home/masterthesis/kaixi_crospi_ws/install/etasl_wrapper/lib/etasl1.5/?.lua;/home/masterthesis/kaixi_crospi_ws/install/etasl_wrapper/lib/etasl1.5/xml2lua/?.lua;/home/masterthesis/kaixi_crospi_ws/src/crospi/crospi_core/scripts/lib/?.lua;/home/masterthesis/kaixi_crospi_ws/src/crospi/crospi_core/?.lua;/usr/local/share/lua/5.1/?.lua PATH=/home/masterthesis/kaixi_crospi_ws/install/etasl_wrapper/bin:${PATH} PYTHONPATH=/home/masterthesis/kaixi_crospi_ws/install/crospi_core/local/lib/python3.10/dist-packages:/home/masterthesis/kaixi_crospi_ws/install/crospi_interfaces/local/lib/python3.10/dist-packages:${PYTHONPATH} /usr/bin/cmake --install /home/masterthesis/kaixi_crospi_ws/build/crospi_application_template
[4.400s] -- Install configuration: ""
[4.400s] -- Execute custom install script
[4.401s] -- Symlinking: /home/masterthesis/kaixi_crospi_ws/install/crospi_application_template/share/crospi_application_template/applications/application_example_tutorials/application_example_tutorials.launch.py
[4.411s] -- Symlinking: /home/masterthesis/kaixi_crospi_ws/install/crospi_application_template/share/crospi_application_template/applications/application_example_tutorials/application_example_tutorials.setup.json
[4.422s] -- Symlinking: /home/masterthesis/kaixi_crospi_ws/install/crospi_application_template/share/crospi_application_template/applications/application_example_ur10/application_example_ur10.launch.py
[4.432s] -- Symlinking: /home/masterthesis/kaixi_crospi_ws/install/crospi_application_template/share/crospi_application_template/applications/application_example_ur10/application_example_ur10.setup.json
[4.442s] -- Symlinking: /home/masterthesis/kaixi_crospi_ws/install/crospi_application_template/share/crospi_application_template/applications/application_example_ur10/application_example_ur10.skills.json
[4.452s] -- Symlinking: /home/masterthesis/kaixi_crospi_ws/install/crospi_application_template/share/crospi_application_template/applications/application_example_ur10e/application_example_ur10e.launch.py
[4.462s] -- Symlinking: /home/masterthesis/kaixi_crospi_ws/install/crospi_application_template/share/crospi_application_template/applications/application_example_ur10e/application_example_ur10e.setup.json
[4.472s] -- Symlinking: /home/masterthesis/kaixi_crospi_ws/install/crospi_application_template/share/crospi_application_template/applications/application_example_ur10e/application_example_ur10e.skills.json
[4.484s] -- Symlinking: /home/masterthesis/kaixi_crospi_ws/install/crospi_application_template/share/crospi_application_template/task_specifications/libraries/core_task_lib/.git
[4.494s] -- Symlinking: /home/masterthesis/kaixi_crospi_ws/install/crospi_application_template/share/crospi_application_template/task_specifications/libraries/core_task_lib/.github/workflows/gitlab-mirror.yml
[4.504s] -- Symlinking: /home/masterthesis/kaixi_crospi_ws/install/crospi_application_template/share/crospi_application_template/task_specifications/libraries/core_task_lib/LICENSE
[4.514s] -- Symlinking: /home/masterthesis/kaixi_crospi_ws/install/crospi_application_template/share/crospi_application_template/task_specifications/libraries/core_task_lib/README.md
[4.525s] -- Symlinking: /home/masterthesis/kaixi_crospi_ws/install/crospi_application_template/share/crospi_application_template/task_specifications/libraries/core_task_lib/task_json_schemas/follow_spline.etasl.json
[4.535s] -- Symlinking: /home/masterthesis/kaixi_crospi_ws/install/crospi_application_template/share/crospi_application_template/task_specifications/libraries/core_task_lib/task_json_schemas/idle.etasl.json
[4.545s] -- Symlinking: /home/masterthesis/kaixi_crospi_ws/install/crospi_application_template/share/crospi_application_template/task_specifications/libraries/core_task_lib/task_json_schemas/keep_relative_initial_pose.etasl.json
[4.555s] -- Symlinking: /home/masterthesis/kaixi_crospi_ws/install/crospi_application_template/share/crospi_application_template/task_specifications/libraries/core_task_lib/task_json_schemas/move_admittance.etasl.json
[4.565s] -- Symlinking: /home/masterthesis/kaixi_crospi_ws/install/crospi_application_template/share/crospi_application_template/task_specifications/libraries/core_task_lib/task_json_schemas/move_cartesianspace_absolute_pose.etasl.json
[4.574s] -- Symlinking: /home/masterthesis/kaixi_crospi_ws/install/crospi_application_template/share/crospi_application_template/task_specifications/libraries/core_task_lib/task_json_schemas/move_cartesianspace_relative.etasl.json
[4.585s] -- Symlinking: /home/masterthesis/kaixi_crospi_ws/install/crospi_application_template/share/crospi_application_template/task_specifications/libraries/core_task_lib/task_json_schemas/move_jointspace_trap.etasl.json
[4.594s] -- Symlinking: /home/masterthesis/kaixi_crospi_ws/install/crospi_application_template/share/crospi_application_template/task_specifications/libraries/core_task_lib/task_json_schemas/move_jointspace_trap_subset.etasl.json
[4.605s] -- Symlinking: /home/masterthesis/kaixi_crospi_ws/install/crospi_application_template/share/crospi_application_template/task_specifications/libraries/core_task_lib/task_json_schemas/move_joystick.etasl.json
[4.614s] -- Symlinking: /home/masterthesis/kaixi_crospi_ws/install/crospi_application_template/share/crospi_application_template/task_specifications/libraries/core_task_lib/task_json_schemas/readme.md
[4.625s] -- Symlinking: /home/masterthesis/kaixi_crospi_ws/install/crospi_application_template/share/crospi_application_template/task_specifications/libraries/core_task_lib/task_library.json
[4.635s] -- Symlinking: /home/masterthesis/kaixi_crospi_ws/install/crospi_application_template/share/crospi_application_template/task_specifications/libraries/core_task_lib/task_specifications/follow_spline.etasl.lua
[4.645s] -- Symlinking: /home/masterthesis/kaixi_crospi_ws/install/crospi_application_template/share/crospi_application_template/task_specifications/libraries/core_task_lib/task_specifications/idle.etasl.lua
[4.655s] -- Symlinking: /home/masterthesis/kaixi_crospi_ws/install/crospi_application_template/share/crospi_application_template/task_specifications/libraries/core_task_lib/task_specifications/keep_relative_initial_pose.etasl.lua
[4.665s] -- Symlinking: /home/masterthesis/kaixi_crospi_ws/install/crospi_application_template/share/crospi_application_template/task_specifications/libraries/core_task_lib/task_specifications/misc/example_spline.csv
[4.674s] -- Symlinking: /home/masterthesis/kaixi_crospi_ws/install/crospi_application_template/share/crospi_application_template/task_specifications/libraries/core_task_lib/task_specifications/move_admittance.etasl.lua
[4.685s] -- Symlinking: /home/masterthesis/kaixi_crospi_ws/install/crospi_application_template/share/crospi_application_template/task_specifications/libraries/core_task_lib/task_specifications/move_cartesianspace_absolute_pose.etasl.lua
[4.694s] -- Symlinking: /home/masterthesis/kaixi_crospi_ws/install/crospi_application_template/share/crospi_application_template/task_specifications/libraries/core_task_lib/task_specifications/move_cartesianspace_relative.etasl.lua
[4.705s] -- Symlinking: /home/masterthesis/kaixi_crospi_ws/install/crospi_application_template/share/crospi_application_template/task_specifications/libraries/core_task_lib/task_specifications/move_jointspace_trap.etasl.lua
[4.715s] -- Symlinking: /home/masterthesis/kaixi_crospi_ws/install/crospi_application_template/share/crospi_application_template/task_specifications/libraries/core_task_lib/task_specifications/move_jointspace_trap_subset.etasl.lua
[4.725s] -- Symlinking: /home/masterthesis/kaixi_crospi_ws/install/crospi_application_template/share/crospi_application_template/task_specifications/libraries/core_task_lib/task_specifications/move_joystick.etasl.lua
[4.735s] -- Symlinking: /home/masterthesis/kaixi_crospi_ws/install/crospi_application_template/share/crospi_application_template/task_specifications/libraries/core_task_lib/task_specifications/utilities/utils_ts.lua
[4.745s] -- Symlinking: /home/masterthesis/kaixi_crospi_ws/install/crospi_application_template/share/crospi_application_template/task_specifications/libraries/debug_lib/.git
[4.755s] -- Symlinking: /home/masterthesis/kaixi_crospi_ws/install/crospi_application_template/share/crospi_application_template/task_specifications/libraries/debug_lib/.github/workflows/gitlab-mirror.yml
[4.766s] -- Symlinking: /home/masterthesis/kaixi_crospi_ws/install/crospi_application_template/share/crospi_application_template/task_specifications/libraries/debug_lib/LICENSE
[4.777s] -- Symlinking: /home/masterthesis/kaixi_crospi_ws/install/crospi_application_template/share/crospi_application_template/task_specifications/libraries/debug_lib/README.md
[4.788s] -- Symlinking: /home/masterthesis/kaixi_crospi_ws/install/crospi_application_template/share/crospi_application_template/task_specifications/libraries/debug_lib/task_json_schemas/move_joystick_reading_sensor_vals_driver.etasl.json
[4.799s] -- Symlinking: /home/masterthesis/kaixi_crospi_ws/install/crospi_application_template/share/crospi_application_template/task_specifications/libraries/debug_lib/task_json_schemas/move_sine_waves_jointspace.etasl.json
[4.809s] -- Symlinking: /home/masterthesis/kaixi_crospi_ws/install/crospi_application_template/share/crospi_application_template/task_specifications/libraries/debug_lib/task_json_schemas/readme.md
[4.818s] -- Symlinking: /home/masterthesis/kaixi_crospi_ws/install/crospi_application_template/share/crospi_application_template/task_specifications/libraries/debug_lib/task_library.json
[4.829s] -- Symlinking: /home/masterthesis/kaixi_crospi_ws/install/crospi_application_template/share/crospi_application_template/task_specifications/libraries/debug_lib/task_specifications/move_joystick_reading_sensor_vals_driver.etasl.lua
[4.839s] -- Symlinking: /home/masterthesis/kaixi_crospi_ws/install/crospi_application_template/share/crospi_application_template/task_specifications/libraries/debug_lib/task_specifications/move_sine_waves_jointspace.etasl.lua
[4.850s] -- Symlinking: /home/masterthesis/kaixi_crospi_ws/install/crospi_application_template/share/crospi_application_template/task_specifications/libraries/debug_lib/task_specifications/utilities/utils_ts.lua
[4.861s] -- Symlinking: /home/masterthesis/kaixi_crospi_ws/install/crospi_application_template/share/crospi_application_template/task_specifications/libraries/dummy_lib/.git
[4.872s] -- Symlinking: /home/masterthesis/kaixi_crospi_ws/install/crospi_application_template/share/crospi_application_template/task_specifications/libraries/dummy_lib/.github/workflows/gitlab-mirror.yml
[4.882s] -- Symlinking: /home/masterthesis/kaixi_crospi_ws/install/crospi_application_template/share/crospi_application_template/task_specifications/libraries/dummy_lib/LICENSE
[4.893s] -- Symlinking: /home/masterthesis/kaixi_crospi_ws/install/crospi_application_template/share/crospi_application_template/task_specifications/libraries/dummy_lib/README.md
[4.903s] -- Symlinking: /home/masterthesis/kaixi_crospi_ws/install/crospi_application_template/share/crospi_application_template/task_specifications/libraries/dummy_lib/task_json_schemas/follow_external_frame.etasl.json
[4.914s] -- Symlinking: /home/masterthesis/kaixi_crospi_ws/install/crospi_application_template/share/crospi_application_template/task_specifications/libraries/dummy_lib/task_json_schemas/follow_external_vector.etasl.json
[4.924s] -- Symlinking: /home/masterthesis/kaixi_crospi_ws/install/crospi_application_template/share/crospi_application_template/task_specifications/libraries/dummy_lib/task_json_schemas/readme.md
[4.935s] -- Symlinking: /home/masterthesis/kaixi_crospi_ws/install/crospi_application_template/share/crospi_application_template/task_specifications/libraries/dummy_lib/task_library.json
[4.945s] -- Symlinking: /home/masterthesis/kaixi_crospi_ws/install/crospi_application_template/share/crospi_application_template/task_specifications/libraries/dummy_lib/task_specifications/follow_external_frame.etasl.lua
[4.955s] -- Symlinking: /home/masterthesis/kaixi_crospi_ws/install/crospi_application_template/share/crospi_application_template/task_specifications/libraries/dummy_lib/task_specifications/follow_external_vector.etasl.lua
[4.965s] -- Symlinking: /home/masterthesis/kaixi_crospi_ws/install/crospi_application_template/share/crospi_application_template/task_specifications/libraries/task_library.schema.json
[4.976s] -- Symlinking: /home/masterthesis/kaixi_crospi_ws/install/crospi_application_template/share/crospi_application_template/task_specifications/tasks-schema.json
[4.987s] -- Symlinking: /home/masterthesis/kaixi_crospi_ws/install/crospi_application_template/share/crospi_application_template/skill_specifications/__init__.py
[4.997s] -- Symlinking: /home/masterthesis/kaixi_crospi_ws/install/crospi_application_template/share/crospi_application_template/skill_specifications/libraries/CMakeLists.txt
[5.007s] -- Symlinking: /home/masterthesis/kaixi_crospi_ws/install/crospi_application_template/share/crospi_application_template/skill_specifications/libraries/__init__.py
[5.017s] -- Symlinking: /home/masterthesis/kaixi_crospi_ws/install/crospi_application_template/share/crospi_application_template/skill_specifications/libraries/skill_lib_example/.git
[5.028s] -- Symlinking: /home/masterthesis/kaixi_crospi_ws/install/crospi_application_template/share/crospi_application_template/skill_specifications/libraries/skill_lib_example/.github/workflows/gitlab-mirror.yml
[5.038s] -- Symlinking: /home/masterthesis/kaixi_crospi_ws/install/crospi_application_template/share/crospi_application_template/skill_specifications/libraries/skill_lib_example/README.md
[5.048s] -- Symlinking: /home/masterthesis/kaixi_crospi_ws/install/crospi_application_template/share/crospi_application_template/skill_specifications/libraries/skill_lib_example/skill_library.json
[5.057s] -- Symlinking: /home/masterthesis/kaixi_crospi_ws/install/crospi_application_template/share/crospi_application_template/skill_specifications/libraries/skill_lib_example/skill_specifications/skill_example.py
[5.067s] -- Symlinking: /home/masterthesis/kaixi_crospi_ws/install/crospi_application_template/share/crospi_application_template/skill_specifications/libraries/skill_lib_example/tasks/skill_example.json
[5.076s] -- Symlinking: /home/masterthesis/kaixi_crospi_ws/install/crospi_application_template/share/crospi_application_template/skill_specifications/libraries/skill_library.schema.json
[5.087s] -- Symlinking: /home/masterthesis/kaixi_crospi_ws/install/crospi_application_template/share/crospi_application_template/robot_models/robot_specifications/kuka_iiwa.etasl.lua
[5.097s] -- Symlinking: /home/masterthesis/kaixi_crospi_ws/install/crospi_application_template/share/crospi_application_template/robot_models/robot_specifications/ur10.etasl.lua
[5.107s] -- Symlinking: /home/masterthesis/kaixi_crospi_ws/install/crospi_application_template/share/crospi_application_template/robot_models/robot_specifications/ur10e.etasl.lua
[5.117s] -- Symlinking: /home/masterthesis/kaixi_crospi_ws/install/crospi_application_template/share/crospi_application_template/robot_models/urdf_models/meshes/adaptor.stl
[5.128s] -- Symlinking: /home/masterthesis/kaixi_crospi_ws/install/crospi_application_template/share/crospi_application_template/robot_models/urdf_models/meshes/load_cell_67.stl
[5.138s] -- Symlinking: /home/masterthesis/kaixi_crospi_ws/install/crospi_application_template/share/crospi_application_template/robot_models/urdf_models/robot_setups/kuka_iiwa/rviz_config.rviz
[5.148s] -- Symlinking: /home/masterthesis/kaixi_crospi_ws/install/crospi_application_template/share/crospi_application_template/robot_models/urdf_models/robot_setups/kuka_iiwa/use_case_setup_iiwa.urdf
[5.158s] -- Symlinking: /home/masterthesis/kaixi_crospi_ws/install/crospi_application_template/share/crospi_application_template/robot_models/urdf_models/robot_setups/kuka_iiwa/use_case_setup_iiwa.urdf.xacro
[5.169s] -- Symlinking: /home/masterthesis/kaixi_crospi_ws/install/crospi_application_template/share/crospi_application_template/robot_models/urdf_models/robot_setups/ur10/environment.urdf.xacro
[5.179s] -- Symlinking: /home/masterthesis/kaixi_crospi_ws/install/crospi_application_template/share/crospi_application_template/robot_models/urdf_models/robot_setups/ur10/robot_tools.urdf.xacro
[5.189s] -- Symlinking: /home/masterthesis/kaixi_crospi_ws/install/crospi_application_template/share/crospi_application_template/robot_models/urdf_models/robot_setups/ur10/rviz_config.rviz
[5.200s] -- Symlinking: /home/masterthesis/kaixi_crospi_ws/install/crospi_application_template/share/crospi_application_template/robot_models/urdf_models/robot_setups/ur10/use_case_setup_ur10.urdf
[5.210s] -- Symlinking: /home/masterthesis/kaixi_crospi_ws/install/crospi_application_template/share/crospi_application_template/robot_models/urdf_models/robot_setups/ur10/use_case_setup_ur10.urdf.xacro
[5.220s] -- Symlinking: /home/masterthesis/kaixi_crospi_ws/install/crospi_application_template/share/crospi_application_template/robot_models/urdf_models/robot_setups/ur10e/environment.urdf.xacro
[5.231s] -- Symlinking: /home/masterthesis/kaixi_crospi_ws/install/crospi_application_template/share/crospi_application_template/robot_models/urdf_models/robot_setups/ur10e/robot_tools.urdf.xacro
[5.241s] -- Symlinking: /home/masterthesis/kaixi_crospi_ws/install/crospi_application_template/share/crospi_application_template/robot_models/urdf_models/robot_setups/ur10e/rviz_config.rviz
[5.252s] -- Symlinking: /home/masterthesis/kaixi_crospi_ws/install/crospi_application_template/share/crospi_application_template/robot_models/urdf_models/robot_setups/ur10e/use_case_setup_ur10e.urdf
[5.262s] -- Symlinking: /home/masterthesis/kaixi_crospi_ws/install/crospi_application_template/share/crospi_application_template/robot_models/urdf_models/robot_setups/ur10e/use_case_setup_ur10e.urdf.xacro
[5.273s] -- Symlinking: /home/masterthesis/kaixi_crospi_ws/install/crospi_application_template/share/crospi_application_template/schemas/blackboard-schema.json
[5.283s] -- Symlinking: /home/masterthesis/kaixi_crospi_ws/install/crospi_application_template/share/crospi_application_template/schemas/etasl.json
[5.294s] -- Symlinking: /home/masterthesis/kaixi_crospi_ws/install/crospi_application_template/share/crospi_application_template/schemas/generated/blackboard-schema-bundled.json
[5.304s] -- Symlinking: /home/masterthesis/kaixi_crospi_ws/install/crospi_application_template/share/crospi_application_template/schemas/generated/inputhandler.json
[5.314s] -- Symlinking: /home/masterthesis/kaixi_crospi_ws/install/crospi_application_template/share/crospi_application_template/schemas/generated/outputhandler.json
[5.325s] -- Symlinking: /home/masterthesis/kaixi_crospi_ws/install/crospi_application_template/share/crospi_application_template/schemas/generated/robotdriver.json
[5.335s] -- Symlinking: /home/masterthesis/kaixi_crospi_ws/install/crospi_application_template/share/crospi_application_template/schemas/generated/robotsimulator.json
[5.345s] -- Symlinking: /home/masterthesis/kaixi_crospi_ws/install/crospi_application_template/share/crospi_application_template/schemas/iohandlers.json
[5.355s] -- Symlinking: /home/masterthesis/kaixi_crospi_ws/install/crospi_application_template/share/crospi_application_template/schemas/robot.json
[5.366s] -- Symlinking: /home/masterthesis/kaixi_crospi_ws/install/crospi_application_template/lib/crospi_application_template/pose_msg_to_tf.py
[5.376s] -- Symlinking: /home/masterthesis/kaixi_crospi_ws/install/crospi_application_template/lib/crospi_application_template/sine_wave_tf.py
[5.387s] -- Symlinking: /home/masterthesis/kaixi_crospi_ws/install/crospi_application_template/share/crospi_application_template/environment/pythonpath.sh
[5.397s] -- Symlinking: /home/masterthesis/kaixi_crospi_ws/install/crospi_application_template/share/crospi_application_template/environment/pythonpath.dsv
[5.408s] -- Symlinking: /home/masterthesis/kaixi_crospi_ws/install/crospi_application_template/local/lib/python3.10/dist-packages/skill_specifications-0.0.0-py3.10.egg-info/PKG-INFO
[5.418s] -- Symlinking: /home/masterthesis/kaixi_crospi_ws/install/crospi_application_template/local/lib/python3.10/dist-packages/skill_specifications-0.0.0-py3.10.egg-info/SOURCES.txt
[5.428s] -- Symlinking: /home/masterthesis/kaixi_crospi_ws/install/crospi_application_template/local/lib/python3.10/dist-packages/skill_specifications-0.0.0-py3.10.egg-info/dependency_links.txt
[5.439s] -- Symlinking: /home/masterthesis/kaixi_crospi_ws/install/crospi_application_template/local/lib/python3.10/dist-packages/skill_specifications-0.0.0-py3.10.egg-info/top_level.txt
[5.450s] -- Symlinking: /home/masterthesis/kaixi_crospi_ws/install/crospi_application_template/local/lib/python3.10/dist-packages/skill_specifications/__init__.py
[5.460s] -- Symlinking: /home/masterthesis/kaixi_crospi_ws/install/crospi_application_template/local/lib/python3.10/dist-packages/skill_specifications/libraries/CMakeLists.txt
[5.470s] -- Symlinking: /home/masterthesis/kaixi_crospi_ws/install/crospi_application_template/local/lib/python3.10/dist-packages/skill_specifications/libraries/__init__.py
[5.481s] -- Symlinking: /home/masterthesis/kaixi_crospi_ws/install/crospi_application_template/local/lib/python3.10/dist-packages/skill_specifications/libraries/skill_lib_example/.git
[5.492s] -- Symlinking: /home/masterthesis/kaixi_crospi_ws/install/crospi_application_template/local/lib/python3.10/dist-packages/skill_specifications/libraries/skill_lib_example/.github/workflows/gitlab-mirror.yml
[5.502s] -- Symlinking: /home/masterthesis/kaixi_crospi_ws/install/crospi_application_template/local/lib/python3.10/dist-packages/skill_specifications/libraries/skill_lib_example/README.md
[5.512s] -- Symlinking: /home/masterthesis/kaixi_crospi_ws/install/crospi_application_template/local/lib/python3.10/dist-packages/skill_specifications/libraries/skill_lib_example/skill_library.json
[5.523s] -- Symlinking: /home/masterthesis/kaixi_crospi_ws/install/crospi_application_template/local/lib/python3.10/dist-packages/skill_specifications/libraries/skill_lib_example/skill_specifications/skill_example.py
[5.533s] -- Symlinking: /home/masterthesis/kaixi_crospi_ws/install/crospi_application_template/local/lib/python3.10/dist-packages/skill_specifications/libraries/skill_lib_example/tasks/skill_example.json
[5.544s] -- Symlinking: /home/masterthesis/kaixi_crospi_ws/install/crospi_application_template/local/lib/python3.10/dist-packages/skill_specifications/libraries/skill_library.schema.json
[5.554s] -- Symlinking: /home/masterthesis/kaixi_crospi_ws/install/crospi_application_template/share/ament_index/resource_index/package_run_dependencies/crospi_application_template
[5.565s] -- Symlinking: /home/masterthesis/kaixi_crospi_ws/install/crospi_application_template/share/ament_index/resource_index/parent_prefix_path/crospi_application_template
[5.576s] -- Symlinking: /home/masterthesis/kaixi_crospi_ws/install/crospi_application_template/share/crospi_application_template/environment/ament_prefix_path.sh
[5.586s] -- Symlinking: /home/masterthesis/kaixi_crospi_ws/install/crospi_application_template/share/crospi_application_template/environment/ament_prefix_path.dsv
[5.596s] -- Symlinking: /home/masterthesis/kaixi_crospi_ws/install/crospi_application_template/share/crospi_application_template/environment/path.sh
[5.607s] -- Symlinking: /home/masterthesis/kaixi_crospi_ws/install/crospi_application_template/share/crospi_application_template/environment/path.dsv
[5.617s] -- Symlinking: /home/masterthesis/kaixi_crospi_ws/install/crospi_application_template/share/crospi_application_template/local_setup.bash
[5.627s] -- Symlinking: /home/masterthesis/kaixi_crospi_ws/install/crospi_application_template/share/crospi_application_template/local_setup.sh
[5.638s] -- Symlinking: /home/masterthesis/kaixi_crospi_ws/install/crospi_application_template/share/crospi_application_template/local_setup.zsh
[5.648s] -- Symlinking: /home/masterthesis/kaixi_crospi_ws/install/crospi_application_template/share/crospi_application_template/local_setup.dsv
[5.658s] -- Symlinking: /home/masterthesis/kaixi_crospi_ws/install/crospi_application_template/share/crospi_application_template/package.dsv
[5.669s] -- Symlinking: /home/masterthesis/kaixi_crospi_ws/install/crospi_application_template/share/ament_index/resource_index/packages/crospi_application_template
[5.680s] -- Symlinking: /home/masterthesis/kaixi_crospi_ws/install/crospi_application_template/share/crospi_application_template/cmake/crospi_application_templateConfig.cmake
[5.690s] -- Symlinking: /home/masterthesis/kaixi_crospi_ws/install/crospi_application_template/share/crospi_application_template/cmake/crospi_application_templateConfig-version.cmake
[5.700s] -- Symlinking: /home/masterthesis/kaixi_crospi_ws/install/crospi_application_template/share/crospi_application_template/package.xml
[5.762s] Listing '/home/masterthesis/kaixi_crospi_ws/install/crospi_application_template/local/lib/python3.10/dist-packages/skill_specifications'...
[5.762s] Compiling '/home/masterthesis/kaixi_crospi_ws/install/crospi_application_template/local/lib/python3.10/dist-packages/skill_specifications/__init__.py'...
[5.762s] Listing '/home/masterthesis/kaixi_crospi_ws/install/crospi_application_template/local/lib/python3.10/dist-packages/skill_specifications/libraries'...
[5.762s] Compiling '/home/masterthesis/kaixi_crospi_ws/install/crospi_application_template/local/lib/python3.10/dist-packages/skill_specifications/libraries/__init__.py'...
[5.762s] Listing '/home/masterthesis/kaixi_crospi_ws/install/crospi_application_template/local/lib/python3.10/dist-packages/skill_specifications/libraries/skill_lib_example'...
[5.762s] Listing '/home/masterthesis/kaixi_crospi_ws/install/crospi_application_template/local/lib/python3.10/dist-packages/skill_specifications/libraries/skill_lib_example/.github'...
[5.763s] Listing '/home/masterthesis/kaixi_crospi_ws/install/crospi_application_template/local/lib/python3.10/dist-packages/skill_specifications/libraries/skill_lib_example/.github/workflows'...
[5.763s] Listing '/home/masterthesis/kaixi_crospi_ws/install/crospi_application_template/local/lib/python3.10/dist-packages/skill_specifications/libraries/skill_lib_example/skill_specifications'...
[5.763s] Compiling '/home/masterthesis/kaixi_crospi_ws/install/crospi_application_template/local/lib/python3.10/dist-packages/skill_specifications/libraries/skill_lib_example/skill_specifications/skill_example.py'...
[5.763s] Listing '/home/masterthesis/kaixi_crospi_ws/install/crospi_application_template/local/lib/python3.10/dist-packages/skill_specifications/libraries/skill_lib_example/tasks'...
[5.770s] Invoked command in '/home/masterthesis/kaixi_crospi_ws/build/crospi_application_template' returned '0': AMENT_PREFIX_PATH=/home/masterthesis/kaixi_crospi_ws/install/crospi_core:/home/masterthesis/kaixi_crospi_ws/install/etasl_wrapper:/home/masterthesis/kaixi_crospi_ws/install/crospi_interfaces:${AMENT_PREFIX_PATH} CMAKE_PREFIX_PATH=/home/masterthesis/kaixi_crospi_ws/install/crospi_core:/home/masterthesis/kaixi_crospi_ws/install/etasl_wrapper:/home/masterthesis/kaixi_crospi_ws/install/crospi_interfaces:/home/masterthesis/workspaces_ros2/kaixi_ws/install/ur_description:/home/masterthesis/workspaces_ros2/kaixi_ws/install/trossen_arm_ros:/home/masterthesis/workspaces_ros2/kaixi_ws/install/trossen_arm_moveit:/home/masterthesis/workspaces_ros2/kaixi_ws/install/trossen_arm_controllers:/home/masterthesis/workspaces_ros2/kaixi_ws/install/trossen_arm_bringup:/home/masterthesis/workspaces_ros2/kaixi_ws/install/trossen_arm_hardware:/home/masterthesis/workspaces_ros2/kaixi_ws/install/trossen_arm_description:/opt/ros2_crospi_ws/install/betfsm_demos:/opt/ros2_crospi_ws/install/betfsm:/opt/ros/humble:/home/masterthesis/workspaces_ros2/kaixi_ws/install/libtrossen_arm:/home/masterthesis/workspaces_ros2/kaixi_ws/install/crospi_application_template:/opt/ros2_crospi_ws/install/template_driver_crospi:/opt/ros2_crospi_ws/install/crospi_default_plugins:/opt/ros2_crospi_ws/install/crospi_core:/opt/ros2_crospi_ws/install/etasl_wrapper:/opt/ros2_crospi_ws/install/crospi_interfaces:/opt/ros2_crospi_ws/install/betfsm_interfaces LD_LIBRARY_PATH=/home/masterthesis/kaixi_crospi_ws/install/crospi_core/lib:/home/masterthesis/kaixi_crospi_ws/install/etasl_wrapper/lib:/home/masterthesis/kaixi_crospi_ws/install/crospi_interfaces/lib:/home/masterthesis/workspaces_ros2/kaixi_ws/install/trossen_arm_controllers/lib:/home/masterthesis/workspaces_ros2/kaixi_ws/install/trossen_arm_hardware/lib:/opt/ros2_crospi_ws/install/template_driver_crospi/lib:/opt/ros2_crospi_ws/install/crospi_default_plugins/lib:/opt/ros2_crospi_ws/install/crospi_core/lib:/opt/ros2_crospi_ws/install/etasl_wrapper/lib:/opt/ros2_crospi_ws/install/crospi_interfaces/lib:/opt/ros2_crospi_ws/install/betfsm_interfaces/lib:/opt/ros/humble/opt/rviz_ogre_vendor/lib:/opt/ros/humble/lib/x86_64-linux-gnu:/opt/ros/humble/lib:/opt/boost_1.89.0/lib LUA_CPATH=${LUA_CPATH};/home/masterthesis/kaixi_crospi_ws/install/etasl_wrapper/lib/?.so;/home/masterthesis/kaixi_crospi_ws/install/crospi_core/lib/?.so LUA_PATH=?.lua;?.lua;?.lua;?.lua;;/opt/ros2_crospi_ws/install/etasl_wrapper/lib/etasl1.5/?.lua;/opt/ros2_crospi_ws/install/etasl_wrapper/lib/etasl1.5/xml2lua/?.lua;/opt/ros2_crospi_ws/src/crospi/crospi_core/scripts/lib/?.lua;/opt/ros2_crospi_ws/src/crospi/crospi_core/?.lua;/usr/local/share/lua/5.1/?.lua;/opt/ros2_crospi_ws/install/etasl_wrapper/lib/etasl1.5/?.lua;/opt/ros2_crospi_ws/install/etasl_wrapper/lib/etasl1.5/xml2lua/?.lua;/opt/ros2_crospi_ws/src/crospi/crospi_core/scripts/lib/?.lua;/opt/ros2_crospi_ws/src/crospi/crospi_core/?.lua;/usr/local/share/lua/5.1/?.lua;/opt/ros2_crospi_ws/install/etasl_wrapper/lib/etasl1.5/?.lua;/opt/ros2_crospi_ws/install/etasl_wrapper/lib/etasl1.5/xml2lua/?.lua;/opt/ros2_crospi_ws/src/crospi/crospi_core/scripts/lib/?.lua;/opt/ros2_crospi_ws/src/crospi/crospi_core/?.lua;/usr/local/share/lua/5.1/?.lua;/home/masterthesis/kaixi_crospi_ws/install/etasl_wrapper/lib/etasl1.5/?.lua;/home/masterthesis/kaixi_crospi_ws/install/etasl_wrapper/lib/etasl1.5/xml2lua/?.lua;/home/masterthesis/kaixi_crospi_ws/src/crospi/crospi_core/scripts/lib/?.lua;/home/masterthesis/kaixi_crospi_ws/src/crospi/crospi_core/?.lua;/usr/local/share/lua/5.1/?.lua PATH=/home/masterthesis/kaixi_crospi_ws/install/etasl_wrapper/bin:${PATH} PYTHONPATH=/home/masterthesis/kaixi_crospi_ws/install/crospi_core/local/lib/python3.10/dist-packages:/home/masterthesis/kaixi_crospi_ws/install/crospi_interfaces/local/lib/python3.10/dist-packages:${PYTHONPATH} /usr/bin/cmake --install /home/masterthesis/kaixi_crospi_ws/build/crospi_application_template
