[0.011s] Invoking command in '/home/masterthesis/kaixi_crospi_ws/build/widowx_etasl': /usr/bin/cmake /home/masterthesis/kaixi_crospi_ws/src/widowx_etasl -DCMAKE_INSTALL_PREFIX=/home/masterthesis/kaixi_crospi_ws/install/widowx_etasl
[0.053s] -- The C compiler identification is GNU 11.4.0
[0.093s] -- The CXX compiler identification is GNU 11.4.0
[0.099s] -- Detecting C compiler ABI info
[0.152s] -- Detecting C compiler ABI info - done
[0.161s] -- Check for working C compiler: /usr/bin/cc - skipped
[0.161s] -- Detecting C compile features
[0.162s] -- Detecting C compile features - done
[0.164s] -- Detecting CXX compiler ABI info
[0.223s] -- Detecting CXX compiler ABI info - done
[0.232s] -- Check for working CXX compiler: /usr/bin/c++ - skipped
[0.232s] -- Detecting CXX compile features
[0.232s] -- Detecting CXX compile features - done
[0.238s] -- Found ament_cmake: 1.3.14 (/opt/ros/humble/share/ament_cmake/cmake)
[0.377s] -- Found Python3: /usr/bin/python3 (found version "3.10.12") found components: Interpreter 
[0.561s] Error parsing '/home/masterthesis/kaixi_crospi_ws/src/widowx_etasl/package.xml':
[0.561s] Traceback (most recent call last):
[0.561s]   File "/opt/ros/humble/share/ament_cmake_core/cmake/core/package_xml_2_cmake.py", line 150, in <module>
[0.562s]     main()
[0.562s]   File "/opt/ros/humble/share/ament_cmake_core/cmake/core/package_xml_2_cmake.py", line 53, in main
[0.562s]     raise e
[0.562s]   File "/opt/ros/humble/share/ament_cmake_core/cmake/core/package_xml_2_cmake.py", line 49, in main
[0.562s]     package = parse_package_string(
[0.562s]   File "/usr/lib/python3/dist-packages/catkin_pkg/package.py", line 786, in parse_package_string
[0.562s]     raise InvalidPackage('Error(s):%s' % (''.join(['\n- %s' % e for e in errors])), filename)
[0.562s] catkin_pkg.package.InvalidPackage: Error(s) in package '/home/masterthesis/kaixi_crospi_ws/src/widowx_etasl/package.xml':
[0.562s] Error(s):
[0.562s] - The manifest of package "widowx_etasl" (with format version 3) must not contain the following tags: ament_cmake_python_package
[0.569s] [31mCMake Error at /opt/ros/humble/share/ament_cmake_core/cmake/core/ament_package_xml.cmake:95 (message):
[0.569s]   execute_process(/usr/bin/python3
[0.569s]   /opt/ros/humble/share/ament_cmake_core/cmake/core/package_xml_2_cmake.py
[0.569s]   /home/masterthesis/kaixi_crospi_ws/src/widowx_etasl/package.xml
[0.569s]   /home/masterthesis/kaixi_crospi_ws/build/widowx_etasl/ament_cmake_core/package.cmake)
[0.570s]   returned error code 1
[0.570s] Call Stack (most recent call first):
[0.570s]   /opt/ros/humble/share/ament_cmake_core/cmake/core/ament_package_xml.cmake:49 (_ament_package_xml)
[0.570s]   /opt/ros/humble/share/ament_cmake_core/cmake/core/ament_package.cmake:63 (ament_package_xml)
[0.570s]   CMakeLists.txt:10 (ament_package)
[0.570s] 
[0.570s] [0m
[0.570s] -- Configuring incomplete, errors occurred!
[0.570s] See also "/home/masterthesis/kaixi_crospi_ws/build/widowx_etasl/CMakeFiles/CMakeOutput.log".
[0.573s] Invoked command in '/home/masterthesis/kaixi_crospi_ws/build/widowx_etasl' returned '1': /usr/bin/cmake /home/masterthesis/kaixi_crospi_ws/src/widowx_etasl -DCMAKE_INSTALL_PREFIX=/home/masterthesis/kaixi_crospi_ws/install/widowx_etasl
