-- The C compiler identification is GNU 11.4.0
-- The CXX compiler identification is GNU 11.4.0
-- Detecting C compiler ABI info
-- Detecting C compiler ABI info - done
-- Check for working C compiler: /usr/bin/cc - skipped
-- Detecting C compile features
-- Detecting C compile features - done
-- Detecting CXX compiler ABI info
-- Detecting CXX compiler ABI info - done
-- Check for working CXX compiler: /usr/bin/c++ - skipped
-- Detecting CXX compile features
-- Detecting CXX compile features - done
[0m--------------trossen_widowx_driver_crospi compiling ----------------[0m
-- Found ament_cmake: 1.3.14 (/opt/ros/humble/share/ament_cmake/cmake)
-- Found Python3: /usr/bin/python3 (found version "3.10.12") found components: Interpreter 
-- Override CMake install command with custom implementation using symlinks instead of copying resources
-- Found pluginlib: 5.1.3 (/opt/ros/humble/share/pluginlib/cmake)
-- Found crospi_core: 0.0.0 (/opt/ros2_crospi_ws/install/crospi_core/share/crospi_core/cmake)
-- Found rclcpp: 16.0.19 (/opt/ros/humble/share/rclcpp/cmake)
-- Found rosidl_generator_c: 3.1.8 (/opt/ros/humble/share/rosidl_generator_c/cmake)
-- Found rosidl_adapter: 3.1.8 (/opt/ros/humble/share/rosidl_adapter/cmake)
-- Found rosidl_generator_cpp: 3.1.8 (/opt/ros/humble/share/rosidl_generator_cpp/cmake)
-- Using all available rosidl_typesupport_c: rosidl_typesupport_fastrtps_c;rosidl_typesupport_introspection_c
-- Using all available rosidl_typesupport_cpp: rosidl_typesupport_fastrtps_cpp;rosidl_typesupport_introspection_cpp
-- Found rmw_implementation_cmake: 6.1.2 (/opt/ros/humble/share/rmw_implementation_cmake/cmake)
-- Found rmw_fastrtps_cpp: 6.2.10 (/opt/ros/humble/share/rmw_fastrtps_cpp/cmake)
-- Found TinyXML2 via Config file: TinyXML2_DIR-NOTFOUND
-- Found OpenSSL: /usr/lib/x86_64-linux-gnu/libcrypto.so (found version "3.0.2")  
-- Found TinyXML2 via Config file: TinyXML2_DIR-NOTFOUND
-- Found FastRTPS: /opt/ros/humble/include  
-- Found TinyXML2 via Config file: TinyXML2_DIR-NOTFOUND
-- Found TinyXML2 via Config file: TinyXML2_DIR-NOTFOUND
-- Using RMW implementation 'rmw_fastrtps_cpp' as default
-- Looking for pthread.h
-- Looking for pthread.h - found
-- Performing Test CMAKE_HAVE_LIBC_PTHREAD
-- Performing Test CMAKE_HAVE_LIBC_PTHREAD - Success
-- Found Threads: TRUE  
-- Found sensor_msgs: 4.9.1 (/opt/ros/humble/share/sensor_msgs/cmake)
-- Found trossen_widowx_interfaces: 0.0.0 (/home/masterthesis/kaixi_crospi_ws/install/trossen_widowx_interfaces/share/trossen_widowx_interfaces/cmake)
-- Using Boost 1.89 from BOOST_189_ROOT=/opt/boost_1.89.0
-- CMAKE_PREFIX_PATH before: 
-- CMAKE_PREFIX_PATH after: /opt/boost_1.89.0
-- Using Boost version 
-- Found Boost: /opt/boost_1.89.0/lib/cmake/Boost-1.89.0/BoostConfig.cmake (found suitable version "1.89.0", minimum required is "1.89")  
-- Boost include dirs after find_package: /opt/boost_1.89.0/include
-- Found ament_lint_auto: 0.12.15 (/opt/ros/humble/share/ament_lint_auto/cmake)
-- Added test 'cppcheck' to perform static code analysis on C / C++ code
-- Configured cppcheck include dirs: /home/masterthesis/kaixi_crospi_ws/src/robot_drivers/trossen_widowx_driver_crospi/include;$<BUILD_INTERFACE:/home/masterthesis/kaixi_crospi_ws/src/robot_drivers/trossen_widowx_driver_crospi/include>
-- Configured cppcheck exclude dirs and/or files: 
-- Added test 'flake8' to check Python code syntax and style conventions
-- Added test 'lint_cmake' to check CMake code style
-- Added test 'pep257' to check Python code against some of the docstring style conventions in PEP 257
-- Added test 'uncrustify' to check C / C++ code style
-- Configured uncrustify additional arguments: 
-- Added test 'xmllint' to check XML markup files
-- Configuring done
-- Generating done
-- Build files have been written to: /home/masterthesis/kaixi_crospi_ws/build/trossen_widowx_driver_crospi
[ 50%] [32mBuilding CXX object CMakeFiles/trossen_widowx_driver_crospi.dir/src/trossen_widowx_driver_crospi.cpp.o[0m
In file included from [01m[K/usr/include/c++/11/cassert:44[m[K,
                 from [01m[K/opt/ros/humble/include/rclcpp/rclcpp/wait_result.hpp:18[m[K,
                 from [01m[K/opt/ros/humble/include/rclcpp/rclcpp/wait_set_policies/sequential_synchronization.hpp:32[m[K,
                 from [01m[K/opt/ros/humble/include/rclcpp/rclcpp/wait_set.hpp:26[m[K,
                 from [01m[K/opt/ros/humble/include/rclcpp/rclcpp/rclcpp.hpp:168[m[K,
                 from [01m[K/home/masterthesis/kaixi_crospi_ws/src/robot_drivers/trossen_widowx_driver_crospi/include/trossen_widowx_driver_crospi/trossen_widowx_driver_crospi.hpp:11[m[K,
                 from [01m[K/home/masterthesis/kaixi_crospi_ws/src/robot_drivers/trossen_widowx_driver_crospi/src/trossen_widowx_driver_crospi.cpp:1[m[K:
[01m[K/home/masterthesis/kaixi_crospi_ws/src/robot_drivers/trossen_widowx_driver_crospi/src/trossen_widowx_driver_crospi.cpp:[m[K In member function ‘[01m[Kvirtual bool etasl::trossen_widowx_driver_crospi::initialize()[m[K’:
[01m[K/home/masterthesis/kaixi_crospi_ws/src/robot_drivers/trossen_widowx_driver_crospi/src/trossen_widowx_driver_crospi.cpp:76:53:[m[K [01;35m[Kwarning: [m[Kcomparison of integer expressions of different signedness: ‘[01m[Kstd::vector<double>::size_type[m[K’ {aka ‘[01m[Klong unsigned int[m[K’} and ‘[01m[Kint[m[K’ [[01;35m[K]8;;https://gcc.gnu.org/onlinedocs/gcc/Warning-Options.html#index-Wsign-compare-Wsign-compare]8;;[m[K]
   76 |     assert([01;35m[Krobot_output_.joint.arm.positions.size() == DOF[m[K);
      |            [01;35m[K~~~~~~~~~~~~~~~~~~~~~~~~~~~~~~~~~~~~~~~~~^~~~~~[m[K
[01m[K/home/masterthesis/kaixi_crospi_ws/src/robot_drivers/trossen_widowx_driver_crospi/src/trossen_widowx_driver_crospi.cpp:80:54:[m[K [01;35m[Kwarning: [m[Kcomparison of integer expressions of different signedness: ‘[01m[Kstd::vector<double>::size_type[m[K’ {aka ‘[01m[Klong unsigned int[m[K’} and ‘[01m[Kint[m[K’ [[01;35m[K]8;;https://gcc.gnu.org/onlinedocs/gcc/Warning-Options.html#index-Wsign-compare-Wsign-compare]8;;[m[K]
   80 |     assert([01;35m[Krobot_output_.joint.arm.velocities.size() == DOF[m[K);
      |            [01;35m[K~~~~~~~~~~~~~~~~~~~~~~~~~~~~~~~~~~~~~~~~~~^~~~~~[m[K
[100%] [32m[1mLinking CXX shared library libtrossen_widowx_driver_crospi.so[0m
[100%] Built target trossen_widowx_driver_crospi
-- Install configuration: ""
-- Execute custom install script
-- Symlinking: /home/masterthesis/kaixi_crospi_ws/install/trossen_widowx_driver_crospi/share/trossen_widowx_driver_crospi//plugins.xml
-- Symlinking: /home/masterthesis/kaixi_crospi_ws/install/trossen_widowx_driver_crospi/share/trossen_widowx_driver_crospi/environment/library_path.sh
-- Symlinking: /home/masterthesis/kaixi_crospi_ws/install/trossen_widowx_driver_crospi/share/trossen_widowx_driver_crospi/environment/library_path.dsv
-- Symlinking: /home/masterthesis/kaixi_crospi_ws/install/trossen_widowx_driver_crospi/lib/libtrossen_widowx_driver_crospi.so
-- Symlinking: /home/masterthesis/kaixi_crospi_ws/install/trossen_widowx_driver_crospi/include/trossen_widowx_driver_crospi/trossen_widowx_driver_crospi.hpp
-- Symlinking: /home/masterthesis/kaixi_crospi_ws/install/trossen_widowx_driver_crospi/share/trossen_widowx_driver_crospi/json_schemas/trossen_widowx_driver_crospi.schema.json
-- Symlinking: /home/masterthesis/kaixi_crospi_ws/install/trossen_widowx_driver_crospi/share/ament_index/resource_index/package_run_dependencies/trossen_widowx_driver_crospi
-- Symlinking: /home/masterthesis/kaixi_crospi_ws/install/trossen_widowx_driver_crospi/share/ament_index/resource_index/parent_prefix_path/trossen_widowx_driver_crospi
-- Symlinking: /home/masterthesis/kaixi_crospi_ws/install/trossen_widowx_driver_crospi/share/trossen_widowx_driver_crospi/environment/ament_prefix_path.sh
-- Symlinking: /home/masterthesis/kaixi_crospi_ws/install/trossen_widowx_driver_crospi/share/trossen_widowx_driver_crospi/environment/ament_prefix_path.dsv
-- Symlinking: /home/masterthesis/kaixi_crospi_ws/install/trossen_widowx_driver_crospi/share/trossen_widowx_driver_crospi/environment/path.sh
-- Symlinking: /home/masterthesis/kaixi_crospi_ws/install/trossen_widowx_driver_crospi/share/trossen_widowx_driver_crospi/environment/path.dsv
-- Symlinking: /home/masterthesis/kaixi_crospi_ws/install/trossen_widowx_driver_crospi/share/trossen_widowx_driver_crospi/local_setup.bash
-- Symlinking: /home/masterthesis/kaixi_crospi_ws/install/trossen_widowx_driver_crospi/share/trossen_widowx_driver_crospi/local_setup.sh
-- Symlinking: /home/masterthesis/kaixi_crospi_ws/install/trossen_widowx_driver_crospi/share/trossen_widowx_driver_crospi/local_setup.zsh
-- Symlinking: /home/masterthesis/kaixi_crospi_ws/install/trossen_widowx_driver_crospi/share/trossen_widowx_driver_crospi/local_setup.dsv
-- Symlinking: /home/masterthesis/kaixi_crospi_ws/install/trossen_widowx_driver_crospi/share/trossen_widowx_driver_crospi/package.dsv
-- Symlinking: /home/masterthesis/kaixi_crospi_ws/install/trossen_widowx_driver_crospi/share/ament_index/resource_index/packages/trossen_widowx_driver_crospi
-- Symlinking: /home/masterthesis/kaixi_crospi_ws/install/trossen_widowx_driver_crospi/share/ament_index/resource_index/crospi_core__pluginlib__plugin/trossen_widowx_driver_crospi
-- Symlinking: /home/masterthesis/kaixi_crospi_ws/install/trossen_widowx_driver_crospi/share/trossen_widowx_driver_crospi/cmake/ament_cmake_export_dependencies-extras.cmake
-- Symlinking: /home/masterthesis/kaixi_crospi_ws/install/trossen_widowx_driver_crospi/share/trossen_widowx_driver_crospi/cmake/ament_cmake_export_libraries-extras.cmake
-- Symlinking: /home/masterthesis/kaixi_crospi_ws/install/trossen_widowx_driver_crospi/share/trossen_widowx_driver_crospi/cmake/trossen_widowx_driver_crospiConfig.cmake
-- Symlinking: /home/masterthesis/kaixi_crospi_ws/install/trossen_widowx_driver_crospi/share/trossen_widowx_driver_crospi/cmake/trossen_widowx_driver_crospiConfig-version.cmake
-- Symlinking: /home/masterthesis/kaixi_crospi_ws/install/trossen_widowx_driver_crospi/share/trossen_widowx_driver_crospi/package.xml
