[0.008s] Invoking command in '/home/masterthesis/kaixi_crospi_ws/build/trossen_widowx_driver_crospi': AMENT_PREFIX_PATH=/home/masterthesis/kaixi_crospi_ws/install/trossen_widowx_interfaces:${AMENT_PREFIX_PATH} CMAKE_PREFIX_PATH=/home/masterthesis/kaixi_crospi_ws/install/trossen_widowx_interfaces:/opt/ros2_crospi_ws/install/template_driver_crospi:/opt/ros2_crospi_ws/install/crospi_default_plugins:/opt/ros2_crospi_ws/install/crospi_core:/opt/ros2_crospi_ws/install/etasl_wrapper:/opt/ros2_crospi_ws/install/crospi_interfaces:/opt/ros2_crospi_ws/install/betfsm_interfaces:/opt/ros2_crospi_ws/install/betfsm_demos:/opt/ros2_crospi_ws/install/betfsm:/opt/ros/humble LD_LIBRARY_PATH=/home/masterthesis/kaixi_crospi_ws/install/trossen_widowx_interfaces/lib:/opt/ros2_crospi_ws/install/template_driver_crospi/lib:/opt/ros2_crospi_ws/install/crospi_default_plugins/lib:/opt/ros2_crospi_ws/install/crospi_core/lib:/opt/ros2_crospi_ws/install/etasl_wrapper/lib:/opt/ros2_crospi_ws/install/crospi_interfaces/lib:/opt/ros2_crospi_ws/install/betfsm_interfaces/lib:/opt/ros/humble/opt/rviz_ogre_vendor/lib:/opt/ros/humble/lib/x86_64-linux-gnu:/opt/ros/humble/lib:/opt/boost_1.89.0/lib PYTHONPATH=/home/masterthesis/kaixi_crospi_ws/install/trossen_widowx_interfaces/local/lib/python3.10/dist-packages:${PYTHONPATH} /usr/bin/cmake /home/masterthesis/kaixi_crospi_ws/src/robot_drivers/trossen_widowx_driver_crospi -DAMENT_CMAKE_SYMLINK_INSTALL=1 -DCMAKE_INSTALL_PREFIX=/home/masterthesis/kaixi_crospi_ws/install/trossen_widowx_driver_crospi
[0.045s] -- The C compiler identification is GNU 11.4.0
[0.084s] -- The CXX compiler identification is GNU 11.4.0
[0.089s] -- Detecting C compiler ABI info
[0.136s] -- Detecting C compiler ABI info - done
[0.142s] -- Check for working C compiler: /usr/bin/cc - skipped
[0.142s] -- Detecting C compile features
[0.142s] -- Detecting C compile features - done
[0.144s] -- Detecting CXX compiler ABI info
[0.199s] -- Detecting CXX compiler ABI info - done
[0.205s] -- Check for working CXX compiler: /usr/bin/c++ - skipped
[0.205s] -- Detecting CXX compile features
[0.206s] -- Detecting CXX compile features - done
[0.206s] [0m--------------trossen_widowx_driver_crospi compiling ----------------[0m
[0.211s] -- Found ament_cmake: 1.3.14 (/opt/ros/humble/share/ament_cmake/cmake)
[0.341s] -- Found Python3: /usr/bin/python3 (found version "3.10.12") found components: Interpreter 
[0.392s] -- Override CMake install command with custom implementation using symlinks instead of copying resources
[0.455s] -- Found pluginlib: 5.1.3 (/opt/ros/humble/share/pluginlib/cmake)
[0.526s] -- Found crospi_core: 0.0.0 (/opt/ros2_crospi_ws/install/crospi_core/share/crospi_core/cmake)
[0.531s] -- Found rclcpp: 16.0.19 (/opt/ros/humble/share/rclcpp/cmake)
[0.579s] -- Found rosidl_generator_c: 3.1.8 (/opt/ros/humble/share/rosidl_generator_c/cmake)
[0.589s] -- Found rosidl_adapter: 3.1.8 (/opt/ros/humble/share/rosidl_adapter/cmake)
[0.602s] -- Found rosidl_generator_cpp: 3.1.8 (/opt/ros/humble/share/rosidl_generator_cpp/cmake)
[0.618s] -- Using all available rosidl_typesupport_c: rosidl_typesupport_fastrtps_c;rosidl_typesupport_introspection_c
[0.634s] -- Using all available rosidl_typesupport_cpp: rosidl_typesupport_fastrtps_cpp;rosidl_typesupport_introspection_cpp
[0.698s] -- Found rmw_implementation_cmake: 6.1.2 (/opt/ros/humble/share/rmw_implementation_cmake/cmake)
[0.703s] -- Found rmw_fastrtps_cpp: 6.2.10 (/opt/ros/humble/share/rmw_fastrtps_cpp/cmake)
[0.739s] -- Found TinyXML2 via Config file: TinyXML2_DIR-NOTFOUND
[0.773s] -- Found OpenSSL: /usr/lib/x86_64-linux-gnu/libcrypto.so (found version "3.0.2")  
[0.775s] -- Found TinyXML2 via Config file: TinyXML2_DIR-NOTFOUND
[0.787s] -- Found FastRTPS: /opt/ros/humble/include  
[0.790s] -- Found TinyXML2 via Config file: TinyXML2_DIR-NOTFOUND
[0.796s] -- Found TinyXML2 via Config file: TinyXML2_DIR-NOTFOUND
[0.803s] -- Using RMW implementation 'rmw_fastrtps_cpp' as default
[0.820s] -- Looking for pthread.h
[0.871s] -- Looking for pthread.h - found
[0.871s] -- Performing Test CMAKE_HAVE_LIBC_PTHREAD
[0.924s] -- Performing Test CMAKE_HAVE_LIBC_PTHREAD - Success
[0.924s] -- Found Threads: TRUE  
[0.982s] -- Found sensor_msgs: 4.9.1 (/opt/ros/humble/share/sensor_msgs/cmake)
[1.011s] -- Found trossen_widowx_interfaces: 0.0.0 (/home/masterthesis/kaixi_crospi_ws/install/trossen_widowx_interfaces/share/trossen_widowx_interfaces/cmake)
[1.022s] -- Using Boost 1.89 from BOOST_189_ROOT=/opt/boost_1.89.0
[1.022s] -- CMAKE_PREFIX_PATH before: 
[1.022s] -- CMAKE_PREFIX_PATH after: /opt/boost_1.89.0
[1.022s] -- Using Boost version 
[1.025s] -- Found Boost: /opt/boost_1.89.0/lib/cmake/Boost-1.89.0/BoostConfig.cmake (found suitable version "1.89.0", minimum required is "1.89")  
[1.026s] -- Boost include dirs after find_package: /opt/boost_1.89.0/include
[1.033s] -- Found ament_lint_auto: 0.12.15 (/opt/ros/humble/share/ament_lint_auto/cmake)
[1.151s] -- Added test 'cppcheck' to perform static code analysis on C / C++ code
[1.151s] -- Configured cppcheck include dirs: /home/masterthesis/kaixi_crospi_ws/src/robot_drivers/trossen_widowx_driver_crospi/include;$<BUILD_INTERFACE:/home/masterthesis/kaixi_crospi_ws/src/robot_drivers/trossen_widowx_driver_crospi/include>
[1.151s] -- Configured cppcheck exclude dirs and/or files: 
[1.153s] -- Added test 'flake8' to check Python code syntax and style conventions
[1.156s] -- Added test 'lint_cmake' to check CMake code style
[1.158s] -- Added test 'pep257' to check Python code against some of the docstring style conventions in PEP 257
[1.168s] -- Added test 'uncrustify' to check C / C++ code style
[1.168s] -- Configured uncrustify additional arguments: 
[1.170s] -- Added test 'xmllint' to check XML markup files
[1.171s] -- Configuring done
[1.179s] -- Generating done
[1.182s] -- Build files have been written to: /home/masterthesis/kaixi_crospi_ws/build/trossen_widowx_driver_crospi
[1.189s] Invoked command in '/home/masterthesis/kaixi_crospi_ws/build/trossen_widowx_driver_crospi' returned '0': AMENT_PREFIX_PATH=/home/masterthesis/kaixi_crospi_ws/install/trossen_widowx_interfaces:${AMENT_PREFIX_PATH} CMAKE_PREFIX_PATH=/home/masterthesis/kaixi_crospi_ws/install/trossen_widowx_interfaces:/opt/ros2_crospi_ws/install/template_driver_crospi:/opt/ros2_crospi_ws/install/crospi_default_plugins:/opt/ros2_crospi_ws/install/crospi_core:/opt/ros2_crospi_ws/install/etasl_wrapper:/opt/ros2_crospi_ws/install/crospi_interfaces:/opt/ros2_crospi_ws/install/betfsm_interfaces:/opt/ros2_crospi_ws/install/betfsm_demos:/opt/ros2_crospi_ws/install/betfsm:/opt/ros/humble LD_LIBRARY_PATH=/home/masterthesis/kaixi_crospi_ws/install/trossen_widowx_interfaces/lib:/opt/ros2_crospi_ws/install/template_driver_crospi/lib:/opt/ros2_crospi_ws/install/crospi_default_plugins/lib:/opt/ros2_crospi_ws/install/crospi_core/lib:/opt/ros2_crospi_ws/install/etasl_wrapper/lib:/opt/ros2_crospi_ws/install/crospi_interfaces/lib:/opt/ros2_crospi_ws/install/betfsm_interfaces/lib:/opt/ros/humble/opt/rviz_ogre_vendor/lib:/opt/ros/humble/lib/x86_64-linux-gnu:/opt/ros/humble/lib:/opt/boost_1.89.0/lib PYTHONPATH=/home/masterthesis/kaixi_crospi_ws/install/trossen_widowx_interfaces/local/lib/python3.10/dist-packages:${PYTHONPATH} /usr/bin/cmake /home/masterthesis/kaixi_crospi_ws/src/robot_drivers/trossen_widowx_driver_crospi -DAMENT_CMAKE_SYMLINK_INSTALL=1 -DCMAKE_INSTALL_PREFIX=/home/masterthesis/kaixi_crospi_ws/install/trossen_widowx_driver_crospi
[1.190s] Invoking command in '/home/masterthesis/kaixi_crospi_ws/build/trossen_widowx_driver_crospi': AMENT_PREFIX_PATH=/home/masterthesis/kaixi_crospi_ws/install/trossen_widowx_interfaces:${AMENT_PREFIX_PATH} CMAKE_PREFIX_PATH=/home/masterthesis/kaixi_crospi_ws/install/trossen_widowx_interfaces:/opt/ros2_crospi_ws/install/template_driver_crospi:/opt/ros2_crospi_ws/install/crospi_default_plugins:/opt/ros2_crospi_ws/install/crospi_core:/opt/ros2_crospi_ws/install/etasl_wrapper:/opt/ros2_crospi_ws/install/crospi_interfaces:/opt/ros2_crospi_ws/install/betfsm_interfaces:/opt/ros2_crospi_ws/install/betfsm_demos:/opt/ros2_crospi_ws/install/betfsm:/opt/ros/humble LD_LIBRARY_PATH=/home/masterthesis/kaixi_crospi_ws/install/trossen_widowx_interfaces/lib:/opt/ros2_crospi_ws/install/template_driver_crospi/lib:/opt/ros2_crospi_ws/install/crospi_default_plugins/lib:/opt/ros2_crospi_ws/install/crospi_core/lib:/opt/ros2_crospi_ws/install/etasl_wrapper/lib:/opt/ros2_crospi_ws/install/crospi_interfaces/lib:/opt/ros2_crospi_ws/install/betfsm_interfaces/lib:/opt/ros/humble/opt/rviz_ogre_vendor/lib:/opt/ros/humble/lib/x86_64-linux-gnu:/opt/ros/humble/lib:/opt/boost_1.89.0/lib PYTHONPATH=/home/masterthesis/kaixi_crospi_ws/install/trossen_widowx_interfaces/local/lib/python3.10/dist-packages:${PYTHONPATH} /usr/bin/cmake --build /home/masterthesis/kaixi_crospi_ws/build/trossen_widowx_driver_crospi -- -j16 -l16
[1.223s] [ 50%] [32mBuilding CXX object CMakeFiles/trossen_widowx_driver_crospi.dir/src/trossen_widowx_driver_crospi.cpp.o[0m
[3.253s] In file included from [01m[K/usr/include/c++/11/cassert:44[m[K,
[3.253s]                  from [01m[K/opt/ros/humble/include/rclcpp/rclcpp/wait_result.hpp:18[m[K,
[3.253s]                  from [01m[K/opt/ros/humble/include/rclcpp/rclcpp/wait_set_policies/sequential_synchronization.hpp:32[m[K,
[3.253s]                  from [01m[K/opt/ros/humble/include/rclcpp/rclcpp/wait_set.hpp:26[m[K,
[3.253s]                  from [01m[K/opt/ros/humble/include/rclcpp/rclcpp/rclcpp.hpp:168[m[K,
[3.253s]                  from [01m[K/home/masterthesis/kaixi_crospi_ws/src/robot_drivers/trossen_widowx_driver_crospi/include/trossen_widowx_driver_crospi/trossen_widowx_driver_crospi.hpp:11[m[K,
[3.253s]                  from [01m[K/home/masterthesis/kaixi_crospi_ws/src/robot_drivers/trossen_widowx_driver_crospi/src/trossen_widowx_driver_crospi.cpp:1[m[K:
[3.253s] [01m[K/home/masterthesis/kaixi_crospi_ws/src/robot_drivers/trossen_widowx_driver_crospi/src/trossen_widowx_driver_crospi.cpp:[m[K In member function ‘[01m[Kvirtual bool etasl::trossen_widowx_driver_crospi::initialize()[m[K’:
[3.253s] [01m[K/home/masterthesis/kaixi_crospi_ws/src/robot_drivers/trossen_widowx_driver_crospi/src/trossen_widowx_driver_crospi.cpp:76:53:[m[K [01;35m[Kwarning: [m[Kcomparison of integer expressions of different signedness: ‘[01m[Kstd::vector<double>::size_type[m[K’ {aka ‘[01m[Klong unsigned int[m[K’} and ‘[01m[Kint[m[K’ [[01;35m[K]8;;https://gcc.gnu.org/onlinedocs/gcc/Warning-Options.html#index-Wsign-compare-Wsign-compare]8;;[m[K]
[3.253s]    76 |     assert([01;35m[Krobot_output_.joint.arm.positions.size() == DOF[m[K);
[3.253s]       |            [01;35m[K~~~~~~~~~~~~~~~~~~~~~~~~~~~~~~~~~~~~~~~~~^~~~~~[m[K
[3.253s] [01m[K/home/masterthesis/kaixi_crospi_ws/src/robot_drivers/trossen_widowx_driver_crospi/src/trossen_widowx_driver_crospi.cpp:80:54:[m[K [01;35m[Kwarning: [m[Kcomparison of integer expressions of different signedness: ‘[01m[Kstd::vector<double>::size_type[m[K’ {aka ‘[01m[Klong unsigned int[m[K’} and ‘[01m[Kint[m[K’ [[01;35m[K]8;;https://gcc.gnu.org/onlinedocs/gcc/Warning-Options.html#index-Wsign-compare-Wsign-compare]8;;[m[K]
[3.254s]    80 |     assert([01;35m[Krobot_output_.joint.arm.velocities.size() == DOF[m[K);
[3.254s]       |            [01;35m[K~~~~~~~~~~~~~~~~~~~~~~~~~~~~~~~~~~~~~~~~~~^~~~~~[m[K
[5.227s] [100%] [32m[1mLinking CXX shared library libtrossen_widowx_driver_crospi.so[0m
[5.515s] [100%] Built target trossen_widowx_driver_crospi
[5.523s] Invoked command in '/home/masterthesis/kaixi_crospi_ws/build/trossen_widowx_driver_crospi' returned '0': AMENT_PREFIX_PATH=/home/masterthesis/kaixi_crospi_ws/install/trossen_widowx_interfaces:${AMENT_PREFIX_PATH} CMAKE_PREFIX_PATH=/home/masterthesis/kaixi_crospi_ws/install/trossen_widowx_interfaces:/opt/ros2_crospi_ws/install/template_driver_crospi:/opt/ros2_crospi_ws/install/crospi_default_plugins:/opt/ros2_crospi_ws/install/crospi_core:/opt/ros2_crospi_ws/install/etasl_wrapper:/opt/ros2_crospi_ws/install/crospi_interfaces:/opt/ros2_crospi_ws/install/betfsm_interfaces:/opt/ros2_crospi_ws/install/betfsm_demos:/opt/ros2_crospi_ws/install/betfsm:/opt/ros/humble LD_LIBRARY_PATH=/home/masterthesis/kaixi_crospi_ws/install/trossen_widowx_interfaces/lib:/opt/ros2_crospi_ws/install/template_driver_crospi/lib:/opt/ros2_crospi_ws/install/crospi_default_plugins/lib:/opt/ros2_crospi_ws/install/crospi_core/lib:/opt/ros2_crospi_ws/install/etasl_wrapper/lib:/opt/ros2_crospi_ws/install/crospi_interfaces/lib:/opt/ros2_crospi_ws/install/betfsm_interfaces/lib:/opt/ros/humble/opt/rviz_ogre_vendor/lib:/opt/ros/humble/lib/x86_64-linux-gnu:/opt/ros/humble/lib:/opt/boost_1.89.0/lib PYTHONPATH=/home/masterthesis/kaixi_crospi_ws/install/trossen_widowx_interfaces/local/lib/python3.10/dist-packages:${PYTHONPATH} /usr/bin/cmake --build /home/masterthesis/kaixi_crospi_ws/build/trossen_widowx_driver_crospi -- -j16 -l16
[5.524s] Invoking command in '/home/masterthesis/kaixi_crospi_ws/build/trossen_widowx_driver_crospi': AMENT_PREFIX_PATH=/home/masterthesis/kaixi_crospi_ws/install/trossen_widowx_interfaces:${AMENT_PREFIX_PATH} CMAKE_PREFIX_PATH=/home/masterthesis/kaixi_crospi_ws/install/trossen_widowx_interfaces:/opt/ros2_crospi_ws/install/template_driver_crospi:/opt/ros2_crospi_ws/install/crospi_default_plugins:/opt/ros2_crospi_ws/install/crospi_core:/opt/ros2_crospi_ws/install/etasl_wrapper:/opt/ros2_crospi_ws/install/crospi_interfaces:/opt/ros2_crospi_ws/install/betfsm_interfaces:/opt/ros2_crospi_ws/install/betfsm_demos:/opt/ros2_crospi_ws/install/betfsm:/opt/ros/humble LD_LIBRARY_PATH=/home/masterthesis/kaixi_crospi_ws/install/trossen_widowx_interfaces/lib:/opt/ros2_crospi_ws/install/template_driver_crospi/lib:/opt/ros2_crospi_ws/install/crospi_default_plugins/lib:/opt/ros2_crospi_ws/install/crospi_core/lib:/opt/ros2_crospi_ws/install/etasl_wrapper/lib:/opt/ros2_crospi_ws/install/crospi_interfaces/lib:/opt/ros2_crospi_ws/install/betfsm_interfaces/lib:/opt/ros/humble/opt/rviz_ogre_vendor/lib:/opt/ros/humble/lib/x86_64-linux-gnu:/opt/ros/humble/lib:/opt/boost_1.89.0/lib PYTHONPATH=/home/masterthesis/kaixi_crospi_ws/install/trossen_widowx_interfaces/local/lib/python3.10/dist-packages:${PYTHONPATH} /usr/bin/cmake --install /home/masterthesis/kaixi_crospi_ws/build/trossen_widowx_driver_crospi
[5.529s] -- Install configuration: ""
[5.530s] -- Execute custom install script
[5.530s] -- Symlinking: /home/masterthesis/kaixi_crospi_ws/install/trossen_widowx_driver_crospi/share/trossen_widowx_driver_crospi//plugins.xml
[5.536s] -- Symlinking: /home/masterthesis/kaixi_crospi_ws/install/trossen_widowx_driver_crospi/share/trossen_widowx_driver_crospi/environment/library_path.sh
[5.542s] -- Symlinking: /home/masterthesis/kaixi_crospi_ws/install/trossen_widowx_driver_crospi/share/trossen_widowx_driver_crospi/environment/library_path.dsv
[5.549s] -- Symlinking: /home/masterthesis/kaixi_crospi_ws/install/trossen_widowx_driver_crospi/lib/libtrossen_widowx_driver_crospi.so
[5.555s] -- Symlinking: /home/masterthesis/kaixi_crospi_ws/install/trossen_widowx_driver_crospi/include/trossen_widowx_driver_crospi/trossen_widowx_driver_crospi.hpp
[5.561s] -- Symlinking: /home/masterthesis/kaixi_crospi_ws/install/trossen_widowx_driver_crospi/share/trossen_widowx_driver_crospi/json_schemas/trossen_widowx_driver_crospi.schema.json
[5.568s] -- Symlinking: /home/masterthesis/kaixi_crospi_ws/install/trossen_widowx_driver_crospi/share/ament_index/resource_index/package_run_dependencies/trossen_widowx_driver_crospi
[5.574s] -- Symlinking: /home/masterthesis/kaixi_crospi_ws/install/trossen_widowx_driver_crospi/share/ament_index/resource_index/parent_prefix_path/trossen_widowx_driver_crospi
[5.580s] -- Symlinking: /home/masterthesis/kaixi_crospi_ws/install/trossen_widowx_driver_crospi/share/trossen_widowx_driver_crospi/environment/ament_prefix_path.sh
[5.586s] -- Symlinking: /home/masterthesis/kaixi_crospi_ws/install/trossen_widowx_driver_crospi/share/trossen_widowx_driver_crospi/environment/ament_prefix_path.dsv
[5.593s] -- Symlinking: /home/masterthesis/kaixi_crospi_ws/install/trossen_widowx_driver_crospi/share/trossen_widowx_driver_crospi/environment/path.sh
[5.600s] -- Symlinking: /home/masterthesis/kaixi_crospi_ws/install/trossen_widowx_driver_crospi/share/trossen_widowx_driver_crospi/environment/path.dsv
[5.606s] -- Symlinking: /home/masterthesis/kaixi_crospi_ws/install/trossen_widowx_driver_crospi/share/trossen_widowx_driver_crospi/local_setup.bash
[5.612s] -- Symlinking: /home/masterthesis/kaixi_crospi_ws/install/trossen_widowx_driver_crospi/share/trossen_widowx_driver_crospi/local_setup.sh
[5.618s] -- Symlinking: /home/masterthesis/kaixi_crospi_ws/install/trossen_widowx_driver_crospi/share/trossen_widowx_driver_crospi/local_setup.zsh
[5.625s] -- Symlinking: /home/masterthesis/kaixi_crospi_ws/install/trossen_widowx_driver_crospi/share/trossen_widowx_driver_crospi/local_setup.dsv
[5.631s] -- Symlinking: /home/masterthesis/kaixi_crospi_ws/install/trossen_widowx_driver_crospi/share/trossen_widowx_driver_crospi/package.dsv
[5.637s] -- Symlinking: /home/masterthesis/kaixi_crospi_ws/install/trossen_widowx_driver_crospi/share/ament_index/resource_index/packages/trossen_widowx_driver_crospi
[5.644s] -- Symlinking: /home/masterthesis/kaixi_crospi_ws/install/trossen_widowx_driver_crospi/share/ament_index/resource_index/crospi_core__pluginlib__plugin/trossen_widowx_driver_crospi
[5.650s] -- Symlinking: /home/masterthesis/kaixi_crospi_ws/install/trossen_widowx_driver_crospi/share/trossen_widowx_driver_crospi/cmake/ament_cmake_export_dependencies-extras.cmake
[5.656s] -- Symlinking: /home/masterthesis/kaixi_crospi_ws/install/trossen_widowx_driver_crospi/share/trossen_widowx_driver_crospi/cmake/ament_cmake_export_libraries-extras.cmake
[5.663s] -- Symlinking: /home/masterthesis/kaixi_crospi_ws/install/trossen_widowx_driver_crospi/share/trossen_widowx_driver_crospi/cmake/trossen_widowx_driver_crospiConfig.cmake
[5.669s] -- Symlinking: /home/masterthesis/kaixi_crospi_ws/install/trossen_widowx_driver_crospi/share/trossen_widowx_driver_crospi/cmake/trossen_widowx_driver_crospiConfig-version.cmake
[5.676s] -- Symlinking: /home/masterthesis/kaixi_crospi_ws/install/trossen_widowx_driver_crospi/share/trossen_widowx_driver_crospi/package.xml
[5.683s] Invoked command in '/home/masterthesis/kaixi_crospi_ws/build/trossen_widowx_driver_crospi' returned '0': AMENT_PREFIX_PATH=/home/masterthesis/kaixi_crospi_ws/install/trossen_widowx_interfaces:${AMENT_PREFIX_PATH} CMAKE_PREFIX_PATH=/home/masterthesis/kaixi_crospi_ws/install/trossen_widowx_interfaces:/opt/ros2_crospi_ws/install/template_driver_crospi:/opt/ros2_crospi_ws/install/crospi_default_plugins:/opt/ros2_crospi_ws/install/crospi_core:/opt/ros2_crospi_ws/install/etasl_wrapper:/opt/ros2_crospi_ws/install/crospi_interfaces:/opt/ros2_crospi_ws/install/betfsm_interfaces:/opt/ros2_crospi_ws/install/betfsm_demos:/opt/ros2_crospi_ws/install/betfsm:/opt/ros/humble LD_LIBRARY_PATH=/home/masterthesis/kaixi_crospi_ws/install/trossen_widowx_interfaces/lib:/opt/ros2_crospi_ws/install/template_driver_crospi/lib:/opt/ros2_crospi_ws/install/crospi_default_plugins/lib:/opt/ros2_crospi_ws/install/crospi_core/lib:/opt/ros2_crospi_ws/install/etasl_wrapper/lib:/opt/ros2_crospi_ws/install/crospi_interfaces/lib:/opt/ros2_crospi_ws/install/betfsm_interfaces/lib:/opt/ros/humble/opt/rviz_ogre_vendor/lib:/opt/ros/humble/lib/x86_64-linux-gnu:/opt/ros/humble/lib:/opt/boost_1.89.0/lib PYTHONPATH=/home/masterthesis/kaixi_crospi_ws/install/trossen_widowx_interfaces/local/lib/python3.10/dist-packages:${PYTHONPATH} /usr/bin/cmake --install /home/masterthesis/kaixi_crospi_ws/build/trossen_widowx_driver_crospi
