[0.018s] Invoking command in '/home/masterthesis/kaixi_crospi_ws/build/crospi_application_template': CMAKE_PREFIX_PATH=${CMAKE_PREFIX_PATH}:/opt/ros2_crospi_ws/install/betfsm_demos:/opt/ros2_crospi_ws/install/betfsm:/opt/ros/humble /usr/bin/cmake --build /home/masterthesis/kaixi_crospi_ws/build/crospi_application_template -- -j16 -l16
[0.054s] [ 33%] [34m[1mconstructing json schema files for the setup configuration[0m
[0.054s] [ 66%] [34m[1mconstructing tasks-schema.json file[0m
[0.055s] [100%] [34m[1mconstructing json schema bundled file from /home/masterthesis/kaixi_crospi_ws/src/crospi_application_template/schemas/blackboard-schema.json to /home/masterthesis/kaixi_crospi_ws/src/crospi_application_template/schemas/generated/blackboard-schema-bundled.json[0m
[0.059s] -------------------
[0.059s] Generating JSON-SCHEMA file for task specification: /home/masterthesis/kaixi_crospi_ws/src/crospi_application_template/task_specifications/libraries/core_task_lib/task_specifications/follow_spline.etasl.lua...
[0.065s] [100%] Built target ament_cmake_python_symlink_skill_specifications
[0.088s] Code was exited after generating the JSON Schema file, since this should not be done during execution but only in the generation phase.
[0.088s] -------------------
[0.089s] Generating JSON-SCHEMA file for task specification: /home/masterthesis/kaixi_crospi_ws/src/crospi_application_template/task_specifications/libraries/core_task_lib/task_specifications/idle.etasl.lua...
[0.098s] Generating JSON schema for robotdriver.json with 2 the following detected installed plugins:
[0.098s] --trossen_widowx_driver_crospi.schema.json: a json schema with the exact name (case-sensitive) was found!
[0.098s] --template_driver_crospi.schema.json: a json schema with the exact name (case-sensitive) was found!
[0.098s] JSON schema successfully generated and saved to schemas/generated/robotdriver.json
[0.099s]  
[0.099s] Generating JSON schema for inputhandler.json with 7 the following detected installed plugins:
[0.099s] --TwistInputHandler.schema.json: a json schema with the exact name (case-sensitive) was found!
[0.099s] --WrenchInputHandler.schema.json: a json schema with the exact name (case-sensitive) was found!
[0.099s] --TopicInputHandler.schema.json: a json schema with the exact name (case-sensitive) was found!
[0.099s] --PoseInputHandler.schema.json: a json schema with the exact name (case-sensitive) was found!
[0.099s] --VectorInputHandler.schema.json: a json schema with the exact name (case-sensitive) was found!
[0.100s] --TFInputHandler.schema.json: a json schema with the exact name (case-sensitive) was found!
[0.100s] --JointStateInputHandler.schema.json: a json schema with the exact name (case-sensitive) was found!
[0.100s] JSON schema successfully generated and saved to schemas/generated/inputhandler.json
[0.100s]  
[0.100s] Generating JSON schema for outputhandler.json with 3 the following detected installed plugins:
[0.101s] --JointStateOutputHandler.schema.json: a json schema with the exact name (case-sensitive) was found!
[0.101s] --TopicOutputHandler.schema.json: a json schema with the exact name (case-sensitive) was found!
[0.101s] --TopicOutputDerivativesHandler.schema.json: a json schema with the exact name (case-sensitive) was found!
[0.102s] JSON schema successfully generated and saved to schemas/generated/outputhandler.json
[0.102s]  
[0.103s] Generating JSON schema for robotsimulator.json with 1 the following detected installed plugins:
[0.103s] --simple_kinematic_simulation.schema.json: a json schema with the exact name (case-sensitive) was found!
[0.103s] JSON schema successfully generated and saved to schemas/generated/robotsimulator.json
[0.104s]  
[0.109s] [100%] Built target PLUGIN_SCHEMA_JSON
[0.110s] Code was exited after generating the JSON Schema file, since this should not be done during execution but only in the generation phase.
[0.111s] -------------------
[0.111s] Generating JSON-SCHEMA file for task specification: /home/masterthesis/kaixi_crospi_ws/src/crospi_application_template/task_specifications/libraries/core_task_lib/task_specifications/keep_relative_initial_pose.etasl.lua...
[0.130s] Code was exited after generating the JSON Schema file, since this should not be done during execution but only in the generation phase.
[0.131s] -------------------
[0.131s] Generating JSON-SCHEMA file for task specification: /home/masterthesis/kaixi_crospi_ws/src/crospi_application_template/task_specifications/libraries/core_task_lib/task_specifications/move_admittance.etasl.lua...
[0.152s] Code was exited after generating the JSON Schema file, since this should not be done during execution but only in the generation phase.
[0.153s] -------------------
[0.153s] Generating JSON-SCHEMA file for task specification: /home/masterthesis/kaixi_crospi_ws/src/crospi_application_template/task_specifications/libraries/core_task_lib/task_specifications/move_cartesianspace_absolute_pose.etasl.lua...
[0.174s] Code was exited after generating the JSON Schema file, since this should not be done during execution but only in the generation phase.
[0.174s] -------------------
[0.174s] Generating JSON-SCHEMA file for task specification: /home/masterthesis/kaixi_crospi_ws/src/crospi_application_template/task_specifications/libraries/core_task_lib/task_specifications/move_cartesianspace_relative.etasl.lua...
[0.194s] Code was exited after generating the JSON Schema file, since this should not be done during execution but only in the generation phase.
[0.195s] -------------------
[0.195s] Generating JSON-SCHEMA file for task specification: /home/masterthesis/kaixi_crospi_ws/src/crospi_application_template/task_specifications/libraries/core_task_lib/task_specifications/move_jointspace_trap.etasl.lua...
[0.214s] Code was exited after generating the JSON Schema file, since this should not be done during execution but only in the generation phase.
[0.215s] -------------------
[0.215s] Generating JSON-SCHEMA file for task specification: /home/masterthesis/kaixi_crospi_ws/src/crospi_application_template/task_specifications/libraries/core_task_lib/task_specifications/move_jointspace_trap_subset.etasl.lua...
[0.234s] Code was exited after generating the JSON Schema file, since this should not be done during execution but only in the generation phase.
[0.235s] -------------------
[0.235s] Generating JSON-SCHEMA file for task specification: /home/masterthesis/kaixi_crospi_ws/src/crospi_application_template/task_specifications/libraries/core_task_lib/task_specifications/move_joystick.etasl.lua...
[0.253s] Code was exited after generating the JSON Schema file, since this should not be done during execution but only in the generation phase.
[0.255s] -------------------
[0.255s] Generating JSON-SCHEMA file for task specification: /home/masterthesis/kaixi_crospi_ws/src/crospi_application_template/task_specifications/libraries/debug_lib/task_specifications/move_joystick_reading_sensor_vals_driver.etasl.lua...
[0.275s] Code was exited after generating the JSON Schema file, since this should not be done during execution but only in the generation phase.
[0.275s] -------------------
[0.275s] Generating JSON-SCHEMA file for task specification: /home/masterthesis/kaixi_crospi_ws/src/crospi_application_template/task_specifications/libraries/debug_lib/task_specifications/move_sine_waves_jointspace.etasl.lua...
[0.291s] running egg_info
[0.292s] writing skill_specifications.egg-info/PKG-INFO
[0.292s] writing dependency_links to skill_specifications.egg-info/dependency_links.txt
[0.292s] writing top-level names to skill_specifications.egg-info/top_level.txt
[0.294s] reading manifest file 'skill_specifications.egg-info/SOURCES.txt'
[0.294s] writing manifest file 'skill_specifications.egg-info/SOURCES.txt'
[0.294s] Code was exited after generating the JSON Schema file, since this should not be done during execution but only in the generation phase.
[0.296s] -------------------
[0.296s] Generating JSON-SCHEMA file for task specification: /home/masterthesis/kaixi_crospi_ws/src/crospi_application_template/task_specifications/libraries/dummy_lib/task_specifications/follow_external_frame.etasl.lua...
[0.315s] [100%] Built target ament_cmake_python_build_skill_specifications_egg
[0.317s] Code was exited after generating the JSON Schema file, since this should not be done during execution but only in the generation phase.
[0.317s] -------------------
[0.317s] Generating JSON-SCHEMA file for task specification: /home/masterthesis/kaixi_crospi_ws/src/crospi_application_template/task_specifications/libraries/dummy_lib/task_specifications/follow_external_vector.etasl.lua...
[0.336s] Code was exited after generating the JSON Schema file, since this should not be done during execution but only in the generation phase.
[0.336s] -------------------
[0.336s] Generating JSON-SCHEMA file for task specification: /home/masterthesis/kaixi_crospi_ws/src/crospi_application_template/task_specifications/libraries/dummy_lib/task_specifications/move_joystick_with_jointstate_test.etasl.lua...
[0.355s] Code was exited after generating the JSON Schema file, since this should not be done during execution but only in the generation phase.
[0.356s] -------------------
[0.356s] Generating JSON-SCHEMA file for task specification: /home/masterthesis/kaixi_crospi_ws/src/crospi_application_template/robot_models/robot_specifications/kuka_iiwa.etasl.lua...
[0.357s] -------------------
[0.357s] Generating JSON-SCHEMA file for task specification: /home/masterthesis/kaixi_crospi_ws/src/crospi_application_template/robot_models/robot_specifications/ur10.etasl.lua...
[0.358s] -------------------
[0.358s] Generating JSON-SCHEMA file for task specification: /home/masterthesis/kaixi_crospi_ws/src/crospi_application_template/robot_models/robot_specifications/ur10e.etasl.lua...
[0.359s] Generating JSON-SCHEMA general file for defining instances of task specifications
[0.359s] -------------------
[0.361s] -------------------
[0.364s] -------------------
[0.365s] -------------------
[0.367s] -------------------
[0.369s] -------------------
[0.371s] -------------------
[0.374s] -------------------
[0.376s] -------------------
[0.378s] -------------------
[0.380s] -------------------
[0.382s] -------------------
[0.384s] -------------------
[0.386s] -------------------
[0.389s] JSON schema generated at ../tasks-schema.json
[0.396s] [100%] Built target TASKS_SCHEMA_JSON
[1.753s] Compiled schema saved to: /home/masterthesis/kaixi_crospi_ws/src/crospi_application_template/schemas/generated/blackboard-schema-bundled.json
[1.772s] [100%] Built target BUNDLE_SCHEMA_JSON
[1.780s] Invoked command in '/home/masterthesis/kaixi_crospi_ws/build/crospi_application_template' returned '0': CMAKE_PREFIX_PATH=${CMAKE_PREFIX_PATH}:/opt/ros2_crospi_ws/install/betfsm_demos:/opt/ros2_crospi_ws/install/betfsm:/opt/ros/humble /usr/bin/cmake --build /home/masterthesis/kaixi_crospi_ws/build/crospi_application_template -- -j16 -l16
[1.782s] Invoking command in '/home/masterthesis/kaixi_crospi_ws/build/crospi_application_template': CMAKE_PREFIX_PATH=${CMAKE_PREFIX_PATH}:/opt/ros2_crospi_ws/install/betfsm_demos:/opt/ros2_crospi_ws/install/betfsm:/opt/ros/humble /usr/bin/cmake --install /home/masterthesis/kaixi_crospi_ws/build/crospi_application_template
[1.787s] -- Install configuration: ""
[1.787s] -- Execute custom install script
[1.787s] -- Up-to-date symlink: /home/masterthesis/kaixi_crospi_ws/install/crospi_application_template/share/crospi_application_template/applications/application_example_tutorials/application_example_tutorials.launch.py
[1.787s] -- Up-to-date symlink: /home/masterthesis/kaixi_crospi_ws/install/crospi_application_template/share/crospi_application_template/applications/application_example_tutorials/application_example_tutorials.setup.json
[1.788s] -- Up-to-date symlink: /home/masterthesis/kaixi_crospi_ws/install/crospi_application_template/share/crospi_application_template/applications/application_example_ur10/application_example_ur10.launch.py
[1.788s] -- Up-to-date symlink: /home/masterthesis/kaixi_crospi_ws/install/crospi_application_template/share/crospi_application_template/applications/application_example_ur10/application_example_ur10.setup.json
[1.788s] -- Up-to-date symlink: /home/masterthesis/kaixi_crospi_ws/install/crospi_application_template/share/crospi_application_template/applications/application_example_ur10/application_example_ur10.skills.json
[1.788s] -- Up-to-date symlink: /home/masterthesis/kaixi_crospi_ws/install/crospi_application_template/share/crospi_application_template/applications/application_example_ur10e/application_example_ur10e.launch.py
[1.788s] -- Up-to-date symlink: /home/masterthesis/kaixi_crospi_ws/install/crospi_application_template/share/crospi_application_template/applications/application_example_ur10e/application_example_ur10e.setup.json
[1.788s] -- Up-to-date symlink: /home/masterthesis/kaixi_crospi_ws/install/crospi_application_template/share/crospi_application_template/applications/application_example_ur10e/application_example_ur10e.skills.json
[1.788s] -- Up-to-date symlink: /home/masterthesis/kaixi_crospi_ws/install/crospi_application_template/share/crospi_application_template/applications/trossen_applications/trossen_follower_visualization.launch.py
[1.788s] -- Up-to-date symlink: /home/masterthesis/kaixi_crospi_ws/install/crospi_application_template/share/crospi_application_template/applications/trossen_applications/trossen_teleoperation_spacemouse.setup.json
[1.789s] -- Up-to-date symlink: /home/masterthesis/kaixi_crospi_ws/install/crospi_application_template/share/crospi_application_template/task_specifications/libraries/core_task_lib/.git
[1.789s] -- Up-to-date symlink: /home/masterthesis/kaixi_crospi_ws/install/crospi_application_template/share/crospi_application_template/task_specifications/libraries/core_task_lib/.github/workflows/gitlab-mirror.yml
[1.789s] -- Up-to-date symlink: /home/masterthesis/kaixi_crospi_ws/install/crospi_application_template/share/crospi_application_template/task_specifications/libraries/core_task_lib/LICENSE
[1.789s] -- Up-to-date symlink: /home/masterthesis/kaixi_crospi_ws/install/crospi_application_template/share/crospi_application_template/task_specifications/libraries/core_task_lib/README.md
[1.789s] -- Up-to-date symlink: /home/masterthesis/kaixi_crospi_ws/install/crospi_application_template/share/crospi_application_template/task_specifications/libraries/core_task_lib/task_json_schemas/follow_spline.etasl.json
[1.789s] -- Up-to-date symlink: /home/masterthesis/kaixi_crospi_ws/install/crospi_application_template/share/crospi_application_template/task_specifications/libraries/core_task_lib/task_json_schemas/idle.etasl.json
[1.789s] -- Up-to-date symlink: /home/masterthesis/kaixi_crospi_ws/install/crospi_application_template/share/crospi_application_template/task_specifications/libraries/core_task_lib/task_json_schemas/keep_relative_initial_pose.etasl.json
[1.789s] -- Up-to-date symlink: /home/masterthesis/kaixi_crospi_ws/install/crospi_application_template/share/crospi_application_template/task_specifications/libraries/core_task_lib/task_json_schemas/move_admittance.etasl.json
[1.789s] -- Up-to-date symlink: /home/masterthesis/kaixi_crospi_ws/install/crospi_application_template/share/crospi_application_template/task_specifications/libraries/core_task_lib/task_json_schemas/move_cartesianspace_absolute_pose.etasl.json
[1.789s] -- Up-to-date symlink: /home/masterthesis/kaixi_crospi_ws/install/crospi_application_template/share/crospi_application_template/task_specifications/libraries/core_task_lib/task_json_schemas/move_cartesianspace_relative.etasl.json
[1.789s] -- Up-to-date symlink: /home/masterthesis/kaixi_crospi_ws/install/crospi_application_template/share/crospi_application_template/task_specifications/libraries/core_task_lib/task_json_schemas/move_jointspace_trap.etasl.json
[1.789s] -- Up-to-date symlink: /home/masterthesis/kaixi_crospi_ws/install/crospi_application_template/share/crospi_application_template/task_specifications/libraries/core_task_lib/task_json_schemas/move_jointspace_trap_subset.etasl.json
[1.790s] -- Up-to-date symlink: /home/masterthesis/kaixi_crospi_ws/install/crospi_application_template/share/crospi_application_template/task_specifications/libraries/core_task_lib/task_json_schemas/move_joystick.etasl.json
[1.790s] -- Up-to-date symlink: /home/masterthesis/kaixi_crospi_ws/install/crospi_application_template/share/crospi_application_template/task_specifications/libraries/core_task_lib/task_json_schemas/readme.md
[1.790s] -- Up-to-date symlink: /home/masterthesis/kaixi_crospi_ws/install/crospi_application_template/share/crospi_application_template/task_specifications/libraries/core_task_lib/task_library.json
[1.790s] -- Up-to-date symlink: /home/masterthesis/kaixi_crospi_ws/install/crospi_application_template/share/crospi_application_template/task_specifications/libraries/core_task_lib/task_specifications/follow_spline.etasl.lua
[1.790s] -- Up-to-date symlink: /home/masterthesis/kaixi_crospi_ws/install/crospi_application_template/share/crospi_application_template/task_specifications/libraries/core_task_lib/task_specifications/idle.etasl.lua
[1.790s] -- Up-to-date symlink: /home/masterthesis/kaixi_crospi_ws/install/crospi_application_template/share/crospi_application_template/task_specifications/libraries/core_task_lib/task_specifications/keep_relative_initial_pose.etasl.lua
[1.790s] -- Up-to-date symlink: /home/masterthesis/kaixi_crospi_ws/install/crospi_application_template/share/crospi_application_template/task_specifications/libraries/core_task_lib/task_specifications/misc/example_spline.csv
[1.790s] -- Up-to-date symlink: /home/masterthesis/kaixi_crospi_ws/install/crospi_application_template/share/crospi_application_template/task_specifications/libraries/core_task_lib/task_specifications/move_admittance.etasl.lua
[1.790s] -- Up-to-date symlink: /home/masterthesis/kaixi_crospi_ws/install/crospi_application_template/share/crospi_application_template/task_specifications/libraries/core_task_lib/task_specifications/move_cartesianspace_absolute_pose.etasl.lua
[1.790s] -- Up-to-date symlink: /home/masterthesis/kaixi_crospi_ws/install/crospi_application_template/share/crospi_application_template/task_specifications/libraries/core_task_lib/task_specifications/move_cartesianspace_relative.etasl.lua
[1.791s] -- Up-to-date symlink: /home/masterthesis/kaixi_crospi_ws/install/crospi_application_template/share/crospi_application_template/task_specifications/libraries/core_task_lib/task_specifications/move_jointspace_trap.etasl.lua
[1.791s] -- Up-to-date symlink: /home/masterthesis/kaixi_crospi_ws/install/crospi_application_template/share/crospi_application_template/task_specifications/libraries/core_task_lib/task_specifications/move_jointspace_trap_subset.etasl.lua
[1.791s] -- Up-to-date symlink: /home/masterthesis/kaixi_crospi_ws/install/crospi_application_template/share/crospi_application_template/task_specifications/libraries/core_task_lib/task_specifications/move_joystick.etasl.lua
[1.791s] -- Up-to-date symlink: /home/masterthesis/kaixi_crospi_ws/install/crospi_application_template/share/crospi_application_template/task_specifications/libraries/core_task_lib/task_specifications/utilities/utils_ts.lua
[1.791s] -- Up-to-date symlink: /home/masterthesis/kaixi_crospi_ws/install/crospi_application_template/share/crospi_application_template/task_specifications/libraries/debug_lib/.git
[1.791s] -- Up-to-date symlink: /home/masterthesis/kaixi_crospi_ws/install/crospi_application_template/share/crospi_application_template/task_specifications/libraries/debug_lib/.github/workflows/gitlab-mirror.yml
[1.791s] -- Up-to-date symlink: /home/masterthesis/kaixi_crospi_ws/install/crospi_application_template/share/crospi_application_template/task_specifications/libraries/debug_lib/LICENSE
[1.791s] -- Up-to-date symlink: /home/masterthesis/kaixi_crospi_ws/install/crospi_application_template/share/crospi_application_template/task_specifications/libraries/debug_lib/README.md
[1.791s] -- Up-to-date symlink: /home/masterthesis/kaixi_crospi_ws/install/crospi_application_template/share/crospi_application_template/task_specifications/libraries/debug_lib/task_json_schemas/move_joystick_reading_sensor_vals_driver.etasl.json
[1.791s] -- Up-to-date symlink: /home/masterthesis/kaixi_crospi_ws/install/crospi_application_template/share/crospi_application_template/task_specifications/libraries/debug_lib/task_json_schemas/move_sine_waves_jointspace.etasl.json
[1.791s] -- Up-to-date symlink: /home/masterthesis/kaixi_crospi_ws/install/crospi_application_template/share/crospi_application_template/task_specifications/libraries/debug_lib/task_json_schemas/readme.md
[1.791s] -- Up-to-date symlink: /home/masterthesis/kaixi_crospi_ws/install/crospi_application_template/share/crospi_application_template/task_specifications/libraries/debug_lib/task_library.json
[1.791s] -- Up-to-date symlink: /home/masterthesis/kaixi_crospi_ws/install/crospi_application_template/share/crospi_application_template/task_specifications/libraries/debug_lib/task_specifications/move_joystick_reading_sensor_vals_driver.etasl.lua
[1.791s] -- Up-to-date symlink: /home/masterthesis/kaixi_crospi_ws/install/crospi_application_template/share/crospi_application_template/task_specifications/libraries/debug_lib/task_specifications/move_sine_waves_jointspace.etasl.lua
[1.791s] -- Up-to-date symlink: /home/masterthesis/kaixi_crospi_ws/install/crospi_application_template/share/crospi_application_template/task_specifications/libraries/debug_lib/task_specifications/utilities/utils_ts.lua
[1.792s] -- Up-to-date symlink: /home/masterthesis/kaixi_crospi_ws/install/crospi_application_template/share/crospi_application_template/task_specifications/libraries/dummy_lib/.git
[1.792s] -- Up-to-date symlink: /home/masterthesis/kaixi_crospi_ws/install/crospi_application_template/share/crospi_application_template/task_specifications/libraries/dummy_lib/.github/workflows/gitlab-mirror.yml
[1.792s] -- Up-to-date symlink: /home/masterthesis/kaixi_crospi_ws/install/crospi_application_template/share/crospi_application_template/task_specifications/libraries/dummy_lib/LICENSE
[1.792s] -- Up-to-date symlink: /home/masterthesis/kaixi_crospi_ws/install/crospi_application_template/share/crospi_application_template/task_specifications/libraries/dummy_lib/README.md
[1.792s] -- Up-to-date symlink: /home/masterthesis/kaixi_crospi_ws/install/crospi_application_template/share/crospi_application_template/task_specifications/libraries/dummy_lib/task_json_schemas/follow_external_frame.etasl.json
[1.792s] -- Up-to-date symlink: /home/masterthesis/kaixi_crospi_ws/install/crospi_application_template/share/crospi_application_template/task_specifications/libraries/dummy_lib/task_json_schemas/follow_external_vector.etasl.json
[1.792s] -- Up-to-date symlink: /home/masterthesis/kaixi_crospi_ws/install/crospi_application_template/share/crospi_application_template/task_specifications/libraries/dummy_lib/task_json_schemas/move_joystick_with_jointstate_test.etasl.json
[1.792s] -- Up-to-date symlink: /home/masterthesis/kaixi_crospi_ws/install/crospi_application_template/share/crospi_application_template/task_specifications/libraries/dummy_lib/task_json_schemas/readme.md
[1.792s] -- Up-to-date symlink: /home/masterthesis/kaixi_crospi_ws/install/crospi_application_template/share/crospi_application_template/task_specifications/libraries/dummy_lib/task_library.json
[1.792s] -- Up-to-date symlink: /home/masterthesis/kaixi_crospi_ws/install/crospi_application_template/share/crospi_application_template/task_specifications/libraries/dummy_lib/task_specifications/follow_external_frame.etasl.lua
[1.792s] -- Up-to-date symlink: /home/masterthesis/kaixi_crospi_ws/install/crospi_application_template/share/crospi_application_template/task_specifications/libraries/dummy_lib/task_specifications/follow_external_vector.etasl.lua
[1.792s] -- Up-to-date symlink: /home/masterthesis/kaixi_crospi_ws/install/crospi_application_template/share/crospi_application_template/task_specifications/libraries/dummy_lib/task_specifications/move_joystick_with_jointstate_test.etasl.lua
[1.793s] -- Up-to-date symlink: /home/masterthesis/kaixi_crospi_ws/install/crospi_application_template/share/crospi_application_template/task_specifications/libraries/task_library.schema.json
[1.793s] -- Up-to-date symlink: /home/masterthesis/kaixi_crospi_ws/install/crospi_application_template/share/crospi_application_template/task_specifications/tasks-schema.json
[1.793s] -- Up-to-date symlink: /home/masterthesis/kaixi_crospi_ws/install/crospi_application_template/share/crospi_application_template/skill_specifications/__init__.py
[1.793s] -- Up-to-date symlink: /home/masterthesis/kaixi_crospi_ws/install/crospi_application_template/share/crospi_application_template/skill_specifications/libraries/CMakeLists.txt
[1.793s] -- Up-to-date symlink: /home/masterthesis/kaixi_crospi_ws/install/crospi_application_template/share/crospi_application_template/skill_specifications/libraries/__init__.py
[1.793s] -- Up-to-date symlink: /home/masterthesis/kaixi_crospi_ws/install/crospi_application_template/share/crospi_application_template/skill_specifications/libraries/skill_lib_example/.git
[1.793s] -- Up-to-date symlink: /home/masterthesis/kaixi_crospi_ws/install/crospi_application_template/share/crospi_application_template/skill_specifications/libraries/skill_lib_example/.github/workflows/gitlab-mirror.yml
[1.793s] -- Up-to-date symlink: /home/masterthesis/kaixi_crospi_ws/install/crospi_application_template/share/crospi_application_template/skill_specifications/libraries/skill_lib_example/README.md
[1.793s] -- Up-to-date symlink: /home/masterthesis/kaixi_crospi_ws/install/crospi_application_template/share/crospi_application_template/skill_specifications/libraries/skill_lib_example/skill_library.json
[1.794s] -- Up-to-date symlink: /home/masterthesis/kaixi_crospi_ws/install/crospi_application_template/share/crospi_application_template/skill_specifications/libraries/skill_lib_example/skill_specifications/skill_example.py
[1.794s] -- Up-to-date symlink: /home/masterthesis/kaixi_crospi_ws/install/crospi_application_template/share/crospi_application_template/skill_specifications/libraries/skill_lib_example/tasks/skill_example.json
[1.794s] -- Up-to-date symlink: /home/masterthesis/kaixi_crospi_ws/install/crospi_application_template/share/crospi_application_template/skill_specifications/libraries/skill_library.schema.json
[1.794s] -- Up-to-date symlink: /home/masterthesis/kaixi_crospi_ws/install/crospi_application_template/share/crospi_application_template/skill_specifications/libraries/test_trossen/.git
[1.794s] -- Up-to-date symlink: /home/masterthesis/kaixi_crospi_ws/install/crospi_application_template/share/crospi_application_template/skill_specifications/libraries/test_trossen/README.md
[1.794s] -- Up-to-date symlink: /home/masterthesis/kaixi_crospi_ws/install/crospi_application_template/share/crospi_application_template/skill_specifications/libraries/test_trossen/skill_library.json
[1.794s] -- Up-to-date symlink: /home/masterthesis/kaixi_crospi_ws/install/crospi_application_template/share/crospi_application_template/skill_specifications/libraries/test_trossen/skill_specifications/leader_follower_haptic_test.py
[1.794s] -- Up-to-date symlink: /home/masterthesis/kaixi_crospi_ws/install/crospi_application_template/share/crospi_application_template/skill_specifications/libraries/test_trossen/skill_specifications/spacemouse_teleoperation_trossen.py
[1.794s] -- Up-to-date symlink: /home/masterthesis/kaixi_crospi_ws/install/crospi_application_template/share/crospi_application_template/skill_specifications/libraries/test_trossen/tasks/leader_follower_haptic_test.json
[1.794s] -- Up-to-date symlink: /home/masterthesis/kaixi_crospi_ws/install/crospi_application_template/share/crospi_application_template/skill_specifications/libraries/test_trossen/tasks/spacemouse_teleoperation_trossen.json
[1.795s] -- Up-to-date symlink: /home/masterthesis/kaixi_crospi_ws/install/crospi_application_template/share/crospi_application_template/robot_models/robot_specifications/kuka_iiwa.etasl.lua
[1.795s] -- Up-to-date symlink: /home/masterthesis/kaixi_crospi_ws/install/crospi_application_template/share/crospi_application_template/robot_models/robot_specifications/ur10.etasl.lua
[1.795s] -- Up-to-date symlink: /home/masterthesis/kaixi_crospi_ws/install/crospi_application_template/share/crospi_application_template/robot_models/robot_specifications/ur10e.etasl.lua
[1.795s] -- Up-to-date symlink: /home/masterthesis/kaixi_crospi_ws/install/crospi_application_template/share/crospi_application_template/robot_models/urdf_models/meshes/adaptor.stl
[1.795s] -- Up-to-date symlink: /home/masterthesis/kaixi_crospi_ws/install/crospi_application_template/share/crospi_application_template/robot_models/urdf_models/meshes/load_cell_67.stl
[1.795s] -- Up-to-date symlink: /home/masterthesis/kaixi_crospi_ws/install/crospi_application_template/share/crospi_application_template/robot_models/urdf_models/robot_setups/kuka_iiwa/rviz_config.rviz
[1.795s] -- Up-to-date symlink: /home/masterthesis/kaixi_crospi_ws/install/crospi_application_template/share/crospi_application_template/robot_models/urdf_models/robot_setups/kuka_iiwa/use_case_setup_iiwa.urdf
[1.795s] -- Up-to-date symlink: /home/masterthesis/kaixi_crospi_ws/install/crospi_application_template/share/crospi_application_template/robot_models/urdf_models/robot_setups/kuka_iiwa/use_case_setup_iiwa.urdf.xacro
[1.795s] -- Up-to-date symlink: /home/masterthesis/kaixi_crospi_ws/install/crospi_application_template/share/crospi_application_template/robot_models/urdf_models/robot_setups/trossen/rviz_config.rviz
[1.795s] -- Up-to-date symlink: /home/masterthesis/kaixi_crospi_ws/install/crospi_application_template/share/crospi_application_template/robot_models/urdf_models/robot_setups/ur10/environment.urdf.xacro
[1.795s] -- Up-to-date symlink: /home/masterthesis/kaixi_crospi_ws/install/crospi_application_template/share/crospi_application_template/robot_models/urdf_models/robot_setups/ur10/robot_tools.urdf.xacro
[1.795s] -- Up-to-date symlink: /home/masterthesis/kaixi_crospi_ws/install/crospi_application_template/share/crospi_application_template/robot_models/urdf_models/robot_setups/ur10/rviz_config.rviz
[1.796s] -- Up-to-date symlink: /home/masterthesis/kaixi_crospi_ws/install/crospi_application_template/share/crospi_application_template/robot_models/urdf_models/robot_setups/ur10/use_case_setup_ur10.urdf
[1.796s] -- Up-to-date symlink: /home/masterthesis/kaixi_crospi_ws/install/crospi_application_template/share/crospi_application_template/robot_models/urdf_models/robot_setups/ur10/use_case_setup_ur10.urdf.xacro
[1.796s] -- Up-to-date symlink: /home/masterthesis/kaixi_crospi_ws/install/crospi_application_template/share/crospi_application_template/robot_models/urdf_models/robot_setups/ur10e/environment.urdf.xacro
[1.796s] -- Up-to-date symlink: /home/masterthesis/kaixi_crospi_ws/install/crospi_application_template/share/crospi_application_template/robot_models/urdf_models/robot_setups/ur10e/robot_tools.urdf.xacro
[1.796s] -- Up-to-date symlink: /home/masterthesis/kaixi_crospi_ws/install/crospi_application_template/share/crospi_application_template/robot_models/urdf_models/robot_setups/ur10e/rviz_config.rviz
[1.796s] -- Up-to-date symlink: /home/masterthesis/kaixi_crospi_ws/install/crospi_application_template/share/crospi_application_template/robot_models/urdf_models/robot_setups/ur10e/use_case_setup_ur10e.urdf
[1.796s] -- Up-to-date symlink: /home/masterthesis/kaixi_crospi_ws/install/crospi_application_template/share/crospi_application_template/robot_models/urdf_models/robot_setups/ur10e/use_case_setup_ur10e.urdf.xacro
[1.796s] -- Up-to-date symlink: /home/masterthesis/kaixi_crospi_ws/install/crospi_application_template/share/crospi_application_template/schemas/blackboard-schema.json
[1.796s] -- Up-to-date symlink: /home/masterthesis/kaixi_crospi_ws/install/crospi_application_template/share/crospi_application_template/schemas/etasl.json
[1.796s] -- Up-to-date symlink: /home/masterthesis/kaixi_crospi_ws/install/crospi_application_template/share/crospi_application_template/schemas/generated/blackboard-schema-bundled.json
[1.797s] -- Up-to-date symlink: /home/masterthesis/kaixi_crospi_ws/install/crospi_application_template/share/crospi_application_template/schemas/generated/inputhandler.json
[1.797s] -- Up-to-date symlink: /home/masterthesis/kaixi_crospi_ws/install/crospi_application_template/share/crospi_application_template/schemas/generated/outputhandler.json
[1.797s] -- Up-to-date symlink: /home/masterthesis/kaixi_crospi_ws/install/crospi_application_template/share/crospi_application_template/schemas/generated/robotdriver.json
[1.797s] -- Up-to-date symlink: /home/masterthesis/kaixi_crospi_ws/install/crospi_application_template/share/crospi_application_template/schemas/generated/robotsimulator.json
[1.797s] -- Up-to-date symlink: /home/masterthesis/kaixi_crospi_ws/install/crospi_application_template/share/crospi_application_template/schemas/iohandlers.json
[1.797s] -- Up-to-date symlink: /home/masterthesis/kaixi_crospi_ws/install/crospi_application_template/share/crospi_application_template/schemas/robot.json
[1.797s] -- Up-to-date symlink: /home/masterthesis/kaixi_crospi_ws/install/crospi_application_template/lib/crospi_application_template/pose_msg_to_tf.py
[1.797s] -- Up-to-date symlink: /home/masterthesis/kaixi_crospi_ws/install/crospi_application_template/lib/crospi_application_template/sine_wave_tf.py
[1.797s] -- Up-to-date symlink: /home/masterthesis/kaixi_crospi_ws/install/crospi_application_template/share/crospi_application_template/environment/pythonpath.sh
[1.797s] -- Up-to-date symlink: /home/masterthesis/kaixi_crospi_ws/install/crospi_application_template/share/crospi_application_template/environment/pythonpath.dsv
[1.797s] -- Up-to-date symlink: /home/masterthesis/kaixi_crospi_ws/install/crospi_application_template/local/lib/python3.10/dist-packages/skill_specifications-0.0.0-py3.10.egg-info/PKG-INFO
[1.798s] -- Up-to-date symlink: /home/masterthesis/kaixi_crospi_ws/install/crospi_application_template/local/lib/python3.10/dist-packages/skill_specifications-0.0.0-py3.10.egg-info/SOURCES.txt
[1.798s] -- Up-to-date symlink: /home/masterthesis/kaixi_crospi_ws/install/crospi_application_template/local/lib/python3.10/dist-packages/skill_specifications-0.0.0-py3.10.egg-info/dependency_links.txt
[1.798s] -- Up-to-date symlink: /home/masterthesis/kaixi_crospi_ws/install/crospi_application_template/local/lib/python3.10/dist-packages/skill_specifications-0.0.0-py3.10.egg-info/top_level.txt
[1.798s] -- Up-to-date symlink: /home/masterthesis/kaixi_crospi_ws/install/crospi_application_template/local/lib/python3.10/dist-packages/skill_specifications/__init__.py
[1.798s] -- Up-to-date symlink: /home/masterthesis/kaixi_crospi_ws/install/crospi_application_template/local/lib/python3.10/dist-packages/skill_specifications/libraries/CMakeLists.txt
[1.798s] -- Up-to-date symlink: /home/masterthesis/kaixi_crospi_ws/install/crospi_application_template/local/lib/python3.10/dist-packages/skill_specifications/libraries/__init__.py
[1.799s] -- Up-to-date symlink: /home/masterthesis/kaixi_crospi_ws/install/crospi_application_template/local/lib/python3.10/dist-packages/skill_specifications/libraries/skill_lib_example/.git
[1.799s] -- Up-to-date symlink: /home/masterthesis/kaixi_crospi_ws/install/crospi_application_template/local/lib/python3.10/dist-packages/skill_specifications/libraries/skill_lib_example/.github/workflows/gitlab-mirror.yml
[1.799s] -- Up-to-date symlink: /home/masterthesis/kaixi_crospi_ws/install/crospi_application_template/local/lib/python3.10/dist-packages/skill_specifications/libraries/skill_lib_example/README.md
[1.799s] -- Up-to-date symlink: /home/masterthesis/kaixi_crospi_ws/install/crospi_application_template/local/lib/python3.10/dist-packages/skill_specifications/libraries/skill_lib_example/skill_library.json
[1.799s] -- Up-to-date symlink: /home/masterthesis/kaixi_crospi_ws/install/crospi_application_template/local/lib/python3.10/dist-packages/skill_specifications/libraries/skill_lib_example/skill_specifications/skill_example.py
[1.799s] -- Up-to-date symlink: /home/masterthesis/kaixi_crospi_ws/install/crospi_application_template/local/lib/python3.10/dist-packages/skill_specifications/libraries/skill_lib_example/tasks/skill_example.json
[1.799s] -- Up-to-date symlink: /home/masterthesis/kaixi_crospi_ws/install/crospi_application_template/local/lib/python3.10/dist-packages/skill_specifications/libraries/skill_library.schema.json
[1.799s] -- Up-to-date symlink: /home/masterthesis/kaixi_crospi_ws/install/crospi_application_template/local/lib/python3.10/dist-packages/skill_specifications/libraries/test_trossen/.git
[1.799s] -- Up-to-date symlink: /home/masterthesis/kaixi_crospi_ws/install/crospi_application_template/local/lib/python3.10/dist-packages/skill_specifications/libraries/test_trossen/README.md
[1.799s] -- Up-to-date symlink: /home/masterthesis/kaixi_crospi_ws/install/crospi_application_template/local/lib/python3.10/dist-packages/skill_specifications/libraries/test_trossen/skill_library.json
[1.799s] -- Up-to-date symlink: /home/masterthesis/kaixi_crospi_ws/install/crospi_application_template/local/lib/python3.10/dist-packages/skill_specifications/libraries/test_trossen/skill_specifications/leader_follower_haptic_test.py
[1.799s] -- Up-to-date symlink: /home/masterthesis/kaixi_crospi_ws/install/crospi_application_template/local/lib/python3.10/dist-packages/skill_specifications/libraries/test_trossen/skill_specifications/spacemouse_teleoperation_trossen.py
[1.800s] -- Up-to-date symlink: /home/masterthesis/kaixi_crospi_ws/install/crospi_application_template/local/lib/python3.10/dist-packages/skill_specifications/libraries/test_trossen/tasks/leader_follower_haptic_test.json
[1.800s] -- Up-to-date symlink: /home/masterthesis/kaixi_crospi_ws/install/crospi_application_template/local/lib/python3.10/dist-packages/skill_specifications/libraries/test_trossen/tasks/spacemouse_teleoperation_trossen.json
[1.800s] -- Up-to-date symlink: /home/masterthesis/kaixi_crospi_ws/install/crospi_application_template/share/ament_index/resource_index/package_run_dependencies/crospi_application_template
[1.800s] -- Up-to-date symlink: /home/masterthesis/kaixi_crospi_ws/install/crospi_application_template/share/ament_index/resource_index/parent_prefix_path/crospi_application_template
[1.800s] -- Up-to-date symlink: /home/masterthesis/kaixi_crospi_ws/install/crospi_application_template/share/crospi_application_template/environment/ament_prefix_path.sh
[1.800s] -- Up-to-date symlink: /home/masterthesis/kaixi_crospi_ws/install/crospi_application_template/share/crospi_application_template/environment/ament_prefix_path.dsv
[1.800s] -- Up-to-date symlink: /home/masterthesis/kaixi_crospi_ws/install/crospi_application_template/share/crospi_application_template/environment/path.sh
[1.800s] -- Up-to-date symlink: /home/masterthesis/kaixi_crospi_ws/install/crospi_application_template/share/crospi_application_template/environment/path.dsv
[1.800s] -- Up-to-date symlink: /home/masterthesis/kaixi_crospi_ws/install/crospi_application_template/share/crospi_application_template/local_setup.bash
[1.801s] -- Up-to-date symlink: /home/masterthesis/kaixi_crospi_ws/install/crospi_application_template/share/crospi_application_template/local_setup.sh
[1.801s] -- Up-to-date symlink: /home/masterthesis/kaixi_crospi_ws/install/crospi_application_template/share/crospi_application_template/local_setup.zsh
[1.801s] -- Up-to-date symlink: /home/masterthesis/kaixi_crospi_ws/install/crospi_application_template/share/crospi_application_template/local_setup.dsv
[1.801s] -- Symlinking: /home/masterthesis/kaixi_crospi_ws/install/crospi_application_template/share/crospi_application_template/package.dsv
[1.808s] -- Up-to-date symlink: /home/masterthesis/kaixi_crospi_ws/install/crospi_application_template/share/ament_index/resource_index/packages/crospi_application_template
[1.808s] -- Up-to-date symlink: /home/masterthesis/kaixi_crospi_ws/install/crospi_application_template/share/crospi_application_template/cmake/crospi_application_templateConfig.cmake
[1.808s] -- Up-to-date symlink: /home/masterthesis/kaixi_crospi_ws/install/crospi_application_template/share/crospi_application_template/cmake/crospi_application_templateConfig-version.cmake
[1.808s] -- Up-to-date symlink: /home/masterthesis/kaixi_crospi_ws/install/crospi_application_template/share/crospi_application_template/package.xml
[1.835s] Listing '/home/masterthesis/kaixi_crospi_ws/install/crospi_application_template/local/lib/python3.10/dist-packages/skill_specifications'...
[1.835s] Listing '/home/masterthesis/kaixi_crospi_ws/install/crospi_application_template/local/lib/python3.10/dist-packages/skill_specifications/libraries'...
[1.835s] Listing '/home/masterthesis/kaixi_crospi_ws/install/crospi_application_template/local/lib/python3.10/dist-packages/skill_specifications/libraries/skill_lib_example'...
[1.835s] Listing '/home/masterthesis/kaixi_crospi_ws/install/crospi_application_template/local/lib/python3.10/dist-packages/skill_specifications/libraries/skill_lib_example/.github'...
[1.835s] Listing '/home/masterthesis/kaixi_crospi_ws/install/crospi_application_template/local/lib/python3.10/dist-packages/skill_specifications/libraries/skill_lib_example/.github/workflows'...
[1.836s] Listing '/home/masterthesis/kaixi_crospi_ws/install/crospi_application_template/local/lib/python3.10/dist-packages/skill_specifications/libraries/skill_lib_example/skill_specifications'...
[1.836s] Listing '/home/masterthesis/kaixi_crospi_ws/install/crospi_application_template/local/lib/python3.10/dist-packages/skill_specifications/libraries/skill_lib_example/tasks'...
[1.836s] Listing '/home/masterthesis/kaixi_crospi_ws/install/crospi_application_template/local/lib/python3.10/dist-packages/skill_specifications/libraries/test_trossen'...
[1.836s] Listing '/home/masterthesis/kaixi_crospi_ws/install/crospi_application_template/local/lib/python3.10/dist-packages/skill_specifications/libraries/test_trossen/skill_specifications'...
[1.836s] Listing '/home/masterthesis/kaixi_crospi_ws/install/crospi_application_template/local/lib/python3.10/dist-packages/skill_specifications/libraries/test_trossen/tasks'...
[1.840s] Invoked command in '/home/masterthesis/kaixi_crospi_ws/build/crospi_application_template' returned '0': CMAKE_PREFIX_PATH=${CMAKE_PREFIX_PATH}:/opt/ros2_crospi_ws/install/betfsm_demos:/opt/ros2_crospi_ws/install/betfsm:/opt/ros/humble /usr/bin/cmake --install /home/masterthesis/kaixi_crospi_ws/build/crospi_application_template
