[0.019s] Invoking command in '/home/masterthesis/kaixi_crospi_ws/build/crospi_application_template': CMAKE_PREFIX_PATH=${CMAKE_PREFIX_PATH}:/opt/ros2_crospi_ws/install/betfsm_demos:/opt/ros2_crospi_ws/install/betfsm:/opt/ros/humble /usr/bin/cmake --build /home/masterthesis/kaixi_crospi_ws/build/crospi_application_template -- -j16 -l16
[0.053s] [ 33%] [34m[1mconstructing tasks-schema.json file[0m
[0.053s] [ 66%] [34m[1mconstructing json schema bundled file from /home/masterthesis/kaixi_crospi_ws/src/crospi_application_template/schemas/blackboard-schema.json to /home/masterthesis/kaixi_crospi_ws/src/crospi_application_template/schemas/generated/blackboard-schema-bundled.json[0m
[0.053s] [100%] [34m[1mconstructing json schema files for the setup configuration[0m
[0.059s] -------------------
[0.060s] Generating JSON-SCHEMA file for task specification: /home/masterthesis/kaixi_crospi_ws/src/crospi_application_template/task_specifications/libraries/core_task_lib/task_specifications/follow_spline.etasl.lua...
[0.062s] [100%] Built target ament_cmake_python_symlink_skill_specifications
[0.087s] Code was exited after generating the JSON Schema file, since this should not be done during execution but only in the generation phase.
[0.087s] -------------------
[0.087s] Generating JSON-SCHEMA file for task specification: /home/masterthesis/kaixi_crospi_ws/src/crospi_application_template/task_specifications/libraries/core_task_lib/task_specifications/idle.etasl.lua...
[0.092s] Generating JSON schema for robotdriver.json with 1 the following detected installed plugins:
[0.093s] --template_driver_crospi.schema.json: a json schema with the exact name (case-sensitive) was found!
[0.093s] JSON schema successfully generated and saved to schemas/generated/robotdriver.json
[0.094s]  
[0.094s] Generating JSON schema for inputhandler.json with 6 the following detected installed plugins:
[0.094s] --TwistInputHandler.schema.json: a json schema with the exact name (case-sensitive) was found!
[0.095s] --WrenchInputHandler.schema.json: a json schema with the exact name (case-sensitive) was found!
[0.095s] --TopicInputHandler.schema.json: a json schema with the exact name (case-sensitive) was found!
[0.095s] --PoseInputHandler.schema.json: a json schema with the exact name (case-sensitive) was found!
[0.096s] --VectorInputHandler.schema.json: a json schema with the exact name (case-sensitive) was found!
[0.096s] --TFInputHandler.schema.json: a json schema with the exact name (case-sensitive) was found!
[0.096s] JSON schema successfully generated and saved to schemas/generated/inputhandler.json
[0.096s]  
[0.096s] Generating JSON schema for outputhandler.json with 3 the following detected installed plugins:
[0.097s] --JointStateOutputHandler.schema.json: a json schema with the exact name (case-sensitive) was found!
[0.097s] --TopicOutputHandler.schema.json: a json schema with the exact name (case-sensitive) was found!
[0.097s] --TopicOutputDerivativesHandler.schema.json: a json schema with the exact name (case-sensitive) was found!
[0.097s] JSON schema successfully generated and saved to schemas/generated/outputhandler.json
[0.097s]  
[0.097s] Generating JSON schema for robotsimulator.json with 1 the following detected installed plugins:
[0.097s] --simple_kinematic_simulation.schema.json: a json schema with the exact name (case-sensitive) was found!
[0.098s] JSON schema successfully generated and saved to schemas/generated/robotsimulator.json
[0.098s]  
[0.102s] [100%] Built target PLUGIN_SCHEMA_JSON
[0.111s] Code was exited after generating the JSON Schema file, since this should not be done during execution but only in the generation phase.
[0.111s] -------------------
[0.111s] Generating JSON-SCHEMA file for task specification: /home/masterthesis/kaixi_crospi_ws/src/crospi_application_template/task_specifications/libraries/core_task_lib/task_specifications/keep_relative_initial_pose.etasl.lua...
[0.131s] Code was exited after generating the JSON Schema file, since this should not be done during execution but only in the generation phase.
[0.131s] -------------------
[0.131s] Generating JSON-SCHEMA file for task specification: /home/masterthesis/kaixi_crospi_ws/src/crospi_application_template/task_specifications/libraries/core_task_lib/task_specifications/move_admittance.etasl.lua...
[0.151s] Code was exited after generating the JSON Schema file, since this should not be done during execution but only in the generation phase.
[0.151s] -------------------
[0.151s] Generating JSON-SCHEMA file for task specification: /home/masterthesis/kaixi_crospi_ws/src/crospi_application_template/task_specifications/libraries/core_task_lib/task_specifications/move_cartesianspace_absolute_pose.etasl.lua...
[0.171s] Code was exited after generating the JSON Schema file, since this should not be done during execution but only in the generation phase.
[0.171s] -------------------
[0.171s] Generating JSON-SCHEMA file for task specification: /home/masterthesis/kaixi_crospi_ws/src/crospi_application_template/task_specifications/libraries/core_task_lib/task_specifications/move_cartesianspace_relative.etasl.lua...
[0.190s] Code was exited after generating the JSON Schema file, since this should not be done during execution but only in the generation phase.
[0.190s] -------------------
[0.190s] Generating JSON-SCHEMA file for task specification: /home/masterthesis/kaixi_crospi_ws/src/crospi_application_template/task_specifications/libraries/core_task_lib/task_specifications/move_jointspace_trap.etasl.lua...
[0.210s] Code was exited after generating the JSON Schema file, since this should not be done during execution but only in the generation phase.
[0.210s] -------------------
[0.210s] Generating JSON-SCHEMA file for task specification: /home/masterthesis/kaixi_crospi_ws/src/crospi_application_template/task_specifications/libraries/core_task_lib/task_specifications/move_jointspace_trap_subset.etasl.lua...
[0.229s] Code was exited after generating the JSON Schema file, since this should not be done during execution but only in the generation phase.
[0.230s] -------------------
[0.230s] Generating JSON-SCHEMA file for task specification: /home/masterthesis/kaixi_crospi_ws/src/crospi_application_template/task_specifications/libraries/core_task_lib/task_specifications/move_joystick.etasl.lua...
[0.249s] Code was exited after generating the JSON Schema file, since this should not be done during execution but only in the generation phase.
[0.251s] -------------------
[0.251s] Generating JSON-SCHEMA file for task specification: /home/masterthesis/kaixi_crospi_ws/src/crospi_application_template/task_specifications/libraries/debug_lib/task_specifications/move_joystick_reading_sensor_vals_driver.etasl.lua...
[0.270s] Code was exited after generating the JSON Schema file, since this should not be done during execution but only in the generation phase.
[0.271s] -------------------
[0.271s] Generating JSON-SCHEMA file for task specification: /home/masterthesis/kaixi_crospi_ws/src/crospi_application_template/task_specifications/libraries/debug_lib/task_specifications/move_sine_waves_jointspace.etasl.lua...
[0.286s] running egg_info
[0.286s] writing skill_specifications.egg-info/PKG-INFO
[0.287s] writing dependency_links to skill_specifications.egg-info/dependency_links.txt
[0.287s] writing top-level names to skill_specifications.egg-info/top_level.txt
[0.288s] reading manifest file 'skill_specifications.egg-info/SOURCES.txt'
[0.289s] writing manifest file 'skill_specifications.egg-info/SOURCES.txt'
[0.290s] Code was exited after generating the JSON Schema file, since this should not be done during execution but only in the generation phase.
[0.292s] -------------------
[0.292s] Generating JSON-SCHEMA file for task specification: /home/masterthesis/kaixi_crospi_ws/src/crospi_application_template/task_specifications/libraries/dummy_lib/task_specifications/follow_external_frame.etasl.lua...
[0.309s] [100%] Built target ament_cmake_python_build_skill_specifications_egg
[0.311s] Code was exited after generating the JSON Schema file, since this should not be done during execution but only in the generation phase.
[0.311s] -------------------
[0.311s] Generating JSON-SCHEMA file for task specification: /home/masterthesis/kaixi_crospi_ws/src/crospi_application_template/task_specifications/libraries/dummy_lib/task_specifications/follow_external_vector.etasl.lua...
[0.330s] Code was exited after generating the JSON Schema file, since this should not be done during execution but only in the generation phase.
[0.331s] -------------------
[0.331s] Generating JSON-SCHEMA file for task specification: /home/masterthesis/kaixi_crospi_ws/src/crospi_application_template/task_specifications/libraries/dummy_lib/task_specifications/vla_spacemouse_blend.etasl.lua...
[0.349s] Code was exited after generating the JSON Schema file, since this should not be done during execution but only in the generation phase.
[0.350s] -------------------
[0.350s] Generating JSON-SCHEMA file for task specification: /home/masterthesis/kaixi_crospi_ws/src/crospi_application_template/robot_models/robot_specifications/kuka_iiwa.etasl.lua...
[0.351s] -------------------
[0.351s] Generating JSON-SCHEMA file for task specification: /home/masterthesis/kaixi_crospi_ws/src/crospi_application_template/robot_models/robot_specifications/ur10.etasl.lua...
[0.352s] -------------------
[0.352s] Generating JSON-SCHEMA file for task specification: /home/masterthesis/kaixi_crospi_ws/src/crospi_application_template/robot_models/robot_specifications/ur10e.etasl.lua...
[0.353s] Generating JSON-SCHEMA general file for defining instances of task specifications
[0.353s] -------------------
[0.355s] -------------------
[0.356s] -------------------
[0.358s] -------------------
[0.360s] -------------------
[0.362s] -------------------
[0.364s] -------------------
[0.366s] -------------------
[0.368s] -------------------
[0.369s] -------------------
[0.371s] -------------------
[0.373s] -------------------
[0.375s] -------------------
[0.377s] -------------------
[0.380s] JSON schema generated at ../tasks-schema.json
[0.386s] [100%] Built target TASKS_SCHEMA_JSON
[2.045s] Compiled schema saved to: /home/masterthesis/kaixi_crospi_ws/src/crospi_application_template/schemas/generated/blackboard-schema-bundled.json
[2.063s] [100%] Built target BUNDLE_SCHEMA_JSON
[2.070s] Invoked command in '/home/masterthesis/kaixi_crospi_ws/build/crospi_application_template' returned '0': CMAKE_PREFIX_PATH=${CMAKE_PREFIX_PATH}:/opt/ros2_crospi_ws/install/betfsm_demos:/opt/ros2_crospi_ws/install/betfsm:/opt/ros/humble /usr/bin/cmake --build /home/masterthesis/kaixi_crospi_ws/build/crospi_application_template -- -j16 -l16
[2.072s] Invoking command in '/home/masterthesis/kaixi_crospi_ws/build/crospi_application_template': CMAKE_PREFIX_PATH=${CMAKE_PREFIX_PATH}:/opt/ros2_crospi_ws/install/betfsm_demos:/opt/ros2_crospi_ws/install/betfsm:/opt/ros/humble /usr/bin/cmake --install /home/masterthesis/kaixi_crospi_ws/build/crospi_application_template
[2.077s] -- Install configuration: ""
[2.077s] -- Execute custom install script
[2.078s] -- Up-to-date symlink: /home/masterthesis/kaixi_crospi_ws/install/crospi_application_template/share/crospi_application_template/applications/application_example_tutorials/application_example_tutorials.launch.py
[2.078s] -- Up-to-date symlink: /home/masterthesis/kaixi_crospi_ws/install/crospi_application_template/share/crospi_application_template/applications/application_example_tutorials/application_example_tutorials.setup.json
[2.078s] -- Up-to-date symlink: /home/masterthesis/kaixi_crospi_ws/install/crospi_application_template/share/crospi_application_template/applications/application_example_ur10/application_example_ur10.launch.py
[2.078s] -- Up-to-date symlink: /home/masterthesis/kaixi_crospi_ws/install/crospi_application_template/share/crospi_application_template/applications/application_example_ur10/application_example_ur10.setup.json
[2.078s] -- Up-to-date symlink: /home/masterthesis/kaixi_crospi_ws/install/crospi_application_template/share/crospi_application_template/applications/application_example_ur10/application_example_ur10.skills.json
[2.078s] -- Up-to-date symlink: /home/masterthesis/kaixi_crospi_ws/install/crospi_application_template/share/crospi_application_template/applications/application_example_ur10e/application_example_ur10e.launch.py
[2.078s] -- Up-to-date symlink: /home/masterthesis/kaixi_crospi_ws/install/crospi_application_template/share/crospi_application_template/applications/application_example_ur10e/application_example_ur10e.setup.json
[2.078s] -- Up-to-date symlink: /home/masterthesis/kaixi_crospi_ws/install/crospi_application_template/share/crospi_application_template/applications/application_example_ur10e/application_example_ur10e.skills.json
[2.078s] -- Up-to-date symlink: /home/masterthesis/kaixi_crospi_ws/install/crospi_application_template/share/crospi_application_template/applications/trossen_applications/trajectory_viz.rviz
[2.079s] -- Up-to-date symlink: /home/masterthesis/kaixi_crospi_ws/install/crospi_application_template/share/crospi_application_template/applications/trossen_applications/trossen_follower_visualization.launch.py
[2.079s] -- Up-to-date symlink: /home/masterthesis/kaixi_crospi_ws/install/crospi_application_template/share/crospi_application_template/applications/trossen_applications/trossen_vla_shared_control.setup.json
[2.079s] -- Up-to-date symlink: /home/masterthesis/kaixi_crospi_ws/install/crospi_application_template/share/crospi_application_template/task_specifications/libraries/core_task_lib/.github/workflows/gitlab-mirror.yml
[2.079s] -- Up-to-date symlink: /home/masterthesis/kaixi_crospi_ws/install/crospi_application_template/share/crospi_application_template/task_specifications/libraries/core_task_lib/LICENSE
[2.079s] -- Up-to-date symlink: /home/masterthesis/kaixi_crospi_ws/install/crospi_application_template/share/crospi_application_template/task_specifications/libraries/core_task_lib/README.md
[2.080s] -- Up-to-date symlink: /home/masterthesis/kaixi_crospi_ws/install/crospi_application_template/share/crospi_application_template/task_specifications/libraries/core_task_lib/task_json_schemas/follow_spline.etasl.json
[2.080s] -- Up-to-date symlink: /home/masterthesis/kaixi_crospi_ws/install/crospi_application_template/share/crospi_application_template/task_specifications/libraries/core_task_lib/task_json_schemas/idle.etasl.json
[2.080s] -- Up-to-date symlink: /home/masterthesis/kaixi_crospi_ws/install/crospi_application_template/share/crospi_application_template/task_specifications/libraries/core_task_lib/task_json_schemas/keep_relative_initial_pose.etasl.json
[2.080s] -- Up-to-date symlink: /home/masterthesis/kaixi_crospi_ws/install/crospi_application_template/share/crospi_application_template/task_specifications/libraries/core_task_lib/task_json_schemas/move_admittance.etasl.json
[2.080s] -- Up-to-date symlink: /home/masterthesis/kaixi_crospi_ws/install/crospi_application_template/share/crospi_application_template/task_specifications/libraries/core_task_lib/task_json_schemas/move_cartesianspace_absolute_pose.etasl.json
[2.080s] -- Up-to-date symlink: /home/masterthesis/kaixi_crospi_ws/install/crospi_application_template/share/crospi_application_template/task_specifications/libraries/core_task_lib/task_json_schemas/move_cartesianspace_relative.etasl.json
[2.080s] -- Up-to-date symlink: /home/masterthesis/kaixi_crospi_ws/install/crospi_application_template/share/crospi_application_template/task_specifications/libraries/core_task_lib/task_json_schemas/move_jointspace_trap.etasl.json
[2.080s] -- Up-to-date symlink: /home/masterthesis/kaixi_crospi_ws/install/crospi_application_template/share/crospi_application_template/task_specifications/libraries/core_task_lib/task_json_schemas/move_jointspace_trap_subset.etasl.json
[2.080s] -- Up-to-date symlink: /home/masterthesis/kaixi_crospi_ws/install/crospi_application_template/share/crospi_application_template/task_specifications/libraries/core_task_lib/task_json_schemas/move_joystick.etasl.json
[2.080s] -- Up-to-date symlink: /home/masterthesis/kaixi_crospi_ws/install/crospi_application_template/share/crospi_application_template/task_specifications/libraries/core_task_lib/task_json_schemas/readme.md
[2.081s] -- Up-to-date symlink: /home/masterthesis/kaixi_crospi_ws/install/crospi_application_template/share/crospi_application_template/task_specifications/libraries/core_task_lib/task_library.json
[2.081s] -- Up-to-date symlink: /home/masterthesis/kaixi_crospi_ws/install/crospi_application_template/share/crospi_application_template/task_specifications/libraries/core_task_lib/task_specifications/follow_spline.etasl.lua
[2.081s] -- Up-to-date symlink: /home/masterthesis/kaixi_crospi_ws/install/crospi_application_template/share/crospi_application_template/task_specifications/libraries/core_task_lib/task_specifications/idle.etasl.lua
[2.081s] -- Up-to-date symlink: /home/masterthesis/kaixi_crospi_ws/install/crospi_application_template/share/crospi_application_template/task_specifications/libraries/core_task_lib/task_specifications/keep_relative_initial_pose.etasl.lua
[2.081s] -- Up-to-date symlink: /home/masterthesis/kaixi_crospi_ws/install/crospi_application_template/share/crospi_application_template/task_specifications/libraries/core_task_lib/task_specifications/misc/example_spline.csv
[2.081s] -- Up-to-date symlink: /home/masterthesis/kaixi_crospi_ws/install/crospi_application_template/share/crospi_application_template/task_specifications/libraries/core_task_lib/task_specifications/move_admittance.etasl.lua
[2.081s] -- Up-to-date symlink: /home/masterthesis/kaixi_crospi_ws/install/crospi_application_template/share/crospi_application_template/task_specifications/libraries/core_task_lib/task_specifications/move_cartesianspace_absolute_pose.etasl.lua
[2.081s] -- Up-to-date symlink: /home/masterthesis/kaixi_crospi_ws/install/crospi_application_template/share/crospi_application_template/task_specifications/libraries/core_task_lib/task_specifications/move_cartesianspace_relative.etasl.lua
[2.081s] -- Up-to-date symlink: /home/masterthesis/kaixi_crospi_ws/install/crospi_application_template/share/crospi_application_template/task_specifications/libraries/core_task_lib/task_specifications/move_jointspace_trap.etasl.lua
[2.081s] -- Up-to-date symlink: /home/masterthesis/kaixi_crospi_ws/install/crospi_application_template/share/crospi_application_template/task_specifications/libraries/core_task_lib/task_specifications/move_jointspace_trap_subset.etasl.lua
[2.081s] -- Up-to-date symlink: /home/masterthesis/kaixi_crospi_ws/install/crospi_application_template/share/crospi_application_template/task_specifications/libraries/core_task_lib/task_specifications/move_joystick.etasl.lua
[2.081s] -- Up-to-date symlink: /home/masterthesis/kaixi_crospi_ws/install/crospi_application_template/share/crospi_application_template/task_specifications/libraries/core_task_lib/task_specifications/utilities/utils_ts.lua
[2.082s] -- Up-to-date symlink: /home/masterthesis/kaixi_crospi_ws/install/crospi_application_template/share/crospi_application_template/task_specifications/libraries/debug_lib/.github/workflows/gitlab-mirror.yml
[2.082s] -- Up-to-date symlink: /home/masterthesis/kaixi_crospi_ws/install/crospi_application_template/share/crospi_application_template/task_specifications/libraries/debug_lib/LICENSE
[2.082s] -- Up-to-date symlink: /home/masterthesis/kaixi_crospi_ws/install/crospi_application_template/share/crospi_application_template/task_specifications/libraries/debug_lib/README.md
[2.082s] -- Up-to-date symlink: /home/masterthesis/kaixi_crospi_ws/install/crospi_application_template/share/crospi_application_template/task_specifications/libraries/debug_lib/task_json_schemas/move_joystick_reading_sensor_vals_driver.etasl.json
[2.082s] -- Up-to-date symlink: /home/masterthesis/kaixi_crospi_ws/install/crospi_application_template/share/crospi_application_template/task_specifications/libraries/debug_lib/task_json_schemas/move_sine_waves_jointspace.etasl.json
[2.082s] -- Up-to-date symlink: /home/masterthesis/kaixi_crospi_ws/install/crospi_application_template/share/crospi_application_template/task_specifications/libraries/debug_lib/task_json_schemas/readme.md
[2.082s] -- Up-to-date symlink: /home/masterthesis/kaixi_crospi_ws/install/crospi_application_template/share/crospi_application_template/task_specifications/libraries/debug_lib/task_library.json
[2.082s] -- Up-to-date symlink: /home/masterthesis/kaixi_crospi_ws/install/crospi_application_template/share/crospi_application_template/task_specifications/libraries/debug_lib/task_specifications/move_joystick_reading_sensor_vals_driver.etasl.lua
[2.082s] -- Up-to-date symlink: /home/masterthesis/kaixi_crospi_ws/install/crospi_application_template/share/crospi_application_template/task_specifications/libraries/debug_lib/task_specifications/move_sine_waves_jointspace.etasl.lua
[2.082s] -- Up-to-date symlink: /home/masterthesis/kaixi_crospi_ws/install/crospi_application_template/share/crospi_application_template/task_specifications/libraries/debug_lib/task_specifications/utilities/utils_ts.lua
[2.082s] -- Up-to-date symlink: /home/masterthesis/kaixi_crospi_ws/install/crospi_application_template/share/crospi_application_template/task_specifications/libraries/dummy_lib/.github/workflows/gitlab-mirror.yml
[2.082s] -- Up-to-date symlink: /home/masterthesis/kaixi_crospi_ws/install/crospi_application_template/share/crospi_application_template/task_specifications/libraries/dummy_lib/LICENSE
[2.083s] -- Up-to-date symlink: /home/masterthesis/kaixi_crospi_ws/install/crospi_application_template/share/crospi_application_template/task_specifications/libraries/dummy_lib/README.md
[2.083s] -- Up-to-date symlink: /home/masterthesis/kaixi_crospi_ws/install/crospi_application_template/share/crospi_application_template/task_specifications/libraries/dummy_lib/task_json_schemas/follow_external_frame.etasl.json
[2.083s] -- Up-to-date symlink: /home/masterthesis/kaixi_crospi_ws/install/crospi_application_template/share/crospi_application_template/task_specifications/libraries/dummy_lib/task_json_schemas/follow_external_vector.etasl.json
[2.083s] -- Up-to-date symlink: /home/masterthesis/kaixi_crospi_ws/install/crospi_application_template/share/crospi_application_template/task_specifications/libraries/dummy_lib/task_json_schemas/readme.md
[2.083s] -- Up-to-date symlink: /home/masterthesis/kaixi_crospi_ws/install/crospi_application_template/share/crospi_application_template/task_specifications/libraries/dummy_lib/task_json_schemas/vla_spacemouse_blend.etasl.json
[2.083s] -- Up-to-date symlink: /home/masterthesis/kaixi_crospi_ws/install/crospi_application_template/share/crospi_application_template/task_specifications/libraries/dummy_lib/task_library.json
[2.083s] -- Up-to-date symlink: /home/masterthesis/kaixi_crospi_ws/install/crospi_application_template/share/crospi_application_template/task_specifications/libraries/dummy_lib/task_specifications/follow_external_frame.etasl.lua
[2.083s] -- Up-to-date symlink: /home/masterthesis/kaixi_crospi_ws/install/crospi_application_template/share/crospi_application_template/task_specifications/libraries/dummy_lib/task_specifications/follow_external_vector.etasl.lua
[2.083s] -- Up-to-date symlink: /home/masterthesis/kaixi_crospi_ws/install/crospi_application_template/share/crospi_application_template/task_specifications/libraries/dummy_lib/task_specifications/vla_spacemouse_blend.etasl.lua
[2.083s] -- Up-to-date symlink: /home/masterthesis/kaixi_crospi_ws/install/crospi_application_template/share/crospi_application_template/task_specifications/libraries/task_library.schema.json
[2.083s] -- Up-to-date symlink: /home/masterthesis/kaixi_crospi_ws/install/crospi_application_template/share/crospi_application_template/task_specifications/tasks-schema.json
[2.084s] -- Up-to-date symlink: /home/masterthesis/kaixi_crospi_ws/install/crospi_application_template/share/crospi_application_template/skill_specifications/__init__.py
[2.084s] -- Up-to-date symlink: /home/masterthesis/kaixi_crospi_ws/install/crospi_application_template/share/crospi_application_template/skill_specifications/libraries/CMakeLists.txt
[2.084s] -- Up-to-date symlink: /home/masterthesis/kaixi_crospi_ws/install/crospi_application_template/share/crospi_application_template/skill_specifications/libraries/__init__.py
[2.084s] -- Up-to-date symlink: /home/masterthesis/kaixi_crospi_ws/install/crospi_application_template/share/crospi_application_template/skill_specifications/libraries/skill_lib_example/.github/workflows/gitlab-mirror.yml
[2.084s] -- Up-to-date symlink: /home/masterthesis/kaixi_crospi_ws/install/crospi_application_template/share/crospi_application_template/skill_specifications/libraries/skill_lib_example/README.md
[2.084s] -- Up-to-date symlink: /home/masterthesis/kaixi_crospi_ws/install/crospi_application_template/share/crospi_application_template/skill_specifications/libraries/skill_lib_example/skill_library.json
[2.084s] -- Up-to-date symlink: /home/masterthesis/kaixi_crospi_ws/install/crospi_application_template/share/crospi_application_template/skill_specifications/libraries/skill_lib_example/skill_specifications/skill_example.py
[2.084s] -- Up-to-date symlink: /home/masterthesis/kaixi_crospi_ws/install/crospi_application_template/share/crospi_application_template/skill_specifications/libraries/skill_lib_example/tasks/skill_example.json
[2.084s] -- Up-to-date symlink: /home/masterthesis/kaixi_crospi_ws/install/crospi_application_template/share/crospi_application_template/skill_specifications/libraries/skill_library.schema.json
[2.084s] -- Up-to-date symlink: /home/masterthesis/kaixi_crospi_ws/install/crospi_application_template/share/crospi_application_template/skill_specifications/libraries/test_trossen/README.md
[2.085s] -- Up-to-date symlink: /home/masterthesis/kaixi_crospi_ws/install/crospi_application_template/share/crospi_application_template/skill_specifications/libraries/test_trossen/skill_library.json
[2.085s] -- Up-to-date symlink: /home/masterthesis/kaixi_crospi_ws/install/crospi_application_template/share/crospi_application_template/skill_specifications/libraries/test_trossen/skill_specifications/trossen_vla_shared_control_runner.py
[2.085s] -- Up-to-date symlink: /home/masterthesis/kaixi_crospi_ws/install/crospi_application_template/share/crospi_application_template/skill_specifications/libraries/test_trossen/tasks/trossen_vla_shared_control.json
[2.085s] -- Up-to-date symlink: /home/masterthesis/kaixi_crospi_ws/install/crospi_application_template/share/crospi_application_template/robot_models/robot_specifications/kuka_iiwa.etasl.lua
[2.085s] -- Up-to-date symlink: /home/masterthesis/kaixi_crospi_ws/install/crospi_application_template/share/crospi_application_template/robot_models/robot_specifications/ur10.etasl.lua
[2.085s] -- Up-to-date symlink: /home/masterthesis/kaixi_crospi_ws/install/crospi_application_template/share/crospi_application_template/robot_models/robot_specifications/ur10e.etasl.lua
[2.085s] -- Up-to-date symlink: /home/masterthesis/kaixi_crospi_ws/install/crospi_application_template/share/crospi_application_template/robot_models/urdf_models/meshes/adaptor.stl
[2.086s] -- Up-to-date symlink: /home/masterthesis/kaixi_crospi_ws/install/crospi_application_template/share/crospi_application_template/robot_models/urdf_models/meshes/load_cell_67.stl
[2.086s] -- Up-to-date symlink: /home/masterthesis/kaixi_crospi_ws/install/crospi_application_template/share/crospi_application_template/robot_models/urdf_models/robot_setups/kuka_iiwa/rviz_config.rviz
[2.086s] -- Up-to-date symlink: /home/masterthesis/kaixi_crospi_ws/install/crospi_application_template/share/crospi_application_template/robot_models/urdf_models/robot_setups/kuka_iiwa/use_case_setup_iiwa.urdf
[2.086s] -- Up-to-date symlink: /home/masterthesis/kaixi_crospi_ws/install/crospi_application_template/share/crospi_application_template/robot_models/urdf_models/robot_setups/kuka_iiwa/use_case_setup_iiwa.urdf.xacro
[2.086s] -- Up-to-date symlink: /home/masterthesis/kaixi_crospi_ws/install/crospi_application_template/share/crospi_application_template/robot_models/urdf_models/robot_setups/trossen/rviz_config.rviz
[2.086s] -- Up-to-date symlink: /home/masterthesis/kaixi_crospi_ws/install/crospi_application_template/share/crospi_application_template/robot_models/urdf_models/robot_setups/ur10/environment.urdf.xacro
[2.086s] -- Up-to-date symlink: /home/masterthesis/kaixi_crospi_ws/install/crospi_application_template/share/crospi_application_template/robot_models/urdf_models/robot_setups/ur10/robot_tools.urdf.xacro
[2.086s] -- Up-to-date symlink: /home/masterthesis/kaixi_crospi_ws/install/crospi_application_template/share/crospi_application_template/robot_models/urdf_models/robot_setups/ur10/rviz_config.rviz
[2.086s] -- Up-to-date symlink: /home/masterthesis/kaixi_crospi_ws/install/crospi_application_template/share/crospi_application_template/robot_models/urdf_models/robot_setups/ur10/use_case_setup_ur10.urdf
[2.086s] -- Up-to-date symlink: /home/masterthesis/kaixi_crospi_ws/install/crospi_application_template/share/crospi_application_template/robot_models/urdf_models/robot_setups/ur10/use_case_setup_ur10.urdf.xacro
[2.086s] -- Up-to-date symlink: /home/masterthesis/kaixi_crospi_ws/install/crospi_application_template/share/crospi_application_template/robot_models/urdf_models/robot_setups/ur10e/environment.urdf.xacro
[2.086s] -- Up-to-date symlink: /home/masterthesis/kaixi_crospi_ws/install/crospi_application_template/share/crospi_application_template/robot_models/urdf_models/robot_setups/ur10e/robot_tools.urdf.xacro
[2.086s] -- Up-to-date symlink: /home/masterthesis/kaixi_crospi_ws/install/crospi_application_template/share/crospi_application_template/robot_models/urdf_models/robot_setups/ur10e/rviz_config.rviz
[2.087s] -- Up-to-date symlink: /home/masterthesis/kaixi_crospi_ws/install/crospi_application_template/share/crospi_application_template/robot_models/urdf_models/robot_setups/ur10e/use_case_setup_ur10e.urdf
[2.087s] -- Up-to-date symlink: /home/masterthesis/kaixi_crospi_ws/install/crospi_application_template/share/crospi_application_template/robot_models/urdf_models/robot_setups/ur10e/use_case_setup_ur10e.urdf.xacro
[2.087s] -- Up-to-date symlink: /home/masterthesis/kaixi_crospi_ws/install/crospi_application_template/share/crospi_application_template/schemas/blackboard-schema.json
[2.087s] -- Up-to-date symlink: /home/masterthesis/kaixi_crospi_ws/install/crospi_application_template/share/crospi_application_template/schemas/etasl.json
[2.087s] -- Up-to-date symlink: /home/masterthesis/kaixi_crospi_ws/install/crospi_application_template/share/crospi_application_template/schemas/generated/blackboard-schema-bundled.json
[2.087s] -- Up-to-date symlink: /home/masterthesis/kaixi_crospi_ws/install/crospi_application_template/share/crospi_application_template/schemas/generated/inputhandler.json
[2.087s] -- Up-to-date symlink: /home/masterthesis/kaixi_crospi_ws/install/crospi_application_template/share/crospi_application_template/schemas/generated/outputhandler.json
[2.087s] -- Up-to-date symlink: /home/masterthesis/kaixi_crospi_ws/install/crospi_application_template/share/crospi_application_template/schemas/generated/robotdriver.json
[2.087s] -- Up-to-date symlink: /home/masterthesis/kaixi_crospi_ws/install/crospi_application_template/share/crospi_application_template/schemas/generated/robotsimulator.json
[2.087s] -- Up-to-date symlink: /home/masterthesis/kaixi_crospi_ws/install/crospi_application_template/share/crospi_application_template/schemas/iohandlers.json
[2.087s] -- Up-to-date symlink: /home/masterthesis/kaixi_crospi_ws/install/crospi_application_template/share/crospi_application_template/schemas/robot.json
[2.088s] -- Up-to-date symlink: /home/masterthesis/kaixi_crospi_ws/install/crospi_application_template/lib/crospi_application_template/pose_msg_to_tf.py
[2.088s] -- Up-to-date symlink: /home/masterthesis/kaixi_crospi_ws/install/crospi_application_template/lib/crospi_application_template/sine_wave_tf.py
[2.088s] -- Up-to-date symlink: /home/masterthesis/kaixi_crospi_ws/install/crospi_application_template/share/crospi_application_template/environment/pythonpath.sh
[2.088s] -- Up-to-date symlink: /home/masterthesis/kaixi_crospi_ws/install/crospi_application_template/share/crospi_application_template/environment/pythonpath.dsv
[2.088s] -- Up-to-date symlink: /home/masterthesis/kaixi_crospi_ws/install/crospi_application_template/local/lib/python3.10/dist-packages/skill_specifications-0.0.0-py3.10.egg-info/PKG-INFO
[2.088s] -- Up-to-date symlink: /home/masterthesis/kaixi_crospi_ws/install/crospi_application_template/local/lib/python3.10/dist-packages/skill_specifications-0.0.0-py3.10.egg-info/SOURCES.txt
[2.089s] -- Up-to-date symlink: /home/masterthesis/kaixi_crospi_ws/install/crospi_application_template/local/lib/python3.10/dist-packages/skill_specifications-0.0.0-py3.10.egg-info/dependency_links.txt
[2.089s] -- Up-to-date symlink: /home/masterthesis/kaixi_crospi_ws/install/crospi_application_template/local/lib/python3.10/dist-packages/skill_specifications-0.0.0-py3.10.egg-info/top_level.txt
[2.089s] -- Up-to-date symlink: /home/masterthesis/kaixi_crospi_ws/install/crospi_application_template/local/lib/python3.10/dist-packages/skill_specifications/__init__.py
[2.089s] -- Up-to-date symlink: /home/masterthesis/kaixi_crospi_ws/install/crospi_application_template/local/lib/python3.10/dist-packages/skill_specifications/libraries/CMakeLists.txt
[2.089s] -- Up-to-date symlink: /home/masterthesis/kaixi_crospi_ws/install/crospi_application_template/local/lib/python3.10/dist-packages/skill_specifications/libraries/__init__.py
[2.089s] -- Up-to-date symlink: /home/masterthesis/kaixi_crospi_ws/install/crospi_application_template/local/lib/python3.10/dist-packages/skill_specifications/libraries/skill_lib_example/.github/workflows/gitlab-mirror.yml
[2.090s] -- Up-to-date symlink: /home/masterthesis/kaixi_crospi_ws/install/crospi_application_template/local/lib/python3.10/dist-packages/skill_specifications/libraries/skill_lib_example/README.md
[2.090s] -- Up-to-date symlink: /home/masterthesis/kaixi_crospi_ws/install/crospi_application_template/local/lib/python3.10/dist-packages/skill_specifications/libraries/skill_lib_example/skill_library.json
[2.090s] -- Up-to-date symlink: /home/masterthesis/kaixi_crospi_ws/install/crospi_application_template/local/lib/python3.10/dist-packages/skill_specifications/libraries/skill_lib_example/skill_specifications/skill_example.py
[2.090s] -- Up-to-date symlink: /home/masterthesis/kaixi_crospi_ws/install/crospi_application_template/local/lib/python3.10/dist-packages/skill_specifications/libraries/skill_lib_example/tasks/skill_example.json
[2.090s] -- Up-to-date symlink: /home/masterthesis/kaixi_crospi_ws/install/crospi_application_template/local/lib/python3.10/dist-packages/skill_specifications/libraries/skill_library.schema.json
[2.090s] -- Up-to-date symlink: /home/masterthesis/kaixi_crospi_ws/install/crospi_application_template/local/lib/python3.10/dist-packages/skill_specifications/libraries/test_trossen/README.md
[2.090s] -- Up-to-date symlink: /home/masterthesis/kaixi_crospi_ws/install/crospi_application_template/local/lib/python3.10/dist-packages/skill_specifications/libraries/test_trossen/skill_library.json
[2.090s] -- Up-to-date symlink: /home/masterthesis/kaixi_crospi_ws/install/crospi_application_template/local/lib/python3.10/dist-packages/skill_specifications/libraries/test_trossen/skill_specifications/trossen_vla_shared_control_runner.py
[2.090s] -- Up-to-date symlink: /home/masterthesis/kaixi_crospi_ws/install/crospi_application_template/local/lib/python3.10/dist-packages/skill_specifications/libraries/test_trossen/tasks/trossen_vla_shared_control.json
[2.090s] -- Up-to-date symlink: /home/masterthesis/kaixi_crospi_ws/install/crospi_application_template/share/ament_index/resource_index/package_run_dependencies/crospi_application_template
[2.091s] -- Up-to-date symlink: /home/masterthesis/kaixi_crospi_ws/install/crospi_application_template/share/ament_index/resource_index/parent_prefix_path/crospi_application_template
[2.091s] -- Up-to-date symlink: /home/masterthesis/kaixi_crospi_ws/install/crospi_application_template/share/crospi_application_template/environment/ament_prefix_path.sh
[2.091s] -- Up-to-date symlink: /home/masterthesis/kaixi_crospi_ws/install/crospi_application_template/share/crospi_application_template/environment/ament_prefix_path.dsv
[2.091s] -- Up-to-date symlink: /home/masterthesis/kaixi_crospi_ws/install/crospi_application_template/share/crospi_application_template/environment/path.sh
[2.091s] -- Up-to-date symlink: /home/masterthesis/kaixi_crospi_ws/install/crospi_application_template/share/crospi_application_template/environment/path.dsv
[2.091s] -- Up-to-date symlink: /home/masterthesis/kaixi_crospi_ws/install/crospi_application_template/share/crospi_application_template/local_setup.bash
[2.091s] -- Up-to-date symlink: /home/masterthesis/kaixi_crospi_ws/install/crospi_application_template/share/crospi_application_template/local_setup.sh
[2.091s] -- Up-to-date symlink: /home/masterthesis/kaixi_crospi_ws/install/crospi_application_template/share/crospi_application_template/local_setup.zsh
[2.091s] -- Up-to-date symlink: /home/masterthesis/kaixi_crospi_ws/install/crospi_application_template/share/crospi_application_template/local_setup.dsv
[2.092s] -- Symlinking: /home/masterthesis/kaixi_crospi_ws/install/crospi_application_template/share/crospi_application_template/package.dsv
[2.098s] -- Up-to-date symlink: /home/masterthesis/kaixi_crospi_ws/install/crospi_application_template/share/ament_index/resource_index/packages/crospi_application_template
[2.098s] -- Up-to-date symlink: /home/masterthesis/kaixi_crospi_ws/install/crospi_application_template/share/crospi_application_template/cmake/crospi_application_templateConfig.cmake
[2.098s] -- Up-to-date symlink: /home/masterthesis/kaixi_crospi_ws/install/crospi_application_template/share/crospi_application_template/cmake/crospi_application_templateConfig-version.cmake
[2.099s] -- Up-to-date symlink: /home/masterthesis/kaixi_crospi_ws/install/crospi_application_template/share/crospi_application_template/package.xml
[2.126s] Listing '/home/masterthesis/kaixi_crospi_ws/install/crospi_application_template/local/lib/python3.10/dist-packages/skill_specifications'...
[2.127s] Listing '/home/masterthesis/kaixi_crospi_ws/install/crospi_application_template/local/lib/python3.10/dist-packages/skill_specifications/libraries'...
[2.127s] Listing '/home/masterthesis/kaixi_crospi_ws/install/crospi_application_template/local/lib/python3.10/dist-packages/skill_specifications/libraries/skill_lib_example'...
[2.127s] Listing '/home/masterthesis/kaixi_crospi_ws/install/crospi_application_template/local/lib/python3.10/dist-packages/skill_specifications/libraries/skill_lib_example/.github'...
[2.127s] Listing '/home/masterthesis/kaixi_crospi_ws/install/crospi_application_template/local/lib/python3.10/dist-packages/skill_specifications/libraries/skill_lib_example/.github/workflows'...
[2.127s] Listing '/home/masterthesis/kaixi_crospi_ws/install/crospi_application_template/local/lib/python3.10/dist-packages/skill_specifications/libraries/skill_lib_example/skill_specifications'...
[2.127s] Listing '/home/masterthesis/kaixi_crospi_ws/install/crospi_application_template/local/lib/python3.10/dist-packages/skill_specifications/libraries/skill_lib_example/tasks'...
[2.127s] Listing '/home/masterthesis/kaixi_crospi_ws/install/crospi_application_template/local/lib/python3.10/dist-packages/skill_specifications/libraries/test_trossen'...
[2.127s] Listing '/home/masterthesis/kaixi_crospi_ws/install/crospi_application_template/local/lib/python3.10/dist-packages/skill_specifications/libraries/test_trossen/skill_specifications'...
[2.127s] Listing '/home/masterthesis/kaixi_crospi_ws/install/crospi_application_template/local/lib/python3.10/dist-packages/skill_specifications/libraries/test_trossen/tasks'...
[2.131s] Invoked command in '/home/masterthesis/kaixi_crospi_ws/build/crospi_application_template' returned '0': CMAKE_PREFIX_PATH=${CMAKE_PREFIX_PATH}:/opt/ros2_crospi_ws/install/betfsm_demos:/opt/ros2_crospi_ws/install/betfsm:/opt/ros/humble /usr/bin/cmake --install /home/masterthesis/kaixi_crospi_ws/build/crospi_application_template
