[0.020s] Invoking command in '/home/masterthesis/kaixi_crospi_ws/build/trossen_widowx_interfaces': CMAKE_PREFIX_PATH=${CMAKE_PREFIX_PATH}:/opt/ros2_crospi_ws/install/betfsm_demos:/opt/ros2_crospi_ws/install/betfsm:/opt/ros/humble /usr/bin/cmake --build /home/masterthesis/kaixi_crospi_ws/build/trossen_widowx_interfaces -- -j16 -l16
[0.037s] -- Found ament_cmake: 1.3.14 (/opt/ros/humble/share/ament_cmake/cmake)
[0.142s] -- Override CMake install command with custom implementation using symlinks instead of copying resources
[0.150s] -- Found builtin_interfaces: 1.2.2 (/opt/ros/humble/share/builtin_interfaces/cmake)
[0.187s] -- Found rosidl_generator_c: 3.1.8 (/opt/ros/humble/share/rosidl_generator_c/cmake)
[0.191s] -- Found rosidl_adapter: 3.1.8 (/opt/ros/humble/share/rosidl_adapter/cmake)
[0.199s] -- Found rosidl_generator_cpp: 3.1.8 (/opt/ros/humble/share/rosidl_generator_cpp/cmake)
[0.209s] -- Using all available rosidl_typesupport_c: rosidl_typesupport_fastrtps_c;rosidl_typesupport_introspection_c
[0.221s] -- Using all available rosidl_typesupport_cpp: rosidl_typesupport_fastrtps_cpp;rosidl_typesupport_introspection_cpp
[0.231s] -- Found rcl_interfaces: 1.2.2 (/opt/ros/humble/share/rcl_interfaces/cmake)
[0.241s] -- Found rosidl_default_generators: 1.2.1 (/opt/ros/humble/share/rosidl_default_generators/cmake)
[0.494s] -- Found ament_cmake_ros: 0.10.0 (/opt/ros/humble/share/ament_cmake_ros/cmake)
[0.741s] -- Using all available rosidl_typesupport_c: rosidl_typesupport_fastrtps_c;rosidl_typesupport_introspection_c
[0.835s] -- Using all available rosidl_typesupport_cpp: rosidl_typesupport_fastrtps_cpp;rosidl_typesupport_introspection_cpp
[0.855s] -- Found python_cmake_module: 0.10.0 (/opt/ros/humble/share/python_cmake_module/cmake)
[0.873s] -- Using PYTHON_EXECUTABLE: /usr/bin/python3
[0.873s] -- Using PYTHON_INCLUDE_DIRS: /usr/include/python3.10
[0.873s] -- Using PYTHON_LIBRARIES: /usr/lib/x86_64-linux-gnu/libpython3.10.so
[0.937s] -- Found ament_lint_auto: 0.12.15 (/opt/ros/humble/share/ament_lint_auto/cmake)
[0.947s] -- Added test 'lint_cmake' to check CMake code style
[0.947s] -- Added test 'xmllint' to check XML markup files
[0.950s] -- Configuring done
[0.975s] -- Generating done
[0.983s] -- Build files have been written to: /home/masterthesis/kaixi_crospi_ws/build/trossen_widowx_interfaces
[1.001s] [35m[1mConsolidate compiler generated dependencies of target trossen_widowx_interfaces__rosidl_generator_c[0m
[1.009s] [  2%] Built target trossen_widowx_interfaces__cpp
[1.010s] [  4%] [32mBuilding C object CMakeFiles/trossen_widowx_interfaces__rosidl_generator_c.dir/rosidl_generator_c/trossen_widowx_interfaces/srv/detail/arm_mode__functions.c.o[0m
[1.013s] [  8%] [32mBuilding C object CMakeFiles/trossen_widowx_interfaces__rosidl_generator_c.dir/rosidl_generator_c/trossen_widowx_interfaces/srv/detail/joint_modes__functions.c.o[0m
[1.013s] [  8%] [32mBuilding C object CMakeFiles/trossen_widowx_interfaces__rosidl_generator_c.dir/rosidl_generator_c/trossen_widowx_interfaces/srv/detail/control_gripper__functions.c.o[0m
[1.016s] [  8%] Built target ament_cmake_python_symlink_trossen_widowx_interfaces
[1.018s] [ 10%] Built target trossen_widowx_interfaces__rs
[1.018s] [35m[1mConsolidate compiler generated dependencies of target trossen_widowx_interfaces__rosidl_typesupport_cpp[0m
[1.021s] [35m[1mConsolidate compiler generated dependencies of target trossen_widowx_interfaces__rosidl_typesupport_introspection_cpp[0m
[1.028s] [35m[1mConsolidate compiler generated dependencies of target trossen_widowx_interfaces__rosidl_typesupport_fastrtps_cpp[0m
[1.033s] [ 12%] [32mBuilding CXX object CMakeFiles/trossen_widowx_interfaces__rosidl_typesupport_cpp.dir/rosidl_typesupport_cpp/trossen_widowx_interfaces/srv/arm_mode__type_support.cpp.o[0m
[1.034s] [ 16%] [32mBuilding CXX object CMakeFiles/trossen_widowx_interfaces__rosidl_typesupport_cpp.dir/rosidl_typesupport_cpp/trossen_widowx_interfaces/srv/joint_modes__type_support.cpp.o[0m
[1.034s] [ 16%] [32mBuilding CXX object CMakeFiles/trossen_widowx_interfaces__rosidl_typesupport_cpp.dir/rosidl_typesupport_cpp/trossen_widowx_interfaces/srv/control_gripper__type_support.cpp.o[0m
[1.037s] [ 18%] [32mBuilding CXX object CMakeFiles/trossen_widowx_interfaces__rosidl_typesupport_introspection_cpp.dir/rosidl_typesupport_introspection_cpp/trossen_widowx_interfaces/srv/detail/joint_modes__type_support.cpp.o[0m
[1.038s] [ 20%] [32mBuilding CXX object CMakeFiles/trossen_widowx_interfaces__rosidl_typesupport_introspection_cpp.dir/rosidl_typesupport_introspection_cpp/trossen_widowx_interfaces/srv/detail/arm_mode__type_support.cpp.o[0m
[1.038s] [ 22%] [32mBuilding CXX object CMakeFiles/trossen_widowx_interfaces__rosidl_typesupport_introspection_cpp.dir/rosidl_typesupport_introspection_cpp/trossen_widowx_interfaces/srv/detail/control_gripper__type_support.cpp.o[0m
[1.048s] [ 25%] [32mBuilding CXX object CMakeFiles/trossen_widowx_interfaces__rosidl_typesupport_fastrtps_cpp.dir/rosidl_typesupport_fastrtps_cpp/trossen_widowx_interfaces/srv/detail/dds_fastrtps/arm_mode__type_support.cpp.o[0m
[1.048s] [ 29%] [32mBuilding CXX object CMakeFiles/trossen_widowx_interfaces__rosidl_typesupport_fastrtps_cpp.dir/rosidl_typesupport_fastrtps_cpp/trossen_widowx_interfaces/srv/detail/dds_fastrtps/joint_modes__type_support.cpp.o[0m
[1.048s] [ 29%] [32mBuilding CXX object CMakeFiles/trossen_widowx_interfaces__rosidl_typesupport_fastrtps_cpp.dir/rosidl_typesupport_fastrtps_cpp/trossen_widowx_interfaces/srv/detail/dds_fastrtps/control_gripper__type_support.cpp.o[0m
[1.077s] [ 31%] [32m[1mLinking C shared library libtrossen_widowx_interfaces__rosidl_generator_c.so[0m
[1.104s] [ 33%] Built target trossen_widowx_interfaces__rosidl_generator_c
[1.115s] [35m[1mConsolidate compiler generated dependencies of target trossen_widowx_interfaces__rosidl_typesupport_introspection_c[0m
[1.116s] [35m[1mConsolidate compiler generated dependencies of target trossen_widowx_interfaces__rosidl_typesupport_c[0m
[1.116s] [35m[1mConsolidate compiler generated dependencies of target trossen_widowx_interfaces__rosidl_typesupport_fastrtps_c[0m
[1.129s] [ 35%] [32mBuilding C object CMakeFiles/trossen_widowx_interfaces__rosidl_typesupport_introspection_c.dir/rosidl_typesupport_introspection_c/trossen_widowx_interfaces/srv/detail/arm_mode__type_support.c.o[0m
[1.129s] [ 37%] [32mBuilding C object CMakeFiles/trossen_widowx_interfaces__rosidl_typesupport_introspection_c.dir/rosidl_typesupport_introspection_c/trossen_widowx_interfaces/srv/detail/control_gripper__type_support.c.o[0m
[1.129s] [ 39%] [32mBuilding C object CMakeFiles/trossen_widowx_interfaces__rosidl_typesupport_introspection_c.dir/rosidl_typesupport_introspection_c/trossen_widowx_interfaces/srv/detail/joint_modes__type_support.c.o[0m
[1.131s] [ 41%] [32mBuilding CXX object CMakeFiles/trossen_widowx_interfaces__rosidl_typesupport_c.dir/rosidl_typesupport_c/trossen_widowx_interfaces/srv/arm_mode__type_support.cpp.o[0m
[1.136s] [ 43%] [32mBuilding CXX object CMakeFiles/trossen_widowx_interfaces__rosidl_typesupport_c.dir/rosidl_typesupport_c/trossen_widowx_interfaces/srv/joint_modes__type_support.cpp.o[0m
[1.136s] [ 45%] [32mBuilding CXX object CMakeFiles/trossen_widowx_interfaces__rosidl_typesupport_fastrtps_c.dir/rosidl_typesupport_fastrtps_c/trossen_widowx_interfaces/srv/detail/arm_mode__type_support_c.cpp.o[0m
[1.171s] [ 47%] [32mBuilding CXX object CMakeFiles/trossen_widowx_interfaces__rosidl_typesupport_c.dir/rosidl_typesupport_c/trossen_widowx_interfaces/srv/control_gripper__type_support.cpp.o[0m
[1.174s] [ 50%] [32mBuilding CXX object CMakeFiles/trossen_widowx_interfaces__rosidl_typesupport_fastrtps_c.dir/rosidl_typesupport_fastrtps_c/trossen_widowx_interfaces/srv/detail/control_gripper__type_support_c.cpp.o[0m
[1.181s] [ 52%] [32mBuilding CXX object CMakeFiles/trossen_widowx_interfaces__rosidl_typesupport_fastrtps_c.dir/rosidl_typesupport_fastrtps_c/trossen_widowx_interfaces/srv/detail/joint_modes__type_support_c.cpp.o[0m
[1.187s] [ 54%] [32m[1mLinking C shared library libtrossen_widowx_interfaces__rosidl_typesupport_introspection_c.so[0m
[1.219s] [ 56%] [32m[1mLinking CXX shared library libtrossen_widowx_interfaces__rosidl_typesupport_c.so[0m
[1.251s] [ 58%] Built target trossen_widowx_interfaces__rosidl_typesupport_introspection_c
[1.276s] [ 60%] Built target trossen_widowx_interfaces__rosidl_typesupport_c
[1.361s] [ 62%] [32m[1mLinking CXX shared library libtrossen_widowx_interfaces__rosidl_typesupport_cpp.so[0m
[1.389s] running egg_info
[1.390s] writing trossen_widowx_interfaces.egg-info/PKG-INFO
[1.390s] writing dependency_links to trossen_widowx_interfaces.egg-info/dependency_links.txt
[1.391s] writing top-level names to trossen_widowx_interfaces.egg-info/top_level.txt
[1.393s] reading manifest file 'trossen_widowx_interfaces.egg-info/SOURCES.txt'
[1.394s] writing manifest file 'trossen_widowx_interfaces.egg-info/SOURCES.txt'
[1.400s] [ 64%] Built target trossen_widowx_interfaces__rosidl_typesupport_cpp
[1.433s] [ 64%] Built target ament_cmake_python_build_trossen_widowx_interfaces_egg
[1.481s] [ 66%] [32m[1mLinking CXX shared library libtrossen_widowx_interfaces__rosidl_typesupport_introspection_cpp.so[0m
[1.537s] [ 68%] Built target trossen_widowx_interfaces__rosidl_typesupport_introspection_cpp
[1.552s] [ 70%] [32m[1mLinking CXX shared library libtrossen_widowx_interfaces__rosidl_typesupport_fastrtps_cpp.so[0m
[1.574s] [ 72%] [32m[1mLinking CXX shared library libtrossen_widowx_interfaces__rosidl_typesupport_fastrtps_c.so[0m
[1.603s] [ 75%] Built target trossen_widowx_interfaces__rosidl_typesupport_fastrtps_cpp
[1.625s] [ 77%] Built target trossen_widowx_interfaces__rosidl_typesupport_fastrtps_c
[1.639s] [ 77%] Built target trossen_widowx_interfaces
[1.659s] [ 79%] Built target trossen_widowx_interfaces__py
[1.666s] [35m[1mConsolidate compiler generated dependencies of target trossen_widowx_interfaces__rosidl_generator_py[0m
[1.676s] [ 83%] [32mBuilding C object CMakeFiles/trossen_widowx_interfaces__rosidl_generator_py.dir/rosidl_generator_py/trossen_widowx_interfaces/srv/_joint_modes_s.c.o[0m
[1.676s] [ 83%] [32mBuilding C object CMakeFiles/trossen_widowx_interfaces__rosidl_generator_py.dir/rosidl_generator_py/trossen_widowx_interfaces/srv/_arm_mode_s.c.o[0m
[1.676s] [ 85%] [32mBuilding C object CMakeFiles/trossen_widowx_interfaces__rosidl_generator_py.dir/rosidl_generator_py/trossen_widowx_interfaces/srv/_control_gripper_s.c.o[0m
[1.763s] [ 87%] [32m[1mLinking C shared library rosidl_generator_py/trossen_widowx_interfaces/libtrossen_widowx_interfaces__rosidl_generator_py.so[0m
[1.790s] [ 87%] Built target trossen_widowx_interfaces__rosidl_generator_py
[1.798s] [35m[1mConsolidate compiler generated dependencies of target trossen_widowx_interfaces__rosidl_typesupport_fastrtps_c__pyext[0m
[1.798s] [35m[1mConsolidate compiler generated dependencies of target trossen_widowx_interfaces__rosidl_typesupport_introspection_c__pyext[0m
[1.798s] [35m[1mConsolidate compiler generated dependencies of target trossen_widowx_interfaces__rosidl_typesupport_c__pyext[0m
[1.807s] [ 93%] [32mBuilding C object CMakeFiles/trossen_widowx_interfaces__rosidl_typesupport_fastrtps_c__pyext.dir/rosidl_generator_py/trossen_widowx_interfaces/_trossen_widowx_interfaces_s.ep.rosidl_typesupport_fastrtps_c.c.o[0m
[1.807s] [ 93%] [32mBuilding C object CMakeFiles/trossen_widowx_interfaces__rosidl_typesupport_c__pyext.dir/rosidl_generator_py/trossen_widowx_interfaces/_trossen_widowx_interfaces_s.ep.rosidl_typesupport_c.c.o[0m
[1.807s] [ 93%] [32mBuilding C object CMakeFiles/trossen_widowx_interfaces__rosidl_typesupport_introspection_c__pyext.dir/rosidl_generator_py/trossen_widowx_interfaces/_trossen_widowx_interfaces_s.ep.rosidl_typesupport_introspection_c.c.o[0m
[1.884s] [ 95%] [32m[1mLinking C shared library rosidl_generator_py/trossen_widowx_interfaces/trossen_widowx_interfaces_s__rosidl_typesupport_c.cpython-310-x86_64-linux-gnu.so[0m
[1.884s] [ 97%] [32m[1mLinking C shared library rosidl_generator_py/trossen_widowx_interfaces/trossen_widowx_interfaces_s__rosidl_typesupport_introspection_c.cpython-310-x86_64-linux-gnu.so[0m
[1.886s] [100%] [32m[1mLinking C shared library rosidl_generator_py/trossen_widowx_interfaces/trossen_widowx_interfaces_s__rosidl_typesupport_fastrtps_c.cpython-310-x86_64-linux-gnu.so[0m
[1.908s] [100%] Built target trossen_widowx_interfaces__rosidl_typesupport_introspection_c__pyext
[1.908s] [100%] Built target trossen_widowx_interfaces__rosidl_typesupport_c__pyext
[1.910s] [100%] Built target trossen_widowx_interfaces__rosidl_typesupport_fastrtps_c__pyext
[1.918s] Invoked command in '/home/masterthesis/kaixi_crospi_ws/build/trossen_widowx_interfaces' returned '0': CMAKE_PREFIX_PATH=${CMAKE_PREFIX_PATH}:/opt/ros2_crospi_ws/install/betfsm_demos:/opt/ros2_crospi_ws/install/betfsm:/opt/ros/humble /usr/bin/cmake --build /home/masterthesis/kaixi_crospi_ws/build/trossen_widowx_interfaces -- -j16 -l16
[1.919s] Invoking command in '/home/masterthesis/kaixi_crospi_ws/build/trossen_widowx_interfaces': CMAKE_PREFIX_PATH=${CMAKE_PREFIX_PATH}:/opt/ros2_crospi_ws/install/betfsm_demos:/opt/ros2_crospi_ws/install/betfsm:/opt/ros/humble /usr/bin/cmake --install /home/masterthesis/kaixi_crospi_ws/build/trossen_widowx_interfaces
[1.924s] -- Install configuration: ""
[1.925s] -- Execute custom install script
[1.925s] -- Up-to-date symlink: /home/masterthesis/kaixi_crospi_ws/install/trossen_widowx_interfaces/share/ament_index/resource_index/rosidl_interfaces/trossen_widowx_interfaces
[1.925s] -- Up-to-date symlink: /home/masterthesis/kaixi_crospi_ws/install/trossen_widowx_interfaces/include/trossen_widowx_interfaces/trossen_widowx_interfaces/msg/rosidl_generator_c__visibility_control.h
[1.925s] -- Up-to-date symlink: /home/masterthesis/kaixi_crospi_ws/install/trossen_widowx_interfaces/include/trossen_widowx_interfaces/trossen_widowx_interfaces/srv/arm_mode.h
[1.926s] -- Up-to-date symlink: /home/masterthesis/kaixi_crospi_ws/install/trossen_widowx_interfaces/include/trossen_widowx_interfaces/trossen_widowx_interfaces/srv/control_gripper.h
[1.926s] -- Up-to-date symlink: /home/masterthesis/kaixi_crospi_ws/install/trossen_widowx_interfaces/include/trossen_widowx_interfaces/trossen_widowx_interfaces/srv/detail/arm_mode__functions.h
[1.926s] -- Up-to-date symlink: /home/masterthesis/kaixi_crospi_ws/install/trossen_widowx_interfaces/include/trossen_widowx_interfaces/trossen_widowx_interfaces/srv/detail/arm_mode__struct.h
[1.926s] -- Up-to-date symlink: /home/masterthesis/kaixi_crospi_ws/install/trossen_widowx_interfaces/include/trossen_widowx_interfaces/trossen_widowx_interfaces/srv/detail/arm_mode__type_support.h
[1.926s] -- Up-to-date symlink: /home/masterthesis/kaixi_crospi_ws/install/trossen_widowx_interfaces/include/trossen_widowx_interfaces/trossen_widowx_interfaces/srv/detail/control_gripper__functions.h
[1.926s] -- Up-to-date symlink: /home/masterthesis/kaixi_crospi_ws/install/trossen_widowx_interfaces/include/trossen_widowx_interfaces/trossen_widowx_interfaces/srv/detail/control_gripper__struct.h
[1.926s] -- Up-to-date symlink: /home/masterthesis/kaixi_crospi_ws/install/trossen_widowx_interfaces/include/trossen_widowx_interfaces/trossen_widowx_interfaces/srv/detail/control_gripper__type_support.h
[1.926s] -- Up-to-date symlink: /home/masterthesis/kaixi_crospi_ws/install/trossen_widowx_interfaces/include/trossen_widowx_interfaces/trossen_widowx_interfaces/srv/detail/joint_modes__functions.h
[1.926s] -- Up-to-date symlink: /home/masterthesis/kaixi_crospi_ws/install/trossen_widowx_interfaces/include/trossen_widowx_interfaces/trossen_widowx_interfaces/srv/detail/joint_modes__struct.h
[1.926s] -- Up-to-date symlink: /home/masterthesis/kaixi_crospi_ws/install/trossen_widowx_interfaces/include/trossen_widowx_interfaces/trossen_widowx_interfaces/srv/detail/joint_modes__type_support.h
[1.926s] -- Up-to-date symlink: /home/masterthesis/kaixi_crospi_ws/install/trossen_widowx_interfaces/include/trossen_widowx_interfaces/trossen_widowx_interfaces/srv/joint_modes.h
[1.926s] -- Up-to-date symlink: /home/masterthesis/kaixi_crospi_ws/install/trossen_widowx_interfaces/share/trossen_widowx_interfaces/environment/library_path.sh
[1.926s] -- Up-to-date symlink: /home/masterthesis/kaixi_crospi_ws/install/trossen_widowx_interfaces/share/trossen_widowx_interfaces/environment/library_path.dsv
[1.927s] -- Up-to-date symlink: /home/masterthesis/kaixi_crospi_ws/install/trossen_widowx_interfaces/include/trossen_widowx_interfaces/trossen_widowx_interfaces/msg/rosidl_typesupport_fastrtps_c__visibility_control.h
[1.927s] -- Up-to-date symlink: /home/masterthesis/kaixi_crospi_ws/install/trossen_widowx_interfaces/include/trossen_widowx_interfaces/trossen_widowx_interfaces/srv/detail/arm_mode__rosidl_typesupport_fastrtps_c.h
[1.927s] -- Up-to-date symlink: /home/masterthesis/kaixi_crospi_ws/install/trossen_widowx_interfaces/include/trossen_widowx_interfaces/trossen_widowx_interfaces/srv/detail/control_gripper__rosidl_typesupport_fastrtps_c.h
[1.927s] -- Up-to-date symlink: /home/masterthesis/kaixi_crospi_ws/install/trossen_widowx_interfaces/include/trossen_widowx_interfaces/trossen_widowx_interfaces/srv/detail/joint_modes__rosidl_typesupport_fastrtps_c.h
[1.927s] -- Up-to-date symlink: /home/masterthesis/kaixi_crospi_ws/install/trossen_widowx_interfaces/include/trossen_widowx_interfaces/trossen_widowx_interfaces/msg/rosidl_generator_cpp__visibility_control.hpp
[1.927s] -- Up-to-date symlink: /home/masterthesis/kaixi_crospi_ws/install/trossen_widowx_interfaces/include/trossen_widowx_interfaces/trossen_widowx_interfaces/srv/arm_mode.hpp
[1.927s] -- Up-to-date symlink: /home/masterthesis/kaixi_crospi_ws/install/trossen_widowx_interfaces/include/trossen_widowx_interfaces/trossen_widowx_interfaces/srv/control_gripper.hpp
[1.927s] -- Up-to-date symlink: /home/masterthesis/kaixi_crospi_ws/install/trossen_widowx_interfaces/include/trossen_widowx_interfaces/trossen_widowx_interfaces/srv/detail/arm_mode__builder.hpp
[1.928s] -- Up-to-date symlink: /home/masterthesis/kaixi_crospi_ws/install/trossen_widowx_interfaces/include/trossen_widowx_interfaces/trossen_widowx_interfaces/srv/detail/arm_mode__struct.hpp
[1.928s] -- Up-to-date symlink: /home/masterthesis/kaixi_crospi_ws/install/trossen_widowx_interfaces/include/trossen_widowx_interfaces/trossen_widowx_interfaces/srv/detail/arm_mode__traits.hpp
[1.928s] -- Up-to-date symlink: /home/masterthesis/kaixi_crospi_ws/install/trossen_widowx_interfaces/include/trossen_widowx_interfaces/trossen_widowx_interfaces/srv/detail/arm_mode__type_support.hpp
[1.928s] -- Up-to-date symlink: /home/masterthesis/kaixi_crospi_ws/install/trossen_widowx_interfaces/include/trossen_widowx_interfaces/trossen_widowx_interfaces/srv/detail/control_gripper__builder.hpp
[1.928s] -- Up-to-date symlink: /home/masterthesis/kaixi_crospi_ws/install/trossen_widowx_interfaces/include/trossen_widowx_interfaces/trossen_widowx_interfaces/srv/detail/control_gripper__struct.hpp
[1.928s] -- Up-to-date symlink: /home/masterthesis/kaixi_crospi_ws/install/trossen_widowx_interfaces/include/trossen_widowx_interfaces/trossen_widowx_interfaces/srv/detail/control_gripper__traits.hpp
[1.928s] -- Up-to-date symlink: /home/masterthesis/kaixi_crospi_ws/install/trossen_widowx_interfaces/include/trossen_widowx_interfaces/trossen_widowx_interfaces/srv/detail/control_gripper__type_support.hpp
[1.928s] -- Up-to-date symlink: /home/masterthesis/kaixi_crospi_ws/install/trossen_widowx_interfaces/include/trossen_widowx_interfaces/trossen_widowx_interfaces/srv/detail/joint_modes__builder.hpp
[1.928s] -- Up-to-date symlink: /home/masterthesis/kaixi_crospi_ws/install/trossen_widowx_interfaces/include/trossen_widowx_interfaces/trossen_widowx_interfaces/srv/detail/joint_modes__struct.hpp
[1.928s] -- Up-to-date symlink: /home/masterthesis/kaixi_crospi_ws/install/trossen_widowx_interfaces/include/trossen_widowx_interfaces/trossen_widowx_interfaces/srv/detail/joint_modes__traits.hpp
[1.928s] -- Up-to-date symlink: /home/masterthesis/kaixi_crospi_ws/install/trossen_widowx_interfaces/include/trossen_widowx_interfaces/trossen_widowx_interfaces/srv/detail/joint_modes__type_support.hpp
[1.928s] -- Up-to-date symlink: /home/masterthesis/kaixi_crospi_ws/install/trossen_widowx_interfaces/include/trossen_widowx_interfaces/trossen_widowx_interfaces/srv/joint_modes.hpp
[1.929s] -- Up-to-date symlink: /home/masterthesis/kaixi_crospi_ws/install/trossen_widowx_interfaces/include/trossen_widowx_interfaces/trossen_widowx_interfaces/msg/rosidl_typesupport_fastrtps_cpp__visibility_control.h
[1.929s] -- Up-to-date symlink: /home/masterthesis/kaixi_crospi_ws/install/trossen_widowx_interfaces/include/trossen_widowx_interfaces/trossen_widowx_interfaces/srv/detail/arm_mode__rosidl_typesupport_fastrtps_cpp.hpp
[1.929s] -- Up-to-date symlink: /home/masterthesis/kaixi_crospi_ws/install/trossen_widowx_interfaces/include/trossen_widowx_interfaces/trossen_widowx_interfaces/srv/detail/control_gripper__rosidl_typesupport_fastrtps_cpp.hpp
[1.929s] -- Up-to-date symlink: /home/masterthesis/kaixi_crospi_ws/install/trossen_widowx_interfaces/include/trossen_widowx_interfaces/trossen_widowx_interfaces/srv/detail/joint_modes__rosidl_typesupport_fastrtps_cpp.hpp
[1.929s] -- Up-to-date symlink: /home/masterthesis/kaixi_crospi_ws/install/trossen_widowx_interfaces/include/trossen_widowx_interfaces/trossen_widowx_interfaces/msg/rosidl_typesupport_introspection_c__visibility_control.h
[1.929s] -- Up-to-date symlink: /home/masterthesis/kaixi_crospi_ws/install/trossen_widowx_interfaces/include/trossen_widowx_interfaces/trossen_widowx_interfaces/srv/detail/arm_mode__rosidl_typesupport_introspection_c.h
[1.929s] -- Up-to-date symlink: /home/masterthesis/kaixi_crospi_ws/install/trossen_widowx_interfaces/include/trossen_widowx_interfaces/trossen_widowx_interfaces/srv/detail/control_gripper__rosidl_typesupport_introspection_c.h
[1.930s] -- Up-to-date symlink: /home/masterthesis/kaixi_crospi_ws/install/trossen_widowx_interfaces/include/trossen_widowx_interfaces/trossen_widowx_interfaces/srv/detail/joint_modes__rosidl_typesupport_introspection_c.h
[1.930s] -- Up-to-date symlink: /home/masterthesis/kaixi_crospi_ws/install/trossen_widowx_interfaces/include/trossen_widowx_interfaces/trossen_widowx_interfaces/srv/detail/arm_mode__rosidl_typesupport_introspection_cpp.hpp
[1.930s] -- Up-to-date symlink: /home/masterthesis/kaixi_crospi_ws/install/trossen_widowx_interfaces/include/trossen_widowx_interfaces/trossen_widowx_interfaces/srv/detail/control_gripper__rosidl_typesupport_introspection_cpp.hpp
[1.930s] -- Up-to-date symlink: /home/masterthesis/kaixi_crospi_ws/install/trossen_widowx_interfaces/include/trossen_widowx_interfaces/trossen_widowx_interfaces/srv/detail/joint_modes__rosidl_typesupport_introspection_cpp.hpp
[1.930s] -- Up-to-date symlink: /home/masterthesis/kaixi_crospi_ws/install/trossen_widowx_interfaces/share/trossen_widowx_interfaces/environment/pythonpath.sh
[1.930s] -- Up-to-date symlink: /home/masterthesis/kaixi_crospi_ws/install/trossen_widowx_interfaces/share/trossen_widowx_interfaces/environment/pythonpath.dsv
[1.930s] -- Up-to-date symlink: /home/masterthesis/kaixi_crospi_ws/install/trossen_widowx_interfaces/local/lib/python3.10/dist-packages/trossen_widowx_interfaces-0.0.0-py3.10.egg-info/PKG-INFO
[1.931s] -- Up-to-date symlink: /home/masterthesis/kaixi_crospi_ws/install/trossen_widowx_interfaces/local/lib/python3.10/dist-packages/trossen_widowx_interfaces-0.0.0-py3.10.egg-info/SOURCES.txt
[1.931s] -- Up-to-date symlink: /home/masterthesis/kaixi_crospi_ws/install/trossen_widowx_interfaces/local/lib/python3.10/dist-packages/trossen_widowx_interfaces-0.0.0-py3.10.egg-info/dependency_links.txt
[1.931s] -- Up-to-date symlink: /home/masterthesis/kaixi_crospi_ws/install/trossen_widowx_interfaces/local/lib/python3.10/dist-packages/trossen_widowx_interfaces-0.0.0-py3.10.egg-info/top_level.txt
[1.931s] -- Up-to-date symlink: /home/masterthesis/kaixi_crospi_ws/install/trossen_widowx_interfaces/local/lib/python3.10/dist-packages/trossen_widowx_interfaces/__init__.py
[1.931s] -- Up-to-date symlink: /home/masterthesis/kaixi_crospi_ws/install/trossen_widowx_interfaces/local/lib/python3.10/dist-packages/trossen_widowx_interfaces/_trossen_widowx_interfaces_s.ep.rosidl_typesupport_c.c
[1.931s] -- Up-to-date symlink: /home/masterthesis/kaixi_crospi_ws/install/trossen_widowx_interfaces/local/lib/python3.10/dist-packages/trossen_widowx_interfaces/_trossen_widowx_interfaces_s.ep.rosidl_typesupport_fastrtps_c.c
[1.931s] -- Up-to-date symlink: /home/masterthesis/kaixi_crospi_ws/install/trossen_widowx_interfaces/local/lib/python3.10/dist-packages/trossen_widowx_interfaces/_trossen_widowx_interfaces_s.ep.rosidl_typesupport_introspection_c.c
[1.931s] -- Up-to-date symlink: /home/masterthesis/kaixi_crospi_ws/install/trossen_widowx_interfaces/local/lib/python3.10/dist-packages/trossen_widowx_interfaces/libtrossen_widowx_interfaces__rosidl_generator_py.so
[1.932s] -- Up-to-date symlink: /home/masterthesis/kaixi_crospi_ws/install/trossen_widowx_interfaces/local/lib/python3.10/dist-packages/trossen_widowx_interfaces/srv/__init__.py
[1.932s] -- Up-to-date symlink: /home/masterthesis/kaixi_crospi_ws/install/trossen_widowx_interfaces/local/lib/python3.10/dist-packages/trossen_widowx_interfaces/srv/_arm_mode.py
[1.932s] -- Up-to-date symlink: /home/masterthesis/kaixi_crospi_ws/install/trossen_widowx_interfaces/local/lib/python3.10/dist-packages/trossen_widowx_interfaces/srv/_arm_mode_s.c
[1.932s] -- Up-to-date symlink: /home/masterthesis/kaixi_crospi_ws/install/trossen_widowx_interfaces/local/lib/python3.10/dist-packages/trossen_widowx_interfaces/srv/_control_gripper.py
[1.932s] -- Up-to-date symlink: /home/masterthesis/kaixi_crospi_ws/install/trossen_widowx_interfaces/local/lib/python3.10/dist-packages/trossen_widowx_interfaces/srv/_control_gripper_s.c
[1.932s] -- Up-to-date symlink: /home/masterthesis/kaixi_crospi_ws/install/trossen_widowx_interfaces/local/lib/python3.10/dist-packages/trossen_widowx_interfaces/srv/_joint_modes.py
[1.932s] -- Up-to-date symlink: /home/masterthesis/kaixi_crospi_ws/install/trossen_widowx_interfaces/local/lib/python3.10/dist-packages/trossen_widowx_interfaces/srv/_joint_modes_s.c
[1.932s] -- Up-to-date symlink: /home/masterthesis/kaixi_crospi_ws/install/trossen_widowx_interfaces/local/lib/python3.10/dist-packages/trossen_widowx_interfaces/trossen_widowx_interfaces_s__rosidl_typesupport_c.cpython-310-x86_64-linux-gnu.so
[1.932s] -- Up-to-date symlink: /home/masterthesis/kaixi_crospi_ws/install/trossen_widowx_interfaces/local/lib/python3.10/dist-packages/trossen_widowx_interfaces/trossen_widowx_interfaces_s__rosidl_typesupport_fastrtps_c.cpython-310-x86_64-linux-gnu.so
[1.932s] -- Up-to-date symlink: /home/masterthesis/kaixi_crospi_ws/install/trossen_widowx_interfaces/local/lib/python3.10/dist-packages/trossen_widowx_interfaces/trossen_widowx_interfaces_s__rosidl_typesupport_introspection_c.cpython-310-x86_64-linux-gnu.so
[1.932s] -- Up-to-date symlink: /home/masterthesis/kaixi_crospi_ws/install/trossen_widowx_interfaces/local/lib/python3.10/dist-packages/trossen_widowx_interfaces/trossen_widowx_interfaces_s__rosidl_typesupport_fastrtps_c.cpython-310-x86_64-linux-gnu.so
[1.933s] -- Up-to-date symlink: /home/masterthesis/kaixi_crospi_ws/install/trossen_widowx_interfaces/local/lib/python3.10/dist-packages/trossen_widowx_interfaces/trossen_widowx_interfaces_s__rosidl_typesupport_introspection_c.cpython-310-x86_64-linux-gnu.so
[1.933s] -- Up-to-date symlink: /home/masterthesis/kaixi_crospi_ws/install/trossen_widowx_interfaces/local/lib/python3.10/dist-packages/trossen_widowx_interfaces/trossen_widowx_interfaces_s__rosidl_typesupport_c.cpython-310-x86_64-linux-gnu.so
[1.933s] -- Up-to-date symlink: /home/masterthesis/kaixi_crospi_ws/install/trossen_widowx_interfaces/share/ament_index/resource_index/rust_packages/trossen_widowx_interfaces
[1.933s] -- Up-to-date symlink: /home/masterthesis/kaixi_crospi_ws/install/trossen_widowx_interfaces/share/trossen_widowx_interfaces/rust/Cargo.toml
[1.933s] -- Up-to-date symlink: /home/masterthesis/kaixi_crospi_ws/install/trossen_widowx_interfaces/share/trossen_widowx_interfaces/rust/build.rs
[1.933s] -- Up-to-date symlink: /home/masterthesis/kaixi_crospi_ws/install/trossen_widowx_interfaces/share/trossen_widowx_interfaces/rust/src/lib.rs
[1.933s] -- Up-to-date symlink: /home/masterthesis/kaixi_crospi_ws/install/trossen_widowx_interfaces/share/trossen_widowx_interfaces/rust/src/srv.rs
[1.934s] -- Up-to-date symlink: /home/masterthesis/kaixi_crospi_ws/install/trossen_widowx_interfaces/share/trossen_widowx_interfaces/rust/src/srv/rmw.rs
[1.934s] -- Up-to-date symlink: /home/masterthesis/kaixi_crospi_ws/install/trossen_widowx_interfaces/share/trossen_widowx_interfaces/srv/ArmMode.idl
[1.934s] -- Up-to-date symlink: /home/masterthesis/kaixi_crospi_ws/install/trossen_widowx_interfaces/share/trossen_widowx_interfaces/srv/JointModes.idl
[1.934s] -- Up-to-date symlink: /home/masterthesis/kaixi_crospi_ws/install/trossen_widowx_interfaces/share/trossen_widowx_interfaces/srv/ControlGripper.idl
[1.934s] -- Up-to-date symlink: /home/masterthesis/kaixi_crospi_ws/install/trossen_widowx_interfaces/share/trossen_widowx_interfaces/srv/ArmMode.srv
[1.934s] -- Up-to-date symlink: /home/masterthesis/kaixi_crospi_ws/install/trossen_widowx_interfaces/share/trossen_widowx_interfaces/srv/ArmMode_Request.msg
[1.934s] -- Up-to-date symlink: /home/masterthesis/kaixi_crospi_ws/install/trossen_widowx_interfaces/share/trossen_widowx_interfaces/srv/ArmMode_Response.msg
[1.934s] -- Up-to-date symlink: /home/masterthesis/kaixi_crospi_ws/install/trossen_widowx_interfaces/share/trossen_widowx_interfaces/srv/JointModes.srv
[1.934s] -- Up-to-date symlink: /home/masterthesis/kaixi_crospi_ws/install/trossen_widowx_interfaces/share/trossen_widowx_interfaces/srv/JointModes_Request.msg
[1.934s] -- Up-to-date symlink: /home/masterthesis/kaixi_crospi_ws/install/trossen_widowx_interfaces/share/trossen_widowx_interfaces/srv/JointModes_Response.msg
[1.935s] -- Up-to-date symlink: /home/masterthesis/kaixi_crospi_ws/install/trossen_widowx_interfaces/share/trossen_widowx_interfaces/srv/ControlGripper.srv
[1.935s] -- Up-to-date symlink: /home/masterthesis/kaixi_crospi_ws/install/trossen_widowx_interfaces/share/trossen_widowx_interfaces/srv/ControlGripper_Request.msg
[1.935s] -- Up-to-date symlink: /home/masterthesis/kaixi_crospi_ws/install/trossen_widowx_interfaces/share/trossen_widowx_interfaces/srv/ControlGripper_Response.msg
[1.935s] -- Up-to-date symlink: /home/masterthesis/kaixi_crospi_ws/install/trossen_widowx_interfaces/share/ament_index/resource_index/package_run_dependencies/trossen_widowx_interfaces
[1.935s] -- Up-to-date symlink: /home/masterthesis/kaixi_crospi_ws/install/trossen_widowx_interfaces/share/ament_index/resource_index/parent_prefix_path/trossen_widowx_interfaces
[1.935s] -- Up-to-date symlink: /home/masterthesis/kaixi_crospi_ws/install/trossen_widowx_interfaces/share/trossen_widowx_interfaces/environment/ament_prefix_path.sh
[1.935s] -- Up-to-date symlink: /home/masterthesis/kaixi_crospi_ws/install/trossen_widowx_interfaces/share/trossen_widowx_interfaces/environment/ament_prefix_path.dsv
[1.935s] -- Up-to-date symlink: /home/masterthesis/kaixi_crospi_ws/install/trossen_widowx_interfaces/share/trossen_widowx_interfaces/environment/path.sh
[1.936s] -- Up-to-date symlink: /home/masterthesis/kaixi_crospi_ws/install/trossen_widowx_interfaces/share/trossen_widowx_interfaces/environment/path.dsv
[1.936s] -- Up-to-date symlink: /home/masterthesis/kaixi_crospi_ws/install/trossen_widowx_interfaces/share/trossen_widowx_interfaces/local_setup.bash
[1.936s] -- Up-to-date symlink: /home/masterthesis/kaixi_crospi_ws/install/trossen_widowx_interfaces/share/trossen_widowx_interfaces/local_setup.sh
[1.936s] -- Up-to-date symlink: /home/masterthesis/kaixi_crospi_ws/install/trossen_widowx_interfaces/share/trossen_widowx_interfaces/local_setup.zsh
[1.936s] -- Up-to-date symlink: /home/masterthesis/kaixi_crospi_ws/install/trossen_widowx_interfaces/share/trossen_widowx_interfaces/local_setup.dsv
[1.936s] -- Symlinking: /home/masterthesis/kaixi_crospi_ws/install/trossen_widowx_interfaces/share/trossen_widowx_interfaces/package.dsv
[1.943s] -- Up-to-date symlink: /home/masterthesis/kaixi_crospi_ws/install/trossen_widowx_interfaces/share/ament_index/resource_index/packages/trossen_widowx_interfaces
[1.943s] -- Up-to-date symlink: /home/masterthesis/kaixi_crospi_ws/install/trossen_widowx_interfaces/share/trossen_widowx_interfaces/cmake/rosidl_cmake-extras.cmake
[1.943s] -- Up-to-date symlink: /home/masterthesis/kaixi_crospi_ws/install/trossen_widowx_interfaces/share/trossen_widowx_interfaces/cmake/ament_cmake_export_include_directories-extras.cmake
[1.943s] -- Up-to-date symlink: /home/masterthesis/kaixi_crospi_ws/install/trossen_widowx_interfaces/share/trossen_widowx_interfaces/cmake/ament_cmake_export_libraries-extras.cmake
[1.943s] -- Up-to-date symlink: /home/masterthesis/kaixi_crospi_ws/install/trossen_widowx_interfaces/share/trossen_widowx_interfaces/cmake/ament_cmake_export_targets-extras.cmake
[1.943s] -- Up-to-date symlink: /home/masterthesis/kaixi_crospi_ws/install/trossen_widowx_interfaces/share/trossen_widowx_interfaces/cmake/rosidl_cmake_export_typesupport_targets-extras.cmake
[1.943s] -- Up-to-date symlink: /home/masterthesis/kaixi_crospi_ws/install/trossen_widowx_interfaces/share/trossen_widowx_interfaces/cmake/ament_cmake_export_dependencies-extras.cmake
[1.943s] -- Up-to-date symlink: /home/masterthesis/kaixi_crospi_ws/install/trossen_widowx_interfaces/share/trossen_widowx_interfaces/cmake/rosidl_cmake_export_typesupport_libraries-extras.cmake
[1.943s] -- Up-to-date symlink: /home/masterthesis/kaixi_crospi_ws/install/trossen_widowx_interfaces/share/trossen_widowx_interfaces/cmake/trossen_widowx_interfacesConfig.cmake
[1.943s] -- Up-to-date symlink: /home/masterthesis/kaixi_crospi_ws/install/trossen_widowx_interfaces/share/trossen_widowx_interfaces/cmake/trossen_widowx_interfacesConfig-version.cmake
[1.944s] -- Up-to-date symlink: /home/masterthesis/kaixi_crospi_ws/install/trossen_widowx_interfaces/share/trossen_widowx_interfaces/package.xml
[1.944s] -- Installing: /home/masterthesis/kaixi_crospi_ws/install/trossen_widowx_interfaces/lib/libtrossen_widowx_interfaces__rosidl_generator_c.so
[1.944s] -- Set runtime path of "/home/masterthesis/kaixi_crospi_ws/install/trossen_widowx_interfaces/lib/libtrossen_widowx_interfaces__rosidl_generator_c.so" to ""
[1.944s] -- Installing: /home/masterthesis/kaixi_crospi_ws/install/trossen_widowx_interfaces/lib/libtrossen_widowx_interfaces__rosidl_typesupport_fastrtps_c.so
[1.944s] -- Set runtime path of "/home/masterthesis/kaixi_crospi_ws/install/trossen_widowx_interfaces/lib/libtrossen_widowx_interfaces__rosidl_typesupport_fastrtps_c.so" to ""
[1.945s] -- Installing: /home/masterthesis/kaixi_crospi_ws/install/trossen_widowx_interfaces/lib/libtrossen_widowx_interfaces__rosidl_typesupport_fastrtps_cpp.so
[1.945s] -- Set runtime path of "/home/masterthesis/kaixi_crospi_ws/install/trossen_widowx_interfaces/lib/libtrossen_widowx_interfaces__rosidl_typesupport_fastrtps_cpp.so" to ""
[1.945s] -- Installing: /home/masterthesis/kaixi_crospi_ws/install/trossen_widowx_interfaces/lib/libtrossen_widowx_interfaces__rosidl_typesupport_introspection_c.so
[1.945s] -- Set runtime path of "/home/masterthesis/kaixi_crospi_ws/install/trossen_widowx_interfaces/lib/libtrossen_widowx_interfaces__rosidl_typesupport_introspection_c.so" to ""
[1.945s] -- Installing: /home/masterthesis/kaixi_crospi_ws/install/trossen_widowx_interfaces/lib/libtrossen_widowx_interfaces__rosidl_typesupport_c.so
[1.945s] -- Set runtime path of "/home/masterthesis/kaixi_crospi_ws/install/trossen_widowx_interfaces/lib/libtrossen_widowx_interfaces__rosidl_typesupport_c.so" to ""
[1.945s] -- Installing: /home/masterthesis/kaixi_crospi_ws/install/trossen_widowx_interfaces/lib/libtrossen_widowx_interfaces__rosidl_typesupport_introspection_cpp.so
[1.946s] -- Set runtime path of "/home/masterthesis/kaixi_crospi_ws/install/trossen_widowx_interfaces/lib/libtrossen_widowx_interfaces__rosidl_typesupport_introspection_cpp.so" to ""
[1.946s] -- Installing: /home/masterthesis/kaixi_crospi_ws/install/trossen_widowx_interfaces/lib/libtrossen_widowx_interfaces__rosidl_typesupport_cpp.so
[1.946s] -- Set runtime path of "/home/masterthesis/kaixi_crospi_ws/install/trossen_widowx_interfaces/lib/libtrossen_widowx_interfaces__rosidl_typesupport_cpp.so" to ""
[1.976s] Listing '/home/masterthesis/kaixi_crospi_ws/install/trossen_widowx_interfaces/local/lib/python3.10/dist-packages/trossen_widowx_interfaces'...
[1.977s] Compiling '/home/masterthesis/kaixi_crospi_ws/install/trossen_widowx_interfaces/local/lib/python3.10/dist-packages/trossen_widowx_interfaces/__init__.py'...
[1.977s] Listing '/home/masterthesis/kaixi_crospi_ws/install/trossen_widowx_interfaces/local/lib/python3.10/dist-packages/trossen_widowx_interfaces/srv'...
[1.977s] Compiling '/home/masterthesis/kaixi_crospi_ws/install/trossen_widowx_interfaces/local/lib/python3.10/dist-packages/trossen_widowx_interfaces/srv/__init__.py'...
[1.977s] Compiling '/home/masterthesis/kaixi_crospi_ws/install/trossen_widowx_interfaces/local/lib/python3.10/dist-packages/trossen_widowx_interfaces/srv/_arm_mode.py'...
[1.977s] Compiling '/home/masterthesis/kaixi_crospi_ws/install/trossen_widowx_interfaces/local/lib/python3.10/dist-packages/trossen_widowx_interfaces/srv/_control_gripper.py'...
[1.977s] Compiling '/home/masterthesis/kaixi_crospi_ws/install/trossen_widowx_interfaces/local/lib/python3.10/dist-packages/trossen_widowx_interfaces/srv/_joint_modes.py'...
[1.980s] -- Installing: /home/masterthesis/kaixi_crospi_ws/install/trossen_widowx_interfaces/lib/libtrossen_widowx_interfaces__rosidl_generator_py.so
[1.980s] -- Set runtime path of "/home/masterthesis/kaixi_crospi_ws/install/trossen_widowx_interfaces/lib/libtrossen_widowx_interfaces__rosidl_generator_py.so" to ""
[1.980s] -- Up-to-date: /home/masterthesis/kaixi_crospi_ws/install/trossen_widowx_interfaces/share/trossen_widowx_interfaces/cmake/export_trossen_widowx_interfaces__rosidl_generator_cExport.cmake
[1.980s] -- Up-to-date: /home/masterthesis/kaixi_crospi_ws/install/trossen_widowx_interfaces/share/trossen_widowx_interfaces/cmake/export_trossen_widowx_interfaces__rosidl_generator_cExport-noconfig.cmake
[1.980s] -- Up-to-date: /home/masterthesis/kaixi_crospi_ws/install/trossen_widowx_interfaces/share/trossen_widowx_interfaces/cmake/export_trossen_widowx_interfaces__rosidl_typesupport_fastrtps_cExport.cmake
[1.980s] -- Up-to-date: /home/masterthesis/kaixi_crospi_ws/install/trossen_widowx_interfaces/share/trossen_widowx_interfaces/cmake/export_trossen_widowx_interfaces__rosidl_typesupport_fastrtps_cExport-noconfig.cmake
[1.980s] -- Up-to-date: /home/masterthesis/kaixi_crospi_ws/install/trossen_widowx_interfaces/share/trossen_widowx_interfaces/cmake/export_trossen_widowx_interfaces__rosidl_generator_cppExport.cmake
[1.980s] -- Up-to-date: /home/masterthesis/kaixi_crospi_ws/install/trossen_widowx_interfaces/share/trossen_widowx_interfaces/cmake/export_trossen_widowx_interfaces__rosidl_typesupport_fastrtps_cppExport.cmake
[1.980s] -- Up-to-date: /home/masterthesis/kaixi_crospi_ws/install/trossen_widowx_interfaces/share/trossen_widowx_interfaces/cmake/export_trossen_widowx_interfaces__rosidl_typesupport_fastrtps_cppExport-noconfig.cmake
[1.981s] -- Up-to-date: /home/masterthesis/kaixi_crospi_ws/install/trossen_widowx_interfaces/share/trossen_widowx_interfaces/cmake/trossen_widowx_interfaces__rosidl_typesupport_introspection_cExport.cmake
[1.981s] -- Up-to-date: /home/masterthesis/kaixi_crospi_ws/install/trossen_widowx_interfaces/share/trossen_widowx_interfaces/cmake/trossen_widowx_interfaces__rosidl_typesupport_introspection_cExport-noconfig.cmake
[1.981s] -- Up-to-date: /home/masterthesis/kaixi_crospi_ws/install/trossen_widowx_interfaces/share/trossen_widowx_interfaces/cmake/trossen_widowx_interfaces__rosidl_typesupport_cExport.cmake
[1.981s] -- Up-to-date: /home/masterthesis/kaixi_crospi_ws/install/trossen_widowx_interfaces/share/trossen_widowx_interfaces/cmake/trossen_widowx_interfaces__rosidl_typesupport_cExport-noconfig.cmake
[1.981s] -- Up-to-date: /home/masterthesis/kaixi_crospi_ws/install/trossen_widowx_interfaces/share/trossen_widowx_interfaces/cmake/trossen_widowx_interfaces__rosidl_typesupport_introspection_cppExport.cmake
[1.981s] -- Up-to-date: /home/masterthesis/kaixi_crospi_ws/install/trossen_widowx_interfaces/share/trossen_widowx_interfaces/cmake/trossen_widowx_interfaces__rosidl_typesupport_introspection_cppExport-noconfig.cmake
[1.981s] -- Up-to-date: /home/masterthesis/kaixi_crospi_ws/install/trossen_widowx_interfaces/share/trossen_widowx_interfaces/cmake/trossen_widowx_interfaces__rosidl_typesupport_cppExport.cmake
[1.981s] -- Up-to-date: /home/masterthesis/kaixi_crospi_ws/install/trossen_widowx_interfaces/share/trossen_widowx_interfaces/cmake/trossen_widowx_interfaces__rosidl_typesupport_cppExport-noconfig.cmake
[1.981s] -- Up-to-date: /home/masterthesis/kaixi_crospi_ws/install/trossen_widowx_interfaces/share/trossen_widowx_interfaces/cmake/export_trossen_widowx_interfaces__rosidl_generator_pyExport.cmake
[1.981s] -- Up-to-date: /home/masterthesis/kaixi_crospi_ws/install/trossen_widowx_interfaces/share/trossen_widowx_interfaces/cmake/export_trossen_widowx_interfaces__rosidl_generator_pyExport-noconfig.cmake
[1.982s] Invoked command in '/home/masterthesis/kaixi_crospi_ws/build/trossen_widowx_interfaces' returned '0': CMAKE_PREFIX_PATH=${CMAKE_PREFIX_PATH}:/opt/ros2_crospi_ws/install/betfsm_demos:/opt/ros2_crospi_ws/install/betfsm:/opt/ros/humble /usr/bin/cmake --install /home/masterthesis/kaixi_crospi_ws/build/trossen_widowx_interfaces
