[0.121s] DEBUG:colcon:Command line arguments: ['/home/masterthesis/.local/bin/colcon', 'build', '--symlink-install']
[0.121s] DEBUG:colcon:Parsed command line arguments: Namespace(log_base=None, log_level=None, verb_name='build', build_base='build', install_base='install', merge_install=False, symlink_install=True, test_result_base=None, continue_on_error=False, executor='parallel', parallel_workers=16, event_handlers=None, ignore_user_meta=False, metas=['./colcon.meta'], base_paths=['.'], packages_ignore=None, packages_ignore_regex=None, paths=None, packages_up_to=None, packages_up_to_regex=None, packages_above=None, packages_above_and_dependencies=None, packages_above_depth=None, packages_select_by_dep=None, packages_skip_by_dep=None, packages_skip_up_to=None, packages_select_build_failed=False, packages_skip_build_finished=False, packages_select_test_failures=False, packages_skip_test_passed=False, packages_select=None, packages_skip=None, packages_select_regex=None, packages_skip_regex=None, packages_start=None, packages_end=None, cmake_args=None, cmake_target=None, cmake_target_skip_unavailable=False, cmake_clean_cache=False, cmake_clean_first=False, cmake_force_configure=False, ament_cmake_args=None, catkin_cmake_args=None, catkin_skip_building_tests=False, mixin_files=None, mixin=None, verb_parser=<colcon_mixin.mixin.mixin_argument.MixinArgumentDecorator object at 0x7da2d4fbf2b0>, verb_extension=<colcon_core.verb.build.BuildVerb object at 0x7da2d4fbece0>, main=<bound method BuildVerb.main of <colcon_core.verb.build.BuildVerb object at 0x7da2d4fbece0>>, mixin_verb=('build',))
[0.243s] Level 1:colcon.colcon_core.package_discovery:discover_packages(colcon_meta) check parameters
[0.243s] Level 1:colcon.colcon_core.package_discovery:discover_packages(recursive) check parameters
[0.243s] Level 1:colcon.colcon_core.package_discovery:discover_packages(ignore) check parameters
[0.243s] Level 1:colcon.colcon_core.package_discovery:discover_packages(path) check parameters
[0.243s] Level 1:colcon.colcon_core.package_discovery:discover_packages(colcon_meta) discover
[0.244s] Level 1:colcon.colcon_core.package_discovery:discover_packages(recursive) discover
[0.244s] INFO:colcon.colcon_core.package_discovery:Crawling recursively for packages in '/home/masterthesis/kaixi_crospi_ws'
[0.244s] Level 1:colcon.colcon_core.package_identification:_identify(.) by extensions ['ignore', 'ignore_ament_install']
[0.244s] Level 1:colcon.colcon_core.package_identification:_identify(.) by extension 'ignore'
[0.244s] Level 1:colcon.colcon_core.package_identification:_identify(.) by extension 'ignore_ament_install'
[0.244s] Level 1:colcon.colcon_core.package_identification:_identify(.) by extensions ['colcon_pkg']
[0.244s] Level 1:colcon.colcon_core.package_identification:_identify(.) by extension 'colcon_pkg'
[0.244s] Level 1:colcon.colcon_core.package_identification:_identify(.) by extensions ['colcon_meta']
[0.244s] Level 1:colcon.colcon_core.package_identification:_identify(.) by extension 'colcon_meta'
[0.244s] Level 1:colcon.colcon_core.package_identification:_identify(.) by extensions ['ros']
[0.244s] Level 1:colcon.colcon_core.package_identification:_identify(.) by extension 'ros'
[0.265s] Level 1:colcon.colcon_core.package_identification:_identify(.) by extensions ['cmake', 'python']
[0.265s] Level 1:colcon.colcon_core.package_identification:_identify(.) by extension 'cmake'
[0.265s] Level 1:colcon.colcon_core.package_identification:_identify(.) by extension 'python'
[0.265s] Level 1:colcon.colcon_core.package_identification:_identify(.) by extensions ['python_setup_py']
[0.265s] Level 1:colcon.colcon_core.package_identification:_identify(.) by extension 'python_setup_py'
[0.265s] Level 1:colcon.colcon_core.package_identification:_identify(build) by extensions ['ignore', 'ignore_ament_install']
[0.265s] Level 1:colcon.colcon_core.package_identification:_identify(build) by extension 'ignore'
[0.265s] Level 1:colcon.colcon_core.package_identification:_identify(build) ignored
[0.265s] Level 1:colcon.colcon_core.package_identification:_identify(install) by extensions ['ignore', 'ignore_ament_install']
[0.266s] Level 1:colcon.colcon_core.package_identification:_identify(install) by extension 'ignore'
[0.266s] Level 1:colcon.colcon_core.package_identification:_identify(install) ignored
[0.266s] Level 1:colcon.colcon_core.package_identification:_identify(log) by extensions ['ignore', 'ignore_ament_install']
[0.266s] Level 1:colcon.colcon_core.package_identification:_identify(log) by extension 'ignore'
[0.266s] Level 1:colcon.colcon_core.package_identification:_identify(log) ignored
[0.266s] Level 1:colcon.colcon_core.package_identification:_identify(schemas) by extensions ['ignore', 'ignore_ament_install']
[0.266s] Level 1:colcon.colcon_core.package_identification:_identify(schemas) by extension 'ignore'
[0.266s] Level 1:colcon.colcon_core.package_identification:_identify(schemas) by extension 'ignore_ament_install'
[0.266s] Level 1:colcon.colcon_core.package_identification:_identify(schemas) by extensions ['colcon_pkg']
[0.266s] Level 1:colcon.colcon_core.package_identification:_identify(schemas) by extension 'colcon_pkg'
[0.266s] Level 1:colcon.colcon_core.package_identification:_identify(schemas) by extensions ['colcon_meta']
[0.266s] Level 1:colcon.colcon_core.package_identification:_identify(schemas) by extension 'colcon_meta'
[0.266s] Level 1:colcon.colcon_core.package_identification:_identify(schemas) by extensions ['ros']
[0.266s] Level 1:colcon.colcon_core.package_identification:_identify(schemas) by extension 'ros'
[0.266s] Level 1:colcon.colcon_core.package_identification:_identify(schemas) by extensions ['cmake', 'python']
[0.266s] Level 1:colcon.colcon_core.package_identification:_identify(schemas) by extension 'cmake'
[0.266s] Level 1:colcon.colcon_core.package_identification:_identify(schemas) by extension 'python'
[0.266s] Level 1:colcon.colcon_core.package_identification:_identify(schemas) by extensions ['python_setup_py']
[0.266s] Level 1:colcon.colcon_core.package_identification:_identify(schemas) by extension 'python_setup_py'
[0.266s] Level 1:colcon.colcon_core.package_identification:_identify(schemas/generated) by extensions ['ignore', 'ignore_ament_install']
[0.266s] Level 1:colcon.colcon_core.package_identification:_identify(schemas/generated) by extension 'ignore'
[0.266s] Level 1:colcon.colcon_core.package_identification:_identify(schemas/generated) by extension 'ignore_ament_install'
[0.267s] Level 1:colcon.colcon_core.package_identification:_identify(schemas/generated) by extensions ['colcon_pkg']
[0.267s] Level 1:colcon.colcon_core.package_identification:_identify(schemas/generated) by extension 'colcon_pkg'
[0.267s] Level 1:colcon.colcon_core.package_identification:_identify(schemas/generated) by extensions ['colcon_meta']
[0.267s] Level 1:colcon.colcon_core.package_identification:_identify(schemas/generated) by extension 'colcon_meta'
[0.267s] Level 1:colcon.colcon_core.package_identification:_identify(schemas/generated) by extensions ['ros']
[0.267s] Level 1:colcon.colcon_core.package_identification:_identify(schemas/generated) by extension 'ros'
[0.267s] Level 1:colcon.colcon_core.package_identification:_identify(schemas/generated) by extensions ['cmake', 'python']
[0.267s] Level 1:colcon.colcon_core.package_identification:_identify(schemas/generated) by extension 'cmake'
[0.267s] Level 1:colcon.colcon_core.package_identification:_identify(schemas/generated) by extension 'python'
[0.267s] Level 1:colcon.colcon_core.package_identification:_identify(schemas/generated) by extensions ['python_setup_py']
[0.267s] Level 1:colcon.colcon_core.package_identification:_identify(schemas/generated) by extension 'python_setup_py'
[0.267s] Level 1:colcon.colcon_core.package_identification:_identify(src) by extensions ['ignore', 'ignore_ament_install']
[0.267s] Level 1:colcon.colcon_core.package_identification:_identify(src) by extension 'ignore'
[0.267s] Level 1:colcon.colcon_core.package_identification:_identify(src) by extension 'ignore_ament_install'
[0.267s] Level 1:colcon.colcon_core.package_identification:_identify(src) by extensions ['colcon_pkg']
[0.267s] Level 1:colcon.colcon_core.package_identification:_identify(src) by extension 'colcon_pkg'
[0.267s] Level 1:colcon.colcon_core.package_identification:_identify(src) by extensions ['colcon_meta']
[0.267s] Level 1:colcon.colcon_core.package_identification:_identify(src) by extension 'colcon_meta'
[0.267s] Level 1:colcon.colcon_core.package_identification:_identify(src) by extensions ['ros']
[0.267s] Level 1:colcon.colcon_core.package_identification:_identify(src) by extension 'ros'
[0.267s] Level 1:colcon.colcon_core.package_identification:_identify(src) by extensions ['cmake', 'python']
[0.267s] Level 1:colcon.colcon_core.package_identification:_identify(src) by extension 'cmake'
[0.267s] Level 1:colcon.colcon_core.package_identification:_identify(src) by extension 'python'
[0.267s] Level 1:colcon.colcon_core.package_identification:_identify(src) by extensions ['python_setup_py']
[0.267s] Level 1:colcon.colcon_core.package_identification:_identify(src) by extension 'python_setup_py'
[0.267s] Level 1:colcon.colcon_core.package_identification:_identify(src/crospi_application_template) by extensions ['ignore', 'ignore_ament_install']
[0.268s] Level 1:colcon.colcon_core.package_identification:_identify(src/crospi_application_template) by extension 'ignore'
[0.268s] Level 1:colcon.colcon_core.package_identification:_identify(src/crospi_application_template) by extension 'ignore_ament_install'
[0.268s] Level 1:colcon.colcon_core.package_identification:_identify(src/crospi_application_template) by extensions ['colcon_pkg']
[0.268s] Level 1:colcon.colcon_core.package_identification:_identify(src/crospi_application_template) by extension 'colcon_pkg'
[0.268s] Level 1:colcon.colcon_core.package_identification:_identify(src/crospi_application_template) by extensions ['colcon_meta']
[0.268s] Level 1:colcon.colcon_core.package_identification:_identify(src/crospi_application_template) by extension 'colcon_meta'
[0.268s] Level 1:colcon.colcon_core.package_identification:_identify(src/crospi_application_template) by extensions ['ros']
[0.268s] Level 1:colcon.colcon_core.package_identification:_identify(src/crospi_application_template) by extension 'ros'
[0.270s] DEBUG:colcon.colcon_core.package_identification:Package 'src/crospi_application_template' with type 'ros.ament_cmake' and name 'crospi_application_template'
[0.270s] Level 1:colcon.colcon_core.package_identification:_identify(src/robot_drivers) by extensions ['ignore', 'ignore_ament_install']
[0.270s] Level 1:colcon.colcon_core.package_identification:_identify(src/robot_drivers) by extension 'ignore'
[0.270s] Level 1:colcon.colcon_core.package_identification:_identify(src/robot_drivers) by extension 'ignore_ament_install'
[0.270s] Level 1:colcon.colcon_core.package_identification:_identify(src/robot_drivers) by extensions ['colcon_pkg']
[0.270s] Level 1:colcon.colcon_core.package_identification:_identify(src/robot_drivers) by extension 'colcon_pkg'
[0.270s] Level 1:colcon.colcon_core.package_identification:_identify(src/robot_drivers) by extensions ['colcon_meta']
[0.270s] Level 1:colcon.colcon_core.package_identification:_identify(src/robot_drivers) by extension 'colcon_meta'
[0.270s] Level 1:colcon.colcon_core.package_identification:_identify(src/robot_drivers) by extensions ['ros']
[0.270s] Level 1:colcon.colcon_core.package_identification:_identify(src/robot_drivers) by extension 'ros'
[0.270s] Level 1:colcon.colcon_core.package_identification:_identify(src/robot_drivers) by extensions ['cmake', 'python']
[0.270s] Level 1:colcon.colcon_core.package_identification:_identify(src/robot_drivers) by extension 'cmake'
[0.270s] Level 1:colcon.colcon_core.package_identification:_identify(src/robot_drivers) by extension 'python'
[0.270s] Level 1:colcon.colcon_core.package_identification:_identify(src/robot_drivers) by extensions ['python_setup_py']
[0.270s] Level 1:colcon.colcon_core.package_identification:_identify(src/robot_drivers) by extension 'python_setup_py'
[0.270s] Level 1:colcon.colcon_core.package_identification:_identify(src/robot_drivers/trossen_widowx_driver_crospi) by extensions ['ignore', 'ignore_ament_install']
[0.270s] Level 1:colcon.colcon_core.package_identification:_identify(src/robot_drivers/trossen_widowx_driver_crospi) by extension 'ignore'
[0.270s] Level 1:colcon.colcon_core.package_identification:_identify(src/robot_drivers/trossen_widowx_driver_crospi) by extension 'ignore_ament_install'
[0.270s] Level 1:colcon.colcon_core.package_identification:_identify(src/robot_drivers/trossen_widowx_driver_crospi) by extensions ['colcon_pkg']
[0.270s] Level 1:colcon.colcon_core.package_identification:_identify(src/robot_drivers/trossen_widowx_driver_crospi) by extension 'colcon_pkg'
[0.270s] Level 1:colcon.colcon_core.package_identification:_identify(src/robot_drivers/trossen_widowx_driver_crospi) by extensions ['colcon_meta']
[0.270s] Level 1:colcon.colcon_core.package_identification:_identify(src/robot_drivers/trossen_widowx_driver_crospi) by extension 'colcon_meta'
[0.270s] Level 1:colcon.colcon_core.package_identification:_identify(src/robot_drivers/trossen_widowx_driver_crospi) by extensions ['ros']
[0.271s] Level 1:colcon.colcon_core.package_identification:_identify(src/robot_drivers/trossen_widowx_driver_crospi) by extension 'ros'
[0.271s] Level 1:colcon.colcon_core.package_identification:_identify(src/robot_drivers/trossen_widowx_driver_crospi) by extensions ['cmake', 'python']
[0.271s] Level 1:colcon.colcon_core.package_identification:_identify(src/robot_drivers/trossen_widowx_driver_crospi) by extension 'cmake'
[0.271s] Level 1:colcon.colcon_core.package_identification:_identify(src/robot_drivers/trossen_widowx_driver_crospi) by extension 'python'
[0.271s] Level 1:colcon.colcon_core.package_identification:_identify(src/robot_drivers/trossen_widowx_driver_crospi) by extensions ['python_setup_py']
[0.271s] Level 1:colcon.colcon_core.package_identification:_identify(src/robot_drivers/trossen_widowx_driver_crospi) by extension 'python_setup_py'
[0.271s] Level 1:colcon.colcon_core.package_identification:_identify(src/trossen_arm_description) by extensions ['ignore', 'ignore_ament_install']
[0.271s] Level 1:colcon.colcon_core.package_identification:_identify(src/trossen_arm_description) by extension 'ignore'
[0.271s] Level 1:colcon.colcon_core.package_identification:_identify(src/trossen_arm_description) by extension 'ignore_ament_install'
[0.271s] Level 1:colcon.colcon_core.package_identification:_identify(src/trossen_arm_description) by extensions ['colcon_pkg']
[0.271s] Level 1:colcon.colcon_core.package_identification:_identify(src/trossen_arm_description) by extension 'colcon_pkg'
[0.271s] Level 1:colcon.colcon_core.package_identification:_identify(src/trossen_arm_description) by extensions ['colcon_meta']
[0.271s] Level 1:colcon.colcon_core.package_identification:_identify(src/trossen_arm_description) by extension 'colcon_meta'
[0.271s] Level 1:colcon.colcon_core.package_identification:_identify(src/trossen_arm_description) by extensions ['ros']
[0.271s] Level 1:colcon.colcon_core.package_identification:_identify(src/trossen_arm_description) by extension 'ros'
[0.272s] DEBUG:colcon.colcon_core.package_identification:Package 'src/trossen_arm_description' with type 'ros.ament_cmake' and name 'trossen_arm_description'
[0.272s] Level 1:colcon.colcon_core.package_identification:_identify(src/trossen_widowx_interfaces) by extensions ['ignore', 'ignore_ament_install']
[0.272s] Level 1:colcon.colcon_core.package_identification:_identify(src/trossen_widowx_interfaces) by extension 'ignore'
[0.272s] Level 1:colcon.colcon_core.package_identification:_identify(src/trossen_widowx_interfaces) by extension 'ignore_ament_install'
[0.272s] Level 1:colcon.colcon_core.package_identification:_identify(src/trossen_widowx_interfaces) by extensions ['colcon_pkg']
[0.272s] Level 1:colcon.colcon_core.package_identification:_identify(src/trossen_widowx_interfaces) by extension 'colcon_pkg'
[0.272s] Level 1:colcon.colcon_core.package_identification:_identify(src/trossen_widowx_interfaces) by extensions ['colcon_meta']
[0.272s] Level 1:colcon.colcon_core.package_identification:_identify(src/trossen_widowx_interfaces) by extension 'colcon_meta'
[0.272s] Level 1:colcon.colcon_core.package_identification:_identify(src/trossen_widowx_interfaces) by extensions ['ros']
[0.272s] Level 1:colcon.colcon_core.package_identification:_identify(src/trossen_widowx_interfaces) by extension 'ros'
[0.272s] DEBUG:colcon.colcon_core.package_identification:Package 'src/trossen_widowx_interfaces' with type 'ros.ament_cmake' and name 'trossen_widowx_interfaces'
[0.273s] Level 1:colcon.colcon_core.package_identification:_identify(src/widowx_etasl) by extensions ['ignore', 'ignore_ament_install']
[0.273s] Level 1:colcon.colcon_core.package_identification:_identify(src/widowx_etasl) by extension 'ignore'
[0.273s] Level 1:colcon.colcon_core.package_identification:_identify(src/widowx_etasl) by extension 'ignore_ament_install'
[0.273s] Level 1:colcon.colcon_core.package_identification:_identify(src/widowx_etasl) by extensions ['colcon_pkg']
[0.273s] Level 1:colcon.colcon_core.package_identification:_identify(src/widowx_etasl) by extension 'colcon_pkg'
[0.273s] Level 1:colcon.colcon_core.package_identification:_identify(src/widowx_etasl) by extensions ['colcon_meta']
[0.273s] Level 1:colcon.colcon_core.package_identification:_identify(src/widowx_etasl) by extension 'colcon_meta'
[0.273s] Level 1:colcon.colcon_core.package_identification:_identify(src/widowx_etasl) by extensions ['ros']
[0.273s] Level 1:colcon.colcon_core.package_identification:_identify(src/widowx_etasl) by extension 'ros'
[0.273s] DEBUG:colcon.colcon_core.package_identification:Package 'src/widowx_etasl' with type 'ros.ament_cmake' and name 'widowx_etasl'
[0.273s] Level 1:colcon.colcon_core.package_discovery:discover_packages(recursive) using defaults
[0.273s] Level 1:colcon.colcon_core.package_discovery:discover_packages(ignore) discover
[0.273s] Level 1:colcon.colcon_core.package_discovery:discover_packages(ignore) using defaults
[0.273s] Level 1:colcon.colcon_core.package_discovery:discover_packages(path) discover
[0.273s] Level 1:colcon.colcon_core.package_discovery:discover_packages(path) using defaults
[0.294s] Level 5:colcon.colcon_core.verb:set package 'crospi_application_template' build argument 'cmake_args' from command line to 'None'
[0.294s] Level 5:colcon.colcon_core.verb:set package 'crospi_application_template' build argument 'cmake_target' from command line to 'None'
[0.294s] Level 5:colcon.colcon_core.verb:set package 'crospi_application_template' build argument 'cmake_target_skip_unavailable' from command line to 'False'
[0.294s] Level 5:colcon.colcon_core.verb:set package 'crospi_application_template' build argument 'cmake_clean_cache' from command line to 'False'
[0.294s] Level 5:colcon.colcon_core.verb:set package 'crospi_application_template' build argument 'cmake_clean_first' from command line to 'False'
[0.294s] Level 5:colcon.colcon_core.verb:set package 'crospi_application_template' build argument 'cmake_force_configure' from command line to 'False'
[0.294s] Level 5:colcon.colcon_core.verb:set package 'crospi_application_template' build argument 'ament_cmake_args' from command line to 'None'
[0.294s] Level 5:colcon.colcon_core.verb:set package 'crospi_application_template' build argument 'catkin_cmake_args' from command line to 'None'
[0.294s] Level 5:colcon.colcon_core.verb:set package 'crospi_application_template' build argument 'catkin_skip_building_tests' from command line to 'False'
[0.294s] DEBUG:colcon.colcon_core.verb:Building package 'crospi_application_template' with the following arguments: {'ament_cmake_args': None, 'build_base': '/home/masterthesis/kaixi_crospi_ws/build/crospi_application_template', 'catkin_cmake_args': None, 'catkin_skip_building_tests': False, 'cmake_args': None, 'cmake_clean_cache': False, 'cmake_clean_first': False, 'cmake_force_configure': False, 'cmake_target': None, 'cmake_target_skip_unavailable': False, 'install_base': '/home/masterthesis/kaixi_crospi_ws/install/crospi_application_template', 'merge_install': False, 'path': '/home/masterthesis/kaixi_crospi_ws/src/crospi_application_template', 'symlink_install': True, 'test_result_base': None}
[0.294s] Level 5:colcon.colcon_core.verb:set package 'trossen_arm_description' build argument 'cmake_args' from command line to 'None'
[0.294s] Level 5:colcon.colcon_core.verb:set package 'trossen_arm_description' build argument 'cmake_target' from command line to 'None'
[0.294s] Level 5:colcon.colcon_core.verb:set package 'trossen_arm_description' build argument 'cmake_target_skip_unavailable' from command line to 'False'
[0.294s] Level 5:colcon.colcon_core.verb:set package 'trossen_arm_description' build argument 'cmake_clean_cache' from command line to 'False'
[0.294s] Level 5:colcon.colcon_core.verb:set package 'trossen_arm_description' build argument 'cmake_clean_first' from command line to 'False'
[0.294s] Level 5:colcon.colcon_core.verb:set package 'trossen_arm_description' build argument 'cmake_force_configure' from command line to 'False'
[0.294s] Level 5:colcon.colcon_core.verb:set package 'trossen_arm_description' build argument 'ament_cmake_args' from command line to 'None'
[0.294s] Level 5:colcon.colcon_core.verb:set package 'trossen_arm_description' build argument 'catkin_cmake_args' from command line to 'None'
[0.294s] Level 5:colcon.colcon_core.verb:set package 'trossen_arm_description' build argument 'catkin_skip_building_tests' from command line to 'False'
[0.294s] DEBUG:colcon.colcon_core.verb:Building package 'trossen_arm_description' with the following arguments: {'ament_cmake_args': None, 'build_base': '/home/masterthesis/kaixi_crospi_ws/build/trossen_arm_description', 'catkin_cmake_args': None, 'catkin_skip_building_tests': False, 'cmake_args': None, 'cmake_clean_cache': False, 'cmake_clean_first': False, 'cmake_force_configure': False, 'cmake_target': None, 'cmake_target_skip_unavailable': False, 'install_base': '/home/masterthesis/kaixi_crospi_ws/install/trossen_arm_description', 'merge_install': False, 'path': '/home/masterthesis/kaixi_crospi_ws/src/trossen_arm_description', 'symlink_install': True, 'test_result_base': None}
[0.295s] Level 5:colcon.colcon_core.verb:set package 'trossen_widowx_interfaces' build argument 'cmake_args' from command line to 'None'
[0.295s] Level 5:colcon.colcon_core.verb:set package 'trossen_widowx_interfaces' build argument 'cmake_target' from command line to 'None'
[0.295s] Level 5:colcon.colcon_core.verb:set package 'trossen_widowx_interfaces' build argument 'cmake_target_skip_unavailable' from command line to 'False'
[0.295s] Level 5:colcon.colcon_core.verb:set package 'trossen_widowx_interfaces' build argument 'cmake_clean_cache' from command line to 'False'
[0.295s] Level 5:colcon.colcon_core.verb:set package 'trossen_widowx_interfaces' build argument 'cmake_clean_first' from command line to 'False'
[0.295s] Level 5:colcon.colcon_core.verb:set package 'trossen_widowx_interfaces' build argument 'cmake_force_configure' from command line to 'False'
[0.295s] Level 5:colcon.colcon_core.verb:set package 'trossen_widowx_interfaces' build argument 'ament_cmake_args' from command line to 'None'
[0.295s] Level 5:colcon.colcon_core.verb:set package 'trossen_widowx_interfaces' build argument 'catkin_cmake_args' from command line to 'None'
[0.295s] Level 5:colcon.colcon_core.verb:set package 'trossen_widowx_interfaces' build argument 'catkin_skip_building_tests' from command line to 'False'
[0.295s] DEBUG:colcon.colcon_core.verb:Building package 'trossen_widowx_interfaces' with the following arguments: {'ament_cmake_args': None, 'build_base': '/home/masterthesis/kaixi_crospi_ws/build/trossen_widowx_interfaces', 'catkin_cmake_args': None, 'catkin_skip_building_tests': False, 'cmake_args': None, 'cmake_clean_cache': False, 'cmake_clean_first': False, 'cmake_force_configure': False, 'cmake_target': None, 'cmake_target_skip_unavailable': False, 'install_base': '/home/masterthesis/kaixi_crospi_ws/install/trossen_widowx_interfaces', 'merge_install': False, 'path': '/home/masterthesis/kaixi_crospi_ws/src/trossen_widowx_interfaces', 'symlink_install': True, 'test_result_base': None}
[0.295s] Level 5:colcon.colcon_core.verb:set package 'widowx_etasl' build argument 'cmake_args' from command line to 'None'
[0.295s] Level 5:colcon.colcon_core.verb:set package 'widowx_etasl' build argument 'cmake_target' from command line to 'None'
[0.295s] Level 5:colcon.colcon_core.verb:set package 'widowx_etasl' build argument 'cmake_target_skip_unavailable' from command line to 'False'
[0.295s] Level 5:colcon.colcon_core.verb:set package 'widowx_etasl' build argument 'cmake_clean_cache' from command line to 'False'
[0.295s] Level 5:colcon.colcon_core.verb:set package 'widowx_etasl' build argument 'cmake_clean_first' from command line to 'False'
[0.295s] Level 5:colcon.colcon_core.verb:set package 'widowx_etasl' build argument 'cmake_force_configure' from command line to 'False'
[0.295s] Level 5:colcon.colcon_core.verb:set package 'widowx_etasl' build argument 'ament_cmake_args' from command line to 'None'
[0.295s] Level 5:colcon.colcon_core.verb:set package 'widowx_etasl' build argument 'catkin_cmake_args' from command line to 'None'
[0.295s] Level 5:colcon.colcon_core.verb:set package 'widowx_etasl' build argument 'catkin_skip_building_tests' from command line to 'False'
[0.295s] DEBUG:colcon.colcon_core.verb:Building package 'widowx_etasl' with the following arguments: {'ament_cmake_args': None, 'build_base': '/home/masterthesis/kaixi_crospi_ws/build/widowx_etasl', 'catkin_cmake_args': None, 'catkin_skip_building_tests': False, 'cmake_args': None, 'cmake_clean_cache': False, 'cmake_clean_first': False, 'cmake_force_configure': False, 'cmake_target': None, 'cmake_target_skip_unavailable': False, 'install_base': '/home/masterthesis/kaixi_crospi_ws/install/widowx_etasl', 'merge_install': False, 'path': '/home/masterthesis/kaixi_crospi_ws/src/widowx_etasl', 'symlink_install': True, 'test_result_base': None}
[0.295s] INFO:colcon.colcon_core.executor:Executing jobs using 'parallel' executor
[0.296s] DEBUG:colcon.colcon_parallel_executor.executor.parallel:run_until_complete
[0.296s] INFO:colcon.colcon_ros.task.ament_cmake.build:Building ROS package in '/home/masterthesis/kaixi_crospi_ws/src/crospi_application_template' with build type 'ament_cmake'
[0.296s] INFO:colcon.colcon_cmake.task.cmake.build:Building CMake package in '/home/masterthesis/kaixi_crospi_ws/src/crospi_application_template'
[0.298s] INFO:colcon.colcon_core.plugin_system:Skipping extension 'colcon_core.shell.bat': Not used on non-Windows systems
[0.298s] INFO:colcon.colcon_core.shell:Skip shell extension 'powershell' for command environment: Not usable outside of PowerShell
[0.298s] DEBUG:colcon.colcon_core.shell:Skip shell extension 'dsv' for command environment
[0.302s] INFO:colcon.colcon_ros.task.ament_cmake.build:Building ROS package in '/home/masterthesis/kaixi_crospi_ws/src/trossen_arm_description' with build type 'ament_cmake'
[0.302s] INFO:colcon.colcon_cmake.task.cmake.build:Building CMake package in '/home/masterthesis/kaixi_crospi_ws/src/trossen_arm_description'
[0.302s] INFO:colcon.colcon_core.shell:Skip shell extension 'powershell' for command environment: Not usable outside of PowerShell
[0.302s] DEBUG:colcon.colcon_core.shell:Skip shell extension 'dsv' for command environment
[0.305s] INFO:colcon.colcon_ros.task.ament_cmake.build:Building ROS package in '/home/masterthesis/kaixi_crospi_ws/src/trossen_widowx_interfaces' with build type 'ament_cmake'
[0.305s] INFO:colcon.colcon_cmake.task.cmake.build:Building CMake package in '/home/masterthesis/kaixi_crospi_ws/src/trossen_widowx_interfaces'
[0.306s] INFO:colcon.colcon_core.shell:Skip shell extension 'powershell' for command environment: Not usable outside of PowerShell
[0.306s] DEBUG:colcon.colcon_core.shell:Skip shell extension 'dsv' for command environment
[0.309s] INFO:colcon.colcon_ros.task.ament_cmake.build:Building ROS package in '/home/masterthesis/kaixi_crospi_ws/src/widowx_etasl' with build type 'ament_cmake'
[0.309s] INFO:colcon.colcon_cmake.task.cmake.build:Building CMake package in '/home/masterthesis/kaixi_crospi_ws/src/widowx_etasl'
[0.309s] INFO:colcon.colcon_core.shell:Skip shell extension 'powershell' for command environment: Not usable outside of PowerShell
[0.309s] DEBUG:colcon.colcon_core.shell:Skip shell extension 'dsv' for command environment
[0.316s] DEBUG:colcon.colcon_core.event_handler.log_command:Invoking command in '/home/masterthesis/kaixi_crospi_ws/build/crospi_application_template': CMAKE_PREFIX_PATH=${CMAKE_PREFIX_PATH}:/opt/ros2_crospi_ws/install/betfsm_demos:/opt/ros2_crospi_ws/install/betfsm:/opt/ros/humble /usr/bin/cmake --build /home/masterthesis/kaixi_crospi_ws/build/crospi_application_template -- -j16 -l16
[0.318s] DEBUG:colcon.colcon_core.event_handler.log_command:Invoking command in '/home/masterthesis/kaixi_crospi_ws/build/trossen_arm_description': CMAKE_PREFIX_PATH=${CMAKE_PREFIX_PATH}:/opt/ros2_crospi_ws/install/betfsm_demos:/opt/ros2_crospi_ws/install/betfsm:/opt/ros/humble /usr/bin/cmake --build /home/masterthesis/kaixi_crospi_ws/build/trossen_arm_description -- -j16 -l16
[0.321s] DEBUG:colcon.colcon_core.event_handler.log_command:Invoking command in '/home/masterthesis/kaixi_crospi_ws/build/trossen_widowx_interfaces': CMAKE_PREFIX_PATH=${CMAKE_PREFIX_PATH}:/opt/ros2_crospi_ws/install/betfsm_demos:/opt/ros2_crospi_ws/install/betfsm:/opt/ros/humble /usr/bin/cmake --build /home/masterthesis/kaixi_crospi_ws/build/trossen_widowx_interfaces -- -j16 -l16
[0.324s] DEBUG:colcon.colcon_core.event_handler.log_command:Invoking command in '/home/masterthesis/kaixi_crospi_ws/build/widowx_etasl': CMAKE_PREFIX_PATH=${CMAKE_PREFIX_PATH}:/opt/ros2_crospi_ws/install/betfsm_demos:/opt/ros2_crospi_ws/install/betfsm:/opt/ros/humble /usr/bin/cmake --build /home/masterthesis/kaixi_crospi_ws/build/widowx_etasl -- -j16 -l16
[0.344s] DEBUG:colcon.colcon_core.event_handler.log_command:Invoked command in '/home/masterthesis/kaixi_crospi_ws/build/trossen_arm_description' returned '0': CMAKE_PREFIX_PATH=${CMAKE_PREFIX_PATH}:/opt/ros2_crospi_ws/install/betfsm_demos:/opt/ros2_crospi_ws/install/betfsm:/opt/ros/humble /usr/bin/cmake --build /home/masterthesis/kaixi_crospi_ws/build/trossen_arm_description -- -j16 -l16
[0.355s] DEBUG:colcon.colcon_core.event_handler.log_command:Invoking command in '/home/masterthesis/kaixi_crospi_ws/build/trossen_arm_description': CMAKE_PREFIX_PATH=${CMAKE_PREFIX_PATH}:/opt/ros2_crospi_ws/install/betfsm_demos:/opt/ros2_crospi_ws/install/betfsm:/opt/ros/humble /usr/bin/cmake --install /home/masterthesis/kaixi_crospi_ws/build/trossen_arm_description
[0.356s] DEBUG:colcon.colcon_core.event_handler.log_command:Invoked command in '/home/masterthesis/kaixi_crospi_ws/build/widowx_etasl' returned '0': CMAKE_PREFIX_PATH=${CMAKE_PREFIX_PATH}:/opt/ros2_crospi_ws/install/betfsm_demos:/opt/ros2_crospi_ws/install/betfsm:/opt/ros/humble /usr/bin/cmake --build /home/masterthesis/kaixi_crospi_ws/build/widowx_etasl -- -j16 -l16
[0.359s] DEBUG:colcon.colcon_core.event_handler.log_command:Invoking command in '/home/masterthesis/kaixi_crospi_ws/build/widowx_etasl': CMAKE_PREFIX_PATH=${CMAKE_PREFIX_PATH}:/opt/ros2_crospi_ws/install/betfsm_demos:/opt/ros2_crospi_ws/install/betfsm:/opt/ros/humble /usr/bin/cmake --install /home/masterthesis/kaixi_crospi_ws/build/widowx_etasl
[0.378s] Level 1:colcon.colcon_core.environment:create_environment_scripts_only(widowx_etasl)
[0.379s] DEBUG:colcon.colcon_core.event_handler.log_command:Invoked command in '/home/masterthesis/kaixi_crospi_ws/build/widowx_etasl' returned '0': CMAKE_PREFIX_PATH=${CMAKE_PREFIX_PATH}:/opt/ros2_crospi_ws/install/betfsm_demos:/opt/ros2_crospi_ws/install/betfsm:/opt/ros/humble /usr/bin/cmake --install /home/masterthesis/kaixi_crospi_ws/build/widowx_etasl
[0.381s] Level 1:colcon.colcon_core.environment:checking '/home/masterthesis/kaixi_crospi_ws/install/widowx_etasl' for CMake module files
[0.382s] Level 1:colcon.colcon_core.environment:checking '/home/masterthesis/kaixi_crospi_ws/install/widowx_etasl' for CMake config files
[0.384s] Level 1:colcon.colcon_core.shell:create_environment_hook('widowx_etasl', 'cmake_prefix_path')
[0.384s] INFO:colcon.colcon_core.shell:Creating environment hook '/home/masterthesis/kaixi_crospi_ws/install/widowx_etasl/share/widowx_etasl/hook/cmake_prefix_path.ps1'
[0.385s] INFO:colcon.colcon_core.shell:Creating environment descriptor '/home/masterthesis/kaixi_crospi_ws/install/widowx_etasl/share/widowx_etasl/hook/cmake_prefix_path.dsv'
[0.385s] INFO:colcon.colcon_core.shell:Creating environment hook '/home/masterthesis/kaixi_crospi_ws/install/widowx_etasl/share/widowx_etasl/hook/cmake_prefix_path.sh'
[0.386s] Level 1:colcon.colcon_core.environment:checking '/home/masterthesis/kaixi_crospi_ws/install/widowx_etasl/lib'
[0.386s] Level 1:colcon.colcon_core.environment:checking '/home/masterthesis/kaixi_crospi_ws/install/widowx_etasl/bin'
[0.386s] Level 1:colcon.colcon_core.environment:checking '/home/masterthesis/kaixi_crospi_ws/install/widowx_etasl/lib/pkgconfig/widowx_etasl.pc'
[0.387s] Level 1:colcon.colcon_core.environment:checking '/home/masterthesis/kaixi_crospi_ws/install/widowx_etasl/lib/python3.10/site-packages'
[0.387s] Level 1:colcon.colcon_core.environment:checking '/home/masterthesis/kaixi_crospi_ws/install/widowx_etasl/bin'
[0.388s] INFO:colcon.colcon_core.shell:Creating package script '/home/masterthesis/kaixi_crospi_ws/install/widowx_etasl/share/widowx_etasl/package.ps1'
[0.389s] INFO:colcon.colcon_core.shell:Creating package descriptor '/home/masterthesis/kaixi_crospi_ws/install/widowx_etasl/share/widowx_etasl/package.dsv'
[0.389s] INFO:colcon.colcon_core.shell:Creating package script '/home/masterthesis/kaixi_crospi_ws/install/widowx_etasl/share/widowx_etasl/package.sh'
[0.390s] INFO:colcon.colcon_core.shell:Creating package script '/home/masterthesis/kaixi_crospi_ws/install/widowx_etasl/share/widowx_etasl/package.bash'
[0.391s] INFO:colcon.colcon_core.shell:Creating package script '/home/masterthesis/kaixi_crospi_ws/install/widowx_etasl/share/widowx_etasl/package.zsh'
[0.392s] Level 1:colcon.colcon_core.environment:create_file_with_runtime_dependencies(/home/masterthesis/kaixi_crospi_ws/install/widowx_etasl/share/colcon-core/packages/widowx_etasl)
[0.393s] Level 1:colcon.colcon_core.environment:create_environment_scripts_only(widowx_etasl)
[0.393s] Level 1:colcon.colcon_core.environment:checking '/home/masterthesis/kaixi_crospi_ws/install/widowx_etasl' for CMake module files
[0.394s] Level 1:colcon.colcon_core.environment:checking '/home/masterthesis/kaixi_crospi_ws/install/widowx_etasl' for CMake config files
[0.394s] Level 1:colcon.colcon_core.shell:create_environment_hook('widowx_etasl', 'cmake_prefix_path')
[0.395s] INFO:colcon.colcon_core.shell:Creating environment hook '/home/masterthesis/kaixi_crospi_ws/install/widowx_etasl/share/widowx_etasl/hook/cmake_prefix_path.ps1'
[0.395s] INFO:colcon.colcon_core.shell:Creating environment descriptor '/home/masterthesis/kaixi_crospi_ws/install/widowx_etasl/share/widowx_etasl/hook/cmake_prefix_path.dsv'
[0.395s] INFO:colcon.colcon_core.shell:Creating environment hook '/home/masterthesis/kaixi_crospi_ws/install/widowx_etasl/share/widowx_etasl/hook/cmake_prefix_path.sh'
[0.396s] Level 1:colcon.colcon_core.environment:checking '/home/masterthesis/kaixi_crospi_ws/install/widowx_etasl/lib'
[0.396s] Level 1:colcon.colcon_core.environment:checking '/home/masterthesis/kaixi_crospi_ws/install/widowx_etasl/bin'
[0.396s] Level 1:colcon.colcon_core.environment:checking '/home/masterthesis/kaixi_crospi_ws/install/widowx_etasl/lib/pkgconfig/widowx_etasl.pc'
[0.396s] Level 1:colcon.colcon_core.environment:checking '/home/masterthesis/kaixi_crospi_ws/install/widowx_etasl/lib/python3.10/site-packages'
[0.396s] Level 1:colcon.colcon_core.environment:checking '/home/masterthesis/kaixi_crospi_ws/install/widowx_etasl/bin'
[0.396s] INFO:colcon.colcon_core.shell:Creating package script '/home/masterthesis/kaixi_crospi_ws/install/widowx_etasl/share/widowx_etasl/package.ps1'
[0.397s] INFO:colcon.colcon_core.shell:Creating package descriptor '/home/masterthesis/kaixi_crospi_ws/install/widowx_etasl/share/widowx_etasl/package.dsv'
[0.397s] INFO:colcon.colcon_core.shell:Creating package script '/home/masterthesis/kaixi_crospi_ws/install/widowx_etasl/share/widowx_etasl/package.sh'
[0.398s] INFO:colcon.colcon_core.shell:Creating package script '/home/masterthesis/kaixi_crospi_ws/install/widowx_etasl/share/widowx_etasl/package.bash'
[0.398s] INFO:colcon.colcon_core.shell:Creating package script '/home/masterthesis/kaixi_crospi_ws/install/widowx_etasl/share/widowx_etasl/package.zsh'
[0.398s] Level 1:colcon.colcon_core.environment:create_file_with_runtime_dependencies(/home/masterthesis/kaixi_crospi_ws/install/widowx_etasl/share/colcon-core/packages/widowx_etasl)
[0.399s] Level 1:colcon.colcon_core.environment:create_environment_scripts_only(trossen_arm_description)
[0.399s] Level 1:colcon.colcon_core.environment:checking '/home/masterthesis/kaixi_crospi_ws/install/trossen_arm_description' for CMake module files
[0.400s] DEBUG:colcon.colcon_core.event_handler.log_command:Invoked command in '/home/masterthesis/kaixi_crospi_ws/build/trossen_arm_description' returned '0': CMAKE_PREFIX_PATH=${CMAKE_PREFIX_PATH}:/opt/ros2_crospi_ws/install/betfsm_demos:/opt/ros2_crospi_ws/install/betfsm:/opt/ros/humble /usr/bin/cmake --install /home/masterthesis/kaixi_crospi_ws/build/trossen_arm_description
[0.400s] Level 1:colcon.colcon_core.environment:checking '/home/masterthesis/kaixi_crospi_ws/install/trossen_arm_description' for CMake config files
[0.400s] Level 1:colcon.colcon_core.shell:create_environment_hook('trossen_arm_description', 'cmake_prefix_path')
[0.401s] INFO:colcon.colcon_core.shell:Creating environment hook '/home/masterthesis/kaixi_crospi_ws/install/trossen_arm_description/share/trossen_arm_description/hook/cmake_prefix_path.ps1'
[0.401s] INFO:colcon.colcon_core.shell:Creating environment descriptor '/home/masterthesis/kaixi_crospi_ws/install/trossen_arm_description/share/trossen_arm_description/hook/cmake_prefix_path.dsv'
[0.401s] INFO:colcon.colcon_core.shell:Creating environment hook '/home/masterthesis/kaixi_crospi_ws/install/trossen_arm_description/share/trossen_arm_description/hook/cmake_prefix_path.sh'
[0.402s] Level 1:colcon.colcon_core.environment:checking '/home/masterthesis/kaixi_crospi_ws/install/trossen_arm_description/bin'
[0.402s] Level 1:colcon.colcon_core.environment:checking '/home/masterthesis/kaixi_crospi_ws/install/trossen_arm_description/lib/pkgconfig/trossen_arm_description.pc'
[0.402s] Level 1:colcon.colcon_core.environment:checking '/home/masterthesis/kaixi_crospi_ws/install/trossen_arm_description/lib/python3.10/site-packages'
[0.402s] Level 1:colcon.colcon_core.environment:checking '/home/masterthesis/kaixi_crospi_ws/install/trossen_arm_description/bin'
[0.402s] INFO:colcon.colcon_core.shell:Creating package script '/home/masterthesis/kaixi_crospi_ws/install/trossen_arm_description/share/trossen_arm_description/package.ps1'
[0.403s] INFO:colcon.colcon_core.shell:Creating package descriptor '/home/masterthesis/kaixi_crospi_ws/install/trossen_arm_description/share/trossen_arm_description/package.dsv'
[0.403s] INFO:colcon.colcon_core.shell:Creating package script '/home/masterthesis/kaixi_crospi_ws/install/trossen_arm_description/share/trossen_arm_description/package.sh'
[0.403s] INFO:colcon.colcon_core.shell:Creating package script '/home/masterthesis/kaixi_crospi_ws/install/trossen_arm_description/share/trossen_arm_description/package.bash'
[0.404s] INFO:colcon.colcon_core.shell:Creating package script '/home/masterthesis/kaixi_crospi_ws/install/trossen_arm_description/share/trossen_arm_description/package.zsh'
[0.404s] Level 1:colcon.colcon_core.environment:create_file_with_runtime_dependencies(/home/masterthesis/kaixi_crospi_ws/install/trossen_arm_description/share/colcon-core/packages/trossen_arm_description)
[0.404s] Level 1:colcon.colcon_core.environment:create_environment_scripts_only(trossen_arm_description)
[0.405s] Level 1:colcon.colcon_core.environment:checking '/home/masterthesis/kaixi_crospi_ws/install/trossen_arm_description' for CMake module files
[0.405s] Level 1:colcon.colcon_core.environment:checking '/home/masterthesis/kaixi_crospi_ws/install/trossen_arm_description' for CMake config files
[0.405s] Level 1:colcon.colcon_core.shell:create_environment_hook('trossen_arm_description', 'cmake_prefix_path')
[0.405s] INFO:colcon.colcon_core.shell:Creating environment hook '/home/masterthesis/kaixi_crospi_ws/install/trossen_arm_description/share/trossen_arm_description/hook/cmake_prefix_path.ps1'
[0.406s] INFO:colcon.colcon_core.shell:Creating environment descriptor '/home/masterthesis/kaixi_crospi_ws/install/trossen_arm_description/share/trossen_arm_description/hook/cmake_prefix_path.dsv'
[0.406s] INFO:colcon.colcon_core.shell:Creating environment hook '/home/masterthesis/kaixi_crospi_ws/install/trossen_arm_description/share/trossen_arm_description/hook/cmake_prefix_path.sh'
[0.407s] Level 1:colcon.colcon_core.environment:checking '/home/masterthesis/kaixi_crospi_ws/install/trossen_arm_description/bin'
[0.407s] Level 1:colcon.colcon_core.environment:checking '/home/masterthesis/kaixi_crospi_ws/install/trossen_arm_description/lib/pkgconfig/trossen_arm_description.pc'
[0.407s] Level 1:colcon.colcon_core.environment:checking '/home/masterthesis/kaixi_crospi_ws/install/trossen_arm_description/lib/python3.10/site-packages'
[0.407s] Level 1:colcon.colcon_core.environment:checking '/home/masterthesis/kaixi_crospi_ws/install/trossen_arm_description/bin'
[0.407s] INFO:colcon.colcon_core.shell:Creating package script '/home/masterthesis/kaixi_crospi_ws/install/trossen_arm_description/share/trossen_arm_description/package.ps1'
[0.408s] INFO:colcon.colcon_core.shell:Creating package descriptor '/home/masterthesis/kaixi_crospi_ws/install/trossen_arm_description/share/trossen_arm_description/package.dsv'
[0.409s] INFO:colcon.colcon_core.shell:Creating package script '/home/masterthesis/kaixi_crospi_ws/install/trossen_arm_description/share/trossen_arm_description/package.sh'
[0.409s] INFO:colcon.colcon_core.shell:Creating package script '/home/masterthesis/kaixi_crospi_ws/install/trossen_arm_description/share/trossen_arm_description/package.bash'
[0.409s] INFO:colcon.colcon_core.shell:Creating package script '/home/masterthesis/kaixi_crospi_ws/install/trossen_arm_description/share/trossen_arm_description/package.zsh'
[0.410s] Level 1:colcon.colcon_core.environment:create_file_with_runtime_dependencies(/home/masterthesis/kaixi_crospi_ws/install/trossen_arm_description/share/colcon-core/packages/trossen_arm_description)
[0.635s] DEBUG:colcon.colcon_core.event_handler.log_command:Invoked command in '/home/masterthesis/kaixi_crospi_ws/build/trossen_widowx_interfaces' returned '0': CMAKE_PREFIX_PATH=${CMAKE_PREFIX_PATH}:/opt/ros2_crospi_ws/install/betfsm_demos:/opt/ros2_crospi_ws/install/betfsm:/opt/ros/humble /usr/bin/cmake --build /home/masterthesis/kaixi_crospi_ws/build/trossen_widowx_interfaces -- -j16 -l16
[0.636s] DEBUG:colcon.colcon_core.event_handler.log_command:Invoking command in '/home/masterthesis/kaixi_crospi_ws/build/trossen_widowx_interfaces': CMAKE_PREFIX_PATH=${CMAKE_PREFIX_PATH}:/opt/ros2_crospi_ws/install/betfsm_demos:/opt/ros2_crospi_ws/install/betfsm:/opt/ros/humble /usr/bin/cmake --install /home/masterthesis/kaixi_crospi_ws/build/trossen_widowx_interfaces
[0.693s] Level 1:colcon.colcon_core.environment:create_environment_scripts_only(trossen_widowx_interfaces)
[0.693s] Level 1:colcon.colcon_core.environment:checking '/home/masterthesis/kaixi_crospi_ws/install/trossen_widowx_interfaces' for CMake module files
[0.693s] DEBUG:colcon.colcon_core.event_handler.log_command:Invoked command in '/home/masterthesis/kaixi_crospi_ws/build/trossen_widowx_interfaces' returned '0': CMAKE_PREFIX_PATH=${CMAKE_PREFIX_PATH}:/opt/ros2_crospi_ws/install/betfsm_demos:/opt/ros2_crospi_ws/install/betfsm:/opt/ros/humble /usr/bin/cmake --install /home/masterthesis/kaixi_crospi_ws/build/trossen_widowx_interfaces
[0.694s] Level 1:colcon.colcon_core.environment:checking '/home/masterthesis/kaixi_crospi_ws/install/trossen_widowx_interfaces' for CMake config files
[0.695s] Level 1:colcon.colcon_core.shell:create_environment_hook('trossen_widowx_interfaces', 'cmake_prefix_path')
[0.695s] INFO:colcon.colcon_core.shell:Creating environment hook '/home/masterthesis/kaixi_crospi_ws/install/trossen_widowx_interfaces/share/trossen_widowx_interfaces/hook/cmake_prefix_path.ps1'
[0.695s] INFO:colcon.colcon_core.shell:Creating environment descriptor '/home/masterthesis/kaixi_crospi_ws/install/trossen_widowx_interfaces/share/trossen_widowx_interfaces/hook/cmake_prefix_path.dsv'
[0.695s] INFO:colcon.colcon_core.shell:Creating environment hook '/home/masterthesis/kaixi_crospi_ws/install/trossen_widowx_interfaces/share/trossen_widowx_interfaces/hook/cmake_prefix_path.sh'
[0.696s] Level 1:colcon.colcon_core.environment:checking '/home/masterthesis/kaixi_crospi_ws/install/trossen_widowx_interfaces/lib'
[0.696s] Level 1:colcon.colcon_core.shell:create_environment_hook('trossen_widowx_interfaces', 'ld_library_path_lib')
[0.696s] INFO:colcon.colcon_core.shell:Creating environment hook '/home/masterthesis/kaixi_crospi_ws/install/trossen_widowx_interfaces/share/trossen_widowx_interfaces/hook/ld_library_path_lib.ps1'
[0.696s] INFO:colcon.colcon_core.shell:Creating environment descriptor '/home/masterthesis/kaixi_crospi_ws/install/trossen_widowx_interfaces/share/trossen_widowx_interfaces/hook/ld_library_path_lib.dsv'
[0.696s] INFO:colcon.colcon_core.shell:Creating environment hook '/home/masterthesis/kaixi_crospi_ws/install/trossen_widowx_interfaces/share/trossen_widowx_interfaces/hook/ld_library_path_lib.sh'
[0.697s] Level 1:colcon.colcon_core.environment:checking '/home/masterthesis/kaixi_crospi_ws/install/trossen_widowx_interfaces/bin'
[0.697s] Level 1:colcon.colcon_core.environment:checking '/home/masterthesis/kaixi_crospi_ws/install/trossen_widowx_interfaces/lib/pkgconfig/trossen_widowx_interfaces.pc'
[0.697s] Level 1:colcon.colcon_core.environment:checking '/home/masterthesis/kaixi_crospi_ws/install/trossen_widowx_interfaces/lib/python3.10/site-packages'
[0.697s] Level 1:colcon.colcon_core.environment:checking '/home/masterthesis/kaixi_crospi_ws/install/trossen_widowx_interfaces/bin'
[0.697s] INFO:colcon.colcon_core.shell:Creating package script '/home/masterthesis/kaixi_crospi_ws/install/trossen_widowx_interfaces/share/trossen_widowx_interfaces/package.ps1'
[0.698s] INFO:colcon.colcon_core.shell:Creating package descriptor '/home/masterthesis/kaixi_crospi_ws/install/trossen_widowx_interfaces/share/trossen_widowx_interfaces/package.dsv'
[0.698s] INFO:colcon.colcon_core.shell:Creating package script '/home/masterthesis/kaixi_crospi_ws/install/trossen_widowx_interfaces/share/trossen_widowx_interfaces/package.sh'
[0.699s] INFO:colcon.colcon_core.shell:Creating package script '/home/masterthesis/kaixi_crospi_ws/install/trossen_widowx_interfaces/share/trossen_widowx_interfaces/package.bash'
[0.699s] INFO:colcon.colcon_core.shell:Creating package script '/home/masterthesis/kaixi_crospi_ws/install/trossen_widowx_interfaces/share/trossen_widowx_interfaces/package.zsh'
[0.699s] Level 1:colcon.colcon_core.environment:create_file_with_runtime_dependencies(/home/masterthesis/kaixi_crospi_ws/install/trossen_widowx_interfaces/share/colcon-core/packages/trossen_widowx_interfaces)
[0.699s] Level 1:colcon.colcon_core.environment:create_environment_scripts_only(trossen_widowx_interfaces)
[0.700s] Level 1:colcon.colcon_core.environment:checking '/home/masterthesis/kaixi_crospi_ws/install/trossen_widowx_interfaces' for CMake module files
[0.700s] Level 1:colcon.colcon_core.environment:checking '/home/masterthesis/kaixi_crospi_ws/install/trossen_widowx_interfaces' for CMake config files
[0.701s] Level 1:colcon.colcon_core.shell:create_environment_hook('trossen_widowx_interfaces', 'cmake_prefix_path')
[0.701s] INFO:colcon.colcon_core.shell:Creating environment hook '/home/masterthesis/kaixi_crospi_ws/install/trossen_widowx_interfaces/share/trossen_widowx_interfaces/hook/cmake_prefix_path.ps1'
[0.701s] INFO:colcon.colcon_core.shell:Creating environment descriptor '/home/masterthesis/kaixi_crospi_ws/install/trossen_widowx_interfaces/share/trossen_widowx_interfaces/hook/cmake_prefix_path.dsv'
[0.701s] INFO:colcon.colcon_core.shell:Creating environment hook '/home/masterthesis/kaixi_crospi_ws/install/trossen_widowx_interfaces/share/trossen_widowx_interfaces/hook/cmake_prefix_path.sh'
[0.702s] Level 1:colcon.colcon_core.environment:checking '/home/masterthesis/kaixi_crospi_ws/install/trossen_widowx_interfaces/lib'
[0.702s] Level 1:colcon.colcon_core.shell:create_environment_hook('trossen_widowx_interfaces', 'ld_library_path_lib')
[0.702s] INFO:colcon.colcon_core.shell:Creating environment hook '/home/masterthesis/kaixi_crospi_ws/install/trossen_widowx_interfaces/share/trossen_widowx_interfaces/hook/ld_library_path_lib.ps1'
[0.702s] INFO:colcon.colcon_core.shell:Creating environment descriptor '/home/masterthesis/kaixi_crospi_ws/install/trossen_widowx_interfaces/share/trossen_widowx_interfaces/hook/ld_library_path_lib.dsv'
[0.702s] INFO:colcon.colcon_core.shell:Creating environment hook '/home/masterthesis/kaixi_crospi_ws/install/trossen_widowx_interfaces/share/trossen_widowx_interfaces/hook/ld_library_path_lib.sh'
[0.703s] Level 1:colcon.colcon_core.environment:checking '/home/masterthesis/kaixi_crospi_ws/install/trossen_widowx_interfaces/bin'
[0.703s] Level 1:colcon.colcon_core.environment:checking '/home/masterthesis/kaixi_crospi_ws/install/trossen_widowx_interfaces/lib/pkgconfig/trossen_widowx_interfaces.pc'
[0.703s] Level 1:colcon.colcon_core.environment:checking '/home/masterthesis/kaixi_crospi_ws/install/trossen_widowx_interfaces/lib/python3.10/site-packages'
[0.703s] Level 1:colcon.colcon_core.environment:checking '/home/masterthesis/kaixi_crospi_ws/install/trossen_widowx_interfaces/bin'
[0.703s] INFO:colcon.colcon_core.shell:Creating package script '/home/masterthesis/kaixi_crospi_ws/install/trossen_widowx_interfaces/share/trossen_widowx_interfaces/package.ps1'
[0.704s] INFO:colcon.colcon_core.shell:Creating package descriptor '/home/masterthesis/kaixi_crospi_ws/install/trossen_widowx_interfaces/share/trossen_widowx_interfaces/package.dsv'
[0.704s] INFO:colcon.colcon_core.shell:Creating package script '/home/masterthesis/kaixi_crospi_ws/install/trossen_widowx_interfaces/share/trossen_widowx_interfaces/package.sh'
[0.704s] INFO:colcon.colcon_core.shell:Creating package script '/home/masterthesis/kaixi_crospi_ws/install/trossen_widowx_interfaces/share/trossen_widowx_interfaces/package.bash'
[0.705s] INFO:colcon.colcon_core.shell:Creating package script '/home/masterthesis/kaixi_crospi_ws/install/trossen_widowx_interfaces/share/trossen_widowx_interfaces/package.zsh'
[0.705s] Level 1:colcon.colcon_core.environment:create_file_with_runtime_dependencies(/home/masterthesis/kaixi_crospi_ws/install/trossen_widowx_interfaces/share/colcon-core/packages/trossen_widowx_interfaces)
[2.367s] DEBUG:colcon.colcon_core.event_handler.log_command:Invoked command in '/home/masterthesis/kaixi_crospi_ws/build/crospi_application_template' returned '0': CMAKE_PREFIX_PATH=${CMAKE_PREFIX_PATH}:/opt/ros2_crospi_ws/install/betfsm_demos:/opt/ros2_crospi_ws/install/betfsm:/opt/ros/humble /usr/bin/cmake --build /home/masterthesis/kaixi_crospi_ws/build/crospi_application_template -- -j16 -l16
[2.368s] DEBUG:colcon.colcon_core.event_handler.log_command:Invoking command in '/home/masterthesis/kaixi_crospi_ws/build/crospi_application_template': CMAKE_PREFIX_PATH=${CMAKE_PREFIX_PATH}:/opt/ros2_crospi_ws/install/betfsm_demos:/opt/ros2_crospi_ws/install/betfsm:/opt/ros/humble /usr/bin/cmake --install /home/masterthesis/kaixi_crospi_ws/build/crospi_application_template
[2.427s] Level 1:colcon.colcon_core.environment:create_environment_scripts_only(crospi_application_template)
[2.427s] Level 1:colcon.colcon_core.environment:checking '/home/masterthesis/kaixi_crospi_ws/install/crospi_application_template' for CMake module files
[2.428s] DEBUG:colcon.colcon_core.event_handler.log_command:Invoked command in '/home/masterthesis/kaixi_crospi_ws/build/crospi_application_template' returned '0': CMAKE_PREFIX_PATH=${CMAKE_PREFIX_PATH}:/opt/ros2_crospi_ws/install/betfsm_demos:/opt/ros2_crospi_ws/install/betfsm:/opt/ros/humble /usr/bin/cmake --install /home/masterthesis/kaixi_crospi_ws/build/crospi_application_template
[2.428s] Level 1:colcon.colcon_core.environment:checking '/home/masterthesis/kaixi_crospi_ws/install/crospi_application_template' for CMake config files
[2.428s] Level 1:colcon.colcon_core.shell:create_environment_hook('crospi_application_template', 'cmake_prefix_path')
[2.429s] INFO:colcon.colcon_core.shell:Creating environment hook '/home/masterthesis/kaixi_crospi_ws/install/crospi_application_template/share/crospi_application_template/hook/cmake_prefix_path.ps1'
[2.429s] INFO:colcon.colcon_core.shell:Creating environment descriptor '/home/masterthesis/kaixi_crospi_ws/install/crospi_application_template/share/crospi_application_template/hook/cmake_prefix_path.dsv'
[2.429s] INFO:colcon.colcon_core.shell:Creating environment hook '/home/masterthesis/kaixi_crospi_ws/install/crospi_application_template/share/crospi_application_template/hook/cmake_prefix_path.sh'
[2.430s] Level 1:colcon.colcon_core.environment:checking '/home/masterthesis/kaixi_crospi_ws/install/crospi_application_template/lib'
[2.430s] Level 1:colcon.colcon_core.environment:checking '/home/masterthesis/kaixi_crospi_ws/install/crospi_application_template/bin'
[2.430s] Level 1:colcon.colcon_core.environment:checking '/home/masterthesis/kaixi_crospi_ws/install/crospi_application_template/lib/pkgconfig/crospi_application_template.pc'
[2.430s] Level 1:colcon.colcon_core.environment:checking '/home/masterthesis/kaixi_crospi_ws/install/crospi_application_template/lib/python3.10/site-packages'
[2.430s] Level 1:colcon.colcon_core.environment:checking '/home/masterthesis/kaixi_crospi_ws/install/crospi_application_template/bin'
[2.430s] INFO:colcon.colcon_core.shell:Creating package script '/home/masterthesis/kaixi_crospi_ws/install/crospi_application_template/share/crospi_application_template/package.ps1'
[2.431s] INFO:colcon.colcon_core.shell:Creating package descriptor '/home/masterthesis/kaixi_crospi_ws/install/crospi_application_template/share/crospi_application_template/package.dsv'
[2.431s] INFO:colcon.colcon_core.shell:Creating package script '/home/masterthesis/kaixi_crospi_ws/install/crospi_application_template/share/crospi_application_template/package.sh'
[2.431s] INFO:colcon.colcon_core.shell:Creating package script '/home/masterthesis/kaixi_crospi_ws/install/crospi_application_template/share/crospi_application_template/package.bash'
[2.432s] INFO:colcon.colcon_core.shell:Creating package script '/home/masterthesis/kaixi_crospi_ws/install/crospi_application_template/share/crospi_application_template/package.zsh'
[2.432s] Level 1:colcon.colcon_core.environment:create_file_with_runtime_dependencies(/home/masterthesis/kaixi_crospi_ws/install/crospi_application_template/share/colcon-core/packages/crospi_application_template)
[2.432s] Level 1:colcon.colcon_core.environment:create_environment_scripts_only(crospi_application_template)
[2.432s] Level 1:colcon.colcon_core.environment:checking '/home/masterthesis/kaixi_crospi_ws/install/crospi_application_template' for CMake module files
[2.433s] Level 1:colcon.colcon_core.environment:checking '/home/masterthesis/kaixi_crospi_ws/install/crospi_application_template' for CMake config files
[2.433s] Level 1:colcon.colcon_core.shell:create_environment_hook('crospi_application_template', 'cmake_prefix_path')
[2.434s] INFO:colcon.colcon_core.shell:Creating environment hook '/home/masterthesis/kaixi_crospi_ws/install/crospi_application_template/share/crospi_application_template/hook/cmake_prefix_path.ps1'
[2.434s] INFO:colcon.colcon_core.shell:Creating environment descriptor '/home/masterthesis/kaixi_crospi_ws/install/crospi_application_template/share/crospi_application_template/hook/cmake_prefix_path.dsv'
[2.434s] INFO:colcon.colcon_core.shell:Creating environment hook '/home/masterthesis/kaixi_crospi_ws/install/crospi_application_template/share/crospi_application_template/hook/cmake_prefix_path.sh'
[2.435s] Level 1:colcon.colcon_core.environment:checking '/home/masterthesis/kaixi_crospi_ws/install/crospi_application_template/lib'
[2.435s] Level 1:colcon.colcon_core.environment:checking '/home/masterthesis/kaixi_crospi_ws/install/crospi_application_template/bin'
[2.435s] Level 1:colcon.colcon_core.environment:checking '/home/masterthesis/kaixi_crospi_ws/install/crospi_application_template/lib/pkgconfig/crospi_application_template.pc'
[2.435s] Level 1:colcon.colcon_core.environment:checking '/home/masterthesis/kaixi_crospi_ws/install/crospi_application_template/lib/python3.10/site-packages'
[2.435s] Level 1:colcon.colcon_core.environment:checking '/home/masterthesis/kaixi_crospi_ws/install/crospi_application_template/bin'
[2.435s] INFO:colcon.colcon_core.shell:Creating package script '/home/masterthesis/kaixi_crospi_ws/install/crospi_application_template/share/crospi_application_template/package.ps1'
[2.436s] INFO:colcon.colcon_core.shell:Creating package descriptor '/home/masterthesis/kaixi_crospi_ws/install/crospi_application_template/share/crospi_application_template/package.dsv'
[2.436s] INFO:colcon.colcon_core.shell:Creating package script '/home/masterthesis/kaixi_crospi_ws/install/crospi_application_template/share/crospi_application_template/package.sh'
[2.437s] INFO:colcon.colcon_core.shell:Creating package script '/home/masterthesis/kaixi_crospi_ws/install/crospi_application_template/share/crospi_application_template/package.bash'
[2.437s] INFO:colcon.colcon_core.shell:Creating package script '/home/masterthesis/kaixi_crospi_ws/install/crospi_application_template/share/crospi_application_template/package.zsh'
[2.437s] Level 1:colcon.colcon_core.environment:create_file_with_runtime_dependencies(/home/masterthesis/kaixi_crospi_ws/install/crospi_application_template/share/colcon-core/packages/crospi_application_template)
[2.438s] DEBUG:colcon.colcon_parallel_executor.executor.parallel:closing loop
[2.438s] DEBUG:colcon.colcon_parallel_executor.executor.parallel:loop closed
[2.438s] DEBUG:colcon.colcon_parallel_executor.executor.parallel:run_until_complete finished with '0'
[2.438s] DEBUG:colcon.colcon_core.event_reactor:joining thread
[2.442s] INFO:colcon.colcon_core.plugin_system:Skipping extension 'colcon_notification.desktop_notification.notify_send': Could not find 'notify-send'
[2.442s] INFO:colcon.colcon_core.plugin_system:Skipping extension 'colcon_notification.desktop_notification.terminal_notifier': Not used on non-Darwin systems
[2.442s] INFO:colcon.colcon_core.plugin_system:Skipping extension 'colcon_notification.desktop_notification.win32': Not used on non-Windows systems
[2.442s] INFO:colcon.colcon_notification.desktop_notification:Sending desktop notification using 'notify2'
[2.454s] DEBUG:colcon.colcon_core.event_reactor:joined thread
[2.454s] INFO:colcon.colcon_core.shell:Creating prefix script '/home/masterthesis/kaixi_crospi_ws/install/local_setup.ps1'
[2.455s] INFO:colcon.colcon_core.shell:Creating prefix util module '/home/masterthesis/kaixi_crospi_ws/install/_local_setup_util_ps1.py'
[2.456s] INFO:colcon.colcon_core.shell:Creating prefix chain script '/home/masterthesis/kaixi_crospi_ws/install/setup.ps1'
[2.457s] INFO:colcon.colcon_core.shell:Creating prefix script '/home/masterthesis/kaixi_crospi_ws/install/local_setup.sh'
[2.457s] INFO:colcon.colcon_core.shell:Creating prefix util module '/home/masterthesis/kaixi_crospi_ws/install/_local_setup_util_sh.py'
[2.457s] INFO:colcon.colcon_core.shell:Creating prefix chain script '/home/masterthesis/kaixi_crospi_ws/install/setup.sh'
[2.458s] INFO:colcon.colcon_core.shell:Creating prefix script '/home/masterthesis/kaixi_crospi_ws/install/local_setup.bash'
[2.459s] INFO:colcon.colcon_core.shell:Creating prefix chain script '/home/masterthesis/kaixi_crospi_ws/install/setup.bash'
[2.460s] INFO:colcon.colcon_core.shell:Creating prefix script '/home/masterthesis/kaixi_crospi_ws/install/local_setup.zsh'
[2.460s] INFO:colcon.colcon_core.shell:Creating prefix chain script '/home/masterthesis/kaixi_crospi_ws/install/setup.zsh'
