[0.084s] DEBUG:colcon:Command line arguments: ['/usr/bin/colcon', 'build', '--symlink-install']
[0.084s] DEBUG:colcon:Parsed command line arguments: Namespace(log_base=None, log_level=None, verb_name='build', build_base='build', install_base='install', merge_install=False, symlink_install=True, test_result_base=None, continue_on_error=False, executor='parallel', parallel_workers=16, event_handlers=None, ignore_user_meta=False, metas=['./colcon.meta'], base_paths=['.'], packages_ignore=None, packages_ignore_regex=None, paths=None, packages_up_to=None, packages_up_to_regex=None, packages_above=None, packages_above_and_dependencies=None, packages_above_depth=None, packages_select_by_dep=None, packages_skip_by_dep=None, packages_skip_up_to=None, packages_select_build_failed=False, packages_skip_build_finished=False, packages_select_test_failures=False, packages_skip_test_passed=False, packages_select=None, packages_skip=None, packages_select_regex=None, packages_skip_regex=None, packages_start=None, packages_end=None, cmake_args=None, cmake_target=None, cmake_target_skip_unavailable=False, cmake_clean_cache=False, cmake_clean_first=False, cmake_force_configure=False, ament_cmake_args=None, catkin_cmake_args=None, catkin_skip_building_tests=False, mixin_files=None, mixin=None, verb_parser=<colcon_mixin.mixin.mixin_argument.MixinArgumentDecorator object at 0x725b76a7ee60>, verb_extension=<colcon_core.verb.build.BuildVerb object at 0x725b76a7e4d0>, main=<bound method BuildVerb.main of <colcon_core.verb.build.BuildVerb object at 0x725b76a7e4d0>>, mixin_verb=('build',))
[0.231s] Level 1:colcon.colcon_core.package_discovery:discover_packages(colcon_meta) check parameters
[0.231s] Level 1:colcon.colcon_core.package_discovery:discover_packages(recursive) check parameters
[0.231s] Level 1:colcon.colcon_core.package_discovery:discover_packages(ignore) check parameters
[0.231s] Level 1:colcon.colcon_core.package_discovery:discover_packages(path) check parameters
[0.231s] Level 1:colcon.colcon_core.package_discovery:discover_packages(colcon_meta) discover
[0.231s] Level 1:colcon.colcon_core.package_discovery:discover_packages(recursive) discover
[0.231s] INFO:colcon.colcon_core.package_discovery:Crawling recursively for packages in '/home/masterthesis/kaixi_crospi_ws'
[0.231s] Level 1:colcon.colcon_core.package_identification:_identify(.) by extensions ['ignore', 'ignore_ament_install']
[0.231s] Level 1:colcon.colcon_core.package_identification:_identify(.) by extension 'ignore'
[0.231s] Level 1:colcon.colcon_core.package_identification:_identify(.) by extension 'ignore_ament_install'
[0.231s] Level 1:colcon.colcon_core.package_identification:_identify(.) by extensions ['colcon_pkg']
[0.231s] Level 1:colcon.colcon_core.package_identification:_identify(.) by extension 'colcon_pkg'
[0.231s] Level 1:colcon.colcon_core.package_identification:_identify(.) by extensions ['colcon_meta']
[0.231s] Level 1:colcon.colcon_core.package_identification:_identify(.) by extension 'colcon_meta'
[0.231s] Level 1:colcon.colcon_core.package_identification:_identify(.) by extensions ['ros']
[0.231s] Level 1:colcon.colcon_core.package_identification:_identify(.) by extension 'ros'
[0.259s] Level 1:colcon.colcon_core.package_identification:_identify(.) by extensions ['cmake', 'python']
[0.259s] Level 1:colcon.colcon_core.package_identification:_identify(.) by extension 'cmake'
[0.259s] Level 1:colcon.colcon_core.package_identification:_identify(.) by extension 'python'
[0.259s] Level 1:colcon.colcon_core.package_identification:_identify(.) by extensions ['python_setup_py']
[0.259s] Level 1:colcon.colcon_core.package_identification:_identify(.) by extension 'python_setup_py'
[0.259s] Level 1:colcon.colcon_core.package_identification:_identify(build) by extensions ['ignore', 'ignore_ament_install']
[0.259s] Level 1:colcon.colcon_core.package_identification:_identify(build) by extension 'ignore'
[0.259s] Level 1:colcon.colcon_core.package_identification:_identify(build) ignored
[0.259s] Level 1:colcon.colcon_core.package_identification:_identify(install) by extensions ['ignore', 'ignore_ament_install']
[0.260s] Level 1:colcon.colcon_core.package_identification:_identify(install) by extension 'ignore'
[0.260s] Level 1:colcon.colcon_core.package_identification:_identify(install) ignored
[0.260s] Level 1:colcon.colcon_core.package_identification:_identify(log) by extensions ['ignore', 'ignore_ament_install']
[0.260s] Level 1:colcon.colcon_core.package_identification:_identify(log) by extension 'ignore'
[0.260s] Level 1:colcon.colcon_core.package_identification:_identify(log) ignored
[0.260s] Level 1:colcon.colcon_core.package_identification:_identify(src) by extensions ['ignore', 'ignore_ament_install']
[0.260s] Level 1:colcon.colcon_core.package_identification:_identify(src) by extension 'ignore'
[0.260s] Level 1:colcon.colcon_core.package_identification:_identify(src) by extension 'ignore_ament_install'
[0.260s] Level 1:colcon.colcon_core.package_identification:_identify(src) by extensions ['colcon_pkg']
[0.260s] Level 1:colcon.colcon_core.package_identification:_identify(src) by extension 'colcon_pkg'
[0.260s] Level 1:colcon.colcon_core.package_identification:_identify(src) by extensions ['colcon_meta']
[0.260s] Level 1:colcon.colcon_core.package_identification:_identify(src) by extension 'colcon_meta'
[0.260s] Level 1:colcon.colcon_core.package_identification:_identify(src) by extensions ['ros']
[0.260s] Level 1:colcon.colcon_core.package_identification:_identify(src) by extension 'ros'
[0.260s] Level 1:colcon.colcon_core.package_identification:_identify(src) by extensions ['cmake', 'python']
[0.260s] Level 1:colcon.colcon_core.package_identification:_identify(src) by extension 'cmake'
[0.260s] Level 1:colcon.colcon_core.package_identification:_identify(src) by extension 'python'
[0.260s] Level 1:colcon.colcon_core.package_identification:_identify(src) by extensions ['python_setup_py']
[0.260s] Level 1:colcon.colcon_core.package_identification:_identify(src) by extension 'python_setup_py'
[0.260s] Level 1:colcon.colcon_core.package_identification:_identify(src/crospi_application_template) by extensions ['ignore', 'ignore_ament_install']
[0.260s] Level 1:colcon.colcon_core.package_identification:_identify(src/crospi_application_template) by extension 'ignore'
[0.260s] Level 1:colcon.colcon_core.package_identification:_identify(src/crospi_application_template) by extension 'ignore_ament_install'
[0.260s] Level 1:colcon.colcon_core.package_identification:_identify(src/crospi_application_template) by extensions ['colcon_pkg']
[0.261s] Level 1:colcon.colcon_core.package_identification:_identify(src/crospi_application_template) by extension 'colcon_pkg'
[0.261s] Level 1:colcon.colcon_core.package_identification:_identify(src/crospi_application_template) by extensions ['colcon_meta']
[0.261s] Level 1:colcon.colcon_core.package_identification:_identify(src/crospi_application_template) by extension 'colcon_meta'
[0.261s] Level 1:colcon.colcon_core.package_identification:_identify(src/crospi_application_template) by extensions ['ros']
[0.261s] Level 1:colcon.colcon_core.package_identification:_identify(src/crospi_application_template) by extension 'ros'
[0.262s] DEBUG:colcon.colcon_core.package_identification:Package 'src/crospi_application_template' with type 'ros.ament_cmake' and name 'crospi_application_template'
[0.263s] Level 1:colcon.colcon_core.package_identification:_identify(src/robot_drivers) by extensions ['ignore', 'ignore_ament_install']
[0.263s] Level 1:colcon.colcon_core.package_identification:_identify(src/robot_drivers) by extension 'ignore'
[0.263s] Level 1:colcon.colcon_core.package_identification:_identify(src/robot_drivers) by extension 'ignore_ament_install'
[0.263s] Level 1:colcon.colcon_core.package_identification:_identify(src/robot_drivers) by extensions ['colcon_pkg']
[0.263s] Level 1:colcon.colcon_core.package_identification:_identify(src/robot_drivers) by extension 'colcon_pkg'
[0.263s] Level 1:colcon.colcon_core.package_identification:_identify(src/robot_drivers) by extensions ['colcon_meta']
[0.263s] Level 1:colcon.colcon_core.package_identification:_identify(src/robot_drivers) by extension 'colcon_meta'
[0.263s] Level 1:colcon.colcon_core.package_identification:_identify(src/robot_drivers) by extensions ['ros']
[0.263s] Level 1:colcon.colcon_core.package_identification:_identify(src/robot_drivers) by extension 'ros'
[0.263s] Level 1:colcon.colcon_core.package_identification:_identify(src/robot_drivers) by extensions ['cmake', 'python']
[0.263s] Level 1:colcon.colcon_core.package_identification:_identify(src/robot_drivers) by extension 'cmake'
[0.263s] Level 1:colcon.colcon_core.package_identification:_identify(src/robot_drivers) by extension 'python'
[0.263s] Level 1:colcon.colcon_core.package_identification:_identify(src/robot_drivers) by extensions ['python_setup_py']
[0.263s] Level 1:colcon.colcon_core.package_identification:_identify(src/robot_drivers) by extension 'python_setup_py'
[0.263s] Level 1:colcon.colcon_core.package_identification:_identify(src/robot_drivers/trossen_widowx_driver_crospi) by extensions ['ignore', 'ignore_ament_install']
[0.263s] Level 1:colcon.colcon_core.package_identification:_identify(src/robot_drivers/trossen_widowx_driver_crospi) by extension 'ignore'
[0.263s] Level 1:colcon.colcon_core.package_identification:_identify(src/robot_drivers/trossen_widowx_driver_crospi) by extension 'ignore_ament_install'
[0.263s] Level 1:colcon.colcon_core.package_identification:_identify(src/robot_drivers/trossen_widowx_driver_crospi) by extensions ['colcon_pkg']
[0.263s] Level 1:colcon.colcon_core.package_identification:_identify(src/robot_drivers/trossen_widowx_driver_crospi) by extension 'colcon_pkg'
[0.263s] Level 1:colcon.colcon_core.package_identification:_identify(src/robot_drivers/trossen_widowx_driver_crospi) by extensions ['colcon_meta']
[0.263s] Level 1:colcon.colcon_core.package_identification:_identify(src/robot_drivers/trossen_widowx_driver_crospi) by extension 'colcon_meta'
[0.263s] Level 1:colcon.colcon_core.package_identification:_identify(src/robot_drivers/trossen_widowx_driver_crospi) by extensions ['ros']
[0.263s] Level 1:colcon.colcon_core.package_identification:_identify(src/robot_drivers/trossen_widowx_driver_crospi) by extension 'ros'
[0.264s] DEBUG:colcon.colcon_core.package_identification:Package 'src/robot_drivers/trossen_widowx_driver_crospi' with type 'ros.ament_cmake' and name 'trossen_widowx_driver_crospi'
[0.264s] Level 1:colcon.colcon_core.package_identification:_identify(src/trossen_arm_description) by extensions ['ignore', 'ignore_ament_install']
[0.264s] Level 1:colcon.colcon_core.package_identification:_identify(src/trossen_arm_description) by extension 'ignore'
[0.264s] Level 1:colcon.colcon_core.package_identification:_identify(src/trossen_arm_description) by extension 'ignore_ament_install'
[0.264s] Level 1:colcon.colcon_core.package_identification:_identify(src/trossen_arm_description) by extensions ['colcon_pkg']
[0.264s] Level 1:colcon.colcon_core.package_identification:_identify(src/trossen_arm_description) by extension 'colcon_pkg'
[0.264s] Level 1:colcon.colcon_core.package_identification:_identify(src/trossen_arm_description) by extensions ['colcon_meta']
[0.264s] Level 1:colcon.colcon_core.package_identification:_identify(src/trossen_arm_description) by extension 'colcon_meta'
[0.264s] Level 1:colcon.colcon_core.package_identification:_identify(src/trossen_arm_description) by extensions ['ros']
[0.264s] Level 1:colcon.colcon_core.package_identification:_identify(src/trossen_arm_description) by extension 'ros'
[0.265s] DEBUG:colcon.colcon_core.package_identification:Package 'src/trossen_arm_description' with type 'ros.ament_cmake' and name 'trossen_arm_description'
[0.265s] Level 1:colcon.colcon_core.package_identification:_identify(src/trossen_widowx_interfaces) by extensions ['ignore', 'ignore_ament_install']
[0.265s] Level 1:colcon.colcon_core.package_identification:_identify(src/trossen_widowx_interfaces) by extension 'ignore'
[0.265s] Level 1:colcon.colcon_core.package_identification:_identify(src/trossen_widowx_interfaces) by extension 'ignore_ament_install'
[0.265s] Level 1:colcon.colcon_core.package_identification:_identify(src/trossen_widowx_interfaces) by extensions ['colcon_pkg']
[0.265s] Level 1:colcon.colcon_core.package_identification:_identify(src/trossen_widowx_interfaces) by extension 'colcon_pkg'
[0.265s] Level 1:colcon.colcon_core.package_identification:_identify(src/trossen_widowx_interfaces) by extensions ['colcon_meta']
[0.265s] Level 1:colcon.colcon_core.package_identification:_identify(src/trossen_widowx_interfaces) by extension 'colcon_meta'
[0.265s] Level 1:colcon.colcon_core.package_identification:_identify(src/trossen_widowx_interfaces) by extensions ['ros']
[0.265s] Level 1:colcon.colcon_core.package_identification:_identify(src/trossen_widowx_interfaces) by extension 'ros'
[0.266s] DEBUG:colcon.colcon_core.package_identification:Package 'src/trossen_widowx_interfaces' with type 'ros.ament_cmake' and name 'trossen_widowx_interfaces'
[0.266s] Level 1:colcon.colcon_core.package_identification:_identify(src/widowx_etasl) by extensions ['ignore', 'ignore_ament_install']
[0.266s] Level 1:colcon.colcon_core.package_identification:_identify(src/widowx_etasl) by extension 'ignore'
[0.266s] Level 1:colcon.colcon_core.package_identification:_identify(src/widowx_etasl) by extension 'ignore_ament_install'
[0.266s] Level 1:colcon.colcon_core.package_identification:_identify(src/widowx_etasl) by extensions ['colcon_pkg']
[0.266s] Level 1:colcon.colcon_core.package_identification:_identify(src/widowx_etasl) by extension 'colcon_pkg'
[0.266s] Level 1:colcon.colcon_core.package_identification:_identify(src/widowx_etasl) by extensions ['colcon_meta']
[0.266s] Level 1:colcon.colcon_core.package_identification:_identify(src/widowx_etasl) by extension 'colcon_meta'
[0.266s] Level 1:colcon.colcon_core.package_identification:_identify(src/widowx_etasl) by extensions ['ros']
[0.266s] Level 1:colcon.colcon_core.package_identification:_identify(src/widowx_etasl) by extension 'ros'
[0.266s] DEBUG:colcon.colcon_core.package_identification:Package 'src/widowx_etasl' with type 'ros.ament_cmake' and name 'widowx_etasl'
[0.266s] Level 1:colcon.colcon_core.package_discovery:discover_packages(recursive) using defaults
[0.267s] Level 1:colcon.colcon_core.package_discovery:discover_packages(ignore) discover
[0.267s] Level 1:colcon.colcon_core.package_discovery:discover_packages(ignore) using defaults
[0.267s] Level 1:colcon.colcon_core.package_discovery:discover_packages(path) discover
[0.267s] Level 1:colcon.colcon_core.package_discovery:discover_packages(path) using defaults
[0.281s] Level 5:colcon.colcon_core.verb:set package 'crospi_application_template' build argument 'cmake_args' from command line to 'None'
[0.281s] Level 5:colcon.colcon_core.verb:set package 'crospi_application_template' build argument 'cmake_target' from command line to 'None'
[0.281s] Level 5:colcon.colcon_core.verb:set package 'crospi_application_template' build argument 'cmake_target_skip_unavailable' from command line to 'False'
[0.281s] Level 5:colcon.colcon_core.verb:set package 'crospi_application_template' build argument 'cmake_clean_cache' from command line to 'False'
[0.281s] Level 5:colcon.colcon_core.verb:set package 'crospi_application_template' build argument 'cmake_clean_first' from command line to 'False'
[0.281s] Level 5:colcon.colcon_core.verb:set package 'crospi_application_template' build argument 'cmake_force_configure' from command line to 'False'
[0.281s] Level 5:colcon.colcon_core.verb:set package 'crospi_application_template' build argument 'ament_cmake_args' from command line to 'None'
[0.281s] Level 5:colcon.colcon_core.verb:set package 'crospi_application_template' build argument 'catkin_cmake_args' from command line to 'None'
[0.281s] Level 5:colcon.colcon_core.verb:set package 'crospi_application_template' build argument 'catkin_skip_building_tests' from command line to 'False'
[0.281s] DEBUG:colcon.colcon_core.verb:Building package 'crospi_application_template' with the following arguments: {'ament_cmake_args': None, 'build_base': '/home/masterthesis/kaixi_crospi_ws/build/crospi_application_template', 'catkin_cmake_args': None, 'catkin_skip_building_tests': False, 'cmake_args': None, 'cmake_clean_cache': False, 'cmake_clean_first': False, 'cmake_force_configure': False, 'cmake_target': None, 'cmake_target_skip_unavailable': False, 'install_base': '/home/masterthesis/kaixi_crospi_ws/install/crospi_application_template', 'merge_install': False, 'path': '/home/masterthesis/kaixi_crospi_ws/src/crospi_application_template', 'symlink_install': True, 'test_result_base': None}
[0.282s] Level 5:colcon.colcon_core.verb:set package 'trossen_arm_description' build argument 'cmake_args' from command line to 'None'
[0.282s] Level 5:colcon.colcon_core.verb:set package 'trossen_arm_description' build argument 'cmake_target' from command line to 'None'
[0.282s] Level 5:colcon.colcon_core.verb:set package 'trossen_arm_description' build argument 'cmake_target_skip_unavailable' from command line to 'False'
[0.282s] Level 5:colcon.colcon_core.verb:set package 'trossen_arm_description' build argument 'cmake_clean_cache' from command line to 'False'
[0.282s] Level 5:colcon.colcon_core.verb:set package 'trossen_arm_description' build argument 'cmake_clean_first' from command line to 'False'
[0.282s] Level 5:colcon.colcon_core.verb:set package 'trossen_arm_description' build argument 'cmake_force_configure' from command line to 'False'
[0.282s] Level 5:colcon.colcon_core.verb:set package 'trossen_arm_description' build argument 'ament_cmake_args' from command line to 'None'
[0.282s] Level 5:colcon.colcon_core.verb:set package 'trossen_arm_description' build argument 'catkin_cmake_args' from command line to 'None'
[0.282s] Level 5:colcon.colcon_core.verb:set package 'trossen_arm_description' build argument 'catkin_skip_building_tests' from command line to 'False'
[0.282s] DEBUG:colcon.colcon_core.verb:Building package 'trossen_arm_description' with the following arguments: {'ament_cmake_args': None, 'build_base': '/home/masterthesis/kaixi_crospi_ws/build/trossen_arm_description', 'catkin_cmake_args': None, 'catkin_skip_building_tests': False, 'cmake_args': None, 'cmake_clean_cache': False, 'cmake_clean_first': False, 'cmake_force_configure': False, 'cmake_target': None, 'cmake_target_skip_unavailable': False, 'install_base': '/home/masterthesis/kaixi_crospi_ws/install/trossen_arm_description', 'merge_install': False, 'path': '/home/masterthesis/kaixi_crospi_ws/src/trossen_arm_description', 'symlink_install': True, 'test_result_base': None}
[0.282s] Level 5:colcon.colcon_core.verb:set package 'trossen_widowx_interfaces' build argument 'cmake_args' from command line to 'None'
[0.282s] Level 5:colcon.colcon_core.verb:set package 'trossen_widowx_interfaces' build argument 'cmake_target' from command line to 'None'
[0.282s] Level 5:colcon.colcon_core.verb:set package 'trossen_widowx_interfaces' build argument 'cmake_target_skip_unavailable' from command line to 'False'
[0.282s] Level 5:colcon.colcon_core.verb:set package 'trossen_widowx_interfaces' build argument 'cmake_clean_cache' from command line to 'False'
[0.282s] Level 5:colcon.colcon_core.verb:set package 'trossen_widowx_interfaces' build argument 'cmake_clean_first' from command line to 'False'
[0.282s] Level 5:colcon.colcon_core.verb:set package 'trossen_widowx_interfaces' build argument 'cmake_force_configure' from command line to 'False'
[0.282s] Level 5:colcon.colcon_core.verb:set package 'trossen_widowx_interfaces' build argument 'ament_cmake_args' from command line to 'None'
[0.282s] Level 5:colcon.colcon_core.verb:set package 'trossen_widowx_interfaces' build argument 'catkin_cmake_args' from command line to 'None'
[0.282s] Level 5:colcon.colcon_core.verb:set package 'trossen_widowx_interfaces' build argument 'catkin_skip_building_tests' from command line to 'False'
[0.282s] DEBUG:colcon.colcon_core.verb:Building package 'trossen_widowx_interfaces' with the following arguments: {'ament_cmake_args': None, 'build_base': '/home/masterthesis/kaixi_crospi_ws/build/trossen_widowx_interfaces', 'catkin_cmake_args': None, 'catkin_skip_building_tests': False, 'cmake_args': None, 'cmake_clean_cache': False, 'cmake_clean_first': False, 'cmake_force_configure': False, 'cmake_target': None, 'cmake_target_skip_unavailable': False, 'install_base': '/home/masterthesis/kaixi_crospi_ws/install/trossen_widowx_interfaces', 'merge_install': False, 'path': '/home/masterthesis/kaixi_crospi_ws/src/trossen_widowx_interfaces', 'symlink_install': True, 'test_result_base': None}
[0.283s] Level 5:colcon.colcon_core.verb:set package 'widowx_etasl' build argument 'cmake_args' from command line to 'None'
[0.283s] Level 5:colcon.colcon_core.verb:set package 'widowx_etasl' build argument 'cmake_target' from command line to 'None'
[0.283s] Level 5:colcon.colcon_core.verb:set package 'widowx_etasl' build argument 'cmake_target_skip_unavailable' from command line to 'False'
[0.283s] Level 5:colcon.colcon_core.verb:set package 'widowx_etasl' build argument 'cmake_clean_cache' from command line to 'False'
[0.283s] Level 5:colcon.colcon_core.verb:set package 'widowx_etasl' build argument 'cmake_clean_first' from command line to 'False'
[0.283s] Level 5:colcon.colcon_core.verb:set package 'widowx_etasl' build argument 'cmake_force_configure' from command line to 'False'
[0.283s] Level 5:colcon.colcon_core.verb:set package 'widowx_etasl' build argument 'ament_cmake_args' from command line to 'None'
[0.283s] Level 5:colcon.colcon_core.verb:set package 'widowx_etasl' build argument 'catkin_cmake_args' from command line to 'None'
[0.283s] Level 5:colcon.colcon_core.verb:set package 'widowx_etasl' build argument 'catkin_skip_building_tests' from command line to 'False'
[0.283s] DEBUG:colcon.colcon_core.verb:Building package 'widowx_etasl' with the following arguments: {'ament_cmake_args': None, 'build_base': '/home/masterthesis/kaixi_crospi_ws/build/widowx_etasl', 'catkin_cmake_args': None, 'catkin_skip_building_tests': False, 'cmake_args': None, 'cmake_clean_cache': False, 'cmake_clean_first': False, 'cmake_force_configure': False, 'cmake_target': None, 'cmake_target_skip_unavailable': False, 'install_base': '/home/masterthesis/kaixi_crospi_ws/install/widowx_etasl', 'merge_install': False, 'path': '/home/masterthesis/kaixi_crospi_ws/src/widowx_etasl', 'symlink_install': True, 'test_result_base': None}
[0.283s] Level 5:colcon.colcon_core.verb:set package 'trossen_widowx_driver_crospi' build argument 'cmake_args' from command line to 'None'
[0.283s] Level 5:colcon.colcon_core.verb:set package 'trossen_widowx_driver_crospi' build argument 'cmake_target' from command line to 'None'
[0.283s] Level 5:colcon.colcon_core.verb:set package 'trossen_widowx_driver_crospi' build argument 'cmake_target_skip_unavailable' from command line to 'False'
[0.283s] Level 5:colcon.colcon_core.verb:set package 'trossen_widowx_driver_crospi' build argument 'cmake_clean_cache' from command line to 'False'
[0.283s] Level 5:colcon.colcon_core.verb:set package 'trossen_widowx_driver_crospi' build argument 'cmake_clean_first' from command line to 'False'
[0.283s] Level 5:colcon.colcon_core.verb:set package 'trossen_widowx_driver_crospi' build argument 'cmake_force_configure' from command line to 'False'
[0.283s] Level 5:colcon.colcon_core.verb:set package 'trossen_widowx_driver_crospi' build argument 'ament_cmake_args' from command line to 'None'
[0.283s] Level 5:colcon.colcon_core.verb:set package 'trossen_widowx_driver_crospi' build argument 'catkin_cmake_args' from command line to 'None'
[0.283s] Level 5:colcon.colcon_core.verb:set package 'trossen_widowx_driver_crospi' build argument 'catkin_skip_building_tests' from command line to 'False'
[0.283s] DEBUG:colcon.colcon_core.verb:Building package 'trossen_widowx_driver_crospi' with the following arguments: {'ament_cmake_args': None, 'build_base': '/home/masterthesis/kaixi_crospi_ws/build/trossen_widowx_driver_crospi', 'catkin_cmake_args': None, 'catkin_skip_building_tests': False, 'cmake_args': None, 'cmake_clean_cache': False, 'cmake_clean_first': False, 'cmake_force_configure': False, 'cmake_target': None, 'cmake_target_skip_unavailable': False, 'install_base': '/home/masterthesis/kaixi_crospi_ws/install/trossen_widowx_driver_crospi', 'merge_install': False, 'path': '/home/masterthesis/kaixi_crospi_ws/src/robot_drivers/trossen_widowx_driver_crospi', 'symlink_install': True, 'test_result_base': None}
[0.283s] INFO:colcon.colcon_core.executor:Executing jobs using 'parallel' executor
[0.284s] DEBUG:colcon.colcon_parallel_executor.executor.parallel:run_until_complete
[0.284s] INFO:colcon.colcon_ros.task.ament_cmake.build:Building ROS package in '/home/masterthesis/kaixi_crospi_ws/src/trossen_widowx_interfaces' with build type 'ament_cmake'
[0.284s] INFO:colcon.colcon_cmake.task.cmake.build:Building CMake package in '/home/masterthesis/kaixi_crospi_ws/src/trossen_widowx_interfaces'
[0.286s] INFO:colcon.colcon_core.plugin_system:Skipping extension 'colcon_core.shell.bat': Not used on non-Windows systems
[0.286s] INFO:colcon.colcon_core.shell:Skip shell extension 'powershell' for command environment: Not usable outside of PowerShell
[0.287s] DEBUG:colcon.colcon_core.shell:Skip shell extension 'dsv' for command environment
[0.291s] INFO:colcon.colcon_ros.task.ament_cmake.build:Building ROS package in '/home/masterthesis/kaixi_crospi_ws/src/crospi_application_template' with build type 'ament_cmake'
[0.291s] INFO:colcon.colcon_cmake.task.cmake.build:Building CMake package in '/home/masterthesis/kaixi_crospi_ws/src/crospi_application_template'
[0.291s] INFO:colcon.colcon_core.shell:Skip shell extension 'powershell' for command environment: Not usable outside of PowerShell
[0.291s] DEBUG:colcon.colcon_core.shell:Skip shell extension 'dsv' for command environment
[0.295s] INFO:colcon.colcon_ros.task.ament_cmake.build:Building ROS package in '/home/masterthesis/kaixi_crospi_ws/src/trossen_arm_description' with build type 'ament_cmake'
[0.295s] INFO:colcon.colcon_cmake.task.cmake.build:Building CMake package in '/home/masterthesis/kaixi_crospi_ws/src/trossen_arm_description'
[0.296s] INFO:colcon.colcon_core.shell:Skip shell extension 'powershell' for command environment: Not usable outside of PowerShell
[0.296s] DEBUG:colcon.colcon_core.shell:Skip shell extension 'dsv' for command environment
[0.299s] INFO:colcon.colcon_ros.task.ament_cmake.build:Building ROS package in '/home/masterthesis/kaixi_crospi_ws/src/widowx_etasl' with build type 'ament_cmake'
[0.299s] INFO:colcon.colcon_cmake.task.cmake.build:Building CMake package in '/home/masterthesis/kaixi_crospi_ws/src/widowx_etasl'
[0.299s] INFO:colcon.colcon_core.shell:Skip shell extension 'powershell' for command environment: Not usable outside of PowerShell
[0.299s] DEBUG:colcon.colcon_core.shell:Skip shell extension 'dsv' for command environment
[0.305s] DEBUG:colcon.colcon_core.event_handler.log_command:Invoking command in '/home/masterthesis/kaixi_crospi_ws/build/trossen_widowx_interfaces': CMAKE_PREFIX_PATH=${CMAKE_PREFIX_PATH}:/opt/ros2_crospi_ws/install/betfsm_demos:/opt/ros2_crospi_ws/install/betfsm:/opt/ros/humble /usr/bin/cmake /home/masterthesis/kaixi_crospi_ws/src/trossen_widowx_interfaces -DAMENT_CMAKE_SYMLINK_INSTALL=1 -DCMAKE_INSTALL_PREFIX=/home/masterthesis/kaixi_crospi_ws/install/trossen_widowx_interfaces
[0.307s] DEBUG:colcon.colcon_core.event_handler.log_command:Invoking command in '/home/masterthesis/kaixi_crospi_ws/build/crospi_application_template': CMAKE_PREFIX_PATH=${CMAKE_PREFIX_PATH}:/opt/ros2_crospi_ws/install/betfsm_demos:/opt/ros2_crospi_ws/install/betfsm:/opt/ros/humble /usr/bin/cmake /home/masterthesis/kaixi_crospi_ws/src/crospi_application_template -DAMENT_CMAKE_SYMLINK_INSTALL=1 -DCMAKE_INSTALL_PREFIX=/home/masterthesis/kaixi_crospi_ws/install/crospi_application_template
[0.309s] DEBUG:colcon.colcon_core.event_handler.log_command:Invoking command in '/home/masterthesis/kaixi_crospi_ws/build/trossen_arm_description': CMAKE_PREFIX_PATH=${CMAKE_PREFIX_PATH}:/opt/ros2_crospi_ws/install/betfsm_demos:/opt/ros2_crospi_ws/install/betfsm:/opt/ros/humble /usr/bin/cmake /home/masterthesis/kaixi_crospi_ws/src/trossen_arm_description -DAMENT_CMAKE_SYMLINK_INSTALL=1 -DCMAKE_INSTALL_PREFIX=/home/masterthesis/kaixi_crospi_ws/install/trossen_arm_description
[0.311s] DEBUG:colcon.colcon_core.event_handler.log_command:Invoking command in '/home/masterthesis/kaixi_crospi_ws/build/widowx_etasl': CMAKE_PREFIX_PATH=${CMAKE_PREFIX_PATH}:/opt/ros2_crospi_ws/install/betfsm_demos:/opt/ros2_crospi_ws/install/betfsm:/opt/ros/humble /usr/bin/cmake /home/masterthesis/kaixi_crospi_ws/src/widowx_etasl -DAMENT_CMAKE_SYMLINK_INSTALL=1 -DCMAKE_INSTALL_PREFIX=/home/masterthesis/kaixi_crospi_ws/install/widowx_etasl
[0.885s] DEBUG:colcon.colcon_core.event_handler.log_command:Invoked command in '/home/masterthesis/kaixi_crospi_ws/build/widowx_etasl' returned '0': CMAKE_PREFIX_PATH=${CMAKE_PREFIX_PATH}:/opt/ros2_crospi_ws/install/betfsm_demos:/opt/ros2_crospi_ws/install/betfsm:/opt/ros/humble /usr/bin/cmake /home/masterthesis/kaixi_crospi_ws/src/widowx_etasl -DAMENT_CMAKE_SYMLINK_INSTALL=1 -DCMAKE_INSTALL_PREFIX=/home/masterthesis/kaixi_crospi_ws/install/widowx_etasl
[0.887s] DEBUG:colcon.colcon_core.event_handler.log_command:Invoking command in '/home/masterthesis/kaixi_crospi_ws/build/widowx_etasl': CMAKE_PREFIX_PATH=${CMAKE_PREFIX_PATH}:/opt/ros2_crospi_ws/install/betfsm_demos:/opt/ros2_crospi_ws/install/betfsm:/opt/ros/humble /usr/bin/cmake --build /home/masterthesis/kaixi_crospi_ws/build/widowx_etasl -- -j16 -l16
[0.916s] DEBUG:colcon.colcon_core.event_handler.log_command:Invoked command in '/home/masterthesis/kaixi_crospi_ws/build/widowx_etasl' returned '0': CMAKE_PREFIX_PATH=${CMAKE_PREFIX_PATH}:/opt/ros2_crospi_ws/install/betfsm_demos:/opt/ros2_crospi_ws/install/betfsm:/opt/ros/humble /usr/bin/cmake --build /home/masterthesis/kaixi_crospi_ws/build/widowx_etasl -- -j16 -l16
[0.923s] DEBUG:colcon.colcon_core.event_handler.log_command:Invoking command in '/home/masterthesis/kaixi_crospi_ws/build/widowx_etasl': CMAKE_PREFIX_PATH=${CMAKE_PREFIX_PATH}:/opt/ros2_crospi_ws/install/betfsm_demos:/opt/ros2_crospi_ws/install/betfsm:/opt/ros/humble /usr/bin/cmake --install /home/masterthesis/kaixi_crospi_ws/build/widowx_etasl
[0.941s] DEBUG:colcon.colcon_core.event_handler.log_command:Invoked command in '/home/masterthesis/kaixi_crospi_ws/build/trossen_arm_description' returned '0': CMAKE_PREFIX_PATH=${CMAKE_PREFIX_PATH}:/opt/ros2_crospi_ws/install/betfsm_demos:/opt/ros2_crospi_ws/install/betfsm:/opt/ros/humble /usr/bin/cmake /home/masterthesis/kaixi_crospi_ws/src/trossen_arm_description -DAMENT_CMAKE_SYMLINK_INSTALL=1 -DCMAKE_INSTALL_PREFIX=/home/masterthesis/kaixi_crospi_ws/install/trossen_arm_description
[0.942s] DEBUG:colcon.colcon_core.event_handler.log_command:Invoking command in '/home/masterthesis/kaixi_crospi_ws/build/trossen_arm_description': CMAKE_PREFIX_PATH=${CMAKE_PREFIX_PATH}:/opt/ros2_crospi_ws/install/betfsm_demos:/opt/ros2_crospi_ws/install/betfsm:/opt/ros/humble /usr/bin/cmake --build /home/masterthesis/kaixi_crospi_ws/build/trossen_arm_description -- -j16 -l16
[0.973s] DEBUG:colcon.colcon_core.event_handler.log_command:Invoked command in '/home/masterthesis/kaixi_crospi_ws/build/trossen_arm_description' returned '0': CMAKE_PREFIX_PATH=${CMAKE_PREFIX_PATH}:/opt/ros2_crospi_ws/install/betfsm_demos:/opt/ros2_crospi_ws/install/betfsm:/opt/ros/humble /usr/bin/cmake --build /home/masterthesis/kaixi_crospi_ws/build/trossen_arm_description -- -j16 -l16
[0.974s] DEBUG:colcon.colcon_core.event_handler.log_command:Invoking command in '/home/masterthesis/kaixi_crospi_ws/build/trossen_arm_description': CMAKE_PREFIX_PATH=${CMAKE_PREFIX_PATH}:/opt/ros2_crospi_ws/install/betfsm_demos:/opt/ros2_crospi_ws/install/betfsm:/opt/ros/humble /usr/bin/cmake --install /home/masterthesis/kaixi_crospi_ws/build/trossen_arm_description
[1.050s] DEBUG:colcon.colcon_core.event_handler.log_command:Invoked command in '/home/masterthesis/kaixi_crospi_ws/build/crospi_application_template' returned '0': CMAKE_PREFIX_PATH=${CMAKE_PREFIX_PATH}:/opt/ros2_crospi_ws/install/betfsm_demos:/opt/ros2_crospi_ws/install/betfsm:/opt/ros/humble /usr/bin/cmake /home/masterthesis/kaixi_crospi_ws/src/crospi_application_template -DAMENT_CMAKE_SYMLINK_INSTALL=1 -DCMAKE_INSTALL_PREFIX=/home/masterthesis/kaixi_crospi_ws/install/crospi_application_template
[1.051s] DEBUG:colcon.colcon_core.event_handler.log_command:Invoking command in '/home/masterthesis/kaixi_crospi_ws/build/crospi_application_template': CMAKE_PREFIX_PATH=${CMAKE_PREFIX_PATH}:/opt/ros2_crospi_ws/install/betfsm_demos:/opt/ros2_crospi_ws/install/betfsm:/opt/ros/humble /usr/bin/cmake --build /home/masterthesis/kaixi_crospi_ws/build/crospi_application_template -- -j16 -l16
[1.059s] Level 1:colcon.colcon_core.environment:create_environment_scripts_only(widowx_etasl)
[1.060s] DEBUG:colcon.colcon_core.event_handler.log_command:Invoked command in '/home/masterthesis/kaixi_crospi_ws/build/widowx_etasl' returned '0': CMAKE_PREFIX_PATH=${CMAKE_PREFIX_PATH}:/opt/ros2_crospi_ws/install/betfsm_demos:/opt/ros2_crospi_ws/install/betfsm:/opt/ros/humble /usr/bin/cmake --install /home/masterthesis/kaixi_crospi_ws/build/widowx_etasl
[1.063s] Level 1:colcon.colcon_core.environment:checking '/home/masterthesis/kaixi_crospi_ws/install/widowx_etasl' for CMake module files
[1.063s] Level 1:colcon.colcon_core.environment:checking '/home/masterthesis/kaixi_crospi_ws/install/widowx_etasl' for CMake config files
[1.064s] Level 1:colcon.colcon_core.shell:create_environment_hook('widowx_etasl', 'cmake_prefix_path')
[1.064s] INFO:colcon.colcon_core.shell:Creating environment hook '/home/masterthesis/kaixi_crospi_ws/install/widowx_etasl/share/widowx_etasl/hook/cmake_prefix_path.ps1'
[1.065s] INFO:colcon.colcon_core.shell:Creating environment descriptor '/home/masterthesis/kaixi_crospi_ws/install/widowx_etasl/share/widowx_etasl/hook/cmake_prefix_path.dsv'
[1.065s] INFO:colcon.colcon_core.shell:Creating environment hook '/home/masterthesis/kaixi_crospi_ws/install/widowx_etasl/share/widowx_etasl/hook/cmake_prefix_path.sh'
[1.066s] Level 1:colcon.colcon_core.environment:checking '/home/masterthesis/kaixi_crospi_ws/install/widowx_etasl/lib'
[1.067s] Level 1:colcon.colcon_core.environment:checking '/home/masterthesis/kaixi_crospi_ws/install/widowx_etasl/bin'
[1.067s] Level 1:colcon.colcon_core.environment:checking '/home/masterthesis/kaixi_crospi_ws/install/widowx_etasl/lib/pkgconfig/widowx_etasl.pc'
[1.068s] Level 1:colcon.colcon_core.environment:checking '/home/masterthesis/kaixi_crospi_ws/install/widowx_etasl/lib/python3.10/site-packages'
[1.068s] Level 1:colcon.colcon_core.environment:checking '/home/masterthesis/kaixi_crospi_ws/install/widowx_etasl/bin'
[1.068s] INFO:colcon.colcon_core.shell:Creating package script '/home/masterthesis/kaixi_crospi_ws/install/widowx_etasl/share/widowx_etasl/package.ps1'
[1.069s] INFO:colcon.colcon_core.shell:Creating package descriptor '/home/masterthesis/kaixi_crospi_ws/install/widowx_etasl/share/widowx_etasl/package.dsv'
[1.070s] INFO:colcon.colcon_core.shell:Creating package script '/home/masterthesis/kaixi_crospi_ws/install/widowx_etasl/share/widowx_etasl/package.sh'
[1.070s] INFO:colcon.colcon_core.shell:Creating package script '/home/masterthesis/kaixi_crospi_ws/install/widowx_etasl/share/widowx_etasl/package.bash'
[1.071s] INFO:colcon.colcon_core.shell:Creating package script '/home/masterthesis/kaixi_crospi_ws/install/widowx_etasl/share/widowx_etasl/package.zsh'
[1.072s] Level 1:colcon.colcon_core.environment:create_file_with_runtime_dependencies(/home/masterthesis/kaixi_crospi_ws/install/widowx_etasl/share/colcon-core/packages/widowx_etasl)
[1.072s] Level 1:colcon.colcon_core.environment:create_environment_scripts_only(widowx_etasl)
[1.072s] Level 1:colcon.colcon_core.environment:checking '/home/masterthesis/kaixi_crospi_ws/install/widowx_etasl' for CMake module files
[1.073s] Level 1:colcon.colcon_core.environment:checking '/home/masterthesis/kaixi_crospi_ws/install/widowx_etasl' for CMake config files
[1.073s] Level 1:colcon.colcon_core.shell:create_environment_hook('widowx_etasl', 'cmake_prefix_path')
[1.073s] INFO:colcon.colcon_core.shell:Creating environment hook '/home/masterthesis/kaixi_crospi_ws/install/widowx_etasl/share/widowx_etasl/hook/cmake_prefix_path.ps1'
[1.073s] INFO:colcon.colcon_core.shell:Creating environment descriptor '/home/masterthesis/kaixi_crospi_ws/install/widowx_etasl/share/widowx_etasl/hook/cmake_prefix_path.dsv'
[1.073s] INFO:colcon.colcon_core.shell:Creating environment hook '/home/masterthesis/kaixi_crospi_ws/install/widowx_etasl/share/widowx_etasl/hook/cmake_prefix_path.sh'
[1.074s] Level 1:colcon.colcon_core.environment:checking '/home/masterthesis/kaixi_crospi_ws/install/widowx_etasl/lib'
[1.074s] Level 1:colcon.colcon_core.environment:checking '/home/masterthesis/kaixi_crospi_ws/install/widowx_etasl/bin'
[1.074s] Level 1:colcon.colcon_core.environment:checking '/home/masterthesis/kaixi_crospi_ws/install/widowx_etasl/lib/pkgconfig/widowx_etasl.pc'
[1.074s] Level 1:colcon.colcon_core.environment:checking '/home/masterthesis/kaixi_crospi_ws/install/widowx_etasl/lib/python3.10/site-packages'
[1.074s] Level 1:colcon.colcon_core.environment:checking '/home/masterthesis/kaixi_crospi_ws/install/widowx_etasl/bin'
[1.075s] INFO:colcon.colcon_core.shell:Creating package script '/home/masterthesis/kaixi_crospi_ws/install/widowx_etasl/share/widowx_etasl/package.ps1'
[1.075s] INFO:colcon.colcon_core.shell:Creating package descriptor '/home/masterthesis/kaixi_crospi_ws/install/widowx_etasl/share/widowx_etasl/package.dsv'
[1.075s] INFO:colcon.colcon_core.shell:Creating package script '/home/masterthesis/kaixi_crospi_ws/install/widowx_etasl/share/widowx_etasl/package.sh'
[1.076s] INFO:colcon.colcon_core.shell:Creating package script '/home/masterthesis/kaixi_crospi_ws/install/widowx_etasl/share/widowx_etasl/package.bash'
[1.076s] INFO:colcon.colcon_core.shell:Creating package script '/home/masterthesis/kaixi_crospi_ws/install/widowx_etasl/share/widowx_etasl/package.zsh'
[1.077s] Level 1:colcon.colcon_core.environment:create_file_with_runtime_dependencies(/home/masterthesis/kaixi_crospi_ws/install/widowx_etasl/share/colcon-core/packages/widowx_etasl)
[1.376s] Level 1:colcon.colcon_core.environment:create_environment_scripts_only(trossen_arm_description)
[1.376s] Level 1:colcon.colcon_core.environment:checking '/home/masterthesis/kaixi_crospi_ws/install/trossen_arm_description' for CMake module files
[1.377s] DEBUG:colcon.colcon_core.event_handler.log_command:Invoked command in '/home/masterthesis/kaixi_crospi_ws/build/trossen_arm_description' returned '0': CMAKE_PREFIX_PATH=${CMAKE_PREFIX_PATH}:/opt/ros2_crospi_ws/install/betfsm_demos:/opt/ros2_crospi_ws/install/betfsm:/opt/ros/humble /usr/bin/cmake --install /home/masterthesis/kaixi_crospi_ws/build/trossen_arm_description
[1.377s] Level 1:colcon.colcon_core.environment:checking '/home/masterthesis/kaixi_crospi_ws/install/trossen_arm_description' for CMake config files
[1.377s] Level 1:colcon.colcon_core.shell:create_environment_hook('trossen_arm_description', 'cmake_prefix_path')
[1.377s] INFO:colcon.colcon_core.shell:Creating environment hook '/home/masterthesis/kaixi_crospi_ws/install/trossen_arm_description/share/trossen_arm_description/hook/cmake_prefix_path.ps1'
[1.378s] INFO:colcon.colcon_core.shell:Creating environment descriptor '/home/masterthesis/kaixi_crospi_ws/install/trossen_arm_description/share/trossen_arm_description/hook/cmake_prefix_path.dsv'
[1.378s] INFO:colcon.colcon_core.shell:Creating environment hook '/home/masterthesis/kaixi_crospi_ws/install/trossen_arm_description/share/trossen_arm_description/hook/cmake_prefix_path.sh'
[1.378s] Level 1:colcon.colcon_core.environment:checking '/home/masterthesis/kaixi_crospi_ws/install/trossen_arm_description/bin'
[1.378s] Level 1:colcon.colcon_core.environment:checking '/home/masterthesis/kaixi_crospi_ws/install/trossen_arm_description/lib/pkgconfig/trossen_arm_description.pc'
[1.378s] Level 1:colcon.colcon_core.environment:checking '/home/masterthesis/kaixi_crospi_ws/install/trossen_arm_description/lib/python3.10/site-packages'
[1.379s] Level 1:colcon.colcon_core.environment:checking '/home/masterthesis/kaixi_crospi_ws/install/trossen_arm_description/bin'
[1.379s] INFO:colcon.colcon_core.shell:Creating package script '/home/masterthesis/kaixi_crospi_ws/install/trossen_arm_description/share/trossen_arm_description/package.ps1'
[1.379s] INFO:colcon.colcon_core.shell:Creating package descriptor '/home/masterthesis/kaixi_crospi_ws/install/trossen_arm_description/share/trossen_arm_description/package.dsv'
[1.380s] INFO:colcon.colcon_core.shell:Creating package script '/home/masterthesis/kaixi_crospi_ws/install/trossen_arm_description/share/trossen_arm_description/package.sh'
[1.380s] INFO:colcon.colcon_core.shell:Creating package script '/home/masterthesis/kaixi_crospi_ws/install/trossen_arm_description/share/trossen_arm_description/package.bash'
[1.380s] INFO:colcon.colcon_core.shell:Creating package script '/home/masterthesis/kaixi_crospi_ws/install/trossen_arm_description/share/trossen_arm_description/package.zsh'
[1.380s] Level 1:colcon.colcon_core.environment:create_file_with_runtime_dependencies(/home/masterthesis/kaixi_crospi_ws/install/trossen_arm_description/share/colcon-core/packages/trossen_arm_description)
[1.381s] Level 1:colcon.colcon_core.environment:create_environment_scripts_only(trossen_arm_description)
[1.381s] Level 1:colcon.colcon_core.environment:checking '/home/masterthesis/kaixi_crospi_ws/install/trossen_arm_description' for CMake module files
[1.381s] Level 1:colcon.colcon_core.environment:checking '/home/masterthesis/kaixi_crospi_ws/install/trossen_arm_description' for CMake config files
[1.381s] Level 1:colcon.colcon_core.shell:create_environment_hook('trossen_arm_description', 'cmake_prefix_path')
[1.382s] INFO:colcon.colcon_core.shell:Creating environment hook '/home/masterthesis/kaixi_crospi_ws/install/trossen_arm_description/share/trossen_arm_description/hook/cmake_prefix_path.ps1'
[1.382s] INFO:colcon.colcon_core.shell:Creating environment descriptor '/home/masterthesis/kaixi_crospi_ws/install/trossen_arm_description/share/trossen_arm_description/hook/cmake_prefix_path.dsv'
[1.382s] INFO:colcon.colcon_core.shell:Creating environment hook '/home/masterthesis/kaixi_crospi_ws/install/trossen_arm_description/share/trossen_arm_description/hook/cmake_prefix_path.sh'
[1.383s] Level 1:colcon.colcon_core.environment:checking '/home/masterthesis/kaixi_crospi_ws/install/trossen_arm_description/bin'
[1.383s] Level 1:colcon.colcon_core.environment:checking '/home/masterthesis/kaixi_crospi_ws/install/trossen_arm_description/lib/pkgconfig/trossen_arm_description.pc'
[1.383s] Level 1:colcon.colcon_core.environment:checking '/home/masterthesis/kaixi_crospi_ws/install/trossen_arm_description/lib/python3.10/site-packages'
[1.383s] Level 1:colcon.colcon_core.environment:checking '/home/masterthesis/kaixi_crospi_ws/install/trossen_arm_description/bin'
[1.383s] INFO:colcon.colcon_core.shell:Creating package script '/home/masterthesis/kaixi_crospi_ws/install/trossen_arm_description/share/trossen_arm_description/package.ps1'
[1.384s] INFO:colcon.colcon_core.shell:Creating package descriptor '/home/masterthesis/kaixi_crospi_ws/install/trossen_arm_description/share/trossen_arm_description/package.dsv'
[1.384s] INFO:colcon.colcon_core.shell:Creating package script '/home/masterthesis/kaixi_crospi_ws/install/trossen_arm_description/share/trossen_arm_description/package.sh'
[1.384s] INFO:colcon.colcon_core.shell:Creating package script '/home/masterthesis/kaixi_crospi_ws/install/trossen_arm_description/share/trossen_arm_description/package.bash'
[1.385s] INFO:colcon.colcon_core.shell:Creating package script '/home/masterthesis/kaixi_crospi_ws/install/trossen_arm_description/share/trossen_arm_description/package.zsh'
[1.385s] Level 1:colcon.colcon_core.environment:create_file_with_runtime_dependencies(/home/masterthesis/kaixi_crospi_ws/install/trossen_arm_description/share/colcon-core/packages/trossen_arm_description)
[1.784s] DEBUG:colcon.colcon_core.event_handler.log_command:Invoked command in '/home/masterthesis/kaixi_crospi_ws/build/trossen_widowx_interfaces' returned '0': CMAKE_PREFIX_PATH=${CMAKE_PREFIX_PATH}:/opt/ros2_crospi_ws/install/betfsm_demos:/opt/ros2_crospi_ws/install/betfsm:/opt/ros/humble /usr/bin/cmake /home/masterthesis/kaixi_crospi_ws/src/trossen_widowx_interfaces -DAMENT_CMAKE_SYMLINK_INSTALL=1 -DCMAKE_INSTALL_PREFIX=/home/masterthesis/kaixi_crospi_ws/install/trossen_widowx_interfaces
[1.785s] DEBUG:colcon.colcon_core.event_handler.log_command:Invoking command in '/home/masterthesis/kaixi_crospi_ws/build/trossen_widowx_interfaces': CMAKE_PREFIX_PATH=${CMAKE_PREFIX_PATH}:/opt/ros2_crospi_ws/install/betfsm_demos:/opt/ros2_crospi_ws/install/betfsm:/opt/ros/humble /usr/bin/cmake --build /home/masterthesis/kaixi_crospi_ws/build/trossen_widowx_interfaces -- -j16 -l16
[3.001s] DEBUG:colcon.colcon_core.event_handler.log_command:Invoked command in '/home/masterthesis/kaixi_crospi_ws/build/crospi_application_template' returned '0': CMAKE_PREFIX_PATH=${CMAKE_PREFIX_PATH}:/opt/ros2_crospi_ws/install/betfsm_demos:/opt/ros2_crospi_ws/install/betfsm:/opt/ros/humble /usr/bin/cmake --build /home/masterthesis/kaixi_crospi_ws/build/crospi_application_template -- -j16 -l16
[3.002s] DEBUG:colcon.colcon_core.event_handler.log_command:Invoking command in '/home/masterthesis/kaixi_crospi_ws/build/crospi_application_template': CMAKE_PREFIX_PATH=${CMAKE_PREFIX_PATH}:/opt/ros2_crospi_ws/install/betfsm_demos:/opt/ros2_crospi_ws/install/betfsm:/opt/ros/humble /usr/bin/cmake --install /home/masterthesis/kaixi_crospi_ws/build/crospi_application_template
[3.814s] DEBUG:colcon.colcon_core.event_handler.log_command:Invoked command in '/home/masterthesis/kaixi_crospi_ws/build/trossen_widowx_interfaces' returned '0': CMAKE_PREFIX_PATH=${CMAKE_PREFIX_PATH}:/opt/ros2_crospi_ws/install/betfsm_demos:/opt/ros2_crospi_ws/install/betfsm:/opt/ros/humble /usr/bin/cmake --build /home/masterthesis/kaixi_crospi_ws/build/trossen_widowx_interfaces -- -j16 -l16
[3.816s] DEBUG:colcon.colcon_core.event_handler.log_command:Invoking command in '/home/masterthesis/kaixi_crospi_ws/build/trossen_widowx_interfaces': CMAKE_PREFIX_PATH=${CMAKE_PREFIX_PATH}:/opt/ros2_crospi_ws/install/betfsm_demos:/opt/ros2_crospi_ws/install/betfsm:/opt/ros/humble /usr/bin/cmake --install /home/masterthesis/kaixi_crospi_ws/build/trossen_widowx_interfaces
[3.966s] Level 1:colcon.colcon_core.environment:create_environment_scripts_only(crospi_application_template)
[3.967s] Level 1:colcon.colcon_core.environment:checking '/home/masterthesis/kaixi_crospi_ws/install/crospi_application_template' for CMake module files
[3.967s] DEBUG:colcon.colcon_core.event_handler.log_command:Invoked command in '/home/masterthesis/kaixi_crospi_ws/build/crospi_application_template' returned '0': CMAKE_PREFIX_PATH=${CMAKE_PREFIX_PATH}:/opt/ros2_crospi_ws/install/betfsm_demos:/opt/ros2_crospi_ws/install/betfsm:/opt/ros/humble /usr/bin/cmake --install /home/masterthesis/kaixi_crospi_ws/build/crospi_application_template
[3.967s] Level 1:colcon.colcon_core.environment:checking '/home/masterthesis/kaixi_crospi_ws/install/crospi_application_template' for CMake config files
[3.968s] Level 1:colcon.colcon_core.shell:create_environment_hook('crospi_application_template', 'cmake_prefix_path')
[3.968s] INFO:colcon.colcon_core.shell:Creating environment hook '/home/masterthesis/kaixi_crospi_ws/install/crospi_application_template/share/crospi_application_template/hook/cmake_prefix_path.ps1'
[3.969s] INFO:colcon.colcon_core.shell:Creating environment descriptor '/home/masterthesis/kaixi_crospi_ws/install/crospi_application_template/share/crospi_application_template/hook/cmake_prefix_path.dsv'
[3.969s] INFO:colcon.colcon_core.shell:Creating environment hook '/home/masterthesis/kaixi_crospi_ws/install/crospi_application_template/share/crospi_application_template/hook/cmake_prefix_path.sh'
[3.969s] Level 1:colcon.colcon_core.environment:checking '/home/masterthesis/kaixi_crospi_ws/install/crospi_application_template/lib'
[3.969s] Level 1:colcon.colcon_core.environment:checking '/home/masterthesis/kaixi_crospi_ws/install/crospi_application_template/bin'
[3.969s] Level 1:colcon.colcon_core.environment:checking '/home/masterthesis/kaixi_crospi_ws/install/crospi_application_template/lib/pkgconfig/crospi_application_template.pc'
[3.969s] Level 1:colcon.colcon_core.environment:checking '/home/masterthesis/kaixi_crospi_ws/install/crospi_application_template/lib/python3.10/site-packages'
[3.970s] Level 1:colcon.colcon_core.environment:checking '/home/masterthesis/kaixi_crospi_ws/install/crospi_application_template/bin'
[3.970s] INFO:colcon.colcon_core.shell:Creating package script '/home/masterthesis/kaixi_crospi_ws/install/crospi_application_template/share/crospi_application_template/package.ps1'
[3.970s] INFO:colcon.colcon_core.shell:Creating package descriptor '/home/masterthesis/kaixi_crospi_ws/install/crospi_application_template/share/crospi_application_template/package.dsv'
[3.971s] INFO:colcon.colcon_core.shell:Creating package script '/home/masterthesis/kaixi_crospi_ws/install/crospi_application_template/share/crospi_application_template/package.sh'
[3.971s] INFO:colcon.colcon_core.shell:Creating package script '/home/masterthesis/kaixi_crospi_ws/install/crospi_application_template/share/crospi_application_template/package.bash'
[3.971s] INFO:colcon.colcon_core.shell:Creating package script '/home/masterthesis/kaixi_crospi_ws/install/crospi_application_template/share/crospi_application_template/package.zsh'
[3.972s] Level 1:colcon.colcon_core.environment:create_file_with_runtime_dependencies(/home/masterthesis/kaixi_crospi_ws/install/crospi_application_template/share/colcon-core/packages/crospi_application_template)
[3.972s] Level 1:colcon.colcon_core.environment:create_environment_scripts_only(crospi_application_template)
[3.972s] Level 1:colcon.colcon_core.environment:checking '/home/masterthesis/kaixi_crospi_ws/install/crospi_application_template' for CMake module files
[3.972s] Level 1:colcon.colcon_core.environment:checking '/home/masterthesis/kaixi_crospi_ws/install/crospi_application_template' for CMake config files
[3.973s] Level 1:colcon.colcon_core.shell:create_environment_hook('crospi_application_template', 'cmake_prefix_path')
[3.973s] INFO:colcon.colcon_core.shell:Creating environment hook '/home/masterthesis/kaixi_crospi_ws/install/crospi_application_template/share/crospi_application_template/hook/cmake_prefix_path.ps1'
[3.973s] INFO:colcon.colcon_core.shell:Creating environment descriptor '/home/masterthesis/kaixi_crospi_ws/install/crospi_application_template/share/crospi_application_template/hook/cmake_prefix_path.dsv'
[3.974s] INFO:colcon.colcon_core.shell:Creating environment hook '/home/masterthesis/kaixi_crospi_ws/install/crospi_application_template/share/crospi_application_template/hook/cmake_prefix_path.sh'
[3.974s] Level 1:colcon.colcon_core.environment:checking '/home/masterthesis/kaixi_crospi_ws/install/crospi_application_template/lib'
[3.974s] Level 1:colcon.colcon_core.environment:checking '/home/masterthesis/kaixi_crospi_ws/install/crospi_application_template/bin'
[3.974s] Level 1:colcon.colcon_core.environment:checking '/home/masterthesis/kaixi_crospi_ws/install/crospi_application_template/lib/pkgconfig/crospi_application_template.pc'
[3.974s] Level 1:colcon.colcon_core.environment:checking '/home/masterthesis/kaixi_crospi_ws/install/crospi_application_template/lib/python3.10/site-packages'
[3.975s] Level 1:colcon.colcon_core.environment:checking '/home/masterthesis/kaixi_crospi_ws/install/crospi_application_template/bin'
[3.975s] INFO:colcon.colcon_core.shell:Creating package script '/home/masterthesis/kaixi_crospi_ws/install/crospi_application_template/share/crospi_application_template/package.ps1'
[3.976s] INFO:colcon.colcon_core.shell:Creating package descriptor '/home/masterthesis/kaixi_crospi_ws/install/crospi_application_template/share/crospi_application_template/package.dsv'
[3.976s] INFO:colcon.colcon_core.shell:Creating package script '/home/masterthesis/kaixi_crospi_ws/install/crospi_application_template/share/crospi_application_template/package.sh'
[3.977s] INFO:colcon.colcon_core.shell:Creating package script '/home/masterthesis/kaixi_crospi_ws/install/crospi_application_template/share/crospi_application_template/package.bash'
[3.977s] INFO:colcon.colcon_core.shell:Creating package script '/home/masterthesis/kaixi_crospi_ws/install/crospi_application_template/share/crospi_application_template/package.zsh'
[3.977s] Level 1:colcon.colcon_core.environment:create_file_with_runtime_dependencies(/home/masterthesis/kaixi_crospi_ws/install/crospi_application_template/share/colcon-core/packages/crospi_application_template)
[4.498s] Level 1:colcon.colcon_core.environment:create_environment_scripts_only(trossen_widowx_interfaces)
[4.498s] Level 1:colcon.colcon_core.environment:checking '/home/masterthesis/kaixi_crospi_ws/install/trossen_widowx_interfaces' for CMake module files
[4.498s] DEBUG:colcon.colcon_core.event_handler.log_command:Invoked command in '/home/masterthesis/kaixi_crospi_ws/build/trossen_widowx_interfaces' returned '0': CMAKE_PREFIX_PATH=${CMAKE_PREFIX_PATH}:/opt/ros2_crospi_ws/install/betfsm_demos:/opt/ros2_crospi_ws/install/betfsm:/opt/ros/humble /usr/bin/cmake --install /home/masterthesis/kaixi_crospi_ws/build/trossen_widowx_interfaces
[4.499s] Level 1:colcon.colcon_core.environment:checking '/home/masterthesis/kaixi_crospi_ws/install/trossen_widowx_interfaces' for CMake config files
[4.499s] Level 1:colcon.colcon_core.shell:create_environment_hook('trossen_widowx_interfaces', 'cmake_prefix_path')
[4.500s] INFO:colcon.colcon_core.shell:Creating environment hook '/home/masterthesis/kaixi_crospi_ws/install/trossen_widowx_interfaces/share/trossen_widowx_interfaces/hook/cmake_prefix_path.ps1'
[4.500s] INFO:colcon.colcon_core.shell:Creating environment descriptor '/home/masterthesis/kaixi_crospi_ws/install/trossen_widowx_interfaces/share/trossen_widowx_interfaces/hook/cmake_prefix_path.dsv'
[4.500s] INFO:colcon.colcon_core.shell:Creating environment hook '/home/masterthesis/kaixi_crospi_ws/install/trossen_widowx_interfaces/share/trossen_widowx_interfaces/hook/cmake_prefix_path.sh'
[4.501s] Level 1:colcon.colcon_core.environment:checking '/home/masterthesis/kaixi_crospi_ws/install/trossen_widowx_interfaces/lib'
[4.501s] Level 1:colcon.colcon_core.shell:create_environment_hook('trossen_widowx_interfaces', 'ld_library_path_lib')
[4.501s] INFO:colcon.colcon_core.shell:Creating environment hook '/home/masterthesis/kaixi_crospi_ws/install/trossen_widowx_interfaces/share/trossen_widowx_interfaces/hook/ld_library_path_lib.ps1'
[4.501s] INFO:colcon.colcon_core.shell:Creating environment descriptor '/home/masterthesis/kaixi_crospi_ws/install/trossen_widowx_interfaces/share/trossen_widowx_interfaces/hook/ld_library_path_lib.dsv'
[4.501s] INFO:colcon.colcon_core.shell:Creating environment hook '/home/masterthesis/kaixi_crospi_ws/install/trossen_widowx_interfaces/share/trossen_widowx_interfaces/hook/ld_library_path_lib.sh'
[4.502s] Level 1:colcon.colcon_core.environment:checking '/home/masterthesis/kaixi_crospi_ws/install/trossen_widowx_interfaces/bin'
[4.502s] Level 1:colcon.colcon_core.environment:checking '/home/masterthesis/kaixi_crospi_ws/install/trossen_widowx_interfaces/lib/pkgconfig/trossen_widowx_interfaces.pc'
[4.502s] Level 1:colcon.colcon_core.environment:checking '/home/masterthesis/kaixi_crospi_ws/install/trossen_widowx_interfaces/lib/python3.10/site-packages'
[4.502s] Level 1:colcon.colcon_core.environment:checking '/home/masterthesis/kaixi_crospi_ws/install/trossen_widowx_interfaces/bin'
[4.502s] INFO:colcon.colcon_core.shell:Creating package script '/home/masterthesis/kaixi_crospi_ws/install/trossen_widowx_interfaces/share/trossen_widowx_interfaces/package.ps1'
[4.503s] INFO:colcon.colcon_core.shell:Creating package descriptor '/home/masterthesis/kaixi_crospi_ws/install/trossen_widowx_interfaces/share/trossen_widowx_interfaces/package.dsv'
[4.503s] INFO:colcon.colcon_core.shell:Creating package script '/home/masterthesis/kaixi_crospi_ws/install/trossen_widowx_interfaces/share/trossen_widowx_interfaces/package.sh'
[4.503s] INFO:colcon.colcon_core.shell:Creating package script '/home/masterthesis/kaixi_crospi_ws/install/trossen_widowx_interfaces/share/trossen_widowx_interfaces/package.bash'
[4.504s] INFO:colcon.colcon_core.shell:Creating package script '/home/masterthesis/kaixi_crospi_ws/install/trossen_widowx_interfaces/share/trossen_widowx_interfaces/package.zsh'
[4.504s] Level 1:colcon.colcon_core.environment:create_file_with_runtime_dependencies(/home/masterthesis/kaixi_crospi_ws/install/trossen_widowx_interfaces/share/colcon-core/packages/trossen_widowx_interfaces)
[4.504s] Level 1:colcon.colcon_core.environment:create_environment_scripts_only(trossen_widowx_interfaces)
[4.505s] Level 1:colcon.colcon_core.environment:checking '/home/masterthesis/kaixi_crospi_ws/install/trossen_widowx_interfaces' for CMake module files
[4.505s] Level 1:colcon.colcon_core.environment:checking '/home/masterthesis/kaixi_crospi_ws/install/trossen_widowx_interfaces' for CMake config files
[4.506s] Level 1:colcon.colcon_core.shell:create_environment_hook('trossen_widowx_interfaces', 'cmake_prefix_path')
[4.506s] INFO:colcon.colcon_core.shell:Creating environment hook '/home/masterthesis/kaixi_crospi_ws/install/trossen_widowx_interfaces/share/trossen_widowx_interfaces/hook/cmake_prefix_path.ps1'
[4.506s] INFO:colcon.colcon_core.shell:Creating environment descriptor '/home/masterthesis/kaixi_crospi_ws/install/trossen_widowx_interfaces/share/trossen_widowx_interfaces/hook/cmake_prefix_path.dsv'
[4.506s] INFO:colcon.colcon_core.shell:Creating environment hook '/home/masterthesis/kaixi_crospi_ws/install/trossen_widowx_interfaces/share/trossen_widowx_interfaces/hook/cmake_prefix_path.sh'
[4.507s] Level 1:colcon.colcon_core.environment:checking '/home/masterthesis/kaixi_crospi_ws/install/trossen_widowx_interfaces/lib'
[4.507s] Level 1:colcon.colcon_core.shell:create_environment_hook('trossen_widowx_interfaces', 'ld_library_path_lib')
[4.507s] INFO:colcon.colcon_core.shell:Creating environment hook '/home/masterthesis/kaixi_crospi_ws/install/trossen_widowx_interfaces/share/trossen_widowx_interfaces/hook/ld_library_path_lib.ps1'
[4.507s] INFO:colcon.colcon_core.shell:Creating environment descriptor '/home/masterthesis/kaixi_crospi_ws/install/trossen_widowx_interfaces/share/trossen_widowx_interfaces/hook/ld_library_path_lib.dsv'
[4.507s] INFO:colcon.colcon_core.shell:Creating environment hook '/home/masterthesis/kaixi_crospi_ws/install/trossen_widowx_interfaces/share/trossen_widowx_interfaces/hook/ld_library_path_lib.sh'
[4.508s] Level 1:colcon.colcon_core.environment:checking '/home/masterthesis/kaixi_crospi_ws/install/trossen_widowx_interfaces/bin'
[4.508s] Level 1:colcon.colcon_core.environment:checking '/home/masterthesis/kaixi_crospi_ws/install/trossen_widowx_interfaces/lib/pkgconfig/trossen_widowx_interfaces.pc'
[4.508s] Level 1:colcon.colcon_core.environment:checking '/home/masterthesis/kaixi_crospi_ws/install/trossen_widowx_interfaces/lib/python3.10/site-packages'
[4.508s] Level 1:colcon.colcon_core.environment:checking '/home/masterthesis/kaixi_crospi_ws/install/trossen_widowx_interfaces/bin'
[4.509s] INFO:colcon.colcon_core.shell:Creating package script '/home/masterthesis/kaixi_crospi_ws/install/trossen_widowx_interfaces/share/trossen_widowx_interfaces/package.ps1'
[4.509s] INFO:colcon.colcon_core.shell:Creating package descriptor '/home/masterthesis/kaixi_crospi_ws/install/trossen_widowx_interfaces/share/trossen_widowx_interfaces/package.dsv'
[4.509s] INFO:colcon.colcon_core.shell:Creating package script '/home/masterthesis/kaixi_crospi_ws/install/trossen_widowx_interfaces/share/trossen_widowx_interfaces/package.sh'
[4.510s] INFO:colcon.colcon_core.shell:Creating package script '/home/masterthesis/kaixi_crospi_ws/install/trossen_widowx_interfaces/share/trossen_widowx_interfaces/package.bash'
[4.510s] INFO:colcon.colcon_core.shell:Creating package script '/home/masterthesis/kaixi_crospi_ws/install/trossen_widowx_interfaces/share/trossen_widowx_interfaces/package.zsh'
[4.510s] Level 1:colcon.colcon_core.environment:create_file_with_runtime_dependencies(/home/masterthesis/kaixi_crospi_ws/install/trossen_widowx_interfaces/share/colcon-core/packages/trossen_widowx_interfaces)
[4.511s] INFO:colcon.colcon_ros.task.ament_cmake.build:Building ROS package in '/home/masterthesis/kaixi_crospi_ws/src/robot_drivers/trossen_widowx_driver_crospi' with build type 'ament_cmake'
[4.511s] INFO:colcon.colcon_cmake.task.cmake.build:Building CMake package in '/home/masterthesis/kaixi_crospi_ws/src/robot_drivers/trossen_widowx_driver_crospi'
[4.511s] INFO:colcon.colcon_core.shell:Skip shell extension 'powershell' for command environment: Not usable outside of PowerShell
[4.511s] DEBUG:colcon.colcon_core.shell:Skip shell extension 'dsv' for command environment
[4.519s] DEBUG:colcon.colcon_core.event_handler.log_command:Invoking command in '/home/masterthesis/kaixi_crospi_ws/build/trossen_widowx_driver_crospi': AMENT_PREFIX_PATH=/home/masterthesis/kaixi_crospi_ws/install/trossen_widowx_interfaces:${AMENT_PREFIX_PATH} CMAKE_PREFIX_PATH=/home/masterthesis/kaixi_crospi_ws/install/trossen_widowx_interfaces:/opt/ros2_crospi_ws/install/template_driver_crospi:/opt/ros2_crospi_ws/install/crospi_default_plugins:/opt/ros2_crospi_ws/install/crospi_core:/opt/ros2_crospi_ws/install/etasl_wrapper:/opt/ros2_crospi_ws/install/crospi_interfaces:/opt/ros2_crospi_ws/install/betfsm_interfaces:/opt/ros2_crospi_ws/install/betfsm_demos:/opt/ros2_crospi_ws/install/betfsm:/opt/ros/humble LD_LIBRARY_PATH=/home/masterthesis/kaixi_crospi_ws/install/trossen_widowx_interfaces/lib:/opt/ros2_crospi_ws/install/template_driver_crospi/lib:/opt/ros2_crospi_ws/install/crospi_default_plugins/lib:/opt/ros2_crospi_ws/install/crospi_core/lib:/opt/ros2_crospi_ws/install/etasl_wrapper/lib:/opt/ros2_crospi_ws/install/crospi_interfaces/lib:/opt/ros2_crospi_ws/install/betfsm_interfaces/lib:/opt/ros/humble/opt/rviz_ogre_vendor/lib:/opt/ros/humble/lib/x86_64-linux-gnu:/opt/ros/humble/lib:/opt/boost_1.89.0/lib PYTHONPATH=/home/masterthesis/kaixi_crospi_ws/install/trossen_widowx_interfaces/local/lib/python3.10/dist-packages:${PYTHONPATH} /usr/bin/cmake /home/masterthesis/kaixi_crospi_ws/src/robot_drivers/trossen_widowx_driver_crospi -DAMENT_CMAKE_SYMLINK_INSTALL=1 -DCMAKE_INSTALL_PREFIX=/home/masterthesis/kaixi_crospi_ws/install/trossen_widowx_driver_crospi
[5.701s] DEBUG:colcon.colcon_core.event_handler.log_command:Invoked command in '/home/masterthesis/kaixi_crospi_ws/build/trossen_widowx_driver_crospi' returned '0': AMENT_PREFIX_PATH=/home/masterthesis/kaixi_crospi_ws/install/trossen_widowx_interfaces:${AMENT_PREFIX_PATH} CMAKE_PREFIX_PATH=/home/masterthesis/kaixi_crospi_ws/install/trossen_widowx_interfaces:/opt/ros2_crospi_ws/install/template_driver_crospi:/opt/ros2_crospi_ws/install/crospi_default_plugins:/opt/ros2_crospi_ws/install/crospi_core:/opt/ros2_crospi_ws/install/etasl_wrapper:/opt/ros2_crospi_ws/install/crospi_interfaces:/opt/ros2_crospi_ws/install/betfsm_interfaces:/opt/ros2_crospi_ws/install/betfsm_demos:/opt/ros2_crospi_ws/install/betfsm:/opt/ros/humble LD_LIBRARY_PATH=/home/masterthesis/kaixi_crospi_ws/install/trossen_widowx_interfaces/lib:/opt/ros2_crospi_ws/install/template_driver_crospi/lib:/opt/ros2_crospi_ws/install/crospi_default_plugins/lib:/opt/ros2_crospi_ws/install/crospi_core/lib:/opt/ros2_crospi_ws/install/etasl_wrapper/lib:/opt/ros2_crospi_ws/install/crospi_interfaces/lib:/opt/ros2_crospi_ws/install/betfsm_interfaces/lib:/opt/ros/humble/opt/rviz_ogre_vendor/lib:/opt/ros/humble/lib/x86_64-linux-gnu:/opt/ros/humble/lib:/opt/boost_1.89.0/lib PYTHONPATH=/home/masterthesis/kaixi_crospi_ws/install/trossen_widowx_interfaces/local/lib/python3.10/dist-packages:${PYTHONPATH} /usr/bin/cmake /home/masterthesis/kaixi_crospi_ws/src/robot_drivers/trossen_widowx_driver_crospi -DAMENT_CMAKE_SYMLINK_INSTALL=1 -DCMAKE_INSTALL_PREFIX=/home/masterthesis/kaixi_crospi_ws/install/trossen_widowx_driver_crospi
[5.701s] DEBUG:colcon.colcon_core.event_handler.log_command:Invoking command in '/home/masterthesis/kaixi_crospi_ws/build/trossen_widowx_driver_crospi': AMENT_PREFIX_PATH=/home/masterthesis/kaixi_crospi_ws/install/trossen_widowx_interfaces:${AMENT_PREFIX_PATH} CMAKE_PREFIX_PATH=/home/masterthesis/kaixi_crospi_ws/install/trossen_widowx_interfaces:/opt/ros2_crospi_ws/install/template_driver_crospi:/opt/ros2_crospi_ws/install/crospi_default_plugins:/opt/ros2_crospi_ws/install/crospi_core:/opt/ros2_crospi_ws/install/etasl_wrapper:/opt/ros2_crospi_ws/install/crospi_interfaces:/opt/ros2_crospi_ws/install/betfsm_interfaces:/opt/ros2_crospi_ws/install/betfsm_demos:/opt/ros2_crospi_ws/install/betfsm:/opt/ros/humble LD_LIBRARY_PATH=/home/masterthesis/kaixi_crospi_ws/install/trossen_widowx_interfaces/lib:/opt/ros2_crospi_ws/install/template_driver_crospi/lib:/opt/ros2_crospi_ws/install/crospi_default_plugins/lib:/opt/ros2_crospi_ws/install/crospi_core/lib:/opt/ros2_crospi_ws/install/etasl_wrapper/lib:/opt/ros2_crospi_ws/install/crospi_interfaces/lib:/opt/ros2_crospi_ws/install/betfsm_interfaces/lib:/opt/ros/humble/opt/rviz_ogre_vendor/lib:/opt/ros/humble/lib/x86_64-linux-gnu:/opt/ros/humble/lib:/opt/boost_1.89.0/lib PYTHONPATH=/home/masterthesis/kaixi_crospi_ws/install/trossen_widowx_interfaces/local/lib/python3.10/dist-packages:${PYTHONPATH} /usr/bin/cmake --build /home/masterthesis/kaixi_crospi_ws/build/trossen_widowx_driver_crospi -- -j16 -l16
[10.034s] DEBUG:colcon.colcon_core.event_handler.log_command:Invoked command in '/home/masterthesis/kaixi_crospi_ws/build/trossen_widowx_driver_crospi' returned '0': AMENT_PREFIX_PATH=/home/masterthesis/kaixi_crospi_ws/install/trossen_widowx_interfaces:${AMENT_PREFIX_PATH} CMAKE_PREFIX_PATH=/home/masterthesis/kaixi_crospi_ws/install/trossen_widowx_interfaces:/opt/ros2_crospi_ws/install/template_driver_crospi:/opt/ros2_crospi_ws/install/crospi_default_plugins:/opt/ros2_crospi_ws/install/crospi_core:/opt/ros2_crospi_ws/install/etasl_wrapper:/opt/ros2_crospi_ws/install/crospi_interfaces:/opt/ros2_crospi_ws/install/betfsm_interfaces:/opt/ros2_crospi_ws/install/betfsm_demos:/opt/ros2_crospi_ws/install/betfsm:/opt/ros/humble LD_LIBRARY_PATH=/home/masterthesis/kaixi_crospi_ws/install/trossen_widowx_interfaces/lib:/opt/ros2_crospi_ws/install/template_driver_crospi/lib:/opt/ros2_crospi_ws/install/crospi_default_plugins/lib:/opt/ros2_crospi_ws/install/crospi_core/lib:/opt/ros2_crospi_ws/install/etasl_wrapper/lib:/opt/ros2_crospi_ws/install/crospi_interfaces/lib:/opt/ros2_crospi_ws/install/betfsm_interfaces/lib:/opt/ros/humble/opt/rviz_ogre_vendor/lib:/opt/ros/humble/lib/x86_64-linux-gnu:/opt/ros/humble/lib:/opt/boost_1.89.0/lib PYTHONPATH=/home/masterthesis/kaixi_crospi_ws/install/trossen_widowx_interfaces/local/lib/python3.10/dist-packages:${PYTHONPATH} /usr/bin/cmake --build /home/masterthesis/kaixi_crospi_ws/build/trossen_widowx_driver_crospi -- -j16 -l16
[10.035s] DEBUG:colcon.colcon_core.event_handler.log_command:Invoking command in '/home/masterthesis/kaixi_crospi_ws/build/trossen_widowx_driver_crospi': AMENT_PREFIX_PATH=/home/masterthesis/kaixi_crospi_ws/install/trossen_widowx_interfaces:${AMENT_PREFIX_PATH} CMAKE_PREFIX_PATH=/home/masterthesis/kaixi_crospi_ws/install/trossen_widowx_interfaces:/opt/ros2_crospi_ws/install/template_driver_crospi:/opt/ros2_crospi_ws/install/crospi_default_plugins:/opt/ros2_crospi_ws/install/crospi_core:/opt/ros2_crospi_ws/install/etasl_wrapper:/opt/ros2_crospi_ws/install/crospi_interfaces:/opt/ros2_crospi_ws/install/betfsm_interfaces:/opt/ros2_crospi_ws/install/betfsm_demos:/opt/ros2_crospi_ws/install/betfsm:/opt/ros/humble LD_LIBRARY_PATH=/home/masterthesis/kaixi_crospi_ws/install/trossen_widowx_interfaces/lib:/opt/ros2_crospi_ws/install/template_driver_crospi/lib:/opt/ros2_crospi_ws/install/crospi_default_plugins/lib:/opt/ros2_crospi_ws/install/crospi_core/lib:/opt/ros2_crospi_ws/install/etasl_wrapper/lib:/opt/ros2_crospi_ws/install/crospi_interfaces/lib:/opt/ros2_crospi_ws/install/betfsm_interfaces/lib:/opt/ros/humble/opt/rviz_ogre_vendor/lib:/opt/ros/humble/lib/x86_64-linux-gnu:/opt/ros/humble/lib:/opt/boost_1.89.0/lib PYTHONPATH=/home/masterthesis/kaixi_crospi_ws/install/trossen_widowx_interfaces/local/lib/python3.10/dist-packages:${PYTHONPATH} /usr/bin/cmake --install /home/masterthesis/kaixi_crospi_ws/build/trossen_widowx_driver_crospi
[10.194s] Level 1:colcon.colcon_core.environment:create_environment_scripts_only(trossen_widowx_driver_crospi)
[10.194s] Level 1:colcon.colcon_core.environment:checking '/home/masterthesis/kaixi_crospi_ws/install/trossen_widowx_driver_crospi' for CMake module files
[10.195s] DEBUG:colcon.colcon_core.event_handler.log_command:Invoked command in '/home/masterthesis/kaixi_crospi_ws/build/trossen_widowx_driver_crospi' returned '0': AMENT_PREFIX_PATH=/home/masterthesis/kaixi_crospi_ws/install/trossen_widowx_interfaces:${AMENT_PREFIX_PATH} CMAKE_PREFIX_PATH=/home/masterthesis/kaixi_crospi_ws/install/trossen_widowx_interfaces:/opt/ros2_crospi_ws/install/template_driver_crospi:/opt/ros2_crospi_ws/install/crospi_default_plugins:/opt/ros2_crospi_ws/install/crospi_core:/opt/ros2_crospi_ws/install/etasl_wrapper:/opt/ros2_crospi_ws/install/crospi_interfaces:/opt/ros2_crospi_ws/install/betfsm_interfaces:/opt/ros2_crospi_ws/install/betfsm_demos:/opt/ros2_crospi_ws/install/betfsm:/opt/ros/humble LD_LIBRARY_PATH=/home/masterthesis/kaixi_crospi_ws/install/trossen_widowx_interfaces/lib:/opt/ros2_crospi_ws/install/template_driver_crospi/lib:/opt/ros2_crospi_ws/install/crospi_default_plugins/lib:/opt/ros2_crospi_ws/install/crospi_core/lib:/opt/ros2_crospi_ws/install/etasl_wrapper/lib:/opt/ros2_crospi_ws/install/crospi_interfaces/lib:/opt/ros2_crospi_ws/install/betfsm_interfaces/lib:/opt/ros/humble/opt/rviz_ogre_vendor/lib:/opt/ros/humble/lib/x86_64-linux-gnu:/opt/ros/humble/lib:/opt/boost_1.89.0/lib PYTHONPATH=/home/masterthesis/kaixi_crospi_ws/install/trossen_widowx_interfaces/local/lib/python3.10/dist-packages:${PYTHONPATH} /usr/bin/cmake --install /home/masterthesis/kaixi_crospi_ws/build/trossen_widowx_driver_crospi
[10.195s] Level 1:colcon.colcon_core.environment:checking '/home/masterthesis/kaixi_crospi_ws/install/trossen_widowx_driver_crospi' for CMake config files
[10.195s] Level 1:colcon.colcon_core.shell:create_environment_hook('trossen_widowx_driver_crospi', 'cmake_prefix_path')
[10.196s] INFO:colcon.colcon_core.shell:Creating environment hook '/home/masterthesis/kaixi_crospi_ws/install/trossen_widowx_driver_crospi/share/trossen_widowx_driver_crospi/hook/cmake_prefix_path.ps1'
[10.196s] INFO:colcon.colcon_core.shell:Creating environment descriptor '/home/masterthesis/kaixi_crospi_ws/install/trossen_widowx_driver_crospi/share/trossen_widowx_driver_crospi/hook/cmake_prefix_path.dsv'
[10.196s] INFO:colcon.colcon_core.shell:Creating environment hook '/home/masterthesis/kaixi_crospi_ws/install/trossen_widowx_driver_crospi/share/trossen_widowx_driver_crospi/hook/cmake_prefix_path.sh'
[10.197s] Level 1:colcon.colcon_core.environment:checking '/home/masterthesis/kaixi_crospi_ws/install/trossen_widowx_driver_crospi/lib'
[10.197s] Level 1:colcon.colcon_core.shell:create_environment_hook('trossen_widowx_driver_crospi', 'ld_library_path_lib')
[10.197s] INFO:colcon.colcon_core.shell:Creating environment hook '/home/masterthesis/kaixi_crospi_ws/install/trossen_widowx_driver_crospi/share/trossen_widowx_driver_crospi/hook/ld_library_path_lib.ps1'
[10.197s] INFO:colcon.colcon_core.shell:Creating environment descriptor '/home/masterthesis/kaixi_crospi_ws/install/trossen_widowx_driver_crospi/share/trossen_widowx_driver_crospi/hook/ld_library_path_lib.dsv'
[10.197s] INFO:colcon.colcon_core.shell:Creating environment hook '/home/masterthesis/kaixi_crospi_ws/install/trossen_widowx_driver_crospi/share/trossen_widowx_driver_crospi/hook/ld_library_path_lib.sh'
[10.198s] Level 1:colcon.colcon_core.environment:checking '/home/masterthesis/kaixi_crospi_ws/install/trossen_widowx_driver_crospi/bin'
[10.198s] Level 1:colcon.colcon_core.environment:checking '/home/masterthesis/kaixi_crospi_ws/install/trossen_widowx_driver_crospi/lib/pkgconfig/trossen_widowx_driver_crospi.pc'
[10.198s] Level 1:colcon.colcon_core.environment:checking '/home/masterthesis/kaixi_crospi_ws/install/trossen_widowx_driver_crospi/lib/python3.10/site-packages'
[10.198s] Level 1:colcon.colcon_core.environment:checking '/home/masterthesis/kaixi_crospi_ws/install/trossen_widowx_driver_crospi/bin'
[10.198s] INFO:colcon.colcon_core.shell:Creating package script '/home/masterthesis/kaixi_crospi_ws/install/trossen_widowx_driver_crospi/share/trossen_widowx_driver_crospi/package.ps1'
[10.199s] INFO:colcon.colcon_core.shell:Creating package descriptor '/home/masterthesis/kaixi_crospi_ws/install/trossen_widowx_driver_crospi/share/trossen_widowx_driver_crospi/package.dsv'
[10.199s] INFO:colcon.colcon_core.shell:Creating package script '/home/masterthesis/kaixi_crospi_ws/install/trossen_widowx_driver_crospi/share/trossen_widowx_driver_crospi/package.sh'
[10.199s] INFO:colcon.colcon_core.shell:Creating package script '/home/masterthesis/kaixi_crospi_ws/install/trossen_widowx_driver_crospi/share/trossen_widowx_driver_crospi/package.bash'
[10.200s] INFO:colcon.colcon_core.shell:Creating package script '/home/masterthesis/kaixi_crospi_ws/install/trossen_widowx_driver_crospi/share/trossen_widowx_driver_crospi/package.zsh'
[10.200s] Level 1:colcon.colcon_core.environment:create_file_with_runtime_dependencies(/home/masterthesis/kaixi_crospi_ws/install/trossen_widowx_driver_crospi/share/colcon-core/packages/trossen_widowx_driver_crospi)
[10.200s] Level 1:colcon.colcon_core.environment:create_environment_scripts_only(trossen_widowx_driver_crospi)
[10.200s] Level 1:colcon.colcon_core.environment:checking '/home/masterthesis/kaixi_crospi_ws/install/trossen_widowx_driver_crospi' for CMake module files
[10.201s] Level 1:colcon.colcon_core.environment:checking '/home/masterthesis/kaixi_crospi_ws/install/trossen_widowx_driver_crospi' for CMake config files
[10.201s] Level 1:colcon.colcon_core.shell:create_environment_hook('trossen_widowx_driver_crospi', 'cmake_prefix_path')
[10.201s] INFO:colcon.colcon_core.shell:Creating environment hook '/home/masterthesis/kaixi_crospi_ws/install/trossen_widowx_driver_crospi/share/trossen_widowx_driver_crospi/hook/cmake_prefix_path.ps1'
[10.202s] INFO:colcon.colcon_core.shell:Creating environment descriptor '/home/masterthesis/kaixi_crospi_ws/install/trossen_widowx_driver_crospi/share/trossen_widowx_driver_crospi/hook/cmake_prefix_path.dsv'
[10.202s] INFO:colcon.colcon_core.shell:Creating environment hook '/home/masterthesis/kaixi_crospi_ws/install/trossen_widowx_driver_crospi/share/trossen_widowx_driver_crospi/hook/cmake_prefix_path.sh'
[10.202s] Level 1:colcon.colcon_core.environment:checking '/home/masterthesis/kaixi_crospi_ws/install/trossen_widowx_driver_crospi/lib'
[10.202s] Level 1:colcon.colcon_core.shell:create_environment_hook('trossen_widowx_driver_crospi', 'ld_library_path_lib')
[10.203s] INFO:colcon.colcon_core.shell:Creating environment hook '/home/masterthesis/kaixi_crospi_ws/install/trossen_widowx_driver_crospi/share/trossen_widowx_driver_crospi/hook/ld_library_path_lib.ps1'
[10.203s] INFO:colcon.colcon_core.shell:Creating environment descriptor '/home/masterthesis/kaixi_crospi_ws/install/trossen_widowx_driver_crospi/share/trossen_widowx_driver_crospi/hook/ld_library_path_lib.dsv'
[10.203s] INFO:colcon.colcon_core.shell:Creating environment hook '/home/masterthesis/kaixi_crospi_ws/install/trossen_widowx_driver_crospi/share/trossen_widowx_driver_crospi/hook/ld_library_path_lib.sh'
[10.203s] Level 1:colcon.colcon_core.environment:checking '/home/masterthesis/kaixi_crospi_ws/install/trossen_widowx_driver_crospi/bin'
[10.203s] Level 1:colcon.colcon_core.environment:checking '/home/masterthesis/kaixi_crospi_ws/install/trossen_widowx_driver_crospi/lib/pkgconfig/trossen_widowx_driver_crospi.pc'
[10.204s] Level 1:colcon.colcon_core.environment:checking '/home/masterthesis/kaixi_crospi_ws/install/trossen_widowx_driver_crospi/lib/python3.10/site-packages'
[10.204s] Level 1:colcon.colcon_core.environment:checking '/home/masterthesis/kaixi_crospi_ws/install/trossen_widowx_driver_crospi/bin'
[10.204s] INFO:colcon.colcon_core.shell:Creating package script '/home/masterthesis/kaixi_crospi_ws/install/trossen_widowx_driver_crospi/share/trossen_widowx_driver_crospi/package.ps1'
[10.205s] INFO:colcon.colcon_core.shell:Creating package descriptor '/home/masterthesis/kaixi_crospi_ws/install/trossen_widowx_driver_crospi/share/trossen_widowx_driver_crospi/package.dsv'
[10.205s] INFO:colcon.colcon_core.shell:Creating package script '/home/masterthesis/kaixi_crospi_ws/install/trossen_widowx_driver_crospi/share/trossen_widowx_driver_crospi/package.sh'
[10.205s] INFO:colcon.colcon_core.shell:Creating package script '/home/masterthesis/kaixi_crospi_ws/install/trossen_widowx_driver_crospi/share/trossen_widowx_driver_crospi/package.bash'
[10.206s] INFO:colcon.colcon_core.shell:Creating package script '/home/masterthesis/kaixi_crospi_ws/install/trossen_widowx_driver_crospi/share/trossen_widowx_driver_crospi/package.zsh'
[10.206s] Level 1:colcon.colcon_core.environment:create_file_with_runtime_dependencies(/home/masterthesis/kaixi_crospi_ws/install/trossen_widowx_driver_crospi/share/colcon-core/packages/trossen_widowx_driver_crospi)
[10.206s] DEBUG:colcon.colcon_parallel_executor.executor.parallel:closing loop
[10.206s] DEBUG:colcon.colcon_parallel_executor.executor.parallel:loop closed
[10.206s] DEBUG:colcon.colcon_parallel_executor.executor.parallel:run_until_complete finished with '0'
[10.206s] DEBUG:colcon.colcon_core.event_reactor:joining thread
[10.211s] INFO:colcon.colcon_core.plugin_system:Skipping extension 'colcon_notification.desktop_notification.notify_send': Could not find 'notify-send'
[10.211s] INFO:colcon.colcon_core.plugin_system:Skipping extension 'colcon_notification.desktop_notification.terminal_notifier': Not used on non-Darwin systems
[10.211s] INFO:colcon.colcon_core.plugin_system:Skipping extension 'colcon_notification.desktop_notification.win32': Not used on non-Windows systems
[10.211s] INFO:colcon.colcon_notification.desktop_notification:Sending desktop notification using 'notify2'
[10.277s] DEBUG:colcon.colcon_core.event_reactor:joined thread
[10.278s] INFO:colcon.colcon_core.shell:Creating prefix script '/home/masterthesis/kaixi_crospi_ws/install/local_setup.ps1'
[10.278s] INFO:colcon.colcon_core.shell:Creating prefix util module '/home/masterthesis/kaixi_crospi_ws/install/_local_setup_util_ps1.py'
[10.280s] INFO:colcon.colcon_core.shell:Creating prefix chain script '/home/masterthesis/kaixi_crospi_ws/install/setup.ps1'
[10.281s] INFO:colcon.colcon_core.shell:Creating prefix script '/home/masterthesis/kaixi_crospi_ws/install/local_setup.sh'
[10.281s] INFO:colcon.colcon_core.shell:Creating prefix util module '/home/masterthesis/kaixi_crospi_ws/install/_local_setup_util_sh.py'
[10.281s] INFO:colcon.colcon_core.shell:Creating prefix chain script '/home/masterthesis/kaixi_crospi_ws/install/setup.sh'
[10.282s] INFO:colcon.colcon_core.shell:Creating prefix script '/home/masterthesis/kaixi_crospi_ws/install/local_setup.bash'
[10.283s] INFO:colcon.colcon_core.shell:Creating prefix chain script '/home/masterthesis/kaixi_crospi_ws/install/setup.bash'
[10.284s] INFO:colcon.colcon_core.shell:Creating prefix script '/home/masterthesis/kaixi_crospi_ws/install/local_setup.zsh'
[10.284s] INFO:colcon.colcon_core.shell:Creating prefix chain script '/home/masterthesis/kaixi_crospi_ws/install/setup.zsh'
