-- The C compiler identification is GNU 11.4.0
-- The CXX compiler identification is GNU 11.4.0
-- Detecting C compiler ABI info
-- Detecting C compiler ABI info - done
-- Check for working C compiler: /usr/bin/cc - skipped
-- Detecting C compile features
-- Detecting C compile features - done
-- Detecting CXX compiler ABI info
-- Detecting CXX compiler ABI info - done
-- Check for working CXX compiler: /usr/bin/c++ - skipped
-- Detecting CXX compile features
-- Detecting CXX compile features - done
-- Found ament_cmake: 1.3.14 (/opt/ros/humble/share/ament_cmake/cmake)
-- Found Python3: /usr/bin/python3 (found version "3.10.12") found components: Interpreter 
-- Override CMake install command with custom implementation using symlinks instead of copying resources
-- Found ament_lint_auto: 0.12.15 (/opt/ros/humble/share/ament_lint_auto/cmake)
-- Found rosidl_default_generators: 1.2.1 (/opt/ros/humble/share/rosidl_default_generators/cmake)
-- Using all available rosidl_typesupport_c: rosidl_typesupport_fastrtps_c;rosidl_typesupport_introspection_c
-- Found rosidl_adapter: 3.1.8 (/opt/ros/humble/share/rosidl_adapter/cmake)
-- Using all available rosidl_typesupport_cpp: rosidl_typesupport_fastrtps_cpp;rosidl_typesupport_introspection_cpp
-- Found ament_cmake_ros: 0.10.0 (/opt/ros/humble/share/ament_cmake_ros/cmake)
-- Using all available rosidl_typesupport_c: rosidl_typesupport_fastrtps_c;rosidl_typesupport_introspection_c
-- Using all available rosidl_typesupport_cpp: rosidl_typesupport_fastrtps_cpp;rosidl_typesupport_introspection_cpp
-- Found PythonInterp: /usr/bin/python3 (found suitable version "3.10.12", minimum required is "3.6") 
-- Found python_cmake_module: 0.10.0 (/opt/ros/humble/share/python_cmake_module/cmake)
-- Found PythonLibs: /usr/lib/x86_64-linux-gnu/libpython3.10.so (found suitable version "3.10.12", minimum required is "3.5") 
-- Using PYTHON_EXECUTABLE: /usr/bin/python3
-- Using PYTHON_INCLUDE_DIRS: /usr/include/python3.10
-- Using PYTHON_LIBRARIES: /usr/lib/x86_64-linux-gnu/libpython3.10.so
-- Found PythonExtra: .so  
-- Added test 'lint_cmake' to check CMake code style
-- Added test 'xmllint' to check XML markup files
-- Configuring done
-- Generating done
-- Build files have been written to: /home/masterthesis/kaixi_crospi_ws/build/betfsm_interfaces
[  2%] [34m[1mGenerating C code for ROS interfaces[0m
[  7%] [34m[1mGenerating Rust code for ROS interfaces[0m
[  7%] [34m[1mGenerating C++ code for ROS interfaces[0m
[  7%] Built target ament_cmake_python_symlink_betfsm_interfaces
[  7%] Built target betfsm_interfaces__rs
running egg_info
creating betfsm_interfaces.egg-info
writing betfsm_interfaces.egg-info/PKG-INFO
writing dependency_links to betfsm_interfaces.egg-info/dependency_links.txt
writing top-level names to betfsm_interfaces.egg-info/top_level.txt
writing manifest file 'betfsm_interfaces.egg-info/SOURCES.txt'
reading manifest file 'betfsm_interfaces.egg-info/SOURCES.txt'
writing manifest file 'betfsm_interfaces.egg-info/SOURCES.txt'
[  7%] Built target ament_cmake_python_build_betfsm_interfaces_egg
[ 12%] [32mBuilding C object CMakeFiles/betfsm_interfaces__rosidl_generator_c.dir/rosidl_generator_c/betfsm_interfaces/msg/detail/trace__functions.c.o[0m
[ 12%] [32mBuilding C object CMakeFiles/betfsm_interfaces__rosidl_generator_c.dir/rosidl_generator_c/betfsm_interfaces/action/detail/task__functions.c.o[0m
[ 12%] Built target betfsm_interfaces__cpp
[ 20%] [34m[1mGenerating C++ type support for eProsima Fast-RTPS[0m
[ 20%] [34m[1mGenerating C++ introspection for ROS interfaces[0m
[ 20%] [34m[1mGenerating C++ type support dispatch for ROS interfaces[0m
[ 22%] [32m[1mLinking C shared library libbetfsm_interfaces__rosidl_generator_c.so[0m
[ 22%] Built target betfsm_interfaces__rosidl_generator_c
[ 25%] [34m[1mGenerating C introspection for ROS interfaces[0m
[ 30%] [34m[1mGenerating C type support dispatch for ROS interfaces[0m
[ 30%] [34m[1mGenerating C type support for eProsima Fast-RTPS[0m
[ 32%] [32mBuilding CXX object CMakeFiles/betfsm_interfaces__rosidl_typesupport_introspection_cpp.dir/rosidl_typesupport_introspection_cpp/betfsm_interfaces/action/detail/task__type_support.cpp.o[0m
[ 35%] [32mBuilding CXX object CMakeFiles/betfsm_interfaces__rosidl_typesupport_introspection_cpp.dir/rosidl_typesupport_introspection_cpp/betfsm_interfaces/msg/detail/trace__type_support.cpp.o[0m
[ 37%] [32mBuilding CXX object CMakeFiles/betfsm_interfaces__rosidl_typesupport_cpp.dir/rosidl_typesupport_cpp/betfsm_interfaces/msg/trace__type_support.cpp.o[0m
[ 40%] [32mBuilding CXX object CMakeFiles/betfsm_interfaces__rosidl_typesupport_cpp.dir/rosidl_typesupport_cpp/betfsm_interfaces/action/task__type_support.cpp.o[0m
[ 42%] [32mBuilding CXX object CMakeFiles/betfsm_interfaces__rosidl_typesupport_fastrtps_cpp.dir/rosidl_typesupport_fastrtps_cpp/betfsm_interfaces/action/detail/dds_fastrtps/task__type_support.cpp.o[0m
[ 45%] [32mBuilding CXX object CMakeFiles/betfsm_interfaces__rosidl_typesupport_fastrtps_cpp.dir/rosidl_typesupport_fastrtps_cpp/betfsm_interfaces/msg/detail/dds_fastrtps/trace__type_support.cpp.o[0m
[ 47%] [32mBuilding CXX object CMakeFiles/betfsm_interfaces__rosidl_typesupport_c.dir/rosidl_typesupport_c/betfsm_interfaces/action/task__type_support.cpp.o[0m
[ 50%] [32mBuilding CXX object CMakeFiles/betfsm_interfaces__rosidl_typesupport_c.dir/rosidl_typesupport_c/betfsm_interfaces/msg/trace__type_support.cpp.o[0m
[ 52%] [32m[1mLinking CXX shared library libbetfsm_interfaces__rosidl_typesupport_c.so[0m
[ 52%] Built target betfsm_interfaces__rosidl_typesupport_c
[ 57%] [32mBuilding C object CMakeFiles/betfsm_interfaces__rosidl_typesupport_introspection_c.dir/rosidl_typesupport_introspection_c/betfsm_interfaces/action/detail/task__type_support.c.o[0m
[ 57%] [32mBuilding C object CMakeFiles/betfsm_interfaces__rosidl_typesupport_introspection_c.dir/rosidl_typesupport_introspection_c/betfsm_interfaces/msg/detail/trace__type_support.c.o[0m
[ 60%] [32m[1mLinking C shared library libbetfsm_interfaces__rosidl_typesupport_introspection_c.so[0m
[ 60%] Built target betfsm_interfaces__rosidl_typesupport_introspection_c
[ 65%] [32mBuilding CXX object CMakeFiles/betfsm_interfaces__rosidl_typesupport_fastrtps_c.dir/rosidl_typesupport_fastrtps_c/betfsm_interfaces/msg/detail/trace__type_support_c.cpp.o[0m
[ 65%] [32mBuilding CXX object CMakeFiles/betfsm_interfaces__rosidl_typesupport_fastrtps_c.dir/rosidl_typesupport_fastrtps_c/betfsm_interfaces/action/detail/task__type_support_c.cpp.o[0m
[ 67%] [32m[1mLinking CXX shared library libbetfsm_interfaces__rosidl_typesupport_introspection_cpp.so[0m
[ 70%] [32m[1mLinking CXX shared library libbetfsm_interfaces__rosidl_typesupport_cpp.so[0m
[ 70%] Built target betfsm_interfaces__rosidl_typesupport_cpp
[ 70%] Built target betfsm_interfaces__rosidl_typesupport_introspection_cpp
[ 72%] [32m[1mLinking CXX shared library libbetfsm_interfaces__rosidl_typesupport_fastrtps_c.so[0m
[ 75%] [32m[1mLinking CXX shared library libbetfsm_interfaces__rosidl_typesupport_fastrtps_cpp.so[0m
[ 75%] Built target betfsm_interfaces__rosidl_typesupport_fastrtps_c
[ 75%] Built target betfsm_interfaces__rosidl_typesupport_fastrtps_cpp
[ 75%] Built target betfsm_interfaces
[ 77%] [34m[1mGenerating Python code for ROS interfaces[0m
[ 77%] Built target betfsm_interfaces__py
[ 80%] [32mBuilding C object CMakeFiles/betfsm_interfaces__rosidl_generator_py.dir/rosidl_generator_py/betfsm_interfaces/msg/_trace_s.c.o[0m
[ 82%] [32mBuilding C object CMakeFiles/betfsm_interfaces__rosidl_generator_py.dir/rosidl_generator_py/betfsm_interfaces/action/_task_s.c.o[0m
[ 85%] [32m[1mLinking C shared library rosidl_generator_py/betfsm_interfaces/libbetfsm_interfaces__rosidl_generator_py.so[0m
[ 85%] Built target betfsm_interfaces__rosidl_generator_py
[ 87%] [32mBuilding C object CMakeFiles/betfsm_interfaces__rosidl_typesupport_introspection_c__pyext.dir/rosidl_generator_py/betfsm_interfaces/_betfsm_interfaces_s.ep.rosidl_typesupport_introspection_c.c.o[0m
[ 90%] [32mBuilding C object CMakeFiles/betfsm_interfaces__rosidl_typesupport_fastrtps_c__pyext.dir/rosidl_generator_py/betfsm_interfaces/_betfsm_interfaces_s.ep.rosidl_typesupport_fastrtps_c.c.o[0m
[ 92%] [32mBuilding C object CMakeFiles/betfsm_interfaces__rosidl_typesupport_c__pyext.dir/rosidl_generator_py/betfsm_interfaces/_betfsm_interfaces_s.ep.rosidl_typesupport_c.c.o[0m
[ 95%] [32m[1mLinking C shared library rosidl_generator_py/betfsm_interfaces/betfsm_interfaces_s__rosidl_typesupport_c.cpython-310-x86_64-linux-gnu.so[0m
[ 97%] [32m[1mLinking C shared library rosidl_generator_py/betfsm_interfaces/betfsm_interfaces_s__rosidl_typesupport_fastrtps_c.cpython-310-x86_64-linux-gnu.so[0m
[100%] [32m[1mLinking C shared library rosidl_generator_py/betfsm_interfaces/betfsm_interfaces_s__rosidl_typesupport_introspection_c.cpython-310-x86_64-linux-gnu.so[0m
[100%] Built target betfsm_interfaces__rosidl_typesupport_c__pyext
[100%] Built target betfsm_interfaces__rosidl_typesupport_fastrtps_c__pyext
[100%] Built target betfsm_interfaces__rosidl_typesupport_introspection_c__pyext
-- Install configuration: ""
-- Execute custom install script
-- Symlinking: /home/masterthesis/kaixi_crospi_ws/install/betfsm_interfaces/share/ament_index/resource_index/rosidl_interfaces/betfsm_interfaces
-- Symlinking: /home/masterthesis/kaixi_crospi_ws/install/betfsm_interfaces/include/betfsm_interfaces/betfsm_interfaces/action/detail/task__functions.h
-- Symlinking: /home/masterthesis/kaixi_crospi_ws/install/betfsm_interfaces/include/betfsm_interfaces/betfsm_interfaces/action/detail/task__struct.h
-- Symlinking: /home/masterthesis/kaixi_crospi_ws/install/betfsm_interfaces/include/betfsm_interfaces/betfsm_interfaces/action/detail/task__type_support.h
-- Symlinking: /home/masterthesis/kaixi_crospi_ws/install/betfsm_interfaces/include/betfsm_interfaces/betfsm_interfaces/action/task.h
-- Symlinking: /home/masterthesis/kaixi_crospi_ws/install/betfsm_interfaces/include/betfsm_interfaces/betfsm_interfaces/msg/detail/trace__functions.h
-- Symlinking: /home/masterthesis/kaixi_crospi_ws/install/betfsm_interfaces/include/betfsm_interfaces/betfsm_interfaces/msg/detail/trace__struct.h
-- Symlinking: /home/masterthesis/kaixi_crospi_ws/install/betfsm_interfaces/include/betfsm_interfaces/betfsm_interfaces/msg/detail/trace__type_support.h
-- Symlinking: /home/masterthesis/kaixi_crospi_ws/install/betfsm_interfaces/include/betfsm_interfaces/betfsm_interfaces/msg/rosidl_generator_c__visibility_control.h
-- Symlinking: /home/masterthesis/kaixi_crospi_ws/install/betfsm_interfaces/include/betfsm_interfaces/betfsm_interfaces/msg/trace.h
-- Symlinking: /home/masterthesis/kaixi_crospi_ws/install/betfsm_interfaces/share/betfsm_interfaces/environment/library_path.sh
-- Symlinking: /home/masterthesis/kaixi_crospi_ws/install/betfsm_interfaces/share/betfsm_interfaces/environment/library_path.dsv
-- Symlinking: /home/masterthesis/kaixi_crospi_ws/install/betfsm_interfaces/include/betfsm_interfaces/betfsm_interfaces/action/detail/task__rosidl_typesupport_fastrtps_c.h
-- Symlinking: /home/masterthesis/kaixi_crospi_ws/install/betfsm_interfaces/include/betfsm_interfaces/betfsm_interfaces/msg/detail/trace__rosidl_typesupport_fastrtps_c.h
-- Symlinking: /home/masterthesis/kaixi_crospi_ws/install/betfsm_interfaces/include/betfsm_interfaces/betfsm_interfaces/msg/rosidl_typesupport_fastrtps_c__visibility_control.h
-- Symlinking: /home/masterthesis/kaixi_crospi_ws/install/betfsm_interfaces/include/betfsm_interfaces/betfsm_interfaces/action/detail/task__rosidl_typesupport_introspection_c.h
-- Symlinking: /home/masterthesis/kaixi_crospi_ws/install/betfsm_interfaces/include/betfsm_interfaces/betfsm_interfaces/msg/detail/trace__rosidl_typesupport_introspection_c.h
-- Symlinking: /home/masterthesis/kaixi_crospi_ws/install/betfsm_interfaces/include/betfsm_interfaces/betfsm_interfaces/msg/rosidl_typesupport_introspection_c__visibility_control.h
-- Symlinking: /home/masterthesis/kaixi_crospi_ws/install/betfsm_interfaces/include/betfsm_interfaces/betfsm_interfaces/action/detail/task__builder.hpp
-- Symlinking: /home/masterthesis/kaixi_crospi_ws/install/betfsm_interfaces/include/betfsm_interfaces/betfsm_interfaces/action/detail/task__struct.hpp
-- Symlinking: /home/masterthesis/kaixi_crospi_ws/install/betfsm_interfaces/include/betfsm_interfaces/betfsm_interfaces/action/detail/task__traits.hpp
-- Symlinking: /home/masterthesis/kaixi_crospi_ws/install/betfsm_interfaces/include/betfsm_interfaces/betfsm_interfaces/action/detail/task__type_support.hpp
-- Symlinking: /home/masterthesis/kaixi_crospi_ws/install/betfsm_interfaces/include/betfsm_interfaces/betfsm_interfaces/action/task.hpp
-- Symlinking: /home/masterthesis/kaixi_crospi_ws/install/betfsm_interfaces/include/betfsm_interfaces/betfsm_interfaces/msg/detail/trace__builder.hpp
-- Symlinking: /home/masterthesis/kaixi_crospi_ws/install/betfsm_interfaces/include/betfsm_interfaces/betfsm_interfaces/msg/detail/trace__struct.hpp
-- Symlinking: /home/masterthesis/kaixi_crospi_ws/install/betfsm_interfaces/include/betfsm_interfaces/betfsm_interfaces/msg/detail/trace__traits.hpp
-- Symlinking: /home/masterthesis/kaixi_crospi_ws/install/betfsm_interfaces/include/betfsm_interfaces/betfsm_interfaces/msg/detail/trace__type_support.hpp
-- Symlinking: /home/masterthesis/kaixi_crospi_ws/install/betfsm_interfaces/include/betfsm_interfaces/betfsm_interfaces/msg/rosidl_generator_cpp__visibility_control.hpp
-- Symlinking: /home/masterthesis/kaixi_crospi_ws/install/betfsm_interfaces/include/betfsm_interfaces/betfsm_interfaces/msg/trace.hpp
-- Symlinking: /home/masterthesis/kaixi_crospi_ws/install/betfsm_interfaces/include/betfsm_interfaces/betfsm_interfaces/action/detail/task__rosidl_typesupport_fastrtps_cpp.hpp
-- Symlinking: /home/masterthesis/kaixi_crospi_ws/install/betfsm_interfaces/include/betfsm_interfaces/betfsm_interfaces/msg/detail/trace__rosidl_typesupport_fastrtps_cpp.hpp
-- Symlinking: /home/masterthesis/kaixi_crospi_ws/install/betfsm_interfaces/include/betfsm_interfaces/betfsm_interfaces/msg/rosidl_typesupport_fastrtps_cpp__visibility_control.h
-- Symlinking: /home/masterthesis/kaixi_crospi_ws/install/betfsm_interfaces/include/betfsm_interfaces/betfsm_interfaces/action/detail/task__rosidl_typesupport_introspection_cpp.hpp
-- Symlinking: /home/masterthesis/kaixi_crospi_ws/install/betfsm_interfaces/include/betfsm_interfaces/betfsm_interfaces/msg/detail/trace__rosidl_typesupport_introspection_cpp.hpp
-- Symlinking: /home/masterthesis/kaixi_crospi_ws/install/betfsm_interfaces/share/betfsm_interfaces/environment/pythonpath.sh
-- Symlinking: /home/masterthesis/kaixi_crospi_ws/install/betfsm_interfaces/share/betfsm_interfaces/environment/pythonpath.dsv
-- Symlinking: /home/masterthesis/kaixi_crospi_ws/install/betfsm_interfaces/local/lib/python3.10/dist-packages/betfsm_interfaces-0.0.0-py3.10.egg-info/PKG-INFO
-- Symlinking: /home/masterthesis/kaixi_crospi_ws/install/betfsm_interfaces/local/lib/python3.10/dist-packages/betfsm_interfaces-0.0.0-py3.10.egg-info/SOURCES.txt
-- Symlinking: /home/masterthesis/kaixi_crospi_ws/install/betfsm_interfaces/local/lib/python3.10/dist-packages/betfsm_interfaces-0.0.0-py3.10.egg-info/dependency_links.txt
-- Symlinking: /home/masterthesis/kaixi_crospi_ws/install/betfsm_interfaces/local/lib/python3.10/dist-packages/betfsm_interfaces-0.0.0-py3.10.egg-info/top_level.txt
-- Symlinking: /home/masterthesis/kaixi_crospi_ws/install/betfsm_interfaces/local/lib/python3.10/dist-packages/betfsm_interfaces/__init__.py
-- Symlinking: /home/masterthesis/kaixi_crospi_ws/install/betfsm_interfaces/local/lib/python3.10/dist-packages/betfsm_interfaces/_betfsm_interfaces_s.ep.rosidl_typesupport_c.c
-- Symlinking: /home/masterthesis/kaixi_crospi_ws/install/betfsm_interfaces/local/lib/python3.10/dist-packages/betfsm_interfaces/_betfsm_interfaces_s.ep.rosidl_typesupport_fastrtps_c.c
-- Symlinking: /home/masterthesis/kaixi_crospi_ws/install/betfsm_interfaces/local/lib/python3.10/dist-packages/betfsm_interfaces/_betfsm_interfaces_s.ep.rosidl_typesupport_introspection_c.c
-- Symlinking: /home/masterthesis/kaixi_crospi_ws/install/betfsm_interfaces/local/lib/python3.10/dist-packages/betfsm_interfaces/action/__init__.py
-- Symlinking: /home/masterthesis/kaixi_crospi_ws/install/betfsm_interfaces/local/lib/python3.10/dist-packages/betfsm_interfaces/action/_task.py
-- Symlinking: /home/masterthesis/kaixi_crospi_ws/install/betfsm_interfaces/local/lib/python3.10/dist-packages/betfsm_interfaces/action/_task_s.c
-- Symlinking: /home/masterthesis/kaixi_crospi_ws/install/betfsm_interfaces/local/lib/python3.10/dist-packages/betfsm_interfaces/betfsm_interfaces_s__rosidl_typesupport_c.cpython-310-x86_64-linux-gnu.so
-- Symlinking: /home/masterthesis/kaixi_crospi_ws/install/betfsm_interfaces/local/lib/python3.10/dist-packages/betfsm_interfaces/betfsm_interfaces_s__rosidl_typesupport_fastrtps_c.cpython-310-x86_64-linux-gnu.so
-- Symlinking: /home/masterthesis/kaixi_crospi_ws/install/betfsm_interfaces/local/lib/python3.10/dist-packages/betfsm_interfaces/betfsm_interfaces_s__rosidl_typesupport_introspection_c.cpython-310-x86_64-linux-gnu.so
-- Symlinking: /home/masterthesis/kaixi_crospi_ws/install/betfsm_interfaces/local/lib/python3.10/dist-packages/betfsm_interfaces/libbetfsm_interfaces__rosidl_generator_py.so
-- Symlinking: /home/masterthesis/kaixi_crospi_ws/install/betfsm_interfaces/local/lib/python3.10/dist-packages/betfsm_interfaces/msg/__init__.py
-- Symlinking: /home/masterthesis/kaixi_crospi_ws/install/betfsm_interfaces/local/lib/python3.10/dist-packages/betfsm_interfaces/msg/_trace.py
-- Symlinking: /home/masterthesis/kaixi_crospi_ws/install/betfsm_interfaces/local/lib/python3.10/dist-packages/betfsm_interfaces/msg/_trace_s.c
-- Up-to-date symlink: /home/masterthesis/kaixi_crospi_ws/install/betfsm_interfaces/local/lib/python3.10/dist-packages/betfsm_interfaces/betfsm_interfaces_s__rosidl_typesupport_fastrtps_c.cpython-310-x86_64-linux-gnu.so
-- Up-to-date symlink: /home/masterthesis/kaixi_crospi_ws/install/betfsm_interfaces/local/lib/python3.10/dist-packages/betfsm_interfaces/betfsm_interfaces_s__rosidl_typesupport_introspection_c.cpython-310-x86_64-linux-gnu.so
-- Up-to-date symlink: /home/masterthesis/kaixi_crospi_ws/install/betfsm_interfaces/local/lib/python3.10/dist-packages/betfsm_interfaces/betfsm_interfaces_s__rosidl_typesupport_c.cpython-310-x86_64-linux-gnu.so
-- Symlinking: /home/masterthesis/kaixi_crospi_ws/install/betfsm_interfaces/share/ament_index/resource_index/rust_packages/betfsm_interfaces
-- Symlinking: /home/masterthesis/kaixi_crospi_ws/install/betfsm_interfaces/share/betfsm_interfaces/rust/Cargo.toml
-- Symlinking: /home/masterthesis/kaixi_crospi_ws/install/betfsm_interfaces/share/betfsm_interfaces/rust/build.rs
-- Symlinking: /home/masterthesis/kaixi_crospi_ws/install/betfsm_interfaces/share/betfsm_interfaces/rust/src/action.rs
-- Symlinking: /home/masterthesis/kaixi_crospi_ws/install/betfsm_interfaces/share/betfsm_interfaces/rust/src/action/rmw.rs
-- Symlinking: /home/masterthesis/kaixi_crospi_ws/install/betfsm_interfaces/share/betfsm_interfaces/rust/src/lib.rs
-- Symlinking: /home/masterthesis/kaixi_crospi_ws/install/betfsm_interfaces/share/betfsm_interfaces/rust/src/msg.rs
-- Symlinking: /home/masterthesis/kaixi_crospi_ws/install/betfsm_interfaces/share/betfsm_interfaces/rust/src/msg/rmw.rs
-- Symlinking: /home/masterthesis/kaixi_crospi_ws/install/betfsm_interfaces/share/betfsm_interfaces/action/Task.idl
-- Symlinking: /home/masterthesis/kaixi_crospi_ws/install/betfsm_interfaces/share/betfsm_interfaces/msg/Trace.idl
-- Symlinking: /home/masterthesis/kaixi_crospi_ws/install/betfsm_interfaces/share/betfsm_interfaces/action/Task.action
-- Symlinking: /home/masterthesis/kaixi_crospi_ws/install/betfsm_interfaces/share/betfsm_interfaces/msg/Trace.msg
-- Symlinking: /home/masterthesis/kaixi_crospi_ws/install/betfsm_interfaces/share/ament_index/resource_index/package_run_dependencies/betfsm_interfaces
-- Symlinking: /home/masterthesis/kaixi_crospi_ws/install/betfsm_interfaces/share/ament_index/resource_index/parent_prefix_path/betfsm_interfaces
-- Symlinking: /home/masterthesis/kaixi_crospi_ws/install/betfsm_interfaces/share/betfsm_interfaces/environment/ament_prefix_path.sh
-- Symlinking: /home/masterthesis/kaixi_crospi_ws/install/betfsm_interfaces/share/betfsm_interfaces/environment/ament_prefix_path.dsv
-- Symlinking: /home/masterthesis/kaixi_crospi_ws/install/betfsm_interfaces/share/betfsm_interfaces/environment/path.sh
-- Symlinking: /home/masterthesis/kaixi_crospi_ws/install/betfsm_interfaces/share/betfsm_interfaces/environment/path.dsv
-- Symlinking: /home/masterthesis/kaixi_crospi_ws/install/betfsm_interfaces/share/betfsm_interfaces/local_setup.bash
-- Symlinking: /home/masterthesis/kaixi_crospi_ws/install/betfsm_interfaces/share/betfsm_interfaces/local_setup.sh
-- Symlinking: /home/masterthesis/kaixi_crospi_ws/install/betfsm_interfaces/share/betfsm_interfaces/local_setup.zsh
-- Symlinking: /home/masterthesis/kaixi_crospi_ws/install/betfsm_interfaces/share/betfsm_interfaces/local_setup.dsv
-- Symlinking: /home/masterthesis/kaixi_crospi_ws/install/betfsm_interfaces/share/betfsm_interfaces/package.dsv
-- Symlinking: /home/masterthesis/kaixi_crospi_ws/install/betfsm_interfaces/share/ament_index/resource_index/packages/betfsm_interfaces
-- Symlinking: /home/masterthesis/kaixi_crospi_ws/install/betfsm_interfaces/share/betfsm_interfaces/cmake/rosidl_cmake-extras.cmake
-- Symlinking: /home/masterthesis/kaixi_crospi_ws/install/betfsm_interfaces/share/betfsm_interfaces/cmake/ament_cmake_export_dependencies-extras.cmake
-- Symlinking: /home/masterthesis/kaixi_crospi_ws/install/betfsm_interfaces/share/betfsm_interfaces/cmake/ament_cmake_export_include_directories-extras.cmake
-- Symlinking: /home/masterthesis/kaixi_crospi_ws/install/betfsm_interfaces/share/betfsm_interfaces/cmake/ament_cmake_export_libraries-extras.cmake
-- Symlinking: /home/masterthesis/kaixi_crospi_ws/install/betfsm_interfaces/share/betfsm_interfaces/cmake/ament_cmake_export_targets-extras.cmake
-- Symlinking: /home/masterthesis/kaixi_crospi_ws/install/betfsm_interfaces/share/betfsm_interfaces/cmake/rosidl_cmake_export_typesupport_targets-extras.cmake
-- Symlinking: /home/masterthesis/kaixi_crospi_ws/install/betfsm_interfaces/share/betfsm_interfaces/cmake/rosidl_cmake_export_typesupport_libraries-extras.cmake
-- Symlinking: /home/masterthesis/kaixi_crospi_ws/install/betfsm_interfaces/share/betfsm_interfaces/cmake/betfsm_interfacesConfig.cmake
-- Symlinking: /home/masterthesis/kaixi_crospi_ws/install/betfsm_interfaces/share/betfsm_interfaces/cmake/betfsm_interfacesConfig-version.cmake
-- Symlinking: /home/masterthesis/kaixi_crospi_ws/install/betfsm_interfaces/share/betfsm_interfaces/package.xml
-- Installing: /home/masterthesis/kaixi_crospi_ws/install/betfsm_interfaces/lib/libbetfsm_interfaces__rosidl_generator_c.so
-- Set runtime path of "/home/masterthesis/kaixi_crospi_ws/install/betfsm_interfaces/lib/libbetfsm_interfaces__rosidl_generator_c.so" to ""
-- Installing: /home/masterthesis/kaixi_crospi_ws/install/betfsm_interfaces/lib/libbetfsm_interfaces__rosidl_typesupport_fastrtps_c.so
-- Set runtime path of "/home/masterthesis/kaixi_crospi_ws/install/betfsm_interfaces/lib/libbetfsm_interfaces__rosidl_typesupport_fastrtps_c.so" to ""
-- Installing: /home/masterthesis/kaixi_crospi_ws/install/betfsm_interfaces/lib/libbetfsm_interfaces__rosidl_typesupport_introspection_c.so
-- Set runtime path of "/home/masterthesis/kaixi_crospi_ws/install/betfsm_interfaces/lib/libbetfsm_interfaces__rosidl_typesupport_introspection_c.so" to ""
-- Installing: /home/masterthesis/kaixi_crospi_ws/install/betfsm_interfaces/lib/libbetfsm_interfaces__rosidl_typesupport_c.so
-- Set runtime path of "/home/masterthesis/kaixi_crospi_ws/install/betfsm_interfaces/lib/libbetfsm_interfaces__rosidl_typesupport_c.so" to ""
-- Installing: /home/masterthesis/kaixi_crospi_ws/install/betfsm_interfaces/lib/libbetfsm_interfaces__rosidl_typesupport_fastrtps_cpp.so
-- Set runtime path of "/home/masterthesis/kaixi_crospi_ws/install/betfsm_interfaces/lib/libbetfsm_interfaces__rosidl_typesupport_fastrtps_cpp.so" to ""
-- Installing: /home/masterthesis/kaixi_crospi_ws/install/betfsm_interfaces/lib/libbetfsm_interfaces__rosidl_typesupport_introspection_cpp.so
-- Set runtime path of "/home/masterthesis/kaixi_crospi_ws/install/betfsm_interfaces/lib/libbetfsm_interfaces__rosidl_typesupport_introspection_cpp.so" to ""
-- Installing: /home/masterthesis/kaixi_crospi_ws/install/betfsm_interfaces/lib/libbetfsm_interfaces__rosidl_typesupport_cpp.so
-- Set runtime path of "/home/masterthesis/kaixi_crospi_ws/install/betfsm_interfaces/lib/libbetfsm_interfaces__rosidl_typesupport_cpp.so" to ""
Listing '/home/masterthesis/kaixi_crospi_ws/install/betfsm_interfaces/local/lib/python3.10/dist-packages/betfsm_interfaces'...
Compiling '/home/masterthesis/kaixi_crospi_ws/install/betfsm_interfaces/local/lib/python3.10/dist-packages/betfsm_interfaces/__init__.py'...
Listing '/home/masterthesis/kaixi_crospi_ws/install/betfsm_interfaces/local/lib/python3.10/dist-packages/betfsm_interfaces/action'...
Compiling '/home/masterthesis/kaixi_crospi_ws/install/betfsm_interfaces/local/lib/python3.10/dist-packages/betfsm_interfaces/action/__init__.py'...
Compiling '/home/masterthesis/kaixi_crospi_ws/install/betfsm_interfaces/local/lib/python3.10/dist-packages/betfsm_interfaces/action/_task.py'...
Listing '/home/masterthesis/kaixi_crospi_ws/install/betfsm_interfaces/local/lib/python3.10/dist-packages/betfsm_interfaces/msg'...
Compiling '/home/masterthesis/kaixi_crospi_ws/install/betfsm_interfaces/local/lib/python3.10/dist-packages/betfsm_interfaces/msg/__init__.py'...
Compiling '/home/masterthesis/kaixi_crospi_ws/install/betfsm_interfaces/local/lib/python3.10/dist-packages/betfsm_interfaces/msg/_trace.py'...
-- Installing: /home/masterthesis/kaixi_crospi_ws/install/betfsm_interfaces/lib/libbetfsm_interfaces__rosidl_generator_py.so
-- Set runtime path of "/home/masterthesis/kaixi_crospi_ws/install/betfsm_interfaces/lib/libbetfsm_interfaces__rosidl_generator_py.so" to ""
-- Installing: /home/masterthesis/kaixi_crospi_ws/install/betfsm_interfaces/share/betfsm_interfaces/cmake/export_betfsm_interfaces__rosidl_generator_cExport.cmake
-- Installing: /home/masterthesis/kaixi_crospi_ws/install/betfsm_interfaces/share/betfsm_interfaces/cmake/export_betfsm_interfaces__rosidl_generator_cExport-noconfig.cmake
-- Installing: /home/masterthesis/kaixi_crospi_ws/install/betfsm_interfaces/share/betfsm_interfaces/cmake/export_betfsm_interfaces__rosidl_typesupport_fastrtps_cExport.cmake
-- Installing: /home/masterthesis/kaixi_crospi_ws/install/betfsm_interfaces/share/betfsm_interfaces/cmake/export_betfsm_interfaces__rosidl_typesupport_fastrtps_cExport-noconfig.cmake
-- Installing: /home/masterthesis/kaixi_crospi_ws/install/betfsm_interfaces/share/betfsm_interfaces/cmake/betfsm_interfaces__rosidl_typesupport_introspection_cExport.cmake
-- Installing: /home/masterthesis/kaixi_crospi_ws/install/betfsm_interfaces/share/betfsm_interfaces/cmake/betfsm_interfaces__rosidl_typesupport_introspection_cExport-noconfig.cmake
-- Installing: /home/masterthesis/kaixi_crospi_ws/install/betfsm_interfaces/share/betfsm_interfaces/cmake/betfsm_interfaces__rosidl_typesupport_cExport.cmake
-- Installing: /home/masterthesis/kaixi_crospi_ws/install/betfsm_interfaces/share/betfsm_interfaces/cmake/betfsm_interfaces__rosidl_typesupport_cExport-noconfig.cmake
-- Installing: /home/masterthesis/kaixi_crospi_ws/install/betfsm_interfaces/share/betfsm_interfaces/cmake/export_betfsm_interfaces__rosidl_generator_cppExport.cmake
-- Installing: /home/masterthesis/kaixi_crospi_ws/install/betfsm_interfaces/share/betfsm_interfaces/cmake/export_betfsm_interfaces__rosidl_typesupport_fastrtps_cppExport.cmake
-- Installing: /home/masterthesis/kaixi_crospi_ws/install/betfsm_interfaces/share/betfsm_interfaces/cmake/export_betfsm_interfaces__rosidl_typesupport_fastrtps_cppExport-noconfig.cmake
-- Installing: /home/masterthesis/kaixi_crospi_ws/install/betfsm_interfaces/share/betfsm_interfaces/cmake/betfsm_interfaces__rosidl_typesupport_introspection_cppExport.cmake
-- Installing: /home/masterthesis/kaixi_crospi_ws/install/betfsm_interfaces/share/betfsm_interfaces/cmake/betfsm_interfaces__rosidl_typesupport_introspection_cppExport-noconfig.cmake
-- Installing: /home/masterthesis/kaixi_crospi_ws/install/betfsm_interfaces/share/betfsm_interfaces/cmake/betfsm_interfaces__rosidl_typesupport_cppExport.cmake
-- Installing: /home/masterthesis/kaixi_crospi_ws/install/betfsm_interfaces/share/betfsm_interfaces/cmake/betfsm_interfaces__rosidl_typesupport_cppExport-noconfig.cmake
-- Installing: /home/masterthesis/kaixi_crospi_ws/install/betfsm_interfaces/share/betfsm_interfaces/cmake/export_betfsm_interfaces__rosidl_generator_pyExport.cmake
-- Installing: /home/masterthesis/kaixi_crospi_ws/install/betfsm_interfaces/share/betfsm_interfaces/cmake/export_betfsm_interfaces__rosidl_generator_pyExport-noconfig.cmake
