[0.012s] Invoking command in '/home/masterthesis/kaixi_crospi_ws/build/betfsm_interfaces': CMAKE_PREFIX_PATH=/home/masterthesis/workspaces_ros2/kaixi_ws/install/ur_description:/home/masterthesis/workspaces_ros2/kaixi_ws/install/trossen_arm_ros:/home/masterthesis/workspaces_ros2/kaixi_ws/install/trossen_arm_moveit:/home/masterthesis/workspaces_ros2/kaixi_ws/install/trossen_arm_controllers:/home/masterthesis/workspaces_ros2/kaixi_ws/install/trossen_arm_bringup:/home/masterthesis/workspaces_ros2/kaixi_ws/install/trossen_arm_hardware:/home/masterthesis/workspaces_ros2/kaixi_ws/install/trossen_arm_description:/opt/ros2_crospi_ws/install/betfsm_demos:/opt/ros2_crospi_ws/install/betfsm:/opt/ros/humble:/home/masterthesis/workspaces_ros2/kaixi_ws/install/libtrossen_arm:/home/masterthesis/workspaces_ros2/kaixi_ws/install/crospi_application_template:/opt/ros2_crospi_ws/install/template_driver_crospi:/opt/ros2_crospi_ws/install/crospi_default_plugins:/opt/ros2_crospi_ws/install/crospi_core:/opt/ros2_crospi_ws/install/etasl_wrapper:/opt/ros2_crospi_ws/install/crospi_interfaces:/opt/ros2_crospi_ws/install/betfsm_interfaces /usr/bin/cmake /home/masterthesis/kaixi_crospi_ws/src/betfsm/betfsm_interfaces -DAMENT_CMAKE_SYMLINK_INSTALL=1 -DCMAKE_INSTALL_PREFIX=/home/masterthesis/kaixi_crospi_ws/install/betfsm_interfaces
[0.048s] -- The C compiler identification is GNU 11.4.0
[0.086s] -- The CXX compiler identification is GNU 11.4.0
[0.092s] -- Detecting C compiler ABI info
[0.141s] -- Detecting C compiler ABI info - done
[0.146s] -- Check for working C compiler: /usr/bin/cc - skipped
[0.146s] -- Detecting C compile features
[0.147s] -- Detecting C compile features - done
[0.149s] -- Detecting CXX compiler ABI info
[0.204s] -- Detecting CXX compiler ABI info - done
[0.210s] -- Check for working CXX compiler: /usr/bin/c++ - skipped
[0.211s] -- Detecting CXX compile features
[0.211s] -- Detecting CXX compile features - done
[0.220s] -- Found ament_cmake: 1.3.14 (/opt/ros/humble/share/ament_cmake/cmake)
[0.351s] -- Found Python3: /usr/bin/python3 (found version "3.10.12") found components: Interpreter 
[0.406s] -- Override CMake install command with custom implementation using symlinks instead of copying resources
[0.469s] -- Found ament_lint_auto: 0.12.15 (/opt/ros/humble/share/ament_lint_auto/cmake)
[0.573s] -- Found rosidl_default_generators: 1.2.1 (/opt/ros/humble/share/rosidl_default_generators/cmake)
[0.579s] -- Using all available rosidl_typesupport_c: rosidl_typesupport_fastrtps_c;rosidl_typesupport_introspection_c
[0.590s] -- Found rosidl_adapter: 3.1.8 (/opt/ros/humble/share/rosidl_adapter/cmake)
[0.644s] -- Using all available rosidl_typesupport_cpp: rosidl_typesupport_fastrtps_cpp;rosidl_typesupport_introspection_cpp
[0.889s] -- Found ament_cmake_ros: 0.10.0 (/opt/ros/humble/share/ament_cmake_ros/cmake)
[1.052s] -- Using all available rosidl_typesupport_c: rosidl_typesupport_fastrtps_c;rosidl_typesupport_introspection_c
[1.249s] -- Using all available rosidl_typesupport_cpp: rosidl_typesupport_fastrtps_cpp;rosidl_typesupport_introspection_cpp
[1.269s] -- Found PythonInterp: /usr/bin/python3 (found suitable version "3.10.12", minimum required is "3.6") 
[1.273s] -- Found python_cmake_module: 0.10.0 (/opt/ros/humble/share/python_cmake_module/cmake)
[1.295s] -- Found PythonLibs: /usr/lib/x86_64-linux-gnu/libpython3.10.so (found suitable version "3.10.12", minimum required is "3.5") 
[1.295s] -- Using PYTHON_EXECUTABLE: /usr/bin/python3
[1.295s] -- Using PYTHON_INCLUDE_DIRS: /usr/include/python3.10
[1.295s] -- Using PYTHON_LIBRARIES: /usr/lib/x86_64-linux-gnu/libpython3.10.so
[1.312s] -- Found PythonExtra: .so  
[1.406s] -- Added test 'lint_cmake' to check CMake code style
[1.407s] -- Added test 'xmllint' to check XML markup files
[1.413s] -- Configuring done
[1.439s] -- Generating done
[1.448s] -- Build files have been written to: /home/masterthesis/kaixi_crospi_ws/build/betfsm_interfaces
[1.453s] Invoked command in '/home/masterthesis/kaixi_crospi_ws/build/betfsm_interfaces' returned '0': CMAKE_PREFIX_PATH=/home/masterthesis/workspaces_ros2/kaixi_ws/install/ur_description:/home/masterthesis/workspaces_ros2/kaixi_ws/install/trossen_arm_ros:/home/masterthesis/workspaces_ros2/kaixi_ws/install/trossen_arm_moveit:/home/masterthesis/workspaces_ros2/kaixi_ws/install/trossen_arm_controllers:/home/masterthesis/workspaces_ros2/kaixi_ws/install/trossen_arm_bringup:/home/masterthesis/workspaces_ros2/kaixi_ws/install/trossen_arm_hardware:/home/masterthesis/workspaces_ros2/kaixi_ws/install/trossen_arm_description:/opt/ros2_crospi_ws/install/betfsm_demos:/opt/ros2_crospi_ws/install/betfsm:/opt/ros/humble:/home/masterthesis/workspaces_ros2/kaixi_ws/install/libtrossen_arm:/home/masterthesis/workspaces_ros2/kaixi_ws/install/crospi_application_template:/opt/ros2_crospi_ws/install/template_driver_crospi:/opt/ros2_crospi_ws/install/crospi_default_plugins:/opt/ros2_crospi_ws/install/crospi_core:/opt/ros2_crospi_ws/install/etasl_wrapper:/opt/ros2_crospi_ws/install/crospi_interfaces:/opt/ros2_crospi_ws/install/betfsm_interfaces /usr/bin/cmake /home/masterthesis/kaixi_crospi_ws/src/betfsm/betfsm_interfaces -DAMENT_CMAKE_SYMLINK_INSTALL=1 -DCMAKE_INSTALL_PREFIX=/home/masterthesis/kaixi_crospi_ws/install/betfsm_interfaces
[1.455s] Invoking command in '/home/masterthesis/kaixi_crospi_ws/build/betfsm_interfaces': CMAKE_PREFIX_PATH=/home/masterthesis/workspaces_ros2/kaixi_ws/install/ur_description:/home/masterthesis/workspaces_ros2/kaixi_ws/install/trossen_arm_ros:/home/masterthesis/workspaces_ros2/kaixi_ws/install/trossen_arm_moveit:/home/masterthesis/workspaces_ros2/kaixi_ws/install/trossen_arm_controllers:/home/masterthesis/workspaces_ros2/kaixi_ws/install/trossen_arm_bringup:/home/masterthesis/workspaces_ros2/kaixi_ws/install/trossen_arm_hardware:/home/masterthesis/workspaces_ros2/kaixi_ws/install/trossen_arm_description:/opt/ros2_crospi_ws/install/betfsm_demos:/opt/ros2_crospi_ws/install/betfsm:/opt/ros/humble:/home/masterthesis/workspaces_ros2/kaixi_ws/install/libtrossen_arm:/home/masterthesis/workspaces_ros2/kaixi_ws/install/crospi_application_template:/opt/ros2_crospi_ws/install/template_driver_crospi:/opt/ros2_crospi_ws/install/crospi_default_plugins:/opt/ros2_crospi_ws/install/crospi_core:/opt/ros2_crospi_ws/install/etasl_wrapper:/opt/ros2_crospi_ws/install/crospi_interfaces:/opt/ros2_crospi_ws/install/betfsm_interfaces /usr/bin/cmake --build /home/masterthesis/kaixi_crospi_ws/build/betfsm_interfaces -- -j16 -l16
[1.484s] [  2%] [34m[1mGenerating C code for ROS interfaces[0m
[1.491s] [  7%] [34m[1mGenerating Rust code for ROS interfaces[0m
[1.491s] [  7%] [34m[1mGenerating C++ code for ROS interfaces[0m
[1.498s] [  7%] Built target ament_cmake_python_symlink_betfsm_interfaces
[1.769s] [  7%] Built target betfsm_interfaces__rs
[1.805s] running egg_info
[1.806s] creating betfsm_interfaces.egg-info
[1.806s] writing betfsm_interfaces.egg-info/PKG-INFO
[1.806s] writing dependency_links to betfsm_interfaces.egg-info/dependency_links.txt
[1.806s] writing top-level names to betfsm_interfaces.egg-info/top_level.txt
[1.806s] writing manifest file 'betfsm_interfaces.egg-info/SOURCES.txt'
[1.807s] reading manifest file 'betfsm_interfaces.egg-info/SOURCES.txt'
[1.808s] writing manifest file 'betfsm_interfaces.egg-info/SOURCES.txt'
[1.828s] [  7%] Built target ament_cmake_python_build_betfsm_interfaces_egg
[1.983s] [ 12%] [32mBuilding C object CMakeFiles/betfsm_interfaces__rosidl_generator_c.dir/rosidl_generator_c/betfsm_interfaces/msg/detail/trace__functions.c.o[0m
[1.983s] [ 12%] [32mBuilding C object CMakeFiles/betfsm_interfaces__rosidl_generator_c.dir/rosidl_generator_c/betfsm_interfaces/action/detail/task__functions.c.o[0m
[2.048s] [ 12%] Built target betfsm_interfaces__cpp
[2.056s] [ 20%] [34m[1mGenerating C++ type support for eProsima Fast-RTPS[0m
[2.056s] [ 20%] [34m[1mGenerating C++ introspection for ROS interfaces[0m
[2.056s] [ 20%] [34m[1mGenerating C++ type support dispatch for ROS interfaces[0m
[2.083s] [ 22%] [32m[1mLinking C shared library libbetfsm_interfaces__rosidl_generator_c.so[0m
[2.118s] [ 22%] Built target betfsm_interfaces__rosidl_generator_c
[2.126s] [ 25%] [34m[1mGenerating C introspection for ROS interfaces[0m
[2.128s] [ 30%] [34m[1mGenerating C type support dispatch for ROS interfaces[0m
[2.129s] [ 30%] [34m[1mGenerating C type support for eProsima Fast-RTPS[0m
[2.364s] [ 32%] [32mBuilding CXX object CMakeFiles/betfsm_interfaces__rosidl_typesupport_introspection_cpp.dir/rosidl_typesupport_introspection_cpp/betfsm_interfaces/action/detail/task__type_support.cpp.o[0m
[2.364s] [ 35%] [32mBuilding CXX object CMakeFiles/betfsm_interfaces__rosidl_typesupport_introspection_cpp.dir/rosidl_typesupport_introspection_cpp/betfsm_interfaces/msg/detail/trace__type_support.cpp.o[0m
[2.387s] [ 37%] [32mBuilding CXX object CMakeFiles/betfsm_interfaces__rosidl_typesupport_cpp.dir/rosidl_typesupport_cpp/betfsm_interfaces/msg/trace__type_support.cpp.o[0m
[2.388s] [ 40%] [32mBuilding CXX object CMakeFiles/betfsm_interfaces__rosidl_typesupport_cpp.dir/rosidl_typesupport_cpp/betfsm_interfaces/action/task__type_support.cpp.o[0m
[2.433s] [ 42%] [32mBuilding CXX object CMakeFiles/betfsm_interfaces__rosidl_typesupport_fastrtps_cpp.dir/rosidl_typesupport_fastrtps_cpp/betfsm_interfaces/action/detail/dds_fastrtps/task__type_support.cpp.o[0m
[2.436s] [ 45%] [32mBuilding CXX object CMakeFiles/betfsm_interfaces__rosidl_typesupport_fastrtps_cpp.dir/rosidl_typesupport_fastrtps_cpp/betfsm_interfaces/msg/detail/dds_fastrtps/trace__type_support.cpp.o[0m
[2.553s] [ 47%] [32mBuilding CXX object CMakeFiles/betfsm_interfaces__rosidl_typesupport_c.dir/rosidl_typesupport_c/betfsm_interfaces/action/task__type_support.cpp.o[0m
[2.556s] [ 50%] [32mBuilding CXX object CMakeFiles/betfsm_interfaces__rosidl_typesupport_c.dir/rosidl_typesupport_c/betfsm_interfaces/msg/trace__type_support.cpp.o[0m
[2.591s] [ 52%] [32m[1mLinking CXX shared library libbetfsm_interfaces__rosidl_typesupport_c.so[0m
[2.630s] [ 52%] Built target betfsm_interfaces__rosidl_typesupport_c
[2.642s] [ 57%] [32mBuilding C object CMakeFiles/betfsm_interfaces__rosidl_typesupport_introspection_c.dir/rosidl_typesupport_introspection_c/betfsm_interfaces/action/detail/task__type_support.c.o[0m
[2.642s] [ 57%] [32mBuilding C object CMakeFiles/betfsm_interfaces__rosidl_typesupport_introspection_c.dir/rosidl_typesupport_introspection_c/betfsm_interfaces/msg/detail/trace__type_support.c.o[0m
[2.678s] [ 60%] [32m[1mLinking C shared library libbetfsm_interfaces__rosidl_typesupport_introspection_c.so[0m
[2.704s] [ 60%] Built target betfsm_interfaces__rosidl_typesupport_introspection_c
[2.734s] [ 65%] [32mBuilding CXX object CMakeFiles/betfsm_interfaces__rosidl_typesupport_fastrtps_c.dir/rosidl_typesupport_fastrtps_c/betfsm_interfaces/msg/detail/trace__type_support_c.cpp.o[0m
[2.734s] [ 65%] [32mBuilding CXX object CMakeFiles/betfsm_interfaces__rosidl_typesupport_fastrtps_c.dir/rosidl_typesupport_fastrtps_c/betfsm_interfaces/action/detail/task__type_support_c.cpp.o[0m
[2.918s] [ 67%] [32m[1mLinking CXX shared library libbetfsm_interfaces__rosidl_typesupport_introspection_cpp.so[0m
[2.928s] [ 70%] [32m[1mLinking CXX shared library libbetfsm_interfaces__rosidl_typesupport_cpp.so[0m
[2.964s] [ 70%] Built target betfsm_interfaces__rosidl_typesupport_cpp
[2.983s] [ 70%] Built target betfsm_interfaces__rosidl_typesupport_introspection_cpp
[3.041s] [ 72%] [32m[1mLinking CXX shared library libbetfsm_interfaces__rosidl_typesupport_fastrtps_c.so[0m
[3.051s] [ 75%] [32m[1mLinking CXX shared library libbetfsm_interfaces__rosidl_typesupport_fastrtps_cpp.so[0m
[3.101s] [ 75%] Built target betfsm_interfaces__rosidl_typesupport_fastrtps_c
[3.109s] [ 75%] Built target betfsm_interfaces__rosidl_typesupport_fastrtps_cpp
[3.125s] [ 75%] Built target betfsm_interfaces
[3.140s] [ 77%] [34m[1mGenerating Python code for ROS interfaces[0m
[3.895s] [ 77%] Built target betfsm_interfaces__py
[3.913s] [ 80%] [32mBuilding C object CMakeFiles/betfsm_interfaces__rosidl_generator_py.dir/rosidl_generator_py/betfsm_interfaces/msg/_trace_s.c.o[0m
[3.915s] [ 82%] [32mBuilding C object CMakeFiles/betfsm_interfaces__rosidl_generator_py.dir/rosidl_generator_py/betfsm_interfaces/action/_task_s.c.o[0m
[4.117s] [ 85%] [32m[1mLinking C shared library rosidl_generator_py/betfsm_interfaces/libbetfsm_interfaces__rosidl_generator_py.so[0m
[4.213s] [ 85%] Built target betfsm_interfaces__rosidl_generator_py
[4.252s] [ 87%] [32mBuilding C object CMakeFiles/betfsm_interfaces__rosidl_typesupport_introspection_c__pyext.dir/rosidl_generator_py/betfsm_interfaces/_betfsm_interfaces_s.ep.rosidl_typesupport_introspection_c.c.o[0m
[4.268s] [ 90%] [32mBuilding C object CMakeFiles/betfsm_interfaces__rosidl_typesupport_fastrtps_c__pyext.dir/rosidl_generator_py/betfsm_interfaces/_betfsm_interfaces_s.ep.rosidl_typesupport_fastrtps_c.c.o[0m
[4.268s] [ 92%] [32mBuilding C object CMakeFiles/betfsm_interfaces__rosidl_typesupport_c__pyext.dir/rosidl_generator_py/betfsm_interfaces/_betfsm_interfaces_s.ep.rosidl_typesupport_c.c.o[0m
[4.428s] [ 95%] [32m[1mLinking C shared library rosidl_generator_py/betfsm_interfaces/betfsm_interfaces_s__rosidl_typesupport_c.cpython-310-x86_64-linux-gnu.so[0m
[4.465s] [ 97%] [32m[1mLinking C shared library rosidl_generator_py/betfsm_interfaces/betfsm_interfaces_s__rosidl_typesupport_fastrtps_c.cpython-310-x86_64-linux-gnu.so[0m
[4.479s] [100%] [32m[1mLinking C shared library rosidl_generator_py/betfsm_interfaces/betfsm_interfaces_s__rosidl_typesupport_introspection_c.cpython-310-x86_64-linux-gnu.so[0m
[4.486s] [100%] Built target betfsm_interfaces__rosidl_typesupport_c__pyext
[4.526s] [100%] Built target betfsm_interfaces__rosidl_typesupport_fastrtps_c__pyext
[4.526s] [100%] Built target betfsm_interfaces__rosidl_typesupport_introspection_c__pyext
[4.544s] Invoked command in '/home/masterthesis/kaixi_crospi_ws/build/betfsm_interfaces' returned '0': CMAKE_PREFIX_PATH=/home/masterthesis/workspaces_ros2/kaixi_ws/install/ur_description:/home/masterthesis/workspaces_ros2/kaixi_ws/install/trossen_arm_ros:/home/masterthesis/workspaces_ros2/kaixi_ws/install/trossen_arm_moveit:/home/masterthesis/workspaces_ros2/kaixi_ws/install/trossen_arm_controllers:/home/masterthesis/workspaces_ros2/kaixi_ws/install/trossen_arm_bringup:/home/masterthesis/workspaces_ros2/kaixi_ws/install/trossen_arm_hardware:/home/masterthesis/workspaces_ros2/kaixi_ws/install/trossen_arm_description:/opt/ros2_crospi_ws/install/betfsm_demos:/opt/ros2_crospi_ws/install/betfsm:/opt/ros/humble:/home/masterthesis/workspaces_ros2/kaixi_ws/install/libtrossen_arm:/home/masterthesis/workspaces_ros2/kaixi_ws/install/crospi_application_template:/opt/ros2_crospi_ws/install/template_driver_crospi:/opt/ros2_crospi_ws/install/crospi_default_plugins:/opt/ros2_crospi_ws/install/crospi_core:/opt/ros2_crospi_ws/install/etasl_wrapper:/opt/ros2_crospi_ws/install/crospi_interfaces:/opt/ros2_crospi_ws/install/betfsm_interfaces /usr/bin/cmake --build /home/masterthesis/kaixi_crospi_ws/build/betfsm_interfaces -- -j16 -l16
[4.567s] Invoking command in '/home/masterthesis/kaixi_crospi_ws/build/betfsm_interfaces': CMAKE_PREFIX_PATH=/home/masterthesis/workspaces_ros2/kaixi_ws/install/ur_description:/home/masterthesis/workspaces_ros2/kaixi_ws/install/trossen_arm_ros:/home/masterthesis/workspaces_ros2/kaixi_ws/install/trossen_arm_moveit:/home/masterthesis/workspaces_ros2/kaixi_ws/install/trossen_arm_controllers:/home/masterthesis/workspaces_ros2/kaixi_ws/install/trossen_arm_bringup:/home/masterthesis/workspaces_ros2/kaixi_ws/install/trossen_arm_hardware:/home/masterthesis/workspaces_ros2/kaixi_ws/install/trossen_arm_description:/opt/ros2_crospi_ws/install/betfsm_demos:/opt/ros2_crospi_ws/install/betfsm:/opt/ros/humble:/home/masterthesis/workspaces_ros2/kaixi_ws/install/libtrossen_arm:/home/masterthesis/workspaces_ros2/kaixi_ws/install/crospi_application_template:/opt/ros2_crospi_ws/install/template_driver_crospi:/opt/ros2_crospi_ws/install/crospi_default_plugins:/opt/ros2_crospi_ws/install/crospi_core:/opt/ros2_crospi_ws/install/etasl_wrapper:/opt/ros2_crospi_ws/install/crospi_interfaces:/opt/ros2_crospi_ws/install/betfsm_interfaces /usr/bin/cmake --install /home/masterthesis/kaixi_crospi_ws/build/betfsm_interfaces
[4.587s] -- Install configuration: ""
[4.589s] -- Execute custom install script
[4.591s] -- Symlinking: /home/masterthesis/kaixi_crospi_ws/install/betfsm_interfaces/share/ament_index/resource_index/rosidl_interfaces/betfsm_interfaces
[4.611s] -- Symlinking: /home/masterthesis/kaixi_crospi_ws/install/betfsm_interfaces/include/betfsm_interfaces/betfsm_interfaces/action/detail/task__functions.h
[4.632s] -- Symlinking: /home/masterthesis/kaixi_crospi_ws/install/betfsm_interfaces/include/betfsm_interfaces/betfsm_interfaces/action/detail/task__struct.h
[4.653s] -- Symlinking: /home/masterthesis/kaixi_crospi_ws/install/betfsm_interfaces/include/betfsm_interfaces/betfsm_interfaces/action/detail/task__type_support.h
[4.672s] -- Symlinking: /home/masterthesis/kaixi_crospi_ws/install/betfsm_interfaces/include/betfsm_interfaces/betfsm_interfaces/action/task.h
[4.691s] -- Symlinking: /home/masterthesis/kaixi_crospi_ws/install/betfsm_interfaces/include/betfsm_interfaces/betfsm_interfaces/msg/detail/trace__functions.h
[4.703s] -- Symlinking: /home/masterthesis/kaixi_crospi_ws/install/betfsm_interfaces/include/betfsm_interfaces/betfsm_interfaces/msg/detail/trace__struct.h
[4.717s] -- Symlinking: /home/masterthesis/kaixi_crospi_ws/install/betfsm_interfaces/include/betfsm_interfaces/betfsm_interfaces/msg/detail/trace__type_support.h
[4.734s] -- Symlinking: /home/masterthesis/kaixi_crospi_ws/install/betfsm_interfaces/include/betfsm_interfaces/betfsm_interfaces/msg/rosidl_generator_c__visibility_control.h
[4.753s] -- Symlinking: /home/masterthesis/kaixi_crospi_ws/install/betfsm_interfaces/include/betfsm_interfaces/betfsm_interfaces/msg/trace.h
[4.778s] -- Symlinking: /home/masterthesis/kaixi_crospi_ws/install/betfsm_interfaces/share/betfsm_interfaces/environment/library_path.sh
[4.795s] -- Symlinking: /home/masterthesis/kaixi_crospi_ws/install/betfsm_interfaces/share/betfsm_interfaces/environment/library_path.dsv
[4.817s] -- Symlinking: /home/masterthesis/kaixi_crospi_ws/install/betfsm_interfaces/include/betfsm_interfaces/betfsm_interfaces/action/detail/task__rosidl_typesupport_fastrtps_c.h
[4.845s] -- Symlinking: /home/masterthesis/kaixi_crospi_ws/install/betfsm_interfaces/include/betfsm_interfaces/betfsm_interfaces/msg/detail/trace__rosidl_typesupport_fastrtps_c.h
[4.867s] -- Symlinking: /home/masterthesis/kaixi_crospi_ws/install/betfsm_interfaces/include/betfsm_interfaces/betfsm_interfaces/msg/rosidl_typesupport_fastrtps_c__visibility_control.h
[4.888s] -- Symlinking: /home/masterthesis/kaixi_crospi_ws/install/betfsm_interfaces/include/betfsm_interfaces/betfsm_interfaces/action/detail/task__rosidl_typesupport_introspection_c.h
[4.912s] -- Symlinking: /home/masterthesis/kaixi_crospi_ws/install/betfsm_interfaces/include/betfsm_interfaces/betfsm_interfaces/msg/detail/trace__rosidl_typesupport_introspection_c.h
[4.940s] -- Symlinking: /home/masterthesis/kaixi_crospi_ws/install/betfsm_interfaces/include/betfsm_interfaces/betfsm_interfaces/msg/rosidl_typesupport_introspection_c__visibility_control.h
[4.958s] -- Symlinking: /home/masterthesis/kaixi_crospi_ws/install/betfsm_interfaces/include/betfsm_interfaces/betfsm_interfaces/action/detail/task__builder.hpp
[4.980s] -- Symlinking: /home/masterthesis/kaixi_crospi_ws/install/betfsm_interfaces/include/betfsm_interfaces/betfsm_interfaces/action/detail/task__struct.hpp
[4.999s] -- Symlinking: /home/masterthesis/kaixi_crospi_ws/install/betfsm_interfaces/include/betfsm_interfaces/betfsm_interfaces/action/detail/task__traits.hpp
[5.021s] -- Symlinking: /home/masterthesis/kaixi_crospi_ws/install/betfsm_interfaces/include/betfsm_interfaces/betfsm_interfaces/action/detail/task__type_support.hpp
[5.046s] -- Symlinking: /home/masterthesis/kaixi_crospi_ws/install/betfsm_interfaces/include/betfsm_interfaces/betfsm_interfaces/action/task.hpp
[5.057s] -- Symlinking: /home/masterthesis/kaixi_crospi_ws/install/betfsm_interfaces/include/betfsm_interfaces/betfsm_interfaces/msg/detail/trace__builder.hpp
[5.066s] -- Symlinking: /home/masterthesis/kaixi_crospi_ws/install/betfsm_interfaces/include/betfsm_interfaces/betfsm_interfaces/msg/detail/trace__struct.hpp
[5.078s] -- Symlinking: /home/masterthesis/kaixi_crospi_ws/install/betfsm_interfaces/include/betfsm_interfaces/betfsm_interfaces/msg/detail/trace__traits.hpp
[5.101s] -- Symlinking: /home/masterthesis/kaixi_crospi_ws/install/betfsm_interfaces/include/betfsm_interfaces/betfsm_interfaces/msg/detail/trace__type_support.hpp
[5.124s] -- Symlinking: /home/masterthesis/kaixi_crospi_ws/install/betfsm_interfaces/include/betfsm_interfaces/betfsm_interfaces/msg/rosidl_generator_cpp__visibility_control.hpp
[5.146s] -- Symlinking: /home/masterthesis/kaixi_crospi_ws/install/betfsm_interfaces/include/betfsm_interfaces/betfsm_interfaces/msg/trace.hpp
[5.168s] -- Symlinking: /home/masterthesis/kaixi_crospi_ws/install/betfsm_interfaces/include/betfsm_interfaces/betfsm_interfaces/action/detail/task__rosidl_typesupport_fastrtps_cpp.hpp
[5.188s] -- Symlinking: /home/masterthesis/kaixi_crospi_ws/install/betfsm_interfaces/include/betfsm_interfaces/betfsm_interfaces/msg/detail/trace__rosidl_typesupport_fastrtps_cpp.hpp
[5.203s] -- Symlinking: /home/masterthesis/kaixi_crospi_ws/install/betfsm_interfaces/include/betfsm_interfaces/betfsm_interfaces/msg/rosidl_typesupport_fastrtps_cpp__visibility_control.h
[5.213s] -- Symlinking: /home/masterthesis/kaixi_crospi_ws/install/betfsm_interfaces/include/betfsm_interfaces/betfsm_interfaces/action/detail/task__rosidl_typesupport_introspection_cpp.hpp
[5.224s] -- Symlinking: /home/masterthesis/kaixi_crospi_ws/install/betfsm_interfaces/include/betfsm_interfaces/betfsm_interfaces/msg/detail/trace__rosidl_typesupport_introspection_cpp.hpp
[5.235s] -- Symlinking: /home/masterthesis/kaixi_crospi_ws/install/betfsm_interfaces/share/betfsm_interfaces/environment/pythonpath.sh
[5.246s] -- Symlinking: /home/masterthesis/kaixi_crospi_ws/install/betfsm_interfaces/share/betfsm_interfaces/environment/pythonpath.dsv
[5.256s] -- Symlinking: /home/masterthesis/kaixi_crospi_ws/install/betfsm_interfaces/local/lib/python3.10/dist-packages/betfsm_interfaces-0.0.0-py3.10.egg-info/PKG-INFO
[5.267s] -- Symlinking: /home/masterthesis/kaixi_crospi_ws/install/betfsm_interfaces/local/lib/python3.10/dist-packages/betfsm_interfaces-0.0.0-py3.10.egg-info/SOURCES.txt
[5.281s] -- Symlinking: /home/masterthesis/kaixi_crospi_ws/install/betfsm_interfaces/local/lib/python3.10/dist-packages/betfsm_interfaces-0.0.0-py3.10.egg-info/dependency_links.txt
[5.290s] -- Symlinking: /home/masterthesis/kaixi_crospi_ws/install/betfsm_interfaces/local/lib/python3.10/dist-packages/betfsm_interfaces-0.0.0-py3.10.egg-info/top_level.txt
[5.303s] -- Symlinking: /home/masterthesis/kaixi_crospi_ws/install/betfsm_interfaces/local/lib/python3.10/dist-packages/betfsm_interfaces/__init__.py
[5.312s] -- Symlinking: /home/masterthesis/kaixi_crospi_ws/install/betfsm_interfaces/local/lib/python3.10/dist-packages/betfsm_interfaces/_betfsm_interfaces_s.ep.rosidl_typesupport_c.c
[5.322s] -- Symlinking: /home/masterthesis/kaixi_crospi_ws/install/betfsm_interfaces/local/lib/python3.10/dist-packages/betfsm_interfaces/_betfsm_interfaces_s.ep.rosidl_typesupport_fastrtps_c.c
[5.333s] -- Symlinking: /home/masterthesis/kaixi_crospi_ws/install/betfsm_interfaces/local/lib/python3.10/dist-packages/betfsm_interfaces/_betfsm_interfaces_s.ep.rosidl_typesupport_introspection_c.c
[5.345s] -- Symlinking: /home/masterthesis/kaixi_crospi_ws/install/betfsm_interfaces/local/lib/python3.10/dist-packages/betfsm_interfaces/action/__init__.py
[5.370s] -- Symlinking: /home/masterthesis/kaixi_crospi_ws/install/betfsm_interfaces/local/lib/python3.10/dist-packages/betfsm_interfaces/action/_task.py
[5.395s] -- Symlinking: /home/masterthesis/kaixi_crospi_ws/install/betfsm_interfaces/local/lib/python3.10/dist-packages/betfsm_interfaces/action/_task_s.c
[5.420s] -- Symlinking: /home/masterthesis/kaixi_crospi_ws/install/betfsm_interfaces/local/lib/python3.10/dist-packages/betfsm_interfaces/betfsm_interfaces_s__rosidl_typesupport_c.cpython-310-x86_64-linux-gnu.so
[5.435s] -- Symlinking: /home/masterthesis/kaixi_crospi_ws/install/betfsm_interfaces/local/lib/python3.10/dist-packages/betfsm_interfaces/betfsm_interfaces_s__rosidl_typesupport_fastrtps_c.cpython-310-x86_64-linux-gnu.so
[5.451s] -- Symlinking: /home/masterthesis/kaixi_crospi_ws/install/betfsm_interfaces/local/lib/python3.10/dist-packages/betfsm_interfaces/betfsm_interfaces_s__rosidl_typesupport_introspection_c.cpython-310-x86_64-linux-gnu.so
[5.477s] -- Symlinking: /home/masterthesis/kaixi_crospi_ws/install/betfsm_interfaces/local/lib/python3.10/dist-packages/betfsm_interfaces/libbetfsm_interfaces__rosidl_generator_py.so
[5.495s] -- Symlinking: /home/masterthesis/kaixi_crospi_ws/install/betfsm_interfaces/local/lib/python3.10/dist-packages/betfsm_interfaces/msg/__init__.py
[5.521s] -- Symlinking: /home/masterthesis/kaixi_crospi_ws/install/betfsm_interfaces/local/lib/python3.10/dist-packages/betfsm_interfaces/msg/_trace.py
[5.539s] -- Symlinking: /home/masterthesis/kaixi_crospi_ws/install/betfsm_interfaces/local/lib/python3.10/dist-packages/betfsm_interfaces/msg/_trace_s.c
[5.561s] -- Up-to-date symlink: /home/masterthesis/kaixi_crospi_ws/install/betfsm_interfaces/local/lib/python3.10/dist-packages/betfsm_interfaces/betfsm_interfaces_s__rosidl_typesupport_fastrtps_c.cpython-310-x86_64-linux-gnu.so
[5.561s] -- Up-to-date symlink: /home/masterthesis/kaixi_crospi_ws/install/betfsm_interfaces/local/lib/python3.10/dist-packages/betfsm_interfaces/betfsm_interfaces_s__rosidl_typesupport_introspection_c.cpython-310-x86_64-linux-gnu.so
[5.561s] -- Up-to-date symlink: /home/masterthesis/kaixi_crospi_ws/install/betfsm_interfaces/local/lib/python3.10/dist-packages/betfsm_interfaces/betfsm_interfaces_s__rosidl_typesupport_c.cpython-310-x86_64-linux-gnu.so
[5.561s] -- Symlinking: /home/masterthesis/kaixi_crospi_ws/install/betfsm_interfaces/share/ament_index/resource_index/rust_packages/betfsm_interfaces
[5.582s] -- Symlinking: /home/masterthesis/kaixi_crospi_ws/install/betfsm_interfaces/share/betfsm_interfaces/rust/Cargo.toml
[5.604s] -- Symlinking: /home/masterthesis/kaixi_crospi_ws/install/betfsm_interfaces/share/betfsm_interfaces/rust/build.rs
[5.627s] -- Symlinking: /home/masterthesis/kaixi_crospi_ws/install/betfsm_interfaces/share/betfsm_interfaces/rust/src/action.rs
[5.650s] -- Symlinking: /home/masterthesis/kaixi_crospi_ws/install/betfsm_interfaces/share/betfsm_interfaces/rust/src/action/rmw.rs
[5.678s] -- Symlinking: /home/masterthesis/kaixi_crospi_ws/install/betfsm_interfaces/share/betfsm_interfaces/rust/src/lib.rs
[5.703s] -- Symlinking: /home/masterthesis/kaixi_crospi_ws/install/betfsm_interfaces/share/betfsm_interfaces/rust/src/msg.rs
[5.736s] -- Symlinking: /home/masterthesis/kaixi_crospi_ws/install/betfsm_interfaces/share/betfsm_interfaces/rust/src/msg/rmw.rs
[5.748s] -- Symlinking: /home/masterthesis/kaixi_crospi_ws/install/betfsm_interfaces/share/betfsm_interfaces/action/Task.idl
[5.764s] -- Symlinking: /home/masterthesis/kaixi_crospi_ws/install/betfsm_interfaces/share/betfsm_interfaces/msg/Trace.idl
[5.785s] -- Symlinking: /home/masterthesis/kaixi_crospi_ws/install/betfsm_interfaces/share/betfsm_interfaces/action/Task.action
[5.809s] -- Symlinking: /home/masterthesis/kaixi_crospi_ws/install/betfsm_interfaces/share/betfsm_interfaces/msg/Trace.msg
[5.829s] -- Symlinking: /home/masterthesis/kaixi_crospi_ws/install/betfsm_interfaces/share/ament_index/resource_index/package_run_dependencies/betfsm_interfaces
[5.849s] -- Symlinking: /home/masterthesis/kaixi_crospi_ws/install/betfsm_interfaces/share/ament_index/resource_index/parent_prefix_path/betfsm_interfaces
[5.869s] -- Symlinking: /home/masterthesis/kaixi_crospi_ws/install/betfsm_interfaces/share/betfsm_interfaces/environment/ament_prefix_path.sh
[5.896s] -- Symlinking: /home/masterthesis/kaixi_crospi_ws/install/betfsm_interfaces/share/betfsm_interfaces/environment/ament_prefix_path.dsv
[5.918s] -- Symlinking: /home/masterthesis/kaixi_crospi_ws/install/betfsm_interfaces/share/betfsm_interfaces/environment/path.sh
[5.948s] -- Symlinking: /home/masterthesis/kaixi_crospi_ws/install/betfsm_interfaces/share/betfsm_interfaces/environment/path.dsv
[5.972s] -- Symlinking: /home/masterthesis/kaixi_crospi_ws/install/betfsm_interfaces/share/betfsm_interfaces/local_setup.bash
[5.996s] -- Symlinking: /home/masterthesis/kaixi_crospi_ws/install/betfsm_interfaces/share/betfsm_interfaces/local_setup.sh
[6.021s] -- Symlinking: /home/masterthesis/kaixi_crospi_ws/install/betfsm_interfaces/share/betfsm_interfaces/local_setup.zsh
[6.032s] -- Symlinking: /home/masterthesis/kaixi_crospi_ws/install/betfsm_interfaces/share/betfsm_interfaces/local_setup.dsv
[6.043s] -- Symlinking: /home/masterthesis/kaixi_crospi_ws/install/betfsm_interfaces/share/betfsm_interfaces/package.dsv
[6.055s] -- Symlinking: /home/masterthesis/kaixi_crospi_ws/install/betfsm_interfaces/share/ament_index/resource_index/packages/betfsm_interfaces
[6.092s] -- Symlinking: /home/masterthesis/kaixi_crospi_ws/install/betfsm_interfaces/share/betfsm_interfaces/cmake/rosidl_cmake-extras.cmake
[6.110s] -- Symlinking: /home/masterthesis/kaixi_crospi_ws/install/betfsm_interfaces/share/betfsm_interfaces/cmake/ament_cmake_export_dependencies-extras.cmake
[6.133s] -- Symlinking: /home/masterthesis/kaixi_crospi_ws/install/betfsm_interfaces/share/betfsm_interfaces/cmake/ament_cmake_export_include_directories-extras.cmake
[6.153s] -- Symlinking: /home/masterthesis/kaixi_crospi_ws/install/betfsm_interfaces/share/betfsm_interfaces/cmake/ament_cmake_export_libraries-extras.cmake
[6.172s] -- Symlinking: /home/masterthesis/kaixi_crospi_ws/install/betfsm_interfaces/share/betfsm_interfaces/cmake/ament_cmake_export_targets-extras.cmake
[6.195s] -- Symlinking: /home/masterthesis/kaixi_crospi_ws/install/betfsm_interfaces/share/betfsm_interfaces/cmake/rosidl_cmake_export_typesupport_targets-extras.cmake
[6.217s] -- Symlinking: /home/masterthesis/kaixi_crospi_ws/install/betfsm_interfaces/share/betfsm_interfaces/cmake/rosidl_cmake_export_typesupport_libraries-extras.cmake
[6.236s] -- Symlinking: /home/masterthesis/kaixi_crospi_ws/install/betfsm_interfaces/share/betfsm_interfaces/cmake/betfsm_interfacesConfig.cmake
[6.258s] -- Symlinking: /home/masterthesis/kaixi_crospi_ws/install/betfsm_interfaces/share/betfsm_interfaces/cmake/betfsm_interfacesConfig-version.cmake
[6.280s] -- Symlinking: /home/masterthesis/kaixi_crospi_ws/install/betfsm_interfaces/share/betfsm_interfaces/package.xml
[6.298s] -- Installing: /home/masterthesis/kaixi_crospi_ws/install/betfsm_interfaces/lib/libbetfsm_interfaces__rosidl_generator_c.so
[6.300s] -- Set runtime path of "/home/masterthesis/kaixi_crospi_ws/install/betfsm_interfaces/lib/libbetfsm_interfaces__rosidl_generator_c.so" to ""
[6.300s] -- Installing: /home/masterthesis/kaixi_crospi_ws/install/betfsm_interfaces/lib/libbetfsm_interfaces__rosidl_typesupport_fastrtps_c.so
[6.301s] -- Set runtime path of "/home/masterthesis/kaixi_crospi_ws/install/betfsm_interfaces/lib/libbetfsm_interfaces__rosidl_typesupport_fastrtps_c.so" to ""
[6.301s] -- Installing: /home/masterthesis/kaixi_crospi_ws/install/betfsm_interfaces/lib/libbetfsm_interfaces__rosidl_typesupport_introspection_c.so
[6.301s] -- Set runtime path of "/home/masterthesis/kaixi_crospi_ws/install/betfsm_interfaces/lib/libbetfsm_interfaces__rosidl_typesupport_introspection_c.so" to ""
[6.304s] -- Installing: /home/masterthesis/kaixi_crospi_ws/install/betfsm_interfaces/lib/libbetfsm_interfaces__rosidl_typesupport_c.so
[6.304s] -- Set runtime path of "/home/masterthesis/kaixi_crospi_ws/install/betfsm_interfaces/lib/libbetfsm_interfaces__rosidl_typesupport_c.so" to ""
[6.304s] -- Installing: /home/masterthesis/kaixi_crospi_ws/install/betfsm_interfaces/lib/libbetfsm_interfaces__rosidl_typesupport_fastrtps_cpp.so
[6.304s] -- Set runtime path of "/home/masterthesis/kaixi_crospi_ws/install/betfsm_interfaces/lib/libbetfsm_interfaces__rosidl_typesupport_fastrtps_cpp.so" to ""
[6.304s] -- Installing: /home/masterthesis/kaixi_crospi_ws/install/betfsm_interfaces/lib/libbetfsm_interfaces__rosidl_typesupport_introspection_cpp.so
[6.305s] -- Set runtime path of "/home/masterthesis/kaixi_crospi_ws/install/betfsm_interfaces/lib/libbetfsm_interfaces__rosidl_typesupport_introspection_cpp.so" to ""
[6.305s] -- Installing: /home/masterthesis/kaixi_crospi_ws/install/betfsm_interfaces/lib/libbetfsm_interfaces__rosidl_typesupport_cpp.so
[6.305s] -- Set runtime path of "/home/masterthesis/kaixi_crospi_ws/install/betfsm_interfaces/lib/libbetfsm_interfaces__rosidl_typesupport_cpp.so" to ""
[6.425s] Listing '/home/masterthesis/kaixi_crospi_ws/install/betfsm_interfaces/local/lib/python3.10/dist-packages/betfsm_interfaces'...
[6.425s] Compiling '/home/masterthesis/kaixi_crospi_ws/install/betfsm_interfaces/local/lib/python3.10/dist-packages/betfsm_interfaces/__init__.py'...
[6.426s] Listing '/home/masterthesis/kaixi_crospi_ws/install/betfsm_interfaces/local/lib/python3.10/dist-packages/betfsm_interfaces/action'...
[6.426s] Compiling '/home/masterthesis/kaixi_crospi_ws/install/betfsm_interfaces/local/lib/python3.10/dist-packages/betfsm_interfaces/action/__init__.py'...
[6.426s] Compiling '/home/masterthesis/kaixi_crospi_ws/install/betfsm_interfaces/local/lib/python3.10/dist-packages/betfsm_interfaces/action/_task.py'...
[6.426s] Listing '/home/masterthesis/kaixi_crospi_ws/install/betfsm_interfaces/local/lib/python3.10/dist-packages/betfsm_interfaces/msg'...
[6.426s] Compiling '/home/masterthesis/kaixi_crospi_ws/install/betfsm_interfaces/local/lib/python3.10/dist-packages/betfsm_interfaces/msg/__init__.py'...
[6.426s] Compiling '/home/masterthesis/kaixi_crospi_ws/install/betfsm_interfaces/local/lib/python3.10/dist-packages/betfsm_interfaces/msg/_trace.py'...
[6.433s] -- Installing: /home/masterthesis/kaixi_crospi_ws/install/betfsm_interfaces/lib/libbetfsm_interfaces__rosidl_generator_py.so
[6.433s] -- Set runtime path of "/home/masterthesis/kaixi_crospi_ws/install/betfsm_interfaces/lib/libbetfsm_interfaces__rosidl_generator_py.so" to ""
[6.434s] -- Installing: /home/masterthesis/kaixi_crospi_ws/install/betfsm_interfaces/share/betfsm_interfaces/cmake/export_betfsm_interfaces__rosidl_generator_cExport.cmake
[6.434s] -- Installing: /home/masterthesis/kaixi_crospi_ws/install/betfsm_interfaces/share/betfsm_interfaces/cmake/export_betfsm_interfaces__rosidl_generator_cExport-noconfig.cmake
[6.434s] -- Installing: /home/masterthesis/kaixi_crospi_ws/install/betfsm_interfaces/share/betfsm_interfaces/cmake/export_betfsm_interfaces__rosidl_typesupport_fastrtps_cExport.cmake
[6.435s] -- Installing: /home/masterthesis/kaixi_crospi_ws/install/betfsm_interfaces/share/betfsm_interfaces/cmake/export_betfsm_interfaces__rosidl_typesupport_fastrtps_cExport-noconfig.cmake
[6.435s] -- Installing: /home/masterthesis/kaixi_crospi_ws/install/betfsm_interfaces/share/betfsm_interfaces/cmake/betfsm_interfaces__rosidl_typesupport_introspection_cExport.cmake
[6.435s] -- Installing: /home/masterthesis/kaixi_crospi_ws/install/betfsm_interfaces/share/betfsm_interfaces/cmake/betfsm_interfaces__rosidl_typesupport_introspection_cExport-noconfig.cmake
[6.436s] -- Installing: /home/masterthesis/kaixi_crospi_ws/install/betfsm_interfaces/share/betfsm_interfaces/cmake/betfsm_interfaces__rosidl_typesupport_cExport.cmake
[6.436s] -- Installing: /home/masterthesis/kaixi_crospi_ws/install/betfsm_interfaces/share/betfsm_interfaces/cmake/betfsm_interfaces__rosidl_typesupport_cExport-noconfig.cmake
[6.436s] -- Installing: /home/masterthesis/kaixi_crospi_ws/install/betfsm_interfaces/share/betfsm_interfaces/cmake/export_betfsm_interfaces__rosidl_generator_cppExport.cmake
[6.437s] -- Installing: /home/masterthesis/kaixi_crospi_ws/install/betfsm_interfaces/share/betfsm_interfaces/cmake/export_betfsm_interfaces__rosidl_typesupport_fastrtps_cppExport.cmake
[6.437s] -- Installing: /home/masterthesis/kaixi_crospi_ws/install/betfsm_interfaces/share/betfsm_interfaces/cmake/export_betfsm_interfaces__rosidl_typesupport_fastrtps_cppExport-noconfig.cmake
[6.437s] -- Installing: /home/masterthesis/kaixi_crospi_ws/install/betfsm_interfaces/share/betfsm_interfaces/cmake/betfsm_interfaces__rosidl_typesupport_introspection_cppExport.cmake
[6.438s] -- Installing: /home/masterthesis/kaixi_crospi_ws/install/betfsm_interfaces/share/betfsm_interfaces/cmake/betfsm_interfaces__rosidl_typesupport_introspection_cppExport-noconfig.cmake
[6.438s] -- Installing: /home/masterthesis/kaixi_crospi_ws/install/betfsm_interfaces/share/betfsm_interfaces/cmake/betfsm_interfaces__rosidl_typesupport_cppExport.cmake
[6.438s] -- Installing: /home/masterthesis/kaixi_crospi_ws/install/betfsm_interfaces/share/betfsm_interfaces/cmake/betfsm_interfaces__rosidl_typesupport_cppExport-noconfig.cmake
[6.439s] -- Installing: /home/masterthesis/kaixi_crospi_ws/install/betfsm_interfaces/share/betfsm_interfaces/cmake/export_betfsm_interfaces__rosidl_generator_pyExport.cmake
[6.439s] -- Installing: /home/masterthesis/kaixi_crospi_ws/install/betfsm_interfaces/share/betfsm_interfaces/cmake/export_betfsm_interfaces__rosidl_generator_pyExport-noconfig.cmake
[6.452s] Invoked command in '/home/masterthesis/kaixi_crospi_ws/build/betfsm_interfaces' returned '0': CMAKE_PREFIX_PATH=/home/masterthesis/workspaces_ros2/kaixi_ws/install/ur_description:/home/masterthesis/workspaces_ros2/kaixi_ws/install/trossen_arm_ros:/home/masterthesis/workspaces_ros2/kaixi_ws/install/trossen_arm_moveit:/home/masterthesis/workspaces_ros2/kaixi_ws/install/trossen_arm_controllers:/home/masterthesis/workspaces_ros2/kaixi_ws/install/trossen_arm_bringup:/home/masterthesis/workspaces_ros2/kaixi_ws/install/trossen_arm_hardware:/home/masterthesis/workspaces_ros2/kaixi_ws/install/trossen_arm_description:/opt/ros2_crospi_ws/install/betfsm_demos:/opt/ros2_crospi_ws/install/betfsm:/opt/ros/humble:/home/masterthesis/workspaces_ros2/kaixi_ws/install/libtrossen_arm:/home/masterthesis/workspaces_ros2/kaixi_ws/install/crospi_application_template:/opt/ros2_crospi_ws/install/template_driver_crospi:/opt/ros2_crospi_ws/install/crospi_default_plugins:/opt/ros2_crospi_ws/install/crospi_core:/opt/ros2_crospi_ws/install/etasl_wrapper:/opt/ros2_crospi_ws/install/crospi_interfaces:/opt/ros2_crospi_ws/install/betfsm_interfaces /usr/bin/cmake --install /home/masterthesis/kaixi_crospi_ws/build/betfsm_interfaces
