[0.021s] Invoking command in '/home/masterthesis/kaixi_crospi_ws/build/crospi_default_plugins': AMENT_PREFIX_PATH=/home/masterthesis/kaixi_crospi_ws/install/crospi_core:/home/masterthesis/kaixi_crospi_ws/install/etasl_wrapper:/home/masterthesis/kaixi_crospi_ws/install/crospi_interfaces:${AMENT_PREFIX_PATH} CMAKE_PREFIX_PATH=/home/masterthesis/kaixi_crospi_ws/install/crospi_core:/home/masterthesis/kaixi_crospi_ws/install/etasl_wrapper:/home/masterthesis/kaixi_crospi_ws/install/crospi_interfaces:/home/masterthesis/workspaces_ros2/kaixi_ws/install/ur_description:/home/masterthesis/workspaces_ros2/kaixi_ws/install/trossen_arm_ros:/home/masterthesis/workspaces_ros2/kaixi_ws/install/trossen_arm_moveit:/home/masterthesis/workspaces_ros2/kaixi_ws/install/trossen_arm_controllers:/home/masterthesis/workspaces_ros2/kaixi_ws/install/trossen_arm_bringup:/home/masterthesis/workspaces_ros2/kaixi_ws/install/trossen_arm_hardware:/home/masterthesis/workspaces_ros2/kaixi_ws/install/trossen_arm_description:/opt/ros2_crospi_ws/install/betfsm_demos:/opt/ros2_crospi_ws/install/betfsm:/opt/ros/humble:/home/masterthesis/workspaces_ros2/kaixi_ws/install/libtrossen_arm:/home/masterthesis/workspaces_ros2/kaixi_ws/install/crospi_application_template:/opt/ros2_crospi_ws/install/template_driver_crospi:/opt/ros2_crospi_ws/install/crospi_default_plugins:/opt/ros2_crospi_ws/install/crospi_core:/opt/ros2_crospi_ws/install/etasl_wrapper:/opt/ros2_crospi_ws/install/crospi_interfaces:/opt/ros2_crospi_ws/install/betfsm_interfaces LD_LIBRARY_PATH=/home/masterthesis/kaixi_crospi_ws/install/crospi_core/lib:/home/masterthesis/kaixi_crospi_ws/install/etasl_wrapper/lib:/home/masterthesis/kaixi_crospi_ws/install/crospi_interfaces/lib:/home/masterthesis/workspaces_ros2/kaixi_ws/install/trossen_arm_controllers/lib:/home/masterthesis/workspaces_ros2/kaixi_ws/install/trossen_arm_hardware/lib:/opt/ros2_crospi_ws/install/template_driver_crospi/lib:/opt/ros2_crospi_ws/install/crospi_default_plugins/lib:/opt/ros2_crospi_ws/install/crospi_core/lib:/opt/ros2_crospi_ws/install/etasl_wrapper/lib:/opt/ros2_crospi_ws/install/crospi_interfaces/lib:/opt/ros2_crospi_ws/install/betfsm_interfaces/lib:/opt/ros/humble/opt/rviz_ogre_vendor/lib:/opt/ros/humble/lib/x86_64-linux-gnu:/opt/ros/humble/lib:/opt/boost_1.89.0/lib LUA_CPATH=${LUA_CPATH};/home/masterthesis/kaixi_crospi_ws/install/etasl_wrapper/lib/?.so;/home/masterthesis/kaixi_crospi_ws/install/crospi_core/lib/?.so LUA_PATH=?.lua;?.lua;?.lua;?.lua;;/opt/ros2_crospi_ws/install/etasl_wrapper/lib/etasl1.5/?.lua;/opt/ros2_crospi_ws/install/etasl_wrapper/lib/etasl1.5/xml2lua/?.lua;/opt/ros2_crospi_ws/src/crospi/crospi_core/scripts/lib/?.lua;/opt/ros2_crospi_ws/src/crospi/crospi_core/?.lua;/usr/local/share/lua/5.1/?.lua;/opt/ros2_crospi_ws/install/etasl_wrapper/lib/etasl1.5/?.lua;/opt/ros2_crospi_ws/install/etasl_wrapper/lib/etasl1.5/xml2lua/?.lua;/opt/ros2_crospi_ws/src/crospi/crospi_core/scripts/lib/?.lua;/opt/ros2_crospi_ws/src/crospi/crospi_core/?.lua;/usr/local/share/lua/5.1/?.lua;/opt/ros2_crospi_ws/install/etasl_wrapper/lib/etasl1.5/?.lua;/opt/ros2_crospi_ws/install/etasl_wrapper/lib/etasl1.5/xml2lua/?.lua;/opt/ros2_crospi_ws/src/crospi/crospi_core/scripts/lib/?.lua;/opt/ros2_crospi_ws/src/crospi/crospi_core/?.lua;/usr/local/share/lua/5.1/?.lua;/home/masterthesis/kaixi_crospi_ws/install/etasl_wrapper/lib/etasl1.5/?.lua;/home/masterthesis/kaixi_crospi_ws/install/etasl_wrapper/lib/etasl1.5/xml2lua/?.lua;/home/masterthesis/kaixi_crospi_ws/src/crospi/crospi_core/scripts/lib/?.lua;/home/masterthesis/kaixi_crospi_ws/src/crospi/crospi_core/?.lua;/usr/local/share/lua/5.1/?.lua PATH=/home/masterthesis/kaixi_crospi_ws/install/etasl_wrapper/bin:${PATH} PYTHONPATH=/home/masterthesis/kaixi_crospi_ws/install/crospi_core/local/lib/python3.10/dist-packages:/home/masterthesis/kaixi_crospi_ws/install/crospi_interfaces/local/lib/python3.10/dist-packages:${PYTHONPATH} /usr/bin/cmake --build /home/masterthesis/kaixi_crospi_ws/build/crospi_default_plugins -- -j16 -l16
[0.040s] [0m-------------- crospi_default_plugins compiling ----------------[0m
[0.040s] -- Found ament_cmake: 1.3.14 (/opt/ros/humble/share/ament_cmake/cmake)
[0.146s] -- Override CMake install command with custom implementation using symlinks instead of copying resources
[0.152s] -- Found pluginlib: 5.1.3 (/opt/ros/humble/share/pluginlib/cmake)
[0.189s] -- Found crospi_core: 0.0.0 (/home/masterthesis/kaixi_crospi_ws/install/crospi_core/share/crospi_core/cmake)
[0.190s] -- Found crospi_interfaces: 0.0.0 (/home/masterthesis/kaixi_crospi_ws/install/crospi_interfaces/share/crospi_interfaces/cmake)
[0.203s] -- Found rosidl_generator_c: 3.1.8 (/opt/ros/humble/share/rosidl_generator_c/cmake)
[0.205s] -- Found rosidl_adapter: 3.1.8 (/opt/ros/humble/share/rosidl_adapter/cmake)
[0.209s] -- Found rosidl_generator_cpp: 3.1.8 (/opt/ros/humble/share/rosidl_generator_cpp/cmake)
[0.217s] -- Using all available rosidl_typesupport_c: rosidl_typesupport_fastrtps_c;rosidl_typesupport_introspection_c
[0.225s] -- Using all available rosidl_typesupport_cpp: rosidl_typesupport_fastrtps_cpp;rosidl_typesupport_introspection_cpp
[0.297s] -- Found rclcpp: 16.0.18 (/opt/ros/humble/share/rclcpp/cmake)
[0.308s] -- Found rmw_implementation_cmake: 6.1.2 (/opt/ros/humble/share/rmw_implementation_cmake/cmake)
[0.309s] -- Found rmw_fastrtps_cpp: 6.2.10 (/opt/ros/humble/share/rmw_fastrtps_cpp/cmake)
[0.325s] -- Found TinyXML2 via Config file: TinyXML2_DIR-NOTFOUND
[0.332s] -- Found TinyXML2 via Config file: TinyXML2_DIR-NOTFOUND
[0.347s] -- Found TinyXML2 via Config file: TinyXML2_DIR-NOTFOUND
[0.353s] -- Found TinyXML2 via Config file: TinyXML2_DIR-NOTFOUND
[0.361s] -- Using RMW implementation 'rmw_fastrtps_cpp' as default
[0.392s] -- Found rclcpp_lifecycle: 16.0.18 (/opt/ros/humble/share/rclcpp_lifecycle/cmake)
[0.414s] -- Found Boost: /opt/boost_1.89.0/lib/cmake/Boost-1.89.0/BoostConfig.cmake (found version "1.89.0") found components: random 
[0.422s] -- Found Boost: /opt/boost_1.89.0/lib/cmake/Boost-1.89.0/BoostConfig.cmake (found version "1.89.0") found components: chrono 
[0.423s] -- Found sensor_msgs: 4.9.1 (/opt/ros/humble/share/sensor_msgs/cmake)
[0.437s] -- Found tf2: 0.25.19 (/opt/ros/humble/share/tf2/cmake)
[0.440s] -- Found tf2_geometry_msgs: 0.25.19 (/opt/ros/humble/share/tf2_geometry_msgs/cmake)
[0.442s] -- Found eigen3_cmake_module: 0.1.1 (/opt/ros/humble/share/eigen3_cmake_module/cmake)
[0.443s] -- Ensuring Eigen3 include directory is part of orocos-kdl CMake target
[0.487s] -- Using Boost 1.89 from BOOST_189_ROOT=/opt/boost_1.89.0
[0.487s] -- CMAKE_PREFIX_PATH before: 
[0.487s] -- CMAKE_PREFIX_PATH after: /opt/boost_1.89.0
[0.487s] -- Using Boost version 1.89.0
[0.490s] -- Found Boost: /opt/boost_1.89.0/lib/cmake/Boost-1.89.0/BoostConfig.cmake (found suitable version "1.89.0", minimum required is "1.89")  
[0.490s] -- Using Boost version 1.89.0
[0.490s] -- Boost include dirs: /opt/boost_1.89.0/include
[0.495s] -- Found ament_lint_auto: 0.12.15 (/opt/ros/humble/share/ament_lint_auto/cmake)
[0.576s] -- Added test 'cppcheck' to perform static code analysis on C / C++ code
[0.577s] -- Configured cppcheck include dirs: /home/masterthesis/kaixi_crospi_ws/src/crospi/crospi_default_plugins/include;$<BUILD_INTERFACE:/home/masterthesis/kaixi_crospi_ws/src/crospi/crospi_default_plugins/include>
[0.577s] -- Configured cppcheck exclude dirs and/or files: 
[0.577s] -- Added test 'lint_cmake' to check CMake code style
[0.580s] -- Added test 'uncrustify' to check C / C++ code style
[0.580s] -- Configured uncrustify additional arguments: 
[0.580s] -- Added test 'xmllint' to check XML markup files
[0.581s] -- Configuring done
[0.593s] -- Generating done
[0.597s] -- Build files have been written to: /home/masterthesis/kaixi_crospi_ws/build/crospi_default_plugins
[0.627s] [35m[1mConsolidate compiler generated dependencies of target crospi_default_plugins[0m
[0.668s] [  9%] [32mBuilding CXX object CMakeFiles/crospi_default_plugins.dir/src/simulators/simple_kinematic_simulation.cpp.o[0m
[0.673s] [ 18%] [32mBuilding CXX object CMakeFiles/crospi_default_plugins.dir/src/inputhandlers/topicinputhandler.cpp.o[0m
[0.674s] [ 27%] [32mBuilding CXX object CMakeFiles/crospi_default_plugins.dir/src/inputhandlers/twistinputhandler.cpp.o[0m
[0.675s] [ 36%] [32mBuilding CXX object CMakeFiles/crospi_default_plugins.dir/src/inputhandlers/wrenchinputhandler.cpp.o[0m
[0.677s] [ 45%] [32mBuilding CXX object CMakeFiles/crospi_default_plugins.dir/src/inputhandlers/tfinputhandler.cpp.o[0m
[0.678s] [ 54%] [32mBuilding CXX object CMakeFiles/crospi_default_plugins.dir/src/inputhandlers/poseinputhandler.cpp.o[0m
[0.680s] [ 63%] [32mBuilding CXX object CMakeFiles/crospi_default_plugins.dir/src/inputhandlers/vectorinputhandler.cpp.o[0m
[0.682s] [ 72%] [32mBuilding CXX object CMakeFiles/crospi_default_plugins.dir/src/outputhandlers/jointstateoutputhandler.cpp.o[0m
[0.686s] [ 81%] [32mBuilding CXX object CMakeFiles/crospi_default_plugins.dir/src/outputhandlers/topicoutputhandler.cpp.o[0m
[0.688s] [ 90%] [32mBuilding CXX object CMakeFiles/crospi_default_plugins.dir/src/outputhandlers/topicoutputderivativeshandler.cpp.o[0m
[13.295s] [100%] [32m[1mLinking CXX shared library libcrospi_default_plugins.so[0m
[15.239s] [100%] Built target crospi_default_plugins
[15.246s] Invoked command in '/home/masterthesis/kaixi_crospi_ws/build/crospi_default_plugins' returned '0': AMENT_PREFIX_PATH=/home/masterthesis/kaixi_crospi_ws/install/crospi_core:/home/masterthesis/kaixi_crospi_ws/install/etasl_wrapper:/home/masterthesis/kaixi_crospi_ws/install/crospi_interfaces:${AMENT_PREFIX_PATH} CMAKE_PREFIX_PATH=/home/masterthesis/kaixi_crospi_ws/install/crospi_core:/home/masterthesis/kaixi_crospi_ws/install/etasl_wrapper:/home/masterthesis/kaixi_crospi_ws/install/crospi_interfaces:/home/masterthesis/workspaces_ros2/kaixi_ws/install/ur_description:/home/masterthesis/workspaces_ros2/kaixi_ws/install/trossen_arm_ros:/home/masterthesis/workspaces_ros2/kaixi_ws/install/trossen_arm_moveit:/home/masterthesis/workspaces_ros2/kaixi_ws/install/trossen_arm_controllers:/home/masterthesis/workspaces_ros2/kaixi_ws/install/trossen_arm_bringup:/home/masterthesis/workspaces_ros2/kaixi_ws/install/trossen_arm_hardware:/home/masterthesis/workspaces_ros2/kaixi_ws/install/trossen_arm_description:/opt/ros2_crospi_ws/install/betfsm_demos:/opt/ros2_crospi_ws/install/betfsm:/opt/ros/humble:/home/masterthesis/workspaces_ros2/kaixi_ws/install/libtrossen_arm:/home/masterthesis/workspaces_ros2/kaixi_ws/install/crospi_application_template:/opt/ros2_crospi_ws/install/template_driver_crospi:/opt/ros2_crospi_ws/install/crospi_default_plugins:/opt/ros2_crospi_ws/install/crospi_core:/opt/ros2_crospi_ws/install/etasl_wrapper:/opt/ros2_crospi_ws/install/crospi_interfaces:/opt/ros2_crospi_ws/install/betfsm_interfaces LD_LIBRARY_PATH=/home/masterthesis/kaixi_crospi_ws/install/crospi_core/lib:/home/masterthesis/kaixi_crospi_ws/install/etasl_wrapper/lib:/home/masterthesis/kaixi_crospi_ws/install/crospi_interfaces/lib:/home/masterthesis/workspaces_ros2/kaixi_ws/install/trossen_arm_controllers/lib:/home/masterthesis/workspaces_ros2/kaixi_ws/install/trossen_arm_hardware/lib:/opt/ros2_crospi_ws/install/template_driver_crospi/lib:/opt/ros2_crospi_ws/install/crospi_default_plugins/lib:/opt/ros2_crospi_ws/install/crospi_core/lib:/opt/ros2_crospi_ws/install/etasl_wrapper/lib:/opt/ros2_crospi_ws/install/crospi_interfaces/lib:/opt/ros2_crospi_ws/install/betfsm_interfaces/lib:/opt/ros/humble/opt/rviz_ogre_vendor/lib:/opt/ros/humble/lib/x86_64-linux-gnu:/opt/ros/humble/lib:/opt/boost_1.89.0/lib LUA_CPATH=${LUA_CPATH};/home/masterthesis/kaixi_crospi_ws/install/etasl_wrapper/lib/?.so;/home/masterthesis/kaixi_crospi_ws/install/crospi_core/lib/?.so LUA_PATH=?.lua;?.lua;?.lua;?.lua;;/opt/ros2_crospi_ws/install/etasl_wrapper/lib/etasl1.5/?.lua;/opt/ros2_crospi_ws/install/etasl_wrapper/lib/etasl1.5/xml2lua/?.lua;/opt/ros2_crospi_ws/src/crospi/crospi_core/scripts/lib/?.lua;/opt/ros2_crospi_ws/src/crospi/crospi_core/?.lua;/usr/local/share/lua/5.1/?.lua;/opt/ros2_crospi_ws/install/etasl_wrapper/lib/etasl1.5/?.lua;/opt/ros2_crospi_ws/install/etasl_wrapper/lib/etasl1.5/xml2lua/?.lua;/opt/ros2_crospi_ws/src/crospi/crospi_core/scripts/lib/?.lua;/opt/ros2_crospi_ws/src/crospi/crospi_core/?.lua;/usr/local/share/lua/5.1/?.lua;/opt/ros2_crospi_ws/install/etasl_wrapper/lib/etasl1.5/?.lua;/opt/ros2_crospi_ws/install/etasl_wrapper/lib/etasl1.5/xml2lua/?.lua;/opt/ros2_crospi_ws/src/crospi/crospi_core/scripts/lib/?.lua;/opt/ros2_crospi_ws/src/crospi/crospi_core/?.lua;/usr/local/share/lua/5.1/?.lua;/home/masterthesis/kaixi_crospi_ws/install/etasl_wrapper/lib/etasl1.5/?.lua;/home/masterthesis/kaixi_crospi_ws/install/etasl_wrapper/lib/etasl1.5/xml2lua/?.lua;/home/masterthesis/kaixi_crospi_ws/src/crospi/crospi_core/scripts/lib/?.lua;/home/masterthesis/kaixi_crospi_ws/src/crospi/crospi_core/?.lua;/usr/local/share/lua/5.1/?.lua PATH=/home/masterthesis/kaixi_crospi_ws/install/etasl_wrapper/bin:${PATH} PYTHONPATH=/home/masterthesis/kaixi_crospi_ws/install/crospi_core/local/lib/python3.10/dist-packages:/home/masterthesis/kaixi_crospi_ws/install/crospi_interfaces/local/lib/python3.10/dist-packages:${PYTHONPATH} /usr/bin/cmake --build /home/masterthesis/kaixi_crospi_ws/build/crospi_default_plugins -- -j16 -l16
[15.248s] Invoking command in '/home/masterthesis/kaixi_crospi_ws/build/crospi_default_plugins': AMENT_PREFIX_PATH=/home/masterthesis/kaixi_crospi_ws/install/crospi_core:/home/masterthesis/kaixi_crospi_ws/install/etasl_wrapper:/home/masterthesis/kaixi_crospi_ws/install/crospi_interfaces:${AMENT_PREFIX_PATH} CMAKE_PREFIX_PATH=/home/masterthesis/kaixi_crospi_ws/install/crospi_core:/home/masterthesis/kaixi_crospi_ws/install/etasl_wrapper:/home/masterthesis/kaixi_crospi_ws/install/crospi_interfaces:/home/masterthesis/workspaces_ros2/kaixi_ws/install/ur_description:/home/masterthesis/workspaces_ros2/kaixi_ws/install/trossen_arm_ros:/home/masterthesis/workspaces_ros2/kaixi_ws/install/trossen_arm_moveit:/home/masterthesis/workspaces_ros2/kaixi_ws/install/trossen_arm_controllers:/home/masterthesis/workspaces_ros2/kaixi_ws/install/trossen_arm_bringup:/home/masterthesis/workspaces_ros2/kaixi_ws/install/trossen_arm_hardware:/home/masterthesis/workspaces_ros2/kaixi_ws/install/trossen_arm_description:/opt/ros2_crospi_ws/install/betfsm_demos:/opt/ros2_crospi_ws/install/betfsm:/opt/ros/humble:/home/masterthesis/workspaces_ros2/kaixi_ws/install/libtrossen_arm:/home/masterthesis/workspaces_ros2/kaixi_ws/install/crospi_application_template:/opt/ros2_crospi_ws/install/template_driver_crospi:/opt/ros2_crospi_ws/install/crospi_default_plugins:/opt/ros2_crospi_ws/install/crospi_core:/opt/ros2_crospi_ws/install/etasl_wrapper:/opt/ros2_crospi_ws/install/crospi_interfaces:/opt/ros2_crospi_ws/install/betfsm_interfaces LD_LIBRARY_PATH=/home/masterthesis/kaixi_crospi_ws/install/crospi_core/lib:/home/masterthesis/kaixi_crospi_ws/install/etasl_wrapper/lib:/home/masterthesis/kaixi_crospi_ws/install/crospi_interfaces/lib:/home/masterthesis/workspaces_ros2/kaixi_ws/install/trossen_arm_controllers/lib:/home/masterthesis/workspaces_ros2/kaixi_ws/install/trossen_arm_hardware/lib:/opt/ros2_crospi_ws/install/template_driver_crospi/lib:/opt/ros2_crospi_ws/install/crospi_default_plugins/lib:/opt/ros2_crospi_ws/install/crospi_core/lib:/opt/ros2_crospi_ws/install/etasl_wrapper/lib:/opt/ros2_crospi_ws/install/crospi_interfaces/lib:/opt/ros2_crospi_ws/install/betfsm_interfaces/lib:/opt/ros/humble/opt/rviz_ogre_vendor/lib:/opt/ros/humble/lib/x86_64-linux-gnu:/opt/ros/humble/lib:/opt/boost_1.89.0/lib LUA_CPATH=${LUA_CPATH};/home/masterthesis/kaixi_crospi_ws/install/etasl_wrapper/lib/?.so;/home/masterthesis/kaixi_crospi_ws/install/crospi_core/lib/?.so LUA_PATH=?.lua;?.lua;?.lua;?.lua;;/opt/ros2_crospi_ws/install/etasl_wrapper/lib/etasl1.5/?.lua;/opt/ros2_crospi_ws/install/etasl_wrapper/lib/etasl1.5/xml2lua/?.lua;/opt/ros2_crospi_ws/src/crospi/crospi_core/scripts/lib/?.lua;/opt/ros2_crospi_ws/src/crospi/crospi_core/?.lua;/usr/local/share/lua/5.1/?.lua;/opt/ros2_crospi_ws/install/etasl_wrapper/lib/etasl1.5/?.lua;/opt/ros2_crospi_ws/install/etasl_wrapper/lib/etasl1.5/xml2lua/?.lua;/opt/ros2_crospi_ws/src/crospi/crospi_core/scripts/lib/?.lua;/opt/ros2_crospi_ws/src/crospi/crospi_core/?.lua;/usr/local/share/lua/5.1/?.lua;/opt/ros2_crospi_ws/install/etasl_wrapper/lib/etasl1.5/?.lua;/opt/ros2_crospi_ws/install/etasl_wrapper/lib/etasl1.5/xml2lua/?.lua;/opt/ros2_crospi_ws/src/crospi/crospi_core/scripts/lib/?.lua;/opt/ros2_crospi_ws/src/crospi/crospi_core/?.lua;/usr/local/share/lua/5.1/?.lua;/home/masterthesis/kaixi_crospi_ws/install/etasl_wrapper/lib/etasl1.5/?.lua;/home/masterthesis/kaixi_crospi_ws/install/etasl_wrapper/lib/etasl1.5/xml2lua/?.lua;/home/masterthesis/kaixi_crospi_ws/src/crospi/crospi_core/scripts/lib/?.lua;/home/masterthesis/kaixi_crospi_ws/src/crospi/crospi_core/?.lua;/usr/local/share/lua/5.1/?.lua PATH=/home/masterthesis/kaixi_crospi_ws/install/etasl_wrapper/bin:${PATH} PYTHONPATH=/home/masterthesis/kaixi_crospi_ws/install/crospi_core/local/lib/python3.10/dist-packages:/home/masterthesis/kaixi_crospi_ws/install/crospi_interfaces/local/lib/python3.10/dist-packages:${PYTHONPATH} /usr/bin/cmake --install /home/masterthesis/kaixi_crospi_ws/build/crospi_default_plugins
[15.253s] -- Install configuration: ""
[15.253s] -- Execute custom install script
[15.253s] -- Symlinking: /home/masterthesis/kaixi_crospi_ws/install/crospi_default_plugins/share/crospi_default_plugins//plugins.xml
[15.259s] -- Symlinking: /home/masterthesis/kaixi_crospi_ws/install/crospi_default_plugins/share/crospi_default_plugins/environment/library_path.sh
[15.265s] -- Symlinking: /home/masterthesis/kaixi_crospi_ws/install/crospi_default_plugins/share/crospi_default_plugins/environment/library_path.dsv
[15.271s] -- Symlinking: /home/masterthesis/kaixi_crospi_ws/install/crospi_default_plugins/lib/libcrospi_default_plugins.so
[15.277s] -- Symlinking: /home/masterthesis/kaixi_crospi_ws/install/crospi_default_plugins/include/DELETEME_fileoutputhandlerfactory.hpp
[15.283s] -- Symlinking: /home/masterthesis/kaixi_crospi_ws/install/crospi_default_plugins/include/DELETEME_jointstateoutputhandlerfactory.hpp
[15.289s] -- Symlinking: /home/masterthesis/kaixi_crospi_ws/install/crospi_default_plugins/include/DELETEME_tfoutputhandlerfactory.hpp
[15.295s] -- Symlinking: /home/masterthesis/kaixi_crospi_ws/install/crospi_default_plugins/include/DELETEME_topicoutputhandlerfactory.hpp
[15.301s] -- Symlinking: /home/masterthesis/kaixi_crospi_ws/install/crospi_default_plugins/include/inputhandlers/poseinputhandler.hpp
[15.306s] -- Symlinking: /home/masterthesis/kaixi_crospi_ws/install/crospi_default_plugins/include/inputhandlers/tfinputhandler.hpp
[15.311s] -- Symlinking: /home/masterthesis/kaixi_crospi_ws/install/crospi_default_plugins/include/inputhandlers/topicinputhandler.hpp
[15.317s] -- Symlinking: /home/masterthesis/kaixi_crospi_ws/install/crospi_default_plugins/include/inputhandlers/twistinputhandler.hpp
[15.322s] -- Symlinking: /home/masterthesis/kaixi_crospi_ws/install/crospi_default_plugins/include/inputhandlers/vectorinputhandler.hpp
[15.328s] -- Symlinking: /home/masterthesis/kaixi_crospi_ws/install/crospi_default_plugins/include/inputhandlers/wrenchinputhandler.hpp
[15.333s] -- Symlinking: /home/masterthesis/kaixi_crospi_ws/install/crospi_default_plugins/include/outputhandlers/DELETEME_fileoutputhandler.hpp
[15.338s] -- Symlinking: /home/masterthesis/kaixi_crospi_ws/install/crospi_default_plugins/include/outputhandlers/jointstateoutputhandler.hpp
[15.344s] -- Symlinking: /home/masterthesis/kaixi_crospi_ws/install/crospi_default_plugins/include/outputhandlers/tfoutputhandler.hpp
[15.349s] -- Symlinking: /home/masterthesis/kaixi_crospi_ws/install/crospi_default_plugins/include/outputhandlers/topicoutputderivativeshandler.hpp
[15.354s] -- Symlinking: /home/masterthesis/kaixi_crospi_ws/install/crospi_default_plugins/include/outputhandlers/topicoutputhandler.hpp
[15.360s] -- Symlinking: /home/masterthesis/kaixi_crospi_ws/install/crospi_default_plugins/include/simulators/simple_kinematic_simulation.hpp
[15.366s] -- Symlinking: /home/masterthesis/kaixi_crospi_ws/install/crospi_default_plugins/share/crospi_default_plugins/json_schemas/JointStateOutputHandler.schema.json
[15.372s] -- Symlinking: /home/masterthesis/kaixi_crospi_ws/install/crospi_default_plugins/share/crospi_default_plugins/json_schemas/PoseInputHandler.schema.json
[15.377s] -- Symlinking: /home/masterthesis/kaixi_crospi_ws/install/crospi_default_plugins/share/crospi_default_plugins/json_schemas/TFInputHandler.schema.json
[15.383s] -- Symlinking: /home/masterthesis/kaixi_crospi_ws/install/crospi_default_plugins/share/crospi_default_plugins/json_schemas/TFOutputHandler.schema.json
[15.389s] -- Symlinking: /home/masterthesis/kaixi_crospi_ws/install/crospi_default_plugins/share/crospi_default_plugins/json_schemas/TopicInputHandler.schema.json
[15.394s] -- Symlinking: /home/masterthesis/kaixi_crospi_ws/install/crospi_default_plugins/share/crospi_default_plugins/json_schemas/TopicOutputDerivativesHandler.schema.json
[15.400s] -- Symlinking: /home/masterthesis/kaixi_crospi_ws/install/crospi_default_plugins/share/crospi_default_plugins/json_schemas/TopicOutputHandler.schema.json
[15.406s] -- Symlinking: /home/masterthesis/kaixi_crospi_ws/install/crospi_default_plugins/share/crospi_default_plugins/json_schemas/TwistInputHandler.schema.json
[15.411s] -- Symlinking: /home/masterthesis/kaixi_crospi_ws/install/crospi_default_plugins/share/crospi_default_plugins/json_schemas/VectorInputHandler.schema.json
[15.417s] -- Symlinking: /home/masterthesis/kaixi_crospi_ws/install/crospi_default_plugins/share/crospi_default_plugins/json_schemas/WrenchInputHandler.schema.json
[15.422s] -- Symlinking: /home/masterthesis/kaixi_crospi_ws/install/crospi_default_plugins/share/crospi_default_plugins/json_schemas/deleteme/FileOutputHandler.schema.json
[15.428s] -- Symlinking: /home/masterthesis/kaixi_crospi_ws/install/crospi_default_plugins/share/crospi_default_plugins/json_schemas/simple_kinematic_simulation.schema.json
[15.433s] -- Symlinking: /home/masterthesis/kaixi_crospi_ws/install/crospi_default_plugins/share/ament_index/resource_index/package_run_dependencies/crospi_default_plugins
[15.439s] -- Symlinking: /home/masterthesis/kaixi_crospi_ws/install/crospi_default_plugins/share/ament_index/resource_index/parent_prefix_path/crospi_default_plugins
[15.444s] -- Symlinking: /home/masterthesis/kaixi_crospi_ws/install/crospi_default_plugins/share/crospi_default_plugins/environment/ament_prefix_path.sh
[15.449s] -- Symlinking: /home/masterthesis/kaixi_crospi_ws/install/crospi_default_plugins/share/crospi_default_plugins/environment/ament_prefix_path.dsv
[15.455s] -- Symlinking: /home/masterthesis/kaixi_crospi_ws/install/crospi_default_plugins/share/crospi_default_plugins/environment/path.sh
[15.461s] -- Symlinking: /home/masterthesis/kaixi_crospi_ws/install/crospi_default_plugins/share/crospi_default_plugins/environment/path.dsv
[15.466s] -- Symlinking: /home/masterthesis/kaixi_crospi_ws/install/crospi_default_plugins/share/crospi_default_plugins/local_setup.bash
[15.472s] -- Symlinking: /home/masterthesis/kaixi_crospi_ws/install/crospi_default_plugins/share/crospi_default_plugins/local_setup.sh
[15.478s] -- Symlinking: /home/masterthesis/kaixi_crospi_ws/install/crospi_default_plugins/share/crospi_default_plugins/local_setup.zsh
[15.484s] -- Symlinking: /home/masterthesis/kaixi_crospi_ws/install/crospi_default_plugins/share/crospi_default_plugins/local_setup.dsv
[15.490s] -- Symlinking: /home/masterthesis/kaixi_crospi_ws/install/crospi_default_plugins/share/crospi_default_plugins/package.dsv
[15.495s] -- Symlinking: /home/masterthesis/kaixi_crospi_ws/install/crospi_default_plugins/share/ament_index/resource_index/packages/crospi_default_plugins
[15.501s] -- Symlinking: /home/masterthesis/kaixi_crospi_ws/install/crospi_default_plugins/share/ament_index/resource_index/crospi_core__pluginlib__plugin/crospi_default_plugins
[15.507s] -- Symlinking: /home/masterthesis/kaixi_crospi_ws/install/crospi_default_plugins/share/crospi_default_plugins/cmake/ament_cmake_export_dependencies-extras.cmake
[15.512s] -- Symlinking: /home/masterthesis/kaixi_crospi_ws/install/crospi_default_plugins/share/crospi_default_plugins/cmake/ament_cmake_export_libraries-extras.cmake
[15.518s] -- Symlinking: /home/masterthesis/kaixi_crospi_ws/install/crospi_default_plugins/share/crospi_default_plugins/cmake/crospi_default_pluginsConfig.cmake
[15.523s] -- Symlinking: /home/masterthesis/kaixi_crospi_ws/install/crospi_default_plugins/share/crospi_default_plugins/cmake/crospi_default_pluginsConfig-version.cmake
[15.529s] -- Symlinking: /home/masterthesis/kaixi_crospi_ws/install/crospi_default_plugins/share/crospi_default_plugins/package.xml
[15.536s] Invoked command in '/home/masterthesis/kaixi_crospi_ws/build/crospi_default_plugins' returned '0': AMENT_PREFIX_PATH=/home/masterthesis/kaixi_crospi_ws/install/crospi_core:/home/masterthesis/kaixi_crospi_ws/install/etasl_wrapper:/home/masterthesis/kaixi_crospi_ws/install/crospi_interfaces:${AMENT_PREFIX_PATH} CMAKE_PREFIX_PATH=/home/masterthesis/kaixi_crospi_ws/install/crospi_core:/home/masterthesis/kaixi_crospi_ws/install/etasl_wrapper:/home/masterthesis/kaixi_crospi_ws/install/crospi_interfaces:/home/masterthesis/workspaces_ros2/kaixi_ws/install/ur_description:/home/masterthesis/workspaces_ros2/kaixi_ws/install/trossen_arm_ros:/home/masterthesis/workspaces_ros2/kaixi_ws/install/trossen_arm_moveit:/home/masterthesis/workspaces_ros2/kaixi_ws/install/trossen_arm_controllers:/home/masterthesis/workspaces_ros2/kaixi_ws/install/trossen_arm_bringup:/home/masterthesis/workspaces_ros2/kaixi_ws/install/trossen_arm_hardware:/home/masterthesis/workspaces_ros2/kaixi_ws/install/trossen_arm_description:/opt/ros2_crospi_ws/install/betfsm_demos:/opt/ros2_crospi_ws/install/betfsm:/opt/ros/humble:/home/masterthesis/workspaces_ros2/kaixi_ws/install/libtrossen_arm:/home/masterthesis/workspaces_ros2/kaixi_ws/install/crospi_application_template:/opt/ros2_crospi_ws/install/template_driver_crospi:/opt/ros2_crospi_ws/install/crospi_default_plugins:/opt/ros2_crospi_ws/install/crospi_core:/opt/ros2_crospi_ws/install/etasl_wrapper:/opt/ros2_crospi_ws/install/crospi_interfaces:/opt/ros2_crospi_ws/install/betfsm_interfaces LD_LIBRARY_PATH=/home/masterthesis/kaixi_crospi_ws/install/crospi_core/lib:/home/masterthesis/kaixi_crospi_ws/install/etasl_wrapper/lib:/home/masterthesis/kaixi_crospi_ws/install/crospi_interfaces/lib:/home/masterthesis/workspaces_ros2/kaixi_ws/install/trossen_arm_controllers/lib:/home/masterthesis/workspaces_ros2/kaixi_ws/install/trossen_arm_hardware/lib:/opt/ros2_crospi_ws/install/template_driver_crospi/lib:/opt/ros2_crospi_ws/install/crospi_default_plugins/lib:/opt/ros2_crospi_ws/install/crospi_core/lib:/opt/ros2_crospi_ws/install/etasl_wrapper/lib:/opt/ros2_crospi_ws/install/crospi_interfaces/lib:/opt/ros2_crospi_ws/install/betfsm_interfaces/lib:/opt/ros/humble/opt/rviz_ogre_vendor/lib:/opt/ros/humble/lib/x86_64-linux-gnu:/opt/ros/humble/lib:/opt/boost_1.89.0/lib LUA_CPATH=${LUA_CPATH};/home/masterthesis/kaixi_crospi_ws/install/etasl_wrapper/lib/?.so;/home/masterthesis/kaixi_crospi_ws/install/crospi_core/lib/?.so LUA_PATH=?.lua;?.lua;?.lua;?.lua;;/opt/ros2_crospi_ws/install/etasl_wrapper/lib/etasl1.5/?.lua;/opt/ros2_crospi_ws/install/etasl_wrapper/lib/etasl1.5/xml2lua/?.lua;/opt/ros2_crospi_ws/src/crospi/crospi_core/scripts/lib/?.lua;/opt/ros2_crospi_ws/src/crospi/crospi_core/?.lua;/usr/local/share/lua/5.1/?.lua;/opt/ros2_crospi_ws/install/etasl_wrapper/lib/etasl1.5/?.lua;/opt/ros2_crospi_ws/install/etasl_wrapper/lib/etasl1.5/xml2lua/?.lua;/opt/ros2_crospi_ws/src/crospi/crospi_core/scripts/lib/?.lua;/opt/ros2_crospi_ws/src/crospi/crospi_core/?.lua;/usr/local/share/lua/5.1/?.lua;/opt/ros2_crospi_ws/install/etasl_wrapper/lib/etasl1.5/?.lua;/opt/ros2_crospi_ws/install/etasl_wrapper/lib/etasl1.5/xml2lua/?.lua;/opt/ros2_crospi_ws/src/crospi/crospi_core/scripts/lib/?.lua;/opt/ros2_crospi_ws/src/crospi/crospi_core/?.lua;/usr/local/share/lua/5.1/?.lua;/home/masterthesis/kaixi_crospi_ws/install/etasl_wrapper/lib/etasl1.5/?.lua;/home/masterthesis/kaixi_crospi_ws/install/etasl_wrapper/lib/etasl1.5/xml2lua/?.lua;/home/masterthesis/kaixi_crospi_ws/src/crospi/crospi_core/scripts/lib/?.lua;/home/masterthesis/kaixi_crospi_ws/src/crospi/crospi_core/?.lua;/usr/local/share/lua/5.1/?.lua PATH=/home/masterthesis/kaixi_crospi_ws/install/etasl_wrapper/bin:${PATH} PYTHONPATH=/home/masterthesis/kaixi_crospi_ws/install/crospi_core/local/lib/python3.10/dist-packages:/home/masterthesis/kaixi_crospi_ws/install/crospi_interfaces/local/lib/python3.10/dist-packages:${PYTHONPATH} /usr/bin/cmake --install /home/masterthesis/kaixi_crospi_ws/build/crospi_default_plugins
