-- The C compiler identification is GNU 11.4.0
-- The CXX compiler identification is GNU 11.4.0
-- Detecting C compiler ABI info
-- Detecting C compiler ABI info - done
-- Check for working C compiler: /usr/bin/cc - skipped
-- Detecting C compile features
-- Detecting C compile features - done
-- Detecting CXX compiler ABI info
-- Detecting CXX compiler ABI info - done
-- Check for working CXX compiler: /usr/bin/c++ - skipped
-- Detecting CXX compile features
-- Detecting CXX compile features - done
-- Using Boost 1.89 from BOOST_189_ROOT=/opt/boost_1.89.0
-- CMAKE_PREFIX_PATH before: 
-- CMAKE_PREFIX_PATH after: /opt/boost_1.89.0
-- Using Boost version 
-- Found Boost: /opt/boost_1.89.0/lib/cmake/Boost-1.89.0/BoostConfig.cmake (found suitable version "1.89.0", minimum required is "1.89")  
-- Boost include dirs after find_package: /opt/boost_1.89.0/include
-- Found ament_cmake: 1.3.14 (/opt/ros/humble/share/ament_cmake/cmake)
-- Found Python3: /usr/bin/python3 (found version "3.10.12") found components: Interpreter 
-- Override CMake install command with custom implementation using symlinks instead of copying resources
-- Found std_msgs: 4.9.1 (/opt/ros/humble/share/std_msgs/cmake)
-- Found rosidl_generator_c: 3.1.8 (/opt/ros/humble/share/rosidl_generator_c/cmake)
-- Found rosidl_adapter: 3.1.8 (/opt/ros/humble/share/rosidl_adapter/cmake)
-- Found rosidl_generator_cpp: 3.1.8 (/opt/ros/humble/share/rosidl_generator_cpp/cmake)
-- Using all available rosidl_typesupport_c: rosidl_typesupport_fastrtps_c;rosidl_typesupport_introspection_c
-- Using all available rosidl_typesupport_cpp: rosidl_typesupport_fastrtps_cpp;rosidl_typesupport_introspection_cpp
-- Found rosidl_default_generators: 1.2.1 (/opt/ros/humble/share/rosidl_default_generators/cmake)
-- Found Boost: /opt/boost_1.89.0/lib/cmake/Boost-1.89.0/BoostConfig.cmake (found version "1.89.0") found components: random 
-- Found Boost: /opt/boost_1.89.0/lib/cmake/Boost-1.89.0/BoostConfig.cmake (found version "1.89.0") found components: chrono 
-- Found rclcpp: 16.0.18 (/opt/ros/humble/share/rclcpp/cmake)
-- Found rmw_implementation_cmake: 6.1.2 (/opt/ros/humble/share/rmw_implementation_cmake/cmake)
-- Found rmw_fastrtps_cpp: 6.2.10 (/opt/ros/humble/share/rmw_fastrtps_cpp/cmake)
-- Found OpenSSL: /usr/lib/x86_64-linux-gnu/libcrypto.so (found version "3.0.2")  
-- Found FastRTPS: /opt/ros/humble/include  
-- Using RMW implementation 'rmw_fastrtps_cpp' as default
-- Looking for pthread.h
-- Looking for pthread.h - found
-- Performing Test CMAKE_HAVE_LIBC_PTHREAD
-- Performing Test CMAKE_HAVE_LIBC_PTHREAD - Success
-- Found Threads: TRUE  
-- Found sensor_msgs: 4.9.1 (/opt/ros/humble/share/sensor_msgs/cmake)
-- Found rclcpp_lifecycle: 16.0.18 (/opt/ros/humble/share/rclcpp_lifecycle/cmake)
-- Found rclcpp_action: 16.0.18 (/opt/ros/humble/share/rclcpp_action/cmake)
-- Found Boost: /opt/boost_1.89.0/lib/cmake/Boost-1.89.0/BoostConfig.cmake (found version "1.89.0") found components: random 
-- Found Boost: /opt/boost_1.89.0/lib/cmake/Boost-1.89.0/BoostConfig.cmake (found version "1.89.0") found components: chrono 
-- Found resource_retriever: 3.1.3 (/opt/ros/humble/share/resource_retriever/cmake)
-- library: /usr/lib/x86_64-linux-gnu/libcurl.so
-- Found crospi_interfaces: 0.0.0 (/home/masterthesis/kaixi_crospi_ws/install/crospi_interfaces/share/crospi_interfaces/cmake)
-- Found Lua51: /usr/lib/x86_64-linux-gnu/liblua5.1.so;/usr/lib/x86_64-linux-gnu/libm.so (found version "5.1.5") 
-- Found tf2: 0.25.19 (/opt/ros/humble/share/tf2/cmake)
-- Found tf2_geometry_msgs: 0.25.19 (/opt/ros/humble/share/tf2_geometry_msgs/cmake)
-- Found eigen3_cmake_module: 0.1.1 (/opt/ros/humble/share/eigen3_cmake_module/cmake)
-- Found Eigen3: TRUE (found version "3.4.0") 
-- Ensuring Eigen3 include directory is part of orocos-kdl CMake target
-- Found pluginlib: 5.1.3 (/opt/ros/humble/share/pluginlib/cmake)
-- Found rclcpp_lifecycle: 16.0.18 (/opt/ros/humble/share/rclcpp_lifecycle/cmake)
-- Found rclcpp_action: 16.0.18 (/opt/ros/humble/share/rclcpp_action/cmake)
-- Found Boost: /opt/boost_1.89.0/lib/cmake/Boost-1.89.0/BoostConfig.cmake (found version "1.89.0") found components: random 
-- Found Boost: /opt/boost_1.89.0/lib/cmake/Boost-1.89.0/BoostConfig.cmake (found version "1.89.0") found components: chrono 
-- Found resource_retriever: 3.1.3 (/opt/ros/humble/share/resource_retriever/cmake)
-- library: /usr/lib/x86_64-linux-gnu/libcurl.so
-- Found crospi_interfaces: 0.0.0 (/home/masterthesis/kaixi_crospi_ws/install/crospi_interfaces/share/crospi_interfaces/cmake)
-- Found tf2: 0.25.19 (/opt/ros/humble/share/tf2/cmake)
-- Found tf2_geometry_msgs: 0.25.19 (/opt/ros/humble/share/tf2_geometry_msgs/cmake)
-- Found eigen3_cmake_module: 0.1.1 (/opt/ros/humble/share/eigen3_cmake_module/cmake)
-- Ensuring Eigen3 include directory is part of orocos-kdl CMake target
-- Found pluginlib: 5.1.3 (/opt/ros/humble/share/pluginlib/cmake)
-- Found Boost: /opt/boost_1.89.0/lib/cmake/Boost-1.89.0/BoostConfig.cmake (found suitable version "1.89.0", minimum required is "1.89")  
-- Using Boost version 1.89.0
-- Found rclcpp: 16.0.18 (/opt/ros/humble/share/rclcpp/cmake)
-- Found rmw_implementation_cmake: 6.1.2 (/opt/ros/humble/share/rmw_implementation_cmake/cmake)
-- Found rmw_fastrtps_cpp: 6.2.10 (/opt/ros/humble/share/rmw_fastrtps_cpp/cmake)
-- Using RMW implementation 'rmw_fastrtps_cpp' as default
-- Found std_srvs: 4.9.1 (/opt/ros/humble/share/std_srvs/cmake)
-- Found sensor_msgs: 4.9.1 (/opt/ros/humble/share/sensor_msgs/cmake)
-- Found rclcpp_lifecycle: 16.0.18 (/opt/ros/humble/share/rclcpp_lifecycle/cmake)
-- Found Boost: /opt/boost_1.89.0/lib/cmake/Boost-1.89.0/BoostConfig.cmake (found version "1.89.0") found components: random 
-- Found Boost: /opt/boost_1.89.0/lib/cmake/Boost-1.89.0/BoostConfig.cmake (found version "1.89.0") found components: chrono 
-- Found pluginlib: 5.1.3 (/opt/ros/humble/share/pluginlib/cmake)
-- Found Boost: /opt/boost_1.89.0/lib/cmake/Boost-1.89.0/BoostConfig.cmake (found suitable version "1.89.0", minimum required is "1.89")  
-- Using Boost version 1.89.0
-- Boost include dirs: /opt/boost_1.89.0/include
-- Found Python3: /usr/bin/python3 (found version "3.10.12") found components: Interpreter Development Development.Module Development.Embed 
-- Found ament_lint_auto: 0.12.15 (/opt/ros/humble/share/ament_lint_auto/cmake)
-- Added test 'cppcheck' to perform static code analysis on C / C++ code
-- Configured cppcheck include dirs: /home/masterthesis/kaixi_crospi_ws/src/crospi/crospi_core/include
-- Configured cppcheck exclude dirs and/or files: 
-- Added test 'flake8' to check Python code syntax and style conventions
-- Added test 'lint_cmake' to check CMake code style
-- Added test 'pep257' to check Python code against some of the docstring style conventions in PEP 257
-- Added test 'uncrustify' to check C / C++ code style
-- Configured uncrustify additional arguments: 
-- Added test 'xmllint' to check XML markup files
-- Configuring done
-- Generating done
-- Build files have been written to: /home/masterthesis/kaixi_crospi_ws/build/crospi_core
[  4%] [32mBuilding CXX object src/misc/CMakeFiles/etasl_misc_lib.dir/featurevariableinitializer.cpp.o[0m
[ 14%] [32mBuilding CXX object src/misc/crospi_utils/CMakeFiles/crospi_utils.dir/blackboard.cpp.o[0m
[ 14%] [32mBuilding CXX object src/misc/crospi_utils/CMakeFiles/crospi_utils.dir/outputhandler.cpp.o[0m
[ 19%] [32mBuilding CXX object src/misc/crospi_utils/CMakeFiles/crospi_utils.dir/featurevariableinitializer.cpp.o[0m
[ 23%] [32mBuilding CXX object src/misc/CMakeFiles/etasl_misc_lib.dir/IO_handlers_deleteme.cpp.o[0m
[ 28%] [32mBuilding CXX object src/misc/crospi_utils/CMakeFiles/amentlua.dir/amentlua.cpp.o[0m
[ 33%] [32mBuilding CXX object src/misc/CMakeFiles/etasl_misc_lib.dir/port_observer.cpp.o[0m
[ 38%] [32mBuilding CXX object src/misc/robot_interfacing_utils/CMakeFiles/robot_interfacing_utils.dir/thread_manager.cpp.o[0m
[ 42%] [32mBuilding CXX object src/misc/crospi_utils/CMakeFiles/crospi_utils.dir/string_interpolate.cpp.o[0m
[ 47%] [32mBuilding CXX object src/misc/crospi_utils/CMakeFiles/crospi_utils.dir/qpoasessolverfactory.cpp.o[0m
[ 52%] [32mBuilding CXX object src/misc/crospi_utils/CMakeFiles/crospi_utils.dir/json_checker.cpp.o[0m
[ 52%] Built target ament_cmake_python_symlink_crospi_py
running egg_info
creating crospi_py.egg-info
writing crospi_py.egg-info/PKG-INFO
writing dependency_links to crospi_py.egg-info/dependency_links.txt
writing top-level names to crospi_py.egg-info/top_level.txt
writing manifest file 'crospi_py.egg-info/SOURCES.txt'
reading manifest file 'crospi_py.egg-info/SOURCES.txt'
writing manifest file 'crospi_py.egg-info/SOURCES.txt'
[ 52%] Built target ament_cmake_python_build_crospi_py_egg
[ 57%] [32m[1mLinking CXX shared library librobot_interfacing_utils.so[0m
[ 57%] Built target robot_interfacing_utils
[ 61%] [32m[1mLinking CXX shared library libamentlua.so[0m
[ 61%] Built target amentlua
[ 66%] [32m[1mLinking CXX shared library libcrospi_utils.so[0m
[ 66%] Built target crospi_utils
[ 80%] [32mBuilding CXX object src/misc/crospi_node_utils/CMakeFiles/crospi_node_utils.dir/robot_driver_manager_lockfree.cpp.o[0m
[ 80%] [32mBuilding CXX object src/misc/crospi_node_utils/CMakeFiles/crospi_node_utils.dir/io_handler_manager.cpp.o[0m
[ 80%] [32mBuilding CXX object src/misc/crospi_node_utils/CMakeFiles/crospi_node_utils.dir/multiple_drivers_manager.cpp.o[0m
[ 85%] [32m[1mLinking CXX static library libetasl_misc_lib.a[0m
[ 85%] Built target etasl_misc_lib
[ 90%] [32m[1mLinking CXX shared library libcrospi_node_utils.so[0m
[ 90%] Built target crospi_node_utils
[ 95%] [32mBuilding CXX object src/ros2_nodes/crospi_node/CMakeFiles/crospi_node.dir/crospi_node.cpp.o[0m
[100%] [32m[1mLinking CXX executable crospi_node[0m
[100%] Built target crospi_node
-- Install configuration: ""
-- Execute custom install script
-- Symlinking: /home/masterthesis/kaixi_crospi_ws/install/crospi_core/share/crospi_core/scripts/lib/jsonschema.lua
-- Symlinking: /home/masterthesis/kaixi_crospi_ws/install/crospi_core/share/crospi_core/scripts/lib/task_requirements.lua
-- Symlinking: /home/masterthesis/kaixi_crospi_ws/install/crospi_core/share/crospi_core/scripts/schema_DELETEME/blackboard-schema.json
-- Symlinking: /home/masterthesis/kaixi_crospi_ws/install/crospi_core/share/crospi_core/scripts/schema_DELETEME/default_robot_specification.json
-- Symlinking: /home/masterthesis/kaixi_crospi_ws/install/crospi_core/share/crospi_core/scripts/schema_DELETEME/etasl.json
-- Symlinking: /home/masterthesis/kaixi_crospi_ws/install/crospi_core/share/crospi_core/scripts/schema_DELETEME/fileoutputhandler.json
-- Symlinking: /home/masterthesis/kaixi_crospi_ws/install/crospi_core/share/crospi_core/scripts/schema_DELETEME/frame.json
-- Symlinking: /home/masterthesis/kaixi_crospi_ws/install/crospi_core/share/crospi_core/scripts/schema_DELETEME/general.json
-- Symlinking: /home/masterthesis/kaixi_crospi_ws/install/crospi_core/share/crospi_core/scripts/schema_DELETEME/initializer.json
-- Symlinking: /home/masterthesis/kaixi_crospi_ws/install/crospi_core/share/crospi_core/scripts/schema_DELETEME/inline_robotspecification.json
-- Symlinking: /home/masterthesis/kaixi_crospi_ws/install/crospi_core/share/crospi_core/scripts/schema_DELETEME/inputhandler.json
-- Symlinking: /home/masterthesis/kaixi_crospi_ws/install/crospi_core/share/crospi_core/scripts/schema_DELETEME/iohandlers.json
-- Symlinking: /home/masterthesis/kaixi_crospi_ws/install/crospi_core/share/crospi_core/scripts/schema_DELETEME/jointstateinputhandler.json
-- Symlinking: /home/masterthesis/kaixi_crospi_ws/install/crospi_core/share/crospi_core/scripts/schema_DELETEME/jointstateoutputhandler.json
-- Symlinking: /home/masterthesis/kaixi_crospi_ws/install/crospi_core/share/crospi_core/scripts/schema_DELETEME/kuka_iiwa_driver.json
-- Symlinking: /home/masterthesis/kaixi_crospi_ws/install/crospi_core/share/crospi_core/scripts/schema_DELETEME/lua_robotspecification.json
-- Symlinking: /home/masterthesis/kaixi_crospi_ws/install/crospi_core/share/crospi_core/scripts/schema_DELETEME/old_schemas/default-task.json
-- Symlinking: /home/masterthesis/kaixi_crospi_ws/install/crospi_core/share/crospi_core/scripts/schema_DELETEME/old_schemas/etasl-task-instance.json
-- Symlinking: /home/masterthesis/kaixi_crospi_ws/install/crospi_core/share/crospi_core/scripts/schema_DELETEME/old_schemas/etasl-task.json
-- Symlinking: /home/masterthesis/kaixi_crospi_ws/install/crospi_core/share/crospi_core/scripts/schema_DELETEME/old_schemas/input-topic.json
-- Symlinking: /home/masterthesis/kaixi_crospi_ws/install/crospi_core/share/crospi_core/scripts/schema_DELETEME/old_schemas/moveto-parameters.json
-- Symlinking: /home/masterthesis/kaixi_crospi_ws/install/crospi_core/share/crospi_core/scripts/schema_DELETEME/old_schemas/moveto-schema.json
-- Symlinking: /home/masterthesis/kaixi_crospi_ws/install/crospi_core/share/crospi_core/scripts/schema_DELETEME/old_schemas/number.json
-- Symlinking: /home/masterthesis/kaixi_crospi_ws/install/crospi_core/share/crospi_core/scripts/schema_DELETEME/old_schemas/robot-configuration.json
-- Symlinking: /home/masterthesis/kaixi_crospi_ws/install/crospi_core/share/crospi_core/scripts/schema_DELETEME/old_schemas/robot.json
-- Symlinking: /home/masterthesis/kaixi_crospi_ws/install/crospi_core/share/crospi_core/scripts/schema_DELETEME/old_schemas/robotsimulator.json
-- Symlinking: /home/masterthesis/kaixi_crospi_ws/install/crospi_core/share/crospi_core/scripts/schema_DELETEME/orientation-quaternion.json
-- Symlinking: /home/masterthesis/kaixi_crospi_ws/install/crospi_core/share/crospi_core/scripts/schema_DELETEME/orientation-rpy.json
-- Symlinking: /home/masterthesis/kaixi_crospi_ws/install/crospi_core/share/crospi_core/scripts/schema_DELETEME/orientation.json
-- Symlinking: /home/masterthesis/kaixi_crospi_ws/install/crospi_core/share/crospi_core/scripts/schema_DELETEME/output-topic.json
-- Symlinking: /home/masterthesis/kaixi_crospi_ws/install/crospi_core/share/crospi_core/scripts/schema_DELETEME/outputhandler.json
-- Symlinking: /home/masterthesis/kaixi_crospi_ws/install/crospi_core/share/crospi_core/scripts/schema_DELETEME/qpoasessolver.json
-- Symlinking: /home/masterthesis/kaixi_crospi_ws/install/crospi_core/share/crospi_core/scripts/schema_DELETEME/robot.json
-- Symlinking: /home/masterthesis/kaixi_crospi_ws/install/crospi_core/share/crospi_core/scripts/schema_DELETEME/robotdriver.json
-- Symlinking: /home/masterthesis/kaixi_crospi_ws/install/crospi_core/share/crospi_core/scripts/schema_DELETEME/screw_angular.json
-- Symlinking: /home/masterthesis/kaixi_crospi_ws/install/crospi_core/share/crospi_core/scripts/schema_DELETEME/screw_linear.json
-- Symlinking: /home/masterthesis/kaixi_crospi_ws/install/crospi_core/share/crospi_core/scripts/schema_DELETEME/simple_kinematic_simulation.json
-- Symlinking: /home/masterthesis/kaixi_crospi_ws/install/crospi_core/share/crospi_core/scripts/schema_DELETEME/tasks/four_bar_mechanism-schema.json
-- Symlinking: /home/masterthesis/kaixi_crospi_ws/install/crospi_core/share/crospi_core/scripts/schema_DELETEME/tasks/move-circle.json
-- Symlinking: /home/masterthesis/kaixi_crospi_ws/install/crospi_core/share/crospi_core/scripts/schema_DELETEME/tasks/moveto-jointspace.json
-- Symlinking: /home/masterthesis/kaixi_crospi_ws/install/crospi_core/share/crospi_core/scripts/schema_DELETEME/tfoutputhandler.json
-- Symlinking: /home/masterthesis/kaixi_crospi_ws/install/crospi_core/share/crospi_core/scripts/schema_DELETEME/topicinputhandler.json
-- Symlinking: /home/masterthesis/kaixi_crospi_ws/install/crospi_core/share/crospi_core/scripts/schema_DELETEME/topicoutputhandler.json
-- Symlinking: /home/masterthesis/kaixi_crospi_ws/install/crospi_core/share/crospi_core/scripts/schema_DELETEME/twist.json
-- Symlinking: /home/masterthesis/kaixi_crospi_ws/install/crospi_core/share/crospi_core/scripts/schema_DELETEME/twistinputhandler.json
-- Symlinking: /home/masterthesis/kaixi_crospi_ws/install/crospi_core/share/crospi_core/scripts/schema_DELETEME/ur10erobotdriver.json
-- Symlinking: /home/masterthesis/kaixi_crospi_ws/install/crospi_core/share/crospi_core/scripts/schema_DELETEME/vector.json
-- Symlinking: /home/masterthesis/kaixi_crospi_ws/install/crospi_core/share/crospi_core/scripts/schema_DELETEME/worldmodel/ball_joint.json
-- Symlinking: /home/masterthesis/kaixi_crospi_ws/install/crospi_core/share/crospi_core/scripts/schema_DELETEME/worldmodel/connection.json
-- Symlinking: /home/masterthesis/kaixi_crospi_ws/install/crospi_core/share/crospi_core/scripts/schema_DELETEME/worldmodel/contour.json
-- Symlinking: /home/masterthesis/kaixi_crospi_ws/install/crospi_core/share/crospi_core/scripts/schema_DELETEME/worldmodel/cubicspline.json
-- Symlinking: /home/masterthesis/kaixi_crospi_ws/install/crospi_core/share/crospi_core/scripts/schema_DELETEME/worldmodel/fixed_joint.json
-- Symlinking: /home/masterthesis/kaixi_crospi_ws/install/crospi_core/share/crospi_core/scripts/schema_DELETEME/worldmodel/jointstates.json
-- Symlinking: /home/masterthesis/kaixi_crospi_ws/install/crospi_core/share/crospi_core/scripts/schema_DELETEME/worldmodel/node.json
-- Symlinking: /home/masterthesis/kaixi_crospi_ws/install/crospi_core/share/crospi_core/scripts/schema_DELETEME/worldmodel/prismatic_joint.json
-- Symlinking: /home/masterthesis/kaixi_crospi_ws/install/crospi_core/share/crospi_core/scripts/schema_DELETEME/worldmodel/revolute_joint.json
-- Symlinking: /home/masterthesis/kaixi_crospi_ws/install/crospi_core/share/crospi_core/scripts/schema_DELETEME/worldmodel/sensor.json
-- Symlinking: /home/masterthesis/kaixi_crospi_ws/install/crospi_core/share/crospi_core/scripts/schema_DELETEME/worldmodel/single_variable.json
-- Symlinking: /home/masterthesis/kaixi_crospi_ws/install/crospi_core/share/crospi_core/scripts/schema_DELETEME/worldmodel/taskframeconstraint.json
-- Symlinking: /home/masterthesis/kaixi_crospi_ws/install/crospi_core/share/crospi_core/scripts/schema_DELETEME/worldmodel/taskframeconstraints.json
-- Symlinking: /home/masterthesis/kaixi_crospi_ws/install/crospi_core/share/crospi_core/scripts/schema_DELETEME/worldmodel/taskspecification.json
-- Symlinking: /home/masterthesis/kaixi_crospi_ws/install/crospi_core/share/crospi_core/scripts/schema_DELETEME/worldmodel/variables.json
-- Symlinking: /home/masterthesis/kaixi_crospi_ws/install/crospi_core/share/crospi_core/scripts/schema_DELETEME/worldmodel/worldmodel.json
-- Symlinking: /home/masterthesis/kaixi_crospi_ws/install/crospi_core/share/crospi_core/scripts/schema_DELETEME/wrench.json
-- Symlinking: /home/masterthesis/kaixi_crospi_ws/install/crospi_core/share/crospi_core/scripts/schema_DELETEME/wrenchinputhandler.json
-- Symlinking: /home/masterthesis/kaixi_crospi_ws/install/crospi_core/include/IO_handlers_deleteme.hpp
-- Symlinking: /home/masterthesis/kaixi_crospi_ws/install/crospi_core/include/crospi_node_utils/io_handler_manager.hpp
-- Symlinking: /home/masterthesis/kaixi_crospi_ws/install/crospi_core/include/crospi_node_utils/multiple_drivers_manager.hpp
-- Symlinking: /home/masterthesis/kaixi_crospi_ws/install/crospi_core/include/crospi_node_utils/robot_driver_manager_DELETEME.hpp
-- Symlinking: /home/masterthesis/kaixi_crospi_ws/install/crospi_core/include/crospi_node_utils/robot_driver_manager_lockfree.hpp
-- Symlinking: /home/masterthesis/kaixi_crospi_ws/install/crospi_core/include/crospi_utils/DELETEME_abstracttask.hpp
-- Symlinking: /home/masterthesis/kaixi_crospi_ws/install/crospi_core/include/crospi_utils/DELETEME_buffers.hpp
-- Symlinking: /home/masterthesis/kaixi_crospi_ws/install/crospi_core/include/crospi_utils/DELETEME_fileoutputhandler.hpp
-- Symlinking: /home/masterthesis/kaixi_crospi_ws/install/crospi_core/include/crospi_utils/DELETEME_fileoutputhandlerfactory.hpp
-- Symlinking: /home/masterthesis/kaixi_crospi_ws/install/crospi_core/include/crospi_utils/DELETEME_inputhandlerfactory.hpp
-- Symlinking: /home/masterthesis/kaixi_crospi_ws/install/crospi_core/include/crospi_utils/DELETEME_loghandler.hpp
-- Symlinking: /home/masterthesis/kaixi_crospi_ws/install/crospi_core/include/crospi_utils/DELETEME_outputhandlerfactory.hpp
-- Symlinking: /home/masterthesis/kaixi_crospi_ws/install/crospi_core/include/crospi_utils/DELETEME_printobserver.hpp
-- Symlinking: /home/masterthesis/kaixi_crospi_ws/install/crospi_core/include/crospi_utils/DELETEME_robot.hpp
-- Symlinking: /home/masterthesis/kaixi_crospi_ws/install/crospi_core/include/crospi_utils/DELETEME_robotfactory.hpp
-- Symlinking: /home/masterthesis/kaixi_crospi_ws/install/crospi_core/include/crospi_utils/DELETEME_task.hpp
-- Symlinking: /home/masterthesis/kaixi_crospi_ws/install/crospi_core/include/crospi_utils/blackboard.hpp
-- Symlinking: /home/masterthesis/kaixi_crospi_ws/install/crospi_core/include/crospi_utils/etasl_error.hpp
-- Symlinking: /home/masterthesis/kaixi_crospi_ws/install/crospi_core/include/crospi_utils/featurevariableinitializer.hpp
-- Symlinking: /home/masterthesis/kaixi_crospi_ws/install/crospi_core/include/crospi_utils/flowstatus.hpp
-- Symlinking: /home/masterthesis/kaixi_crospi_ws/install/crospi_core/include/crospi_utils/inputhandler.hpp
-- Symlinking: /home/masterthesis/kaixi_crospi_ws/install/crospi_core/include/crospi_utils/json_checker.hpp
-- Symlinking: /home/masterthesis/kaixi_crospi_ws/install/crospi_core/include/crospi_utils/old/robot copy.hpp
-- Symlinking: /home/masterthesis/kaixi_crospi_ws/install/crospi_core/include/crospi_utils/old/robotfactory copy.hpp
-- Symlinking: /home/masterthesis/kaixi_crospi_ws/install/crospi_core/include/crospi_utils/old/robotsimulator copy.hpp
-- Symlinking: /home/masterthesis/kaixi_crospi_ws/install/crospi_core/include/crospi_utils/old/robotsimulator.hpp
-- Symlinking: /home/masterthesis/kaixi_crospi_ws/install/crospi_core/include/crospi_utils/old/robotsimulatorfactory copy.hpp
-- Symlinking: /home/masterthesis/kaixi_crospi_ws/install/crospi_core/include/crospi_utils/old/robotsimulatorfactory.hpp
-- Symlinking: /home/masterthesis/kaixi_crospi_ws/install/crospi_core/include/crospi_utils/outputhandler.hpp
-- Symlinking: /home/masterthesis/kaixi_crospi_ws/install/crospi_core/include/crospi_utils/qpoasessolverfactory.hpp
-- Symlinking: /home/masterthesis/kaixi_crospi_ws/install/crospi_core/include/crospi_utils/registry.hpp
-- Symlinking: /home/masterthesis/kaixi_crospi_ws/install/crospi_core/include/crospi_utils/solverfactory.hpp
-- Symlinking: /home/masterthesis/kaixi_crospi_ws/install/crospi_core/include/crospi_utils/solverfactory_qpoases.hpp
-- Symlinking: /home/masterthesis/kaixi_crospi_ws/install/crospi_core/include/crospi_utils/string_interpolate.hpp
-- Symlinking: /home/masterthesis/kaixi_crospi_ws/install/crospi_core/include/crospi_utils/timestatistics.hpp
-- Symlinking: /home/masterthesis/kaixi_crospi_ws/install/crospi_core/include/featurevariableinitializer.hpp
-- Symlinking: /home/masterthesis/kaixi_crospi_ws/install/crospi_core/include/port_observer.hpp
-- Symlinking: /home/masterthesis/kaixi_crospi_ws/install/crospi_core/include/robot_interfacing_utils/DELETEME_robotdriverfactory.hpp
-- Symlinking: /home/masterthesis/kaixi_crospi_ws/install/crospi_core/include/robot_interfacing_utils/controlmodes_enum.hpp
-- Symlinking: /home/masterthesis/kaixi_crospi_ws/install/crospi_core/include/robot_interfacing_utils/feedback_struct_deleteme.hpp
-- Symlinking: /home/masterthesis/kaixi_crospi_ws/install/crospi_core/include/robot_interfacing_utils/robot_data_structures.hpp
-- Symlinking: /home/masterthesis/kaixi_crospi_ws/install/crospi_core/include/robot_interfacing_utils/robotdriver.hpp
-- Symlinking: /home/masterthesis/kaixi_crospi_ws/install/crospi_core/include/robot_interfacing_utils/robotsimulator.hpp
-- Symlinking: /home/masterthesis/kaixi_crospi_ws/install/crospi_core/include/robot_interfacing_utils/shared_mem_struct.hpp
-- Symlinking: /home/masterthesis/kaixi_crospi_ws/install/crospi_core/include/robot_interfacing_utils/shared_mem_struct_mutex.hpp
-- Symlinking: /home/masterthesis/kaixi_crospi_ws/install/crospi_core/include/robot_interfacing_utils/simulationrobotdriver.hpp
-- Symlinking: /home/masterthesis/kaixi_crospi_ws/install/crospi_core/include/robot_interfacing_utils/simulationrobotdriverfactory.hpp
-- Symlinking: /home/masterthesis/kaixi_crospi_ws/install/crospi_core/include/robot_interfacing_utils/thread_manager.hpp
-- Symlinking: /home/masterthesis/kaixi_crospi_ws/install/crospi_core/share/crospi_core/environment/package_crospi_core_lua_configure_paths.sh
-- Symlinking: /home/masterthesis/kaixi_crospi_ws/install/crospi_core/lib/crospi_core/libetasl_misc_lib.a
-- Symlinking: /home/masterthesis/kaixi_crospi_ws/install/crospi_core/share/crospi_core/environment/library_path.sh
-- Symlinking: /home/masterthesis/kaixi_crospi_ws/install/crospi_core/share/crospi_core/environment/library_path.dsv
-- Up-to-date symlink: /home/masterthesis/kaixi_crospi_ws/install/crospi_core/share/crospi_core/environment/library_path.sh
-- Up-to-date symlink: /home/masterthesis/kaixi_crospi_ws/install/crospi_core/share/crospi_core/environment/library_path.dsv
-- Symlinking: /home/masterthesis/kaixi_crospi_ws/install/crospi_core/lib/libamentlua.so
-- Up-to-date symlink: /home/masterthesis/kaixi_crospi_ws/install/crospi_core/share/crospi_core/environment/library_path.sh
-- Up-to-date symlink: /home/masterthesis/kaixi_crospi_ws/install/crospi_core/share/crospi_core/environment/library_path.dsv
-- Symlinking: /home/masterthesis/kaixi_crospi_ws/install/crospi_core/lib/crospi_core/crospi_node
-- Symlinking: /home/masterthesis/kaixi_crospi_ws/install/crospi_core/share/crospi_core/environment/pythonpath.sh
-- Symlinking: /home/masterthesis/kaixi_crospi_ws/install/crospi_core/share/crospi_core/environment/pythonpath.dsv
-- Symlinking: /home/masterthesis/kaixi_crospi_ws/install/crospi_core/local/lib/python3.10/dist-packages/crospi_py-0.0.0-py3.10.egg-info/PKG-INFO
-- Symlinking: /home/masterthesis/kaixi_crospi_ws/install/crospi_core/local/lib/python3.10/dist-packages/crospi_py-0.0.0-py3.10.egg-info/SOURCES.txt
-- Symlinking: /home/masterthesis/kaixi_crospi_ws/install/crospi_core/local/lib/python3.10/dist-packages/crospi_py-0.0.0-py3.10.egg-info/dependency_links.txt
-- Symlinking: /home/masterthesis/kaixi_crospi_ws/install/crospi_core/local/lib/python3.10/dist-packages/crospi_py-0.0.0-py3.10.egg-info/top_level.txt
-- Symlinking: /home/masterthesis/kaixi_crospi_ws/install/crospi_core/local/lib/python3.10/dist-packages/crospi_py/__init__.py
-- Symlinking: /home/masterthesis/kaixi_crospi_ws/install/crospi_core/local/lib/python3.10/dist-packages/crospi_py/etasl_params.py
-- Symlinking: /home/masterthesis/kaixi_crospi_ws/install/crospi_core/share/ament_index/resource_index/package_run_dependencies/crospi_core
-- Symlinking: /home/masterthesis/kaixi_crospi_ws/install/crospi_core/share/ament_index/resource_index/parent_prefix_path/crospi_core
-- Symlinking: /home/masterthesis/kaixi_crospi_ws/install/crospi_core/share/crospi_core/environment/ament_prefix_path.sh
-- Symlinking: /home/masterthesis/kaixi_crospi_ws/install/crospi_core/share/crospi_core/environment/ament_prefix_path.dsv
-- Symlinking: /home/masterthesis/kaixi_crospi_ws/install/crospi_core/share/crospi_core/environment/path.sh
-- Symlinking: /home/masterthesis/kaixi_crospi_ws/install/crospi_core/share/crospi_core/environment/path.dsv
-- Symlinking: /home/masterthesis/kaixi_crospi_ws/install/crospi_core/share/crospi_core/local_setup.bash
-- Symlinking: /home/masterthesis/kaixi_crospi_ws/install/crospi_core/share/crospi_core/local_setup.sh
-- Symlinking: /home/masterthesis/kaixi_crospi_ws/install/crospi_core/share/crospi_core/local_setup.zsh
-- Symlinking: /home/masterthesis/kaixi_crospi_ws/install/crospi_core/share/crospi_core/local_setup.dsv
-- Symlinking: /home/masterthesis/kaixi_crospi_ws/install/crospi_core/share/crospi_core/package.dsv
-- Symlinking: /home/masterthesis/kaixi_crospi_ws/install/crospi_core/share/ament_index/resource_index/packages/crospi_core
-- Symlinking: /home/masterthesis/kaixi_crospi_ws/install/crospi_core/share/crospi_core/cmake/ament_cmake_export_include_directories-extras.cmake
-- Symlinking: /home/masterthesis/kaixi_crospi_ws/install/crospi_core/share/crospi_core/cmake/ament_cmake_export_dependencies-extras.cmake
-- Symlinking: /home/masterthesis/kaixi_crospi_ws/install/crospi_core/share/crospi_core/cmake/crospi_coreConfig.cmake
-- Symlinking: /home/masterthesis/kaixi_crospi_ws/install/crospi_core/share/crospi_core/cmake/crospi_coreConfig-version.cmake
-- Symlinking: /home/masterthesis/kaixi_crospi_ws/install/crospi_core/share/crospi_core/package.xml
Listing '/home/masterthesis/kaixi_crospi_ws/install/crospi_core/local/lib/python3.10/dist-packages/crospi_py'...
Compiling '/home/masterthesis/kaixi_crospi_ws/install/crospi_core/local/lib/python3.10/dist-packages/crospi_py/__init__.py'...
Compiling '/home/masterthesis/kaixi_crospi_ws/install/crospi_core/local/lib/python3.10/dist-packages/crospi_py/etasl_params.py'...
-- Installing: /home/masterthesis/kaixi_crospi_ws/install/crospi_core/lib/libcrospi_node_utils.so
-- Set runtime path of "/home/masterthesis/kaixi_crospi_ws/install/crospi_core/lib/libcrospi_node_utils.so" to ""
-- Installing: /home/masterthesis/kaixi_crospi_ws/install/crospi_core/lib/libcrospi_utils.so
-- Set runtime path of "/home/masterthesis/kaixi_crospi_ws/install/crospi_core/lib/libcrospi_utils.so" to ""
-- Installing: /home/masterthesis/kaixi_crospi_ws/install/crospi_core/lib/librobot_interfacing_utils.so
