[0.020s] Invoking command in '/home/masterthesis/kaixi_crospi_ws/build/crospi_application_template': CMAKE_PREFIX_PATH=${CMAKE_PREFIX_PATH}:/opt/ros2_crospi_ws/install/betfsm_demos:/opt/ros2_crospi_ws/install/betfsm:/opt/ros/humble /usr/bin/cmake --build /home/masterthesis/kaixi_crospi_ws/build/crospi_application_template -- -j16 -l16
[0.059s] [ 33%] [34m[1mconstructing tasks-schema.json file[0m
[0.059s] [ 66%] [34m[1mconstructing json schema bundled file from /home/masterthesis/kaixi_crospi_ws/src/crospi_application_template/schemas/blackboard-schema.json to /home/masterthesis/kaixi_crospi_ws/src/crospi_application_template/schemas/generated/blackboard-schema-bundled.json[0m
[0.059s] [100%] [34m[1mconstructing json schema files for the setup configuration[0m
[0.062s] -------------------
[0.062s] Generating JSON-SCHEMA file for task specification: /home/masterthesis/kaixi_crospi_ws/src/crospi_application_template/task_specifications/libraries/core_task_lib/task_specifications/follow_spline.etasl.lua...
[0.066s] [100%] Built target ament_cmake_python_symlink_skill_specifications
[0.091s] Code was exited after generating the JSON Schema file, since this should not be done during execution but only in the generation phase.
[0.091s] -------------------
[0.091s] Generating JSON-SCHEMA file for task specification: /home/masterthesis/kaixi_crospi_ws/src/crospi_application_template/task_specifications/libraries/core_task_lib/task_specifications/idle.etasl.lua...
[0.100s] Generating JSON schema for robotdriver.json with 1 the following detected installed plugins:
[0.101s] --template_driver_crospi.schema.json: a json schema with the exact name (case-sensitive) was found!
[0.101s] JSON schema successfully generated and saved to schemas/generated/robotdriver.json
[0.101s]  
[0.101s] Generating JSON schema for inputhandler.json with 6 the following detected installed plugins:
[0.101s] --TwistInputHandler.schema.json: a json schema with the exact name (case-sensitive) was found!
[0.101s] --WrenchInputHandler.schema.json: a json schema with the exact name (case-sensitive) was found!
[0.101s] --TopicInputHandler.schema.json: a json schema with the exact name (case-sensitive) was found!
[0.102s] --PoseInputHandler.schema.json: a json schema with the exact name (case-sensitive) was found!
[0.102s] --VectorInputHandler.schema.json: a json schema with the exact name (case-sensitive) was found!
[0.102s] --TFInputHandler.schema.json: a json schema with the exact name (case-sensitive) was found!
[0.102s] JSON schema successfully generated and saved to schemas/generated/inputhandler.json
[0.103s]  
[0.103s] Generating JSON schema for outputhandler.json with 3 the following detected installed plugins:
[0.103s] --JointStateOutputHandler.schema.json: a json schema with the exact name (case-sensitive) was found!
[0.103s] --TopicOutputHandler.schema.json: a json schema with the exact name (case-sensitive) was found!
[0.104s] --TopicOutputDerivativesHandler.schema.json: a json schema with the exact name (case-sensitive) was found!
[0.104s] JSON schema successfully generated and saved to schemas/generated/outputhandler.json
[0.104s]  
[0.104s] Generating JSON schema for robotsimulator.json with 1 the following detected installed plugins:
[0.105s] --simple_kinematic_simulation.schema.json: a json schema with the exact name (case-sensitive) was found!
[0.106s] JSON schema successfully generated and saved to schemas/generated/robotsimulator.json
[0.107s]  
[0.109s] [100%] Built target PLUGIN_SCHEMA_JSON
[0.111s] Code was exited after generating the JSON Schema file, since this should not be done during execution but only in the generation phase.
[0.111s] -------------------
[0.111s] Generating JSON-SCHEMA file for task specification: /home/masterthesis/kaixi_crospi_ws/src/crospi_application_template/task_specifications/libraries/core_task_lib/task_specifications/keep_relative_initial_pose.etasl.lua...
[0.130s] Code was exited after generating the JSON Schema file, since this should not be done during execution but only in the generation phase.
[0.130s] -------------------
[0.131s] Generating JSON-SCHEMA file for task specification: /home/masterthesis/kaixi_crospi_ws/src/crospi_application_template/task_specifications/libraries/core_task_lib/task_specifications/move_admittance.etasl.lua...
[0.150s] Code was exited after generating the JSON Schema file, since this should not be done during execution but only in the generation phase.
[0.151s] -------------------
[0.151s] Generating JSON-SCHEMA file for task specification: /home/masterthesis/kaixi_crospi_ws/src/crospi_application_template/task_specifications/libraries/core_task_lib/task_specifications/move_cartesianspace_absolute_pose.etasl.lua...
[0.170s] Code was exited after generating the JSON Schema file, since this should not be done during execution but only in the generation phase.
[0.170s] -------------------
[0.170s] Generating JSON-SCHEMA file for task specification: /home/masterthesis/kaixi_crospi_ws/src/crospi_application_template/task_specifications/libraries/core_task_lib/task_specifications/move_cartesianspace_relative.etasl.lua...
[0.189s] Code was exited after generating the JSON Schema file, since this should not be done during execution but only in the generation phase.
[0.189s] -------------------
[0.189s] Generating JSON-SCHEMA file for task specification: /home/masterthesis/kaixi_crospi_ws/src/crospi_application_template/task_specifications/libraries/core_task_lib/task_specifications/move_jointspace_trap.etasl.lua...
[0.208s] Code was exited after generating the JSON Schema file, since this should not be done during execution but only in the generation phase.
[0.208s] -------------------
[0.208s] Generating JSON-SCHEMA file for task specification: /home/masterthesis/kaixi_crospi_ws/src/crospi_application_template/task_specifications/libraries/core_task_lib/task_specifications/move_jointspace_trap_subset.etasl.lua...
[0.227s] Code was exited after generating the JSON Schema file, since this should not be done during execution but only in the generation phase.
[0.227s] -------------------
[0.227s] Generating JSON-SCHEMA file for task specification: /home/masterthesis/kaixi_crospi_ws/src/crospi_application_template/task_specifications/libraries/core_task_lib/task_specifications/move_joystick.etasl.lua...
[0.246s] Code was exited after generating the JSON Schema file, since this should not be done during execution but only in the generation phase.
[0.248s] -------------------
[0.248s] Generating JSON-SCHEMA file for task specification: /home/masterthesis/kaixi_crospi_ws/src/crospi_application_template/task_specifications/libraries/debug_lib/task_specifications/move_joystick_reading_sensor_vals_driver.etasl.lua...
[0.266s] Code was exited after generating the JSON Schema file, since this should not be done during execution but only in the generation phase.
[0.266s] -------------------
[0.267s] Generating JSON-SCHEMA file for task specification: /home/masterthesis/kaixi_crospi_ws/src/crospi_application_template/task_specifications/libraries/debug_lib/task_specifications/move_sine_waves_jointspace.etasl.lua...
[0.284s] running egg_info
[0.284s] writing skill_specifications.egg-info/PKG-INFO
[0.284s] writing dependency_links to skill_specifications.egg-info/dependency_links.txt
[0.284s] writing top-level names to skill_specifications.egg-info/top_level.txt
[0.285s] Code was exited after generating the JSON Schema file, since this should not be done during execution but only in the generation phase.
[0.286s] reading manifest file 'skill_specifications.egg-info/SOURCES.txt'
[0.286s] -------------------
[0.286s] Generating JSON-SCHEMA file for task specification: /home/masterthesis/kaixi_crospi_ws/src/crospi_application_template/task_specifications/libraries/dummy_lib/task_specifications/follow_external_frame.etasl.lua...
[0.286s] writing manifest file 'skill_specifications.egg-info/SOURCES.txt'
[0.305s] [100%] Built target ament_cmake_python_build_skill_specifications_egg
[0.306s] Code was exited after generating the JSON Schema file, since this should not be done during execution but only in the generation phase.
[0.306s] -------------------
[0.306s] Generating JSON-SCHEMA file for task specification: /home/masterthesis/kaixi_crospi_ws/src/crospi_application_template/task_specifications/libraries/dummy_lib/task_specifications/follow_external_vector.etasl.lua...
[0.326s] Code was exited after generating the JSON Schema file, since this should not be done during execution but only in the generation phase.
[0.326s] -------------------
[0.327s] Generating JSON-SCHEMA file for task specification: /home/masterthesis/kaixi_crospi_ws/src/crospi_application_template/task_specifications/libraries/dummy_lib/task_specifications/vla_spacemouse_blend.etasl.lua...
[0.344s] Code was exited after generating the JSON Schema file, since this should not be done during execution but only in the generation phase.
[0.345s] -------------------
[0.345s] Generating JSON-SCHEMA file for task specification: /home/masterthesis/kaixi_crospi_ws/src/crospi_application_template/robot_models/robot_specifications/kuka_iiwa.etasl.lua...
[0.346s] -------------------
[0.346s] Generating JSON-SCHEMA file for task specification: /home/masterthesis/kaixi_crospi_ws/src/crospi_application_template/robot_models/robot_specifications/ur10.etasl.lua...
[0.347s] -------------------
[0.347s] Generating JSON-SCHEMA file for task specification: /home/masterthesis/kaixi_crospi_ws/src/crospi_application_template/robot_models/robot_specifications/ur10e.etasl.lua...
[0.348s] Generating JSON-SCHEMA general file for defining instances of task specifications
[0.348s] -------------------
[0.350s] -------------------
[0.351s] -------------------
[0.353s] -------------------
[0.355s] -------------------
[0.357s] -------------------
[0.359s] -------------------
[0.361s] -------------------
[0.363s] -------------------
[0.365s] -------------------
[0.366s] -------------------
[0.368s] -------------------
[0.370s] -------------------
[0.372s] -------------------
[0.375s] JSON schema generated at ../tasks-schema.json
[0.381s] [100%] Built target TASKS_SCHEMA_JSON
[1.924s] Compiled schema saved to: /home/masterthesis/kaixi_crospi_ws/src/crospi_application_template/schemas/generated/blackboard-schema-bundled.json
[1.942s] [100%] Built target BUNDLE_SCHEMA_JSON
[1.949s] Invoked command in '/home/masterthesis/kaixi_crospi_ws/build/crospi_application_template' returned '0': CMAKE_PREFIX_PATH=${CMAKE_PREFIX_PATH}:/opt/ros2_crospi_ws/install/betfsm_demos:/opt/ros2_crospi_ws/install/betfsm:/opt/ros/humble /usr/bin/cmake --build /home/masterthesis/kaixi_crospi_ws/build/crospi_application_template -- -j16 -l16
[1.951s] Invoking command in '/home/masterthesis/kaixi_crospi_ws/build/crospi_application_template': CMAKE_PREFIX_PATH=${CMAKE_PREFIX_PATH}:/opt/ros2_crospi_ws/install/betfsm_demos:/opt/ros2_crospi_ws/install/betfsm:/opt/ros/humble /usr/bin/cmake --install /home/masterthesis/kaixi_crospi_ws/build/crospi_application_template
[1.956s] -- Install configuration: ""
[1.956s] -- Execute custom install script
[1.956s] -- Up-to-date symlink: /home/masterthesis/kaixi_crospi_ws/install/crospi_application_template/share/crospi_application_template/applications/application_example_tutorials/application_example_tutorials.launch.py
[1.956s] -- Up-to-date symlink: /home/masterthesis/kaixi_crospi_ws/install/crospi_application_template/share/crospi_application_template/applications/application_example_tutorials/application_example_tutorials.setup.json
[1.957s] -- Up-to-date symlink: /home/masterthesis/kaixi_crospi_ws/install/crospi_application_template/share/crospi_application_template/applications/application_example_ur10/application_example_ur10.launch.py
[1.957s] -- Up-to-date symlink: /home/masterthesis/kaixi_crospi_ws/install/crospi_application_template/share/crospi_application_template/applications/application_example_ur10/application_example_ur10.setup.json
[1.957s] -- Up-to-date symlink: /home/masterthesis/kaixi_crospi_ws/install/crospi_application_template/share/crospi_application_template/applications/application_example_ur10/application_example_ur10.skills.json
[1.957s] -- Up-to-date symlink: /home/masterthesis/kaixi_crospi_ws/install/crospi_application_template/share/crospi_application_template/applications/application_example_ur10e/application_example_ur10e.launch.py
[1.957s] -- Up-to-date symlink: /home/masterthesis/kaixi_crospi_ws/install/crospi_application_template/share/crospi_application_template/applications/application_example_ur10e/application_example_ur10e.setup.json
[1.957s] -- Up-to-date symlink: /home/masterthesis/kaixi_crospi_ws/install/crospi_application_template/share/crospi_application_template/applications/application_example_ur10e/application_example_ur10e.skills.json
[1.957s] -- Up-to-date symlink: /home/masterthesis/kaixi_crospi_ws/install/crospi_application_template/share/crospi_application_template/applications/trossen_applications/trajectory_viz.rviz
[1.957s] -- Up-to-date symlink: /home/masterthesis/kaixi_crospi_ws/install/crospi_application_template/share/crospi_application_template/applications/trossen_applications/trossen_follower_visualization.launch.py
[1.957s] -- Up-to-date symlink: /home/masterthesis/kaixi_crospi_ws/install/crospi_application_template/share/crospi_application_template/applications/trossen_applications/trossen_vla_shared_control.setup.json
[1.958s] -- Up-to-date symlink: /home/masterthesis/kaixi_crospi_ws/install/crospi_application_template/share/crospi_application_template/task_specifications/libraries/core_task_lib/.github/workflows/gitlab-mirror.yml
[1.958s] -- Up-to-date symlink: /home/masterthesis/kaixi_crospi_ws/install/crospi_application_template/share/crospi_application_template/task_specifications/libraries/core_task_lib/LICENSE
[1.958s] -- Up-to-date symlink: /home/masterthesis/kaixi_crospi_ws/install/crospi_application_template/share/crospi_application_template/task_specifications/libraries/core_task_lib/README.md
[1.958s] -- Up-to-date symlink: /home/masterthesis/kaixi_crospi_ws/install/crospi_application_template/share/crospi_application_template/task_specifications/libraries/core_task_lib/task_json_schemas/follow_spline.etasl.json
[1.958s] -- Up-to-date symlink: /home/masterthesis/kaixi_crospi_ws/install/crospi_application_template/share/crospi_application_template/task_specifications/libraries/core_task_lib/task_json_schemas/idle.etasl.json
[1.958s] -- Up-to-date symlink: /home/masterthesis/kaixi_crospi_ws/install/crospi_application_template/share/crospi_application_template/task_specifications/libraries/core_task_lib/task_json_schemas/keep_relative_initial_pose.etasl.json
[1.958s] -- Up-to-date symlink: /home/masterthesis/kaixi_crospi_ws/install/crospi_application_template/share/crospi_application_template/task_specifications/libraries/core_task_lib/task_json_schemas/move_admittance.etasl.json
[1.958s] -- Up-to-date symlink: /home/masterthesis/kaixi_crospi_ws/install/crospi_application_template/share/crospi_application_template/task_specifications/libraries/core_task_lib/task_json_schemas/move_cartesianspace_absolute_pose.etasl.json
[1.958s] -- Up-to-date symlink: /home/masterthesis/kaixi_crospi_ws/install/crospi_application_template/share/crospi_application_template/task_specifications/libraries/core_task_lib/task_json_schemas/move_cartesianspace_relative.etasl.json
[1.958s] -- Up-to-date symlink: /home/masterthesis/kaixi_crospi_ws/install/crospi_application_template/share/crospi_application_template/task_specifications/libraries/core_task_lib/task_json_schemas/move_jointspace_trap.etasl.json
[1.959s] -- Up-to-date symlink: /home/masterthesis/kaixi_crospi_ws/install/crospi_application_template/share/crospi_application_template/task_specifications/libraries/core_task_lib/task_json_schemas/move_jointspace_trap_subset.etasl.json
[1.959s] -- Up-to-date symlink: /home/masterthesis/kaixi_crospi_ws/install/crospi_application_template/share/crospi_application_template/task_specifications/libraries/core_task_lib/task_json_schemas/move_joystick.etasl.json
[1.959s] -- Up-to-date symlink: /home/masterthesis/kaixi_crospi_ws/install/crospi_application_template/share/crospi_application_template/task_specifications/libraries/core_task_lib/task_json_schemas/readme.md
[1.959s] -- Up-to-date symlink: /home/masterthesis/kaixi_crospi_ws/install/crospi_application_template/share/crospi_application_template/task_specifications/libraries/core_task_lib/task_library.json
[1.959s] -- Up-to-date symlink: /home/masterthesis/kaixi_crospi_ws/install/crospi_application_template/share/crospi_application_template/task_specifications/libraries/core_task_lib/task_specifications/follow_spline.etasl.lua
[1.959s] -- Up-to-date symlink: /home/masterthesis/kaixi_crospi_ws/install/crospi_application_template/share/crospi_application_template/task_specifications/libraries/core_task_lib/task_specifications/idle.etasl.lua
[1.959s] -- Up-to-date symlink: /home/masterthesis/kaixi_crospi_ws/install/crospi_application_template/share/crospi_application_template/task_specifications/libraries/core_task_lib/task_specifications/keep_relative_initial_pose.etasl.lua
[1.959s] -- Up-to-date symlink: /home/masterthesis/kaixi_crospi_ws/install/crospi_application_template/share/crospi_application_template/task_specifications/libraries/core_task_lib/task_specifications/misc/example_spline.csv
[1.959s] -- Up-to-date symlink: /home/masterthesis/kaixi_crospi_ws/install/crospi_application_template/share/crospi_application_template/task_specifications/libraries/core_task_lib/task_specifications/move_admittance.etasl.lua
[1.959s] -- Up-to-date symlink: /home/masterthesis/kaixi_crospi_ws/install/crospi_application_template/share/crospi_application_template/task_specifications/libraries/core_task_lib/task_specifications/move_cartesianspace_absolute_pose.etasl.lua
[1.959s] -- Up-to-date symlink: /home/masterthesis/kaixi_crospi_ws/install/crospi_application_template/share/crospi_application_template/task_specifications/libraries/core_task_lib/task_specifications/move_cartesianspace_relative.etasl.lua
[1.959s] -- Up-to-date symlink: /home/masterthesis/kaixi_crospi_ws/install/crospi_application_template/share/crospi_application_template/task_specifications/libraries/core_task_lib/task_specifications/move_jointspace_trap.etasl.lua
[1.960s] -- Up-to-date symlink: /home/masterthesis/kaixi_crospi_ws/install/crospi_application_template/share/crospi_application_template/task_specifications/libraries/core_task_lib/task_specifications/move_jointspace_trap_subset.etasl.lua
[1.960s] -- Up-to-date symlink: /home/masterthesis/kaixi_crospi_ws/install/crospi_application_template/share/crospi_application_template/task_specifications/libraries/core_task_lib/task_specifications/move_joystick.etasl.lua
[1.960s] -- Up-to-date symlink: /home/masterthesis/kaixi_crospi_ws/install/crospi_application_template/share/crospi_application_template/task_specifications/libraries/core_task_lib/task_specifications/utilities/utils_ts.lua
[1.960s] -- Up-to-date symlink: /home/masterthesis/kaixi_crospi_ws/install/crospi_application_template/share/crospi_application_template/task_specifications/libraries/debug_lib/.github/workflows/gitlab-mirror.yml
[1.960s] -- Up-to-date symlink: /home/masterthesis/kaixi_crospi_ws/install/crospi_application_template/share/crospi_application_template/task_specifications/libraries/debug_lib/LICENSE
[1.960s] -- Up-to-date symlink: /home/masterthesis/kaixi_crospi_ws/install/crospi_application_template/share/crospi_application_template/task_specifications/libraries/debug_lib/README.md
[1.960s] -- Up-to-date symlink: /home/masterthesis/kaixi_crospi_ws/install/crospi_application_template/share/crospi_application_template/task_specifications/libraries/debug_lib/task_json_schemas/move_joystick_reading_sensor_vals_driver.etasl.json
[1.960s] -- Up-to-date symlink: /home/masterthesis/kaixi_crospi_ws/install/crospi_application_template/share/crospi_application_template/task_specifications/libraries/debug_lib/task_json_schemas/move_sine_waves_jointspace.etasl.json
[1.960s] -- Up-to-date symlink: /home/masterthesis/kaixi_crospi_ws/install/crospi_application_template/share/crospi_application_template/task_specifications/libraries/debug_lib/task_json_schemas/readme.md
[1.960s] -- Up-to-date symlink: /home/masterthesis/kaixi_crospi_ws/install/crospi_application_template/share/crospi_application_template/task_specifications/libraries/debug_lib/task_library.json
[1.960s] -- Up-to-date symlink: /home/masterthesis/kaixi_crospi_ws/install/crospi_application_template/share/crospi_application_template/task_specifications/libraries/debug_lib/task_specifications/move_joystick_reading_sensor_vals_driver.etasl.lua
[1.960s] -- Up-to-date symlink: /home/masterthesis/kaixi_crospi_ws/install/crospi_application_template/share/crospi_application_template/task_specifications/libraries/debug_lib/task_specifications/move_sine_waves_jointspace.etasl.lua
[1.960s] -- Up-to-date symlink: /home/masterthesis/kaixi_crospi_ws/install/crospi_application_template/share/crospi_application_template/task_specifications/libraries/debug_lib/task_specifications/utilities/utils_ts.lua
[1.961s] -- Up-to-date symlink: /home/masterthesis/kaixi_crospi_ws/install/crospi_application_template/share/crospi_application_template/task_specifications/libraries/dummy_lib/.github/workflows/gitlab-mirror.yml
[1.961s] -- Up-to-date symlink: /home/masterthesis/kaixi_crospi_ws/install/crospi_application_template/share/crospi_application_template/task_specifications/libraries/dummy_lib/LICENSE
[1.961s] -- Up-to-date symlink: /home/masterthesis/kaixi_crospi_ws/install/crospi_application_template/share/crospi_application_template/task_specifications/libraries/dummy_lib/README.md
[1.961s] -- Up-to-date symlink: /home/masterthesis/kaixi_crospi_ws/install/crospi_application_template/share/crospi_application_template/task_specifications/libraries/dummy_lib/task_json_schemas/follow_external_frame.etasl.json
[1.961s] -- Up-to-date symlink: /home/masterthesis/kaixi_crospi_ws/install/crospi_application_template/share/crospi_application_template/task_specifications/libraries/dummy_lib/task_json_schemas/follow_external_vector.etasl.json
[1.961s] -- Up-to-date symlink: /home/masterthesis/kaixi_crospi_ws/install/crospi_application_template/share/crospi_application_template/task_specifications/libraries/dummy_lib/task_json_schemas/readme.md
[1.961s] -- Up-to-date symlink: /home/masterthesis/kaixi_crospi_ws/install/crospi_application_template/share/crospi_application_template/task_specifications/libraries/dummy_lib/task_json_schemas/vla_spacemouse_blend.etasl.json
[1.961s] -- Up-to-date symlink: /home/masterthesis/kaixi_crospi_ws/install/crospi_application_template/share/crospi_application_template/task_specifications/libraries/dummy_lib/task_library.json
[1.961s] -- Up-to-date symlink: /home/masterthesis/kaixi_crospi_ws/install/crospi_application_template/share/crospi_application_template/task_specifications/libraries/dummy_lib/task_specifications/follow_external_frame.etasl.lua
[1.961s] -- Up-to-date symlink: /home/masterthesis/kaixi_crospi_ws/install/crospi_application_template/share/crospi_application_template/task_specifications/libraries/dummy_lib/task_specifications/follow_external_vector.etasl.lua
[1.961s] -- Up-to-date symlink: /home/masterthesis/kaixi_crospi_ws/install/crospi_application_template/share/crospi_application_template/task_specifications/libraries/dummy_lib/task_specifications/vla_spacemouse_blend.etasl.lua
[1.961s] -- Up-to-date symlink: /home/masterthesis/kaixi_crospi_ws/install/crospi_application_template/share/crospi_application_template/task_specifications/libraries/task_library.schema.json
[1.962s] -- Up-to-date symlink: /home/masterthesis/kaixi_crospi_ws/install/crospi_application_template/share/crospi_application_template/task_specifications/tasks-schema.json
[1.962s] -- Up-to-date symlink: /home/masterthesis/kaixi_crospi_ws/install/crospi_application_template/share/crospi_application_template/skill_specifications/__init__.py
[1.962s] -- Up-to-date symlink: /home/masterthesis/kaixi_crospi_ws/install/crospi_application_template/share/crospi_application_template/skill_specifications/libraries/CMakeLists.txt
[1.962s] -- Up-to-date symlink: /home/masterthesis/kaixi_crospi_ws/install/crospi_application_template/share/crospi_application_template/skill_specifications/libraries/__init__.py
[1.962s] -- Up-to-date symlink: /home/masterthesis/kaixi_crospi_ws/install/crospi_application_template/share/crospi_application_template/skill_specifications/libraries/skill_lib_example/.github/workflows/gitlab-mirror.yml
[1.962s] -- Up-to-date symlink: /home/masterthesis/kaixi_crospi_ws/install/crospi_application_template/share/crospi_application_template/skill_specifications/libraries/skill_lib_example/README.md
[1.962s] -- Up-to-date symlink: /home/masterthesis/kaixi_crospi_ws/install/crospi_application_template/share/crospi_application_template/skill_specifications/libraries/skill_lib_example/skill_library.json
[1.962s] -- Up-to-date symlink: /home/masterthesis/kaixi_crospi_ws/install/crospi_application_template/share/crospi_application_template/skill_specifications/libraries/skill_lib_example/skill_specifications/skill_example.py
[1.963s] -- Up-to-date symlink: /home/masterthesis/kaixi_crospi_ws/install/crospi_application_template/share/crospi_application_template/skill_specifications/libraries/skill_lib_example/tasks/skill_example.json
[1.963s] -- Up-to-date symlink: /home/masterthesis/kaixi_crospi_ws/install/crospi_application_template/share/crospi_application_template/skill_specifications/libraries/skill_library.schema.json
[1.963s] -- Up-to-date symlink: /home/masterthesis/kaixi_crospi_ws/install/crospi_application_template/share/crospi_application_template/skill_specifications/libraries/test_trossen/README.md
[1.963s] -- Up-to-date symlink: /home/masterthesis/kaixi_crospi_ws/install/crospi_application_template/share/crospi_application_template/skill_specifications/libraries/test_trossen/skill_library.json
[1.963s] -- Up-to-date symlink: /home/masterthesis/kaixi_crospi_ws/install/crospi_application_template/share/crospi_application_template/skill_specifications/libraries/test_trossen/skill_specifications/trossen_vla_shared_control_runner.py
[1.963s] -- Up-to-date symlink: /home/masterthesis/kaixi_crospi_ws/install/crospi_application_template/share/crospi_application_template/skill_specifications/libraries/test_trossen/tasks/trossen_vla_shared_control.json
[1.963s] -- Up-to-date symlink: /home/masterthesis/kaixi_crospi_ws/install/crospi_application_template/share/crospi_application_template/robot_models/robot_specifications/kuka_iiwa.etasl.lua
[1.963s] -- Up-to-date symlink: /home/masterthesis/kaixi_crospi_ws/install/crospi_application_template/share/crospi_application_template/robot_models/robot_specifications/ur10.etasl.lua
[1.963s] -- Up-to-date symlink: /home/masterthesis/kaixi_crospi_ws/install/crospi_application_template/share/crospi_application_template/robot_models/robot_specifications/ur10e.etasl.lua
[1.964s] -- Up-to-date symlink: /home/masterthesis/kaixi_crospi_ws/install/crospi_application_template/share/crospi_application_template/robot_models/urdf_models/meshes/adaptor.stl
[1.964s] -- Up-to-date symlink: /home/masterthesis/kaixi_crospi_ws/install/crospi_application_template/share/crospi_application_template/robot_models/urdf_models/meshes/load_cell_67.stl
[1.964s] -- Up-to-date symlink: /home/masterthesis/kaixi_crospi_ws/install/crospi_application_template/share/crospi_application_template/robot_models/urdf_models/robot_setups/kuka_iiwa/rviz_config.rviz
[1.964s] -- Up-to-date symlink: /home/masterthesis/kaixi_crospi_ws/install/crospi_application_template/share/crospi_application_template/robot_models/urdf_models/robot_setups/kuka_iiwa/use_case_setup_iiwa.urdf
[1.964s] -- Up-to-date symlink: /home/masterthesis/kaixi_crospi_ws/install/crospi_application_template/share/crospi_application_template/robot_models/urdf_models/robot_setups/kuka_iiwa/use_case_setup_iiwa.urdf.xacro
[1.964s] -- Up-to-date symlink: /home/masterthesis/kaixi_crospi_ws/install/crospi_application_template/share/crospi_application_template/robot_models/urdf_models/robot_setups/trossen/rviz_config.rviz
[1.964s] -- Up-to-date symlink: /home/masterthesis/kaixi_crospi_ws/install/crospi_application_template/share/crospi_application_template/robot_models/urdf_models/robot_setups/ur10/environment.urdf.xacro
[1.964s] -- Up-to-date symlink: /home/masterthesis/kaixi_crospi_ws/install/crospi_application_template/share/crospi_application_template/robot_models/urdf_models/robot_setups/ur10/robot_tools.urdf.xacro
[1.964s] -- Up-to-date symlink: /home/masterthesis/kaixi_crospi_ws/install/crospi_application_template/share/crospi_application_template/robot_models/urdf_models/robot_setups/ur10/rviz_config.rviz
[1.964s] -- Up-to-date symlink: /home/masterthesis/kaixi_crospi_ws/install/crospi_application_template/share/crospi_application_template/robot_models/urdf_models/robot_setups/ur10/use_case_setup_ur10.urdf
[1.965s] -- Up-to-date symlink: /home/masterthesis/kaixi_crospi_ws/install/crospi_application_template/share/crospi_application_template/robot_models/urdf_models/robot_setups/ur10/use_case_setup_ur10.urdf.xacro
[1.965s] -- Up-to-date symlink: /home/masterthesis/kaixi_crospi_ws/install/crospi_application_template/share/crospi_application_template/robot_models/urdf_models/robot_setups/ur10e/environment.urdf.xacro
[1.965s] -- Up-to-date symlink: /home/masterthesis/kaixi_crospi_ws/install/crospi_application_template/share/crospi_application_template/robot_models/urdf_models/robot_setups/ur10e/robot_tools.urdf.xacro
[1.965s] -- Up-to-date symlink: /home/masterthesis/kaixi_crospi_ws/install/crospi_application_template/share/crospi_application_template/robot_models/urdf_models/robot_setups/ur10e/rviz_config.rviz
[1.965s] -- Up-to-date symlink: /home/masterthesis/kaixi_crospi_ws/install/crospi_application_template/share/crospi_application_template/robot_models/urdf_models/robot_setups/ur10e/use_case_setup_ur10e.urdf
[1.965s] -- Up-to-date symlink: /home/masterthesis/kaixi_crospi_ws/install/crospi_application_template/share/crospi_application_template/robot_models/urdf_models/robot_setups/ur10e/use_case_setup_ur10e.urdf.xacro
[1.965s] -- Up-to-date symlink: /home/masterthesis/kaixi_crospi_ws/install/crospi_application_template/share/crospi_application_template/schemas/blackboard-schema.json
[1.965s] -- Up-to-date symlink: /home/masterthesis/kaixi_crospi_ws/install/crospi_application_template/share/crospi_application_template/schemas/etasl.json
[1.965s] -- Up-to-date symlink: /home/masterthesis/kaixi_crospi_ws/install/crospi_application_template/share/crospi_application_template/schemas/generated/blackboard-schema-bundled.json
[1.965s] -- Up-to-date symlink: /home/masterthesis/kaixi_crospi_ws/install/crospi_application_template/share/crospi_application_template/schemas/generated/inputhandler.json
[1.965s] -- Up-to-date symlink: /home/masterthesis/kaixi_crospi_ws/install/crospi_application_template/share/crospi_application_template/schemas/generated/outputhandler.json
[1.965s] -- Up-to-date symlink: /home/masterthesis/kaixi_crospi_ws/install/crospi_application_template/share/crospi_application_template/schemas/generated/robotdriver.json
[1.966s] -- Up-to-date symlink: /home/masterthesis/kaixi_crospi_ws/install/crospi_application_template/share/crospi_application_template/schemas/generated/robotsimulator.json
[1.966s] -- Up-to-date symlink: /home/masterthesis/kaixi_crospi_ws/install/crospi_application_template/share/crospi_application_template/schemas/iohandlers.json
[1.966s] -- Up-to-date symlink: /home/masterthesis/kaixi_crospi_ws/install/crospi_application_template/share/crospi_application_template/schemas/robot.json
[1.966s] -- Up-to-date symlink: /home/masterthesis/kaixi_crospi_ws/install/crospi_application_template/lib/crospi_application_template/pose_msg_to_tf.py
[1.966s] -- Up-to-date symlink: /home/masterthesis/kaixi_crospi_ws/install/crospi_application_template/lib/crospi_application_template/sine_wave_tf.py
[1.966s] -- Up-to-date symlink: /home/masterthesis/kaixi_crospi_ws/install/crospi_application_template/share/crospi_application_template/environment/pythonpath.sh
[1.966s] -- Up-to-date symlink: /home/masterthesis/kaixi_crospi_ws/install/crospi_application_template/share/crospi_application_template/environment/pythonpath.dsv
[1.966s] -- Up-to-date symlink: /home/masterthesis/kaixi_crospi_ws/install/crospi_application_template/local/lib/python3.10/dist-packages/skill_specifications-0.0.0-py3.10.egg-info/PKG-INFO
[1.967s] -- Up-to-date symlink: /home/masterthesis/kaixi_crospi_ws/install/crospi_application_template/local/lib/python3.10/dist-packages/skill_specifications-0.0.0-py3.10.egg-info/SOURCES.txt
[1.967s] -- Up-to-date symlink: /home/masterthesis/kaixi_crospi_ws/install/crospi_application_template/local/lib/python3.10/dist-packages/skill_specifications-0.0.0-py3.10.egg-info/dependency_links.txt
[1.967s] -- Up-to-date symlink: /home/masterthesis/kaixi_crospi_ws/install/crospi_application_template/local/lib/python3.10/dist-packages/skill_specifications-0.0.0-py3.10.egg-info/top_level.txt
[1.967s] -- Up-to-date symlink: /home/masterthesis/kaixi_crospi_ws/install/crospi_application_template/local/lib/python3.10/dist-packages/skill_specifications/__init__.py
[1.967s] -- Up-to-date symlink: /home/masterthesis/kaixi_crospi_ws/install/crospi_application_template/local/lib/python3.10/dist-packages/skill_specifications/libraries/CMakeLists.txt
[1.967s] -- Up-to-date symlink: /home/masterthesis/kaixi_crospi_ws/install/crospi_application_template/local/lib/python3.10/dist-packages/skill_specifications/libraries/__init__.py
[1.967s] -- Up-to-date symlink: /home/masterthesis/kaixi_crospi_ws/install/crospi_application_template/local/lib/python3.10/dist-packages/skill_specifications/libraries/skill_lib_example/.github/workflows/gitlab-mirror.yml
[1.968s] -- Up-to-date symlink: /home/masterthesis/kaixi_crospi_ws/install/crospi_application_template/local/lib/python3.10/dist-packages/skill_specifications/libraries/skill_lib_example/README.md
[1.968s] -- Up-to-date symlink: /home/masterthesis/kaixi_crospi_ws/install/crospi_application_template/local/lib/python3.10/dist-packages/skill_specifications/libraries/skill_lib_example/skill_library.json
[1.968s] -- Up-to-date symlink: /home/masterthesis/kaixi_crospi_ws/install/crospi_application_template/local/lib/python3.10/dist-packages/skill_specifications/libraries/skill_lib_example/skill_specifications/skill_example.py
[1.968s] -- Up-to-date symlink: /home/masterthesis/kaixi_crospi_ws/install/crospi_application_template/local/lib/python3.10/dist-packages/skill_specifications/libraries/skill_lib_example/tasks/skill_example.json
[1.968s] -- Up-to-date symlink: /home/masterthesis/kaixi_crospi_ws/install/crospi_application_template/local/lib/python3.10/dist-packages/skill_specifications/libraries/skill_library.schema.json
[1.968s] -- Up-to-date symlink: /home/masterthesis/kaixi_crospi_ws/install/crospi_application_template/local/lib/python3.10/dist-packages/skill_specifications/libraries/test_trossen/README.md
[1.968s] -- Up-to-date symlink: /home/masterthesis/kaixi_crospi_ws/install/crospi_application_template/local/lib/python3.10/dist-packages/skill_specifications/libraries/test_trossen/skill_library.json
[1.968s] -- Up-to-date symlink: /home/masterthesis/kaixi_crospi_ws/install/crospi_application_template/local/lib/python3.10/dist-packages/skill_specifications/libraries/test_trossen/skill_specifications/trossen_vla_shared_control_runner.py
[1.968s] -- Up-to-date symlink: /home/masterthesis/kaixi_crospi_ws/install/crospi_application_template/local/lib/python3.10/dist-packages/skill_specifications/libraries/test_trossen/tasks/trossen_vla_shared_control.json
[1.968s] -- Up-to-date symlink: /home/masterthesis/kaixi_crospi_ws/install/crospi_application_template/share/ament_index/resource_index/package_run_dependencies/crospi_application_template
[1.968s] -- Up-to-date symlink: /home/masterthesis/kaixi_crospi_ws/install/crospi_application_template/share/ament_index/resource_index/parent_prefix_path/crospi_application_template
[1.969s] -- Up-to-date symlink: /home/masterthesis/kaixi_crospi_ws/install/crospi_application_template/share/crospi_application_template/environment/ament_prefix_path.sh
[1.969s] -- Up-to-date symlink: /home/masterthesis/kaixi_crospi_ws/install/crospi_application_template/share/crospi_application_template/environment/ament_prefix_path.dsv
[1.969s] -- Up-to-date symlink: /home/masterthesis/kaixi_crospi_ws/install/crospi_application_template/share/crospi_application_template/environment/path.sh
[1.969s] -- Up-to-date symlink: /home/masterthesis/kaixi_crospi_ws/install/crospi_application_template/share/crospi_application_template/environment/path.dsv
[1.969s] -- Up-to-date symlink: /home/masterthesis/kaixi_crospi_ws/install/crospi_application_template/share/crospi_application_template/local_setup.bash
[1.969s] -- Up-to-date symlink: /home/masterthesis/kaixi_crospi_ws/install/crospi_application_template/share/crospi_application_template/local_setup.sh
[1.969s] -- Up-to-date symlink: /home/masterthesis/kaixi_crospi_ws/install/crospi_application_template/share/crospi_application_template/local_setup.zsh
[1.969s] -- Up-to-date symlink: /home/masterthesis/kaixi_crospi_ws/install/crospi_application_template/share/crospi_application_template/local_setup.dsv
[1.969s] -- Symlinking: /home/masterthesis/kaixi_crospi_ws/install/crospi_application_template/share/crospi_application_template/package.dsv
[1.976s] -- Up-to-date symlink: /home/masterthesis/kaixi_crospi_ws/install/crospi_application_template/share/ament_index/resource_index/packages/crospi_application_template
[1.976s] -- Up-to-date symlink: /home/masterthesis/kaixi_crospi_ws/install/crospi_application_template/share/crospi_application_template/cmake/crospi_application_templateConfig.cmake
[1.976s] -- Up-to-date symlink: /home/masterthesis/kaixi_crospi_ws/install/crospi_application_template/share/crospi_application_template/cmake/crospi_application_templateConfig-version.cmake
[1.976s] -- Up-to-date symlink: /home/masterthesis/kaixi_crospi_ws/install/crospi_application_template/share/crospi_application_template/package.xml
[2.002s] Listing '/home/masterthesis/kaixi_crospi_ws/install/crospi_application_template/local/lib/python3.10/dist-packages/skill_specifications'...
[2.002s] Listing '/home/masterthesis/kaixi_crospi_ws/install/crospi_application_template/local/lib/python3.10/dist-packages/skill_specifications/libraries'...
[2.002s] Listing '/home/masterthesis/kaixi_crospi_ws/install/crospi_application_template/local/lib/python3.10/dist-packages/skill_specifications/libraries/skill_lib_example'...
[2.002s] Listing '/home/masterthesis/kaixi_crospi_ws/install/crospi_application_template/local/lib/python3.10/dist-packages/skill_specifications/libraries/skill_lib_example/.github'...
[2.003s] Listing '/home/masterthesis/kaixi_crospi_ws/install/crospi_application_template/local/lib/python3.10/dist-packages/skill_specifications/libraries/skill_lib_example/.github/workflows'...
[2.003s] Listing '/home/masterthesis/kaixi_crospi_ws/install/crospi_application_template/local/lib/python3.10/dist-packages/skill_specifications/libraries/skill_lib_example/skill_specifications'...
[2.003s] Listing '/home/masterthesis/kaixi_crospi_ws/install/crospi_application_template/local/lib/python3.10/dist-packages/skill_specifications/libraries/skill_lib_example/tasks'...
[2.003s] Listing '/home/masterthesis/kaixi_crospi_ws/install/crospi_application_template/local/lib/python3.10/dist-packages/skill_specifications/libraries/test_trossen'...
[2.003s] Listing '/home/masterthesis/kaixi_crospi_ws/install/crospi_application_template/local/lib/python3.10/dist-packages/skill_specifications/libraries/test_trossen/skill_specifications'...
[2.003s] Listing '/home/masterthesis/kaixi_crospi_ws/install/crospi_application_template/local/lib/python3.10/dist-packages/skill_specifications/libraries/test_trossen/tasks'...
[2.006s] Invoked command in '/home/masterthesis/kaixi_crospi_ws/build/crospi_application_template' returned '0': CMAKE_PREFIX_PATH=${CMAKE_PREFIX_PATH}:/opt/ros2_crospi_ws/install/betfsm_demos:/opt/ros2_crospi_ws/install/betfsm:/opt/ros/humble /usr/bin/cmake --install /home/masterthesis/kaixi_crospi_ws/build/crospi_application_template
