[0.010s] Invoking command in '/home/masterthesis/kaixi_crospi_ws/build/widowx_etasl': /usr/bin/cmake /home/masterthesis/kaixi_crospi_ws/src/widowx_etasl -DCMAKE_INSTALL_PREFIX=/home/masterthesis/kaixi_crospi_ws/install/widowx_etasl
[0.021s] -- Found ament_cmake: 1.3.14 (/opt/ros/humble/share/ament_cmake/cmake)
[0.189s] Error parsing '/home/masterthesis/kaixi_crospi_ws/src/widowx_etasl/package.xml':
[0.189s] Traceback (most recent call last):
[0.190s]   File "/opt/ros/humble/share/ament_cmake_core/cmake/core/package_xml_2_cmake.py", line 150, in <module>
[0.190s]     main()
[0.190s]   File "/opt/ros/humble/share/ament_cmake_core/cmake/core/package_xml_2_cmake.py", line 53, in main
[0.190s]     raise e
[0.190s]   File "/opt/ros/humble/share/ament_cmake_core/cmake/core/package_xml_2_cmake.py", line 49, in main
[0.190s]     package = parse_package_string(
[0.190s]   File "/usr/lib/python3/dist-packages/catkin_pkg/package.py", line 786, in parse_package_string
[0.190s]     raise InvalidPackage('Error(s):%s' % (''.join(['\n- %s' % e for e in errors])), filename)
[0.190s] catkin_pkg.package.InvalidPackage: Error(s) in package '/home/masterthesis/kaixi_crospi_ws/src/widowx_etasl/package.xml':
[0.190s] Error(s):
[0.190s] - The manifest of package "widowx_etasl" (with format version 3) must not contain the following tags: ament_cmake_python_package
[0.197s] [31mCMake Error at /opt/ros/humble/share/ament_cmake_core/cmake/core/ament_package_xml.cmake:95 (message):
[0.197s]   execute_process(/usr/bin/python3
[0.197s]   /opt/ros/humble/share/ament_cmake_core/cmake/core/package_xml_2_cmake.py
[0.197s]   /home/masterthesis/kaixi_crospi_ws/src/widowx_etasl/package.xml
[0.197s]   /home/masterthesis/kaixi_crospi_ws/build/widowx_etasl/ament_cmake_core/package.cmake)
[0.197s]   returned error code 1
[0.197s] Call Stack (most recent call first):
[0.197s]   /opt/ros/humble/share/ament_cmake_core/cmake/core/ament_package_xml.cmake:49 (_ament_package_xml)
[0.197s]   /opt/ros/humble/share/ament_cmake_core/cmake/core/ament_package.cmake:63 (ament_package_xml)
[0.197s]   CMakeLists.txt:10 (ament_package)
[0.197s] 
[0.197s] [0m
[0.197s] -- Configuring incomplete, errors occurred!
[0.197s] See also "/home/masterthesis/kaixi_crospi_ws/build/widowx_etasl/CMakeFiles/CMakeOutput.log".
[0.199s] Invoked command in '/home/masterthesis/kaixi_crospi_ws/build/widowx_etasl' returned '1': /usr/bin/cmake /home/masterthesis/kaixi_crospi_ws/src/widowx_etasl -DCMAKE_INSTALL_PREFIX=/home/masterthesis/kaixi_crospi_ws/install/widowx_etasl
