-- The C compiler identification is GNU 11.4.0
-- The CXX compiler identification is GNU 11.4.0
-- Detecting C compiler ABI info
-- Detecting C compiler ABI info - done
-- Check for working C compiler: /usr/bin/cc - skipped
-- Detecting C compile features
-- Detecting C compile features - done
-- Detecting CXX compiler ABI info
-- Detecting CXX compiler ABI info - done
-- Check for working CXX compiler: /usr/bin/c++ - skipped
-- Detecting CXX compile features
-- Detecting CXX compile features - done
-- Found ament_cmake: 1.3.14 (/opt/ros/humble/share/ament_cmake/cmake)
-- Found Python3: /usr/bin/python3 (found version "3.10.12") found components: Interpreter 
-- Override CMake install command with custom implementation using symlinks instead of copying resources
-- Found builtin_interfaces: 1.2.2 (/opt/ros/humble/share/builtin_interfaces/cmake)
-- Found rosidl_generator_c: 3.1.8 (/opt/ros/humble/share/rosidl_generator_c/cmake)
-- Found rosidl_adapter: 3.1.8 (/opt/ros/humble/share/rosidl_adapter/cmake)
-- Found rosidl_generator_cpp: 3.1.8 (/opt/ros/humble/share/rosidl_generator_cpp/cmake)
-- Using all available rosidl_typesupport_c: rosidl_typesupport_fastrtps_c;rosidl_typesupport_introspection_c
-- Using all available rosidl_typesupport_cpp: rosidl_typesupport_fastrtps_cpp;rosidl_typesupport_introspection_cpp
-- Found rcl_interfaces: 1.2.2 (/opt/ros/humble/share/rcl_interfaces/cmake)
-- Found geometry_msgs: 4.9.1 (/opt/ros/humble/share/geometry_msgs/cmake)
-- Found rosidl_default_generators: 1.2.1 (/opt/ros/humble/share/rosidl_default_generators/cmake)
-- Found ament_cmake_ros: 0.10.0 (/opt/ros/humble/share/ament_cmake_ros/cmake)
-- Using all available rosidl_typesupport_c: rosidl_typesupport_fastrtps_c;rosidl_typesupport_introspection_c
-- Using all available rosidl_typesupport_cpp: rosidl_typesupport_fastrtps_cpp;rosidl_typesupport_introspection_cpp
-- Found PythonInterp: /usr/bin/python3 (found suitable version "3.10.12", minimum required is "3.6") 
-- Found python_cmake_module: 0.10.0 (/opt/ros/humble/share/python_cmake_module/cmake)
-- Found PythonLibs: /usr/lib/x86_64-linux-gnu/libpython3.10.so (found suitable version "3.10.12", minimum required is "3.5") 
-- Using PYTHON_EXECUTABLE: /usr/bin/python3
-- Using PYTHON_INCLUDE_DIRS: /usr/include/python3.10
-- Using PYTHON_LIBRARIES: /usr/lib/x86_64-linux-gnu/libpython3.10.so
-- Found PythonExtra: .so  
-- Found ament_lint_auto: 0.12.15 (/opt/ros/humble/share/ament_lint_auto/cmake)
-- Configuring done
-- Generating done
-- Build files have been written to: /home/masterthesis/kaixi_crospi_ws/build/crospi_interfaces
[  1%] [34m[1mGenerating C code for ROS interfaces[0m
[  2%] [34m[1mGenerating Rust code for ROS interfaces[0m
[  2%] [34m[1mGenerating C++ code for ROS interfaces[0m
[  2%] Built target ament_cmake_python_symlink_crospi_interfaces
running egg_info
creating crospi_interfaces.egg-info
writing crospi_interfaces.egg-info/PKG-INFO
writing dependency_links to crospi_interfaces.egg-info/dependency_links.txt
writing top-level names to crospi_interfaces.egg-info/top_level.txt
writing manifest file 'crospi_interfaces.egg-info/SOURCES.txt'
reading manifest file 'crospi_interfaces.egg-info/SOURCES.txt'
writing manifest file 'crospi_interfaces.egg-info/SOURCES.txt'
[  2%] Built target ament_cmake_python_build_crospi_interfaces_egg
[  2%] Built target crospi_interfaces__rs
[  3%] [32mBuilding C object CMakeFiles/crospi_interfaces__rosidl_generator_c.dir/rosidl_generator_c/crospi_interfaces/msg/detail/output__functions.c.o[0m
[  3%] [32mBuilding C object CMakeFiles/crospi_interfaces__rosidl_generator_c.dir/rosidl_generator_c/crospi_interfaces/msg/detail/output_derivatives__functions.c.o[0m
[  5%] [32mBuilding C object CMakeFiles/crospi_interfaces__rosidl_generator_c.dir/rosidl_generator_c/crospi_interfaces/srv/detail/lua_cmd__functions.c.o[0m
[  5%] [32mBuilding C object CMakeFiles/crospi_interfaces__rosidl_generator_c.dir/rosidl_generator_c/crospi_interfaces/action/detail/run_task__functions.c.o[0m
[  6%] [32mBuilding C object CMakeFiles/crospi_interfaces__rosidl_generator_c.dir/rosidl_generator_c/crospi_interfaces/msg/detail/task_parameters__functions.c.o[0m
[  7%] [32mBuilding C object CMakeFiles/crospi_interfaces__rosidl_generator_c.dir/rosidl_generator_c/crospi_interfaces/msg/detail/vector3_parameters__functions.c.o[0m
[  7%] [32mBuilding C object CMakeFiles/crospi_interfaces__rosidl_generator_c.dir/rosidl_generator_c/crospi_interfaces/msg/detail/pose_parameters__functions.c.o[0m
[  8%] [32mBuilding C object CMakeFiles/crospi_interfaces__rosidl_generator_c.dir/rosidl_generator_c/crospi_interfaces/msg/detail/number_parameters__functions.c.o[0m
[  9%] [32mBuilding C object CMakeFiles/crospi_interfaces__rosidl_generator_c.dir/rosidl_generator_c/crospi_interfaces/msg/detail/test__functions.c.o[0m
[ 10%] [32mBuilding C object CMakeFiles/crospi_interfaces__rosidl_generator_c.dir/rosidl_generator_c/crospi_interfaces/msg/detail/input__functions.c.o[0m
[ 10%] [32mBuilding C object CMakeFiles/crospi_interfaces__rosidl_generator_c.dir/rosidl_generator_c/crospi_interfaces/srv/detail/task_specification_string__functions.c.o[0m
[ 12%] [32mBuilding C object CMakeFiles/crospi_interfaces__rosidl_generator_c.dir/rosidl_generator_c/crospi_interfaces/msg/detail/return_value__functions.c.o[0m
[ 12%] [32mBuilding C object CMakeFiles/crospi_interfaces__rosidl_generator_c.dir/rosidl_generator_c/crospi_interfaces/srv/detail/task_specification_file__functions.c.o[0m
[ 12%] Built target crospi_interfaces__cpp
[ 13%] [34m[1mGenerating C++ type support for eProsima Fast-RTPS[0m
[ 14%] [34m[1mGenerating C++ introspection for ROS interfaces[0m
[ 15%] [34m[1mGenerating C++ type support dispatch for ROS interfaces[0m
[ 16%] [32m[1mLinking C shared library libcrospi_interfaces__rosidl_generator_c.so[0m
[ 16%] Built target crospi_interfaces__rosidl_generator_c
[ 19%] [34m[1mGenerating C type support for eProsima Fast-RTPS[0m
[ 19%] [34m[1mGenerating C type support dispatch for ROS interfaces[0m
[ 19%] [34m[1mGenerating C introspection for ROS interfaces[0m
[ 20%] [32mBuilding CXX object CMakeFiles/crospi_interfaces__rosidl_typesupport_cpp.dir/rosidl_typesupport_cpp/crospi_interfaces/msg/output__type_support.cpp.o[0m
[ 21%] [32mBuilding CXX object CMakeFiles/crospi_interfaces__rosidl_typesupport_cpp.dir/rosidl_typesupport_cpp/crospi_interfaces/action/run_task__type_support.cpp.o[0m
[ 21%] [32mBuilding CXX object CMakeFiles/crospi_interfaces__rosidl_typesupport_cpp.dir/rosidl_typesupport_cpp/crospi_interfaces/msg/pose_parameters__type_support.cpp.o[0m
[ 22%] [32mBuilding CXX object CMakeFiles/crospi_interfaces__rosidl_typesupport_cpp.dir/rosidl_typesupport_cpp/crospi_interfaces/msg/output_derivatives__type_support.cpp.o[0m
[ 22%] [32mBuilding CXX object CMakeFiles/crospi_interfaces__rosidl_typesupport_cpp.dir/rosidl_typesupport_cpp/crospi_interfaces/msg/task_parameters__type_support.cpp.o[0m
[ 23%] [32mBuilding CXX object CMakeFiles/crospi_interfaces__rosidl_typesupport_cpp.dir/rosidl_typesupport_cpp/crospi_interfaces/srv/lua_cmd__type_support.cpp.o[0m
[ 24%] [32mBuilding CXX object CMakeFiles/crospi_interfaces__rosidl_typesupport_cpp.dir/rosidl_typesupport_cpp/crospi_interfaces/msg/return_value__type_support.cpp.o[0m
[ 25%] [32mBuilding CXX object CMakeFiles/crospi_interfaces__rosidl_typesupport_cpp.dir/rosidl_typesupport_cpp/crospi_interfaces/msg/number_parameters__type_support.cpp.o[0m
[ 25%] [32mBuilding CXX object CMakeFiles/crospi_interfaces__rosidl_typesupport_cpp.dir/rosidl_typesupport_cpp/crospi_interfaces/msg/test__type_support.cpp.o[0m
[ 26%] [32mBuilding CXX object CMakeFiles/crospi_interfaces__rosidl_typesupport_cpp.dir/rosidl_typesupport_cpp/crospi_interfaces/msg/input__type_support.cpp.o[0m
[ 27%] [32mBuilding CXX object CMakeFiles/crospi_interfaces__rosidl_typesupport_cpp.dir/rosidl_typesupport_cpp/crospi_interfaces/msg/vector3_parameters__type_support.cpp.o[0m
[ 27%] [32mBuilding CXX object CMakeFiles/crospi_interfaces__rosidl_typesupport_c.dir/rosidl_typesupport_c/crospi_interfaces/msg/output__type_support.cpp.o[0m
[ 28%] [32mBuilding CXX object CMakeFiles/crospi_interfaces__rosidl_typesupport_c.dir/rosidl_typesupport_c/crospi_interfaces/msg/output_derivatives__type_support.cpp.o[0m
[ 29%] [32mBuilding CXX object CMakeFiles/crospi_interfaces__rosidl_typesupport_c.dir/rosidl_typesupport_c/crospi_interfaces/srv/lua_cmd__type_support.cpp.o[0m
[ 30%] [32mBuilding CXX object CMakeFiles/crospi_interfaces__rosidl_typesupport_cpp.dir/rosidl_typesupport_cpp/crospi_interfaces/srv/task_specification_string__type_support.cpp.o[0m
[ 31%] [32mBuilding CXX object CMakeFiles/crospi_interfaces__rosidl_typesupport_c.dir/rosidl_typesupport_c/crospi_interfaces/action/run_task__type_support.cpp.o[0m
[ 32%] [32mBuilding CXX object CMakeFiles/crospi_interfaces__rosidl_typesupport_cpp.dir/rosidl_typesupport_cpp/crospi_interfaces/srv/task_specification_file__type_support.cpp.o[0m
[ 32%] [32mBuilding CXX object CMakeFiles/crospi_interfaces__rosidl_typesupport_c.dir/rosidl_typesupport_c/crospi_interfaces/msg/task_parameters__type_support.cpp.o[0m
[ 33%] [32mBuilding CXX object CMakeFiles/crospi_interfaces__rosidl_typesupport_c.dir/rosidl_typesupport_c/crospi_interfaces/msg/pose_parameters__type_support.cpp.o[0m
[ 34%] [32mBuilding CXX object CMakeFiles/crospi_interfaces__rosidl_typesupport_c.dir/rosidl_typesupport_c/crospi_interfaces/msg/vector3_parameters__type_support.cpp.o[0m
[ 35%] [32mBuilding CXX object CMakeFiles/crospi_interfaces__rosidl_typesupport_c.dir/rosidl_typesupport_c/crospi_interfaces/msg/number_parameters__type_support.cpp.o[0m
[ 36%] [32mBuilding CXX object CMakeFiles/crospi_interfaces__rosidl_typesupport_c.dir/rosidl_typesupport_c/crospi_interfaces/msg/return_value__type_support.cpp.o[0m
[ 36%] [32mBuilding CXX object CMakeFiles/crospi_interfaces__rosidl_typesupport_c.dir/rosidl_typesupport_c/crospi_interfaces/msg/input__type_support.cpp.o[0m
[ 37%] [32mBuilding CXX object CMakeFiles/crospi_interfaces__rosidl_typesupport_c.dir/rosidl_typesupport_c/crospi_interfaces/msg/test__type_support.cpp.o[0m
[ 38%] [32mBuilding CXX object CMakeFiles/crospi_interfaces__rosidl_typesupport_c.dir/rosidl_typesupport_c/crospi_interfaces/srv/task_specification_string__type_support.cpp.o[0m
[ 38%] [32mBuilding CXX object CMakeFiles/crospi_interfaces__rosidl_typesupport_introspection_cpp.dir/rosidl_typesupport_introspection_cpp/crospi_interfaces/msg/detail/output_derivatives__type_support.cpp.o[0m
[ 39%] [32mBuilding CXX object CMakeFiles/crospi_interfaces__rosidl_typesupport_c.dir/rosidl_typesupport_c/crospi_interfaces/srv/task_specification_file__type_support.cpp.o[0m
[ 40%] [32mBuilding CXX object CMakeFiles/crospi_interfaces__rosidl_typesupport_introspection_cpp.dir/rosidl_typesupport_introspection_cpp/crospi_interfaces/msg/detail/output__type_support.cpp.o[0m
[ 41%] [32mBuilding CXX object CMakeFiles/crospi_interfaces__rosidl_typesupport_introspection_cpp.dir/rosidl_typesupport_introspection_cpp/crospi_interfaces/srv/detail/lua_cmd__type_support.cpp.o[0m
[ 42%] [32mBuilding CXX object CMakeFiles/crospi_interfaces__rosidl_typesupport_introspection_cpp.dir/rosidl_typesupport_introspection_cpp/crospi_interfaces/msg/detail/task_parameters__type_support.cpp.o[0m
[ 43%] [32mBuilding CXX object CMakeFiles/crospi_interfaces__rosidl_typesupport_introspection_cpp.dir/rosidl_typesupport_introspection_cpp/crospi_interfaces/action/detail/run_task__type_support.cpp.o[0m
[ 43%] [32mBuilding CXX object CMakeFiles/crospi_interfaces__rosidl_typesupport_introspection_cpp.dir/rosidl_typesupport_introspection_cpp/crospi_interfaces/msg/detail/pose_parameters__type_support.cpp.o[0m
[ 44%] [32mBuilding CXX object CMakeFiles/crospi_interfaces__rosidl_typesupport_introspection_cpp.dir/rosidl_typesupport_introspection_cpp/crospi_interfaces/msg/detail/vector3_parameters__type_support.cpp.o[0m
[ 45%] [32mBuilding CXX object CMakeFiles/crospi_interfaces__rosidl_typesupport_introspection_cpp.dir/rosidl_typesupport_introspection_cpp/crospi_interfaces/msg/detail/return_value__type_support.cpp.o[0m
[ 46%] [32mBuilding CXX object CMakeFiles/crospi_interfaces__rosidl_typesupport_introspection_cpp.dir/rosidl_typesupport_introspection_cpp/crospi_interfaces/msg/detail/number_parameters__type_support.cpp.o[0m
[ 46%] [32m[1mLinking CXX shared library libcrospi_interfaces__rosidl_typesupport_c.so[0m
[ 46%] Built target crospi_interfaces__rosidl_typesupport_c
[ 47%] [32mBuilding CXX object CMakeFiles/crospi_interfaces__rosidl_typesupport_introspection_cpp.dir/rosidl_typesupport_introspection_cpp/crospi_interfaces/msg/detail/input__type_support.cpp.o[0m
[ 47%] [32mBuilding CXX object CMakeFiles/crospi_interfaces__rosidl_typesupport_introspection_cpp.dir/rosidl_typesupport_introspection_cpp/crospi_interfaces/msg/detail/test__type_support.cpp.o[0m
[ 48%] [32mBuilding CXX object CMakeFiles/crospi_interfaces__rosidl_typesupport_fastrtps_cpp.dir/rosidl_typesupport_fastrtps_cpp/crospi_interfaces/msg/detail/dds_fastrtps/output__type_support.cpp.o[0m
[ 48%] [32mBuilding C object CMakeFiles/crospi_interfaces__rosidl_typesupport_introspection_c.dir/rosidl_typesupport_introspection_c/crospi_interfaces/msg/detail/output__type_support.c.o[0m
[ 49%] [32mBuilding C object CMakeFiles/crospi_interfaces__rosidl_typesupport_introspection_c.dir/rosidl_typesupport_introspection_c/crospi_interfaces/msg/detail/output_derivatives__type_support.c.o[0m
[ 50%] [32m[1mLinking CXX shared library libcrospi_interfaces__rosidl_typesupport_cpp.so[0m
[ 51%] [32mBuilding CXX object CMakeFiles/crospi_interfaces__rosidl_typesupport_introspection_cpp.dir/rosidl_typesupport_introspection_cpp/crospi_interfaces/srv/detail/task_specification_string__type_support.cpp.o[0m
[ 52%] [32mBuilding C object CMakeFiles/crospi_interfaces__rosidl_typesupport_introspection_c.dir/rosidl_typesupport_introspection_c/crospi_interfaces/srv/detail/lua_cmd__type_support.c.o[0m
[ 53%] [32mBuilding C object CMakeFiles/crospi_interfaces__rosidl_typesupport_introspection_c.dir/rosidl_typesupport_introspection_c/crospi_interfaces/action/detail/run_task__type_support.c.o[0m
[ 53%] Built target crospi_interfaces__rosidl_typesupport_cpp
[ 53%] [32mBuilding C object CMakeFiles/crospi_interfaces__rosidl_typesupport_introspection_c.dir/rosidl_typesupport_introspection_c/crospi_interfaces/msg/detail/task_parameters__type_support.c.o[0m
[ 54%] [32mBuilding CXX object CMakeFiles/crospi_interfaces__rosidl_typesupport_introspection_cpp.dir/rosidl_typesupport_introspection_cpp/crospi_interfaces/srv/detail/task_specification_file__type_support.cpp.o[0m
[ 55%] [32mBuilding C object CMakeFiles/crospi_interfaces__rosidl_typesupport_introspection_c.dir/rosidl_typesupport_introspection_c/crospi_interfaces/msg/detail/pose_parameters__type_support.c.o[0m
[ 55%] [32mBuilding CXX object CMakeFiles/crospi_interfaces__rosidl_typesupport_fastrtps_c.dir/rosidl_typesupport_fastrtps_c/crospi_interfaces/msg/detail/output__type_support_c.cpp.o[0m
[ 56%] [32mBuilding C object CMakeFiles/crospi_interfaces__rosidl_typesupport_introspection_c.dir/rosidl_typesupport_introspection_c/crospi_interfaces/msg/detail/vector3_parameters__type_support.c.o[0m
[ 57%] [32mBuilding CXX object CMakeFiles/crospi_interfaces__rosidl_typesupport_fastrtps_c.dir/rosidl_typesupport_fastrtps_c/crospi_interfaces/msg/detail/output_derivatives__type_support_c.cpp.o[0m
[ 58%] [32mBuilding C object CMakeFiles/crospi_interfaces__rosidl_typesupport_introspection_c.dir/rosidl_typesupport_introspection_c/crospi_interfaces/msg/detail/number_parameters__type_support.c.o[0m
[ 59%] [32mBuilding C object CMakeFiles/crospi_interfaces__rosidl_typesupport_introspection_c.dir/rosidl_typesupport_introspection_c/crospi_interfaces/msg/detail/return_value__type_support.c.o[0m
[ 60%] [32mBuilding CXX object CMakeFiles/crospi_interfaces__rosidl_typesupport_fastrtps_cpp.dir/rosidl_typesupport_fastrtps_cpp/crospi_interfaces/srv/detail/dds_fastrtps/lua_cmd__type_support.cpp.o[0m
[ 60%] [32mBuilding CXX object CMakeFiles/crospi_interfaces__rosidl_typesupport_fastrtps_cpp.dir/rosidl_typesupport_fastrtps_cpp/crospi_interfaces/msg/detail/dds_fastrtps/output_derivatives__type_support.cpp.o[0m
[ 61%] [32mBuilding CXX object CMakeFiles/crospi_interfaces__rosidl_typesupport_fastrtps_c.dir/rosidl_typesupport_fastrtps_c/crospi_interfaces/srv/detail/lua_cmd__type_support_c.cpp.o[0m
[ 61%] [32mBuilding C object CMakeFiles/crospi_interfaces__rosidl_typesupport_introspection_c.dir/rosidl_typesupport_introspection_c/crospi_interfaces/msg/detail/input__type_support.c.o[0m
[ 62%] [32mBuilding CXX object CMakeFiles/crospi_interfaces__rosidl_typesupport_fastrtps_cpp.dir/rosidl_typesupport_fastrtps_cpp/crospi_interfaces/action/detail/dds_fastrtps/run_task__type_support.cpp.o[0m
[ 63%] [32mBuilding CXX object CMakeFiles/crospi_interfaces__rosidl_typesupport_fastrtps_cpp.dir/rosidl_typesupport_fastrtps_cpp/crospi_interfaces/msg/detail/dds_fastrtps/task_parameters__type_support.cpp.o[0m
[ 64%] [32mBuilding CXX object CMakeFiles/crospi_interfaces__rosidl_typesupport_fastrtps_c.dir/rosidl_typesupport_fastrtps_c/crospi_interfaces/action/detail/run_task__type_support_c.cpp.o[0m
[ 65%] [32mBuilding C object CMakeFiles/crospi_interfaces__rosidl_typesupport_introspection_c.dir/rosidl_typesupport_introspection_c/crospi_interfaces/msg/detail/test__type_support.c.o[0m
[ 65%] [32mBuilding CXX object CMakeFiles/crospi_interfaces__rosidl_typesupport_fastrtps_cpp.dir/rosidl_typesupport_fastrtps_cpp/crospi_interfaces/msg/detail/dds_fastrtps/pose_parameters__type_support.cpp.o[0m
[ 66%] [32mBuilding CXX object CMakeFiles/crospi_interfaces__rosidl_typesupport_fastrtps_cpp.dir/rosidl_typesupport_fastrtps_cpp/crospi_interfaces/msg/detail/dds_fastrtps/vector3_parameters__type_support.cpp.o[0m
[ 67%] [32mBuilding C object CMakeFiles/crospi_interfaces__rosidl_typesupport_introspection_c.dir/rosidl_typesupport_introspection_c/crospi_interfaces/srv/detail/task_specification_string__type_support.c.o[0m
[ 68%] [32mBuilding C object CMakeFiles/crospi_interfaces__rosidl_typesupport_introspection_c.dir/rosidl_typesupport_introspection_c/crospi_interfaces/srv/detail/task_specification_file__type_support.c.o[0m
[ 69%] [32mBuilding CXX object CMakeFiles/crospi_interfaces__rosidl_typesupport_fastrtps_cpp.dir/rosidl_typesupport_fastrtps_cpp/crospi_interfaces/msg/detail/dds_fastrtps/number_parameters__type_support.cpp.o[0m
[ 70%] [32mBuilding CXX object CMakeFiles/crospi_interfaces__rosidl_typesupport_fastrtps_cpp.dir/rosidl_typesupport_fastrtps_cpp/crospi_interfaces/msg/detail/dds_fastrtps/return_value__type_support.cpp.o[0m
[ 70%] [32mBuilding CXX object CMakeFiles/crospi_interfaces__rosidl_typesupport_fastrtps_c.dir/rosidl_typesupport_fastrtps_c/crospi_interfaces/msg/detail/task_parameters__type_support_c.cpp.o[0m
[ 71%] [32mBuilding CXX object CMakeFiles/crospi_interfaces__rosidl_typesupport_fastrtps_cpp.dir/rosidl_typesupport_fastrtps_cpp/crospi_interfaces/msg/detail/dds_fastrtps/input__type_support.cpp.o[0m
[ 71%] [32m[1mLinking C shared library libcrospi_interfaces__rosidl_typesupport_introspection_c.so[0m
[ 71%] Built target crospi_interfaces__rosidl_typesupport_introspection_c
[ 72%] [32mBuilding CXX object CMakeFiles/crospi_interfaces__rosidl_typesupport_fastrtps_c.dir/rosidl_typesupport_fastrtps_c/crospi_interfaces/msg/detail/pose_parameters__type_support_c.cpp.o[0m
[ 72%] [32mBuilding CXX object CMakeFiles/crospi_interfaces__rosidl_typesupport_fastrtps_cpp.dir/rosidl_typesupport_fastrtps_cpp/crospi_interfaces/msg/detail/dds_fastrtps/test__type_support.cpp.o[0m
[ 73%] [32mBuilding CXX object CMakeFiles/crospi_interfaces__rosidl_typesupport_fastrtps_c.dir/rosidl_typesupport_fastrtps_c/crospi_interfaces/msg/detail/vector3_parameters__type_support_c.cpp.o[0m
[ 74%] [32m[1mLinking CXX shared library libcrospi_interfaces__rosidl_typesupport_introspection_cpp.so[0m
[ 75%] [32mBuilding CXX object CMakeFiles/crospi_interfaces__rosidl_typesupport_fastrtps_c.dir/rosidl_typesupport_fastrtps_c/crospi_interfaces/msg/detail/number_parameters__type_support_c.cpp.o[0m
[ 76%] [32mBuilding CXX object CMakeFiles/crospi_interfaces__rosidl_typesupport_fastrtps_cpp.dir/rosidl_typesupport_fastrtps_cpp/crospi_interfaces/srv/detail/dds_fastrtps/task_specification_string__type_support.cpp.o[0m
[ 76%] Built target crospi_interfaces__rosidl_typesupport_introspection_cpp
[ 77%] [32mBuilding CXX object CMakeFiles/crospi_interfaces__rosidl_typesupport_fastrtps_c.dir/rosidl_typesupport_fastrtps_c/crospi_interfaces/msg/detail/return_value__type_support_c.cpp.o[0m
[ 77%] [32mBuilding CXX object CMakeFiles/crospi_interfaces__rosidl_typesupport_fastrtps_c.dir/rosidl_typesupport_fastrtps_c/crospi_interfaces/msg/detail/input__type_support_c.cpp.o[0m
[ 78%] [32mBuilding CXX object CMakeFiles/crospi_interfaces__rosidl_typesupport_fastrtps_cpp.dir/rosidl_typesupport_fastrtps_cpp/crospi_interfaces/srv/detail/dds_fastrtps/task_specification_file__type_support.cpp.o[0m
[ 79%] [32mBuilding CXX object CMakeFiles/crospi_interfaces__rosidl_typesupport_fastrtps_c.dir/rosidl_typesupport_fastrtps_c/crospi_interfaces/msg/detail/test__type_support_c.cpp.o[0m
[ 80%] [32mBuilding CXX object CMakeFiles/crospi_interfaces__rosidl_typesupport_fastrtps_c.dir/rosidl_typesupport_fastrtps_c/crospi_interfaces/srv/detail/task_specification_string__type_support_c.cpp.o[0m
[ 81%] [32mBuilding CXX object CMakeFiles/crospi_interfaces__rosidl_typesupport_fastrtps_c.dir/rosidl_typesupport_fastrtps_c/crospi_interfaces/srv/detail/task_specification_file__type_support_c.cpp.o[0m
[ 82%] [32m[1mLinking CXX shared library libcrospi_interfaces__rosidl_typesupport_fastrtps_cpp.so[0m
[ 82%] [32m[1mLinking CXX shared library libcrospi_interfaces__rosidl_typesupport_fastrtps_c.so[0m
[ 82%] Built target crospi_interfaces__rosidl_typesupport_fastrtps_cpp
[ 82%] Built target crospi_interfaces__rosidl_typesupport_fastrtps_c
[ 82%] Built target crospi_interfaces
[ 83%] [34m[1mGenerating Python code for ROS interfaces[0m
[ 83%] Built target crospi_interfaces__py
[ 84%] [32mBuilding C object CMakeFiles/crospi_interfaces__rosidl_generator_py.dir/rosidl_generator_py/crospi_interfaces/msg/_output_s.c.o[0m
[ 84%] [32mBuilding C object CMakeFiles/crospi_interfaces__rosidl_generator_py.dir/rosidl_generator_py/crospi_interfaces/msg/_output_derivatives_s.c.o[0m
[ 85%] [32mBuilding C object CMakeFiles/crospi_interfaces__rosidl_generator_py.dir/rosidl_generator_py/crospi_interfaces/action/_run_task_s.c.o[0m
[ 86%] [32mBuilding C object CMakeFiles/crospi_interfaces__rosidl_generator_py.dir/rosidl_generator_py/crospi_interfaces/msg/_vector3_parameters_s.c.o[0m
[ 87%] [32mBuilding C object CMakeFiles/crospi_interfaces__rosidl_generator_py.dir/rosidl_generator_py/crospi_interfaces/srv/_lua_cmd_s.c.o[0m
[ 87%] [32mBuilding C object CMakeFiles/crospi_interfaces__rosidl_generator_py.dir/rosidl_generator_py/crospi_interfaces/msg/_pose_parameters_s.c.o[0m
[ 88%] [32mBuilding C object CMakeFiles/crospi_interfaces__rosidl_generator_py.dir/rosidl_generator_py/crospi_interfaces/msg/_input_s.c.o[0m
[ 90%] [32mBuilding C object CMakeFiles/crospi_interfaces__rosidl_generator_py.dir/rosidl_generator_py/crospi_interfaces/msg/_task_parameters_s.c.o[0m
[ 90%] [32mBuilding C object CMakeFiles/crospi_interfaces__rosidl_generator_py.dir/rosidl_generator_py/crospi_interfaces/msg/_number_parameters_s.c.o[0m
[ 91%] [32mBuilding C object CMakeFiles/crospi_interfaces__rosidl_generator_py.dir/rosidl_generator_py/crospi_interfaces/srv/_task_specification_string_s.c.o[0m
[ 92%] [32mBuilding C object CMakeFiles/crospi_interfaces__rosidl_generator_py.dir/rosidl_generator_py/crospi_interfaces/msg/_return_value_s.c.o[0m
[ 93%] [32mBuilding C object CMakeFiles/crospi_interfaces__rosidl_generator_py.dir/rosidl_generator_py/crospi_interfaces/srv/_task_specification_file_s.c.o[0m
[ 93%] [32mBuilding C object CMakeFiles/crospi_interfaces__rosidl_generator_py.dir/rosidl_generator_py/crospi_interfaces/msg/_test_s.c.o[0m
[ 94%] [32m[1mLinking C shared library rosidl_generator_py/crospi_interfaces/libcrospi_interfaces__rosidl_generator_py.so[0m
[ 94%] Built target crospi_interfaces__rosidl_generator_py
[ 95%] [32mBuilding C object CMakeFiles/crospi_interfaces__rosidl_typesupport_fastrtps_c__pyext.dir/rosidl_generator_py/crospi_interfaces/_crospi_interfaces_s.ep.rosidl_typesupport_fastrtps_c.c.o[0m
[ 96%] [32mBuilding C object CMakeFiles/crospi_interfaces__rosidl_typesupport_introspection_c__pyext.dir/rosidl_generator_py/crospi_interfaces/_crospi_interfaces_s.ep.rosidl_typesupport_introspection_c.c.o[0m
[ 97%] [32mBuilding C object CMakeFiles/crospi_interfaces__rosidl_typesupport_c__pyext.dir/rosidl_generator_py/crospi_interfaces/_crospi_interfaces_s.ep.rosidl_typesupport_c.c.o[0m
[ 98%] [32m[1mLinking C shared library rosidl_generator_py/crospi_interfaces/crospi_interfaces_s__rosidl_typesupport_c.cpython-310-x86_64-linux-gnu.so[0m
[ 99%] [32m[1mLinking C shared library rosidl_generator_py/crospi_interfaces/crospi_interfaces_s__rosidl_typesupport_fastrtps_c.cpython-310-x86_64-linux-gnu.so[0m
[100%] [32m[1mLinking C shared library rosidl_generator_py/crospi_interfaces/crospi_interfaces_s__rosidl_typesupport_introspection_c.cpython-310-x86_64-linux-gnu.so[0m
[100%] Built target crospi_interfaces__rosidl_typesupport_c__pyext
[100%] Built target crospi_interfaces__rosidl_typesupport_fastrtps_c__pyext
[100%] Built target crospi_interfaces__rosidl_typesupport_introspection_c__pyext
-- Install configuration: ""
-- Execute custom install script
-- Symlinking: /home/masterthesis/kaixi_crospi_ws/install/crospi_interfaces/share/ament_index/resource_index/rosidl_interfaces/crospi_interfaces
-- Symlinking: /home/masterthesis/kaixi_crospi_ws/install/crospi_interfaces/include/crospi_interfaces/crospi_interfaces/action/detail/run_task__functions.h
-- Symlinking: /home/masterthesis/kaixi_crospi_ws/install/crospi_interfaces/include/crospi_interfaces/crospi_interfaces/action/detail/run_task__struct.h
-- Symlinking: /home/masterthesis/kaixi_crospi_ws/install/crospi_interfaces/include/crospi_interfaces/crospi_interfaces/action/detail/run_task__type_support.h
-- Symlinking: /home/masterthesis/kaixi_crospi_ws/install/crospi_interfaces/include/crospi_interfaces/crospi_interfaces/action/run_task.h
-- Symlinking: /home/masterthesis/kaixi_crospi_ws/install/crospi_interfaces/include/crospi_interfaces/crospi_interfaces/msg/detail/input__functions.h
-- Symlinking: /home/masterthesis/kaixi_crospi_ws/install/crospi_interfaces/include/crospi_interfaces/crospi_interfaces/msg/detail/input__struct.h
-- Symlinking: /home/masterthesis/kaixi_crospi_ws/install/crospi_interfaces/include/crospi_interfaces/crospi_interfaces/msg/detail/input__type_support.h
-- Symlinking: /home/masterthesis/kaixi_crospi_ws/install/crospi_interfaces/include/crospi_interfaces/crospi_interfaces/msg/detail/number_parameters__functions.h
-- Symlinking: /home/masterthesis/kaixi_crospi_ws/install/crospi_interfaces/include/crospi_interfaces/crospi_interfaces/msg/detail/number_parameters__struct.h
-- Symlinking: /home/masterthesis/kaixi_crospi_ws/install/crospi_interfaces/include/crospi_interfaces/crospi_interfaces/msg/detail/number_parameters__type_support.h
-- Symlinking: /home/masterthesis/kaixi_crospi_ws/install/crospi_interfaces/include/crospi_interfaces/crospi_interfaces/msg/detail/output__functions.h
-- Symlinking: /home/masterthesis/kaixi_crospi_ws/install/crospi_interfaces/include/crospi_interfaces/crospi_interfaces/msg/detail/output__struct.h
-- Symlinking: /home/masterthesis/kaixi_crospi_ws/install/crospi_interfaces/include/crospi_interfaces/crospi_interfaces/msg/detail/output__type_support.h
-- Symlinking: /home/masterthesis/kaixi_crospi_ws/install/crospi_interfaces/include/crospi_interfaces/crospi_interfaces/msg/detail/output_derivatives__functions.h
-- Symlinking: /home/masterthesis/kaixi_crospi_ws/install/crospi_interfaces/include/crospi_interfaces/crospi_interfaces/msg/detail/output_derivatives__struct.h
-- Symlinking: /home/masterthesis/kaixi_crospi_ws/install/crospi_interfaces/include/crospi_interfaces/crospi_interfaces/msg/detail/output_derivatives__type_support.h
-- Symlinking: /home/masterthesis/kaixi_crospi_ws/install/crospi_interfaces/include/crospi_interfaces/crospi_interfaces/msg/detail/pose_parameters__functions.h
-- Symlinking: /home/masterthesis/kaixi_crospi_ws/install/crospi_interfaces/include/crospi_interfaces/crospi_interfaces/msg/detail/pose_parameters__struct.h
-- Symlinking: /home/masterthesis/kaixi_crospi_ws/install/crospi_interfaces/include/crospi_interfaces/crospi_interfaces/msg/detail/pose_parameters__type_support.h
-- Symlinking: /home/masterthesis/kaixi_crospi_ws/install/crospi_interfaces/include/crospi_interfaces/crospi_interfaces/msg/detail/return_value__functions.h
-- Symlinking: /home/masterthesis/kaixi_crospi_ws/install/crospi_interfaces/include/crospi_interfaces/crospi_interfaces/msg/detail/return_value__struct.h
-- Symlinking: /home/masterthesis/kaixi_crospi_ws/install/crospi_interfaces/include/crospi_interfaces/crospi_interfaces/msg/detail/return_value__type_support.h
-- Symlinking: /home/masterthesis/kaixi_crospi_ws/install/crospi_interfaces/include/crospi_interfaces/crospi_interfaces/msg/detail/task_parameters__functions.h
-- Symlinking: /home/masterthesis/kaixi_crospi_ws/install/crospi_interfaces/include/crospi_interfaces/crospi_interfaces/msg/detail/task_parameters__struct.h
-- Symlinking: /home/masterthesis/kaixi_crospi_ws/install/crospi_interfaces/include/crospi_interfaces/crospi_interfaces/msg/detail/task_parameters__type_support.h
-- Symlinking: /home/masterthesis/kaixi_crospi_ws/install/crospi_interfaces/include/crospi_interfaces/crospi_interfaces/msg/detail/test__functions.h
-- Symlinking: /home/masterthesis/kaixi_crospi_ws/install/crospi_interfaces/include/crospi_interfaces/crospi_interfaces/msg/detail/test__struct.h
-- Symlinking: /home/masterthesis/kaixi_crospi_ws/install/crospi_interfaces/include/crospi_interfaces/crospi_interfaces/msg/detail/test__type_support.h
-- Symlinking: /home/masterthesis/kaixi_crospi_ws/install/crospi_interfaces/include/crospi_interfaces/crospi_interfaces/msg/detail/vector3_parameters__functions.h
-- Symlinking: /home/masterthesis/kaixi_crospi_ws/install/crospi_interfaces/include/crospi_interfaces/crospi_interfaces/msg/detail/vector3_parameters__struct.h
-- Symlinking: /home/masterthesis/kaixi_crospi_ws/install/crospi_interfaces/include/crospi_interfaces/crospi_interfaces/msg/detail/vector3_parameters__type_support.h
-- Symlinking: /home/masterthesis/kaixi_crospi_ws/install/crospi_interfaces/include/crospi_interfaces/crospi_interfaces/msg/input.h
-- Symlinking: /home/masterthesis/kaixi_crospi_ws/install/crospi_interfaces/include/crospi_interfaces/crospi_interfaces/msg/number_parameters.h
-- Symlinking: /home/masterthesis/kaixi_crospi_ws/install/crospi_interfaces/include/crospi_interfaces/crospi_interfaces/msg/output.h
-- Symlinking: /home/masterthesis/kaixi_crospi_ws/install/crospi_interfaces/include/crospi_interfaces/crospi_interfaces/msg/output_derivatives.h
-- Symlinking: /home/masterthesis/kaixi_crospi_ws/install/crospi_interfaces/include/crospi_interfaces/crospi_interfaces/msg/pose_parameters.h
-- Symlinking: /home/masterthesis/kaixi_crospi_ws/install/crospi_interfaces/include/crospi_interfaces/crospi_interfaces/msg/return_value.h
-- Symlinking: /home/masterthesis/kaixi_crospi_ws/install/crospi_interfaces/include/crospi_interfaces/crospi_interfaces/msg/rosidl_generator_c__visibility_control.h
-- Symlinking: /home/masterthesis/kaixi_crospi_ws/install/crospi_interfaces/include/crospi_interfaces/crospi_interfaces/msg/task_parameters.h
-- Symlinking: /home/masterthesis/kaixi_crospi_ws/install/crospi_interfaces/include/crospi_interfaces/crospi_interfaces/msg/test.h
-- Symlinking: /home/masterthesis/kaixi_crospi_ws/install/crospi_interfaces/include/crospi_interfaces/crospi_interfaces/msg/vector3_parameters.h
-- Symlinking: /home/masterthesis/kaixi_crospi_ws/install/crospi_interfaces/include/crospi_interfaces/crospi_interfaces/srv/detail/lua_cmd__functions.h
-- Symlinking: /home/masterthesis/kaixi_crospi_ws/install/crospi_interfaces/include/crospi_interfaces/crospi_interfaces/srv/detail/lua_cmd__struct.h
-- Symlinking: /home/masterthesis/kaixi_crospi_ws/install/crospi_interfaces/include/crospi_interfaces/crospi_interfaces/srv/detail/lua_cmd__type_support.h
-- Symlinking: /home/masterthesis/kaixi_crospi_ws/install/crospi_interfaces/include/crospi_interfaces/crospi_interfaces/srv/detail/task_specification_file__functions.h
-- Symlinking: /home/masterthesis/kaixi_crospi_ws/install/crospi_interfaces/include/crospi_interfaces/crospi_interfaces/srv/detail/task_specification_file__struct.h
-- Symlinking: /home/masterthesis/kaixi_crospi_ws/install/crospi_interfaces/include/crospi_interfaces/crospi_interfaces/srv/detail/task_specification_file__type_support.h
-- Symlinking: /home/masterthesis/kaixi_crospi_ws/install/crospi_interfaces/include/crospi_interfaces/crospi_interfaces/srv/detail/task_specification_string__functions.h
-- Symlinking: /home/masterthesis/kaixi_crospi_ws/install/crospi_interfaces/include/crospi_interfaces/crospi_interfaces/srv/detail/task_specification_string__struct.h
-- Symlinking: /home/masterthesis/kaixi_crospi_ws/install/crospi_interfaces/include/crospi_interfaces/crospi_interfaces/srv/detail/task_specification_string__type_support.h
-- Symlinking: /home/masterthesis/kaixi_crospi_ws/install/crospi_interfaces/include/crospi_interfaces/crospi_interfaces/srv/lua_cmd.h
-- Symlinking: /home/masterthesis/kaixi_crospi_ws/install/crospi_interfaces/include/crospi_interfaces/crospi_interfaces/srv/task_specification_file.h
-- Symlinking: /home/masterthesis/kaixi_crospi_ws/install/crospi_interfaces/include/crospi_interfaces/crospi_interfaces/srv/task_specification_string.h
-- Symlinking: /home/masterthesis/kaixi_crospi_ws/install/crospi_interfaces/share/crospi_interfaces/environment/library_path.sh
-- Symlinking: /home/masterthesis/kaixi_crospi_ws/install/crospi_interfaces/share/crospi_interfaces/environment/library_path.dsv
-- Symlinking: /home/masterthesis/kaixi_crospi_ws/install/crospi_interfaces/include/crospi_interfaces/crospi_interfaces/action/detail/run_task__rosidl_typesupport_fastrtps_c.h
-- Symlinking: /home/masterthesis/kaixi_crospi_ws/install/crospi_interfaces/include/crospi_interfaces/crospi_interfaces/msg/detail/input__rosidl_typesupport_fastrtps_c.h
-- Symlinking: /home/masterthesis/kaixi_crospi_ws/install/crospi_interfaces/include/crospi_interfaces/crospi_interfaces/msg/detail/number_parameters__rosidl_typesupport_fastrtps_c.h
-- Symlinking: /home/masterthesis/kaixi_crospi_ws/install/crospi_interfaces/include/crospi_interfaces/crospi_interfaces/msg/detail/output__rosidl_typesupport_fastrtps_c.h
-- Symlinking: /home/masterthesis/kaixi_crospi_ws/install/crospi_interfaces/include/crospi_interfaces/crospi_interfaces/msg/detail/output_derivatives__rosidl_typesupport_fastrtps_c.h
-- Symlinking: /home/masterthesis/kaixi_crospi_ws/install/crospi_interfaces/include/crospi_interfaces/crospi_interfaces/msg/detail/pose_parameters__rosidl_typesupport_fastrtps_c.h
-- Symlinking: /home/masterthesis/kaixi_crospi_ws/install/crospi_interfaces/include/crospi_interfaces/crospi_interfaces/msg/detail/return_value__rosidl_typesupport_fastrtps_c.h
-- Symlinking: /home/masterthesis/kaixi_crospi_ws/install/crospi_interfaces/include/crospi_interfaces/crospi_interfaces/msg/detail/task_parameters__rosidl_typesupport_fastrtps_c.h
-- Symlinking: /home/masterthesis/kaixi_crospi_ws/install/crospi_interfaces/include/crospi_interfaces/crospi_interfaces/msg/detail/test__rosidl_typesupport_fastrtps_c.h
-- Symlinking: /home/masterthesis/kaixi_crospi_ws/install/crospi_interfaces/include/crospi_interfaces/crospi_interfaces/msg/detail/vector3_parameters__rosidl_typesupport_fastrtps_c.h
-- Symlinking: /home/masterthesis/kaixi_crospi_ws/install/crospi_interfaces/include/crospi_interfaces/crospi_interfaces/msg/rosidl_typesupport_fastrtps_c__visibility_control.h
-- Symlinking: /home/masterthesis/kaixi_crospi_ws/install/crospi_interfaces/include/crospi_interfaces/crospi_interfaces/srv/detail/lua_cmd__rosidl_typesupport_fastrtps_c.h
-- Symlinking: /home/masterthesis/kaixi_crospi_ws/install/crospi_interfaces/include/crospi_interfaces/crospi_interfaces/srv/detail/task_specification_file__rosidl_typesupport_fastrtps_c.h
-- Symlinking: /home/masterthesis/kaixi_crospi_ws/install/crospi_interfaces/include/crospi_interfaces/crospi_interfaces/srv/detail/task_specification_string__rosidl_typesupport_fastrtps_c.h
-- Symlinking: /home/masterthesis/kaixi_crospi_ws/install/crospi_interfaces/include/crospi_interfaces/crospi_interfaces/action/detail/run_task__builder.hpp
-- Symlinking: /home/masterthesis/kaixi_crospi_ws/install/crospi_interfaces/include/crospi_interfaces/crospi_interfaces/action/detail/run_task__struct.hpp
-- Symlinking: /home/masterthesis/kaixi_crospi_ws/install/crospi_interfaces/include/crospi_interfaces/crospi_interfaces/action/detail/run_task__traits.hpp
-- Symlinking: /home/masterthesis/kaixi_crospi_ws/install/crospi_interfaces/include/crospi_interfaces/crospi_interfaces/action/detail/run_task__type_support.hpp
-- Symlinking: /home/masterthesis/kaixi_crospi_ws/install/crospi_interfaces/include/crospi_interfaces/crospi_interfaces/action/run_task.hpp
-- Symlinking: /home/masterthesis/kaixi_crospi_ws/install/crospi_interfaces/include/crospi_interfaces/crospi_interfaces/msg/detail/input__builder.hpp
-- Symlinking: /home/masterthesis/kaixi_crospi_ws/install/crospi_interfaces/include/crospi_interfaces/crospi_interfaces/msg/detail/input__struct.hpp
-- Symlinking: /home/masterthesis/kaixi_crospi_ws/install/crospi_interfaces/include/crospi_interfaces/crospi_interfaces/msg/detail/input__traits.hpp
-- Symlinking: /home/masterthesis/kaixi_crospi_ws/install/crospi_interfaces/include/crospi_interfaces/crospi_interfaces/msg/detail/input__type_support.hpp
-- Symlinking: /home/masterthesis/kaixi_crospi_ws/install/crospi_interfaces/include/crospi_interfaces/crospi_interfaces/msg/detail/number_parameters__builder.hpp
-- Symlinking: /home/masterthesis/kaixi_crospi_ws/install/crospi_interfaces/include/crospi_interfaces/crospi_interfaces/msg/detail/number_parameters__struct.hpp
-- Symlinking: /home/masterthesis/kaixi_crospi_ws/install/crospi_interfaces/include/crospi_interfaces/crospi_interfaces/msg/detail/number_parameters__traits.hpp
-- Symlinking: /home/masterthesis/kaixi_crospi_ws/install/crospi_interfaces/include/crospi_interfaces/crospi_interfaces/msg/detail/number_parameters__type_support.hpp
-- Symlinking: /home/masterthesis/kaixi_crospi_ws/install/crospi_interfaces/include/crospi_interfaces/crospi_interfaces/msg/detail/output__builder.hpp
-- Symlinking: /home/masterthesis/kaixi_crospi_ws/install/crospi_interfaces/include/crospi_interfaces/crospi_interfaces/msg/detail/output__struct.hpp
-- Symlinking: /home/masterthesis/kaixi_crospi_ws/install/crospi_interfaces/include/crospi_interfaces/crospi_interfaces/msg/detail/output__traits.hpp
-- Symlinking: /home/masterthesis/kaixi_crospi_ws/install/crospi_interfaces/include/crospi_interfaces/crospi_interfaces/msg/detail/output__type_support.hpp
-- Symlinking: /home/masterthesis/kaixi_crospi_ws/install/crospi_interfaces/include/crospi_interfaces/crospi_interfaces/msg/detail/output_derivatives__builder.hpp
-- Symlinking: /home/masterthesis/kaixi_crospi_ws/install/crospi_interfaces/include/crospi_interfaces/crospi_interfaces/msg/detail/output_derivatives__struct.hpp
-- Symlinking: /home/masterthesis/kaixi_crospi_ws/install/crospi_interfaces/include/crospi_interfaces/crospi_interfaces/msg/detail/output_derivatives__traits.hpp
-- Symlinking: /home/masterthesis/kaixi_crospi_ws/install/crospi_interfaces/include/crospi_interfaces/crospi_interfaces/msg/detail/output_derivatives__type_support.hpp
-- Symlinking: /home/masterthesis/kaixi_crospi_ws/install/crospi_interfaces/include/crospi_interfaces/crospi_interfaces/msg/detail/pose_parameters__builder.hpp
-- Symlinking: /home/masterthesis/kaixi_crospi_ws/install/crospi_interfaces/include/crospi_interfaces/crospi_interfaces/msg/detail/pose_parameters__struct.hpp
-- Symlinking: /home/masterthesis/kaixi_crospi_ws/install/crospi_interfaces/include/crospi_interfaces/crospi_interfaces/msg/detail/pose_parameters__traits.hpp
-- Symlinking: /home/masterthesis/kaixi_crospi_ws/install/crospi_interfaces/include/crospi_interfaces/crospi_interfaces/msg/detail/pose_parameters__type_support.hpp
-- Symlinking: /home/masterthesis/kaixi_crospi_ws/install/crospi_interfaces/include/crospi_interfaces/crospi_interfaces/msg/detail/return_value__builder.hpp
-- Symlinking: /home/masterthesis/kaixi_crospi_ws/install/crospi_interfaces/include/crospi_interfaces/crospi_interfaces/msg/detail/return_value__struct.hpp
-- Symlinking: /home/masterthesis/kaixi_crospi_ws/install/crospi_interfaces/include/crospi_interfaces/crospi_interfaces/msg/detail/return_value__traits.hpp
-- Symlinking: /home/masterthesis/kaixi_crospi_ws/install/crospi_interfaces/include/crospi_interfaces/crospi_interfaces/msg/detail/return_value__type_support.hpp
-- Symlinking: /home/masterthesis/kaixi_crospi_ws/install/crospi_interfaces/include/crospi_interfaces/crospi_interfaces/msg/detail/task_parameters__builder.hpp
-- Symlinking: /home/masterthesis/kaixi_crospi_ws/install/crospi_interfaces/include/crospi_interfaces/crospi_interfaces/msg/detail/task_parameters__struct.hpp
-- Symlinking: /home/masterthesis/kaixi_crospi_ws/install/crospi_interfaces/include/crospi_interfaces/crospi_interfaces/msg/detail/task_parameters__traits.hpp
-- Symlinking: /home/masterthesis/kaixi_crospi_ws/install/crospi_interfaces/include/crospi_interfaces/crospi_interfaces/msg/detail/task_parameters__type_support.hpp
-- Symlinking: /home/masterthesis/kaixi_crospi_ws/install/crospi_interfaces/include/crospi_interfaces/crospi_interfaces/msg/detail/test__builder.hpp
-- Symlinking: /home/masterthesis/kaixi_crospi_ws/install/crospi_interfaces/include/crospi_interfaces/crospi_interfaces/msg/detail/test__struct.hpp
-- Symlinking: /home/masterthesis/kaixi_crospi_ws/install/crospi_interfaces/include/crospi_interfaces/crospi_interfaces/msg/detail/test__traits.hpp
-- Symlinking: /home/masterthesis/kaixi_crospi_ws/install/crospi_interfaces/include/crospi_interfaces/crospi_interfaces/msg/detail/test__type_support.hpp
-- Symlinking: /home/masterthesis/kaixi_crospi_ws/install/crospi_interfaces/include/crospi_interfaces/crospi_interfaces/msg/detail/vector3_parameters__builder.hpp
-- Symlinking: /home/masterthesis/kaixi_crospi_ws/install/crospi_interfaces/include/crospi_interfaces/crospi_interfaces/msg/detail/vector3_parameters__struct.hpp
-- Symlinking: /home/masterthesis/kaixi_crospi_ws/install/crospi_interfaces/include/crospi_interfaces/crospi_interfaces/msg/detail/vector3_parameters__traits.hpp
-- Symlinking: /home/masterthesis/kaixi_crospi_ws/install/crospi_interfaces/include/crospi_interfaces/crospi_interfaces/msg/detail/vector3_parameters__type_support.hpp
-- Symlinking: /home/masterthesis/kaixi_crospi_ws/install/crospi_interfaces/include/crospi_interfaces/crospi_interfaces/msg/input.hpp
-- Symlinking: /home/masterthesis/kaixi_crospi_ws/install/crospi_interfaces/include/crospi_interfaces/crospi_interfaces/msg/number_parameters.hpp
-- Symlinking: /home/masterthesis/kaixi_crospi_ws/install/crospi_interfaces/include/crospi_interfaces/crospi_interfaces/msg/output.hpp
-- Symlinking: /home/masterthesis/kaixi_crospi_ws/install/crospi_interfaces/include/crospi_interfaces/crospi_interfaces/msg/output_derivatives.hpp
-- Symlinking: /home/masterthesis/kaixi_crospi_ws/install/crospi_interfaces/include/crospi_interfaces/crospi_interfaces/msg/pose_parameters.hpp
-- Symlinking: /home/masterthesis/kaixi_crospi_ws/install/crospi_interfaces/include/crospi_interfaces/crospi_interfaces/msg/return_value.hpp
-- Symlinking: /home/masterthesis/kaixi_crospi_ws/install/crospi_interfaces/include/crospi_interfaces/crospi_interfaces/msg/rosidl_generator_cpp__visibility_control.hpp
-- Symlinking: /home/masterthesis/kaixi_crospi_ws/install/crospi_interfaces/include/crospi_interfaces/crospi_interfaces/msg/task_parameters.hpp
-- Symlinking: /home/masterthesis/kaixi_crospi_ws/install/crospi_interfaces/include/crospi_interfaces/crospi_interfaces/msg/test.hpp
-- Symlinking: /home/masterthesis/kaixi_crospi_ws/install/crospi_interfaces/include/crospi_interfaces/crospi_interfaces/msg/vector3_parameters.hpp
-- Symlinking: /home/masterthesis/kaixi_crospi_ws/install/crospi_interfaces/include/crospi_interfaces/crospi_interfaces/srv/detail/lua_cmd__builder.hpp
-- Symlinking: /home/masterthesis/kaixi_crospi_ws/install/crospi_interfaces/include/crospi_interfaces/crospi_interfaces/srv/detail/lua_cmd__struct.hpp
-- Symlinking: /home/masterthesis/kaixi_crospi_ws/install/crospi_interfaces/include/crospi_interfaces/crospi_interfaces/srv/detail/lua_cmd__traits.hpp
-- Symlinking: /home/masterthesis/kaixi_crospi_ws/install/crospi_interfaces/include/crospi_interfaces/crospi_interfaces/srv/detail/lua_cmd__type_support.hpp
-- Symlinking: /home/masterthesis/kaixi_crospi_ws/install/crospi_interfaces/include/crospi_interfaces/crospi_interfaces/srv/detail/task_specification_file__builder.hpp
-- Symlinking: /home/masterthesis/kaixi_crospi_ws/install/crospi_interfaces/include/crospi_interfaces/crospi_interfaces/srv/detail/task_specification_file__struct.hpp
-- Symlinking: /home/masterthesis/kaixi_crospi_ws/install/crospi_interfaces/include/crospi_interfaces/crospi_interfaces/srv/detail/task_specification_file__traits.hpp
-- Symlinking: /home/masterthesis/kaixi_crospi_ws/install/crospi_interfaces/include/crospi_interfaces/crospi_interfaces/srv/detail/task_specification_file__type_support.hpp
-- Symlinking: /home/masterthesis/kaixi_crospi_ws/install/crospi_interfaces/include/crospi_interfaces/crospi_interfaces/srv/detail/task_specification_string__builder.hpp
-- Symlinking: /home/masterthesis/kaixi_crospi_ws/install/crospi_interfaces/include/crospi_interfaces/crospi_interfaces/srv/detail/task_specification_string__struct.hpp
-- Symlinking: /home/masterthesis/kaixi_crospi_ws/install/crospi_interfaces/include/crospi_interfaces/crospi_interfaces/srv/detail/task_specification_string__traits.hpp
-- Symlinking: /home/masterthesis/kaixi_crospi_ws/install/crospi_interfaces/include/crospi_interfaces/crospi_interfaces/srv/detail/task_specification_string__type_support.hpp
-- Symlinking: /home/masterthesis/kaixi_crospi_ws/install/crospi_interfaces/include/crospi_interfaces/crospi_interfaces/srv/lua_cmd.hpp
-- Symlinking: /home/masterthesis/kaixi_crospi_ws/install/crospi_interfaces/include/crospi_interfaces/crospi_interfaces/srv/task_specification_file.hpp
-- Symlinking: /home/masterthesis/kaixi_crospi_ws/install/crospi_interfaces/include/crospi_interfaces/crospi_interfaces/srv/task_specification_string.hpp
-- Symlinking: /home/masterthesis/kaixi_crospi_ws/install/crospi_interfaces/include/crospi_interfaces/crospi_interfaces/action/detail/run_task__rosidl_typesupport_fastrtps_cpp.hpp
-- Symlinking: /home/masterthesis/kaixi_crospi_ws/install/crospi_interfaces/include/crospi_interfaces/crospi_interfaces/msg/detail/input__rosidl_typesupport_fastrtps_cpp.hpp
-- Symlinking: /home/masterthesis/kaixi_crospi_ws/install/crospi_interfaces/include/crospi_interfaces/crospi_interfaces/msg/detail/number_parameters__rosidl_typesupport_fastrtps_cpp.hpp
-- Symlinking: /home/masterthesis/kaixi_crospi_ws/install/crospi_interfaces/include/crospi_interfaces/crospi_interfaces/msg/detail/output__rosidl_typesupport_fastrtps_cpp.hpp
-- Symlinking: /home/masterthesis/kaixi_crospi_ws/install/crospi_interfaces/include/crospi_interfaces/crospi_interfaces/msg/detail/output_derivatives__rosidl_typesupport_fastrtps_cpp.hpp
-- Symlinking: /home/masterthesis/kaixi_crospi_ws/install/crospi_interfaces/include/crospi_interfaces/crospi_interfaces/msg/detail/pose_parameters__rosidl_typesupport_fastrtps_cpp.hpp
-- Symlinking: /home/masterthesis/kaixi_crospi_ws/install/crospi_interfaces/include/crospi_interfaces/crospi_interfaces/msg/detail/return_value__rosidl_typesupport_fastrtps_cpp.hpp
-- Symlinking: /home/masterthesis/kaixi_crospi_ws/install/crospi_interfaces/include/crospi_interfaces/crospi_interfaces/msg/detail/task_parameters__rosidl_typesupport_fastrtps_cpp.hpp
-- Symlinking: /home/masterthesis/kaixi_crospi_ws/install/crospi_interfaces/include/crospi_interfaces/crospi_interfaces/msg/detail/test__rosidl_typesupport_fastrtps_cpp.hpp
-- Symlinking: /home/masterthesis/kaixi_crospi_ws/install/crospi_interfaces/include/crospi_interfaces/crospi_interfaces/msg/detail/vector3_parameters__rosidl_typesupport_fastrtps_cpp.hpp
-- Symlinking: /home/masterthesis/kaixi_crospi_ws/install/crospi_interfaces/include/crospi_interfaces/crospi_interfaces/msg/rosidl_typesupport_fastrtps_cpp__visibility_control.h
-- Symlinking: /home/masterthesis/kaixi_crospi_ws/install/crospi_interfaces/include/crospi_interfaces/crospi_interfaces/srv/detail/lua_cmd__rosidl_typesupport_fastrtps_cpp.hpp
-- Symlinking: /home/masterthesis/kaixi_crospi_ws/install/crospi_interfaces/include/crospi_interfaces/crospi_interfaces/srv/detail/task_specification_file__rosidl_typesupport_fastrtps_cpp.hpp
-- Symlinking: /home/masterthesis/kaixi_crospi_ws/install/crospi_interfaces/include/crospi_interfaces/crospi_interfaces/srv/detail/task_specification_string__rosidl_typesupport_fastrtps_cpp.hpp
-- Symlinking: /home/masterthesis/kaixi_crospi_ws/install/crospi_interfaces/include/crospi_interfaces/crospi_interfaces/action/detail/run_task__rosidl_typesupport_introspection_c.h
-- Symlinking: /home/masterthesis/kaixi_crospi_ws/install/crospi_interfaces/include/crospi_interfaces/crospi_interfaces/msg/detail/input__rosidl_typesupport_introspection_c.h
-- Symlinking: /home/masterthesis/kaixi_crospi_ws/install/crospi_interfaces/include/crospi_interfaces/crospi_interfaces/msg/detail/number_parameters__rosidl_typesupport_introspection_c.h
-- Symlinking: /home/masterthesis/kaixi_crospi_ws/install/crospi_interfaces/include/crospi_interfaces/crospi_interfaces/msg/detail/output__rosidl_typesupport_introspection_c.h
-- Symlinking: /home/masterthesis/kaixi_crospi_ws/install/crospi_interfaces/include/crospi_interfaces/crospi_interfaces/msg/detail/output_derivatives__rosidl_typesupport_introspection_c.h
-- Symlinking: /home/masterthesis/kaixi_crospi_ws/install/crospi_interfaces/include/crospi_interfaces/crospi_interfaces/msg/detail/pose_parameters__rosidl_typesupport_introspection_c.h
-- Symlinking: /home/masterthesis/kaixi_crospi_ws/install/crospi_interfaces/include/crospi_interfaces/crospi_interfaces/msg/detail/return_value__rosidl_typesupport_introspection_c.h
-- Symlinking: /home/masterthesis/kaixi_crospi_ws/install/crospi_interfaces/include/crospi_interfaces/crospi_interfaces/msg/detail/task_parameters__rosidl_typesupport_introspection_c.h
-- Symlinking: /home/masterthesis/kaixi_crospi_ws/install/crospi_interfaces/include/crospi_interfaces/crospi_interfaces/msg/detail/test__rosidl_typesupport_introspection_c.h
-- Symlinking: /home/masterthesis/kaixi_crospi_ws/install/crospi_interfaces/include/crospi_interfaces/crospi_interfaces/msg/detail/vector3_parameters__rosidl_typesupport_introspection_c.h
-- Symlinking: /home/masterthesis/kaixi_crospi_ws/install/crospi_interfaces/include/crospi_interfaces/crospi_interfaces/msg/rosidl_typesupport_introspection_c__visibility_control.h
-- Symlinking: /home/masterthesis/kaixi_crospi_ws/install/crospi_interfaces/include/crospi_interfaces/crospi_interfaces/srv/detail/lua_cmd__rosidl_typesupport_introspection_c.h
-- Symlinking: /home/masterthesis/kaixi_crospi_ws/install/crospi_interfaces/include/crospi_interfaces/crospi_interfaces/srv/detail/task_specification_file__rosidl_typesupport_introspection_c.h
-- Symlinking: /home/masterthesis/kaixi_crospi_ws/install/crospi_interfaces/include/crospi_interfaces/crospi_interfaces/srv/detail/task_specification_string__rosidl_typesupport_introspection_c.h
-- Symlinking: /home/masterthesis/kaixi_crospi_ws/install/crospi_interfaces/include/crospi_interfaces/crospi_interfaces/action/detail/run_task__rosidl_typesupport_introspection_cpp.hpp
-- Symlinking: /home/masterthesis/kaixi_crospi_ws/install/crospi_interfaces/include/crospi_interfaces/crospi_interfaces/msg/detail/input__rosidl_typesupport_introspection_cpp.hpp
-- Symlinking: /home/masterthesis/kaixi_crospi_ws/install/crospi_interfaces/include/crospi_interfaces/crospi_interfaces/msg/detail/number_parameters__rosidl_typesupport_introspection_cpp.hpp
-- Symlinking: /home/masterthesis/kaixi_crospi_ws/install/crospi_interfaces/include/crospi_interfaces/crospi_interfaces/msg/detail/output__rosidl_typesupport_introspection_cpp.hpp
-- Symlinking: /home/masterthesis/kaixi_crospi_ws/install/crospi_interfaces/include/crospi_interfaces/crospi_interfaces/msg/detail/output_derivatives__rosidl_typesupport_introspection_cpp.hpp
-- Symlinking: /home/masterthesis/kaixi_crospi_ws/install/crospi_interfaces/include/crospi_interfaces/crospi_interfaces/msg/detail/pose_parameters__rosidl_typesupport_introspection_cpp.hpp
-- Symlinking: /home/masterthesis/kaixi_crospi_ws/install/crospi_interfaces/include/crospi_interfaces/crospi_interfaces/msg/detail/return_value__rosidl_typesupport_introspection_cpp.hpp
-- Symlinking: /home/masterthesis/kaixi_crospi_ws/install/crospi_interfaces/include/crospi_interfaces/crospi_interfaces/msg/detail/task_parameters__rosidl_typesupport_introspection_cpp.hpp
-- Symlinking: /home/masterthesis/kaixi_crospi_ws/install/crospi_interfaces/include/crospi_interfaces/crospi_interfaces/msg/detail/test__rosidl_typesupport_introspection_cpp.hpp
-- Symlinking: /home/masterthesis/kaixi_crospi_ws/install/crospi_interfaces/include/crospi_interfaces/crospi_interfaces/msg/detail/vector3_parameters__rosidl_typesupport_introspection_cpp.hpp
-- Symlinking: /home/masterthesis/kaixi_crospi_ws/install/crospi_interfaces/include/crospi_interfaces/crospi_interfaces/srv/detail/lua_cmd__rosidl_typesupport_introspection_cpp.hpp
-- Symlinking: /home/masterthesis/kaixi_crospi_ws/install/crospi_interfaces/include/crospi_interfaces/crospi_interfaces/srv/detail/task_specification_file__rosidl_typesupport_introspection_cpp.hpp
-- Symlinking: /home/masterthesis/kaixi_crospi_ws/install/crospi_interfaces/include/crospi_interfaces/crospi_interfaces/srv/detail/task_specification_string__rosidl_typesupport_introspection_cpp.hpp
-- Symlinking: /home/masterthesis/kaixi_crospi_ws/install/crospi_interfaces/share/crospi_interfaces/environment/pythonpath.sh
-- Symlinking: /home/masterthesis/kaixi_crospi_ws/install/crospi_interfaces/share/crospi_interfaces/environment/pythonpath.dsv
-- Symlinking: /home/masterthesis/kaixi_crospi_ws/install/crospi_interfaces/local/lib/python3.10/dist-packages/crospi_interfaces-0.0.0-py3.10.egg-info/PKG-INFO
-- Symlinking: /home/masterthesis/kaixi_crospi_ws/install/crospi_interfaces/local/lib/python3.10/dist-packages/crospi_interfaces-0.0.0-py3.10.egg-info/SOURCES.txt
-- Symlinking: /home/masterthesis/kaixi_crospi_ws/install/crospi_interfaces/local/lib/python3.10/dist-packages/crospi_interfaces-0.0.0-py3.10.egg-info/dependency_links.txt
-- Symlinking: /home/masterthesis/kaixi_crospi_ws/install/crospi_interfaces/local/lib/python3.10/dist-packages/crospi_interfaces-0.0.0-py3.10.egg-info/top_level.txt
-- Symlinking: /home/masterthesis/kaixi_crospi_ws/install/crospi_interfaces/local/lib/python3.10/dist-packages/crospi_interfaces/__init__.py
-- Symlinking: /home/masterthesis/kaixi_crospi_ws/install/crospi_interfaces/local/lib/python3.10/dist-packages/crospi_interfaces/_crospi_interfaces_s.ep.rosidl_typesupport_c.c
-- Symlinking: /home/masterthesis/kaixi_crospi_ws/install/crospi_interfaces/local/lib/python3.10/dist-packages/crospi_interfaces/_crospi_interfaces_s.ep.rosidl_typesupport_fastrtps_c.c
-- Symlinking: /home/masterthesis/kaixi_crospi_ws/install/crospi_interfaces/local/lib/python3.10/dist-packages/crospi_interfaces/_crospi_interfaces_s.ep.rosidl_typesupport_introspection_c.c
-- Symlinking: /home/masterthesis/kaixi_crospi_ws/install/crospi_interfaces/local/lib/python3.10/dist-packages/crospi_interfaces/action/__init__.py
-- Symlinking: /home/masterthesis/kaixi_crospi_ws/install/crospi_interfaces/local/lib/python3.10/dist-packages/crospi_interfaces/action/_run_task.py
-- Symlinking: /home/masterthesis/kaixi_crospi_ws/install/crospi_interfaces/local/lib/python3.10/dist-packages/crospi_interfaces/action/_run_task_s.c
-- Symlinking: /home/masterthesis/kaixi_crospi_ws/install/crospi_interfaces/local/lib/python3.10/dist-packages/crospi_interfaces/crospi_interfaces_s__rosidl_typesupport_c.cpython-310-x86_64-linux-gnu.so
-- Symlinking: /home/masterthesis/kaixi_crospi_ws/install/crospi_interfaces/local/lib/python3.10/dist-packages/crospi_interfaces/crospi_interfaces_s__rosidl_typesupport_fastrtps_c.cpython-310-x86_64-linux-gnu.so
-- Symlinking: /home/masterthesis/kaixi_crospi_ws/install/crospi_interfaces/local/lib/python3.10/dist-packages/crospi_interfaces/crospi_interfaces_s__rosidl_typesupport_introspection_c.cpython-310-x86_64-linux-gnu.so
-- Symlinking: /home/masterthesis/kaixi_crospi_ws/install/crospi_interfaces/local/lib/python3.10/dist-packages/crospi_interfaces/libcrospi_interfaces__rosidl_generator_py.so
-- Symlinking: /home/masterthesis/kaixi_crospi_ws/install/crospi_interfaces/local/lib/python3.10/dist-packages/crospi_interfaces/msg/__init__.py
-- Symlinking: /home/masterthesis/kaixi_crospi_ws/install/crospi_interfaces/local/lib/python3.10/dist-packages/crospi_interfaces/msg/_input.py
-- Symlinking: /home/masterthesis/kaixi_crospi_ws/install/crospi_interfaces/local/lib/python3.10/dist-packages/crospi_interfaces/msg/_input_s.c
-- Symlinking: /home/masterthesis/kaixi_crospi_ws/install/crospi_interfaces/local/lib/python3.10/dist-packages/crospi_interfaces/msg/_number_parameters.py
-- Symlinking: /home/masterthesis/kaixi_crospi_ws/install/crospi_interfaces/local/lib/python3.10/dist-packages/crospi_interfaces/msg/_number_parameters_s.c
-- Symlinking: /home/masterthesis/kaixi_crospi_ws/install/crospi_interfaces/local/lib/python3.10/dist-packages/crospi_interfaces/msg/_output.py
-- Symlinking: /home/masterthesis/kaixi_crospi_ws/install/crospi_interfaces/local/lib/python3.10/dist-packages/crospi_interfaces/msg/_output_derivatives.py
-- Symlinking: /home/masterthesis/kaixi_crospi_ws/install/crospi_interfaces/local/lib/python3.10/dist-packages/crospi_interfaces/msg/_output_derivatives_s.c
-- Symlinking: /home/masterthesis/kaixi_crospi_ws/install/crospi_interfaces/local/lib/python3.10/dist-packages/crospi_interfaces/msg/_output_s.c
-- Symlinking: /home/masterthesis/kaixi_crospi_ws/install/crospi_interfaces/local/lib/python3.10/dist-packages/crospi_interfaces/msg/_pose_parameters.py
-- Symlinking: /home/masterthesis/kaixi_crospi_ws/install/crospi_interfaces/local/lib/python3.10/dist-packages/crospi_interfaces/msg/_pose_parameters_s.c
-- Symlinking: /home/masterthesis/kaixi_crospi_ws/install/crospi_interfaces/local/lib/python3.10/dist-packages/crospi_interfaces/msg/_return_value.py
-- Symlinking: /home/masterthesis/kaixi_crospi_ws/install/crospi_interfaces/local/lib/python3.10/dist-packages/crospi_interfaces/msg/_return_value_s.c
-- Symlinking: /home/masterthesis/kaixi_crospi_ws/install/crospi_interfaces/local/lib/python3.10/dist-packages/crospi_interfaces/msg/_task_parameters.py
-- Symlinking: /home/masterthesis/kaixi_crospi_ws/install/crospi_interfaces/local/lib/python3.10/dist-packages/crospi_interfaces/msg/_task_parameters_s.c
-- Symlinking: /home/masterthesis/kaixi_crospi_ws/install/crospi_interfaces/local/lib/python3.10/dist-packages/crospi_interfaces/msg/_test.py
-- Symlinking: /home/masterthesis/kaixi_crospi_ws/install/crospi_interfaces/local/lib/python3.10/dist-packages/crospi_interfaces/msg/_test_s.c
-- Symlinking: /home/masterthesis/kaixi_crospi_ws/install/crospi_interfaces/local/lib/python3.10/dist-packages/crospi_interfaces/msg/_vector3_parameters.py
-- Symlinking: /home/masterthesis/kaixi_crospi_ws/install/crospi_interfaces/local/lib/python3.10/dist-packages/crospi_interfaces/msg/_vector3_parameters_s.c
-- Symlinking: /home/masterthesis/kaixi_crospi_ws/install/crospi_interfaces/local/lib/python3.10/dist-packages/crospi_interfaces/srv/__init__.py
-- Symlinking: /home/masterthesis/kaixi_crospi_ws/install/crospi_interfaces/local/lib/python3.10/dist-packages/crospi_interfaces/srv/_lua_cmd.py
-- Symlinking: /home/masterthesis/kaixi_crospi_ws/install/crospi_interfaces/local/lib/python3.10/dist-packages/crospi_interfaces/srv/_lua_cmd_s.c
-- Symlinking: /home/masterthesis/kaixi_crospi_ws/install/crospi_interfaces/local/lib/python3.10/dist-packages/crospi_interfaces/srv/_task_specification_file.py
-- Symlinking: /home/masterthesis/kaixi_crospi_ws/install/crospi_interfaces/local/lib/python3.10/dist-packages/crospi_interfaces/srv/_task_specification_file_s.c
-- Symlinking: /home/masterthesis/kaixi_crospi_ws/install/crospi_interfaces/local/lib/python3.10/dist-packages/crospi_interfaces/srv/_task_specification_string.py
-- Symlinking: /home/masterthesis/kaixi_crospi_ws/install/crospi_interfaces/local/lib/python3.10/dist-packages/crospi_interfaces/srv/_task_specification_string_s.c
-- Up-to-date symlink: /home/masterthesis/kaixi_crospi_ws/install/crospi_interfaces/local/lib/python3.10/dist-packages/crospi_interfaces/crospi_interfaces_s__rosidl_typesupport_fastrtps_c.cpython-310-x86_64-linux-gnu.so
-- Up-to-date symlink: /home/masterthesis/kaixi_crospi_ws/install/crospi_interfaces/local/lib/python3.10/dist-packages/crospi_interfaces/crospi_interfaces_s__rosidl_typesupport_introspection_c.cpython-310-x86_64-linux-gnu.so
-- Up-to-date symlink: /home/masterthesis/kaixi_crospi_ws/install/crospi_interfaces/local/lib/python3.10/dist-packages/crospi_interfaces/crospi_interfaces_s__rosidl_typesupport_c.cpython-310-x86_64-linux-gnu.so
-- Symlinking: /home/masterthesis/kaixi_crospi_ws/install/crospi_interfaces/share/ament_index/resource_index/rust_packages/crospi_interfaces
-- Symlinking: /home/masterthesis/kaixi_crospi_ws/install/crospi_interfaces/share/crospi_interfaces/rust/Cargo.toml
-- Symlinking: /home/masterthesis/kaixi_crospi_ws/install/crospi_interfaces/share/crospi_interfaces/rust/build.rs
-- Symlinking: /home/masterthesis/kaixi_crospi_ws/install/crospi_interfaces/share/crospi_interfaces/rust/src/action.rs
-- Symlinking: /home/masterthesis/kaixi_crospi_ws/install/crospi_interfaces/share/crospi_interfaces/rust/src/action/rmw.rs
-- Symlinking: /home/masterthesis/kaixi_crospi_ws/install/crospi_interfaces/share/crospi_interfaces/rust/src/lib.rs
-- Symlinking: /home/masterthesis/kaixi_crospi_ws/install/crospi_interfaces/share/crospi_interfaces/rust/src/msg.rs
-- Symlinking: /home/masterthesis/kaixi_crospi_ws/install/crospi_interfaces/share/crospi_interfaces/rust/src/msg/rmw.rs
-- Symlinking: /home/masterthesis/kaixi_crospi_ws/install/crospi_interfaces/share/crospi_interfaces/rust/src/srv.rs
-- Symlinking: /home/masterthesis/kaixi_crospi_ws/install/crospi_interfaces/share/crospi_interfaces/rust/src/srv/rmw.rs
-- Symlinking: /home/masterthesis/kaixi_crospi_ws/install/crospi_interfaces/share/crospi_interfaces/msg/Output.idl
-- Symlinking: /home/masterthesis/kaixi_crospi_ws/install/crospi_interfaces/share/crospi_interfaces/msg/OutputDerivatives.idl
-- Symlinking: /home/masterthesis/kaixi_crospi_ws/install/crospi_interfaces/share/crospi_interfaces/srv/LuaCmd.idl
-- Symlinking: /home/masterthesis/kaixi_crospi_ws/install/crospi_interfaces/share/crospi_interfaces/action/RunTask.idl
-- Symlinking: /home/masterthesis/kaixi_crospi_ws/install/crospi_interfaces/share/crospi_interfaces/msg/TaskParameters.idl
-- Symlinking: /home/masterthesis/kaixi_crospi_ws/install/crospi_interfaces/share/crospi_interfaces/msg/PoseParameters.idl
-- Symlinking: /home/masterthesis/kaixi_crospi_ws/install/crospi_interfaces/share/crospi_interfaces/msg/Vector3Parameters.idl
-- Symlinking: /home/masterthesis/kaixi_crospi_ws/install/crospi_interfaces/share/crospi_interfaces/msg/NumberParameters.idl
-- Symlinking: /home/masterthesis/kaixi_crospi_ws/install/crospi_interfaces/share/crospi_interfaces/msg/ReturnValue.idl
-- Symlinking: /home/masterthesis/kaixi_crospi_ws/install/crospi_interfaces/share/crospi_interfaces/msg/Input.idl
-- Symlinking: /home/masterthesis/kaixi_crospi_ws/install/crospi_interfaces/share/crospi_interfaces/msg/Test.idl
-- Symlinking: /home/masterthesis/kaixi_crospi_ws/install/crospi_interfaces/share/crospi_interfaces/srv/TaskSpecificationString.idl
-- Symlinking: /home/masterthesis/kaixi_crospi_ws/install/crospi_interfaces/share/crospi_interfaces/srv/TaskSpecificationFile.idl
-- Symlinking: /home/masterthesis/kaixi_crospi_ws/install/crospi_interfaces/share/crospi_interfaces/msg/Output.msg
-- Symlinking: /home/masterthesis/kaixi_crospi_ws/install/crospi_interfaces/share/crospi_interfaces/msg/OutputDerivatives.msg
-- Symlinking: /home/masterthesis/kaixi_crospi_ws/install/crospi_interfaces/share/crospi_interfaces/srv/LuaCmd.srv
-- Symlinking: /home/masterthesis/kaixi_crospi_ws/install/crospi_interfaces/share/crospi_interfaces/srv/LuaCmd_Request.msg
-- Symlinking: /home/masterthesis/kaixi_crospi_ws/install/crospi_interfaces/share/crospi_interfaces/srv/LuaCmd_Response.msg
-- Symlinking: /home/masterthesis/kaixi_crospi_ws/install/crospi_interfaces/share/crospi_interfaces/action/RunTask.action
-- Symlinking: /home/masterthesis/kaixi_crospi_ws/install/crospi_interfaces/share/crospi_interfaces/msg/TaskParameters.msg
-- Symlinking: /home/masterthesis/kaixi_crospi_ws/install/crospi_interfaces/share/crospi_interfaces/msg/PoseParameters.msg
-- Symlinking: /home/masterthesis/kaixi_crospi_ws/install/crospi_interfaces/share/crospi_interfaces/msg/Vector3Parameters.msg
-- Symlinking: /home/masterthesis/kaixi_crospi_ws/install/crospi_interfaces/share/crospi_interfaces/msg/NumberParameters.msg
-- Symlinking: /home/masterthesis/kaixi_crospi_ws/install/crospi_interfaces/share/crospi_interfaces/msg/ReturnValue.msg
-- Symlinking: /home/masterthesis/kaixi_crospi_ws/install/crospi_interfaces/share/crospi_interfaces/msg/Input.msg
-- Symlinking: /home/masterthesis/kaixi_crospi_ws/install/crospi_interfaces/share/crospi_interfaces/msg/Test.msg
-- Symlinking: /home/masterthesis/kaixi_crospi_ws/install/crospi_interfaces/share/crospi_interfaces/srv/TaskSpecificationString.srv
-- Symlinking: /home/masterthesis/kaixi_crospi_ws/install/crospi_interfaces/share/crospi_interfaces/srv/TaskSpecificationString_Request.msg
-- Symlinking: /home/masterthesis/kaixi_crospi_ws/install/crospi_interfaces/share/crospi_interfaces/srv/TaskSpecificationString_Response.msg
-- Symlinking: /home/masterthesis/kaixi_crospi_ws/install/crospi_interfaces/share/crospi_interfaces/srv/TaskSpecificationFile.srv
-- Symlinking: /home/masterthesis/kaixi_crospi_ws/install/crospi_interfaces/share/crospi_interfaces/srv/TaskSpecificationFile_Request.msg
-- Symlinking: /home/masterthesis/kaixi_crospi_ws/install/crospi_interfaces/share/crospi_interfaces/srv/TaskSpecificationFile_Response.msg
-- Symlinking: /home/masterthesis/kaixi_crospi_ws/install/crospi_interfaces/share/ament_index/resource_index/package_run_dependencies/crospi_interfaces
-- Symlinking: /home/masterthesis/kaixi_crospi_ws/install/crospi_interfaces/share/ament_index/resource_index/parent_prefix_path/crospi_interfaces
-- Symlinking: /home/masterthesis/kaixi_crospi_ws/install/crospi_interfaces/share/crospi_interfaces/environment/ament_prefix_path.sh
-- Symlinking: /home/masterthesis/kaixi_crospi_ws/install/crospi_interfaces/share/crospi_interfaces/environment/ament_prefix_path.dsv
-- Symlinking: /home/masterthesis/kaixi_crospi_ws/install/crospi_interfaces/share/crospi_interfaces/environment/path.sh
-- Symlinking: /home/masterthesis/kaixi_crospi_ws/install/crospi_interfaces/share/crospi_interfaces/environment/path.dsv
-- Symlinking: /home/masterthesis/kaixi_crospi_ws/install/crospi_interfaces/share/crospi_interfaces/local_setup.bash
-- Symlinking: /home/masterthesis/kaixi_crospi_ws/install/crospi_interfaces/share/crospi_interfaces/local_setup.sh
-- Symlinking: /home/masterthesis/kaixi_crospi_ws/install/crospi_interfaces/share/crospi_interfaces/local_setup.zsh
-- Symlinking: /home/masterthesis/kaixi_crospi_ws/install/crospi_interfaces/share/crospi_interfaces/local_setup.dsv
-- Symlinking: /home/masterthesis/kaixi_crospi_ws/install/crospi_interfaces/share/crospi_interfaces/package.dsv
-- Symlinking: /home/masterthesis/kaixi_crospi_ws/install/crospi_interfaces/share/ament_index/resource_index/packages/crospi_interfaces
-- Symlinking: /home/masterthesis/kaixi_crospi_ws/install/crospi_interfaces/share/crospi_interfaces/cmake/rosidl_cmake-extras.cmake
-- Symlinking: /home/masterthesis/kaixi_crospi_ws/install/crospi_interfaces/share/crospi_interfaces/cmake/ament_cmake_export_dependencies-extras.cmake
-- Symlinking: /home/masterthesis/kaixi_crospi_ws/install/crospi_interfaces/share/crospi_interfaces/cmake/ament_cmake_export_include_directories-extras.cmake
-- Symlinking: /home/masterthesis/kaixi_crospi_ws/install/crospi_interfaces/share/crospi_interfaces/cmake/ament_cmake_export_libraries-extras.cmake
-- Symlinking: /home/masterthesis/kaixi_crospi_ws/install/crospi_interfaces/share/crospi_interfaces/cmake/ament_cmake_export_targets-extras.cmake
-- Symlinking: /home/masterthesis/kaixi_crospi_ws/install/crospi_interfaces/share/crospi_interfaces/cmake/rosidl_cmake_export_typesupport_targets-extras.cmake
-- Symlinking: /home/masterthesis/kaixi_crospi_ws/install/crospi_interfaces/share/crospi_interfaces/cmake/rosidl_cmake_export_typesupport_libraries-extras.cmake
-- Symlinking: /home/masterthesis/kaixi_crospi_ws/install/crospi_interfaces/share/crospi_interfaces/cmake/crospi_interfacesConfig.cmake
-- Symlinking: /home/masterthesis/kaixi_crospi_ws/install/crospi_interfaces/share/crospi_interfaces/cmake/crospi_interfacesConfig-version.cmake
-- Symlinking: /home/masterthesis/kaixi_crospi_ws/install/crospi_interfaces/share/crospi_interfaces/package.xml
-- Installing: /home/masterthesis/kaixi_crospi_ws/install/crospi_interfaces/lib/libcrospi_interfaces__rosidl_generator_c.so
-- Set runtime path of "/home/masterthesis/kaixi_crospi_ws/install/crospi_interfaces/lib/libcrospi_interfaces__rosidl_generator_c.so" to ""
-- Installing: /home/masterthesis/kaixi_crospi_ws/install/crospi_interfaces/lib/libcrospi_interfaces__rosidl_typesupport_fastrtps_c.so
-- Set runtime path of "/home/masterthesis/kaixi_crospi_ws/install/crospi_interfaces/lib/libcrospi_interfaces__rosidl_typesupport_fastrtps_c.so" to ""
-- Installing: /home/masterthesis/kaixi_crospi_ws/install/crospi_interfaces/lib/libcrospi_interfaces__rosidl_typesupport_fastrtps_cpp.so
-- Set runtime path of "/home/masterthesis/kaixi_crospi_ws/install/crospi_interfaces/lib/libcrospi_interfaces__rosidl_typesupport_fastrtps_cpp.so" to ""
-- Installing: /home/masterthesis/kaixi_crospi_ws/install/crospi_interfaces/lib/libcrospi_interfaces__rosidl_typesupport_introspection_c.so
-- Set runtime path of "/home/masterthesis/kaixi_crospi_ws/install/crospi_interfaces/lib/libcrospi_interfaces__rosidl_typesupport_introspection_c.so" to ""
-- Installing: /home/masterthesis/kaixi_crospi_ws/install/crospi_interfaces/lib/libcrospi_interfaces__rosidl_typesupport_c.so
-- Set runtime path of "/home/masterthesis/kaixi_crospi_ws/install/crospi_interfaces/lib/libcrospi_interfaces__rosidl_typesupport_c.so" to ""
-- Installing: /home/masterthesis/kaixi_crospi_ws/install/crospi_interfaces/lib/libcrospi_interfaces__rosidl_typesupport_introspection_cpp.so
-- Set runtime path of "/home/masterthesis/kaixi_crospi_ws/install/crospi_interfaces/lib/libcrospi_interfaces__rosidl_typesupport_introspection_cpp.so" to ""
-- Installing: /home/masterthesis/kaixi_crospi_ws/install/crospi_interfaces/lib/libcrospi_interfaces__rosidl_typesupport_cpp.so
-- Set runtime path of "/home/masterthesis/kaixi_crospi_ws/install/crospi_interfaces/lib/libcrospi_interfaces__rosidl_typesupport_cpp.so" to ""
Listing '/home/masterthesis/kaixi_crospi_ws/install/crospi_interfaces/local/lib/python3.10/dist-packages/crospi_interfaces'...
Compiling '/home/masterthesis/kaixi_crospi_ws/install/crospi_interfaces/local/lib/python3.10/dist-packages/crospi_interfaces/__init__.py'...
Listing '/home/masterthesis/kaixi_crospi_ws/install/crospi_interfaces/local/lib/python3.10/dist-packages/crospi_interfaces/action'...
Compiling '/home/masterthesis/kaixi_crospi_ws/install/crospi_interfaces/local/lib/python3.10/dist-packages/crospi_interfaces/action/__init__.py'...
Compiling '/home/masterthesis/kaixi_crospi_ws/install/crospi_interfaces/local/lib/python3.10/dist-packages/crospi_interfaces/action/_run_task.py'...
Listing '/home/masterthesis/kaixi_crospi_ws/install/crospi_interfaces/local/lib/python3.10/dist-packages/crospi_interfaces/msg'...
Compiling '/home/masterthesis/kaixi_crospi_ws/install/crospi_interfaces/local/lib/python3.10/dist-packages/crospi_interfaces/msg/__init__.py'...
Compiling '/home/masterthesis/kaixi_crospi_ws/install/crospi_interfaces/local/lib/python3.10/dist-packages/crospi_interfaces/msg/_input.py'...
Compiling '/home/masterthesis/kaixi_crospi_ws/install/crospi_interfaces/local/lib/python3.10/dist-packages/crospi_interfaces/msg/_number_parameters.py'...
Compiling '/home/masterthesis/kaixi_crospi_ws/install/crospi_interfaces/local/lib/python3.10/dist-packages/crospi_interfaces/msg/_output.py'...
Compiling '/home/masterthesis/kaixi_crospi_ws/install/crospi_interfaces/local/lib/python3.10/dist-packages/crospi_interfaces/msg/_output_derivatives.py'...
Compiling '/home/masterthesis/kaixi_crospi_ws/install/crospi_interfaces/local/lib/python3.10/dist-packages/crospi_interfaces/msg/_pose_parameters.py'...
Compiling '/home/masterthesis/kaixi_crospi_ws/install/crospi_interfaces/local/lib/python3.10/dist-packages/crospi_interfaces/msg/_return_value.py'...
Compiling '/home/masterthesis/kaixi_crospi_ws/install/crospi_interfaces/local/lib/python3.10/dist-packages/crospi_interfaces/msg/_task_parameters.py'...
Compiling '/home/masterthesis/kaixi_crospi_ws/install/crospi_interfaces/local/lib/python3.10/dist-packages/crospi_interfaces/msg/_test.py'...
Compiling '/home/masterthesis/kaixi_crospi_ws/install/crospi_interfaces/local/lib/python3.10/dist-packages/crospi_interfaces/msg/_vector3_parameters.py'...
Listing '/home/masterthesis/kaixi_crospi_ws/install/crospi_interfaces/local/lib/python3.10/dist-packages/crospi_interfaces/srv'...
Compiling '/home/masterthesis/kaixi_crospi_ws/install/crospi_interfaces/local/lib/python3.10/dist-packages/crospi_interfaces/srv/__init__.py'...
Compiling '/home/masterthesis/kaixi_crospi_ws/install/crospi_interfaces/local/lib/python3.10/dist-packages/crospi_interfaces/srv/_lua_cmd.py'...
Compiling '/home/masterthesis/kaixi_crospi_ws/install/crospi_interfaces/local/lib/python3.10/dist-packages/crospi_interfaces/srv/_task_specification_file.py'...
Compiling '/home/masterthesis/kaixi_crospi_ws/install/crospi_interfaces/local/lib/python3.10/dist-packages/crospi_interfaces/srv/_task_specification_string.py'...
-- Installing: /home/masterthesis/kaixi_crospi_ws/install/crospi_interfaces/lib/libcrospi_interfaces__rosidl_generator_py.so
-- Set runtime path of "/home/masterthesis/kaixi_crospi_ws/install/crospi_interfaces/lib/libcrospi_interfaces__rosidl_generator_py.so" to ""
-- Installing: /home/masterthesis/kaixi_crospi_ws/install/crospi_interfaces/share/crospi_interfaces/cmake/export_crospi_interfaces__rosidl_generator_cExport.cmake
-- Installing: /home/masterthesis/kaixi_crospi_ws/install/crospi_interfaces/share/crospi_interfaces/cmake/export_crospi_interfaces__rosidl_generator_cExport-noconfig.cmake
-- Installing: /home/masterthesis/kaixi_crospi_ws/install/crospi_interfaces/share/crospi_interfaces/cmake/export_crospi_interfaces__rosidl_typesupport_fastrtps_cExport.cmake
-- Installing: /home/masterthesis/kaixi_crospi_ws/install/crospi_interfaces/share/crospi_interfaces/cmake/export_crospi_interfaces__rosidl_typesupport_fastrtps_cExport-noconfig.cmake
-- Installing: /home/masterthesis/kaixi_crospi_ws/install/crospi_interfaces/share/crospi_interfaces/cmake/export_crospi_interfaces__rosidl_generator_cppExport.cmake
-- Installing: /home/masterthesis/kaixi_crospi_ws/install/crospi_interfaces/share/crospi_interfaces/cmake/export_crospi_interfaces__rosidl_typesupport_fastrtps_cppExport.cmake
-- Installing: /home/masterthesis/kaixi_crospi_ws/install/crospi_interfaces/share/crospi_interfaces/cmake/export_crospi_interfaces__rosidl_typesupport_fastrtps_cppExport-noconfig.cmake
-- Installing: /home/masterthesis/kaixi_crospi_ws/install/crospi_interfaces/share/crospi_interfaces/cmake/crospi_interfaces__rosidl_typesupport_introspection_cExport.cmake
-- Installing: /home/masterthesis/kaixi_crospi_ws/install/crospi_interfaces/share/crospi_interfaces/cmake/crospi_interfaces__rosidl_typesupport_introspection_cExport-noconfig.cmake
-- Installing: /home/masterthesis/kaixi_crospi_ws/install/crospi_interfaces/share/crospi_interfaces/cmake/crospi_interfaces__rosidl_typesupport_cExport.cmake
-- Installing: /home/masterthesis/kaixi_crospi_ws/install/crospi_interfaces/share/crospi_interfaces/cmake/crospi_interfaces__rosidl_typesupport_cExport-noconfig.cmake
-- Installing: /home/masterthesis/kaixi_crospi_ws/install/crospi_interfaces/share/crospi_interfaces/cmake/crospi_interfaces__rosidl_typesupport_introspection_cppExport.cmake
-- Installing: /home/masterthesis/kaixi_crospi_ws/install/crospi_interfaces/share/crospi_interfaces/cmake/crospi_interfaces__rosidl_typesupport_introspection_cppExport-noconfig.cmake
-- Installing: /home/masterthesis/kaixi_crospi_ws/install/crospi_interfaces/share/crospi_interfaces/cmake/crospi_interfaces__rosidl_typesupport_cppExport.cmake
-- Installing: /home/masterthesis/kaixi_crospi_ws/install/crospi_interfaces/share/crospi_interfaces/cmake/crospi_interfaces__rosidl_typesupport_cppExport-noconfig.cmake
-- Installing: /home/masterthesis/kaixi_crospi_ws/install/crospi_interfaces/share/crospi_interfaces/cmake/export_crospi_interfaces__rosidl_generator_pyExport.cmake
-- Installing: /home/masterthesis/kaixi_crospi_ws/install/crospi_interfaces/share/crospi_interfaces/cmake/export_crospi_interfaces__rosidl_generator_pyExport-noconfig.cmake
