[0.020s] Invoking command in '/home/masterthesis/kaixi_crospi_ws/build/crospi_interfaces': CMAKE_PREFIX_PATH=/home/masterthesis/workspaces_ros2/kaixi_ws/install/ur_description:/home/masterthesis/workspaces_ros2/kaixi_ws/install/trossen_arm_ros:/home/masterthesis/workspaces_ros2/kaixi_ws/install/trossen_arm_moveit:/home/masterthesis/workspaces_ros2/kaixi_ws/install/trossen_arm_controllers:/home/masterthesis/workspaces_ros2/kaixi_ws/install/trossen_arm_bringup:/home/masterthesis/workspaces_ros2/kaixi_ws/install/trossen_arm_hardware:/home/masterthesis/workspaces_ros2/kaixi_ws/install/trossen_arm_description:/opt/ros2_crospi_ws/install/betfsm_demos:/opt/ros2_crospi_ws/install/betfsm:/opt/ros/humble:/home/masterthesis/workspaces_ros2/kaixi_ws/install/libtrossen_arm:/home/masterthesis/workspaces_ros2/kaixi_ws/install/crospi_application_template:/opt/ros2_crospi_ws/install/template_driver_crospi:/opt/ros2_crospi_ws/install/crospi_default_plugins:/opt/ros2_crospi_ws/install/crospi_core:/opt/ros2_crospi_ws/install/etasl_wrapper:/opt/ros2_crospi_ws/install/crospi_interfaces:/opt/ros2_crospi_ws/install/betfsm_interfaces /usr/bin/cmake /home/masterthesis/kaixi_crospi_ws/src/crospi/crospi_interfaces -DAMENT_CMAKE_SYMLINK_INSTALL=1 -DCMAKE_INSTALL_PREFIX=/home/masterthesis/kaixi_crospi_ws/install/crospi_interfaces
[0.061s] -- The C compiler identification is GNU 11.4.0
[0.100s] -- The CXX compiler identification is GNU 11.4.0
[0.105s] -- Detecting C compiler ABI info
[0.154s] -- Detecting C compiler ABI info - done
[0.160s] -- Check for working C compiler: /usr/bin/cc - skipped
[0.160s] -- Detecting C compile features
[0.160s] -- Detecting C compile features - done
[0.162s] -- Detecting CXX compiler ABI info
[0.218s] -- Detecting CXX compiler ABI info - done
[0.224s] -- Check for working CXX compiler: /usr/bin/c++ - skipped
[0.224s] -- Detecting CXX compile features
[0.225s] -- Detecting CXX compile features - done
[0.233s] -- Found ament_cmake: 1.3.14 (/opt/ros/humble/share/ament_cmake/cmake)
[0.364s] -- Found Python3: /usr/bin/python3 (found version "3.10.12") found components: Interpreter 
[0.419s] -- Override CMake install command with custom implementation using symlinks instead of copying resources
[0.482s] -- Found builtin_interfaces: 1.2.2 (/opt/ros/humble/share/builtin_interfaces/cmake)
[0.538s] -- Found rosidl_generator_c: 3.1.8 (/opt/ros/humble/share/rosidl_generator_c/cmake)
[0.548s] -- Found rosidl_adapter: 3.1.8 (/opt/ros/humble/share/rosidl_adapter/cmake)
[0.561s] -- Found rosidl_generator_cpp: 3.1.8 (/opt/ros/humble/share/rosidl_generator_cpp/cmake)
[0.578s] -- Using all available rosidl_typesupport_c: rosidl_typesupport_fastrtps_c;rosidl_typesupport_introspection_c
[0.602s] -- Using all available rosidl_typesupport_cpp: rosidl_typesupport_fastrtps_cpp;rosidl_typesupport_introspection_cpp
[0.624s] -- Found rcl_interfaces: 1.2.2 (/opt/ros/humble/share/rcl_interfaces/cmake)
[0.639s] -- Found geometry_msgs: 4.9.1 (/opt/ros/humble/share/geometry_msgs/cmake)
[0.672s] -- Found rosidl_default_generators: 1.2.1 (/opt/ros/humble/share/rosidl_default_generators/cmake)
[1.026s] -- Found ament_cmake_ros: 0.10.0 (/opt/ros/humble/share/ament_cmake_ros/cmake)
[1.401s] -- Using all available rosidl_typesupport_c: rosidl_typesupport_fastrtps_c;rosidl_typesupport_introspection_c
[1.550s] -- Using all available rosidl_typesupport_cpp: rosidl_typesupport_fastrtps_cpp;rosidl_typesupport_introspection_cpp
[1.570s] -- Found PythonInterp: /usr/bin/python3 (found suitable version "3.10.12", minimum required is "3.6") 
[1.574s] -- Found python_cmake_module: 0.10.0 (/opt/ros/humble/share/python_cmake_module/cmake)
[1.595s] -- Found PythonLibs: /usr/lib/x86_64-linux-gnu/libpython3.10.so (found suitable version "3.10.12", minimum required is "3.5") 
[1.595s] -- Using PYTHON_EXECUTABLE: /usr/bin/python3
[1.595s] -- Using PYTHON_INCLUDE_DIRS: /usr/include/python3.10
[1.595s] -- Using PYTHON_LIBRARIES: /usr/lib/x86_64-linux-gnu/libpython3.10.so
[1.614s] -- Found PythonExtra: .so  
[1.822s] -- Found ament_lint_auto: 0.12.15 (/opt/ros/humble/share/ament_lint_auto/cmake)
[1.830s] -- Configuring done
[1.878s] -- Generating done
[1.889s] -- Build files have been written to: /home/masterthesis/kaixi_crospi_ws/build/crospi_interfaces
[1.896s] Invoked command in '/home/masterthesis/kaixi_crospi_ws/build/crospi_interfaces' returned '0': CMAKE_PREFIX_PATH=/home/masterthesis/workspaces_ros2/kaixi_ws/install/ur_description:/home/masterthesis/workspaces_ros2/kaixi_ws/install/trossen_arm_ros:/home/masterthesis/workspaces_ros2/kaixi_ws/install/trossen_arm_moveit:/home/masterthesis/workspaces_ros2/kaixi_ws/install/trossen_arm_controllers:/home/masterthesis/workspaces_ros2/kaixi_ws/install/trossen_arm_bringup:/home/masterthesis/workspaces_ros2/kaixi_ws/install/trossen_arm_hardware:/home/masterthesis/workspaces_ros2/kaixi_ws/install/trossen_arm_description:/opt/ros2_crospi_ws/install/betfsm_demos:/opt/ros2_crospi_ws/install/betfsm:/opt/ros/humble:/home/masterthesis/workspaces_ros2/kaixi_ws/install/libtrossen_arm:/home/masterthesis/workspaces_ros2/kaixi_ws/install/crospi_application_template:/opt/ros2_crospi_ws/install/template_driver_crospi:/opt/ros2_crospi_ws/install/crospi_default_plugins:/opt/ros2_crospi_ws/install/crospi_core:/opt/ros2_crospi_ws/install/etasl_wrapper:/opt/ros2_crospi_ws/install/crospi_interfaces:/opt/ros2_crospi_ws/install/betfsm_interfaces /usr/bin/cmake /home/masterthesis/kaixi_crospi_ws/src/crospi/crospi_interfaces -DAMENT_CMAKE_SYMLINK_INSTALL=1 -DCMAKE_INSTALL_PREFIX=/home/masterthesis/kaixi_crospi_ws/install/crospi_interfaces
[1.897s] Invoking command in '/home/masterthesis/kaixi_crospi_ws/build/crospi_interfaces': CMAKE_PREFIX_PATH=/home/masterthesis/workspaces_ros2/kaixi_ws/install/ur_description:/home/masterthesis/workspaces_ros2/kaixi_ws/install/trossen_arm_ros:/home/masterthesis/workspaces_ros2/kaixi_ws/install/trossen_arm_moveit:/home/masterthesis/workspaces_ros2/kaixi_ws/install/trossen_arm_controllers:/home/masterthesis/workspaces_ros2/kaixi_ws/install/trossen_arm_bringup:/home/masterthesis/workspaces_ros2/kaixi_ws/install/trossen_arm_hardware:/home/masterthesis/workspaces_ros2/kaixi_ws/install/trossen_arm_description:/opt/ros2_crospi_ws/install/betfsm_demos:/opt/ros2_crospi_ws/install/betfsm:/opt/ros/humble:/home/masterthesis/workspaces_ros2/kaixi_ws/install/libtrossen_arm:/home/masterthesis/workspaces_ros2/kaixi_ws/install/crospi_application_template:/opt/ros2_crospi_ws/install/template_driver_crospi:/opt/ros2_crospi_ws/install/crospi_default_plugins:/opt/ros2_crospi_ws/install/crospi_core:/opt/ros2_crospi_ws/install/etasl_wrapper:/opt/ros2_crospi_ws/install/crospi_interfaces:/opt/ros2_crospi_ws/install/betfsm_interfaces /usr/bin/cmake --build /home/masterthesis/kaixi_crospi_ws/build/crospi_interfaces -- -j16 -l16
[1.930s] [  1%] [34m[1mGenerating C code for ROS interfaces[0m
[1.938s] [  2%] [34m[1mGenerating Rust code for ROS interfaces[0m
[1.938s] [  2%] [34m[1mGenerating C++ code for ROS interfaces[0m
[1.943s] [  2%] Built target ament_cmake_python_symlink_crospi_interfaces
[2.165s] running egg_info
[2.166s] creating crospi_interfaces.egg-info
[2.166s] writing crospi_interfaces.egg-info/PKG-INFO
[2.166s] writing dependency_links to crospi_interfaces.egg-info/dependency_links.txt
[2.166s] writing top-level names to crospi_interfaces.egg-info/top_level.txt
[2.166s] writing manifest file 'crospi_interfaces.egg-info/SOURCES.txt'
[2.167s] reading manifest file 'crospi_interfaces.egg-info/SOURCES.txt'
[2.168s] writing manifest file 'crospi_interfaces.egg-info/SOURCES.txt'
[2.188s] [  2%] Built target ament_cmake_python_build_crospi_interfaces_egg
[2.498s] [  2%] Built target crospi_interfaces__rs
[3.262s] [  3%] [32mBuilding C object CMakeFiles/crospi_interfaces__rosidl_generator_c.dir/rosidl_generator_c/crospi_interfaces/msg/detail/output__functions.c.o[0m
[3.265s] [  3%] [32mBuilding C object CMakeFiles/crospi_interfaces__rosidl_generator_c.dir/rosidl_generator_c/crospi_interfaces/msg/detail/output_derivatives__functions.c.o[0m
[3.266s] [  5%] [32mBuilding C object CMakeFiles/crospi_interfaces__rosidl_generator_c.dir/rosidl_generator_c/crospi_interfaces/srv/detail/lua_cmd__functions.c.o[0m
[3.268s] [  5%] [32mBuilding C object CMakeFiles/crospi_interfaces__rosidl_generator_c.dir/rosidl_generator_c/crospi_interfaces/action/detail/run_task__functions.c.o[0m
[3.269s] [  6%] [32mBuilding C object CMakeFiles/crospi_interfaces__rosidl_generator_c.dir/rosidl_generator_c/crospi_interfaces/msg/detail/task_parameters__functions.c.o[0m
[3.271s] [  7%] [32mBuilding C object CMakeFiles/crospi_interfaces__rosidl_generator_c.dir/rosidl_generator_c/crospi_interfaces/msg/detail/vector3_parameters__functions.c.o[0m
[3.271s] [  7%] [32mBuilding C object CMakeFiles/crospi_interfaces__rosidl_generator_c.dir/rosidl_generator_c/crospi_interfaces/msg/detail/pose_parameters__functions.c.o[0m
[3.271s] [  8%] [32mBuilding C object CMakeFiles/crospi_interfaces__rosidl_generator_c.dir/rosidl_generator_c/crospi_interfaces/msg/detail/number_parameters__functions.c.o[0m
[3.276s] [  9%] [32mBuilding C object CMakeFiles/crospi_interfaces__rosidl_generator_c.dir/rosidl_generator_c/crospi_interfaces/msg/detail/test__functions.c.o[0m
[3.276s] [ 10%] [32mBuilding C object CMakeFiles/crospi_interfaces__rosidl_generator_c.dir/rosidl_generator_c/crospi_interfaces/msg/detail/input__functions.c.o[0m
[3.276s] [ 10%] [32mBuilding C object CMakeFiles/crospi_interfaces__rosidl_generator_c.dir/rosidl_generator_c/crospi_interfaces/srv/detail/task_specification_string__functions.c.o[0m
[3.276s] [ 12%] [32mBuilding C object CMakeFiles/crospi_interfaces__rosidl_generator_c.dir/rosidl_generator_c/crospi_interfaces/msg/detail/return_value__functions.c.o[0m
[3.276s] [ 12%] [32mBuilding C object CMakeFiles/crospi_interfaces__rosidl_generator_c.dir/rosidl_generator_c/crospi_interfaces/srv/detail/task_specification_file__functions.c.o[0m
[3.281s] [ 12%] Built target crospi_interfaces__cpp
[3.295s] [ 13%] [34m[1mGenerating C++ type support for eProsima Fast-RTPS[0m
[3.301s] [ 14%] [34m[1mGenerating C++ introspection for ROS interfaces[0m
[3.309s] [ 15%] [34m[1mGenerating C++ type support dispatch for ROS interfaces[0m
[3.389s] [ 16%] [32m[1mLinking C shared library libcrospi_interfaces__rosidl_generator_c.so[0m
[3.420s] [ 16%] Built target crospi_interfaces__rosidl_generator_c
[3.428s] [ 19%] [34m[1mGenerating C type support for eProsima Fast-RTPS[0m
[3.429s] [ 19%] [34m[1mGenerating C type support dispatch for ROS interfaces[0m
[3.429s] [ 19%] [34m[1mGenerating C introspection for ROS interfaces[0m
[3.942s] [ 20%] [32mBuilding CXX object CMakeFiles/crospi_interfaces__rosidl_typesupport_cpp.dir/rosidl_typesupport_cpp/crospi_interfaces/msg/output__type_support.cpp.o[0m
[3.942s] [ 21%] [32mBuilding CXX object CMakeFiles/crospi_interfaces__rosidl_typesupport_cpp.dir/rosidl_typesupport_cpp/crospi_interfaces/action/run_task__type_support.cpp.o[0m
[3.943s] [ 21%] [32mBuilding CXX object CMakeFiles/crospi_interfaces__rosidl_typesupport_cpp.dir/rosidl_typesupport_cpp/crospi_interfaces/msg/pose_parameters__type_support.cpp.o[0m
[3.943s] [ 22%] [32mBuilding CXX object CMakeFiles/crospi_interfaces__rosidl_typesupport_cpp.dir/rosidl_typesupport_cpp/crospi_interfaces/msg/output_derivatives__type_support.cpp.o[0m
[3.943s] [ 22%] [32mBuilding CXX object CMakeFiles/crospi_interfaces__rosidl_typesupport_cpp.dir/rosidl_typesupport_cpp/crospi_interfaces/msg/task_parameters__type_support.cpp.o[0m
[3.948s] [ 23%] [32mBuilding CXX object CMakeFiles/crospi_interfaces__rosidl_typesupport_cpp.dir/rosidl_typesupport_cpp/crospi_interfaces/srv/lua_cmd__type_support.cpp.o[0m
[3.948s] [ 24%] [32mBuilding CXX object CMakeFiles/crospi_interfaces__rosidl_typesupport_cpp.dir/rosidl_typesupport_cpp/crospi_interfaces/msg/return_value__type_support.cpp.o[0m
[3.950s] [ 25%] [32mBuilding CXX object CMakeFiles/crospi_interfaces__rosidl_typesupport_cpp.dir/rosidl_typesupport_cpp/crospi_interfaces/msg/number_parameters__type_support.cpp.o[0m
[3.950s] [ 25%] [32mBuilding CXX object CMakeFiles/crospi_interfaces__rosidl_typesupport_cpp.dir/rosidl_typesupport_cpp/crospi_interfaces/msg/test__type_support.cpp.o[0m
[3.951s] [ 26%] [32mBuilding CXX object CMakeFiles/crospi_interfaces__rosidl_typesupport_cpp.dir/rosidl_typesupport_cpp/crospi_interfaces/msg/input__type_support.cpp.o[0m
[3.951s] [ 27%] [32mBuilding CXX object CMakeFiles/crospi_interfaces__rosidl_typesupport_cpp.dir/rosidl_typesupport_cpp/crospi_interfaces/msg/vector3_parameters__type_support.cpp.o[0m
[4.251s] [ 27%] [32mBuilding CXX object CMakeFiles/crospi_interfaces__rosidl_typesupport_c.dir/rosidl_typesupport_c/crospi_interfaces/msg/output__type_support.cpp.o[0m
[4.276s] [ 28%] [32mBuilding CXX object CMakeFiles/crospi_interfaces__rosidl_typesupport_c.dir/rosidl_typesupport_c/crospi_interfaces/msg/output_derivatives__type_support.cpp.o[0m
[4.282s] [ 29%] [32mBuilding CXX object CMakeFiles/crospi_interfaces__rosidl_typesupport_c.dir/rosidl_typesupport_c/crospi_interfaces/srv/lua_cmd__type_support.cpp.o[0m
[4.311s] [ 30%] [32mBuilding CXX object CMakeFiles/crospi_interfaces__rosidl_typesupport_cpp.dir/rosidl_typesupport_cpp/crospi_interfaces/srv/task_specification_string__type_support.cpp.o[0m
[4.314s] [ 31%] [32mBuilding CXX object CMakeFiles/crospi_interfaces__rosidl_typesupport_c.dir/rosidl_typesupport_c/crospi_interfaces/action/run_task__type_support.cpp.o[0m
[4.329s] [ 32%] [32mBuilding CXX object CMakeFiles/crospi_interfaces__rosidl_typesupport_cpp.dir/rosidl_typesupport_cpp/crospi_interfaces/srv/task_specification_file__type_support.cpp.o[0m
[4.330s] [ 32%] [32mBuilding CXX object CMakeFiles/crospi_interfaces__rosidl_typesupport_c.dir/rosidl_typesupport_c/crospi_interfaces/msg/task_parameters__type_support.cpp.o[0m
[4.338s] [ 33%] [32mBuilding CXX object CMakeFiles/crospi_interfaces__rosidl_typesupport_c.dir/rosidl_typesupport_c/crospi_interfaces/msg/pose_parameters__type_support.cpp.o[0m
[4.345s] [ 34%] [32mBuilding CXX object CMakeFiles/crospi_interfaces__rosidl_typesupport_c.dir/rosidl_typesupport_c/crospi_interfaces/msg/vector3_parameters__type_support.cpp.o[0m
[4.347s] [ 35%] [32mBuilding CXX object CMakeFiles/crospi_interfaces__rosidl_typesupport_c.dir/rosidl_typesupport_c/crospi_interfaces/msg/number_parameters__type_support.cpp.o[0m
[4.353s] [ 36%] [32mBuilding CXX object CMakeFiles/crospi_interfaces__rosidl_typesupport_c.dir/rosidl_typesupport_c/crospi_interfaces/msg/return_value__type_support.cpp.o[0m
[4.379s] [ 36%] [32mBuilding CXX object CMakeFiles/crospi_interfaces__rosidl_typesupport_c.dir/rosidl_typesupport_c/crospi_interfaces/msg/input__type_support.cpp.o[0m
[4.384s] [ 37%] [32mBuilding CXX object CMakeFiles/crospi_interfaces__rosidl_typesupport_c.dir/rosidl_typesupport_c/crospi_interfaces/msg/test__type_support.cpp.o[0m
[4.399s] [ 38%] [32mBuilding CXX object CMakeFiles/crospi_interfaces__rosidl_typesupport_c.dir/rosidl_typesupport_c/crospi_interfaces/srv/task_specification_string__type_support.cpp.o[0m
[4.424s] [ 38%] [32mBuilding CXX object CMakeFiles/crospi_interfaces__rosidl_typesupport_introspection_cpp.dir/rosidl_typesupport_introspection_cpp/crospi_interfaces/msg/detail/output_derivatives__type_support.cpp.o[0m
[4.426s] [ 39%] [32mBuilding CXX object CMakeFiles/crospi_interfaces__rosidl_typesupport_c.dir/rosidl_typesupport_c/crospi_interfaces/srv/task_specification_file__type_support.cpp.o[0m
[4.429s] [ 40%] [32mBuilding CXX object CMakeFiles/crospi_interfaces__rosidl_typesupport_introspection_cpp.dir/rosidl_typesupport_introspection_cpp/crospi_interfaces/msg/detail/output__type_support.cpp.o[0m
[4.432s] [ 41%] [32mBuilding CXX object CMakeFiles/crospi_interfaces__rosidl_typesupport_introspection_cpp.dir/rosidl_typesupport_introspection_cpp/crospi_interfaces/srv/detail/lua_cmd__type_support.cpp.o[0m
[4.440s] [ 42%] [32mBuilding CXX object CMakeFiles/crospi_interfaces__rosidl_typesupport_introspection_cpp.dir/rosidl_typesupport_introspection_cpp/crospi_interfaces/msg/detail/task_parameters__type_support.cpp.o[0m
[4.446s] [ 43%] [32mBuilding CXX object CMakeFiles/crospi_interfaces__rosidl_typesupport_introspection_cpp.dir/rosidl_typesupport_introspection_cpp/crospi_interfaces/action/detail/run_task__type_support.cpp.o[0m
[4.451s] [ 43%] [32mBuilding CXX object CMakeFiles/crospi_interfaces__rosidl_typesupport_introspection_cpp.dir/rosidl_typesupport_introspection_cpp/crospi_interfaces/msg/detail/pose_parameters__type_support.cpp.o[0m
[4.458s] [ 44%] [32mBuilding CXX object CMakeFiles/crospi_interfaces__rosidl_typesupport_introspection_cpp.dir/rosidl_typesupport_introspection_cpp/crospi_interfaces/msg/detail/vector3_parameters__type_support.cpp.o[0m
[4.474s] [ 45%] [32mBuilding CXX object CMakeFiles/crospi_interfaces__rosidl_typesupport_introspection_cpp.dir/rosidl_typesupport_introspection_cpp/crospi_interfaces/msg/detail/return_value__type_support.cpp.o[0m
[4.478s] [ 46%] [32mBuilding CXX object CMakeFiles/crospi_interfaces__rosidl_typesupport_introspection_cpp.dir/rosidl_typesupport_introspection_cpp/crospi_interfaces/msg/detail/number_parameters__type_support.cpp.o[0m
[4.485s] [ 46%] [32m[1mLinking CXX shared library libcrospi_interfaces__rosidl_typesupport_c.so[0m
[4.535s] [ 46%] Built target crospi_interfaces__rosidl_typesupport_c
[4.553s] [ 47%] [32mBuilding CXX object CMakeFiles/crospi_interfaces__rosidl_typesupport_introspection_cpp.dir/rosidl_typesupport_introspection_cpp/crospi_interfaces/msg/detail/input__type_support.cpp.o[0m
[4.564s] [ 47%] [32mBuilding CXX object CMakeFiles/crospi_interfaces__rosidl_typesupport_introspection_cpp.dir/rosidl_typesupport_introspection_cpp/crospi_interfaces/msg/detail/test__type_support.cpp.o[0m
[4.589s] [ 48%] [32mBuilding CXX object CMakeFiles/crospi_interfaces__rosidl_typesupport_fastrtps_cpp.dir/rosidl_typesupport_fastrtps_cpp/crospi_interfaces/msg/detail/dds_fastrtps/output__type_support.cpp.o[0m
[4.615s] [ 48%] [32mBuilding C object CMakeFiles/crospi_interfaces__rosidl_typesupport_introspection_c.dir/rosidl_typesupport_introspection_c/crospi_interfaces/msg/detail/output__type_support.c.o[0m
[4.670s] [ 49%] [32mBuilding C object CMakeFiles/crospi_interfaces__rosidl_typesupport_introspection_c.dir/rosidl_typesupport_introspection_c/crospi_interfaces/msg/detail/output_derivatives__type_support.c.o[0m
[4.685s] [ 50%] [32m[1mLinking CXX shared library libcrospi_interfaces__rosidl_typesupport_cpp.so[0m
[4.696s] [ 51%] [32mBuilding CXX object CMakeFiles/crospi_interfaces__rosidl_typesupport_introspection_cpp.dir/rosidl_typesupport_introspection_cpp/crospi_interfaces/srv/detail/task_specification_string__type_support.cpp.o[0m
[4.733s] [ 52%] [32mBuilding C object CMakeFiles/crospi_interfaces__rosidl_typesupport_introspection_c.dir/rosidl_typesupport_introspection_c/crospi_interfaces/srv/detail/lua_cmd__type_support.c.o[0m
[4.794s] [ 53%] [32mBuilding C object CMakeFiles/crospi_interfaces__rosidl_typesupport_introspection_c.dir/rosidl_typesupport_introspection_c/crospi_interfaces/action/detail/run_task__type_support.c.o[0m
[4.795s] [ 53%] Built target crospi_interfaces__rosidl_typesupport_cpp
[4.816s] [ 53%] [32mBuilding C object CMakeFiles/crospi_interfaces__rosidl_typesupport_introspection_c.dir/rosidl_typesupport_introspection_c/crospi_interfaces/msg/detail/task_parameters__type_support.c.o[0m
[4.889s] [ 54%] [32mBuilding CXX object CMakeFiles/crospi_interfaces__rosidl_typesupport_introspection_cpp.dir/rosidl_typesupport_introspection_cpp/crospi_interfaces/srv/detail/task_specification_file__type_support.cpp.o[0m
[4.926s] [ 55%] [32mBuilding C object CMakeFiles/crospi_interfaces__rosidl_typesupport_introspection_c.dir/rosidl_typesupport_introspection_c/crospi_interfaces/msg/detail/pose_parameters__type_support.c.o[0m
[4.942s] [ 55%] [32mBuilding CXX object CMakeFiles/crospi_interfaces__rosidl_typesupport_fastrtps_c.dir/rosidl_typesupport_fastrtps_c/crospi_interfaces/msg/detail/output__type_support_c.cpp.o[0m
[4.955s] [ 56%] [32mBuilding C object CMakeFiles/crospi_interfaces__rosidl_typesupport_introspection_c.dir/rosidl_typesupport_introspection_c/crospi_interfaces/msg/detail/vector3_parameters__type_support.c.o[0m
[4.958s] [ 57%] [32mBuilding CXX object CMakeFiles/crospi_interfaces__rosidl_typesupport_fastrtps_c.dir/rosidl_typesupport_fastrtps_c/crospi_interfaces/msg/detail/output_derivatives__type_support_c.cpp.o[0m
[4.967s] [ 58%] [32mBuilding C object CMakeFiles/crospi_interfaces__rosidl_typesupport_introspection_c.dir/rosidl_typesupport_introspection_c/crospi_interfaces/msg/detail/number_parameters__type_support.c.o[0m
[4.977s] [ 59%] [32mBuilding C object CMakeFiles/crospi_interfaces__rosidl_typesupport_introspection_c.dir/rosidl_typesupport_introspection_c/crospi_interfaces/msg/detail/return_value__type_support.c.o[0m
[4.986s] [ 60%] [32mBuilding CXX object CMakeFiles/crospi_interfaces__rosidl_typesupport_fastrtps_cpp.dir/rosidl_typesupport_fastrtps_cpp/crospi_interfaces/srv/detail/dds_fastrtps/lua_cmd__type_support.cpp.o[0m
[4.992s] [ 60%] [32mBuilding CXX object CMakeFiles/crospi_interfaces__rosidl_typesupport_fastrtps_cpp.dir/rosidl_typesupport_fastrtps_cpp/crospi_interfaces/msg/detail/dds_fastrtps/output_derivatives__type_support.cpp.o[0m
[5.007s] [ 61%] [32mBuilding CXX object CMakeFiles/crospi_interfaces__rosidl_typesupport_fastrtps_c.dir/rosidl_typesupport_fastrtps_c/crospi_interfaces/srv/detail/lua_cmd__type_support_c.cpp.o[0m
[5.047s] [ 61%] [32mBuilding C object CMakeFiles/crospi_interfaces__rosidl_typesupport_introspection_c.dir/rosidl_typesupport_introspection_c/crospi_interfaces/msg/detail/input__type_support.c.o[0m
[5.060s] [ 62%] [32mBuilding CXX object CMakeFiles/crospi_interfaces__rosidl_typesupport_fastrtps_cpp.dir/rosidl_typesupport_fastrtps_cpp/crospi_interfaces/action/detail/dds_fastrtps/run_task__type_support.cpp.o[0m
[5.062s] [ 63%] [32mBuilding CXX object CMakeFiles/crospi_interfaces__rosidl_typesupport_fastrtps_cpp.dir/rosidl_typesupport_fastrtps_cpp/crospi_interfaces/msg/detail/dds_fastrtps/task_parameters__type_support.cpp.o[0m
[5.079s] [ 64%] [32mBuilding CXX object CMakeFiles/crospi_interfaces__rosidl_typesupport_fastrtps_c.dir/rosidl_typesupport_fastrtps_c/crospi_interfaces/action/detail/run_task__type_support_c.cpp.o[0m
[5.102s] [ 65%] [32mBuilding C object CMakeFiles/crospi_interfaces__rosidl_typesupport_introspection_c.dir/rosidl_typesupport_introspection_c/crospi_interfaces/msg/detail/test__type_support.c.o[0m
[5.110s] [ 65%] [32mBuilding CXX object CMakeFiles/crospi_interfaces__rosidl_typesupport_fastrtps_cpp.dir/rosidl_typesupport_fastrtps_cpp/crospi_interfaces/msg/detail/dds_fastrtps/pose_parameters__type_support.cpp.o[0m
[5.121s] [ 66%] [32mBuilding CXX object CMakeFiles/crospi_interfaces__rosidl_typesupport_fastrtps_cpp.dir/rosidl_typesupport_fastrtps_cpp/crospi_interfaces/msg/detail/dds_fastrtps/vector3_parameters__type_support.cpp.o[0m
[5.152s] [ 67%] [32mBuilding C object CMakeFiles/crospi_interfaces__rosidl_typesupport_introspection_c.dir/rosidl_typesupport_introspection_c/crospi_interfaces/srv/detail/task_specification_string__type_support.c.o[0m
[5.214s] [ 68%] [32mBuilding C object CMakeFiles/crospi_interfaces__rosidl_typesupport_introspection_c.dir/rosidl_typesupport_introspection_c/crospi_interfaces/srv/detail/task_specification_file__type_support.c.o[0m
[5.221s] [ 69%] [32mBuilding CXX object CMakeFiles/crospi_interfaces__rosidl_typesupport_fastrtps_cpp.dir/rosidl_typesupport_fastrtps_cpp/crospi_interfaces/msg/detail/dds_fastrtps/number_parameters__type_support.cpp.o[0m
[5.238s] [ 70%] [32mBuilding CXX object CMakeFiles/crospi_interfaces__rosidl_typesupport_fastrtps_cpp.dir/rosidl_typesupport_fastrtps_cpp/crospi_interfaces/msg/detail/dds_fastrtps/return_value__type_support.cpp.o[0m
[5.239s] [ 70%] [32mBuilding CXX object CMakeFiles/crospi_interfaces__rosidl_typesupport_fastrtps_c.dir/rosidl_typesupport_fastrtps_c/crospi_interfaces/msg/detail/task_parameters__type_support_c.cpp.o[0m
[5.247s] [ 71%] [32mBuilding CXX object CMakeFiles/crospi_interfaces__rosidl_typesupport_fastrtps_cpp.dir/rosidl_typesupport_fastrtps_cpp/crospi_interfaces/msg/detail/dds_fastrtps/input__type_support.cpp.o[0m
[5.259s] [ 71%] [32m[1mLinking C shared library libcrospi_interfaces__rosidl_typesupport_introspection_c.so[0m
[5.307s] [ 71%] Built target crospi_interfaces__rosidl_typesupport_introspection_c
[5.325s] [ 72%] [32mBuilding CXX object CMakeFiles/crospi_interfaces__rosidl_typesupport_fastrtps_c.dir/rosidl_typesupport_fastrtps_c/crospi_interfaces/msg/detail/pose_parameters__type_support_c.cpp.o[0m
[5.394s] [ 72%] [32mBuilding CXX object CMakeFiles/crospi_interfaces__rosidl_typesupport_fastrtps_cpp.dir/rosidl_typesupport_fastrtps_cpp/crospi_interfaces/msg/detail/dds_fastrtps/test__type_support.cpp.o[0m
[5.397s] [ 73%] [32mBuilding CXX object CMakeFiles/crospi_interfaces__rosidl_typesupport_fastrtps_c.dir/rosidl_typesupport_fastrtps_c/crospi_interfaces/msg/detail/vector3_parameters__type_support_c.cpp.o[0m
[5.441s] [ 74%] [32m[1mLinking CXX shared library libcrospi_interfaces__rosidl_typesupport_introspection_cpp.so[0m
[5.475s] [ 75%] [32mBuilding CXX object CMakeFiles/crospi_interfaces__rosidl_typesupport_fastrtps_c.dir/rosidl_typesupport_fastrtps_c/crospi_interfaces/msg/detail/number_parameters__type_support_c.cpp.o[0m
[5.574s] [ 76%] [32mBuilding CXX object CMakeFiles/crospi_interfaces__rosidl_typesupport_fastrtps_cpp.dir/rosidl_typesupport_fastrtps_cpp/crospi_interfaces/srv/detail/dds_fastrtps/task_specification_string__type_support.cpp.o[0m
[5.686s] [ 76%] Built target crospi_interfaces__rosidl_typesupport_introspection_cpp
[5.694s] [ 77%] [32mBuilding CXX object CMakeFiles/crospi_interfaces__rosidl_typesupport_fastrtps_c.dir/rosidl_typesupport_fastrtps_c/crospi_interfaces/msg/detail/return_value__type_support_c.cpp.o[0m
[5.710s] [ 77%] [32mBuilding CXX object CMakeFiles/crospi_interfaces__rosidl_typesupport_fastrtps_c.dir/rosidl_typesupport_fastrtps_c/crospi_interfaces/msg/detail/input__type_support_c.cpp.o[0m
[5.727s] [ 78%] [32mBuilding CXX object CMakeFiles/crospi_interfaces__rosidl_typesupport_fastrtps_cpp.dir/rosidl_typesupport_fastrtps_cpp/crospi_interfaces/srv/detail/dds_fastrtps/task_specification_file__type_support.cpp.o[0m
[5.802s] [ 79%] [32mBuilding CXX object CMakeFiles/crospi_interfaces__rosidl_typesupport_fastrtps_c.dir/rosidl_typesupport_fastrtps_c/crospi_interfaces/msg/detail/test__type_support_c.cpp.o[0m
[5.891s] [ 80%] [32mBuilding CXX object CMakeFiles/crospi_interfaces__rosidl_typesupport_fastrtps_c.dir/rosidl_typesupport_fastrtps_c/crospi_interfaces/srv/detail/task_specification_string__type_support_c.cpp.o[0m
[6.051s] [ 81%] [32mBuilding CXX object CMakeFiles/crospi_interfaces__rosidl_typesupport_fastrtps_c.dir/rosidl_typesupport_fastrtps_c/crospi_interfaces/srv/detail/task_specification_file__type_support_c.cpp.o[0m
[6.665s] [ 82%] [32m[1mLinking CXX shared library libcrospi_interfaces__rosidl_typesupport_fastrtps_cpp.so[0m
[6.754s] [ 82%] [32m[1mLinking CXX shared library libcrospi_interfaces__rosidl_typesupport_fastrtps_c.so[0m
[6.838s] [ 82%] Built target crospi_interfaces__rosidl_typesupport_fastrtps_cpp
[6.924s] [ 82%] Built target crospi_interfaces__rosidl_typesupport_fastrtps_c
[6.972s] [ 82%] Built target crospi_interfaces
[7.030s] [ 83%] [34m[1mGenerating Python code for ROS interfaces[0m
[10.610s] [ 83%] Built target crospi_interfaces__py
[10.667s] [ 84%] [32mBuilding C object CMakeFiles/crospi_interfaces__rosidl_generator_py.dir/rosidl_generator_py/crospi_interfaces/msg/_output_s.c.o[0m
[10.671s] [ 84%] [32mBuilding C object CMakeFiles/crospi_interfaces__rosidl_generator_py.dir/rosidl_generator_py/crospi_interfaces/msg/_output_derivatives_s.c.o[0m
[10.672s] [ 85%] [32mBuilding C object CMakeFiles/crospi_interfaces__rosidl_generator_py.dir/rosidl_generator_py/crospi_interfaces/action/_run_task_s.c.o[0m
[10.673s] [ 86%] [32mBuilding C object CMakeFiles/crospi_interfaces__rosidl_generator_py.dir/rosidl_generator_py/crospi_interfaces/msg/_vector3_parameters_s.c.o[0m
[10.675s] [ 87%] [32mBuilding C object CMakeFiles/crospi_interfaces__rosidl_generator_py.dir/rosidl_generator_py/crospi_interfaces/srv/_lua_cmd_s.c.o[0m
[10.683s] [ 87%] [32mBuilding C object CMakeFiles/crospi_interfaces__rosidl_generator_py.dir/rosidl_generator_py/crospi_interfaces/msg/_pose_parameters_s.c.o[0m
[10.683s] [ 88%] [32mBuilding C object CMakeFiles/crospi_interfaces__rosidl_generator_py.dir/rosidl_generator_py/crospi_interfaces/msg/_input_s.c.o[0m
[10.683s] [ 90%] [32mBuilding C object CMakeFiles/crospi_interfaces__rosidl_generator_py.dir/rosidl_generator_py/crospi_interfaces/msg/_task_parameters_s.c.o[0m
[10.683s] [ 90%] [32mBuilding C object CMakeFiles/crospi_interfaces__rosidl_generator_py.dir/rosidl_generator_py/crospi_interfaces/msg/_number_parameters_s.c.o[0m
[10.683s] [ 91%] [32mBuilding C object CMakeFiles/crospi_interfaces__rosidl_generator_py.dir/rosidl_generator_py/crospi_interfaces/srv/_task_specification_string_s.c.o[0m
[10.684s] [ 92%] [32mBuilding C object CMakeFiles/crospi_interfaces__rosidl_generator_py.dir/rosidl_generator_py/crospi_interfaces/msg/_return_value_s.c.o[0m
[10.685s] [ 93%] [32mBuilding C object CMakeFiles/crospi_interfaces__rosidl_generator_py.dir/rosidl_generator_py/crospi_interfaces/srv/_task_specification_file_s.c.o[0m
[10.689s] [ 93%] [32mBuilding C object CMakeFiles/crospi_interfaces__rosidl_generator_py.dir/rosidl_generator_py/crospi_interfaces/msg/_test_s.c.o[0m
[11.037s] [ 94%] [32m[1mLinking C shared library rosidl_generator_py/crospi_interfaces/libcrospi_interfaces__rosidl_generator_py.so[0m
[11.161s] [ 94%] Built target crospi_interfaces__rosidl_generator_py
[11.218s] [ 95%] [32mBuilding C object CMakeFiles/crospi_interfaces__rosidl_typesupport_fastrtps_c__pyext.dir/rosidl_generator_py/crospi_interfaces/_crospi_interfaces_s.ep.rosidl_typesupport_fastrtps_c.c.o[0m
[11.220s] [ 96%] [32mBuilding C object CMakeFiles/crospi_interfaces__rosidl_typesupport_introspection_c__pyext.dir/rosidl_generator_py/crospi_interfaces/_crospi_interfaces_s.ep.rosidl_typesupport_introspection_c.c.o[0m
[11.221s] [ 97%] [32mBuilding C object CMakeFiles/crospi_interfaces__rosidl_typesupport_c__pyext.dir/rosidl_generator_py/crospi_interfaces/_crospi_interfaces_s.ep.rosidl_typesupport_c.c.o[0m
[11.515s] [ 98%] [32m[1mLinking C shared library rosidl_generator_py/crospi_interfaces/crospi_interfaces_s__rosidl_typesupport_c.cpython-310-x86_64-linux-gnu.so[0m
[11.530s] [ 99%] [32m[1mLinking C shared library rosidl_generator_py/crospi_interfaces/crospi_interfaces_s__rosidl_typesupport_fastrtps_c.cpython-310-x86_64-linux-gnu.so[0m
[11.602s] [100%] [32m[1mLinking C shared library rosidl_generator_py/crospi_interfaces/crospi_interfaces_s__rosidl_typesupport_introspection_c.cpython-310-x86_64-linux-gnu.so[0m
[11.635s] [100%] Built target crospi_interfaces__rosidl_typesupport_c__pyext
[11.650s] [100%] Built target crospi_interfaces__rosidl_typesupport_fastrtps_c__pyext
[11.677s] [100%] Built target crospi_interfaces__rosidl_typesupport_introspection_c__pyext
[11.710s] Invoked command in '/home/masterthesis/kaixi_crospi_ws/build/crospi_interfaces' returned '0': CMAKE_PREFIX_PATH=/home/masterthesis/workspaces_ros2/kaixi_ws/install/ur_description:/home/masterthesis/workspaces_ros2/kaixi_ws/install/trossen_arm_ros:/home/masterthesis/workspaces_ros2/kaixi_ws/install/trossen_arm_moveit:/home/masterthesis/workspaces_ros2/kaixi_ws/install/trossen_arm_controllers:/home/masterthesis/workspaces_ros2/kaixi_ws/install/trossen_arm_bringup:/home/masterthesis/workspaces_ros2/kaixi_ws/install/trossen_arm_hardware:/home/masterthesis/workspaces_ros2/kaixi_ws/install/trossen_arm_description:/opt/ros2_crospi_ws/install/betfsm_demos:/opt/ros2_crospi_ws/install/betfsm:/opt/ros/humble:/home/masterthesis/workspaces_ros2/kaixi_ws/install/libtrossen_arm:/home/masterthesis/workspaces_ros2/kaixi_ws/install/crospi_application_template:/opt/ros2_crospi_ws/install/template_driver_crospi:/opt/ros2_crospi_ws/install/crospi_default_plugins:/opt/ros2_crospi_ws/install/crospi_core:/opt/ros2_crospi_ws/install/etasl_wrapper:/opt/ros2_crospi_ws/install/crospi_interfaces:/opt/ros2_crospi_ws/install/betfsm_interfaces /usr/bin/cmake --build /home/masterthesis/kaixi_crospi_ws/build/crospi_interfaces -- -j16 -l16
[11.716s] Invoking command in '/home/masterthesis/kaixi_crospi_ws/build/crospi_interfaces': CMAKE_PREFIX_PATH=/home/masterthesis/workspaces_ros2/kaixi_ws/install/ur_description:/home/masterthesis/workspaces_ros2/kaixi_ws/install/trossen_arm_ros:/home/masterthesis/workspaces_ros2/kaixi_ws/install/trossen_arm_moveit:/home/masterthesis/workspaces_ros2/kaixi_ws/install/trossen_arm_controllers:/home/masterthesis/workspaces_ros2/kaixi_ws/install/trossen_arm_bringup:/home/masterthesis/workspaces_ros2/kaixi_ws/install/trossen_arm_hardware:/home/masterthesis/workspaces_ros2/kaixi_ws/install/trossen_arm_description:/opt/ros2_crospi_ws/install/betfsm_demos:/opt/ros2_crospi_ws/install/betfsm:/opt/ros/humble:/home/masterthesis/workspaces_ros2/kaixi_ws/install/libtrossen_arm:/home/masterthesis/workspaces_ros2/kaixi_ws/install/crospi_application_template:/opt/ros2_crospi_ws/install/template_driver_crospi:/opt/ros2_crospi_ws/install/crospi_default_plugins:/opt/ros2_crospi_ws/install/crospi_core:/opt/ros2_crospi_ws/install/etasl_wrapper:/opt/ros2_crospi_ws/install/crospi_interfaces:/opt/ros2_crospi_ws/install/betfsm_interfaces /usr/bin/cmake --install /home/masterthesis/kaixi_crospi_ws/build/crospi_interfaces
[11.734s] -- Install configuration: ""
[11.738s] -- Execute custom install script
[11.738s] -- Symlinking: /home/masterthesis/kaixi_crospi_ws/install/crospi_interfaces/share/ament_index/resource_index/rosidl_interfaces/crospi_interfaces
[11.758s] -- Symlinking: /home/masterthesis/kaixi_crospi_ws/install/crospi_interfaces/include/crospi_interfaces/crospi_interfaces/action/detail/run_task__functions.h
[11.776s] -- Symlinking: /home/masterthesis/kaixi_crospi_ws/install/crospi_interfaces/include/crospi_interfaces/crospi_interfaces/action/detail/run_task__struct.h
[11.796s] -- Symlinking: /home/masterthesis/kaixi_crospi_ws/install/crospi_interfaces/include/crospi_interfaces/crospi_interfaces/action/detail/run_task__type_support.h
[11.815s] -- Symlinking: /home/masterthesis/kaixi_crospi_ws/install/crospi_interfaces/include/crospi_interfaces/crospi_interfaces/action/run_task.h
[11.833s] -- Symlinking: /home/masterthesis/kaixi_crospi_ws/install/crospi_interfaces/include/crospi_interfaces/crospi_interfaces/msg/detail/input__functions.h
[11.842s] -- Symlinking: /home/masterthesis/kaixi_crospi_ws/install/crospi_interfaces/include/crospi_interfaces/crospi_interfaces/msg/detail/input__struct.h
[11.852s] -- Symlinking: /home/masterthesis/kaixi_crospi_ws/install/crospi_interfaces/include/crospi_interfaces/crospi_interfaces/msg/detail/input__type_support.h
[11.863s] -- Symlinking: /home/masterthesis/kaixi_crospi_ws/install/crospi_interfaces/include/crospi_interfaces/crospi_interfaces/msg/detail/number_parameters__functions.h
[11.874s] -- Symlinking: /home/masterthesis/kaixi_crospi_ws/install/crospi_interfaces/include/crospi_interfaces/crospi_interfaces/msg/detail/number_parameters__struct.h
[11.885s] -- Symlinking: /home/masterthesis/kaixi_crospi_ws/install/crospi_interfaces/include/crospi_interfaces/crospi_interfaces/msg/detail/number_parameters__type_support.h
[11.896s] -- Symlinking: /home/masterthesis/kaixi_crospi_ws/install/crospi_interfaces/include/crospi_interfaces/crospi_interfaces/msg/detail/output__functions.h
[11.907s] -- Symlinking: /home/masterthesis/kaixi_crospi_ws/install/crospi_interfaces/include/crospi_interfaces/crospi_interfaces/msg/detail/output__struct.h
[11.917s] -- Symlinking: /home/masterthesis/kaixi_crospi_ws/install/crospi_interfaces/include/crospi_interfaces/crospi_interfaces/msg/detail/output__type_support.h
[11.928s] -- Symlinking: /home/masterthesis/kaixi_crospi_ws/install/crospi_interfaces/include/crospi_interfaces/crospi_interfaces/msg/detail/output_derivatives__functions.h
[11.939s] -- Symlinking: /home/masterthesis/kaixi_crospi_ws/install/crospi_interfaces/include/crospi_interfaces/crospi_interfaces/msg/detail/output_derivatives__struct.h
[11.951s] -- Symlinking: /home/masterthesis/kaixi_crospi_ws/install/crospi_interfaces/include/crospi_interfaces/crospi_interfaces/msg/detail/output_derivatives__type_support.h
[11.964s] -- Symlinking: /home/masterthesis/kaixi_crospi_ws/install/crospi_interfaces/include/crospi_interfaces/crospi_interfaces/msg/detail/pose_parameters__functions.h
[11.973s] -- Symlinking: /home/masterthesis/kaixi_crospi_ws/install/crospi_interfaces/include/crospi_interfaces/crospi_interfaces/msg/detail/pose_parameters__struct.h
[11.984s] -- Symlinking: /home/masterthesis/kaixi_crospi_ws/install/crospi_interfaces/include/crospi_interfaces/crospi_interfaces/msg/detail/pose_parameters__type_support.h
[11.994s] -- Symlinking: /home/masterthesis/kaixi_crospi_ws/install/crospi_interfaces/include/crospi_interfaces/crospi_interfaces/msg/detail/return_value__functions.h
[12.004s] -- Symlinking: /home/masterthesis/kaixi_crospi_ws/install/crospi_interfaces/include/crospi_interfaces/crospi_interfaces/msg/detail/return_value__struct.h
[12.014s] -- Symlinking: /home/masterthesis/kaixi_crospi_ws/install/crospi_interfaces/include/crospi_interfaces/crospi_interfaces/msg/detail/return_value__type_support.h
[12.024s] -- Symlinking: /home/masterthesis/kaixi_crospi_ws/install/crospi_interfaces/include/crospi_interfaces/crospi_interfaces/msg/detail/task_parameters__functions.h
[12.034s] -- Symlinking: /home/masterthesis/kaixi_crospi_ws/install/crospi_interfaces/include/crospi_interfaces/crospi_interfaces/msg/detail/task_parameters__struct.h
[12.041s] -- Symlinking: /home/masterthesis/kaixi_crospi_ws/install/crospi_interfaces/include/crospi_interfaces/crospi_interfaces/msg/detail/task_parameters__type_support.h
[12.048s] -- Symlinking: /home/masterthesis/kaixi_crospi_ws/install/crospi_interfaces/include/crospi_interfaces/crospi_interfaces/msg/detail/test__functions.h
[12.055s] -- Symlinking: /home/masterthesis/kaixi_crospi_ws/install/crospi_interfaces/include/crospi_interfaces/crospi_interfaces/msg/detail/test__struct.h
[12.062s] -- Symlinking: /home/masterthesis/kaixi_crospi_ws/install/crospi_interfaces/include/crospi_interfaces/crospi_interfaces/msg/detail/test__type_support.h
[12.069s] -- Symlinking: /home/masterthesis/kaixi_crospi_ws/install/crospi_interfaces/include/crospi_interfaces/crospi_interfaces/msg/detail/vector3_parameters__functions.h
[12.076s] -- Symlinking: /home/masterthesis/kaixi_crospi_ws/install/crospi_interfaces/include/crospi_interfaces/crospi_interfaces/msg/detail/vector3_parameters__struct.h
[12.083s] -- Symlinking: /home/masterthesis/kaixi_crospi_ws/install/crospi_interfaces/include/crospi_interfaces/crospi_interfaces/msg/detail/vector3_parameters__type_support.h
[12.093s] -- Symlinking: /home/masterthesis/kaixi_crospi_ws/install/crospi_interfaces/include/crospi_interfaces/crospi_interfaces/msg/input.h
[12.099s] -- Symlinking: /home/masterthesis/kaixi_crospi_ws/install/crospi_interfaces/include/crospi_interfaces/crospi_interfaces/msg/number_parameters.h
[12.106s] -- Symlinking: /home/masterthesis/kaixi_crospi_ws/install/crospi_interfaces/include/crospi_interfaces/crospi_interfaces/msg/output.h
[12.113s] -- Symlinking: /home/masterthesis/kaixi_crospi_ws/install/crospi_interfaces/include/crospi_interfaces/crospi_interfaces/msg/output_derivatives.h
[12.120s] -- Symlinking: /home/masterthesis/kaixi_crospi_ws/install/crospi_interfaces/include/crospi_interfaces/crospi_interfaces/msg/pose_parameters.h
[12.126s] -- Symlinking: /home/masterthesis/kaixi_crospi_ws/install/crospi_interfaces/include/crospi_interfaces/crospi_interfaces/msg/return_value.h
[12.134s] -- Symlinking: /home/masterthesis/kaixi_crospi_ws/install/crospi_interfaces/include/crospi_interfaces/crospi_interfaces/msg/rosidl_generator_c__visibility_control.h
[12.141s] -- Symlinking: /home/masterthesis/kaixi_crospi_ws/install/crospi_interfaces/include/crospi_interfaces/crospi_interfaces/msg/task_parameters.h
[12.148s] -- Symlinking: /home/masterthesis/kaixi_crospi_ws/install/crospi_interfaces/include/crospi_interfaces/crospi_interfaces/msg/test.h
[12.155s] -- Symlinking: /home/masterthesis/kaixi_crospi_ws/install/crospi_interfaces/include/crospi_interfaces/crospi_interfaces/msg/vector3_parameters.h
[12.163s] -- Symlinking: /home/masterthesis/kaixi_crospi_ws/install/crospi_interfaces/include/crospi_interfaces/crospi_interfaces/srv/detail/lua_cmd__functions.h
[12.170s] -- Symlinking: /home/masterthesis/kaixi_crospi_ws/install/crospi_interfaces/include/crospi_interfaces/crospi_interfaces/srv/detail/lua_cmd__struct.h
[12.176s] -- Symlinking: /home/masterthesis/kaixi_crospi_ws/install/crospi_interfaces/include/crospi_interfaces/crospi_interfaces/srv/detail/lua_cmd__type_support.h
[12.184s] -- Symlinking: /home/masterthesis/kaixi_crospi_ws/install/crospi_interfaces/include/crospi_interfaces/crospi_interfaces/srv/detail/task_specification_file__functions.h
[12.191s] -- Symlinking: /home/masterthesis/kaixi_crospi_ws/install/crospi_interfaces/include/crospi_interfaces/crospi_interfaces/srv/detail/task_specification_file__struct.h
[12.197s] -- Symlinking: /home/masterthesis/kaixi_crospi_ws/install/crospi_interfaces/include/crospi_interfaces/crospi_interfaces/srv/detail/task_specification_file__type_support.h
[12.204s] -- Symlinking: /home/masterthesis/kaixi_crospi_ws/install/crospi_interfaces/include/crospi_interfaces/crospi_interfaces/srv/detail/task_specification_string__functions.h
[12.211s] -- Symlinking: /home/masterthesis/kaixi_crospi_ws/install/crospi_interfaces/include/crospi_interfaces/crospi_interfaces/srv/detail/task_specification_string__struct.h
[12.218s] -- Symlinking: /home/masterthesis/kaixi_crospi_ws/install/crospi_interfaces/include/crospi_interfaces/crospi_interfaces/srv/detail/task_specification_string__type_support.h
[12.225s] -- Symlinking: /home/masterthesis/kaixi_crospi_ws/install/crospi_interfaces/include/crospi_interfaces/crospi_interfaces/srv/lua_cmd.h
[12.234s] -- Symlinking: /home/masterthesis/kaixi_crospi_ws/install/crospi_interfaces/include/crospi_interfaces/crospi_interfaces/srv/task_specification_file.h
[12.242s] -- Symlinking: /home/masterthesis/kaixi_crospi_ws/install/crospi_interfaces/include/crospi_interfaces/crospi_interfaces/srv/task_specification_string.h
[12.249s] -- Symlinking: /home/masterthesis/kaixi_crospi_ws/install/crospi_interfaces/share/crospi_interfaces/environment/library_path.sh
[12.256s] -- Symlinking: /home/masterthesis/kaixi_crospi_ws/install/crospi_interfaces/share/crospi_interfaces/environment/library_path.dsv
[12.265s] -- Symlinking: /home/masterthesis/kaixi_crospi_ws/install/crospi_interfaces/include/crospi_interfaces/crospi_interfaces/action/detail/run_task__rosidl_typesupport_fastrtps_c.h
[12.272s] -- Symlinking: /home/masterthesis/kaixi_crospi_ws/install/crospi_interfaces/include/crospi_interfaces/crospi_interfaces/msg/detail/input__rosidl_typesupport_fastrtps_c.h
[12.279s] -- Symlinking: /home/masterthesis/kaixi_crospi_ws/install/crospi_interfaces/include/crospi_interfaces/crospi_interfaces/msg/detail/number_parameters__rosidl_typesupport_fastrtps_c.h
[12.286s] -- Symlinking: /home/masterthesis/kaixi_crospi_ws/install/crospi_interfaces/include/crospi_interfaces/crospi_interfaces/msg/detail/output__rosidl_typesupport_fastrtps_c.h
[12.293s] -- Symlinking: /home/masterthesis/kaixi_crospi_ws/install/crospi_interfaces/include/crospi_interfaces/crospi_interfaces/msg/detail/output_derivatives__rosidl_typesupport_fastrtps_c.h
[12.300s] -- Symlinking: /home/masterthesis/kaixi_crospi_ws/install/crospi_interfaces/include/crospi_interfaces/crospi_interfaces/msg/detail/pose_parameters__rosidl_typesupport_fastrtps_c.h
[12.307s] -- Symlinking: /home/masterthesis/kaixi_crospi_ws/install/crospi_interfaces/include/crospi_interfaces/crospi_interfaces/msg/detail/return_value__rosidl_typesupport_fastrtps_c.h
[12.314s] -- Symlinking: /home/masterthesis/kaixi_crospi_ws/install/crospi_interfaces/include/crospi_interfaces/crospi_interfaces/msg/detail/task_parameters__rosidl_typesupport_fastrtps_c.h
[12.321s] -- Symlinking: /home/masterthesis/kaixi_crospi_ws/install/crospi_interfaces/include/crospi_interfaces/crospi_interfaces/msg/detail/test__rosidl_typesupport_fastrtps_c.h
[12.328s] -- Symlinking: /home/masterthesis/kaixi_crospi_ws/install/crospi_interfaces/include/crospi_interfaces/crospi_interfaces/msg/detail/vector3_parameters__rosidl_typesupport_fastrtps_c.h
[12.336s] -- Symlinking: /home/masterthesis/kaixi_crospi_ws/install/crospi_interfaces/include/crospi_interfaces/crospi_interfaces/msg/rosidl_typesupport_fastrtps_c__visibility_control.h
[12.343s] -- Symlinking: /home/masterthesis/kaixi_crospi_ws/install/crospi_interfaces/include/crospi_interfaces/crospi_interfaces/srv/detail/lua_cmd__rosidl_typesupport_fastrtps_c.h
[12.350s] -- Symlinking: /home/masterthesis/kaixi_crospi_ws/install/crospi_interfaces/include/crospi_interfaces/crospi_interfaces/srv/detail/task_specification_file__rosidl_typesupport_fastrtps_c.h
[12.357s] -- Symlinking: /home/masterthesis/kaixi_crospi_ws/install/crospi_interfaces/include/crospi_interfaces/crospi_interfaces/srv/detail/task_specification_string__rosidl_typesupport_fastrtps_c.h
[12.366s] -- Symlinking: /home/masterthesis/kaixi_crospi_ws/install/crospi_interfaces/include/crospi_interfaces/crospi_interfaces/action/detail/run_task__builder.hpp
[12.373s] -- Symlinking: /home/masterthesis/kaixi_crospi_ws/install/crospi_interfaces/include/crospi_interfaces/crospi_interfaces/action/detail/run_task__struct.hpp
[12.380s] -- Symlinking: /home/masterthesis/kaixi_crospi_ws/install/crospi_interfaces/include/crospi_interfaces/crospi_interfaces/action/detail/run_task__traits.hpp
[12.387s] -- Symlinking: /home/masterthesis/kaixi_crospi_ws/install/crospi_interfaces/include/crospi_interfaces/crospi_interfaces/action/detail/run_task__type_support.hpp
[12.394s] -- Symlinking: /home/masterthesis/kaixi_crospi_ws/install/crospi_interfaces/include/crospi_interfaces/crospi_interfaces/action/run_task.hpp
[12.401s] -- Symlinking: /home/masterthesis/kaixi_crospi_ws/install/crospi_interfaces/include/crospi_interfaces/crospi_interfaces/msg/detail/input__builder.hpp
[12.408s] -- Symlinking: /home/masterthesis/kaixi_crospi_ws/install/crospi_interfaces/include/crospi_interfaces/crospi_interfaces/msg/detail/input__struct.hpp
[12.415s] -- Symlinking: /home/masterthesis/kaixi_crospi_ws/install/crospi_interfaces/include/crospi_interfaces/crospi_interfaces/msg/detail/input__traits.hpp
[12.422s] -- Symlinking: /home/masterthesis/kaixi_crospi_ws/install/crospi_interfaces/include/crospi_interfaces/crospi_interfaces/msg/detail/input__type_support.hpp
[12.429s] -- Symlinking: /home/masterthesis/kaixi_crospi_ws/install/crospi_interfaces/include/crospi_interfaces/crospi_interfaces/msg/detail/number_parameters__builder.hpp
[12.437s] -- Symlinking: /home/masterthesis/kaixi_crospi_ws/install/crospi_interfaces/include/crospi_interfaces/crospi_interfaces/msg/detail/number_parameters__struct.hpp
[12.444s] -- Symlinking: /home/masterthesis/kaixi_crospi_ws/install/crospi_interfaces/include/crospi_interfaces/crospi_interfaces/msg/detail/number_parameters__traits.hpp
[12.451s] -- Symlinking: /home/masterthesis/kaixi_crospi_ws/install/crospi_interfaces/include/crospi_interfaces/crospi_interfaces/msg/detail/number_parameters__type_support.hpp
[12.458s] -- Symlinking: /home/masterthesis/kaixi_crospi_ws/install/crospi_interfaces/include/crospi_interfaces/crospi_interfaces/msg/detail/output__builder.hpp
[12.465s] -- Symlinking: /home/masterthesis/kaixi_crospi_ws/install/crospi_interfaces/include/crospi_interfaces/crospi_interfaces/msg/detail/output__struct.hpp
[12.472s] -- Symlinking: /home/masterthesis/kaixi_crospi_ws/install/crospi_interfaces/include/crospi_interfaces/crospi_interfaces/msg/detail/output__traits.hpp
[12.479s] -- Symlinking: /home/masterthesis/kaixi_crospi_ws/install/crospi_interfaces/include/crospi_interfaces/crospi_interfaces/msg/detail/output__type_support.hpp
[12.486s] -- Symlinking: /home/masterthesis/kaixi_crospi_ws/install/crospi_interfaces/include/crospi_interfaces/crospi_interfaces/msg/detail/output_derivatives__builder.hpp
[12.493s] -- Symlinking: /home/masterthesis/kaixi_crospi_ws/install/crospi_interfaces/include/crospi_interfaces/crospi_interfaces/msg/detail/output_derivatives__struct.hpp
[12.500s] -- Symlinking: /home/masterthesis/kaixi_crospi_ws/install/crospi_interfaces/include/crospi_interfaces/crospi_interfaces/msg/detail/output_derivatives__traits.hpp
[12.507s] -- Symlinking: /home/masterthesis/kaixi_crospi_ws/install/crospi_interfaces/include/crospi_interfaces/crospi_interfaces/msg/detail/output_derivatives__type_support.hpp
[12.514s] -- Symlinking: /home/masterthesis/kaixi_crospi_ws/install/crospi_interfaces/include/crospi_interfaces/crospi_interfaces/msg/detail/pose_parameters__builder.hpp
[12.521s] -- Symlinking: /home/masterthesis/kaixi_crospi_ws/install/crospi_interfaces/include/crospi_interfaces/crospi_interfaces/msg/detail/pose_parameters__struct.hpp
[12.528s] -- Symlinking: /home/masterthesis/kaixi_crospi_ws/install/crospi_interfaces/include/crospi_interfaces/crospi_interfaces/msg/detail/pose_parameters__traits.hpp
[12.538s] -- Symlinking: /home/masterthesis/kaixi_crospi_ws/install/crospi_interfaces/include/crospi_interfaces/crospi_interfaces/msg/detail/pose_parameters__type_support.hpp
[12.548s] -- Symlinking: /home/masterthesis/kaixi_crospi_ws/install/crospi_interfaces/include/crospi_interfaces/crospi_interfaces/msg/detail/return_value__builder.hpp
[12.558s] -- Symlinking: /home/masterthesis/kaixi_crospi_ws/install/crospi_interfaces/include/crospi_interfaces/crospi_interfaces/msg/detail/return_value__struct.hpp
[12.568s] -- Symlinking: /home/masterthesis/kaixi_crospi_ws/install/crospi_interfaces/include/crospi_interfaces/crospi_interfaces/msg/detail/return_value__traits.hpp
[12.575s] -- Symlinking: /home/masterthesis/kaixi_crospi_ws/install/crospi_interfaces/include/crospi_interfaces/crospi_interfaces/msg/detail/return_value__type_support.hpp
[12.582s] -- Symlinking: /home/masterthesis/kaixi_crospi_ws/install/crospi_interfaces/include/crospi_interfaces/crospi_interfaces/msg/detail/task_parameters__builder.hpp
[12.589s] -- Symlinking: /home/masterthesis/kaixi_crospi_ws/install/crospi_interfaces/include/crospi_interfaces/crospi_interfaces/msg/detail/task_parameters__struct.hpp
[12.595s] -- Symlinking: /home/masterthesis/kaixi_crospi_ws/install/crospi_interfaces/include/crospi_interfaces/crospi_interfaces/msg/detail/task_parameters__traits.hpp
[12.602s] -- Symlinking: /home/masterthesis/kaixi_crospi_ws/install/crospi_interfaces/include/crospi_interfaces/crospi_interfaces/msg/detail/task_parameters__type_support.hpp
[12.609s] -- Symlinking: /home/masterthesis/kaixi_crospi_ws/install/crospi_interfaces/include/crospi_interfaces/crospi_interfaces/msg/detail/test__builder.hpp
[12.616s] -- Symlinking: /home/masterthesis/kaixi_crospi_ws/install/crospi_interfaces/include/crospi_interfaces/crospi_interfaces/msg/detail/test__struct.hpp
[12.623s] -- Symlinking: /home/masterthesis/kaixi_crospi_ws/install/crospi_interfaces/include/crospi_interfaces/crospi_interfaces/msg/detail/test__traits.hpp
[12.630s] -- Symlinking: /home/masterthesis/kaixi_crospi_ws/install/crospi_interfaces/include/crospi_interfaces/crospi_interfaces/msg/detail/test__type_support.hpp
[12.637s] -- Symlinking: /home/masterthesis/kaixi_crospi_ws/install/crospi_interfaces/include/crospi_interfaces/crospi_interfaces/msg/detail/vector3_parameters__builder.hpp
[12.644s] -- Symlinking: /home/masterthesis/kaixi_crospi_ws/install/crospi_interfaces/include/crospi_interfaces/crospi_interfaces/msg/detail/vector3_parameters__struct.hpp
[12.651s] -- Symlinking: /home/masterthesis/kaixi_crospi_ws/install/crospi_interfaces/include/crospi_interfaces/crospi_interfaces/msg/detail/vector3_parameters__traits.hpp
[12.658s] -- Symlinking: /home/masterthesis/kaixi_crospi_ws/install/crospi_interfaces/include/crospi_interfaces/crospi_interfaces/msg/detail/vector3_parameters__type_support.hpp
[12.665s] -- Symlinking: /home/masterthesis/kaixi_crospi_ws/install/crospi_interfaces/include/crospi_interfaces/crospi_interfaces/msg/input.hpp
[12.672s] -- Symlinking: /home/masterthesis/kaixi_crospi_ws/install/crospi_interfaces/include/crospi_interfaces/crospi_interfaces/msg/number_parameters.hpp
[12.679s] -- Symlinking: /home/masterthesis/kaixi_crospi_ws/install/crospi_interfaces/include/crospi_interfaces/crospi_interfaces/msg/output.hpp
[12.687s] -- Symlinking: /home/masterthesis/kaixi_crospi_ws/install/crospi_interfaces/include/crospi_interfaces/crospi_interfaces/msg/output_derivatives.hpp
[12.694s] -- Symlinking: /home/masterthesis/kaixi_crospi_ws/install/crospi_interfaces/include/crospi_interfaces/crospi_interfaces/msg/pose_parameters.hpp
[12.704s] -- Symlinking: /home/masterthesis/kaixi_crospi_ws/install/crospi_interfaces/include/crospi_interfaces/crospi_interfaces/msg/return_value.hpp
[12.715s] -- Symlinking: /home/masterthesis/kaixi_crospi_ws/install/crospi_interfaces/include/crospi_interfaces/crospi_interfaces/msg/rosidl_generator_cpp__visibility_control.hpp
[12.725s] -- Symlinking: /home/masterthesis/kaixi_crospi_ws/install/crospi_interfaces/include/crospi_interfaces/crospi_interfaces/msg/task_parameters.hpp
[12.737s] -- Symlinking: /home/masterthesis/kaixi_crospi_ws/install/crospi_interfaces/include/crospi_interfaces/crospi_interfaces/msg/test.hpp
[12.747s] -- Symlinking: /home/masterthesis/kaixi_crospi_ws/install/crospi_interfaces/include/crospi_interfaces/crospi_interfaces/msg/vector3_parameters.hpp
[12.758s] -- Symlinking: /home/masterthesis/kaixi_crospi_ws/install/crospi_interfaces/include/crospi_interfaces/crospi_interfaces/srv/detail/lua_cmd__builder.hpp
[12.768s] -- Symlinking: /home/masterthesis/kaixi_crospi_ws/install/crospi_interfaces/include/crospi_interfaces/crospi_interfaces/srv/detail/lua_cmd__struct.hpp
[12.775s] -- Symlinking: /home/masterthesis/kaixi_crospi_ws/install/crospi_interfaces/include/crospi_interfaces/crospi_interfaces/srv/detail/lua_cmd__traits.hpp
[12.782s] -- Symlinking: /home/masterthesis/kaixi_crospi_ws/install/crospi_interfaces/include/crospi_interfaces/crospi_interfaces/srv/detail/lua_cmd__type_support.hpp
[12.788s] -- Symlinking: /home/masterthesis/kaixi_crospi_ws/install/crospi_interfaces/include/crospi_interfaces/crospi_interfaces/srv/detail/task_specification_file__builder.hpp
[12.798s] -- Symlinking: /home/masterthesis/kaixi_crospi_ws/install/crospi_interfaces/include/crospi_interfaces/crospi_interfaces/srv/detail/task_specification_file__struct.hpp
[12.807s] -- Symlinking: /home/masterthesis/kaixi_crospi_ws/install/crospi_interfaces/include/crospi_interfaces/crospi_interfaces/srv/detail/task_specification_file__traits.hpp
[12.816s] -- Symlinking: /home/masterthesis/kaixi_crospi_ws/install/crospi_interfaces/include/crospi_interfaces/crospi_interfaces/srv/detail/task_specification_file__type_support.hpp
[12.826s] -- Symlinking: /home/masterthesis/kaixi_crospi_ws/install/crospi_interfaces/include/crospi_interfaces/crospi_interfaces/srv/detail/task_specification_string__builder.hpp
[12.836s] -- Symlinking: /home/masterthesis/kaixi_crospi_ws/install/crospi_interfaces/include/crospi_interfaces/crospi_interfaces/srv/detail/task_specification_string__struct.hpp
[12.846s] -- Symlinking: /home/masterthesis/kaixi_crospi_ws/install/crospi_interfaces/include/crospi_interfaces/crospi_interfaces/srv/detail/task_specification_string__traits.hpp
[12.856s] -- Symlinking: /home/masterthesis/kaixi_crospi_ws/install/crospi_interfaces/include/crospi_interfaces/crospi_interfaces/srv/detail/task_specification_string__type_support.hpp
[12.866s] -- Symlinking: /home/masterthesis/kaixi_crospi_ws/install/crospi_interfaces/include/crospi_interfaces/crospi_interfaces/srv/lua_cmd.hpp
[12.876s] -- Symlinking: /home/masterthesis/kaixi_crospi_ws/install/crospi_interfaces/include/crospi_interfaces/crospi_interfaces/srv/task_specification_file.hpp
[12.886s] -- Symlinking: /home/masterthesis/kaixi_crospi_ws/install/crospi_interfaces/include/crospi_interfaces/crospi_interfaces/srv/task_specification_string.hpp
[12.897s] -- Symlinking: /home/masterthesis/kaixi_crospi_ws/install/crospi_interfaces/include/crospi_interfaces/crospi_interfaces/action/detail/run_task__rosidl_typesupport_fastrtps_cpp.hpp
[12.907s] -- Symlinking: /home/masterthesis/kaixi_crospi_ws/install/crospi_interfaces/include/crospi_interfaces/crospi_interfaces/msg/detail/input__rosidl_typesupport_fastrtps_cpp.hpp
[12.917s] -- Symlinking: /home/masterthesis/kaixi_crospi_ws/install/crospi_interfaces/include/crospi_interfaces/crospi_interfaces/msg/detail/number_parameters__rosidl_typesupport_fastrtps_cpp.hpp
[12.928s] -- Symlinking: /home/masterthesis/kaixi_crospi_ws/install/crospi_interfaces/include/crospi_interfaces/crospi_interfaces/msg/detail/output__rosidl_typesupport_fastrtps_cpp.hpp
[12.938s] -- Symlinking: /home/masterthesis/kaixi_crospi_ws/install/crospi_interfaces/include/crospi_interfaces/crospi_interfaces/msg/detail/output_derivatives__rosidl_typesupport_fastrtps_cpp.hpp
[12.948s] -- Symlinking: /home/masterthesis/kaixi_crospi_ws/install/crospi_interfaces/include/crospi_interfaces/crospi_interfaces/msg/detail/pose_parameters__rosidl_typesupport_fastrtps_cpp.hpp
[12.958s] -- Symlinking: /home/masterthesis/kaixi_crospi_ws/install/crospi_interfaces/include/crospi_interfaces/crospi_interfaces/msg/detail/return_value__rosidl_typesupport_fastrtps_cpp.hpp
[12.968s] -- Symlinking: /home/masterthesis/kaixi_crospi_ws/install/crospi_interfaces/include/crospi_interfaces/crospi_interfaces/msg/detail/task_parameters__rosidl_typesupport_fastrtps_cpp.hpp
[12.978s] -- Symlinking: /home/masterthesis/kaixi_crospi_ws/install/crospi_interfaces/include/crospi_interfaces/crospi_interfaces/msg/detail/test__rosidl_typesupport_fastrtps_cpp.hpp
[12.988s] -- Symlinking: /home/masterthesis/kaixi_crospi_ws/install/crospi_interfaces/include/crospi_interfaces/crospi_interfaces/msg/detail/vector3_parameters__rosidl_typesupport_fastrtps_cpp.hpp
[12.998s] -- Symlinking: /home/masterthesis/kaixi_crospi_ws/install/crospi_interfaces/include/crospi_interfaces/crospi_interfaces/msg/rosidl_typesupport_fastrtps_cpp__visibility_control.h
[13.008s] -- Symlinking: /home/masterthesis/kaixi_crospi_ws/install/crospi_interfaces/include/crospi_interfaces/crospi_interfaces/srv/detail/lua_cmd__rosidl_typesupport_fastrtps_cpp.hpp
[13.018s] -- Symlinking: /home/masterthesis/kaixi_crospi_ws/install/crospi_interfaces/include/crospi_interfaces/crospi_interfaces/srv/detail/task_specification_file__rosidl_typesupport_fastrtps_cpp.hpp
[13.028s] -- Symlinking: /home/masterthesis/kaixi_crospi_ws/install/crospi_interfaces/include/crospi_interfaces/crospi_interfaces/srv/detail/task_specification_string__rosidl_typesupport_fastrtps_cpp.hpp
[13.038s] -- Symlinking: /home/masterthesis/kaixi_crospi_ws/install/crospi_interfaces/include/crospi_interfaces/crospi_interfaces/action/detail/run_task__rosidl_typesupport_introspection_c.h
[13.049s] -- Symlinking: /home/masterthesis/kaixi_crospi_ws/install/crospi_interfaces/include/crospi_interfaces/crospi_interfaces/msg/detail/input__rosidl_typesupport_introspection_c.h
[13.059s] -- Symlinking: /home/masterthesis/kaixi_crospi_ws/install/crospi_interfaces/include/crospi_interfaces/crospi_interfaces/msg/detail/number_parameters__rosidl_typesupport_introspection_c.h
[13.069s] -- Symlinking: /home/masterthesis/kaixi_crospi_ws/install/crospi_interfaces/include/crospi_interfaces/crospi_interfaces/msg/detail/output__rosidl_typesupport_introspection_c.h
[13.079s] -- Symlinking: /home/masterthesis/kaixi_crospi_ws/install/crospi_interfaces/include/crospi_interfaces/crospi_interfaces/msg/detail/output_derivatives__rosidl_typesupport_introspection_c.h
[13.089s] -- Symlinking: /home/masterthesis/kaixi_crospi_ws/install/crospi_interfaces/include/crospi_interfaces/crospi_interfaces/msg/detail/pose_parameters__rosidl_typesupport_introspection_c.h
[13.099s] -- Symlinking: /home/masterthesis/kaixi_crospi_ws/install/crospi_interfaces/include/crospi_interfaces/crospi_interfaces/msg/detail/return_value__rosidl_typesupport_introspection_c.h
[13.109s] -- Symlinking: /home/masterthesis/kaixi_crospi_ws/install/crospi_interfaces/include/crospi_interfaces/crospi_interfaces/msg/detail/task_parameters__rosidl_typesupport_introspection_c.h
[13.119s] -- Symlinking: /home/masterthesis/kaixi_crospi_ws/install/crospi_interfaces/include/crospi_interfaces/crospi_interfaces/msg/detail/test__rosidl_typesupport_introspection_c.h
[13.129s] -- Symlinking: /home/masterthesis/kaixi_crospi_ws/install/crospi_interfaces/include/crospi_interfaces/crospi_interfaces/msg/detail/vector3_parameters__rosidl_typesupport_introspection_c.h
[13.138s] -- Symlinking: /home/masterthesis/kaixi_crospi_ws/install/crospi_interfaces/include/crospi_interfaces/crospi_interfaces/msg/rosidl_typesupport_introspection_c__visibility_control.h
[13.148s] -- Symlinking: /home/masterthesis/kaixi_crospi_ws/install/crospi_interfaces/include/crospi_interfaces/crospi_interfaces/srv/detail/lua_cmd__rosidl_typesupport_introspection_c.h
[13.158s] -- Symlinking: /home/masterthesis/kaixi_crospi_ws/install/crospi_interfaces/include/crospi_interfaces/crospi_interfaces/srv/detail/task_specification_file__rosidl_typesupport_introspection_c.h
[13.167s] -- Symlinking: /home/masterthesis/kaixi_crospi_ws/install/crospi_interfaces/include/crospi_interfaces/crospi_interfaces/srv/detail/task_specification_string__rosidl_typesupport_introspection_c.h
[13.174s] -- Symlinking: /home/masterthesis/kaixi_crospi_ws/install/crospi_interfaces/include/crospi_interfaces/crospi_interfaces/action/detail/run_task__rosidl_typesupport_introspection_cpp.hpp
[13.181s] -- Symlinking: /home/masterthesis/kaixi_crospi_ws/install/crospi_interfaces/include/crospi_interfaces/crospi_interfaces/msg/detail/input__rosidl_typesupport_introspection_cpp.hpp
[13.188s] -- Symlinking: /home/masterthesis/kaixi_crospi_ws/install/crospi_interfaces/include/crospi_interfaces/crospi_interfaces/msg/detail/number_parameters__rosidl_typesupport_introspection_cpp.hpp
[13.195s] -- Symlinking: /home/masterthesis/kaixi_crospi_ws/install/crospi_interfaces/include/crospi_interfaces/crospi_interfaces/msg/detail/output__rosidl_typesupport_introspection_cpp.hpp
[13.202s] -- Symlinking: /home/masterthesis/kaixi_crospi_ws/install/crospi_interfaces/include/crospi_interfaces/crospi_interfaces/msg/detail/output_derivatives__rosidl_typesupport_introspection_cpp.hpp
[13.209s] -- Symlinking: /home/masterthesis/kaixi_crospi_ws/install/crospi_interfaces/include/crospi_interfaces/crospi_interfaces/msg/detail/pose_parameters__rosidl_typesupport_introspection_cpp.hpp
[13.216s] -- Symlinking: /home/masterthesis/kaixi_crospi_ws/install/crospi_interfaces/include/crospi_interfaces/crospi_interfaces/msg/detail/return_value__rosidl_typesupport_introspection_cpp.hpp
[13.223s] -- Symlinking: /home/masterthesis/kaixi_crospi_ws/install/crospi_interfaces/include/crospi_interfaces/crospi_interfaces/msg/detail/task_parameters__rosidl_typesupport_introspection_cpp.hpp
[13.230s] -- Symlinking: /home/masterthesis/kaixi_crospi_ws/install/crospi_interfaces/include/crospi_interfaces/crospi_interfaces/msg/detail/test__rosidl_typesupport_introspection_cpp.hpp
[13.237s] -- Symlinking: /home/masterthesis/kaixi_crospi_ws/install/crospi_interfaces/include/crospi_interfaces/crospi_interfaces/msg/detail/vector3_parameters__rosidl_typesupport_introspection_cpp.hpp
[13.244s] -- Symlinking: /home/masterthesis/kaixi_crospi_ws/install/crospi_interfaces/include/crospi_interfaces/crospi_interfaces/srv/detail/lua_cmd__rosidl_typesupport_introspection_cpp.hpp
[13.251s] -- Symlinking: /home/masterthesis/kaixi_crospi_ws/install/crospi_interfaces/include/crospi_interfaces/crospi_interfaces/srv/detail/task_specification_file__rosidl_typesupport_introspection_cpp.hpp
[13.258s] -- Symlinking: /home/masterthesis/kaixi_crospi_ws/install/crospi_interfaces/include/crospi_interfaces/crospi_interfaces/srv/detail/task_specification_string__rosidl_typesupport_introspection_cpp.hpp
[13.266s] -- Symlinking: /home/masterthesis/kaixi_crospi_ws/install/crospi_interfaces/share/crospi_interfaces/environment/pythonpath.sh
[13.273s] -- Symlinking: /home/masterthesis/kaixi_crospi_ws/install/crospi_interfaces/share/crospi_interfaces/environment/pythonpath.dsv
[13.280s] -- Symlinking: /home/masterthesis/kaixi_crospi_ws/install/crospi_interfaces/local/lib/python3.10/dist-packages/crospi_interfaces-0.0.0-py3.10.egg-info/PKG-INFO
[13.288s] -- Symlinking: /home/masterthesis/kaixi_crospi_ws/install/crospi_interfaces/local/lib/python3.10/dist-packages/crospi_interfaces-0.0.0-py3.10.egg-info/SOURCES.txt
[13.296s] -- Symlinking: /home/masterthesis/kaixi_crospi_ws/install/crospi_interfaces/local/lib/python3.10/dist-packages/crospi_interfaces-0.0.0-py3.10.egg-info/dependency_links.txt
[13.306s] -- Symlinking: /home/masterthesis/kaixi_crospi_ws/install/crospi_interfaces/local/lib/python3.10/dist-packages/crospi_interfaces-0.0.0-py3.10.egg-info/top_level.txt
[13.315s] -- Symlinking: /home/masterthesis/kaixi_crospi_ws/install/crospi_interfaces/local/lib/python3.10/dist-packages/crospi_interfaces/__init__.py
[13.322s] -- Symlinking: /home/masterthesis/kaixi_crospi_ws/install/crospi_interfaces/local/lib/python3.10/dist-packages/crospi_interfaces/_crospi_interfaces_s.ep.rosidl_typesupport_c.c
[13.332s] -- Symlinking: /home/masterthesis/kaixi_crospi_ws/install/crospi_interfaces/local/lib/python3.10/dist-packages/crospi_interfaces/_crospi_interfaces_s.ep.rosidl_typesupport_fastrtps_c.c
[13.339s] -- Symlinking: /home/masterthesis/kaixi_crospi_ws/install/crospi_interfaces/local/lib/python3.10/dist-packages/crospi_interfaces/_crospi_interfaces_s.ep.rosidl_typesupport_introspection_c.c
[13.346s] -- Symlinking: /home/masterthesis/kaixi_crospi_ws/install/crospi_interfaces/local/lib/python3.10/dist-packages/crospi_interfaces/action/__init__.py
[13.353s] -- Symlinking: /home/masterthesis/kaixi_crospi_ws/install/crospi_interfaces/local/lib/python3.10/dist-packages/crospi_interfaces/action/_run_task.py
[13.360s] -- Symlinking: /home/masterthesis/kaixi_crospi_ws/install/crospi_interfaces/local/lib/python3.10/dist-packages/crospi_interfaces/action/_run_task_s.c
[13.367s] -- Symlinking: /home/masterthesis/kaixi_crospi_ws/install/crospi_interfaces/local/lib/python3.10/dist-packages/crospi_interfaces/crospi_interfaces_s__rosidl_typesupport_c.cpython-310-x86_64-linux-gnu.so
[13.374s] -- Symlinking: /home/masterthesis/kaixi_crospi_ws/install/crospi_interfaces/local/lib/python3.10/dist-packages/crospi_interfaces/crospi_interfaces_s__rosidl_typesupport_fastrtps_c.cpython-310-x86_64-linux-gnu.so
[13.381s] -- Symlinking: /home/masterthesis/kaixi_crospi_ws/install/crospi_interfaces/local/lib/python3.10/dist-packages/crospi_interfaces/crospi_interfaces_s__rosidl_typesupport_introspection_c.cpython-310-x86_64-linux-gnu.so
[13.388s] -- Symlinking: /home/masterthesis/kaixi_crospi_ws/install/crospi_interfaces/local/lib/python3.10/dist-packages/crospi_interfaces/libcrospi_interfaces__rosidl_generator_py.so
[13.394s] -- Symlinking: /home/masterthesis/kaixi_crospi_ws/install/crospi_interfaces/local/lib/python3.10/dist-packages/crospi_interfaces/msg/__init__.py
[13.401s] -- Symlinking: /home/masterthesis/kaixi_crospi_ws/install/crospi_interfaces/local/lib/python3.10/dist-packages/crospi_interfaces/msg/_input.py
[13.408s] -- Symlinking: /home/masterthesis/kaixi_crospi_ws/install/crospi_interfaces/local/lib/python3.10/dist-packages/crospi_interfaces/msg/_input_s.c
[13.415s] -- Symlinking: /home/masterthesis/kaixi_crospi_ws/install/crospi_interfaces/local/lib/python3.10/dist-packages/crospi_interfaces/msg/_number_parameters.py
[13.422s] -- Symlinking: /home/masterthesis/kaixi_crospi_ws/install/crospi_interfaces/local/lib/python3.10/dist-packages/crospi_interfaces/msg/_number_parameters_s.c
[13.429s] -- Symlinking: /home/masterthesis/kaixi_crospi_ws/install/crospi_interfaces/local/lib/python3.10/dist-packages/crospi_interfaces/msg/_output.py
[13.436s] -- Symlinking: /home/masterthesis/kaixi_crospi_ws/install/crospi_interfaces/local/lib/python3.10/dist-packages/crospi_interfaces/msg/_output_derivatives.py
[13.443s] -- Symlinking: /home/masterthesis/kaixi_crospi_ws/install/crospi_interfaces/local/lib/python3.10/dist-packages/crospi_interfaces/msg/_output_derivatives_s.c
[13.450s] -- Symlinking: /home/masterthesis/kaixi_crospi_ws/install/crospi_interfaces/local/lib/python3.10/dist-packages/crospi_interfaces/msg/_output_s.c
[13.457s] -- Symlinking: /home/masterthesis/kaixi_crospi_ws/install/crospi_interfaces/local/lib/python3.10/dist-packages/crospi_interfaces/msg/_pose_parameters.py
[13.464s] -- Symlinking: /home/masterthesis/kaixi_crospi_ws/install/crospi_interfaces/local/lib/python3.10/dist-packages/crospi_interfaces/msg/_pose_parameters_s.c
[13.471s] -- Symlinking: /home/masterthesis/kaixi_crospi_ws/install/crospi_interfaces/local/lib/python3.10/dist-packages/crospi_interfaces/msg/_return_value.py
[13.477s] -- Symlinking: /home/masterthesis/kaixi_crospi_ws/install/crospi_interfaces/local/lib/python3.10/dist-packages/crospi_interfaces/msg/_return_value_s.c
[13.484s] -- Symlinking: /home/masterthesis/kaixi_crospi_ws/install/crospi_interfaces/local/lib/python3.10/dist-packages/crospi_interfaces/msg/_task_parameters.py
[13.491s] -- Symlinking: /home/masterthesis/kaixi_crospi_ws/install/crospi_interfaces/local/lib/python3.10/dist-packages/crospi_interfaces/msg/_task_parameters_s.c
[13.497s] -- Symlinking: /home/masterthesis/kaixi_crospi_ws/install/crospi_interfaces/local/lib/python3.10/dist-packages/crospi_interfaces/msg/_test.py
[13.504s] -- Symlinking: /home/masterthesis/kaixi_crospi_ws/install/crospi_interfaces/local/lib/python3.10/dist-packages/crospi_interfaces/msg/_test_s.c
[13.511s] -- Symlinking: /home/masterthesis/kaixi_crospi_ws/install/crospi_interfaces/local/lib/python3.10/dist-packages/crospi_interfaces/msg/_vector3_parameters.py
[13.518s] -- Symlinking: /home/masterthesis/kaixi_crospi_ws/install/crospi_interfaces/local/lib/python3.10/dist-packages/crospi_interfaces/msg/_vector3_parameters_s.c
[13.525s] -- Symlinking: /home/masterthesis/kaixi_crospi_ws/install/crospi_interfaces/local/lib/python3.10/dist-packages/crospi_interfaces/srv/__init__.py
[13.532s] -- Symlinking: /home/masterthesis/kaixi_crospi_ws/install/crospi_interfaces/local/lib/python3.10/dist-packages/crospi_interfaces/srv/_lua_cmd.py
[13.539s] -- Symlinking: /home/masterthesis/kaixi_crospi_ws/install/crospi_interfaces/local/lib/python3.10/dist-packages/crospi_interfaces/srv/_lua_cmd_s.c
[13.546s] -- Symlinking: /home/masterthesis/kaixi_crospi_ws/install/crospi_interfaces/local/lib/python3.10/dist-packages/crospi_interfaces/srv/_task_specification_file.py
[13.553s] -- Symlinking: /home/masterthesis/kaixi_crospi_ws/install/crospi_interfaces/local/lib/python3.10/dist-packages/crospi_interfaces/srv/_task_specification_file_s.c
[13.560s] -- Symlinking: /home/masterthesis/kaixi_crospi_ws/install/crospi_interfaces/local/lib/python3.10/dist-packages/crospi_interfaces/srv/_task_specification_string.py
[13.567s] -- Symlinking: /home/masterthesis/kaixi_crospi_ws/install/crospi_interfaces/local/lib/python3.10/dist-packages/crospi_interfaces/srv/_task_specification_string_s.c
[13.574s] -- Up-to-date symlink: /home/masterthesis/kaixi_crospi_ws/install/crospi_interfaces/local/lib/python3.10/dist-packages/crospi_interfaces/crospi_interfaces_s__rosidl_typesupport_fastrtps_c.cpython-310-x86_64-linux-gnu.so
[13.574s] -- Up-to-date symlink: /home/masterthesis/kaixi_crospi_ws/install/crospi_interfaces/local/lib/python3.10/dist-packages/crospi_interfaces/crospi_interfaces_s__rosidl_typesupport_introspection_c.cpython-310-x86_64-linux-gnu.so
[13.574s] -- Up-to-date symlink: /home/masterthesis/kaixi_crospi_ws/install/crospi_interfaces/local/lib/python3.10/dist-packages/crospi_interfaces/crospi_interfaces_s__rosidl_typesupport_c.cpython-310-x86_64-linux-gnu.so
[13.574s] -- Symlinking: /home/masterthesis/kaixi_crospi_ws/install/crospi_interfaces/share/ament_index/resource_index/rust_packages/crospi_interfaces
[13.581s] -- Symlinking: /home/masterthesis/kaixi_crospi_ws/install/crospi_interfaces/share/crospi_interfaces/rust/Cargo.toml
[13.588s] -- Symlinking: /home/masterthesis/kaixi_crospi_ws/install/crospi_interfaces/share/crospi_interfaces/rust/build.rs
[13.595s] -- Symlinking: /home/masterthesis/kaixi_crospi_ws/install/crospi_interfaces/share/crospi_interfaces/rust/src/action.rs
[13.602s] -- Symlinking: /home/masterthesis/kaixi_crospi_ws/install/crospi_interfaces/share/crospi_interfaces/rust/src/action/rmw.rs
[13.609s] -- Symlinking: /home/masterthesis/kaixi_crospi_ws/install/crospi_interfaces/share/crospi_interfaces/rust/src/lib.rs
[13.615s] -- Symlinking: /home/masterthesis/kaixi_crospi_ws/install/crospi_interfaces/share/crospi_interfaces/rust/src/msg.rs
[13.622s] -- Symlinking: /home/masterthesis/kaixi_crospi_ws/install/crospi_interfaces/share/crospi_interfaces/rust/src/msg/rmw.rs
[13.629s] -- Symlinking: /home/masterthesis/kaixi_crospi_ws/install/crospi_interfaces/share/crospi_interfaces/rust/src/srv.rs
[13.636s] -- Symlinking: /home/masterthesis/kaixi_crospi_ws/install/crospi_interfaces/share/crospi_interfaces/rust/src/srv/rmw.rs
[13.643s] -- Symlinking: /home/masterthesis/kaixi_crospi_ws/install/crospi_interfaces/share/crospi_interfaces/msg/Output.idl
[13.650s] -- Symlinking: /home/masterthesis/kaixi_crospi_ws/install/crospi_interfaces/share/crospi_interfaces/msg/OutputDerivatives.idl
[13.656s] -- Symlinking: /home/masterthesis/kaixi_crospi_ws/install/crospi_interfaces/share/crospi_interfaces/srv/LuaCmd.idl
[13.663s] -- Symlinking: /home/masterthesis/kaixi_crospi_ws/install/crospi_interfaces/share/crospi_interfaces/action/RunTask.idl
[13.670s] -- Symlinking: /home/masterthesis/kaixi_crospi_ws/install/crospi_interfaces/share/crospi_interfaces/msg/TaskParameters.idl
[13.677s] -- Symlinking: /home/masterthesis/kaixi_crospi_ws/install/crospi_interfaces/share/crospi_interfaces/msg/PoseParameters.idl
[13.684s] -- Symlinking: /home/masterthesis/kaixi_crospi_ws/install/crospi_interfaces/share/crospi_interfaces/msg/Vector3Parameters.idl
[13.691s] -- Symlinking: /home/masterthesis/kaixi_crospi_ws/install/crospi_interfaces/share/crospi_interfaces/msg/NumberParameters.idl
[13.698s] -- Symlinking: /home/masterthesis/kaixi_crospi_ws/install/crospi_interfaces/share/crospi_interfaces/msg/ReturnValue.idl
[13.705s] -- Symlinking: /home/masterthesis/kaixi_crospi_ws/install/crospi_interfaces/share/crospi_interfaces/msg/Input.idl
[13.712s] -- Symlinking: /home/masterthesis/kaixi_crospi_ws/install/crospi_interfaces/share/crospi_interfaces/msg/Test.idl
[13.718s] -- Symlinking: /home/masterthesis/kaixi_crospi_ws/install/crospi_interfaces/share/crospi_interfaces/srv/TaskSpecificationString.idl
[13.725s] -- Symlinking: /home/masterthesis/kaixi_crospi_ws/install/crospi_interfaces/share/crospi_interfaces/srv/TaskSpecificationFile.idl
[13.733s] -- Symlinking: /home/masterthesis/kaixi_crospi_ws/install/crospi_interfaces/share/crospi_interfaces/msg/Output.msg
[13.740s] -- Symlinking: /home/masterthesis/kaixi_crospi_ws/install/crospi_interfaces/share/crospi_interfaces/msg/OutputDerivatives.msg
[13.747s] -- Symlinking: /home/masterthesis/kaixi_crospi_ws/install/crospi_interfaces/share/crospi_interfaces/srv/LuaCmd.srv
[13.754s] -- Symlinking: /home/masterthesis/kaixi_crospi_ws/install/crospi_interfaces/share/crospi_interfaces/srv/LuaCmd_Request.msg
[13.761s] -- Symlinking: /home/masterthesis/kaixi_crospi_ws/install/crospi_interfaces/share/crospi_interfaces/srv/LuaCmd_Response.msg
[13.768s] -- Symlinking: /home/masterthesis/kaixi_crospi_ws/install/crospi_interfaces/share/crospi_interfaces/action/RunTask.action
[13.775s] -- Symlinking: /home/masterthesis/kaixi_crospi_ws/install/crospi_interfaces/share/crospi_interfaces/msg/TaskParameters.msg
[13.781s] -- Symlinking: /home/masterthesis/kaixi_crospi_ws/install/crospi_interfaces/share/crospi_interfaces/msg/PoseParameters.msg
[13.788s] -- Symlinking: /home/masterthesis/kaixi_crospi_ws/install/crospi_interfaces/share/crospi_interfaces/msg/Vector3Parameters.msg
[13.795s] -- Symlinking: /home/masterthesis/kaixi_crospi_ws/install/crospi_interfaces/share/crospi_interfaces/msg/NumberParameters.msg
[13.802s] -- Symlinking: /home/masterthesis/kaixi_crospi_ws/install/crospi_interfaces/share/crospi_interfaces/msg/ReturnValue.msg
[13.809s] -- Symlinking: /home/masterthesis/kaixi_crospi_ws/install/crospi_interfaces/share/crospi_interfaces/msg/Input.msg
[13.816s] -- Symlinking: /home/masterthesis/kaixi_crospi_ws/install/crospi_interfaces/share/crospi_interfaces/msg/Test.msg
[13.823s] -- Symlinking: /home/masterthesis/kaixi_crospi_ws/install/crospi_interfaces/share/crospi_interfaces/srv/TaskSpecificationString.srv
[13.830s] -- Symlinking: /home/masterthesis/kaixi_crospi_ws/install/crospi_interfaces/share/crospi_interfaces/srv/TaskSpecificationString_Request.msg
[13.837s] -- Symlinking: /home/masterthesis/kaixi_crospi_ws/install/crospi_interfaces/share/crospi_interfaces/srv/TaskSpecificationString_Response.msg
[13.844s] -- Symlinking: /home/masterthesis/kaixi_crospi_ws/install/crospi_interfaces/share/crospi_interfaces/srv/TaskSpecificationFile.srv
[13.851s] -- Symlinking: /home/masterthesis/kaixi_crospi_ws/install/crospi_interfaces/share/crospi_interfaces/srv/TaskSpecificationFile_Request.msg
[13.859s] -- Symlinking: /home/masterthesis/kaixi_crospi_ws/install/crospi_interfaces/share/crospi_interfaces/srv/TaskSpecificationFile_Response.msg
[13.867s] -- Symlinking: /home/masterthesis/kaixi_crospi_ws/install/crospi_interfaces/share/ament_index/resource_index/package_run_dependencies/crospi_interfaces
[13.874s] -- Symlinking: /home/masterthesis/kaixi_crospi_ws/install/crospi_interfaces/share/ament_index/resource_index/parent_prefix_path/crospi_interfaces
[13.881s] -- Symlinking: /home/masterthesis/kaixi_crospi_ws/install/crospi_interfaces/share/crospi_interfaces/environment/ament_prefix_path.sh
[13.889s] -- Symlinking: /home/masterthesis/kaixi_crospi_ws/install/crospi_interfaces/share/crospi_interfaces/environment/ament_prefix_path.dsv
[13.896s] -- Symlinking: /home/masterthesis/kaixi_crospi_ws/install/crospi_interfaces/share/crospi_interfaces/environment/path.sh
[13.903s] -- Symlinking: /home/masterthesis/kaixi_crospi_ws/install/crospi_interfaces/share/crospi_interfaces/environment/path.dsv
[13.909s] -- Symlinking: /home/masterthesis/kaixi_crospi_ws/install/crospi_interfaces/share/crospi_interfaces/local_setup.bash
[13.916s] -- Symlinking: /home/masterthesis/kaixi_crospi_ws/install/crospi_interfaces/share/crospi_interfaces/local_setup.sh
[13.922s] -- Symlinking: /home/masterthesis/kaixi_crospi_ws/install/crospi_interfaces/share/crospi_interfaces/local_setup.zsh
[13.929s] -- Symlinking: /home/masterthesis/kaixi_crospi_ws/install/crospi_interfaces/share/crospi_interfaces/local_setup.dsv
[13.936s] -- Symlinking: /home/masterthesis/kaixi_crospi_ws/install/crospi_interfaces/share/crospi_interfaces/package.dsv
[13.943s] -- Symlinking: /home/masterthesis/kaixi_crospi_ws/install/crospi_interfaces/share/ament_index/resource_index/packages/crospi_interfaces
[13.950s] -- Symlinking: /home/masterthesis/kaixi_crospi_ws/install/crospi_interfaces/share/crospi_interfaces/cmake/rosidl_cmake-extras.cmake
[13.957s] -- Symlinking: /home/masterthesis/kaixi_crospi_ws/install/crospi_interfaces/share/crospi_interfaces/cmake/ament_cmake_export_dependencies-extras.cmake
[13.964s] -- Symlinking: /home/masterthesis/kaixi_crospi_ws/install/crospi_interfaces/share/crospi_interfaces/cmake/ament_cmake_export_include_directories-extras.cmake
[13.971s] -- Symlinking: /home/masterthesis/kaixi_crospi_ws/install/crospi_interfaces/share/crospi_interfaces/cmake/ament_cmake_export_libraries-extras.cmake
[13.977s] -- Symlinking: /home/masterthesis/kaixi_crospi_ws/install/crospi_interfaces/share/crospi_interfaces/cmake/ament_cmake_export_targets-extras.cmake
[13.984s] -- Symlinking: /home/masterthesis/kaixi_crospi_ws/install/crospi_interfaces/share/crospi_interfaces/cmake/rosidl_cmake_export_typesupport_targets-extras.cmake
[13.991s] -- Symlinking: /home/masterthesis/kaixi_crospi_ws/install/crospi_interfaces/share/crospi_interfaces/cmake/rosidl_cmake_export_typesupport_libraries-extras.cmake
[13.998s] -- Symlinking: /home/masterthesis/kaixi_crospi_ws/install/crospi_interfaces/share/crospi_interfaces/cmake/crospi_interfacesConfig.cmake
[14.004s] -- Symlinking: /home/masterthesis/kaixi_crospi_ws/install/crospi_interfaces/share/crospi_interfaces/cmake/crospi_interfacesConfig-version.cmake
[14.011s] -- Symlinking: /home/masterthesis/kaixi_crospi_ws/install/crospi_interfaces/share/crospi_interfaces/package.xml
[14.018s] -- Installing: /home/masterthesis/kaixi_crospi_ws/install/crospi_interfaces/lib/libcrospi_interfaces__rosidl_generator_c.so
[14.018s] -- Set runtime path of "/home/masterthesis/kaixi_crospi_ws/install/crospi_interfaces/lib/libcrospi_interfaces__rosidl_generator_c.so" to ""
[14.018s] -- Installing: /home/masterthesis/kaixi_crospi_ws/install/crospi_interfaces/lib/libcrospi_interfaces__rosidl_typesupport_fastrtps_c.so
[14.018s] -- Set runtime path of "/home/masterthesis/kaixi_crospi_ws/install/crospi_interfaces/lib/libcrospi_interfaces__rosidl_typesupport_fastrtps_c.so" to ""
[14.018s] -- Installing: /home/masterthesis/kaixi_crospi_ws/install/crospi_interfaces/lib/libcrospi_interfaces__rosidl_typesupport_fastrtps_cpp.so
[14.019s] -- Set runtime path of "/home/masterthesis/kaixi_crospi_ws/install/crospi_interfaces/lib/libcrospi_interfaces__rosidl_typesupport_fastrtps_cpp.so" to ""
[14.019s] -- Installing: /home/masterthesis/kaixi_crospi_ws/install/crospi_interfaces/lib/libcrospi_interfaces__rosidl_typesupport_introspection_c.so
[14.019s] -- Set runtime path of "/home/masterthesis/kaixi_crospi_ws/install/crospi_interfaces/lib/libcrospi_interfaces__rosidl_typesupport_introspection_c.so" to ""
[14.019s] -- Installing: /home/masterthesis/kaixi_crospi_ws/install/crospi_interfaces/lib/libcrospi_interfaces__rosidl_typesupport_c.so
[14.019s] -- Set runtime path of "/home/masterthesis/kaixi_crospi_ws/install/crospi_interfaces/lib/libcrospi_interfaces__rosidl_typesupport_c.so" to ""
[14.019s] -- Installing: /home/masterthesis/kaixi_crospi_ws/install/crospi_interfaces/lib/libcrospi_interfaces__rosidl_typesupport_introspection_cpp.so
[14.020s] -- Set runtime path of "/home/masterthesis/kaixi_crospi_ws/install/crospi_interfaces/lib/libcrospi_interfaces__rosidl_typesupport_introspection_cpp.so" to ""
[14.020s] -- Installing: /home/masterthesis/kaixi_crospi_ws/install/crospi_interfaces/lib/libcrospi_interfaces__rosidl_typesupport_cpp.so
[14.020s] -- Set runtime path of "/home/masterthesis/kaixi_crospi_ws/install/crospi_interfaces/lib/libcrospi_interfaces__rosidl_typesupport_cpp.so" to ""
[14.065s] Listing '/home/masterthesis/kaixi_crospi_ws/install/crospi_interfaces/local/lib/python3.10/dist-packages/crospi_interfaces'...
[14.065s] Compiling '/home/masterthesis/kaixi_crospi_ws/install/crospi_interfaces/local/lib/python3.10/dist-packages/crospi_interfaces/__init__.py'...
[14.065s] Listing '/home/masterthesis/kaixi_crospi_ws/install/crospi_interfaces/local/lib/python3.10/dist-packages/crospi_interfaces/action'...
[14.065s] Compiling '/home/masterthesis/kaixi_crospi_ws/install/crospi_interfaces/local/lib/python3.10/dist-packages/crospi_interfaces/action/__init__.py'...
[14.065s] Compiling '/home/masterthesis/kaixi_crospi_ws/install/crospi_interfaces/local/lib/python3.10/dist-packages/crospi_interfaces/action/_run_task.py'...
[14.066s] Listing '/home/masterthesis/kaixi_crospi_ws/install/crospi_interfaces/local/lib/python3.10/dist-packages/crospi_interfaces/msg'...
[14.066s] Compiling '/home/masterthesis/kaixi_crospi_ws/install/crospi_interfaces/local/lib/python3.10/dist-packages/crospi_interfaces/msg/__init__.py'...
[14.066s] Compiling '/home/masterthesis/kaixi_crospi_ws/install/crospi_interfaces/local/lib/python3.10/dist-packages/crospi_interfaces/msg/_input.py'...
[14.066s] Compiling '/home/masterthesis/kaixi_crospi_ws/install/crospi_interfaces/local/lib/python3.10/dist-packages/crospi_interfaces/msg/_number_parameters.py'...
[14.066s] Compiling '/home/masterthesis/kaixi_crospi_ws/install/crospi_interfaces/local/lib/python3.10/dist-packages/crospi_interfaces/msg/_output.py'...
[14.066s] Compiling '/home/masterthesis/kaixi_crospi_ws/install/crospi_interfaces/local/lib/python3.10/dist-packages/crospi_interfaces/msg/_output_derivatives.py'...
[14.066s] Compiling '/home/masterthesis/kaixi_crospi_ws/install/crospi_interfaces/local/lib/python3.10/dist-packages/crospi_interfaces/msg/_pose_parameters.py'...
[14.066s] Compiling '/home/masterthesis/kaixi_crospi_ws/install/crospi_interfaces/local/lib/python3.10/dist-packages/crospi_interfaces/msg/_return_value.py'...
[14.066s] Compiling '/home/masterthesis/kaixi_crospi_ws/install/crospi_interfaces/local/lib/python3.10/dist-packages/crospi_interfaces/msg/_task_parameters.py'...
[14.066s] Compiling '/home/masterthesis/kaixi_crospi_ws/install/crospi_interfaces/local/lib/python3.10/dist-packages/crospi_interfaces/msg/_test.py'...
[14.066s] Compiling '/home/masterthesis/kaixi_crospi_ws/install/crospi_interfaces/local/lib/python3.10/dist-packages/crospi_interfaces/msg/_vector3_parameters.py'...
[14.066s] Listing '/home/masterthesis/kaixi_crospi_ws/install/crospi_interfaces/local/lib/python3.10/dist-packages/crospi_interfaces/srv'...
[14.066s] Compiling '/home/masterthesis/kaixi_crospi_ws/install/crospi_interfaces/local/lib/python3.10/dist-packages/crospi_interfaces/srv/__init__.py'...
[14.067s] Compiling '/home/masterthesis/kaixi_crospi_ws/install/crospi_interfaces/local/lib/python3.10/dist-packages/crospi_interfaces/srv/_lua_cmd.py'...
[14.067s] Compiling '/home/masterthesis/kaixi_crospi_ws/install/crospi_interfaces/local/lib/python3.10/dist-packages/crospi_interfaces/srv/_task_specification_file.py'...
[14.067s] Compiling '/home/masterthesis/kaixi_crospi_ws/install/crospi_interfaces/local/lib/python3.10/dist-packages/crospi_interfaces/srv/_task_specification_string.py'...
[14.069s] -- Installing: /home/masterthesis/kaixi_crospi_ws/install/crospi_interfaces/lib/libcrospi_interfaces__rosidl_generator_py.so
[14.069s] -- Set runtime path of "/home/masterthesis/kaixi_crospi_ws/install/crospi_interfaces/lib/libcrospi_interfaces__rosidl_generator_py.so" to ""
[14.069s] -- Installing: /home/masterthesis/kaixi_crospi_ws/install/crospi_interfaces/share/crospi_interfaces/cmake/export_crospi_interfaces__rosidl_generator_cExport.cmake
[14.069s] -- Installing: /home/masterthesis/kaixi_crospi_ws/install/crospi_interfaces/share/crospi_interfaces/cmake/export_crospi_interfaces__rosidl_generator_cExport-noconfig.cmake
[14.069s] -- Installing: /home/masterthesis/kaixi_crospi_ws/install/crospi_interfaces/share/crospi_interfaces/cmake/export_crospi_interfaces__rosidl_typesupport_fastrtps_cExport.cmake
[14.070s] -- Installing: /home/masterthesis/kaixi_crospi_ws/install/crospi_interfaces/share/crospi_interfaces/cmake/export_crospi_interfaces__rosidl_typesupport_fastrtps_cExport-noconfig.cmake
[14.070s] -- Installing: /home/masterthesis/kaixi_crospi_ws/install/crospi_interfaces/share/crospi_interfaces/cmake/export_crospi_interfaces__rosidl_generator_cppExport.cmake
[14.070s] -- Installing: /home/masterthesis/kaixi_crospi_ws/install/crospi_interfaces/share/crospi_interfaces/cmake/export_crospi_interfaces__rosidl_typesupport_fastrtps_cppExport.cmake
[14.070s] -- Installing: /home/masterthesis/kaixi_crospi_ws/install/crospi_interfaces/share/crospi_interfaces/cmake/export_crospi_interfaces__rosidl_typesupport_fastrtps_cppExport-noconfig.cmake
[14.070s] -- Installing: /home/masterthesis/kaixi_crospi_ws/install/crospi_interfaces/share/crospi_interfaces/cmake/crospi_interfaces__rosidl_typesupport_introspection_cExport.cmake
[14.070s] -- Installing: /home/masterthesis/kaixi_crospi_ws/install/crospi_interfaces/share/crospi_interfaces/cmake/crospi_interfaces__rosidl_typesupport_introspection_cExport-noconfig.cmake
[14.070s] -- Installing: /home/masterthesis/kaixi_crospi_ws/install/crospi_interfaces/share/crospi_interfaces/cmake/crospi_interfaces__rosidl_typesupport_cExport.cmake
[14.070s] -- Installing: /home/masterthesis/kaixi_crospi_ws/install/crospi_interfaces/share/crospi_interfaces/cmake/crospi_interfaces__rosidl_typesupport_cExport-noconfig.cmake
[14.070s] -- Installing: /home/masterthesis/kaixi_crospi_ws/install/crospi_interfaces/share/crospi_interfaces/cmake/crospi_interfaces__rosidl_typesupport_introspection_cppExport.cmake
[14.071s] -- Installing: /home/masterthesis/kaixi_crospi_ws/install/crospi_interfaces/share/crospi_interfaces/cmake/crospi_interfaces__rosidl_typesupport_introspection_cppExport-noconfig.cmake
[14.071s] -- Installing: /home/masterthesis/kaixi_crospi_ws/install/crospi_interfaces/share/crospi_interfaces/cmake/crospi_interfaces__rosidl_typesupport_cppExport.cmake
[14.071s] -- Installing: /home/masterthesis/kaixi_crospi_ws/install/crospi_interfaces/share/crospi_interfaces/cmake/crospi_interfaces__rosidl_typesupport_cppExport-noconfig.cmake
[14.071s] -- Installing: /home/masterthesis/kaixi_crospi_ws/install/crospi_interfaces/share/crospi_interfaces/cmake/export_crospi_interfaces__rosidl_generator_pyExport.cmake
[14.071s] -- Installing: /home/masterthesis/kaixi_crospi_ws/install/crospi_interfaces/share/crospi_interfaces/cmake/export_crospi_interfaces__rosidl_generator_pyExport-noconfig.cmake
[14.073s] Invoked command in '/home/masterthesis/kaixi_crospi_ws/build/crospi_interfaces' returned '0': CMAKE_PREFIX_PATH=/home/masterthesis/workspaces_ros2/kaixi_ws/install/ur_description:/home/masterthesis/workspaces_ros2/kaixi_ws/install/trossen_arm_ros:/home/masterthesis/workspaces_ros2/kaixi_ws/install/trossen_arm_moveit:/home/masterthesis/workspaces_ros2/kaixi_ws/install/trossen_arm_controllers:/home/masterthesis/workspaces_ros2/kaixi_ws/install/trossen_arm_bringup:/home/masterthesis/workspaces_ros2/kaixi_ws/install/trossen_arm_hardware:/home/masterthesis/workspaces_ros2/kaixi_ws/install/trossen_arm_description:/opt/ros2_crospi_ws/install/betfsm_demos:/opt/ros2_crospi_ws/install/betfsm:/opt/ros/humble:/home/masterthesis/workspaces_ros2/kaixi_ws/install/libtrossen_arm:/home/masterthesis/workspaces_ros2/kaixi_ws/install/crospi_application_template:/opt/ros2_crospi_ws/install/template_driver_crospi:/opt/ros2_crospi_ws/install/crospi_default_plugins:/opt/ros2_crospi_ws/install/crospi_core:/opt/ros2_crospi_ws/install/etasl_wrapper:/opt/ros2_crospi_ws/install/crospi_interfaces:/opt/ros2_crospi_ws/install/betfsm_interfaces /usr/bin/cmake --install /home/masterthesis/kaixi_crospi_ws/build/crospi_interfaces
