[0.020s] Invoking command in '/home/masterthesis/kaixi_crospi_ws/build/widowx_etasl': CMAKE_PREFIX_PATH=${CMAKE_PREFIX_PATH}:/opt/ros2_crospi_ws/install/betfsm_demos:/opt/ros2_crospi_ws/install/betfsm:/opt/ros/humble /usr/bin/cmake --build /home/masterthesis/kaixi_crospi_ws/build/widowx_etasl -- -j16 -l16
[0.036s] -- Found ament_cmake: 1.3.14 (/opt/ros/humble/share/ament_cmake/cmake)
[0.140s] -- Override CMake install command with custom implementation using symlinks instead of copying resources
[0.225s] -- Configuring done
[0.227s] -- Generating done
[0.229s] -- Build files have been written to: /home/masterthesis/kaixi_crospi_ws/build/widowx_etasl
[0.245s] Invoked command in '/home/masterthesis/kaixi_crospi_ws/build/widowx_etasl' returned '0': CMAKE_PREFIX_PATH=${CMAKE_PREFIX_PATH}:/opt/ros2_crospi_ws/install/betfsm_demos:/opt/ros2_crospi_ws/install/betfsm:/opt/ros/humble /usr/bin/cmake --build /home/masterthesis/kaixi_crospi_ws/build/widowx_etasl -- -j16 -l16
[0.253s] Invoking command in '/home/masterthesis/kaixi_crospi_ws/build/widowx_etasl': CMAKE_PREFIX_PATH=${CMAKE_PREFIX_PATH}:/opt/ros2_crospi_ws/install/betfsm_demos:/opt/ros2_crospi_ws/install/betfsm:/opt/ros/humble /usr/bin/cmake --install /home/masterthesis/kaixi_crospi_ws/build/widowx_etasl
[0.258s] -- Install configuration: ""
[0.258s] -- Execute custom install script
[0.258s] -- Up-to-date symlink: /home/masterthesis/kaixi_crospi_ws/install/widowx_etasl/share/widowx_etasl/tasks/move_to_target.lua
[0.258s] -- Up-to-date symlink: /home/masterthesis/kaixi_crospi_ws/install/widowx_etasl/share/widowx_etasl/tasks/pick_ball.lua
[0.258s] -- Up-to-date symlink: /home/masterthesis/kaixi_crospi_ws/install/widowx_etasl/share/widowx_etasl/config/widowx_sim.setup.json
[0.259s] -- Up-to-date symlink: /home/masterthesis/kaixi_crospi_ws/install/widowx_etasl/share/widowx_etasl/launch/pick_ball_sim.launch.py
[0.259s] -- Up-to-date symlink: /home/masterthesis/kaixi_crospi_ws/install/widowx_etasl/share/ament_index/resource_index/package_run_dependencies/widowx_etasl
[0.259s] -- Up-to-date symlink: /home/masterthesis/kaixi_crospi_ws/install/widowx_etasl/share/ament_index/resource_index/parent_prefix_path/widowx_etasl
[0.259s] -- Up-to-date symlink: /home/masterthesis/kaixi_crospi_ws/install/widowx_etasl/share/widowx_etasl/environment/ament_prefix_path.sh
[0.259s] -- Up-to-date symlink: /home/masterthesis/kaixi_crospi_ws/install/widowx_etasl/share/widowx_etasl/environment/ament_prefix_path.dsv
[0.259s] -- Up-to-date symlink: /home/masterthesis/kaixi_crospi_ws/install/widowx_etasl/share/widowx_etasl/environment/path.sh
[0.259s] -- Up-to-date symlink: /home/masterthesis/kaixi_crospi_ws/install/widowx_etasl/share/widowx_etasl/environment/path.dsv
[0.260s] -- Up-to-date symlink: /home/masterthesis/kaixi_crospi_ws/install/widowx_etasl/share/widowx_etasl/local_setup.bash
[0.260s] -- Up-to-date symlink: /home/masterthesis/kaixi_crospi_ws/install/widowx_etasl/share/widowx_etasl/local_setup.sh
[0.260s] -- Up-to-date symlink: /home/masterthesis/kaixi_crospi_ws/install/widowx_etasl/share/widowx_etasl/local_setup.zsh
[0.260s] -- Up-to-date symlink: /home/masterthesis/kaixi_crospi_ws/install/widowx_etasl/share/widowx_etasl/local_setup.dsv
[0.260s] -- Symlinking: /home/masterthesis/kaixi_crospi_ws/install/widowx_etasl/share/widowx_etasl/package.dsv
[0.266s] -- Up-to-date symlink: /home/masterthesis/kaixi_crospi_ws/install/widowx_etasl/share/ament_index/resource_index/packages/widowx_etasl
[0.267s] -- Up-to-date symlink: /home/masterthesis/kaixi_crospi_ws/install/widowx_etasl/share/widowx_etasl/cmake/widowx_etaslConfig.cmake
[0.267s] -- Up-to-date symlink: /home/masterthesis/kaixi_crospi_ws/install/widowx_etasl/share/widowx_etasl/cmake/widowx_etaslConfig-version.cmake
[0.267s] -- Up-to-date symlink: /home/masterthesis/kaixi_crospi_ws/install/widowx_etasl/share/widowx_etasl/package.xml
[0.267s] -- Up-to-date: /home/masterthesis/kaixi_crospi_ws/install/widowx_etasl/lib/widowx_etasl/crospi_bridge
[0.267s] -- Up-to-date: /home/masterthesis/kaixi_crospi_ws/install/widowx_etasl/lib/widowx_etasl/crospi_starter
[0.269s] Invoked command in '/home/masterthesis/kaixi_crospi_ws/build/widowx_etasl' returned '0': CMAKE_PREFIX_PATH=${CMAKE_PREFIX_PATH}:/opt/ros2_crospi_ws/install/betfsm_demos:/opt/ros2_crospi_ws/install/betfsm:/opt/ros/humble /usr/bin/cmake --install /home/masterthesis/kaixi_crospi_ws/build/widowx_etasl
